[2026-06-16T23:15:08.450+0000] {processor.py:161} INFO - Started process (PID=74) to work on /home/airflow/.local/lib/python3.12/site-packages/airflow/example_dags/example_setup_teardown.py
[2026-06-16T23:15:08.451+0000] {processor.py:830} INFO - Processing file /home/airflow/.local/lib/python3.12/site-packages/airflow/example_dags/example_setup_teardown.py for tasks to queue
[2026-06-16T23:15:08.453+0000] {logging_mixin.py:188} INFO - [2026-06-16T23:15:08.453+0000] {dagbag.py:545} INFO - Filling up the DagBag from /home/airflow/.local/lib/python3.12/site-packages/airflow/example_dags/example_setup_teardown.py
[2026-06-16T23:15:08.461+0000] {processor.py:840} INFO - DAG(s) 'example_setup_teardown' retrieved from /home/airflow/.local/lib/python3.12/site-packages/airflow/example_dags/example_setup_teardown.py
[2026-06-16T23:15:08.496+0000] {logging_mixin.py:188} INFO - [2026-06-16T23:15:08.496+0000] {dag.py:3089} INFO - Sync 1 DAGs
[2026-06-16T23:15:08.577+0000] {logging_mixin.py:188} INFO - [2026-06-16T23:15:08.577+0000] {dag.py:3947} INFO - Setting next_dagrun for example_setup_teardown to 2026-06-15 00:00:00+00:00, run_after=2026-06-16 00:00:00+00:00
[2026-06-16T23:15:08.675+0000] {processor.py:183} INFO - Processing /home/airflow/.local/lib/python3.12/site-packages/airflow/example_dags/example_setup_teardown.py took 0.232 seconds
[2026-06-16T23:15:39.254+0000] {processor.py:161} INFO - Started process (PID=131) to work on /home/airflow/.local/lib/python3.12/site-packages/airflow/example_dags/example_setup_teardown.py
[2026-06-16T23:15:39.255+0000] {processor.py:830} INFO - Processing file /home/airflow/.local/lib/python3.12/site-packages/airflow/example_dags/example_setup_teardown.py for tasks to queue
[2026-06-16T23:15:39.256+0000] {logging_mixin.py:188} INFO - [2026-06-16T23:15:39.256+0000] {dagbag.py:545} INFO - Filling up the DagBag from /home/airflow/.local/lib/python3.12/site-packages/airflow/example_dags/example_setup_teardown.py
[2026-06-16T23:15:39.263+0000] {processor.py:840} INFO - DAG(s) 'example_setup_teardown' retrieved from /home/airflow/.local/lib/python3.12/site-packages/airflow/example_dags/example_setup_teardown.py
[2026-06-16T23:15:39.283+0000] {logging_mixin.py:188} INFO - [2026-06-16T23:15:39.283+0000] {dag.py:3089} INFO - Sync 1 DAGs
[2026-06-16T23:15:39.301+0000] {logging_mixin.py:188} INFO - [2026-06-16T23:15:39.301+0000] {dag.py:3947} INFO - Setting next_dagrun for example_setup_teardown to 2026-06-15 00:00:00+00:00, run_after=2026-06-16 00:00:00+00:00
[2026-06-16T23:15:39.316+0000] {processor.py:183} INFO - Processing /home/airflow/.local/lib/python3.12/site-packages/airflow/example_dags/example_setup_teardown.py took 0.068 seconds
[2026-06-16T23:16:09.740+0000] {processor.py:161} INFO - Started process (PID=189) to work on /home/airflow/.local/lib/python3.12/site-packages/airflow/example_dags/example_setup_teardown.py
[2026-06-16T23:16:09.740+0000] {processor.py:830} INFO - Processing file /home/airflow/.local/lib/python3.12/site-packages/airflow/example_dags/example_setup_teardown.py for tasks to queue
[2026-06-16T23:16:09.743+0000] {logging_mixin.py:188} INFO - [2026-06-16T23:16:09.742+0000] {dagbag.py:545} INFO - Filling up the DagBag from /home/airflow/.local/lib/python3.12/site-packages/airflow/example_dags/example_setup_teardown.py
[2026-06-16T23:16:09.750+0000] {processor.py:840} INFO - DAG(s) 'example_setup_teardown' retrieved from /home/airflow/.local/lib/python3.12/site-packages/airflow/example_dags/example_setup_teardown.py
[2026-06-16T23:16:09.776+0000] {logging_mixin.py:188} INFO - [2026-06-16T23:16:09.775+0000] {dag.py:3089} INFO - Sync 1 DAGs
[2026-06-16T23:16:09.804+0000] {logging_mixin.py:188} INFO - [2026-06-16T23:16:09.804+0000] {dag.py:3947} INFO - Setting next_dagrun for example_setup_teardown to 2026-06-15 00:00:00+00:00, run_after=2026-06-16 00:00:00+00:00
[2026-06-16T23:16:09.824+0000] {processor.py:183} INFO - Processing /home/airflow/.local/lib/python3.12/site-packages/airflow/example_dags/example_setup_teardown.py took 0.092 seconds
[2026-06-16T23:16:40.756+0000] {processor.py:161} INFO - Started process (PID=247) to work on /home/airflow/.local/lib/python3.12/site-packages/airflow/example_dags/example_setup_teardown.py
[2026-06-16T23:16:40.758+0000] {processor.py:830} INFO - Processing file /home/airflow/.local/lib/python3.12/site-packages/airflow/example_dags/example_setup_teardown.py for tasks to queue
[2026-06-16T23:16:40.761+0000] {logging_mixin.py:188} INFO - [2026-06-16T23:16:40.761+0000] {dagbag.py:545} INFO - Filling up the DagBag from /home/airflow/.local/lib/python3.12/site-packages/airflow/example_dags/example_setup_teardown.py
[2026-06-16T23:16:40.780+0000] {processor.py:840} INFO - DAG(s) 'example_setup_teardown' retrieved from /home/airflow/.local/lib/python3.12/site-packages/airflow/example_dags/example_setup_teardown.py
[2026-06-16T23:16:40.805+0000] {logging_mixin.py:188} INFO - [2026-06-16T23:16:40.805+0000] {dag.py:3089} INFO - Sync 1 DAGs
[2026-06-16T23:16:40.833+0000] {logging_mixin.py:188} INFO - [2026-06-16T23:16:40.832+0000] {dag.py:3947} INFO - Setting next_dagrun for example_setup_teardown to 2026-06-15 00:00:00+00:00, run_after=2026-06-16 00:00:00+00:00
[2026-06-16T23:16:40.852+0000] {processor.py:183} INFO - Processing /home/airflow/.local/lib/python3.12/site-packages/airflow/example_dags/example_setup_teardown.py took 0.112 seconds
[2026-06-16T23:17:11.163+0000] {processor.py:161} INFO - Started process (PID=311) to work on /home/airflow/.local/lib/python3.12/site-packages/airflow/example_dags/example_setup_teardown.py
[2026-06-16T23:17:11.164+0000] {processor.py:830} INFO - Processing file /home/airflow/.local/lib/python3.12/site-packages/airflow/example_dags/example_setup_teardown.py for tasks to queue
[2026-06-16T23:17:11.166+0000] {logging_mixin.py:188} INFO - [2026-06-16T23:17:11.165+0000] {dagbag.py:545} INFO - Filling up the DagBag from /home/airflow/.local/lib/python3.12/site-packages/airflow/example_dags/example_setup_teardown.py
[2026-06-16T23:17:11.174+0000] {processor.py:840} INFO - DAG(s) 'example_setup_teardown' retrieved from /home/airflow/.local/lib/python3.12/site-packages/airflow/example_dags/example_setup_teardown.py
[2026-06-16T23:17:11.198+0000] {logging_mixin.py:188} INFO - [2026-06-16T23:17:11.198+0000] {dag.py:3089} INFO - Sync 1 DAGs
[2026-06-16T23:17:11.226+0000] {logging_mixin.py:188} INFO - [2026-06-16T23:17:11.225+0000] {dag.py:3947} INFO - Setting next_dagrun for example_setup_teardown to 2026-06-15 00:00:00+00:00, run_after=2026-06-16 00:00:00+00:00
[2026-06-16T23:17:11.246+0000] {processor.py:183} INFO - Processing /home/airflow/.local/lib/python3.12/site-packages/airflow/example_dags/example_setup_teardown.py took 0.090 seconds
[2026-06-16T23:17:41.826+0000] {processor.py:161} INFO - Started process (PID=369) to work on /home/airflow/.local/lib/python3.12/site-packages/airflow/example_dags/example_setup_teardown.py
[2026-06-16T23:17:41.826+0000] {processor.py:830} INFO - Processing file /home/airflow/.local/lib/python3.12/site-packages/airflow/example_dags/example_setup_teardown.py for tasks to queue
[2026-06-16T23:17:41.829+0000] {logging_mixin.py:188} INFO - [2026-06-16T23:17:41.828+0000] {dagbag.py:545} INFO - Filling up the DagBag from /home/airflow/.local/lib/python3.12/site-packages/airflow/example_dags/example_setup_teardown.py
[2026-06-16T23:17:41.837+0000] {processor.py:840} INFO - DAG(s) 'example_setup_teardown' retrieved from /home/airflow/.local/lib/python3.12/site-packages/airflow/example_dags/example_setup_teardown.py
[2026-06-16T23:17:41.861+0000] {logging_mixin.py:188} INFO - [2026-06-16T23:17:41.861+0000] {dag.py:3089} INFO - Sync 1 DAGs
[2026-06-16T23:17:41.887+0000] {logging_mixin.py:188} INFO - [2026-06-16T23:17:41.887+0000] {dag.py:3947} INFO - Setting next_dagrun for example_setup_teardown to 2026-06-15 00:00:00+00:00, run_after=2026-06-16 00:00:00+00:00
[2026-06-16T23:17:41.908+0000] {processor.py:183} INFO - Processing /home/airflow/.local/lib/python3.12/site-packages/airflow/example_dags/example_setup_teardown.py took 0.090 seconds
[2026-06-16T23:18:12.762+0000] {processor.py:161} INFO - Started process (PID=427) to work on /home/airflow/.local/lib/python3.12/site-packages/airflow/example_dags/example_setup_teardown.py
[2026-06-16T23:18:12.764+0000] {processor.py:830} INFO - Processing file /home/airflow/.local/lib/python3.12/site-packages/airflow/example_dags/example_setup_teardown.py for tasks to queue
[2026-06-16T23:18:12.775+0000] {logging_mixin.py:188} INFO - [2026-06-16T23:18:12.775+0000] {dagbag.py:545} INFO - Filling up the DagBag from /home/airflow/.local/lib/python3.12/site-packages/airflow/example_dags/example_setup_teardown.py
[2026-06-16T23:18:12.791+0000] {processor.py:840} INFO - DAG(s) 'example_setup_teardown' retrieved from /home/airflow/.local/lib/python3.12/site-packages/airflow/example_dags/example_setup_teardown.py
[2026-06-16T23:18:12.815+0000] {logging_mixin.py:188} INFO - [2026-06-16T23:18:12.815+0000] {dag.py:3089} INFO - Sync 1 DAGs
[2026-06-16T23:18:12.841+0000] {logging_mixin.py:188} INFO - [2026-06-16T23:18:12.841+0000] {dag.py:3947} INFO - Setting next_dagrun for example_setup_teardown to 2026-06-15 00:00:00+00:00, run_after=2026-06-16 00:00:00+00:00
[2026-06-16T23:18:12.862+0000] {processor.py:183} INFO - Processing /home/airflow/.local/lib/python3.12/site-packages/airflow/example_dags/example_setup_teardown.py took 0.119 seconds
[2026-06-16T23:18:44.233+0000] {processor.py:161} INFO - Started process (PID=485) to work on /home/airflow/.local/lib/python3.12/site-packages/airflow/example_dags/example_setup_teardown.py
[2026-06-16T23:18:44.236+0000] {processor.py:830} INFO - Processing file /home/airflow/.local/lib/python3.12/site-packages/airflow/example_dags/example_setup_teardown.py for tasks to queue
[2026-06-16T23:18:44.239+0000] {logging_mixin.py:188} INFO - [2026-06-16T23:18:44.238+0000] {dagbag.py:545} INFO - Filling up the DagBag from /home/airflow/.local/lib/python3.12/site-packages/airflow/example_dags/example_setup_teardown.py
[2026-06-16T23:18:44.285+0000] {processor.py:840} INFO - DAG(s) 'example_setup_teardown' retrieved from /home/airflow/.local/lib/python3.12/site-packages/airflow/example_dags/example_setup_teardown.py
[2026-06-16T23:18:44.372+0000] {logging_mixin.py:188} INFO - [2026-06-16T23:18:44.372+0000] {dag.py:3089} INFO - Sync 1 DAGs
[2026-06-16T23:18:44.474+0000] {logging_mixin.py:188} INFO - [2026-06-16T23:18:44.471+0000] {dag.py:3947} INFO - Setting next_dagrun for example_setup_teardown to 2026-06-15 00:00:00+00:00, run_after=2026-06-16 00:00:00+00:00
[2026-06-16T23:18:44.556+0000] {processor.py:183} INFO - Processing /home/airflow/.local/lib/python3.12/site-packages/airflow/example_dags/example_setup_teardown.py took 0.343 seconds
[2026-06-16T23:19:15.229+0000] {processor.py:161} INFO - Started process (PID=543) to work on /home/airflow/.local/lib/python3.12/site-packages/airflow/example_dags/example_setup_teardown.py
[2026-06-16T23:19:15.230+0000] {processor.py:830} INFO - Processing file /home/airflow/.local/lib/python3.12/site-packages/airflow/example_dags/example_setup_teardown.py for tasks to queue
[2026-06-16T23:19:15.232+0000] {logging_mixin.py:188} INFO - [2026-06-16T23:19:15.232+0000] {dagbag.py:545} INFO - Filling up the DagBag from /home/airflow/.local/lib/python3.12/site-packages/airflow/example_dags/example_setup_teardown.py
[2026-06-16T23:19:15.240+0000] {processor.py:840} INFO - DAG(s) 'example_setup_teardown' retrieved from /home/airflow/.local/lib/python3.12/site-packages/airflow/example_dags/example_setup_teardown.py
[2026-06-16T23:19:15.263+0000] {logging_mixin.py:188} INFO - [2026-06-16T23:19:15.262+0000] {dag.py:3089} INFO - Sync 1 DAGs
[2026-06-16T23:19:15.289+0000] {logging_mixin.py:188} INFO - [2026-06-16T23:19:15.289+0000] {dag.py:3947} INFO - Setting next_dagrun for example_setup_teardown to 2026-06-15 00:00:00+00:00, run_after=2026-06-16 00:00:00+00:00
[2026-06-16T23:19:15.310+0000] {processor.py:183} INFO - Processing /home/airflow/.local/lib/python3.12/site-packages/airflow/example_dags/example_setup_teardown.py took 0.088 seconds
[2026-06-16T23:19:45.816+0000] {processor.py:161} INFO - Started process (PID=601) to work on /home/airflow/.local/lib/python3.12/site-packages/airflow/example_dags/example_setup_teardown.py
[2026-06-16T23:19:45.817+0000] {processor.py:830} INFO - Processing file /home/airflow/.local/lib/python3.12/site-packages/airflow/example_dags/example_setup_teardown.py for tasks to queue
[2026-06-16T23:19:45.820+0000] {logging_mixin.py:188} INFO - [2026-06-16T23:19:45.819+0000] {dagbag.py:545} INFO - Filling up the DagBag from /home/airflow/.local/lib/python3.12/site-packages/airflow/example_dags/example_setup_teardown.py
[2026-06-16T23:19:45.827+0000] {processor.py:840} INFO - DAG(s) 'example_setup_teardown' retrieved from /home/airflow/.local/lib/python3.12/site-packages/airflow/example_dags/example_setup_teardown.py
[2026-06-16T23:19:45.851+0000] {logging_mixin.py:188} INFO - [2026-06-16T23:19:45.850+0000] {dag.py:3089} INFO - Sync 1 DAGs
[2026-06-16T23:19:45.881+0000] {logging_mixin.py:188} INFO - [2026-06-16T23:19:45.880+0000] {dag.py:3947} INFO - Setting next_dagrun for example_setup_teardown to 2026-06-15 00:00:00+00:00, run_after=2026-06-16 00:00:00+00:00
[2026-06-16T23:19:45.901+0000] {processor.py:183} INFO - Processing /home/airflow/.local/lib/python3.12/site-packages/airflow/example_dags/example_setup_teardown.py took 0.093 seconds
[2026-06-16T23:20:16.138+0000] {processor.py:161} INFO - Started process (PID=659) to work on /home/airflow/.local/lib/python3.12/site-packages/airflow/example_dags/example_setup_teardown.py
[2026-06-16T23:20:16.139+0000] {processor.py:830} INFO - Processing file /home/airflow/.local/lib/python3.12/site-packages/airflow/example_dags/example_setup_teardown.py for tasks to queue
[2026-06-16T23:20:16.141+0000] {logging_mixin.py:188} INFO - [2026-06-16T23:20:16.141+0000] {dagbag.py:545} INFO - Filling up the DagBag from /home/airflow/.local/lib/python3.12/site-packages/airflow/example_dags/example_setup_teardown.py
[2026-06-16T23:20:16.149+0000] {processor.py:840} INFO - DAG(s) 'example_setup_teardown' retrieved from /home/airflow/.local/lib/python3.12/site-packages/airflow/example_dags/example_setup_teardown.py
[2026-06-16T23:20:16.173+0000] {logging_mixin.py:188} INFO - [2026-06-16T23:20:16.173+0000] {dag.py:3089} INFO - Sync 1 DAGs
[2026-06-16T23:20:16.199+0000] {logging_mixin.py:188} INFO - [2026-06-16T23:20:16.199+0000] {dag.py:3947} INFO - Setting next_dagrun for example_setup_teardown to 2026-06-15 00:00:00+00:00, run_after=2026-06-16 00:00:00+00:00
[2026-06-16T23:20:16.220+0000] {processor.py:183} INFO - Processing /home/airflow/.local/lib/python3.12/site-packages/airflow/example_dags/example_setup_teardown.py took 0.088 seconds
[2026-06-16T23:20:46.276+0000] {processor.py:161} INFO - Started process (PID=716) to work on /home/airflow/.local/lib/python3.12/site-packages/airflow/example_dags/example_setup_teardown.py
[2026-06-16T23:20:46.277+0000] {processor.py:830} INFO - Processing file /home/airflow/.local/lib/python3.12/site-packages/airflow/example_dags/example_setup_teardown.py for tasks to queue
[2026-06-16T23:20:46.279+0000] {logging_mixin.py:188} INFO - [2026-06-16T23:20:46.279+0000] {dagbag.py:545} INFO - Filling up the DagBag from /home/airflow/.local/lib/python3.12/site-packages/airflow/example_dags/example_setup_teardown.py
[2026-06-16T23:20:46.287+0000] {processor.py:840} INFO - DAG(s) 'example_setup_teardown' retrieved from /home/airflow/.local/lib/python3.12/site-packages/airflow/example_dags/example_setup_teardown.py
[2026-06-16T23:20:46.311+0000] {logging_mixin.py:188} INFO - [2026-06-16T23:20:46.310+0000] {dag.py:3089} INFO - Sync 1 DAGs
[2026-06-16T23:20:46.341+0000] {logging_mixin.py:188} INFO - [2026-06-16T23:20:46.341+0000] {dag.py:3947} INFO - Setting next_dagrun for example_setup_teardown to 2026-06-15 00:00:00+00:00, run_after=2026-06-16 00:00:00+00:00
[2026-06-16T23:20:46.362+0000] {processor.py:183} INFO - Processing /home/airflow/.local/lib/python3.12/site-packages/airflow/example_dags/example_setup_teardown.py took 0.092 seconds
[2026-06-16T23:21:16.556+0000] {processor.py:161} INFO - Started process (PID=774) to work on /home/airflow/.local/lib/python3.12/site-packages/airflow/example_dags/example_setup_teardown.py
[2026-06-16T23:21:16.557+0000] {processor.py:830} INFO - Processing file /home/airflow/.local/lib/python3.12/site-packages/airflow/example_dags/example_setup_teardown.py for tasks to queue
[2026-06-16T23:21:16.559+0000] {logging_mixin.py:188} INFO - [2026-06-16T23:21:16.559+0000] {dagbag.py:545} INFO - Filling up the DagBag from /home/airflow/.local/lib/python3.12/site-packages/airflow/example_dags/example_setup_teardown.py
[2026-06-16T23:21:16.567+0000] {processor.py:840} INFO - DAG(s) 'example_setup_teardown' retrieved from /home/airflow/.local/lib/python3.12/site-packages/airflow/example_dags/example_setup_teardown.py
[2026-06-16T23:21:16.593+0000] {logging_mixin.py:188} INFO - [2026-06-16T23:21:16.592+0000] {dag.py:3089} INFO - Sync 1 DAGs
[2026-06-16T23:21:16.623+0000] {logging_mixin.py:188} INFO - [2026-06-16T23:21:16.623+0000] {dag.py:3947} INFO - Setting next_dagrun for example_setup_teardown to 2026-06-15 00:00:00+00:00, run_after=2026-06-16 00:00:00+00:00
[2026-06-16T23:21:16.643+0000] {processor.py:183} INFO - Processing /home/airflow/.local/lib/python3.12/site-packages/airflow/example_dags/example_setup_teardown.py took 0.094 seconds
[2026-06-16T23:21:46.821+0000] {processor.py:161} INFO - Started process (PID=832) to work on /home/airflow/.local/lib/python3.12/site-packages/airflow/example_dags/example_setup_teardown.py
[2026-06-16T23:21:46.822+0000] {processor.py:830} INFO - Processing file /home/airflow/.local/lib/python3.12/site-packages/airflow/example_dags/example_setup_teardown.py for tasks to queue
[2026-06-16T23:21:46.824+0000] {logging_mixin.py:188} INFO - [2026-06-16T23:21:46.824+0000] {dagbag.py:545} INFO - Filling up the DagBag from /home/airflow/.local/lib/python3.12/site-packages/airflow/example_dags/example_setup_teardown.py
[2026-06-16T23:21:46.832+0000] {processor.py:840} INFO - DAG(s) 'example_setup_teardown' retrieved from /home/airflow/.local/lib/python3.12/site-packages/airflow/example_dags/example_setup_teardown.py
[2026-06-16T23:21:46.855+0000] {logging_mixin.py:188} INFO - [2026-06-16T23:21:46.855+0000] {dag.py:3089} INFO - Sync 1 DAGs
[2026-06-16T23:21:46.884+0000] {logging_mixin.py:188} INFO - [2026-06-16T23:21:46.884+0000] {dag.py:3947} INFO - Setting next_dagrun for example_setup_teardown to 2026-06-15 00:00:00+00:00, run_after=2026-06-16 00:00:00+00:00
[2026-06-16T23:21:46.913+0000] {processor.py:183} INFO - Processing /home/airflow/.local/lib/python3.12/site-packages/airflow/example_dags/example_setup_teardown.py took 0.099 seconds
[2026-06-16T23:22:17.053+0000] {processor.py:161} INFO - Started process (PID=890) to work on /home/airflow/.local/lib/python3.12/site-packages/airflow/example_dags/example_setup_teardown.py
[2026-06-16T23:22:17.055+0000] {processor.py:830} INFO - Processing file /home/airflow/.local/lib/python3.12/site-packages/airflow/example_dags/example_setup_teardown.py for tasks to queue
[2026-06-16T23:22:17.062+0000] {logging_mixin.py:188} INFO - [2026-06-16T23:22:17.058+0000] {dagbag.py:545} INFO - Filling up the DagBag from /home/airflow/.local/lib/python3.12/site-packages/airflow/example_dags/example_setup_teardown.py
[2026-06-16T23:22:17.078+0000] {processor.py:840} INFO - DAG(s) 'example_setup_teardown' retrieved from /home/airflow/.local/lib/python3.12/site-packages/airflow/example_dags/example_setup_teardown.py
[2026-06-16T23:22:17.154+0000] {logging_mixin.py:188} INFO - [2026-06-16T23:22:17.153+0000] {dag.py:3089} INFO - Sync 1 DAGs
[2026-06-16T23:22:17.210+0000] {logging_mixin.py:188} INFO - [2026-06-16T23:22:17.208+0000] {dag.py:3947} INFO - Setting next_dagrun for example_setup_teardown to 2026-06-15 00:00:00+00:00, run_after=2026-06-16 00:00:00+00:00
[2026-06-16T23:22:17.243+0000] {processor.py:183} INFO - Processing /home/airflow/.local/lib/python3.12/site-packages/airflow/example_dags/example_setup_teardown.py took 0.203 seconds
[2026-06-16T23:22:47.734+0000] {processor.py:161} INFO - Started process (PID=948) to work on /home/airflow/.local/lib/python3.12/site-packages/airflow/example_dags/example_setup_teardown.py
[2026-06-16T23:22:47.741+0000] {processor.py:830} INFO - Processing file /home/airflow/.local/lib/python3.12/site-packages/airflow/example_dags/example_setup_teardown.py for tasks to queue
[2026-06-16T23:22:47.754+0000] {logging_mixin.py:188} INFO - [2026-06-16T23:22:47.753+0000] {dagbag.py:545} INFO - Filling up the DagBag from /home/airflow/.local/lib/python3.12/site-packages/airflow/example_dags/example_setup_teardown.py
[2026-06-16T23:22:47.799+0000] {processor.py:840} INFO - DAG(s) 'example_setup_teardown' retrieved from /home/airflow/.local/lib/python3.12/site-packages/airflow/example_dags/example_setup_teardown.py
[2026-06-16T23:22:47.992+0000] {logging_mixin.py:188} INFO - [2026-06-16T23:22:47.992+0000] {dag.py:3089} INFO - Sync 1 DAGs
[2026-06-16T23:22:48.105+0000] {logging_mixin.py:188} INFO - [2026-06-16T23:22:48.105+0000] {dag.py:3947} INFO - Setting next_dagrun for example_setup_teardown to 2026-06-15 00:00:00+00:00, run_after=2026-06-16 00:00:00+00:00
[2026-06-16T23:22:48.158+0000] {processor.py:183} INFO - Processing /home/airflow/.local/lib/python3.12/site-packages/airflow/example_dags/example_setup_teardown.py took 0.466 seconds
[2026-06-16T23:23:19.184+0000] {processor.py:161} INFO - Started process (PID=1006) to work on /home/airflow/.local/lib/python3.12/site-packages/airflow/example_dags/example_setup_teardown.py
[2026-06-16T23:23:19.187+0000] {processor.py:830} INFO - Processing file /home/airflow/.local/lib/python3.12/site-packages/airflow/example_dags/example_setup_teardown.py for tasks to queue
[2026-06-16T23:23:19.192+0000] {logging_mixin.py:188} INFO - [2026-06-16T23:23:19.190+0000] {dagbag.py:545} INFO - Filling up the DagBag from /home/airflow/.local/lib/python3.12/site-packages/airflow/example_dags/example_setup_teardown.py
[2026-06-16T23:23:19.204+0000] {processor.py:840} INFO - DAG(s) 'example_setup_teardown' retrieved from /home/airflow/.local/lib/python3.12/site-packages/airflow/example_dags/example_setup_teardown.py
[2026-06-16T23:23:19.255+0000] {logging_mixin.py:188} INFO - [2026-06-16T23:23:19.254+0000] {dag.py:3089} INFO - Sync 1 DAGs
[2026-06-16T23:23:19.285+0000] {logging_mixin.py:188} INFO - [2026-06-16T23:23:19.284+0000] {dag.py:3947} INFO - Setting next_dagrun for example_setup_teardown to 2026-06-15 00:00:00+00:00, run_after=2026-06-16 00:00:00+00:00
[2026-06-16T23:23:19.305+0000] {processor.py:183} INFO - Processing /home/airflow/.local/lib/python3.12/site-packages/airflow/example_dags/example_setup_teardown.py took 0.146 seconds
[2026-06-16T23:23:49.341+0000] {processor.py:161} INFO - Started process (PID=1063) to work on /home/airflow/.local/lib/python3.12/site-packages/airflow/example_dags/example_setup_teardown.py
[2026-06-16T23:23:49.342+0000] {processor.py:830} INFO - Processing file /home/airflow/.local/lib/python3.12/site-packages/airflow/example_dags/example_setup_teardown.py for tasks to queue
[2026-06-16T23:23:49.344+0000] {logging_mixin.py:188} INFO - [2026-06-16T23:23:49.343+0000] {dagbag.py:545} INFO - Filling up the DagBag from /home/airflow/.local/lib/python3.12/site-packages/airflow/example_dags/example_setup_teardown.py
[2026-06-16T23:23:49.350+0000] {processor.py:840} INFO - DAG(s) 'example_setup_teardown' retrieved from /home/airflow/.local/lib/python3.12/site-packages/airflow/example_dags/example_setup_teardown.py
[2026-06-16T23:23:49.369+0000] {logging_mixin.py:188} INFO - [2026-06-16T23:23:49.369+0000] {dag.py:3089} INFO - Sync 1 DAGs
[2026-06-16T23:23:49.388+0000] {logging_mixin.py:188} INFO - [2026-06-16T23:23:49.388+0000] {dag.py:3947} INFO - Setting next_dagrun for example_setup_teardown to 2026-06-15 00:00:00+00:00, run_after=2026-06-16 00:00:00+00:00
[2026-06-16T23:23:49.404+0000] {processor.py:183} INFO - Processing /home/airflow/.local/lib/python3.12/site-packages/airflow/example_dags/example_setup_teardown.py took 0.068 seconds
[2026-06-16T23:24:19.621+0000] {processor.py:161} INFO - Started process (PID=1122) to work on /home/airflow/.local/lib/python3.12/site-packages/airflow/example_dags/example_setup_teardown.py
[2026-06-16T23:24:19.624+0000] {processor.py:830} INFO - Processing file /home/airflow/.local/lib/python3.12/site-packages/airflow/example_dags/example_setup_teardown.py for tasks to queue
[2026-06-16T23:24:19.627+0000] {logging_mixin.py:188} INFO - [2026-06-16T23:24:19.626+0000] {dagbag.py:545} INFO - Filling up the DagBag from /home/airflow/.local/lib/python3.12/site-packages/airflow/example_dags/example_setup_teardown.py
[2026-06-16T23:24:19.643+0000] {processor.py:840} INFO - DAG(s) 'example_setup_teardown' retrieved from /home/airflow/.local/lib/python3.12/site-packages/airflow/example_dags/example_setup_teardown.py
[2026-06-16T23:24:19.681+0000] {logging_mixin.py:188} INFO - [2026-06-16T23:24:19.679+0000] {dag.py:3089} INFO - Sync 1 DAGs
[2026-06-16T23:24:19.739+0000] {logging_mixin.py:188} INFO - [2026-06-16T23:24:19.739+0000] {dag.py:3947} INFO - Setting next_dagrun for example_setup_teardown to 2026-06-15 00:00:00+00:00, run_after=2026-06-16 00:00:00+00:00
[2026-06-16T23:24:19.786+0000] {processor.py:183} INFO - Processing /home/airflow/.local/lib/python3.12/site-packages/airflow/example_dags/example_setup_teardown.py took 0.175 seconds
[2026-06-16T23:24:49.858+0000] {processor.py:161} INFO - Started process (PID=1180) to work on /home/airflow/.local/lib/python3.12/site-packages/airflow/example_dags/example_setup_teardown.py
[2026-06-16T23:24:49.859+0000] {processor.py:830} INFO - Processing file /home/airflow/.local/lib/python3.12/site-packages/airflow/example_dags/example_setup_teardown.py for tasks to queue
[2026-06-16T23:24:49.861+0000] {logging_mixin.py:188} INFO - [2026-06-16T23:24:49.860+0000] {dagbag.py:545} INFO - Filling up the DagBag from /home/airflow/.local/lib/python3.12/site-packages/airflow/example_dags/example_setup_teardown.py
[2026-06-16T23:24:49.868+0000] {processor.py:840} INFO - DAG(s) 'example_setup_teardown' retrieved from /home/airflow/.local/lib/python3.12/site-packages/airflow/example_dags/example_setup_teardown.py
[2026-06-16T23:24:49.892+0000] {logging_mixin.py:188} INFO - [2026-06-16T23:24:49.892+0000] {dag.py:3089} INFO - Sync 1 DAGs
[2026-06-16T23:24:49.920+0000] {logging_mixin.py:188} INFO - [2026-06-16T23:24:49.918+0000] {dag.py:3947} INFO - Setting next_dagrun for example_setup_teardown to 2026-06-15 00:00:00+00:00, run_after=2026-06-16 00:00:00+00:00
[2026-06-16T23:24:49.944+0000] {processor.py:183} INFO - Processing /home/airflow/.local/lib/python3.12/site-packages/airflow/example_dags/example_setup_teardown.py took 0.093 seconds
[2026-06-16T23:25:20.290+0000] {processor.py:161} INFO - Started process (PID=1238) to work on /home/airflow/.local/lib/python3.12/site-packages/airflow/example_dags/example_setup_teardown.py
[2026-06-16T23:25:20.291+0000] {processor.py:830} INFO - Processing file /home/airflow/.local/lib/python3.12/site-packages/airflow/example_dags/example_setup_teardown.py for tasks to queue
[2026-06-16T23:25:20.293+0000] {logging_mixin.py:188} INFO - [2026-06-16T23:25:20.292+0000] {dagbag.py:545} INFO - Filling up the DagBag from /home/airflow/.local/lib/python3.12/site-packages/airflow/example_dags/example_setup_teardown.py
[2026-06-16T23:25:20.301+0000] {processor.py:840} INFO - DAG(s) 'example_setup_teardown' retrieved from /home/airflow/.local/lib/python3.12/site-packages/airflow/example_dags/example_setup_teardown.py
[2026-06-16T23:25:20.329+0000] {logging_mixin.py:188} INFO - [2026-06-16T23:25:20.329+0000] {dag.py:3089} INFO - Sync 1 DAGs
[2026-06-16T23:25:20.357+0000] {logging_mixin.py:188} INFO - [2026-06-16T23:25:20.356+0000] {dag.py:3947} INFO - Setting next_dagrun for example_setup_teardown to 2026-06-15 00:00:00+00:00, run_after=2026-06-16 00:00:00+00:00
[2026-06-16T23:25:20.379+0000] {processor.py:183} INFO - Processing /home/airflow/.local/lib/python3.12/site-packages/airflow/example_dags/example_setup_teardown.py took 0.096 seconds
[2026-06-16T23:25:50.777+0000] {processor.py:161} INFO - Started process (PID=1296) to work on /home/airflow/.local/lib/python3.12/site-packages/airflow/example_dags/example_setup_teardown.py
[2026-06-16T23:25:50.778+0000] {processor.py:830} INFO - Processing file /home/airflow/.local/lib/python3.12/site-packages/airflow/example_dags/example_setup_teardown.py for tasks to queue
[2026-06-16T23:25:50.780+0000] {logging_mixin.py:188} INFO - [2026-06-16T23:25:50.780+0000] {dagbag.py:545} INFO - Filling up the DagBag from /home/airflow/.local/lib/python3.12/site-packages/airflow/example_dags/example_setup_teardown.py
[2026-06-16T23:25:50.788+0000] {processor.py:840} INFO - DAG(s) 'example_setup_teardown' retrieved from /home/airflow/.local/lib/python3.12/site-packages/airflow/example_dags/example_setup_teardown.py
[2026-06-16T23:25:50.813+0000] {logging_mixin.py:188} INFO - [2026-06-16T23:25:50.813+0000] {dag.py:3089} INFO - Sync 1 DAGs
[2026-06-16T23:25:50.839+0000] {logging_mixin.py:188} INFO - [2026-06-16T23:25:50.839+0000] {dag.py:3947} INFO - Setting next_dagrun for example_setup_teardown to 2026-06-15 00:00:00+00:00, run_after=2026-06-16 00:00:00+00:00
[2026-06-16T23:25:50.859+0000] {processor.py:183} INFO - Processing /home/airflow/.local/lib/python3.12/site-packages/airflow/example_dags/example_setup_teardown.py took 0.089 seconds
[2026-06-16T23:26:21.467+0000] {processor.py:161} INFO - Started process (PID=1353) to work on /home/airflow/.local/lib/python3.12/site-packages/airflow/example_dags/example_setup_teardown.py
[2026-06-16T23:26:21.468+0000] {processor.py:830} INFO - Processing file /home/airflow/.local/lib/python3.12/site-packages/airflow/example_dags/example_setup_teardown.py for tasks to queue
[2026-06-16T23:26:21.470+0000] {logging_mixin.py:188} INFO - [2026-06-16T23:26:21.470+0000] {dagbag.py:545} INFO - Filling up the DagBag from /home/airflow/.local/lib/python3.12/site-packages/airflow/example_dags/example_setup_teardown.py
[2026-06-16T23:26:21.478+0000] {processor.py:840} INFO - DAG(s) 'example_setup_teardown' retrieved from /home/airflow/.local/lib/python3.12/site-packages/airflow/example_dags/example_setup_teardown.py
[2026-06-16T23:26:21.503+0000] {logging_mixin.py:188} INFO - [2026-06-16T23:26:21.503+0000] {dag.py:3089} INFO - Sync 1 DAGs
[2026-06-16T23:26:21.530+0000] {logging_mixin.py:188} INFO - [2026-06-16T23:26:21.530+0000] {dag.py:3947} INFO - Setting next_dagrun for example_setup_teardown to 2026-06-15 00:00:00+00:00, run_after=2026-06-16 00:00:00+00:00
[2026-06-16T23:26:21.550+0000] {processor.py:183} INFO - Processing /home/airflow/.local/lib/python3.12/site-packages/airflow/example_dags/example_setup_teardown.py took 0.090 seconds
[2026-06-16T23:26:52.523+0000] {processor.py:161} INFO - Started process (PID=1411) to work on /home/airflow/.local/lib/python3.12/site-packages/airflow/example_dags/example_setup_teardown.py
[2026-06-16T23:26:52.528+0000] {processor.py:830} INFO - Processing file /home/airflow/.local/lib/python3.12/site-packages/airflow/example_dags/example_setup_teardown.py for tasks to queue
[2026-06-16T23:26:52.532+0000] {logging_mixin.py:188} INFO - [2026-06-16T23:26:52.532+0000] {dagbag.py:545} INFO - Filling up the DagBag from /home/airflow/.local/lib/python3.12/site-packages/airflow/example_dags/example_setup_teardown.py
[2026-06-16T23:26:52.566+0000] {processor.py:840} INFO - DAG(s) 'example_setup_teardown' retrieved from /home/airflow/.local/lib/python3.12/site-packages/airflow/example_dags/example_setup_teardown.py
[2026-06-16T23:26:52.649+0000] {logging_mixin.py:188} INFO - [2026-06-16T23:26:52.649+0000] {dag.py:3089} INFO - Sync 1 DAGs
[2026-06-16T23:26:52.770+0000] {logging_mixin.py:188} INFO - [2026-06-16T23:26:52.769+0000] {dag.py:3947} INFO - Setting next_dagrun for example_setup_teardown to 2026-06-15 00:00:00+00:00, run_after=2026-06-16 00:00:00+00:00
[2026-06-16T23:26:52.913+0000] {processor.py:183} INFO - Processing /home/airflow/.local/lib/python3.12/site-packages/airflow/example_dags/example_setup_teardown.py took 0.408 seconds
[2026-06-16T23:27:23.409+0000] {processor.py:161} INFO - Started process (PID=1469) to work on /home/airflow/.local/lib/python3.12/site-packages/airflow/example_dags/example_setup_teardown.py
[2026-06-16T23:27:23.413+0000] {processor.py:830} INFO - Processing file /home/airflow/.local/lib/python3.12/site-packages/airflow/example_dags/example_setup_teardown.py for tasks to queue
[2026-06-16T23:27:23.430+0000] {logging_mixin.py:188} INFO - [2026-06-16T23:27:23.422+0000] {dagbag.py:545} INFO - Filling up the DagBag from /home/airflow/.local/lib/python3.12/site-packages/airflow/example_dags/example_setup_teardown.py
[2026-06-16T23:27:23.464+0000] {processor.py:840} INFO - DAG(s) 'example_setup_teardown' retrieved from /home/airflow/.local/lib/python3.12/site-packages/airflow/example_dags/example_setup_teardown.py
[2026-06-16T23:27:23.646+0000] {logging_mixin.py:188} INFO - [2026-06-16T23:27:23.646+0000] {dag.py:3089} INFO - Sync 1 DAGs
[2026-06-16T23:27:23.909+0000] {logging_mixin.py:188} INFO - [2026-06-16T23:27:23.909+0000] {dag.py:3947} INFO - Setting next_dagrun for example_setup_teardown to 2026-06-15 00:00:00+00:00, run_after=2026-06-16 00:00:00+00:00
[2026-06-16T23:27:23.998+0000] {processor.py:183} INFO - Processing /home/airflow/.local/lib/python3.12/site-packages/airflow/example_dags/example_setup_teardown.py took 0.621 seconds
[2026-06-16T23:27:54.585+0000] {processor.py:161} INFO - Started process (PID=1527) to work on /home/airflow/.local/lib/python3.12/site-packages/airflow/example_dags/example_setup_teardown.py
[2026-06-16T23:27:54.586+0000] {processor.py:830} INFO - Processing file /home/airflow/.local/lib/python3.12/site-packages/airflow/example_dags/example_setup_teardown.py for tasks to queue
[2026-06-16T23:27:54.588+0000] {logging_mixin.py:188} INFO - [2026-06-16T23:27:54.588+0000] {dagbag.py:545} INFO - Filling up the DagBag from /home/airflow/.local/lib/python3.12/site-packages/airflow/example_dags/example_setup_teardown.py
[2026-06-16T23:27:54.598+0000] {processor.py:840} INFO - DAG(s) 'example_setup_teardown' retrieved from /home/airflow/.local/lib/python3.12/site-packages/airflow/example_dags/example_setup_teardown.py
[2026-06-16T23:27:54.622+0000] {logging_mixin.py:188} INFO - [2026-06-16T23:27:54.622+0000] {dag.py:3089} INFO - Sync 1 DAGs
[2026-06-16T23:27:54.650+0000] {logging_mixin.py:188} INFO - [2026-06-16T23:27:54.649+0000] {dag.py:3947} INFO - Setting next_dagrun for example_setup_teardown to 2026-06-15 00:00:00+00:00, run_after=2026-06-16 00:00:00+00:00
[2026-06-16T23:27:54.670+0000] {processor.py:183} INFO - Processing /home/airflow/.local/lib/python3.12/site-packages/airflow/example_dags/example_setup_teardown.py took 0.094 seconds
[2026-06-16T23:28:25.173+0000] {processor.py:161} INFO - Started process (PID=1585) to work on /home/airflow/.local/lib/python3.12/site-packages/airflow/example_dags/example_setup_teardown.py
[2026-06-16T23:28:25.174+0000] {processor.py:830} INFO - Processing file /home/airflow/.local/lib/python3.12/site-packages/airflow/example_dags/example_setup_teardown.py for tasks to queue
[2026-06-16T23:28:25.176+0000] {logging_mixin.py:188} INFO - [2026-06-16T23:28:25.176+0000] {dagbag.py:545} INFO - Filling up the DagBag from /home/airflow/.local/lib/python3.12/site-packages/airflow/example_dags/example_setup_teardown.py
[2026-06-16T23:28:25.184+0000] {processor.py:840} INFO - DAG(s) 'example_setup_teardown' retrieved from /home/airflow/.local/lib/python3.12/site-packages/airflow/example_dags/example_setup_teardown.py
[2026-06-16T23:28:25.207+0000] {logging_mixin.py:188} INFO - [2026-06-16T23:28:25.206+0000] {dag.py:3089} INFO - Sync 1 DAGs
[2026-06-16T23:28:25.233+0000] {logging_mixin.py:188} INFO - [2026-06-16T23:28:25.233+0000] {dag.py:3947} INFO - Setting next_dagrun for example_setup_teardown to 2026-06-15 00:00:00+00:00, run_after=2026-06-16 00:00:00+00:00
[2026-06-16T23:28:25.254+0000] {processor.py:183} INFO - Processing /home/airflow/.local/lib/python3.12/site-packages/airflow/example_dags/example_setup_teardown.py took 0.092 seconds
[2026-06-16T23:28:55.560+0000] {processor.py:161} INFO - Started process (PID=1643) to work on /home/airflow/.local/lib/python3.12/site-packages/airflow/example_dags/example_setup_teardown.py
[2026-06-16T23:28:55.562+0000] {processor.py:830} INFO - Processing file /home/airflow/.local/lib/python3.12/site-packages/airflow/example_dags/example_setup_teardown.py for tasks to queue
[2026-06-16T23:28:55.564+0000] {logging_mixin.py:188} INFO - [2026-06-16T23:28:55.563+0000] {dagbag.py:545} INFO - Filling up the DagBag from /home/airflow/.local/lib/python3.12/site-packages/airflow/example_dags/example_setup_teardown.py
[2026-06-16T23:28:55.572+0000] {processor.py:840} INFO - DAG(s) 'example_setup_teardown' retrieved from /home/airflow/.local/lib/python3.12/site-packages/airflow/example_dags/example_setup_teardown.py
[2026-06-16T23:28:55.596+0000] {logging_mixin.py:188} INFO - [2026-06-16T23:28:55.595+0000] {dag.py:3089} INFO - Sync 1 DAGs
[2026-06-16T23:28:55.622+0000] {logging_mixin.py:188} INFO - [2026-06-16T23:28:55.622+0000] {dag.py:3947} INFO - Setting next_dagrun for example_setup_teardown to 2026-06-15 00:00:00+00:00, run_after=2026-06-16 00:00:00+00:00
[2026-06-16T23:28:56.024+0000] {processor.py:183} INFO - Processing /home/airflow/.local/lib/python3.12/site-packages/airflow/example_dags/example_setup_teardown.py took 0.475 seconds
[2026-06-16T23:29:26.091+0000] {processor.py:161} INFO - Started process (PID=1701) to work on /home/airflow/.local/lib/python3.12/site-packages/airflow/example_dags/example_setup_teardown.py
[2026-06-16T23:29:26.092+0000] {processor.py:830} INFO - Processing file /home/airflow/.local/lib/python3.12/site-packages/airflow/example_dags/example_setup_teardown.py for tasks to queue
[2026-06-16T23:29:26.093+0000] {logging_mixin.py:188} INFO - [2026-06-16T23:29:26.093+0000] {dagbag.py:545} INFO - Filling up the DagBag from /home/airflow/.local/lib/python3.12/site-packages/airflow/example_dags/example_setup_teardown.py
[2026-06-16T23:29:26.099+0000] {processor.py:840} INFO - DAG(s) 'example_setup_teardown' retrieved from /home/airflow/.local/lib/python3.12/site-packages/airflow/example_dags/example_setup_teardown.py
[2026-06-16T23:29:26.117+0000] {logging_mixin.py:188} INFO - [2026-06-16T23:29:26.117+0000] {dag.py:3089} INFO - Sync 1 DAGs
[2026-06-16T23:29:26.136+0000] {logging_mixin.py:188} INFO - [2026-06-16T23:29:26.135+0000] {dag.py:3947} INFO - Setting next_dagrun for example_setup_teardown to 2026-06-15 00:00:00+00:00, run_after=2026-06-16 00:00:00+00:00
[2026-06-16T23:29:26.151+0000] {processor.py:183} INFO - Processing /home/airflow/.local/lib/python3.12/site-packages/airflow/example_dags/example_setup_teardown.py took 0.067 seconds
[2026-06-16T23:29:56.444+0000] {processor.py:161} INFO - Started process (PID=1758) to work on /home/airflow/.local/lib/python3.12/site-packages/airflow/example_dags/example_setup_teardown.py
[2026-06-16T23:29:56.445+0000] {processor.py:830} INFO - Processing file /home/airflow/.local/lib/python3.12/site-packages/airflow/example_dags/example_setup_teardown.py for tasks to queue
[2026-06-16T23:29:56.447+0000] {logging_mixin.py:188} INFO - [2026-06-16T23:29:56.447+0000] {dagbag.py:545} INFO - Filling up the DagBag from /home/airflow/.local/lib/python3.12/site-packages/airflow/example_dags/example_setup_teardown.py
[2026-06-16T23:29:56.455+0000] {processor.py:840} INFO - DAG(s) 'example_setup_teardown' retrieved from /home/airflow/.local/lib/python3.12/site-packages/airflow/example_dags/example_setup_teardown.py
[2026-06-16T23:29:56.480+0000] {logging_mixin.py:188} INFO - [2026-06-16T23:29:56.480+0000] {dag.py:3089} INFO - Sync 1 DAGs
[2026-06-16T23:29:56.507+0000] {logging_mixin.py:188} INFO - [2026-06-16T23:29:56.507+0000] {dag.py:3947} INFO - Setting next_dagrun for example_setup_teardown to 2026-06-15 00:00:00+00:00, run_after=2026-06-16 00:00:00+00:00
[2026-06-16T23:29:56.527+0000] {processor.py:183} INFO - Processing /home/airflow/.local/lib/python3.12/site-packages/airflow/example_dags/example_setup_teardown.py took 0.094 seconds
[2026-06-16T23:30:26.811+0000] {processor.py:161} INFO - Started process (PID=1816) to work on /home/airflow/.local/lib/python3.12/site-packages/airflow/example_dags/example_setup_teardown.py
[2026-06-16T23:30:26.814+0000] {processor.py:830} INFO - Processing file /home/airflow/.local/lib/python3.12/site-packages/airflow/example_dags/example_setup_teardown.py for tasks to queue
[2026-06-16T23:30:26.816+0000] {logging_mixin.py:188} INFO - [2026-06-16T23:30:26.816+0000] {dagbag.py:545} INFO - Filling up the DagBag from /home/airflow/.local/lib/python3.12/site-packages/airflow/example_dags/example_setup_teardown.py
[2026-06-16T23:30:26.825+0000] {processor.py:840} INFO - DAG(s) 'example_setup_teardown' retrieved from /home/airflow/.local/lib/python3.12/site-packages/airflow/example_dags/example_setup_teardown.py
[2026-06-16T23:30:26.850+0000] {logging_mixin.py:188} INFO - [2026-06-16T23:30:26.849+0000] {dag.py:3089} INFO - Sync 1 DAGs
[2026-06-16T23:30:26.877+0000] {logging_mixin.py:188} INFO - [2026-06-16T23:30:26.877+0000] {dag.py:3947} INFO - Setting next_dagrun for example_setup_teardown to 2026-06-15 00:00:00+00:00, run_after=2026-06-16 00:00:00+00:00
[2026-06-16T23:30:26.898+0000] {processor.py:183} INFO - Processing /home/airflow/.local/lib/python3.12/site-packages/airflow/example_dags/example_setup_teardown.py took 0.097 seconds
[2026-06-16T23:30:57.466+0000] {processor.py:161} INFO - Started process (PID=1874) to work on /home/airflow/.local/lib/python3.12/site-packages/airflow/example_dags/example_setup_teardown.py
[2026-06-16T23:30:57.467+0000] {processor.py:830} INFO - Processing file /home/airflow/.local/lib/python3.12/site-packages/airflow/example_dags/example_setup_teardown.py for tasks to queue
[2026-06-16T23:30:57.469+0000] {logging_mixin.py:188} INFO - [2026-06-16T23:30:57.469+0000] {dagbag.py:545} INFO - Filling up the DagBag from /home/airflow/.local/lib/python3.12/site-packages/airflow/example_dags/example_setup_teardown.py
[2026-06-16T23:30:57.478+0000] {processor.py:840} INFO - DAG(s) 'example_setup_teardown' retrieved from /home/airflow/.local/lib/python3.12/site-packages/airflow/example_dags/example_setup_teardown.py
[2026-06-16T23:30:57.716+0000] {logging_mixin.py:188} INFO - [2026-06-16T23:30:57.716+0000] {dag.py:3089} INFO - Sync 1 DAGs
[2026-06-16T23:30:57.741+0000] {logging_mixin.py:188} INFO - [2026-06-16T23:30:57.741+0000] {dag.py:3947} INFO - Setting next_dagrun for example_setup_teardown to 2026-06-15 00:00:00+00:00, run_after=2026-06-16 00:00:00+00:00
[2026-06-16T23:30:57.760+0000] {processor.py:183} INFO - Processing /home/airflow/.local/lib/python3.12/site-packages/airflow/example_dags/example_setup_teardown.py took 0.302 seconds
[2026-06-16T23:31:30.222+0000] {processor.py:161} INFO - Started process (PID=1932) to work on /home/airflow/.local/lib/python3.12/site-packages/airflow/example_dags/example_setup_teardown.py
[2026-06-16T23:31:30.224+0000] {processor.py:830} INFO - Processing file /home/airflow/.local/lib/python3.12/site-packages/airflow/example_dags/example_setup_teardown.py for tasks to queue
[2026-06-16T23:31:30.229+0000] {logging_mixin.py:188} INFO - [2026-06-16T23:31:30.229+0000] {dagbag.py:545} INFO - Filling up the DagBag from /home/airflow/.local/lib/python3.12/site-packages/airflow/example_dags/example_setup_teardown.py
[2026-06-16T23:31:30.248+0000] {processor.py:840} INFO - DAG(s) 'example_setup_teardown' retrieved from /home/airflow/.local/lib/python3.12/site-packages/airflow/example_dags/example_setup_teardown.py
[2026-06-16T23:31:30.302+0000] {logging_mixin.py:188} INFO - [2026-06-16T23:31:30.302+0000] {dag.py:3089} INFO - Sync 1 DAGs
[2026-06-16T23:31:30.796+0000] {logging_mixin.py:188} INFO - [2026-06-16T23:31:30.791+0000] {dag.py:3947} INFO - Setting next_dagrun for example_setup_teardown to 2026-06-15 00:00:00+00:00, run_after=2026-06-16 00:00:00+00:00
[2026-06-16T23:31:30.845+0000] {processor.py:183} INFO - Processing /home/airflow/.local/lib/python3.12/site-packages/airflow/example_dags/example_setup_teardown.py took 0.649 seconds
[2026-06-16T23:32:01.181+0000] {processor.py:161} INFO - Started process (PID=1990) to work on /home/airflow/.local/lib/python3.12/site-packages/airflow/example_dags/example_setup_teardown.py
[2026-06-16T23:32:01.182+0000] {processor.py:830} INFO - Processing file /home/airflow/.local/lib/python3.12/site-packages/airflow/example_dags/example_setup_teardown.py for tasks to queue
[2026-06-16T23:32:01.186+0000] {logging_mixin.py:188} INFO - [2026-06-16T23:32:01.185+0000] {dagbag.py:545} INFO - Filling up the DagBag from /home/airflow/.local/lib/python3.12/site-packages/airflow/example_dags/example_setup_teardown.py
[2026-06-16T23:32:01.202+0000] {processor.py:840} INFO - DAG(s) 'example_setup_teardown' retrieved from /home/airflow/.local/lib/python3.12/site-packages/airflow/example_dags/example_setup_teardown.py
[2026-06-16T23:32:01.254+0000] {logging_mixin.py:188} INFO - [2026-06-16T23:32:01.253+0000] {dag.py:3089} INFO - Sync 1 DAGs
[2026-06-16T23:32:01.331+0000] {logging_mixin.py:188} INFO - [2026-06-16T23:32:01.331+0000] {dag.py:3947} INFO - Setting next_dagrun for example_setup_teardown to 2026-06-15 00:00:00+00:00, run_after=2026-06-16 00:00:00+00:00
[2026-06-16T23:32:01.397+0000] {processor.py:183} INFO - Processing /home/airflow/.local/lib/python3.12/site-packages/airflow/example_dags/example_setup_teardown.py took 0.246 seconds
[2026-06-16T23:32:31.914+0000] {processor.py:161} INFO - Started process (PID=2048) to work on /home/airflow/.local/lib/python3.12/site-packages/airflow/example_dags/example_setup_teardown.py
[2026-06-16T23:32:31.915+0000] {processor.py:830} INFO - Processing file /home/airflow/.local/lib/python3.12/site-packages/airflow/example_dags/example_setup_teardown.py for tasks to queue
[2026-06-16T23:32:31.918+0000] {logging_mixin.py:188} INFO - [2026-06-16T23:32:31.917+0000] {dagbag.py:545} INFO - Filling up the DagBag from /home/airflow/.local/lib/python3.12/site-packages/airflow/example_dags/example_setup_teardown.py
[2026-06-16T23:32:31.925+0000] {processor.py:840} INFO - DAG(s) 'example_setup_teardown' retrieved from /home/airflow/.local/lib/python3.12/site-packages/airflow/example_dags/example_setup_teardown.py
[2026-06-16T23:32:31.952+0000] {logging_mixin.py:188} INFO - [2026-06-16T23:32:31.952+0000] {dag.py:3089} INFO - Sync 1 DAGs
[2026-06-16T23:32:31.979+0000] {logging_mixin.py:188} INFO - [2026-06-16T23:32:31.979+0000] {dag.py:3947} INFO - Setting next_dagrun for example_setup_teardown to 2026-06-15 00:00:00+00:00, run_after=2026-06-16 00:00:00+00:00
[2026-06-16T23:32:32.000+0000] {processor.py:183} INFO - Processing /home/airflow/.local/lib/python3.12/site-packages/airflow/example_dags/example_setup_teardown.py took 0.094 seconds
[2026-06-16T23:33:02.471+0000] {processor.py:161} INFO - Started process (PID=2106) to work on /home/airflow/.local/lib/python3.12/site-packages/airflow/example_dags/example_setup_teardown.py
[2026-06-16T23:33:02.472+0000] {processor.py:830} INFO - Processing file /home/airflow/.local/lib/python3.12/site-packages/airflow/example_dags/example_setup_teardown.py for tasks to queue
[2026-06-16T23:33:02.474+0000] {logging_mixin.py:188} INFO - [2026-06-16T23:33:02.474+0000] {dagbag.py:545} INFO - Filling up the DagBag from /home/airflow/.local/lib/python3.12/site-packages/airflow/example_dags/example_setup_teardown.py
[2026-06-16T23:33:02.483+0000] {processor.py:840} INFO - DAG(s) 'example_setup_teardown' retrieved from /home/airflow/.local/lib/python3.12/site-packages/airflow/example_dags/example_setup_teardown.py
[2026-06-16T23:33:02.512+0000] {logging_mixin.py:188} INFO - [2026-06-16T23:33:02.511+0000] {dag.py:3089} INFO - Sync 1 DAGs
[2026-06-16T23:33:02.541+0000] {logging_mixin.py:188} INFO - [2026-06-16T23:33:02.540+0000] {dag.py:3947} INFO - Setting next_dagrun for example_setup_teardown to 2026-06-15 00:00:00+00:00, run_after=2026-06-16 00:00:00+00:00
[2026-06-16T23:33:02.562+0000] {processor.py:183} INFO - Processing /home/airflow/.local/lib/python3.12/site-packages/airflow/example_dags/example_setup_teardown.py took 0.098 seconds
[2026-06-16T23:33:32.982+0000] {processor.py:161} INFO - Started process (PID=2164) to work on /home/airflow/.local/lib/python3.12/site-packages/airflow/example_dags/example_setup_teardown.py
[2026-06-16T23:33:32.983+0000] {processor.py:830} INFO - Processing file /home/airflow/.local/lib/python3.12/site-packages/airflow/example_dags/example_setup_teardown.py for tasks to queue
[2026-06-16T23:33:32.985+0000] {logging_mixin.py:188} INFO - [2026-06-16T23:33:32.984+0000] {dagbag.py:545} INFO - Filling up the DagBag from /home/airflow/.local/lib/python3.12/site-packages/airflow/example_dags/example_setup_teardown.py
[2026-06-16T23:33:32.993+0000] {processor.py:840} INFO - DAG(s) 'example_setup_teardown' retrieved from /home/airflow/.local/lib/python3.12/site-packages/airflow/example_dags/example_setup_teardown.py
[2026-06-16T23:33:33.019+0000] {logging_mixin.py:188} INFO - [2026-06-16T23:33:33.019+0000] {dag.py:3089} INFO - Sync 1 DAGs
[2026-06-16T23:33:33.048+0000] {logging_mixin.py:188} INFO - [2026-06-16T23:33:33.047+0000] {dag.py:3947} INFO - Setting next_dagrun for example_setup_teardown to 2026-06-15 00:00:00+00:00, run_after=2026-06-16 00:00:00+00:00
[2026-06-16T23:33:33.074+0000] {processor.py:183} INFO - Processing /home/airflow/.local/lib/python3.12/site-packages/airflow/example_dags/example_setup_teardown.py took 0.100 seconds
[2026-06-16T23:34:03.378+0000] {processor.py:161} INFO - Started process (PID=2223) to work on /home/airflow/.local/lib/python3.12/site-packages/airflow/example_dags/example_setup_teardown.py
[2026-06-16T23:34:03.379+0000] {processor.py:830} INFO - Processing file /home/airflow/.local/lib/python3.12/site-packages/airflow/example_dags/example_setup_teardown.py for tasks to queue
[2026-06-16T23:34:03.381+0000] {logging_mixin.py:188} INFO - [2026-06-16T23:34:03.381+0000] {dagbag.py:545} INFO - Filling up the DagBag from /home/airflow/.local/lib/python3.12/site-packages/airflow/example_dags/example_setup_teardown.py
[2026-06-16T23:34:03.390+0000] {processor.py:840} INFO - DAG(s) 'example_setup_teardown' retrieved from /home/airflow/.local/lib/python3.12/site-packages/airflow/example_dags/example_setup_teardown.py
[2026-06-16T23:34:03.416+0000] {logging_mixin.py:188} INFO - [2026-06-16T23:34:03.416+0000] {dag.py:3089} INFO - Sync 1 DAGs
[2026-06-16T23:34:03.444+0000] {logging_mixin.py:188} INFO - [2026-06-16T23:34:03.444+0000] {dag.py:3947} INFO - Setting next_dagrun for example_setup_teardown to 2026-06-15 00:00:00+00:00, run_after=2026-06-16 00:00:00+00:00
[2026-06-16T23:34:03.465+0000] {processor.py:183} INFO - Processing /home/airflow/.local/lib/python3.12/site-packages/airflow/example_dags/example_setup_teardown.py took 0.094 seconds
[2026-06-16T23:34:33.553+0000] {processor.py:161} INFO - Started process (PID=2280) to work on /home/airflow/.local/lib/python3.12/site-packages/airflow/example_dags/example_setup_teardown.py
[2026-06-16T23:34:33.555+0000] {processor.py:830} INFO - Processing file /home/airflow/.local/lib/python3.12/site-packages/airflow/example_dags/example_setup_teardown.py for tasks to queue
[2026-06-16T23:34:33.557+0000] {logging_mixin.py:188} INFO - [2026-06-16T23:34:33.556+0000] {dagbag.py:545} INFO - Filling up the DagBag from /home/airflow/.local/lib/python3.12/site-packages/airflow/example_dags/example_setup_teardown.py
[2026-06-16T23:34:33.564+0000] {processor.py:840} INFO - DAG(s) 'example_setup_teardown' retrieved from /home/airflow/.local/lib/python3.12/site-packages/airflow/example_dags/example_setup_teardown.py
[2026-06-16T23:34:33.588+0000] {logging_mixin.py:188} INFO - [2026-06-16T23:34:33.588+0000] {dag.py:3089} INFO - Sync 1 DAGs
[2026-06-16T23:34:33.615+0000] {logging_mixin.py:188} INFO - [2026-06-16T23:34:33.615+0000] {dag.py:3947} INFO - Setting next_dagrun for example_setup_teardown to 2026-06-15 00:00:00+00:00, run_after=2026-06-16 00:00:00+00:00
[2026-06-16T23:34:33.634+0000] {processor.py:183} INFO - Processing /home/airflow/.local/lib/python3.12/site-packages/airflow/example_dags/example_setup_teardown.py took 0.089 seconds
[2026-06-16T23:35:03.734+0000] {processor.py:161} INFO - Started process (PID=2338) to work on /home/airflow/.local/lib/python3.12/site-packages/airflow/example_dags/example_setup_teardown.py
[2026-06-16T23:35:03.735+0000] {processor.py:830} INFO - Processing file /home/airflow/.local/lib/python3.12/site-packages/airflow/example_dags/example_setup_teardown.py for tasks to queue
[2026-06-16T23:35:03.737+0000] {logging_mixin.py:188} INFO - [2026-06-16T23:35:03.737+0000] {dagbag.py:545} INFO - Filling up the DagBag from /home/airflow/.local/lib/python3.12/site-packages/airflow/example_dags/example_setup_teardown.py
[2026-06-16T23:35:03.745+0000] {processor.py:840} INFO - DAG(s) 'example_setup_teardown' retrieved from /home/airflow/.local/lib/python3.12/site-packages/airflow/example_dags/example_setup_teardown.py
[2026-06-16T23:35:03.770+0000] {logging_mixin.py:188} INFO - [2026-06-16T23:35:03.770+0000] {dag.py:3089} INFO - Sync 1 DAGs
[2026-06-16T23:35:03.796+0000] {logging_mixin.py:188} INFO - [2026-06-16T23:35:03.795+0000] {dag.py:3947} INFO - Setting next_dagrun for example_setup_teardown to 2026-06-15 00:00:00+00:00, run_after=2026-06-16 00:00:00+00:00
[2026-06-16T23:35:03.813+0000] {processor.py:183} INFO - Processing /home/airflow/.local/lib/python3.12/site-packages/airflow/example_dags/example_setup_teardown.py took 0.087 seconds
[2026-06-16T23:35:34.182+0000] {processor.py:161} INFO - Started process (PID=2396) to work on /home/airflow/.local/lib/python3.12/site-packages/airflow/example_dags/example_setup_teardown.py
[2026-06-16T23:35:34.183+0000] {processor.py:830} INFO - Processing file /home/airflow/.local/lib/python3.12/site-packages/airflow/example_dags/example_setup_teardown.py for tasks to queue
[2026-06-16T23:35:34.185+0000] {logging_mixin.py:188} INFO - [2026-06-16T23:35:34.184+0000] {dagbag.py:545} INFO - Filling up the DagBag from /home/airflow/.local/lib/python3.12/site-packages/airflow/example_dags/example_setup_teardown.py
[2026-06-16T23:35:34.193+0000] {processor.py:840} INFO - DAG(s) 'example_setup_teardown' retrieved from /home/airflow/.local/lib/python3.12/site-packages/airflow/example_dags/example_setup_teardown.py
[2026-06-16T23:35:34.220+0000] {logging_mixin.py:188} INFO - [2026-06-16T23:35:34.220+0000] {dag.py:3089} INFO - Sync 1 DAGs
[2026-06-16T23:35:34.247+0000] {logging_mixin.py:188} INFO - [2026-06-16T23:35:34.246+0000] {dag.py:3947} INFO - Setting next_dagrun for example_setup_teardown to 2026-06-15 00:00:00+00:00, run_after=2026-06-16 00:00:00+00:00
[2026-06-16T23:35:34.266+0000] {processor.py:183} INFO - Processing /home/airflow/.local/lib/python3.12/site-packages/airflow/example_dags/example_setup_teardown.py took 0.092 seconds
[2026-06-16T23:36:04.345+0000] {processor.py:161} INFO - Started process (PID=2454) to work on /home/airflow/.local/lib/python3.12/site-packages/airflow/example_dags/example_setup_teardown.py
[2026-06-16T23:36:04.346+0000] {processor.py:830} INFO - Processing file /home/airflow/.local/lib/python3.12/site-packages/airflow/example_dags/example_setup_teardown.py for tasks to queue
[2026-06-16T23:36:04.348+0000] {logging_mixin.py:188} INFO - [2026-06-16T23:36:04.348+0000] {dagbag.py:545} INFO - Filling up the DagBag from /home/airflow/.local/lib/python3.12/site-packages/airflow/example_dags/example_setup_teardown.py
[2026-06-16T23:36:04.356+0000] {processor.py:840} INFO - DAG(s) 'example_setup_teardown' retrieved from /home/airflow/.local/lib/python3.12/site-packages/airflow/example_dags/example_setup_teardown.py
[2026-06-16T23:36:04.381+0000] {logging_mixin.py:188} INFO - [2026-06-16T23:36:04.381+0000] {dag.py:3089} INFO - Sync 1 DAGs
[2026-06-16T23:36:04.411+0000] {logging_mixin.py:188} INFO - [2026-06-16T23:36:04.411+0000] {dag.py:3947} INFO - Setting next_dagrun for example_setup_teardown to 2026-06-15 00:00:00+00:00, run_after=2026-06-16 00:00:00+00:00
[2026-06-16T23:36:04.431+0000] {processor.py:183} INFO - Processing /home/airflow/.local/lib/python3.12/site-packages/airflow/example_dags/example_setup_teardown.py took 0.093 seconds
[2026-06-16T23:36:34.826+0000] {processor.py:161} INFO - Started process (PID=2512) to work on /home/airflow/.local/lib/python3.12/site-packages/airflow/example_dags/example_setup_teardown.py
[2026-06-16T23:36:34.827+0000] {processor.py:830} INFO - Processing file /home/airflow/.local/lib/python3.12/site-packages/airflow/example_dags/example_setup_teardown.py for tasks to queue
[2026-06-16T23:36:34.829+0000] {logging_mixin.py:188} INFO - [2026-06-16T23:36:34.829+0000] {dagbag.py:545} INFO - Filling up the DagBag from /home/airflow/.local/lib/python3.12/site-packages/airflow/example_dags/example_setup_teardown.py
[2026-06-16T23:36:34.837+0000] {processor.py:840} INFO - DAG(s) 'example_setup_teardown' retrieved from /home/airflow/.local/lib/python3.12/site-packages/airflow/example_dags/example_setup_teardown.py
[2026-06-16T23:36:34.862+0000] {logging_mixin.py:188} INFO - [2026-06-16T23:36:34.862+0000] {dag.py:3089} INFO - Sync 1 DAGs
[2026-06-16T23:36:34.889+0000] {logging_mixin.py:188} INFO - [2026-06-16T23:36:34.889+0000] {dag.py:3947} INFO - Setting next_dagrun for example_setup_teardown to 2026-06-15 00:00:00+00:00, run_after=2026-06-16 00:00:00+00:00
[2026-06-16T23:36:34.925+0000] {processor.py:183} INFO - Processing /home/airflow/.local/lib/python3.12/site-packages/airflow/example_dags/example_setup_teardown.py took 0.106 seconds
[2026-06-16T23:37:05.175+0000] {processor.py:161} INFO - Started process (PID=2570) to work on /home/airflow/.local/lib/python3.12/site-packages/airflow/example_dags/example_setup_teardown.py
[2026-06-16T23:37:05.176+0000] {processor.py:830} INFO - Processing file /home/airflow/.local/lib/python3.12/site-packages/airflow/example_dags/example_setup_teardown.py for tasks to queue
[2026-06-16T23:37:05.178+0000] {logging_mixin.py:188} INFO - [2026-06-16T23:37:05.177+0000] {dagbag.py:545} INFO - Filling up the DagBag from /home/airflow/.local/lib/python3.12/site-packages/airflow/example_dags/example_setup_teardown.py
[2026-06-16T23:37:05.188+0000] {processor.py:840} INFO - DAG(s) 'example_setup_teardown' retrieved from /home/airflow/.local/lib/python3.12/site-packages/airflow/example_dags/example_setup_teardown.py
[2026-06-16T23:37:05.214+0000] {logging_mixin.py:188} INFO - [2026-06-16T23:37:05.214+0000] {dag.py:3089} INFO - Sync 1 DAGs
[2026-06-16T23:37:05.241+0000] {logging_mixin.py:188} INFO - [2026-06-16T23:37:05.241+0000] {dag.py:3947} INFO - Setting next_dagrun for example_setup_teardown to 2026-06-15 00:00:00+00:00, run_after=2026-06-16 00:00:00+00:00
[2026-06-16T23:37:05.263+0000] {processor.py:183} INFO - Processing /home/airflow/.local/lib/python3.12/site-packages/airflow/example_dags/example_setup_teardown.py took 0.095 seconds
[2026-06-16T23:37:35.640+0000] {processor.py:161} INFO - Started process (PID=2628) to work on /home/airflow/.local/lib/python3.12/site-packages/airflow/example_dags/example_setup_teardown.py
[2026-06-16T23:37:35.641+0000] {processor.py:830} INFO - Processing file /home/airflow/.local/lib/python3.12/site-packages/airflow/example_dags/example_setup_teardown.py for tasks to queue
[2026-06-16T23:37:35.645+0000] {logging_mixin.py:188} INFO - [2026-06-16T23:37:35.645+0000] {dagbag.py:545} INFO - Filling up the DagBag from /home/airflow/.local/lib/python3.12/site-packages/airflow/example_dags/example_setup_teardown.py
[2026-06-16T23:37:35.661+0000] {processor.py:840} INFO - DAG(s) 'example_setup_teardown' retrieved from /home/airflow/.local/lib/python3.12/site-packages/airflow/example_dags/example_setup_teardown.py
[2026-06-16T23:37:35.706+0000] {logging_mixin.py:188} INFO - [2026-06-16T23:37:35.703+0000] {dag.py:3089} INFO - Sync 1 DAGs
[2026-06-16T23:37:35.762+0000] {logging_mixin.py:188} INFO - [2026-06-16T23:37:35.762+0000] {dag.py:3947} INFO - Setting next_dagrun for example_setup_teardown to 2026-06-15 00:00:00+00:00, run_after=2026-06-16 00:00:00+00:00
[2026-06-16T23:37:35.812+0000] {processor.py:183} INFO - Processing /home/airflow/.local/lib/python3.12/site-packages/airflow/example_dags/example_setup_teardown.py took 0.188 seconds
[2026-06-16T23:38:05.970+0000] {processor.py:161} INFO - Started process (PID=2687) to work on /home/airflow/.local/lib/python3.12/site-packages/airflow/example_dags/example_setup_teardown.py
[2026-06-16T23:38:05.971+0000] {processor.py:830} INFO - Processing file /home/airflow/.local/lib/python3.12/site-packages/airflow/example_dags/example_setup_teardown.py for tasks to queue
[2026-06-16T23:38:05.975+0000] {logging_mixin.py:188} INFO - [2026-06-16T23:38:05.975+0000] {dagbag.py:545} INFO - Filling up the DagBag from /home/airflow/.local/lib/python3.12/site-packages/airflow/example_dags/example_setup_teardown.py
[2026-06-16T23:38:05.988+0000] {processor.py:840} INFO - DAG(s) 'example_setup_teardown' retrieved from /home/airflow/.local/lib/python3.12/site-packages/airflow/example_dags/example_setup_teardown.py
[2026-06-16T23:38:06.039+0000] {logging_mixin.py:188} INFO - [2026-06-16T23:38:06.038+0000] {dag.py:3089} INFO - Sync 1 DAGs
[2026-06-16T23:38:06.121+0000] {logging_mixin.py:188} INFO - [2026-06-16T23:38:06.119+0000] {dag.py:3947} INFO - Setting next_dagrun for example_setup_teardown to 2026-06-15 00:00:00+00:00, run_after=2026-06-16 00:00:00+00:00
[2026-06-16T23:38:06.164+0000] {processor.py:183} INFO - Processing /home/airflow/.local/lib/python3.12/site-packages/airflow/example_dags/example_setup_teardown.py took 0.211 seconds
[2026-06-16T23:38:36.323+0000] {processor.py:161} INFO - Started process (PID=2745) to work on /home/airflow/.local/lib/python3.12/site-packages/airflow/example_dags/example_setup_teardown.py
[2026-06-16T23:38:36.324+0000] {processor.py:830} INFO - Processing file /home/airflow/.local/lib/python3.12/site-packages/airflow/example_dags/example_setup_teardown.py for tasks to queue
[2026-06-16T23:38:36.326+0000] {logging_mixin.py:188} INFO - [2026-06-16T23:38:36.325+0000] {dagbag.py:545} INFO - Filling up the DagBag from /home/airflow/.local/lib/python3.12/site-packages/airflow/example_dags/example_setup_teardown.py
[2026-06-16T23:38:36.331+0000] {processor.py:840} INFO - DAG(s) 'example_setup_teardown' retrieved from /home/airflow/.local/lib/python3.12/site-packages/airflow/example_dags/example_setup_teardown.py
[2026-06-16T23:38:36.349+0000] {logging_mixin.py:188} INFO - [2026-06-16T23:38:36.349+0000] {dag.py:3089} INFO - Sync 1 DAGs
[2026-06-16T23:38:36.368+0000] {logging_mixin.py:188} INFO - [2026-06-16T23:38:36.368+0000] {dag.py:3947} INFO - Setting next_dagrun for example_setup_teardown to 2026-06-15 00:00:00+00:00, run_after=2026-06-16 00:00:00+00:00
[2026-06-16T23:38:36.383+0000] {processor.py:183} INFO - Processing /home/airflow/.local/lib/python3.12/site-packages/airflow/example_dags/example_setup_teardown.py took 0.066 seconds
[2026-06-16T23:39:06.701+0000] {processor.py:161} INFO - Started process (PID=2803) to work on /home/airflow/.local/lib/python3.12/site-packages/airflow/example_dags/example_setup_teardown.py
[2026-06-16T23:39:06.702+0000] {processor.py:830} INFO - Processing file /home/airflow/.local/lib/python3.12/site-packages/airflow/example_dags/example_setup_teardown.py for tasks to queue
[2026-06-16T23:39:06.704+0000] {logging_mixin.py:188} INFO - [2026-06-16T23:39:06.704+0000] {dagbag.py:545} INFO - Filling up the DagBag from /home/airflow/.local/lib/python3.12/site-packages/airflow/example_dags/example_setup_teardown.py
[2026-06-16T23:39:06.713+0000] {processor.py:840} INFO - DAG(s) 'example_setup_teardown' retrieved from /home/airflow/.local/lib/python3.12/site-packages/airflow/example_dags/example_setup_teardown.py
[2026-06-16T23:39:06.740+0000] {logging_mixin.py:188} INFO - [2026-06-16T23:39:06.740+0000] {dag.py:3089} INFO - Sync 1 DAGs
[2026-06-16T23:39:06.768+0000] {logging_mixin.py:188} INFO - [2026-06-16T23:39:06.768+0000] {dag.py:3947} INFO - Setting next_dagrun for example_setup_teardown to 2026-06-15 00:00:00+00:00, run_after=2026-06-16 00:00:00+00:00
[2026-06-16T23:39:06.787+0000] {processor.py:183} INFO - Processing /home/airflow/.local/lib/python3.12/site-packages/airflow/example_dags/example_setup_teardown.py took 0.094 seconds
[2026-06-16T23:39:36.910+0000] {processor.py:161} INFO - Started process (PID=2859) to work on /home/airflow/.local/lib/python3.12/site-packages/airflow/example_dags/example_setup_teardown.py
[2026-06-16T23:39:36.911+0000] {processor.py:830} INFO - Processing file /home/airflow/.local/lib/python3.12/site-packages/airflow/example_dags/example_setup_teardown.py for tasks to queue
[2026-06-16T23:39:36.913+0000] {logging_mixin.py:188} INFO - [2026-06-16T23:39:36.913+0000] {dagbag.py:545} INFO - Filling up the DagBag from /home/airflow/.local/lib/python3.12/site-packages/airflow/example_dags/example_setup_teardown.py
[2026-06-16T23:39:36.921+0000] {processor.py:840} INFO - DAG(s) 'example_setup_teardown' retrieved from /home/airflow/.local/lib/python3.12/site-packages/airflow/example_dags/example_setup_teardown.py
[2026-06-16T23:39:36.947+0000] {logging_mixin.py:188} INFO - [2026-06-16T23:39:36.946+0000] {dag.py:3089} INFO - Sync 1 DAGs
[2026-06-16T23:39:36.974+0000] {logging_mixin.py:188} INFO - [2026-06-16T23:39:36.974+0000] {dag.py:3947} INFO - Setting next_dagrun for example_setup_teardown to 2026-06-15 00:00:00+00:00, run_after=2026-06-16 00:00:00+00:00
[2026-06-16T23:39:36.992+0000] {processor.py:183} INFO - Processing /home/airflow/.local/lib/python3.12/site-packages/airflow/example_dags/example_setup_teardown.py took 0.090 seconds
[2026-06-16T23:40:07.133+0000] {processor.py:161} INFO - Started process (PID=2917) to work on /home/airflow/.local/lib/python3.12/site-packages/airflow/example_dags/example_setup_teardown.py
[2026-06-16T23:40:07.133+0000] {processor.py:830} INFO - Processing file /home/airflow/.local/lib/python3.12/site-packages/airflow/example_dags/example_setup_teardown.py for tasks to queue
[2026-06-16T23:40:07.135+0000] {logging_mixin.py:188} INFO - [2026-06-16T23:40:07.135+0000] {dagbag.py:545} INFO - Filling up the DagBag from /home/airflow/.local/lib/python3.12/site-packages/airflow/example_dags/example_setup_teardown.py
[2026-06-16T23:40:07.143+0000] {processor.py:840} INFO - DAG(s) 'example_setup_teardown' retrieved from /home/airflow/.local/lib/python3.12/site-packages/airflow/example_dags/example_setup_teardown.py
[2026-06-16T23:40:07.167+0000] {logging_mixin.py:188} INFO - [2026-06-16T23:40:07.167+0000] {dag.py:3089} INFO - Sync 1 DAGs
[2026-06-16T23:40:07.195+0000] {logging_mixin.py:188} INFO - [2026-06-16T23:40:07.195+0000] {dag.py:3947} INFO - Setting next_dagrun for example_setup_teardown to 2026-06-15 00:00:00+00:00, run_after=2026-06-16 00:00:00+00:00
[2026-06-16T23:40:07.215+0000] {processor.py:183} INFO - Processing /home/airflow/.local/lib/python3.12/site-packages/airflow/example_dags/example_setup_teardown.py took 0.090 seconds
[2026-06-16T23:40:37.515+0000] {processor.py:161} INFO - Started process (PID=2974) to work on /home/airflow/.local/lib/python3.12/site-packages/airflow/example_dags/example_setup_teardown.py
[2026-06-16T23:40:37.516+0000] {processor.py:830} INFO - Processing file /home/airflow/.local/lib/python3.12/site-packages/airflow/example_dags/example_setup_teardown.py for tasks to queue
[2026-06-16T23:40:37.518+0000] {logging_mixin.py:188} INFO - [2026-06-16T23:40:37.517+0000] {dagbag.py:545} INFO - Filling up the DagBag from /home/airflow/.local/lib/python3.12/site-packages/airflow/example_dags/example_setup_teardown.py
[2026-06-16T23:40:37.525+0000] {processor.py:840} INFO - DAG(s) 'example_setup_teardown' retrieved from /home/airflow/.local/lib/python3.12/site-packages/airflow/example_dags/example_setup_teardown.py
[2026-06-16T23:40:37.552+0000] {logging_mixin.py:188} INFO - [2026-06-16T23:40:37.552+0000] {dag.py:3089} INFO - Sync 1 DAGs
[2026-06-16T23:40:37.581+0000] {logging_mixin.py:188} INFO - [2026-06-16T23:40:37.581+0000] {dag.py:3947} INFO - Setting next_dagrun for example_setup_teardown to 2026-06-15 00:00:00+00:00, run_after=2026-06-16 00:00:00+00:00
[2026-06-16T23:40:37.601+0000] {processor.py:183} INFO - Processing /home/airflow/.local/lib/python3.12/site-packages/airflow/example_dags/example_setup_teardown.py took 0.093 seconds
[2026-06-16T23:41:08.053+0000] {processor.py:161} INFO - Started process (PID=3032) to work on /home/airflow/.local/lib/python3.12/site-packages/airflow/example_dags/example_setup_teardown.py
[2026-06-16T23:41:08.054+0000] {processor.py:830} INFO - Processing file /home/airflow/.local/lib/python3.12/site-packages/airflow/example_dags/example_setup_teardown.py for tasks to queue
[2026-06-16T23:41:08.056+0000] {logging_mixin.py:188} INFO - [2026-06-16T23:41:08.056+0000] {dagbag.py:545} INFO - Filling up the DagBag from /home/airflow/.local/lib/python3.12/site-packages/airflow/example_dags/example_setup_teardown.py
[2026-06-16T23:41:08.064+0000] {processor.py:840} INFO - DAG(s) 'example_setup_teardown' retrieved from /home/airflow/.local/lib/python3.12/site-packages/airflow/example_dags/example_setup_teardown.py
[2026-06-16T23:41:08.092+0000] {logging_mixin.py:188} INFO - [2026-06-16T23:41:08.092+0000] {dag.py:3089} INFO - Sync 1 DAGs
[2026-06-16T23:41:08.120+0000] {logging_mixin.py:188} INFO - [2026-06-16T23:41:08.119+0000] {dag.py:3947} INFO - Setting next_dagrun for example_setup_teardown to 2026-06-15 00:00:00+00:00, run_after=2026-06-16 00:00:00+00:00
[2026-06-16T23:41:08.140+0000] {processor.py:183} INFO - Processing /home/airflow/.local/lib/python3.12/site-packages/airflow/example_dags/example_setup_teardown.py took 0.095 seconds
[2026-06-16T23:41:38.424+0000] {processor.py:161} INFO - Started process (PID=3089) to work on /home/airflow/.local/lib/python3.12/site-packages/airflow/example_dags/example_setup_teardown.py
[2026-06-16T23:41:38.427+0000] {processor.py:830} INFO - Processing file /home/airflow/.local/lib/python3.12/site-packages/airflow/example_dags/example_setup_teardown.py for tasks to queue
[2026-06-16T23:41:38.429+0000] {logging_mixin.py:188} INFO - [2026-06-16T23:41:38.428+0000] {dagbag.py:545} INFO - Filling up the DagBag from /home/airflow/.local/lib/python3.12/site-packages/airflow/example_dags/example_setup_teardown.py
[2026-06-16T23:41:38.437+0000] {processor.py:840} INFO - DAG(s) 'example_setup_teardown' retrieved from /home/airflow/.local/lib/python3.12/site-packages/airflow/example_dags/example_setup_teardown.py
[2026-06-16T23:41:38.463+0000] {logging_mixin.py:188} INFO - [2026-06-16T23:41:38.462+0000] {dag.py:3089} INFO - Sync 1 DAGs
[2026-06-16T23:41:38.492+0000] {logging_mixin.py:188} INFO - [2026-06-16T23:41:38.492+0000] {dag.py:3947} INFO - Setting next_dagrun for example_setup_teardown to 2026-06-15 00:00:00+00:00, run_after=2026-06-16 00:00:00+00:00
[2026-06-16T23:41:38.522+0000] {processor.py:183} INFO - Processing /home/airflow/.local/lib/python3.12/site-packages/airflow/example_dags/example_setup_teardown.py took 0.105 seconds
[2026-06-16T23:42:09.057+0000] {processor.py:161} INFO - Started process (PID=3147) to work on /home/airflow/.local/lib/python3.12/site-packages/airflow/example_dags/example_setup_teardown.py
[2026-06-16T23:42:09.058+0000] {processor.py:830} INFO - Processing file /home/airflow/.local/lib/python3.12/site-packages/airflow/example_dags/example_setup_teardown.py for tasks to queue
[2026-06-16T23:42:09.060+0000] {logging_mixin.py:188} INFO - [2026-06-16T23:42:09.060+0000] {dagbag.py:545} INFO - Filling up the DagBag from /home/airflow/.local/lib/python3.12/site-packages/airflow/example_dags/example_setup_teardown.py
[2026-06-16T23:42:09.069+0000] {processor.py:840} INFO - DAG(s) 'example_setup_teardown' retrieved from /home/airflow/.local/lib/python3.12/site-packages/airflow/example_dags/example_setup_teardown.py
[2026-06-16T23:42:09.094+0000] {logging_mixin.py:188} INFO - [2026-06-16T23:42:09.094+0000] {dag.py:3089} INFO - Sync 1 DAGs
[2026-06-16T23:42:09.122+0000] {logging_mixin.py:188} INFO - [2026-06-16T23:42:09.122+0000] {dag.py:3947} INFO - Setting next_dagrun for example_setup_teardown to 2026-06-15 00:00:00+00:00, run_after=2026-06-16 00:00:00+00:00
[2026-06-16T23:42:09.149+0000] {processor.py:183} INFO - Processing /home/airflow/.local/lib/python3.12/site-packages/airflow/example_dags/example_setup_teardown.py took 0.099 seconds
[2026-06-16T23:42:39.367+0000] {processor.py:161} INFO - Started process (PID=3205) to work on /home/airflow/.local/lib/python3.12/site-packages/airflow/example_dags/example_setup_teardown.py
[2026-06-16T23:42:39.368+0000] {processor.py:830} INFO - Processing file /home/airflow/.local/lib/python3.12/site-packages/airflow/example_dags/example_setup_teardown.py for tasks to queue
[2026-06-16T23:42:39.370+0000] {logging_mixin.py:188} INFO - [2026-06-16T23:42:39.370+0000] {dagbag.py:545} INFO - Filling up the DagBag from /home/airflow/.local/lib/python3.12/site-packages/airflow/example_dags/example_setup_teardown.py
[2026-06-16T23:42:39.378+0000] {processor.py:840} INFO - DAG(s) 'example_setup_teardown' retrieved from /home/airflow/.local/lib/python3.12/site-packages/airflow/example_dags/example_setup_teardown.py
[2026-06-16T23:42:39.413+0000] {logging_mixin.py:188} INFO - [2026-06-16T23:42:39.412+0000] {dag.py:3089} INFO - Sync 1 DAGs
[2026-06-16T23:42:39.440+0000] {logging_mixin.py:188} INFO - [2026-06-16T23:42:39.440+0000] {dag.py:3947} INFO - Setting next_dagrun for example_setup_teardown to 2026-06-15 00:00:00+00:00, run_after=2026-06-16 00:00:00+00:00
[2026-06-16T23:42:39.459+0000] {processor.py:183} INFO - Processing /home/airflow/.local/lib/python3.12/site-packages/airflow/example_dags/example_setup_teardown.py took 0.099 seconds
[2026-06-16T23:43:10.346+0000] {processor.py:161} INFO - Started process (PID=3262) to work on /home/airflow/.local/lib/python3.12/site-packages/airflow/example_dags/example_setup_teardown.py
[2026-06-16T23:43:10.347+0000] {processor.py:830} INFO - Processing file /home/airflow/.local/lib/python3.12/site-packages/airflow/example_dags/example_setup_teardown.py for tasks to queue
[2026-06-16T23:43:10.349+0000] {logging_mixin.py:188} INFO - [2026-06-16T23:43:10.349+0000] {dagbag.py:545} INFO - Filling up the DagBag from /home/airflow/.local/lib/python3.12/site-packages/airflow/example_dags/example_setup_teardown.py
[2026-06-16T23:43:10.357+0000] {processor.py:840} INFO - DAG(s) 'example_setup_teardown' retrieved from /home/airflow/.local/lib/python3.12/site-packages/airflow/example_dags/example_setup_teardown.py
[2026-06-16T23:43:10.390+0000] {logging_mixin.py:188} INFO - [2026-06-16T23:43:10.389+0000] {dag.py:3089} INFO - Sync 1 DAGs
[2026-06-16T23:43:10.416+0000] {logging_mixin.py:188} INFO - [2026-06-16T23:43:10.416+0000] {dag.py:3947} INFO - Setting next_dagrun for example_setup_teardown to 2026-06-15 00:00:00+00:00, run_after=2026-06-16 00:00:00+00:00
[2026-06-16T23:43:10.438+0000] {processor.py:183} INFO - Processing /home/airflow/.local/lib/python3.12/site-packages/airflow/example_dags/example_setup_teardown.py took 0.099 seconds
[2026-06-16T23:43:40.884+0000] {processor.py:161} INFO - Started process (PID=3320) to work on /home/airflow/.local/lib/python3.12/site-packages/airflow/example_dags/example_setup_teardown.py
[2026-06-16T23:43:40.885+0000] {processor.py:830} INFO - Processing file /home/airflow/.local/lib/python3.12/site-packages/airflow/example_dags/example_setup_teardown.py for tasks to queue
[2026-06-16T23:43:40.887+0000] {logging_mixin.py:188} INFO - [2026-06-16T23:43:40.887+0000] {dagbag.py:545} INFO - Filling up the DagBag from /home/airflow/.local/lib/python3.12/site-packages/airflow/example_dags/example_setup_teardown.py
[2026-06-16T23:43:40.895+0000] {processor.py:840} INFO - DAG(s) 'example_setup_teardown' retrieved from /home/airflow/.local/lib/python3.12/site-packages/airflow/example_dags/example_setup_teardown.py
[2026-06-16T23:43:40.924+0000] {logging_mixin.py:188} INFO - [2026-06-16T23:43:40.924+0000] {dag.py:3089} INFO - Sync 1 DAGs
[2026-06-16T23:43:40.954+0000] {logging_mixin.py:188} INFO - [2026-06-16T23:43:40.954+0000] {dag.py:3947} INFO - Setting next_dagrun for example_setup_teardown to 2026-06-15 00:00:00+00:00, run_after=2026-06-16 00:00:00+00:00
[2026-06-16T23:43:40.974+0000] {processor.py:183} INFO - Processing /home/airflow/.local/lib/python3.12/site-packages/airflow/example_dags/example_setup_teardown.py took 0.097 seconds
