[2026-06-16T23:15:16.368+0000] {processor.py:161} INFO - Started process (PID=103) to work on /home/airflow/.local/lib/python3.12/site-packages/airflow/example_dags/example_branch_python_dop_operator_3.py
[2026-06-16T23:15:16.371+0000] {processor.py:830} INFO - Processing file /home/airflow/.local/lib/python3.12/site-packages/airflow/example_dags/example_branch_python_dop_operator_3.py for tasks to queue
[2026-06-16T23:15:16.374+0000] {logging_mixin.py:188} INFO - [2026-06-16T23:15:16.373+0000] {dagbag.py:545} INFO - Filling up the DagBag from /home/airflow/.local/lib/python3.12/site-packages/airflow/example_dags/example_branch_python_dop_operator_3.py
[2026-06-16T23:15:16.398+0000] {processor.py:840} INFO - DAG(s) 'example_branch_dop_operator_v3' retrieved from /home/airflow/.local/lib/python3.12/site-packages/airflow/example_dags/example_branch_python_dop_operator_3.py
[2026-06-16T23:15:16.459+0000] {logging_mixin.py:188} INFO - [2026-06-16T23:15:16.459+0000] {dag.py:3089} INFO - Sync 1 DAGs
[2026-06-16T23:15:16.550+0000] {logging_mixin.py:188} INFO - [2026-06-16T23:15:16.550+0000] {dag.py:3947} INFO - Setting next_dagrun for example_branch_dop_operator_v3 to 2026-06-16 23:14:00+00:00, run_after=2026-06-16 23:15:00+00:00
[2026-06-16T23:15:16.615+0000] {processor.py:183} INFO - Processing /home/airflow/.local/lib/python3.12/site-packages/airflow/example_dags/example_branch_python_dop_operator_3.py took 0.265 seconds
[2026-06-16T23:15:46.895+0000] {processor.py:161} INFO - Started process (PID=161) to work on /home/airflow/.local/lib/python3.12/site-packages/airflow/example_dags/example_branch_python_dop_operator_3.py
[2026-06-16T23:15:46.895+0000] {processor.py:830} INFO - Processing file /home/airflow/.local/lib/python3.12/site-packages/airflow/example_dags/example_branch_python_dop_operator_3.py for tasks to queue
[2026-06-16T23:15:46.897+0000] {logging_mixin.py:188} INFO - [2026-06-16T23:15:46.897+0000] {dagbag.py:545} INFO - Filling up the DagBag from /home/airflow/.local/lib/python3.12/site-packages/airflow/example_dags/example_branch_python_dop_operator_3.py
[2026-06-16T23:15:46.905+0000] {processor.py:840} INFO - DAG(s) 'example_branch_dop_operator_v3' retrieved from /home/airflow/.local/lib/python3.12/site-packages/airflow/example_dags/example_branch_python_dop_operator_3.py
[2026-06-16T23:15:46.922+0000] {logging_mixin.py:188} INFO - [2026-06-16T23:15:46.922+0000] {dag.py:3089} INFO - Sync 1 DAGs
[2026-06-16T23:15:46.943+0000] {logging_mixin.py:188} INFO - [2026-06-16T23:15:46.943+0000] {dag.py:3947} INFO - Setting next_dagrun for example_branch_dop_operator_v3 to 2026-06-16 23:14:00+00:00, run_after=2026-06-16 23:15:00+00:00
[2026-06-16T23:15:46.958+0000] {processor.py:183} INFO - Processing /home/airflow/.local/lib/python3.12/site-packages/airflow/example_dags/example_branch_python_dop_operator_3.py took 0.069 seconds
[2026-06-16T23:16:17.055+0000] {processor.py:161} INFO - Started process (PID=219) to work on /home/airflow/.local/lib/python3.12/site-packages/airflow/example_dags/example_branch_python_dop_operator_3.py
[2026-06-16T23:16:17.056+0000] {processor.py:830} INFO - Processing file /home/airflow/.local/lib/python3.12/site-packages/airflow/example_dags/example_branch_python_dop_operator_3.py for tasks to queue
[2026-06-16T23:16:17.058+0000] {logging_mixin.py:188} INFO - [2026-06-16T23:16:17.058+0000] {dagbag.py:545} INFO - Filling up the DagBag from /home/airflow/.local/lib/python3.12/site-packages/airflow/example_dags/example_branch_python_dop_operator_3.py
[2026-06-16T23:16:17.069+0000] {processor.py:840} INFO - DAG(s) 'example_branch_dop_operator_v3' retrieved from /home/airflow/.local/lib/python3.12/site-packages/airflow/example_dags/example_branch_python_dop_operator_3.py
[2026-06-16T23:16:17.092+0000] {logging_mixin.py:188} INFO - [2026-06-16T23:16:17.092+0000] {dag.py:3089} INFO - Sync 1 DAGs
[2026-06-16T23:16:17.118+0000] {logging_mixin.py:188} INFO - [2026-06-16T23:16:17.118+0000] {dag.py:3947} INFO - Setting next_dagrun for example_branch_dop_operator_v3 to 2026-06-16 23:15:00+00:00, run_after=2026-06-16 23:16:00+00:00
[2026-06-16T23:16:17.134+0000] {processor.py:183} INFO - Processing /home/airflow/.local/lib/python3.12/site-packages/airflow/example_dags/example_branch_python_dop_operator_3.py took 0.086 seconds
[2026-06-16T23:16:47.291+0000] {processor.py:161} INFO - Started process (PID=277) to work on /home/airflow/.local/lib/python3.12/site-packages/airflow/example_dags/example_branch_python_dop_operator_3.py
[2026-06-16T23:16:47.292+0000] {processor.py:830} INFO - Processing file /home/airflow/.local/lib/python3.12/site-packages/airflow/example_dags/example_branch_python_dop_operator_3.py for tasks to queue
[2026-06-16T23:16:47.294+0000] {logging_mixin.py:188} INFO - [2026-06-16T23:16:47.294+0000] {dagbag.py:545} INFO - Filling up the DagBag from /home/airflow/.local/lib/python3.12/site-packages/airflow/example_dags/example_branch_python_dop_operator_3.py
[2026-06-16T23:16:47.305+0000] {processor.py:840} INFO - DAG(s) 'example_branch_dop_operator_v3' retrieved from /home/airflow/.local/lib/python3.12/site-packages/airflow/example_dags/example_branch_python_dop_operator_3.py
[2026-06-16T23:16:47.329+0000] {logging_mixin.py:188} INFO - [2026-06-16T23:16:47.329+0000] {dag.py:3089} INFO - Sync 1 DAGs
[2026-06-16T23:16:47.353+0000] {logging_mixin.py:188} INFO - [2026-06-16T23:16:47.353+0000] {dag.py:3947} INFO - Setting next_dagrun for example_branch_dop_operator_v3 to 2026-06-16 23:15:00+00:00, run_after=2026-06-16 23:16:00+00:00
[2026-06-16T23:16:47.369+0000] {processor.py:183} INFO - Processing /home/airflow/.local/lib/python3.12/site-packages/airflow/example_dags/example_branch_python_dop_operator_3.py took 0.085 seconds
[2026-06-16T23:17:17.634+0000] {processor.py:161} INFO - Started process (PID=335) to work on /home/airflow/.local/lib/python3.12/site-packages/airflow/example_dags/example_branch_python_dop_operator_3.py
[2026-06-16T23:17:17.636+0000] {processor.py:830} INFO - Processing file /home/airflow/.local/lib/python3.12/site-packages/airflow/example_dags/example_branch_python_dop_operator_3.py for tasks to queue
[2026-06-16T23:17:17.638+0000] {logging_mixin.py:188} INFO - [2026-06-16T23:17:17.637+0000] {dagbag.py:545} INFO - Filling up the DagBag from /home/airflow/.local/lib/python3.12/site-packages/airflow/example_dags/example_branch_python_dop_operator_3.py
[2026-06-16T23:17:17.649+0000] {processor.py:840} INFO - DAG(s) 'example_branch_dop_operator_v3' retrieved from /home/airflow/.local/lib/python3.12/site-packages/airflow/example_dags/example_branch_python_dop_operator_3.py
[2026-06-16T23:17:17.672+0000] {logging_mixin.py:188} INFO - [2026-06-16T23:17:17.672+0000] {dag.py:3089} INFO - Sync 1 DAGs
[2026-06-16T23:17:17.703+0000] {logging_mixin.py:188} INFO - [2026-06-16T23:17:17.703+0000] {dag.py:3947} INFO - Setting next_dagrun for example_branch_dop_operator_v3 to 2026-06-16 23:16:00+00:00, run_after=2026-06-16 23:17:00+00:00
[2026-06-16T23:17:17.721+0000] {processor.py:183} INFO - Processing /home/airflow/.local/lib/python3.12/site-packages/airflow/example_dags/example_branch_python_dop_operator_3.py took 0.095 seconds
[2026-06-16T23:17:48.228+0000] {processor.py:161} INFO - Started process (PID=393) to work on /home/airflow/.local/lib/python3.12/site-packages/airflow/example_dags/example_branch_python_dop_operator_3.py
[2026-06-16T23:17:48.228+0000] {processor.py:830} INFO - Processing file /home/airflow/.local/lib/python3.12/site-packages/airflow/example_dags/example_branch_python_dop_operator_3.py for tasks to queue
[2026-06-16T23:17:48.231+0000] {logging_mixin.py:188} INFO - [2026-06-16T23:17:48.230+0000] {dagbag.py:545} INFO - Filling up the DagBag from /home/airflow/.local/lib/python3.12/site-packages/airflow/example_dags/example_branch_python_dop_operator_3.py
[2026-06-16T23:17:48.242+0000] {processor.py:840} INFO - DAG(s) 'example_branch_dop_operator_v3' retrieved from /home/airflow/.local/lib/python3.12/site-packages/airflow/example_dags/example_branch_python_dop_operator_3.py
[2026-06-16T23:17:48.264+0000] {logging_mixin.py:188} INFO - [2026-06-16T23:17:48.264+0000] {dag.py:3089} INFO - Sync 1 DAGs
[2026-06-16T23:17:48.314+0000] {logging_mixin.py:188} INFO - [2026-06-16T23:17:48.313+0000] {dag.py:3947} INFO - Setting next_dagrun for example_branch_dop_operator_v3 to 2026-06-16 23:16:00+00:00, run_after=2026-06-16 23:17:00+00:00
[2026-06-16T23:17:48.334+0000] {processor.py:183} INFO - Processing /home/airflow/.local/lib/python3.12/site-packages/airflow/example_dags/example_branch_python_dop_operator_3.py took 0.113 seconds
[2026-06-16T23:18:19.257+0000] {processor.py:161} INFO - Started process (PID=451) to work on /home/airflow/.local/lib/python3.12/site-packages/airflow/example_dags/example_branch_python_dop_operator_3.py
[2026-06-16T23:18:19.258+0000] {processor.py:830} INFO - Processing file /home/airflow/.local/lib/python3.12/site-packages/airflow/example_dags/example_branch_python_dop_operator_3.py for tasks to queue
[2026-06-16T23:18:19.259+0000] {logging_mixin.py:188} INFO - [2026-06-16T23:18:19.259+0000] {dagbag.py:545} INFO - Filling up the DagBag from /home/airflow/.local/lib/python3.12/site-packages/airflow/example_dags/example_branch_python_dop_operator_3.py
[2026-06-16T23:18:19.267+0000] {processor.py:840} INFO - DAG(s) 'example_branch_dop_operator_v3' retrieved from /home/airflow/.local/lib/python3.12/site-packages/airflow/example_dags/example_branch_python_dop_operator_3.py
[2026-06-16T23:18:19.288+0000] {logging_mixin.py:188} INFO - [2026-06-16T23:18:19.288+0000] {dag.py:3089} INFO - Sync 1 DAGs
[2026-06-16T23:18:19.310+0000] {logging_mixin.py:188} INFO - [2026-06-16T23:18:19.309+0000] {dag.py:3947} INFO - Setting next_dagrun for example_branch_dop_operator_v3 to 2026-06-16 23:17:00+00:00, run_after=2026-06-16 23:18:00+00:00
[2026-06-16T23:18:19.325+0000] {processor.py:183} INFO - Processing /home/airflow/.local/lib/python3.12/site-packages/airflow/example_dags/example_branch_python_dop_operator_3.py took 0.073 seconds
[2026-06-16T23:18:49.761+0000] {processor.py:161} INFO - Started process (PID=509) to work on /home/airflow/.local/lib/python3.12/site-packages/airflow/example_dags/example_branch_python_dop_operator_3.py
[2026-06-16T23:18:49.762+0000] {processor.py:830} INFO - Processing file /home/airflow/.local/lib/python3.12/site-packages/airflow/example_dags/example_branch_python_dop_operator_3.py for tasks to queue
[2026-06-16T23:18:49.763+0000] {logging_mixin.py:188} INFO - [2026-06-16T23:18:49.763+0000] {dagbag.py:545} INFO - Filling up the DagBag from /home/airflow/.local/lib/python3.12/site-packages/airflow/example_dags/example_branch_python_dop_operator_3.py
[2026-06-16T23:18:49.776+0000] {processor.py:840} INFO - DAG(s) 'example_branch_dop_operator_v3' retrieved from /home/airflow/.local/lib/python3.12/site-packages/airflow/example_dags/example_branch_python_dop_operator_3.py
[2026-06-16T23:18:49.799+0000] {logging_mixin.py:188} INFO - [2026-06-16T23:18:49.799+0000] {dag.py:3089} INFO - Sync 1 DAGs
[2026-06-16T23:18:49.830+0000] {logging_mixin.py:188} INFO - [2026-06-16T23:18:49.829+0000] {dag.py:3947} INFO - Setting next_dagrun for example_branch_dop_operator_v3 to 2026-06-16 23:17:00+00:00, run_after=2026-06-16 23:18:00+00:00
[2026-06-16T23:18:49.848+0000] {processor.py:183} INFO - Processing /home/airflow/.local/lib/python3.12/site-packages/airflow/example_dags/example_branch_python_dop_operator_3.py took 0.095 seconds
[2026-06-16T23:19:20.838+0000] {processor.py:161} INFO - Started process (PID=567) to work on /home/airflow/.local/lib/python3.12/site-packages/airflow/example_dags/example_branch_python_dop_operator_3.py
[2026-06-16T23:19:20.842+0000] {processor.py:830} INFO - Processing file /home/airflow/.local/lib/python3.12/site-packages/airflow/example_dags/example_branch_python_dop_operator_3.py for tasks to queue
[2026-06-16T23:19:20.846+0000] {logging_mixin.py:188} INFO - [2026-06-16T23:19:20.846+0000] {dagbag.py:545} INFO - Filling up the DagBag from /home/airflow/.local/lib/python3.12/site-packages/airflow/example_dags/example_branch_python_dop_operator_3.py
[2026-06-16T23:19:20.868+0000] {processor.py:840} INFO - DAG(s) 'example_branch_dop_operator_v3' retrieved from /home/airflow/.local/lib/python3.12/site-packages/airflow/example_dags/example_branch_python_dop_operator_3.py
[2026-06-16T23:19:20.960+0000] {logging_mixin.py:188} INFO - [2026-06-16T23:19:20.960+0000] {dag.py:3089} INFO - Sync 1 DAGs
[2026-06-16T23:19:21.066+0000] {logging_mixin.py:188} INFO - [2026-06-16T23:19:21.065+0000] {dag.py:3947} INFO - Setting next_dagrun for example_branch_dop_operator_v3 to 2026-06-16 23:18:00+00:00, run_after=2026-06-16 23:19:00+00:00
[2026-06-16T23:19:21.144+0000] {processor.py:183} INFO - Processing /home/airflow/.local/lib/python3.12/site-packages/airflow/example_dags/example_branch_python_dop_operator_3.py took 0.319 seconds
[2026-06-16T23:19:51.500+0000] {processor.py:161} INFO - Started process (PID=625) to work on /home/airflow/.local/lib/python3.12/site-packages/airflow/example_dags/example_branch_python_dop_operator_3.py
[2026-06-16T23:19:51.501+0000] {processor.py:830} INFO - Processing file /home/airflow/.local/lib/python3.12/site-packages/airflow/example_dags/example_branch_python_dop_operator_3.py for tasks to queue
[2026-06-16T23:19:51.502+0000] {logging_mixin.py:188} INFO - [2026-06-16T23:19:51.502+0000] {dagbag.py:545} INFO - Filling up the DagBag from /home/airflow/.local/lib/python3.12/site-packages/airflow/example_dags/example_branch_python_dop_operator_3.py
[2026-06-16T23:19:51.514+0000] {processor.py:840} INFO - DAG(s) 'example_branch_dop_operator_v3' retrieved from /home/airflow/.local/lib/python3.12/site-packages/airflow/example_dags/example_branch_python_dop_operator_3.py
[2026-06-16T23:19:51.537+0000] {logging_mixin.py:188} INFO - [2026-06-16T23:19:51.537+0000] {dag.py:3089} INFO - Sync 1 DAGs
[2026-06-16T23:19:51.571+0000] {logging_mixin.py:188} INFO - [2026-06-16T23:19:51.571+0000] {dag.py:3947} INFO - Setting next_dagrun for example_branch_dop_operator_v3 to 2026-06-16 23:18:00+00:00, run_after=2026-06-16 23:19:00+00:00
[2026-06-16T23:19:51.595+0000] {processor.py:183} INFO - Processing /home/airflow/.local/lib/python3.12/site-packages/airflow/example_dags/example_branch_python_dop_operator_3.py took 0.103 seconds
[2026-06-16T23:20:21.716+0000] {processor.py:161} INFO - Started process (PID=683) to work on /home/airflow/.local/lib/python3.12/site-packages/airflow/example_dags/example_branch_python_dop_operator_3.py
[2026-06-16T23:20:21.716+0000] {processor.py:830} INFO - Processing file /home/airflow/.local/lib/python3.12/site-packages/airflow/example_dags/example_branch_python_dop_operator_3.py for tasks to queue
[2026-06-16T23:20:21.718+0000] {logging_mixin.py:188} INFO - [2026-06-16T23:20:21.718+0000] {dagbag.py:545} INFO - Filling up the DagBag from /home/airflow/.local/lib/python3.12/site-packages/airflow/example_dags/example_branch_python_dop_operator_3.py
[2026-06-16T23:20:21.729+0000] {processor.py:840} INFO - DAG(s) 'example_branch_dop_operator_v3' retrieved from /home/airflow/.local/lib/python3.12/site-packages/airflow/example_dags/example_branch_python_dop_operator_3.py
[2026-06-16T23:20:21.751+0000] {logging_mixin.py:188} INFO - [2026-06-16T23:20:21.751+0000] {dag.py:3089} INFO - Sync 1 DAGs
[2026-06-16T23:20:21.790+0000] {logging_mixin.py:188} INFO - [2026-06-16T23:20:21.790+0000] {dag.py:3947} INFO - Setting next_dagrun for example_branch_dop_operator_v3 to 2026-06-16 23:19:00+00:00, run_after=2026-06-16 23:20:00+00:00
[2026-06-16T23:20:21.812+0000] {processor.py:183} INFO - Processing /home/airflow/.local/lib/python3.12/site-packages/airflow/example_dags/example_branch_python_dop_operator_3.py took 0.103 seconds
[2026-06-16T23:20:51.957+0000] {processor.py:161} INFO - Started process (PID=740) to work on /home/airflow/.local/lib/python3.12/site-packages/airflow/example_dags/example_branch_python_dop_operator_3.py
[2026-06-16T23:20:51.958+0000] {processor.py:830} INFO - Processing file /home/airflow/.local/lib/python3.12/site-packages/airflow/example_dags/example_branch_python_dop_operator_3.py for tasks to queue
[2026-06-16T23:20:51.961+0000] {logging_mixin.py:188} INFO - [2026-06-16T23:20:51.961+0000] {dagbag.py:545} INFO - Filling up the DagBag from /home/airflow/.local/lib/python3.12/site-packages/airflow/example_dags/example_branch_python_dop_operator_3.py
[2026-06-16T23:20:51.975+0000] {processor.py:840} INFO - DAG(s) 'example_branch_dop_operator_v3' retrieved from /home/airflow/.local/lib/python3.12/site-packages/airflow/example_dags/example_branch_python_dop_operator_3.py
[2026-06-16T23:20:52.004+0000] {logging_mixin.py:188} INFO - [2026-06-16T23:20:52.004+0000] {dag.py:3089} INFO - Sync 1 DAGs
[2026-06-16T23:20:52.035+0000] {logging_mixin.py:188} INFO - [2026-06-16T23:20:52.035+0000] {dag.py:3947} INFO - Setting next_dagrun for example_branch_dop_operator_v3 to 2026-06-16 23:19:00+00:00, run_after=2026-06-16 23:20:00+00:00
[2026-06-16T23:20:52.056+0000] {processor.py:183} INFO - Processing /home/airflow/.local/lib/python3.12/site-packages/airflow/example_dags/example_branch_python_dop_operator_3.py took 0.107 seconds
[2026-06-16T23:21:22.415+0000] {processor.py:161} INFO - Started process (PID=798) to work on /home/airflow/.local/lib/python3.12/site-packages/airflow/example_dags/example_branch_python_dop_operator_3.py
[2026-06-16T23:21:22.416+0000] {processor.py:830} INFO - Processing file /home/airflow/.local/lib/python3.12/site-packages/airflow/example_dags/example_branch_python_dop_operator_3.py for tasks to queue
[2026-06-16T23:21:22.419+0000] {logging_mixin.py:188} INFO - [2026-06-16T23:21:22.418+0000] {dagbag.py:545} INFO - Filling up the DagBag from /home/airflow/.local/lib/python3.12/site-packages/airflow/example_dags/example_branch_python_dop_operator_3.py
[2026-06-16T23:21:22.430+0000] {processor.py:840} INFO - DAG(s) 'example_branch_dop_operator_v3' retrieved from /home/airflow/.local/lib/python3.12/site-packages/airflow/example_dags/example_branch_python_dop_operator_3.py
[2026-06-16T23:21:22.455+0000] {logging_mixin.py:188} INFO - [2026-06-16T23:21:22.455+0000] {dag.py:3089} INFO - Sync 1 DAGs
[2026-06-16T23:21:22.487+0000] {logging_mixin.py:188} INFO - [2026-06-16T23:21:22.487+0000] {dag.py:3947} INFO - Setting next_dagrun for example_branch_dop_operator_v3 to 2026-06-16 23:20:00+00:00, run_after=2026-06-16 23:21:00+00:00
[2026-06-16T23:21:22.508+0000] {processor.py:183} INFO - Processing /home/airflow/.local/lib/python3.12/site-packages/airflow/example_dags/example_branch_python_dop_operator_3.py took 0.100 seconds
[2026-06-16T23:21:53.388+0000] {processor.py:161} INFO - Started process (PID=856) to work on /home/airflow/.local/lib/python3.12/site-packages/airflow/example_dags/example_branch_python_dop_operator_3.py
[2026-06-16T23:21:53.389+0000] {processor.py:830} INFO - Processing file /home/airflow/.local/lib/python3.12/site-packages/airflow/example_dags/example_branch_python_dop_operator_3.py for tasks to queue
[2026-06-16T23:21:53.391+0000] {logging_mixin.py:188} INFO - [2026-06-16T23:21:53.390+0000] {dagbag.py:545} INFO - Filling up the DagBag from /home/airflow/.local/lib/python3.12/site-packages/airflow/example_dags/example_branch_python_dop_operator_3.py
[2026-06-16T23:21:53.402+0000] {processor.py:840} INFO - DAG(s) 'example_branch_dop_operator_v3' retrieved from /home/airflow/.local/lib/python3.12/site-packages/airflow/example_dags/example_branch_python_dop_operator_3.py
[2026-06-16T23:21:53.427+0000] {logging_mixin.py:188} INFO - [2026-06-16T23:21:53.427+0000] {dag.py:3089} INFO - Sync 1 DAGs
[2026-06-16T23:21:53.457+0000] {logging_mixin.py:188} INFO - [2026-06-16T23:21:53.457+0000] {dag.py:3947} INFO - Setting next_dagrun for example_branch_dop_operator_v3 to 2026-06-16 23:20:00+00:00, run_after=2026-06-16 23:21:00+00:00
[2026-06-16T23:21:53.478+0000] {processor.py:183} INFO - Processing /home/airflow/.local/lib/python3.12/site-packages/airflow/example_dags/example_branch_python_dop_operator_3.py took 0.097 seconds
[2026-06-16T23:22:23.857+0000] {processor.py:161} INFO - Started process (PID=914) to work on /home/airflow/.local/lib/python3.12/site-packages/airflow/example_dags/example_branch_python_dop_operator_3.py
[2026-06-16T23:22:23.857+0000] {processor.py:830} INFO - Processing file /home/airflow/.local/lib/python3.12/site-packages/airflow/example_dags/example_branch_python_dop_operator_3.py for tasks to queue
[2026-06-16T23:22:23.860+0000] {logging_mixin.py:188} INFO - [2026-06-16T23:22:23.859+0000] {dagbag.py:545} INFO - Filling up the DagBag from /home/airflow/.local/lib/python3.12/site-packages/airflow/example_dags/example_branch_python_dop_operator_3.py
[2026-06-16T23:22:23.878+0000] {processor.py:840} INFO - DAG(s) 'example_branch_dop_operator_v3' retrieved from /home/airflow/.local/lib/python3.12/site-packages/airflow/example_dags/example_branch_python_dop_operator_3.py
[2026-06-16T23:22:23.906+0000] {logging_mixin.py:188} INFO - [2026-06-16T23:22:23.906+0000] {dag.py:3089} INFO - Sync 1 DAGs
[2026-06-16T23:22:23.937+0000] {logging_mixin.py:188} INFO - [2026-06-16T23:22:23.936+0000] {dag.py:3947} INFO - Setting next_dagrun for example_branch_dop_operator_v3 to 2026-06-16 23:21:00+00:00, run_after=2026-06-16 23:22:00+00:00
[2026-06-16T23:22:23.959+0000] {processor.py:183} INFO - Processing /home/airflow/.local/lib/python3.12/site-packages/airflow/example_dags/example_branch_python_dop_operator_3.py took 0.110 seconds
[2026-06-16T23:22:54.442+0000] {processor.py:161} INFO - Started process (PID=972) to work on /home/airflow/.local/lib/python3.12/site-packages/airflow/example_dags/example_branch_python_dop_operator_3.py
[2026-06-16T23:22:54.442+0000] {processor.py:830} INFO - Processing file /home/airflow/.local/lib/python3.12/site-packages/airflow/example_dags/example_branch_python_dop_operator_3.py for tasks to queue
[2026-06-16T23:22:54.445+0000] {logging_mixin.py:188} INFO - [2026-06-16T23:22:54.444+0000] {dagbag.py:545} INFO - Filling up the DagBag from /home/airflow/.local/lib/python3.12/site-packages/airflow/example_dags/example_branch_python_dop_operator_3.py
[2026-06-16T23:22:54.456+0000] {processor.py:840} INFO - DAG(s) 'example_branch_dop_operator_v3' retrieved from /home/airflow/.local/lib/python3.12/site-packages/airflow/example_dags/example_branch_python_dop_operator_3.py
[2026-06-16T23:22:54.478+0000] {logging_mixin.py:188} INFO - [2026-06-16T23:22:54.478+0000] {dag.py:3089} INFO - Sync 1 DAGs
[2026-06-16T23:22:54.509+0000] {logging_mixin.py:188} INFO - [2026-06-16T23:22:54.509+0000] {dag.py:3947} INFO - Setting next_dagrun for example_branch_dop_operator_v3 to 2026-06-16 23:21:00+00:00, run_after=2026-06-16 23:22:00+00:00
[2026-06-16T23:22:54.529+0000] {processor.py:183} INFO - Processing /home/airflow/.local/lib/python3.12/site-packages/airflow/example_dags/example_branch_python_dop_operator_3.py took 0.095 seconds
[2026-06-16T23:23:24.956+0000] {processor.py:161} INFO - Started process (PID=1030) to work on /home/airflow/.local/lib/python3.12/site-packages/airflow/example_dags/example_branch_python_dop_operator_3.py
[2026-06-16T23:23:24.957+0000] {processor.py:830} INFO - Processing file /home/airflow/.local/lib/python3.12/site-packages/airflow/example_dags/example_branch_python_dop_operator_3.py for tasks to queue
[2026-06-16T23:23:24.959+0000] {logging_mixin.py:188} INFO - [2026-06-16T23:23:24.959+0000] {dagbag.py:545} INFO - Filling up the DagBag from /home/airflow/.local/lib/python3.12/site-packages/airflow/example_dags/example_branch_python_dop_operator_3.py
[2026-06-16T23:23:24.970+0000] {processor.py:840} INFO - DAG(s) 'example_branch_dop_operator_v3' retrieved from /home/airflow/.local/lib/python3.12/site-packages/airflow/example_dags/example_branch_python_dop_operator_3.py
[2026-06-16T23:23:24.994+0000] {logging_mixin.py:188} INFO - [2026-06-16T23:23:24.994+0000] {dag.py:3089} INFO - Sync 1 DAGs
[2026-06-16T23:23:25.029+0000] {logging_mixin.py:188} INFO - [2026-06-16T23:23:25.028+0000] {dag.py:3947} INFO - Setting next_dagrun for example_branch_dop_operator_v3 to 2026-06-16 23:22:00+00:00, run_after=2026-06-16 23:23:00+00:00
[2026-06-16T23:23:25.060+0000] {processor.py:183} INFO - Processing /home/airflow/.local/lib/python3.12/site-packages/airflow/example_dags/example_branch_python_dop_operator_3.py took 0.110 seconds
[2026-06-16T23:23:57.418+0000] {processor.py:161} INFO - Started process (PID=1088) to work on /home/airflow/.local/lib/python3.12/site-packages/airflow/example_dags/example_branch_python_dop_operator_3.py
[2026-06-16T23:23:57.421+0000] {processor.py:830} INFO - Processing file /home/airflow/.local/lib/python3.12/site-packages/airflow/example_dags/example_branch_python_dop_operator_3.py for tasks to queue
[2026-06-16T23:23:57.427+0000] {logging_mixin.py:188} INFO - [2026-06-16T23:23:57.427+0000] {dagbag.py:545} INFO - Filling up the DagBag from /home/airflow/.local/lib/python3.12/site-packages/airflow/example_dags/example_branch_python_dop_operator_3.py
[2026-06-16T23:23:57.458+0000] {processor.py:840} INFO - DAG(s) 'example_branch_dop_operator_v3' retrieved from /home/airflow/.local/lib/python3.12/site-packages/airflow/example_dags/example_branch_python_dop_operator_3.py
[2026-06-16T23:23:57.526+0000] {logging_mixin.py:188} INFO - [2026-06-16T23:23:57.522+0000] {dag.py:3089} INFO - Sync 1 DAGs
[2026-06-16T23:23:57.662+0000] {logging_mixin.py:188} INFO - [2026-06-16T23:23:57.662+0000] {dag.py:3947} INFO - Setting next_dagrun for example_branch_dop_operator_v3 to 2026-06-16 23:22:00+00:00, run_after=2026-06-16 23:23:00+00:00
[2026-06-16T23:23:57.750+0000] {processor.py:183} INFO - Processing /home/airflow/.local/lib/python3.12/site-packages/airflow/example_dags/example_branch_python_dop_operator_3.py took 0.357 seconds
[2026-06-16T23:24:28.241+0000] {processor.py:161} INFO - Started process (PID=1146) to work on /home/airflow/.local/lib/python3.12/site-packages/airflow/example_dags/example_branch_python_dop_operator_3.py
[2026-06-16T23:24:28.242+0000] {processor.py:830} INFO - Processing file /home/airflow/.local/lib/python3.12/site-packages/airflow/example_dags/example_branch_python_dop_operator_3.py for tasks to queue
[2026-06-16T23:24:28.245+0000] {logging_mixin.py:188} INFO - [2026-06-16T23:24:28.245+0000] {dagbag.py:545} INFO - Filling up the DagBag from /home/airflow/.local/lib/python3.12/site-packages/airflow/example_dags/example_branch_python_dop_operator_3.py
[2026-06-16T23:24:28.255+0000] {processor.py:840} INFO - DAG(s) 'example_branch_dop_operator_v3' retrieved from /home/airflow/.local/lib/python3.12/site-packages/airflow/example_dags/example_branch_python_dop_operator_3.py
[2026-06-16T23:24:28.278+0000] {logging_mixin.py:188} INFO - [2026-06-16T23:24:28.278+0000] {dag.py:3089} INFO - Sync 1 DAGs
[2026-06-16T23:24:28.309+0000] {logging_mixin.py:188} INFO - [2026-06-16T23:24:28.308+0000] {dag.py:3947} INFO - Setting next_dagrun for example_branch_dop_operator_v3 to 2026-06-16 23:23:00+00:00, run_after=2026-06-16 23:24:00+00:00
[2026-06-16T23:24:28.327+0000] {processor.py:183} INFO - Processing /home/airflow/.local/lib/python3.12/site-packages/airflow/example_dags/example_branch_python_dop_operator_3.py took 0.092 seconds
[2026-06-16T23:24:58.371+0000] {processor.py:161} INFO - Started process (PID=1203) to work on /home/airflow/.local/lib/python3.12/site-packages/airflow/example_dags/example_branch_python_dop_operator_3.py
[2026-06-16T23:24:58.371+0000] {processor.py:830} INFO - Processing file /home/airflow/.local/lib/python3.12/site-packages/airflow/example_dags/example_branch_python_dop_operator_3.py for tasks to queue
[2026-06-16T23:24:58.373+0000] {logging_mixin.py:188} INFO - [2026-06-16T23:24:58.373+0000] {dagbag.py:545} INFO - Filling up the DagBag from /home/airflow/.local/lib/python3.12/site-packages/airflow/example_dags/example_branch_python_dop_operator_3.py
[2026-06-16T23:24:58.381+0000] {processor.py:840} INFO - DAG(s) 'example_branch_dop_operator_v3' retrieved from /home/airflow/.local/lib/python3.12/site-packages/airflow/example_dags/example_branch_python_dop_operator_3.py
[2026-06-16T23:24:58.398+0000] {logging_mixin.py:188} INFO - [2026-06-16T23:24:58.398+0000] {dag.py:3089} INFO - Sync 1 DAGs
[2026-06-16T23:24:58.424+0000] {logging_mixin.py:188} INFO - [2026-06-16T23:24:58.424+0000] {dag.py:3947} INFO - Setting next_dagrun for example_branch_dop_operator_v3 to 2026-06-16 23:23:00+00:00, run_after=2026-06-16 23:24:00+00:00
[2026-06-16T23:24:58.443+0000] {processor.py:183} INFO - Processing /home/airflow/.local/lib/python3.12/site-packages/airflow/example_dags/example_branch_python_dop_operator_3.py took 0.079 seconds
[2026-06-16T23:25:28.710+0000] {processor.py:161} INFO - Started process (PID=1261) to work on /home/airflow/.local/lib/python3.12/site-packages/airflow/example_dags/example_branch_python_dop_operator_3.py
[2026-06-16T23:25:28.710+0000] {processor.py:830} INFO - Processing file /home/airflow/.local/lib/python3.12/site-packages/airflow/example_dags/example_branch_python_dop_operator_3.py for tasks to queue
[2026-06-16T23:25:28.713+0000] {logging_mixin.py:188} INFO - [2026-06-16T23:25:28.712+0000] {dagbag.py:545} INFO - Filling up the DagBag from /home/airflow/.local/lib/python3.12/site-packages/airflow/example_dags/example_branch_python_dop_operator_3.py
[2026-06-16T23:25:28.720+0000] {processor.py:840} INFO - DAG(s) 'example_branch_dop_operator_v3' retrieved from /home/airflow/.local/lib/python3.12/site-packages/airflow/example_dags/example_branch_python_dop_operator_3.py
[2026-06-16T23:25:28.738+0000] {logging_mixin.py:188} INFO - [2026-06-16T23:25:28.738+0000] {dag.py:3089} INFO - Sync 1 DAGs
[2026-06-16T23:25:28.759+0000] {logging_mixin.py:188} INFO - [2026-06-16T23:25:28.759+0000] {dag.py:3947} INFO - Setting next_dagrun for example_branch_dop_operator_v3 to 2026-06-16 23:24:00+00:00, run_after=2026-06-16 23:25:00+00:00
[2026-06-16T23:25:28.774+0000] {processor.py:183} INFO - Processing /home/airflow/.local/lib/python3.12/site-packages/airflow/example_dags/example_branch_python_dop_operator_3.py took 0.070 seconds
[2026-06-16T23:25:59.108+0000] {processor.py:161} INFO - Started process (PID=1319) to work on /home/airflow/.local/lib/python3.12/site-packages/airflow/example_dags/example_branch_python_dop_operator_3.py
[2026-06-16T23:25:59.109+0000] {processor.py:830} INFO - Processing file /home/airflow/.local/lib/python3.12/site-packages/airflow/example_dags/example_branch_python_dop_operator_3.py for tasks to queue
[2026-06-16T23:25:59.111+0000] {logging_mixin.py:188} INFO - [2026-06-16T23:25:59.111+0000] {dagbag.py:545} INFO - Filling up the DagBag from /home/airflow/.local/lib/python3.12/site-packages/airflow/example_dags/example_branch_python_dop_operator_3.py
[2026-06-16T23:25:59.122+0000] {processor.py:840} INFO - DAG(s) 'example_branch_dop_operator_v3' retrieved from /home/airflow/.local/lib/python3.12/site-packages/airflow/example_dags/example_branch_python_dop_operator_3.py
[2026-06-16T23:25:59.147+0000] {logging_mixin.py:188} INFO - [2026-06-16T23:25:59.147+0000] {dag.py:3089} INFO - Sync 1 DAGs
[2026-06-16T23:25:59.172+0000] {logging_mixin.py:188} INFO - [2026-06-16T23:25:59.172+0000] {dag.py:3947} INFO - Setting next_dagrun for example_branch_dop_operator_v3 to 2026-06-16 23:24:00+00:00, run_after=2026-06-16 23:25:00+00:00
[2026-06-16T23:25:59.187+0000] {processor.py:183} INFO - Processing /home/airflow/.local/lib/python3.12/site-packages/airflow/example_dags/example_branch_python_dop_operator_3.py took 0.086 seconds
[2026-06-16T23:26:29.759+0000] {processor.py:161} INFO - Started process (PID=1376) to work on /home/airflow/.local/lib/python3.12/site-packages/airflow/example_dags/example_branch_python_dop_operator_3.py
[2026-06-16T23:26:29.759+0000] {processor.py:830} INFO - Processing file /home/airflow/.local/lib/python3.12/site-packages/airflow/example_dags/example_branch_python_dop_operator_3.py for tasks to queue
[2026-06-16T23:26:29.761+0000] {logging_mixin.py:188} INFO - [2026-06-16T23:26:29.761+0000] {dagbag.py:545} INFO - Filling up the DagBag from /home/airflow/.local/lib/python3.12/site-packages/airflow/example_dags/example_branch_python_dop_operator_3.py
[2026-06-16T23:26:29.769+0000] {processor.py:840} INFO - DAG(s) 'example_branch_dop_operator_v3' retrieved from /home/airflow/.local/lib/python3.12/site-packages/airflow/example_dags/example_branch_python_dop_operator_3.py
[2026-06-16T23:26:29.787+0000] {logging_mixin.py:188} INFO - [2026-06-16T23:26:29.787+0000] {dag.py:3089} INFO - Sync 1 DAGs
[2026-06-16T23:26:29.811+0000] {logging_mixin.py:188} INFO - [2026-06-16T23:26:29.811+0000] {dag.py:3947} INFO - Setting next_dagrun for example_branch_dop_operator_v3 to 2026-06-16 23:25:00+00:00, run_after=2026-06-16 23:26:00+00:00
[2026-06-16T23:26:29.827+0000] {processor.py:183} INFO - Processing /home/airflow/.local/lib/python3.12/site-packages/airflow/example_dags/example_branch_python_dop_operator_3.py took 0.074 seconds
[2026-06-16T23:27:00.483+0000] {processor.py:161} INFO - Started process (PID=1434) to work on /home/airflow/.local/lib/python3.12/site-packages/airflow/example_dags/example_branch_python_dop_operator_3.py
[2026-06-16T23:27:00.484+0000] {processor.py:830} INFO - Processing file /home/airflow/.local/lib/python3.12/site-packages/airflow/example_dags/example_branch_python_dop_operator_3.py for tasks to queue
[2026-06-16T23:27:00.486+0000] {logging_mixin.py:188} INFO - [2026-06-16T23:27:00.486+0000] {dagbag.py:545} INFO - Filling up the DagBag from /home/airflow/.local/lib/python3.12/site-packages/airflow/example_dags/example_branch_python_dop_operator_3.py
[2026-06-16T23:27:00.500+0000] {processor.py:840} INFO - DAG(s) 'example_branch_dop_operator_v3' retrieved from /home/airflow/.local/lib/python3.12/site-packages/airflow/example_dags/example_branch_python_dop_operator_3.py
[2026-06-16T23:27:00.525+0000] {logging_mixin.py:188} INFO - [2026-06-16T23:27:00.524+0000] {dag.py:3089} INFO - Sync 1 DAGs
[2026-06-16T23:27:00.551+0000] {logging_mixin.py:188} INFO - [2026-06-16T23:27:00.550+0000] {dag.py:3947} INFO - Setting next_dagrun for example_branch_dop_operator_v3 to 2026-06-16 23:26:00+00:00, run_after=2026-06-16 23:27:00+00:00
[2026-06-16T23:27:00.567+0000] {processor.py:183} INFO - Processing /home/airflow/.local/lib/python3.12/site-packages/airflow/example_dags/example_branch_python_dop_operator_3.py took 0.091 seconds
[2026-06-16T23:27:30.719+0000] {processor.py:161} INFO - Started process (PID=1493) to work on /home/airflow/.local/lib/python3.12/site-packages/airflow/example_dags/example_branch_python_dop_operator_3.py
[2026-06-16T23:27:30.720+0000] {processor.py:830} INFO - Processing file /home/airflow/.local/lib/python3.12/site-packages/airflow/example_dags/example_branch_python_dop_operator_3.py for tasks to queue
[2026-06-16T23:27:30.721+0000] {logging_mixin.py:188} INFO - [2026-06-16T23:27:30.721+0000] {dagbag.py:545} INFO - Filling up the DagBag from /home/airflow/.local/lib/python3.12/site-packages/airflow/example_dags/example_branch_python_dop_operator_3.py
[2026-06-16T23:27:30.729+0000] {processor.py:840} INFO - DAG(s) 'example_branch_dop_operator_v3' retrieved from /home/airflow/.local/lib/python3.12/site-packages/airflow/example_dags/example_branch_python_dop_operator_3.py
[2026-06-16T23:27:30.748+0000] {logging_mixin.py:188} INFO - [2026-06-16T23:27:30.748+0000] {dag.py:3089} INFO - Sync 1 DAGs
[2026-06-16T23:27:30.770+0000] {logging_mixin.py:188} INFO - [2026-06-16T23:27:30.770+0000] {dag.py:3947} INFO - Setting next_dagrun for example_branch_dop_operator_v3 to 2026-06-16 23:26:00+00:00, run_after=2026-06-16 23:27:00+00:00
[2026-06-16T23:27:30.787+0000] {processor.py:183} INFO - Processing /home/airflow/.local/lib/python3.12/site-packages/airflow/example_dags/example_branch_python_dop_operator_3.py took 0.073 seconds
[2026-06-16T23:28:01.141+0000] {processor.py:161} INFO - Started process (PID=1550) to work on /home/airflow/.local/lib/python3.12/site-packages/airflow/example_dags/example_branch_python_dop_operator_3.py
[2026-06-16T23:28:01.142+0000] {processor.py:830} INFO - Processing file /home/airflow/.local/lib/python3.12/site-packages/airflow/example_dags/example_branch_python_dop_operator_3.py for tasks to queue
[2026-06-16T23:28:01.144+0000] {logging_mixin.py:188} INFO - [2026-06-16T23:28:01.144+0000] {dagbag.py:545} INFO - Filling up the DagBag from /home/airflow/.local/lib/python3.12/site-packages/airflow/example_dags/example_branch_python_dop_operator_3.py
[2026-06-16T23:28:01.156+0000] {processor.py:840} INFO - DAG(s) 'example_branch_dop_operator_v3' retrieved from /home/airflow/.local/lib/python3.12/site-packages/airflow/example_dags/example_branch_python_dop_operator_3.py
[2026-06-16T23:28:01.182+0000] {logging_mixin.py:188} INFO - [2026-06-16T23:28:01.181+0000] {dag.py:3089} INFO - Sync 1 DAGs
[2026-06-16T23:28:01.215+0000] {logging_mixin.py:188} INFO - [2026-06-16T23:28:01.215+0000] {dag.py:3947} INFO - Setting next_dagrun for example_branch_dop_operator_v3 to 2026-06-16 23:27:00+00:00, run_after=2026-06-16 23:28:00+00:00
[2026-06-16T23:28:01.237+0000] {processor.py:183} INFO - Processing /home/airflow/.local/lib/python3.12/site-packages/airflow/example_dags/example_branch_python_dop_operator_3.py took 0.104 seconds
[2026-06-16T23:28:31.515+0000] {processor.py:161} INFO - Started process (PID=1608) to work on /home/airflow/.local/lib/python3.12/site-packages/airflow/example_dags/example_branch_python_dop_operator_3.py
[2026-06-16T23:28:31.516+0000] {processor.py:830} INFO - Processing file /home/airflow/.local/lib/python3.12/site-packages/airflow/example_dags/example_branch_python_dop_operator_3.py for tasks to queue
[2026-06-16T23:28:31.517+0000] {logging_mixin.py:188} INFO - [2026-06-16T23:28:31.517+0000] {dagbag.py:545} INFO - Filling up the DagBag from /home/airflow/.local/lib/python3.12/site-packages/airflow/example_dags/example_branch_python_dop_operator_3.py
[2026-06-16T23:28:31.525+0000] {processor.py:840} INFO - DAG(s) 'example_branch_dop_operator_v3' retrieved from /home/airflow/.local/lib/python3.12/site-packages/airflow/example_dags/example_branch_python_dop_operator_3.py
[2026-06-16T23:28:31.543+0000] {logging_mixin.py:188} INFO - [2026-06-16T23:28:31.543+0000] {dag.py:3089} INFO - Sync 1 DAGs
[2026-06-16T23:28:31.565+0000] {logging_mixin.py:188} INFO - [2026-06-16T23:28:31.565+0000] {dag.py:3947} INFO - Setting next_dagrun for example_branch_dop_operator_v3 to 2026-06-16 23:27:00+00:00, run_after=2026-06-16 23:28:00+00:00
[2026-06-16T23:28:31.581+0000] {processor.py:183} INFO - Processing /home/airflow/.local/lib/python3.12/site-packages/airflow/example_dags/example_branch_python_dop_operator_3.py took 0.071 seconds
[2026-06-16T23:29:02.527+0000] {processor.py:161} INFO - Started process (PID=1666) to work on /home/airflow/.local/lib/python3.12/site-packages/airflow/example_dags/example_branch_python_dop_operator_3.py
[2026-06-16T23:29:02.528+0000] {processor.py:830} INFO - Processing file /home/airflow/.local/lib/python3.12/site-packages/airflow/example_dags/example_branch_python_dop_operator_3.py for tasks to queue
[2026-06-16T23:29:02.530+0000] {logging_mixin.py:188} INFO - [2026-06-16T23:29:02.530+0000] {dagbag.py:545} INFO - Filling up the DagBag from /home/airflow/.local/lib/python3.12/site-packages/airflow/example_dags/example_branch_python_dop_operator_3.py
[2026-06-16T23:29:02.538+0000] {processor.py:840} INFO - DAG(s) 'example_branch_dop_operator_v3' retrieved from /home/airflow/.local/lib/python3.12/site-packages/airflow/example_dags/example_branch_python_dop_operator_3.py
[2026-06-16T23:29:02.560+0000] {logging_mixin.py:188} INFO - [2026-06-16T23:29:02.560+0000] {dag.py:3089} INFO - Sync 1 DAGs
[2026-06-16T23:29:02.583+0000] {logging_mixin.py:188} INFO - [2026-06-16T23:29:02.583+0000] {dag.py:3947} INFO - Setting next_dagrun for example_branch_dop_operator_v3 to 2026-06-16 23:28:00+00:00, run_after=2026-06-16 23:29:00+00:00
[2026-06-16T23:29:02.600+0000] {processor.py:183} INFO - Processing /home/airflow/.local/lib/python3.12/site-packages/airflow/example_dags/example_branch_python_dop_operator_3.py took 0.078 seconds
[2026-06-16T23:29:33.415+0000] {processor.py:161} INFO - Started process (PID=1724) to work on /home/airflow/.local/lib/python3.12/site-packages/airflow/example_dags/example_branch_python_dop_operator_3.py
[2026-06-16T23:29:33.416+0000] {processor.py:830} INFO - Processing file /home/airflow/.local/lib/python3.12/site-packages/airflow/example_dags/example_branch_python_dop_operator_3.py for tasks to queue
[2026-06-16T23:29:33.419+0000] {logging_mixin.py:188} INFO - [2026-06-16T23:29:33.418+0000] {dagbag.py:545} INFO - Filling up the DagBag from /home/airflow/.local/lib/python3.12/site-packages/airflow/example_dags/example_branch_python_dop_operator_3.py
[2026-06-16T23:29:33.431+0000] {processor.py:840} INFO - DAG(s) 'example_branch_dop_operator_v3' retrieved from /home/airflow/.local/lib/python3.12/site-packages/airflow/example_dags/example_branch_python_dop_operator_3.py
[2026-06-16T23:29:33.458+0000] {logging_mixin.py:188} INFO - [2026-06-16T23:29:33.457+0000] {dag.py:3089} INFO - Sync 1 DAGs
[2026-06-16T23:29:33.493+0000] {logging_mixin.py:188} INFO - [2026-06-16T23:29:33.493+0000] {dag.py:3947} INFO - Setting next_dagrun for example_branch_dop_operator_v3 to 2026-06-16 23:28:00+00:00, run_after=2026-06-16 23:29:00+00:00
[2026-06-16T23:29:33.682+0000] {processor.py:183} INFO - Processing /home/airflow/.local/lib/python3.12/site-packages/airflow/example_dags/example_branch_python_dop_operator_3.py took 0.275 seconds
[2026-06-16T23:30:03.963+0000] {processor.py:161} INFO - Started process (PID=1781) to work on /home/airflow/.local/lib/python3.12/site-packages/airflow/example_dags/example_branch_python_dop_operator_3.py
[2026-06-16T23:30:03.963+0000] {processor.py:830} INFO - Processing file /home/airflow/.local/lib/python3.12/site-packages/airflow/example_dags/example_branch_python_dop_operator_3.py for tasks to queue
[2026-06-16T23:30:03.965+0000] {logging_mixin.py:188} INFO - [2026-06-16T23:30:03.965+0000] {dagbag.py:545} INFO - Filling up the DagBag from /home/airflow/.local/lib/python3.12/site-packages/airflow/example_dags/example_branch_python_dop_operator_3.py
[2026-06-16T23:30:03.973+0000] {processor.py:840} INFO - DAG(s) 'example_branch_dop_operator_v3' retrieved from /home/airflow/.local/lib/python3.12/site-packages/airflow/example_dags/example_branch_python_dop_operator_3.py
[2026-06-16T23:30:04.004+0000] {logging_mixin.py:188} INFO - [2026-06-16T23:30:04.003+0000] {dag.py:3089} INFO - Sync 1 DAGs
[2026-06-16T23:30:04.026+0000] {logging_mixin.py:188} INFO - [2026-06-16T23:30:04.026+0000] {dag.py:3947} INFO - Setting next_dagrun for example_branch_dop_operator_v3 to 2026-06-16 23:29:00+00:00, run_after=2026-06-16 23:30:00+00:00
[2026-06-16T23:30:04.221+0000] {processor.py:183} INFO - Processing /home/airflow/.local/lib/python3.12/site-packages/airflow/example_dags/example_branch_python_dop_operator_3.py took 0.264 seconds
[2026-06-16T23:30:35.185+0000] {processor.py:161} INFO - Started process (PID=1839) to work on /home/airflow/.local/lib/python3.12/site-packages/airflow/example_dags/example_branch_python_dop_operator_3.py
[2026-06-16T23:30:35.186+0000] {processor.py:830} INFO - Processing file /home/airflow/.local/lib/python3.12/site-packages/airflow/example_dags/example_branch_python_dop_operator_3.py for tasks to queue
[2026-06-16T23:30:35.188+0000] {logging_mixin.py:188} INFO - [2026-06-16T23:30:35.188+0000] {dagbag.py:545} INFO - Filling up the DagBag from /home/airflow/.local/lib/python3.12/site-packages/airflow/example_dags/example_branch_python_dop_operator_3.py
[2026-06-16T23:30:35.202+0000] {processor.py:840} INFO - DAG(s) 'example_branch_dop_operator_v3' retrieved from /home/airflow/.local/lib/python3.12/site-packages/airflow/example_dags/example_branch_python_dop_operator_3.py
[2026-06-16T23:30:35.226+0000] {logging_mixin.py:188} INFO - [2026-06-16T23:30:35.225+0000] {dag.py:3089} INFO - Sync 1 DAGs
[2026-06-16T23:30:35.257+0000] {logging_mixin.py:188} INFO - [2026-06-16T23:30:35.257+0000] {dag.py:3947} INFO - Setting next_dagrun for example_branch_dop_operator_v3 to 2026-06-16 23:29:00+00:00, run_after=2026-06-16 23:30:00+00:00
[2026-06-16T23:30:35.279+0000] {processor.py:183} INFO - Processing /home/airflow/.local/lib/python3.12/site-packages/airflow/example_dags/example_branch_python_dop_operator_3.py took 0.102 seconds
[2026-06-16T23:31:05.319+0000] {processor.py:161} INFO - Started process (PID=1897) to work on /home/airflow/.local/lib/python3.12/site-packages/airflow/example_dags/example_branch_python_dop_operator_3.py
[2026-06-16T23:31:05.320+0000] {processor.py:830} INFO - Processing file /home/airflow/.local/lib/python3.12/site-packages/airflow/example_dags/example_branch_python_dop_operator_3.py for tasks to queue
[2026-06-16T23:31:05.322+0000] {logging_mixin.py:188} INFO - [2026-06-16T23:31:05.322+0000] {dagbag.py:545} INFO - Filling up the DagBag from /home/airflow/.local/lib/python3.12/site-packages/airflow/example_dags/example_branch_python_dop_operator_3.py
[2026-06-16T23:31:05.334+0000] {processor.py:840} INFO - DAG(s) 'example_branch_dop_operator_v3' retrieved from /home/airflow/.local/lib/python3.12/site-packages/airflow/example_dags/example_branch_python_dop_operator_3.py
[2026-06-16T23:31:05.366+0000] {logging_mixin.py:188} INFO - [2026-06-16T23:31:05.366+0000] {dag.py:3089} INFO - Sync 1 DAGs
[2026-06-16T23:31:05.402+0000] {logging_mixin.py:188} INFO - [2026-06-16T23:31:05.402+0000] {dag.py:3947} INFO - Setting next_dagrun for example_branch_dop_operator_v3 to 2026-06-16 23:30:00+00:00, run_after=2026-06-16 23:31:00+00:00
[2026-06-16T23:31:05.425+0000] {processor.py:183} INFO - Processing /home/airflow/.local/lib/python3.12/site-packages/airflow/example_dags/example_branch_python_dop_operator_3.py took 0.112 seconds
[2026-06-16T23:31:35.535+0000] {processor.py:161} INFO - Started process (PID=1955) to work on /home/airflow/.local/lib/python3.12/site-packages/airflow/example_dags/example_branch_python_dop_operator_3.py
[2026-06-16T23:31:35.536+0000] {processor.py:830} INFO - Processing file /home/airflow/.local/lib/python3.12/site-packages/airflow/example_dags/example_branch_python_dop_operator_3.py for tasks to queue
[2026-06-16T23:31:35.538+0000] {logging_mixin.py:188} INFO - [2026-06-16T23:31:35.537+0000] {dagbag.py:545} INFO - Filling up the DagBag from /home/airflow/.local/lib/python3.12/site-packages/airflow/example_dags/example_branch_python_dop_operator_3.py
[2026-06-16T23:31:35.548+0000] {processor.py:840} INFO - DAG(s) 'example_branch_dop_operator_v3' retrieved from /home/airflow/.local/lib/python3.12/site-packages/airflow/example_dags/example_branch_python_dop_operator_3.py
[2026-06-16T23:31:35.746+0000] {logging_mixin.py:188} INFO - [2026-06-16T23:31:35.746+0000] {dag.py:3089} INFO - Sync 1 DAGs
[2026-06-16T23:31:35.767+0000] {logging_mixin.py:188} INFO - [2026-06-16T23:31:35.767+0000] {dag.py:3947} INFO - Setting next_dagrun for example_branch_dop_operator_v3 to 2026-06-16 23:30:00+00:00, run_after=2026-06-16 23:31:00+00:00
[2026-06-16T23:31:35.782+0000] {processor.py:183} INFO - Processing /home/airflow/.local/lib/python3.12/site-packages/airflow/example_dags/example_branch_python_dop_operator_3.py took 0.254 seconds
[2026-06-16T23:32:06.098+0000] {processor.py:161} INFO - Started process (PID=2013) to work on /home/airflow/.local/lib/python3.12/site-packages/airflow/example_dags/example_branch_python_dop_operator_3.py
[2026-06-16T23:32:06.099+0000] {processor.py:830} INFO - Processing file /home/airflow/.local/lib/python3.12/site-packages/airflow/example_dags/example_branch_python_dop_operator_3.py for tasks to queue
[2026-06-16T23:32:06.101+0000] {logging_mixin.py:188} INFO - [2026-06-16T23:32:06.100+0000] {dagbag.py:545} INFO - Filling up the DagBag from /home/airflow/.local/lib/python3.12/site-packages/airflow/example_dags/example_branch_python_dop_operator_3.py
[2026-06-16T23:32:06.111+0000] {processor.py:840} INFO - DAG(s) 'example_branch_dop_operator_v3' retrieved from /home/airflow/.local/lib/python3.12/site-packages/airflow/example_dags/example_branch_python_dop_operator_3.py
[2026-06-16T23:32:06.135+0000] {logging_mixin.py:188} INFO - [2026-06-16T23:32:06.135+0000] {dag.py:3089} INFO - Sync 1 DAGs
[2026-06-16T23:32:06.164+0000] {logging_mixin.py:188} INFO - [2026-06-16T23:32:06.164+0000] {dag.py:3947} INFO - Setting next_dagrun for example_branch_dop_operator_v3 to 2026-06-16 23:31:00+00:00, run_after=2026-06-16 23:32:00+00:00
[2026-06-16T23:32:06.182+0000] {processor.py:183} INFO - Processing /home/airflow/.local/lib/python3.12/site-packages/airflow/example_dags/example_branch_python_dop_operator_3.py took 0.091 seconds
[2026-06-16T23:32:36.540+0000] {processor.py:161} INFO - Started process (PID=2071) to work on /home/airflow/.local/lib/python3.12/site-packages/airflow/example_dags/example_branch_python_dop_operator_3.py
[2026-06-16T23:32:36.543+0000] {processor.py:830} INFO - Processing file /home/airflow/.local/lib/python3.12/site-packages/airflow/example_dags/example_branch_python_dop_operator_3.py for tasks to queue
[2026-06-16T23:32:36.554+0000] {logging_mixin.py:188} INFO - [2026-06-16T23:32:36.553+0000] {dagbag.py:545} INFO - Filling up the DagBag from /home/airflow/.local/lib/python3.12/site-packages/airflow/example_dags/example_branch_python_dop_operator_3.py
[2026-06-16T23:32:36.589+0000] {processor.py:840} INFO - DAG(s) 'example_branch_dop_operator_v3' retrieved from /home/airflow/.local/lib/python3.12/site-packages/airflow/example_dags/example_branch_python_dop_operator_3.py
[2026-06-16T23:32:36.652+0000] {logging_mixin.py:188} INFO - [2026-06-16T23:32:36.651+0000] {dag.py:3089} INFO - Sync 1 DAGs
[2026-06-16T23:32:36.718+0000] {logging_mixin.py:188} INFO - [2026-06-16T23:32:36.718+0000] {dag.py:3947} INFO - Setting next_dagrun for example_branch_dop_operator_v3 to 2026-06-16 23:31:00+00:00, run_after=2026-06-16 23:32:00+00:00
[2026-06-16T23:32:36.799+0000] {processor.py:183} INFO - Processing /home/airflow/.local/lib/python3.12/site-packages/airflow/example_dags/example_branch_python_dop_operator_3.py took 0.274 seconds
[2026-06-16T23:33:07.130+0000] {processor.py:161} INFO - Started process (PID=2129) to work on /home/airflow/.local/lib/python3.12/site-packages/airflow/example_dags/example_branch_python_dop_operator_3.py
[2026-06-16T23:33:07.130+0000] {processor.py:830} INFO - Processing file /home/airflow/.local/lib/python3.12/site-packages/airflow/example_dags/example_branch_python_dop_operator_3.py for tasks to queue
[2026-06-16T23:33:07.133+0000] {logging_mixin.py:188} INFO - [2026-06-16T23:33:07.132+0000] {dagbag.py:545} INFO - Filling up the DagBag from /home/airflow/.local/lib/python3.12/site-packages/airflow/example_dags/example_branch_python_dop_operator_3.py
[2026-06-16T23:33:07.144+0000] {processor.py:840} INFO - DAG(s) 'example_branch_dop_operator_v3' retrieved from /home/airflow/.local/lib/python3.12/site-packages/airflow/example_dags/example_branch_python_dop_operator_3.py
[2026-06-16T23:33:07.182+0000] {logging_mixin.py:188} INFO - [2026-06-16T23:33:07.181+0000] {dag.py:3089} INFO - Sync 1 DAGs
[2026-06-16T23:33:07.257+0000] {logging_mixin.py:188} INFO - [2026-06-16T23:33:07.254+0000] {dag.py:3947} INFO - Setting next_dagrun for example_branch_dop_operator_v3 to 2026-06-16 23:32:00+00:00, run_after=2026-06-16 23:33:00+00:00
[2026-06-16T23:33:07.303+0000] {processor.py:183} INFO - Processing /home/airflow/.local/lib/python3.12/site-packages/airflow/example_dags/example_branch_python_dop_operator_3.py took 0.182 seconds
[2026-06-16T23:33:37.623+0000] {processor.py:161} INFO - Started process (PID=2187) to work on /home/airflow/.local/lib/python3.12/site-packages/airflow/example_dags/example_branch_python_dop_operator_3.py
[2026-06-16T23:33:37.624+0000] {processor.py:830} INFO - Processing file /home/airflow/.local/lib/python3.12/site-packages/airflow/example_dags/example_branch_python_dop_operator_3.py for tasks to queue
[2026-06-16T23:33:37.626+0000] {logging_mixin.py:188} INFO - [2026-06-16T23:33:37.626+0000] {dagbag.py:545} INFO - Filling up the DagBag from /home/airflow/.local/lib/python3.12/site-packages/airflow/example_dags/example_branch_python_dop_operator_3.py
[2026-06-16T23:33:37.637+0000] {processor.py:840} INFO - DAG(s) 'example_branch_dop_operator_v3' retrieved from /home/airflow/.local/lib/python3.12/site-packages/airflow/example_dags/example_branch_python_dop_operator_3.py
[2026-06-16T23:33:37.663+0000] {logging_mixin.py:188} INFO - [2026-06-16T23:33:37.663+0000] {dag.py:3089} INFO - Sync 1 DAGs
[2026-06-16T23:33:37.694+0000] {logging_mixin.py:188} INFO - [2026-06-16T23:33:37.694+0000] {dag.py:3947} INFO - Setting next_dagrun for example_branch_dop_operator_v3 to 2026-06-16 23:32:00+00:00, run_after=2026-06-16 23:33:00+00:00
[2026-06-16T23:33:37.715+0000] {processor.py:183} INFO - Processing /home/airflow/.local/lib/python3.12/site-packages/airflow/example_dags/example_branch_python_dop_operator_3.py took 0.100 seconds
[2026-06-16T23:34:07.932+0000] {processor.py:161} INFO - Started process (PID=2246) to work on /home/airflow/.local/lib/python3.12/site-packages/airflow/example_dags/example_branch_python_dop_operator_3.py
[2026-06-16T23:34:07.933+0000] {processor.py:830} INFO - Processing file /home/airflow/.local/lib/python3.12/site-packages/airflow/example_dags/example_branch_python_dop_operator_3.py for tasks to queue
[2026-06-16T23:34:07.935+0000] {logging_mixin.py:188} INFO - [2026-06-16T23:34:07.935+0000] {dagbag.py:545} INFO - Filling up the DagBag from /home/airflow/.local/lib/python3.12/site-packages/airflow/example_dags/example_branch_python_dop_operator_3.py
[2026-06-16T23:34:07.946+0000] {processor.py:840} INFO - DAG(s) 'example_branch_dop_operator_v3' retrieved from /home/airflow/.local/lib/python3.12/site-packages/airflow/example_dags/example_branch_python_dop_operator_3.py
[2026-06-16T23:34:07.970+0000] {logging_mixin.py:188} INFO - [2026-06-16T23:34:07.970+0000] {dag.py:3089} INFO - Sync 1 DAGs
[2026-06-16T23:34:08.000+0000] {logging_mixin.py:188} INFO - [2026-06-16T23:34:08.000+0000] {dag.py:3947} INFO - Setting next_dagrun for example_branch_dop_operator_v3 to 2026-06-16 23:33:00+00:00, run_after=2026-06-16 23:34:00+00:00
[2026-06-16T23:34:08.020+0000] {processor.py:183} INFO - Processing /home/airflow/.local/lib/python3.12/site-packages/airflow/example_dags/example_branch_python_dop_operator_3.py took 0.097 seconds
[2026-06-16T23:34:38.211+0000] {processor.py:161} INFO - Started process (PID=2303) to work on /home/airflow/.local/lib/python3.12/site-packages/airflow/example_dags/example_branch_python_dop_operator_3.py
[2026-06-16T23:34:38.212+0000] {processor.py:830} INFO - Processing file /home/airflow/.local/lib/python3.12/site-packages/airflow/example_dags/example_branch_python_dop_operator_3.py for tasks to queue
[2026-06-16T23:34:38.214+0000] {logging_mixin.py:188} INFO - [2026-06-16T23:34:38.214+0000] {dagbag.py:545} INFO - Filling up the DagBag from /home/airflow/.local/lib/python3.12/site-packages/airflow/example_dags/example_branch_python_dop_operator_3.py
[2026-06-16T23:34:38.226+0000] {processor.py:840} INFO - DAG(s) 'example_branch_dop_operator_v3' retrieved from /home/airflow/.local/lib/python3.12/site-packages/airflow/example_dags/example_branch_python_dop_operator_3.py
[2026-06-16T23:34:38.250+0000] {logging_mixin.py:188} INFO - [2026-06-16T23:34:38.249+0000] {dag.py:3089} INFO - Sync 1 DAGs
[2026-06-16T23:34:38.282+0000] {logging_mixin.py:188} INFO - [2026-06-16T23:34:38.281+0000] {dag.py:3947} INFO - Setting next_dagrun for example_branch_dop_operator_v3 to 2026-06-16 23:33:00+00:00, run_after=2026-06-16 23:34:00+00:00
[2026-06-16T23:34:38.302+0000] {processor.py:183} INFO - Processing /home/airflow/.local/lib/python3.12/site-packages/airflow/example_dags/example_branch_python_dop_operator_3.py took 0.098 seconds
[2026-06-16T23:35:08.344+0000] {processor.py:161} INFO - Started process (PID=2361) to work on /home/airflow/.local/lib/python3.12/site-packages/airflow/example_dags/example_branch_python_dop_operator_3.py
[2026-06-16T23:35:08.345+0000] {processor.py:830} INFO - Processing file /home/airflow/.local/lib/python3.12/site-packages/airflow/example_dags/example_branch_python_dop_operator_3.py for tasks to queue
[2026-06-16T23:35:08.347+0000] {logging_mixin.py:188} INFO - [2026-06-16T23:35:08.346+0000] {dagbag.py:545} INFO - Filling up the DagBag from /home/airflow/.local/lib/python3.12/site-packages/airflow/example_dags/example_branch_python_dop_operator_3.py
[2026-06-16T23:35:08.359+0000] {processor.py:840} INFO - DAG(s) 'example_branch_dop_operator_v3' retrieved from /home/airflow/.local/lib/python3.12/site-packages/airflow/example_dags/example_branch_python_dop_operator_3.py
[2026-06-16T23:35:08.390+0000] {logging_mixin.py:188} INFO - [2026-06-16T23:35:08.390+0000] {dag.py:3089} INFO - Sync 1 DAGs
[2026-06-16T23:35:08.424+0000] {logging_mixin.py:188} INFO - [2026-06-16T23:35:08.424+0000] {dag.py:3947} INFO - Setting next_dagrun for example_branch_dop_operator_v3 to 2026-06-16 23:34:00+00:00, run_after=2026-06-16 23:35:00+00:00
[2026-06-16T23:35:08.444+0000] {processor.py:183} INFO - Processing /home/airflow/.local/lib/python3.12/site-packages/airflow/example_dags/example_branch_python_dop_operator_3.py took 0.107 seconds
[2026-06-16T23:35:38.600+0000] {processor.py:161} INFO - Started process (PID=2419) to work on /home/airflow/.local/lib/python3.12/site-packages/airflow/example_dags/example_branch_python_dop_operator_3.py
[2026-06-16T23:35:38.601+0000] {processor.py:830} INFO - Processing file /home/airflow/.local/lib/python3.12/site-packages/airflow/example_dags/example_branch_python_dop_operator_3.py for tasks to queue
[2026-06-16T23:35:38.603+0000] {logging_mixin.py:188} INFO - [2026-06-16T23:35:38.603+0000] {dagbag.py:545} INFO - Filling up the DagBag from /home/airflow/.local/lib/python3.12/site-packages/airflow/example_dags/example_branch_python_dop_operator_3.py
[2026-06-16T23:35:38.615+0000] {processor.py:840} INFO - DAG(s) 'example_branch_dop_operator_v3' retrieved from /home/airflow/.local/lib/python3.12/site-packages/airflow/example_dags/example_branch_python_dop_operator_3.py
[2026-06-16T23:35:38.638+0000] {logging_mixin.py:188} INFO - [2026-06-16T23:35:38.638+0000] {dag.py:3089} INFO - Sync 1 DAGs
[2026-06-16T23:35:38.672+0000] {logging_mixin.py:188} INFO - [2026-06-16T23:35:38.672+0000] {dag.py:3947} INFO - Setting next_dagrun for example_branch_dop_operator_v3 to 2026-06-16 23:34:00+00:00, run_after=2026-06-16 23:35:00+00:00
[2026-06-16T23:35:38.692+0000] {processor.py:183} INFO - Processing /home/airflow/.local/lib/python3.12/site-packages/airflow/example_dags/example_branch_python_dop_operator_3.py took 0.099 seconds
[2026-06-16T23:36:08.933+0000] {processor.py:161} INFO - Started process (PID=2478) to work on /home/airflow/.local/lib/python3.12/site-packages/airflow/example_dags/example_branch_python_dop_operator_3.py
[2026-06-16T23:36:08.934+0000] {processor.py:830} INFO - Processing file /home/airflow/.local/lib/python3.12/site-packages/airflow/example_dags/example_branch_python_dop_operator_3.py for tasks to queue
[2026-06-16T23:36:08.936+0000] {logging_mixin.py:188} INFO - [2026-06-16T23:36:08.936+0000] {dagbag.py:545} INFO - Filling up the DagBag from /home/airflow/.local/lib/python3.12/site-packages/airflow/example_dags/example_branch_python_dop_operator_3.py
[2026-06-16T23:36:08.948+0000] {processor.py:840} INFO - DAG(s) 'example_branch_dop_operator_v3' retrieved from /home/airflow/.local/lib/python3.12/site-packages/airflow/example_dags/example_branch_python_dop_operator_3.py
[2026-06-16T23:36:08.973+0000] {logging_mixin.py:188} INFO - [2026-06-16T23:36:08.972+0000] {dag.py:3089} INFO - Sync 1 DAGs
[2026-06-16T23:36:08.998+0000] {logging_mixin.py:188} INFO - [2026-06-16T23:36:08.998+0000] {dag.py:3947} INFO - Setting next_dagrun for example_branch_dop_operator_v3 to 2026-06-16 23:35:00+00:00, run_after=2026-06-16 23:36:00+00:00
[2026-06-16T23:36:09.014+0000] {processor.py:183} INFO - Processing /home/airflow/.local/lib/python3.12/site-packages/airflow/example_dags/example_branch_python_dop_operator_3.py took 0.087 seconds
[2026-06-16T23:36:39.320+0000] {processor.py:161} INFO - Started process (PID=2535) to work on /home/airflow/.local/lib/python3.12/site-packages/airflow/example_dags/example_branch_python_dop_operator_3.py
[2026-06-16T23:36:39.321+0000] {processor.py:830} INFO - Processing file /home/airflow/.local/lib/python3.12/site-packages/airflow/example_dags/example_branch_python_dop_operator_3.py for tasks to queue
[2026-06-16T23:36:39.323+0000] {logging_mixin.py:188} INFO - [2026-06-16T23:36:39.323+0000] {dagbag.py:545} INFO - Filling up the DagBag from /home/airflow/.local/lib/python3.12/site-packages/airflow/example_dags/example_branch_python_dop_operator_3.py
[2026-06-16T23:36:39.334+0000] {processor.py:840} INFO - DAG(s) 'example_branch_dop_operator_v3' retrieved from /home/airflow/.local/lib/python3.12/site-packages/airflow/example_dags/example_branch_python_dop_operator_3.py
[2026-06-16T23:36:39.357+0000] {logging_mixin.py:188} INFO - [2026-06-16T23:36:39.357+0000] {dag.py:3089} INFO - Sync 1 DAGs
[2026-06-16T23:36:39.392+0000] {logging_mixin.py:188} INFO - [2026-06-16T23:36:39.391+0000] {dag.py:3947} INFO - Setting next_dagrun for example_branch_dop_operator_v3 to 2026-06-16 23:35:00+00:00, run_after=2026-06-16 23:36:00+00:00
[2026-06-16T23:36:39.412+0000] {processor.py:183} INFO - Processing /home/airflow/.local/lib/python3.12/site-packages/airflow/example_dags/example_branch_python_dop_operator_3.py took 0.099 seconds
[2026-06-16T23:37:09.640+0000] {processor.py:161} INFO - Started process (PID=2593) to work on /home/airflow/.local/lib/python3.12/site-packages/airflow/example_dags/example_branch_python_dop_operator_3.py
[2026-06-16T23:37:09.641+0000] {processor.py:830} INFO - Processing file /home/airflow/.local/lib/python3.12/site-packages/airflow/example_dags/example_branch_python_dop_operator_3.py for tasks to queue
[2026-06-16T23:37:09.643+0000] {logging_mixin.py:188} INFO - [2026-06-16T23:37:09.643+0000] {dagbag.py:545} INFO - Filling up the DagBag from /home/airflow/.local/lib/python3.12/site-packages/airflow/example_dags/example_branch_python_dop_operator_3.py
[2026-06-16T23:37:09.654+0000] {processor.py:840} INFO - DAG(s) 'example_branch_dop_operator_v3' retrieved from /home/airflow/.local/lib/python3.12/site-packages/airflow/example_dags/example_branch_python_dop_operator_3.py
[2026-06-16T23:37:09.677+0000] {logging_mixin.py:188} INFO - [2026-06-16T23:37:09.676+0000] {dag.py:3089} INFO - Sync 1 DAGs
[2026-06-16T23:37:09.707+0000] {logging_mixin.py:188} INFO - [2026-06-16T23:37:09.707+0000] {dag.py:3947} INFO - Setting next_dagrun for example_branch_dop_operator_v3 to 2026-06-16 23:36:00+00:00, run_after=2026-06-16 23:37:00+00:00
[2026-06-16T23:37:09.737+0000] {processor.py:183} INFO - Processing /home/airflow/.local/lib/python3.12/site-packages/airflow/example_dags/example_branch_python_dop_operator_3.py took 0.103 seconds
[2026-06-16T23:37:39.825+0000] {processor.py:161} INFO - Started process (PID=2651) to work on /home/airflow/.local/lib/python3.12/site-packages/airflow/example_dags/example_branch_python_dop_operator_3.py
[2026-06-16T23:37:39.826+0000] {processor.py:830} INFO - Processing file /home/airflow/.local/lib/python3.12/site-packages/airflow/example_dags/example_branch_python_dop_operator_3.py for tasks to queue
[2026-06-16T23:37:39.830+0000] {logging_mixin.py:188} INFO - [2026-06-16T23:37:39.830+0000] {dagbag.py:545} INFO - Filling up the DagBag from /home/airflow/.local/lib/python3.12/site-packages/airflow/example_dags/example_branch_python_dop_operator_3.py
[2026-06-16T23:37:39.846+0000] {processor.py:840} INFO - DAG(s) 'example_branch_dop_operator_v3' retrieved from /home/airflow/.local/lib/python3.12/site-packages/airflow/example_dags/example_branch_python_dop_operator_3.py
[2026-06-16T23:37:39.869+0000] {logging_mixin.py:188} INFO - [2026-06-16T23:37:39.869+0000] {dag.py:3089} INFO - Sync 1 DAGs
[2026-06-16T23:37:39.899+0000] {logging_mixin.py:188} INFO - [2026-06-16T23:37:39.899+0000] {dag.py:3947} INFO - Setting next_dagrun for example_branch_dop_operator_v3 to 2026-06-16 23:36:00+00:00, run_after=2026-06-16 23:37:00+00:00
[2026-06-16T23:37:39.919+0000] {processor.py:183} INFO - Processing /home/airflow/.local/lib/python3.12/site-packages/airflow/example_dags/example_branch_python_dop_operator_3.py took 0.105 seconds
[2026-06-16T23:38:10.422+0000] {processor.py:161} INFO - Started process (PID=2710) to work on /home/airflow/.local/lib/python3.12/site-packages/airflow/example_dags/example_branch_python_dop_operator_3.py
[2026-06-16T23:38:10.426+0000] {processor.py:830} INFO - Processing file /home/airflow/.local/lib/python3.12/site-packages/airflow/example_dags/example_branch_python_dop_operator_3.py for tasks to queue
[2026-06-16T23:38:10.434+0000] {logging_mixin.py:188} INFO - [2026-06-16T23:38:10.427+0000] {dagbag.py:545} INFO - Filling up the DagBag from /home/airflow/.local/lib/python3.12/site-packages/airflow/example_dags/example_branch_python_dop_operator_3.py
[2026-06-16T23:38:10.471+0000] {processor.py:840} INFO - DAG(s) 'example_branch_dop_operator_v3' retrieved from /home/airflow/.local/lib/python3.12/site-packages/airflow/example_dags/example_branch_python_dop_operator_3.py
[2026-06-16T23:38:10.508+0000] {logging_mixin.py:188} INFO - [2026-06-16T23:38:10.508+0000] {dag.py:3089} INFO - Sync 1 DAGs
[2026-06-16T23:38:10.540+0000] {logging_mixin.py:188} INFO - [2026-06-16T23:38:10.539+0000] {dag.py:3947} INFO - Setting next_dagrun for example_branch_dop_operator_v3 to 2026-06-16 23:37:00+00:00, run_after=2026-06-16 23:38:00+00:00
[2026-06-16T23:38:10.560+0000] {processor.py:183} INFO - Processing /home/airflow/.local/lib/python3.12/site-packages/airflow/example_dags/example_branch_python_dop_operator_3.py took 0.154 seconds
[2026-06-16T23:38:40.983+0000] {processor.py:161} INFO - Started process (PID=2768) to work on /home/airflow/.local/lib/python3.12/site-packages/airflow/example_dags/example_branch_python_dop_operator_3.py
[2026-06-16T23:38:40.983+0000] {processor.py:830} INFO - Processing file /home/airflow/.local/lib/python3.12/site-packages/airflow/example_dags/example_branch_python_dop_operator_3.py for tasks to queue
[2026-06-16T23:38:40.994+0000] {logging_mixin.py:188} INFO - [2026-06-16T23:38:40.994+0000] {dagbag.py:545} INFO - Filling up the DagBag from /home/airflow/.local/lib/python3.12/site-packages/airflow/example_dags/example_branch_python_dop_operator_3.py
[2026-06-16T23:38:41.017+0000] {processor.py:840} INFO - DAG(s) 'example_branch_dop_operator_v3' retrieved from /home/airflow/.local/lib/python3.12/site-packages/airflow/example_dags/example_branch_python_dop_operator_3.py
[2026-06-16T23:38:41.068+0000] {logging_mixin.py:188} INFO - [2026-06-16T23:38:41.067+0000] {dag.py:3089} INFO - Sync 1 DAGs
[2026-06-16T23:38:41.128+0000] {logging_mixin.py:188} INFO - [2026-06-16T23:38:41.128+0000] {dag.py:3947} INFO - Setting next_dagrun for example_branch_dop_operator_v3 to 2026-06-16 23:37:00+00:00, run_after=2026-06-16 23:38:00+00:00
[2026-06-16T23:38:41.148+0000] {processor.py:183} INFO - Processing /home/airflow/.local/lib/python3.12/site-packages/airflow/example_dags/example_branch_python_dop_operator_3.py took 0.173 seconds
[2026-06-16T23:39:11.300+0000] {processor.py:161} INFO - Started process (PID=2826) to work on /home/airflow/.local/lib/python3.12/site-packages/airflow/example_dags/example_branch_python_dop_operator_3.py
[2026-06-16T23:39:11.301+0000] {processor.py:830} INFO - Processing file /home/airflow/.local/lib/python3.12/site-packages/airflow/example_dags/example_branch_python_dop_operator_3.py for tasks to queue
[2026-06-16T23:39:11.303+0000] {logging_mixin.py:188} INFO - [2026-06-16T23:39:11.303+0000] {dagbag.py:545} INFO - Filling up the DagBag from /home/airflow/.local/lib/python3.12/site-packages/airflow/example_dags/example_branch_python_dop_operator_3.py
[2026-06-16T23:39:11.342+0000] {processor.py:840} INFO - DAG(s) 'example_branch_dop_operator_v3' retrieved from /home/airflow/.local/lib/python3.12/site-packages/airflow/example_dags/example_branch_python_dop_operator_3.py
[2026-06-16T23:39:11.403+0000] {logging_mixin.py:188} INFO - [2026-06-16T23:39:11.403+0000] {dag.py:3089} INFO - Sync 1 DAGs
[2026-06-16T23:39:11.467+0000] {logging_mixin.py:188} INFO - [2026-06-16T23:39:11.466+0000] {dag.py:3947} INFO - Setting next_dagrun for example_branch_dop_operator_v3 to 2026-06-16 23:38:00+00:00, run_after=2026-06-16 23:39:00+00:00
[2026-06-16T23:39:11.486+0000] {processor.py:183} INFO - Processing /home/airflow/.local/lib/python3.12/site-packages/airflow/example_dags/example_branch_python_dop_operator_3.py took 0.200 seconds
[2026-06-16T23:39:41.594+0000] {processor.py:161} INFO - Started process (PID=2885) to work on /home/airflow/.local/lib/python3.12/site-packages/airflow/example_dags/example_branch_python_dop_operator_3.py
[2026-06-16T23:39:41.595+0000] {processor.py:830} INFO - Processing file /home/airflow/.local/lib/python3.12/site-packages/airflow/example_dags/example_branch_python_dop_operator_3.py for tasks to queue
[2026-06-16T23:39:41.597+0000] {logging_mixin.py:188} INFO - [2026-06-16T23:39:41.596+0000] {dagbag.py:545} INFO - Filling up the DagBag from /home/airflow/.local/lib/python3.12/site-packages/airflow/example_dags/example_branch_python_dop_operator_3.py
[2026-06-16T23:39:41.607+0000] {processor.py:840} INFO - DAG(s) 'example_branch_dop_operator_v3' retrieved from /home/airflow/.local/lib/python3.12/site-packages/airflow/example_dags/example_branch_python_dop_operator_3.py
[2026-06-16T23:39:41.631+0000] {logging_mixin.py:188} INFO - [2026-06-16T23:39:41.631+0000] {dag.py:3089} INFO - Sync 1 DAGs
[2026-06-16T23:39:41.655+0000] {logging_mixin.py:188} INFO - [2026-06-16T23:39:41.655+0000] {dag.py:3947} INFO - Setting next_dagrun for example_branch_dop_operator_v3 to 2026-06-16 23:38:00+00:00, run_after=2026-06-16 23:39:00+00:00
[2026-06-16T23:39:41.670+0000] {processor.py:183} INFO - Processing /home/airflow/.local/lib/python3.12/site-packages/airflow/example_dags/example_branch_python_dop_operator_3.py took 0.084 seconds
[2026-06-16T23:40:11.982+0000] {processor.py:161} INFO - Started process (PID=2943) to work on /home/airflow/.local/lib/python3.12/site-packages/airflow/example_dags/example_branch_python_dop_operator_3.py
[2026-06-16T23:40:11.983+0000] {processor.py:830} INFO - Processing file /home/airflow/.local/lib/python3.12/site-packages/airflow/example_dags/example_branch_python_dop_operator_3.py for tasks to queue
[2026-06-16T23:40:11.985+0000] {logging_mixin.py:188} INFO - [2026-06-16T23:40:11.985+0000] {dagbag.py:545} INFO - Filling up the DagBag from /home/airflow/.local/lib/python3.12/site-packages/airflow/example_dags/example_branch_python_dop_operator_3.py
[2026-06-16T23:40:11.996+0000] {processor.py:840} INFO - DAG(s) 'example_branch_dop_operator_v3' retrieved from /home/airflow/.local/lib/python3.12/site-packages/airflow/example_dags/example_branch_python_dop_operator_3.py
[2026-06-16T23:40:12.021+0000] {logging_mixin.py:188} INFO - [2026-06-16T23:40:12.021+0000] {dag.py:3089} INFO - Sync 1 DAGs
[2026-06-16T23:40:12.052+0000] {logging_mixin.py:188} INFO - [2026-06-16T23:40:12.052+0000] {dag.py:3947} INFO - Setting next_dagrun for example_branch_dop_operator_v3 to 2026-06-16 23:39:00+00:00, run_after=2026-06-16 23:40:00+00:00
[2026-06-16T23:40:12.070+0000] {processor.py:183} INFO - Processing /home/airflow/.local/lib/python3.12/site-packages/airflow/example_dags/example_branch_python_dop_operator_3.py took 0.095 seconds
[2026-06-16T23:40:42.378+0000] {processor.py:161} INFO - Started process (PID=2999) to work on /home/airflow/.local/lib/python3.12/site-packages/airflow/example_dags/example_branch_python_dop_operator_3.py
[2026-06-16T23:40:42.379+0000] {processor.py:830} INFO - Processing file /home/airflow/.local/lib/python3.12/site-packages/airflow/example_dags/example_branch_python_dop_operator_3.py for tasks to queue
[2026-06-16T23:40:42.381+0000] {logging_mixin.py:188} INFO - [2026-06-16T23:40:42.380+0000] {dagbag.py:545} INFO - Filling up the DagBag from /home/airflow/.local/lib/python3.12/site-packages/airflow/example_dags/example_branch_python_dop_operator_3.py
[2026-06-16T23:40:42.391+0000] {processor.py:840} INFO - DAG(s) 'example_branch_dop_operator_v3' retrieved from /home/airflow/.local/lib/python3.12/site-packages/airflow/example_dags/example_branch_python_dop_operator_3.py
[2026-06-16T23:40:42.415+0000] {logging_mixin.py:188} INFO - [2026-06-16T23:40:42.415+0000] {dag.py:3089} INFO - Sync 1 DAGs
[2026-06-16T23:40:42.448+0000] {logging_mixin.py:188} INFO - [2026-06-16T23:40:42.448+0000] {dag.py:3947} INFO - Setting next_dagrun for example_branch_dop_operator_v3 to 2026-06-16 23:39:00+00:00, run_after=2026-06-16 23:40:00+00:00
[2026-06-16T23:40:42.466+0000] {processor.py:183} INFO - Processing /home/airflow/.local/lib/python3.12/site-packages/airflow/example_dags/example_branch_python_dop_operator_3.py took 0.096 seconds
[2026-06-16T23:41:12.905+0000] {processor.py:161} INFO - Started process (PID=3057) to work on /home/airflow/.local/lib/python3.12/site-packages/airflow/example_dags/example_branch_python_dop_operator_3.py
[2026-06-16T23:41:12.906+0000] {processor.py:830} INFO - Processing file /home/airflow/.local/lib/python3.12/site-packages/airflow/example_dags/example_branch_python_dop_operator_3.py for tasks to queue
[2026-06-16T23:41:12.908+0000] {logging_mixin.py:188} INFO - [2026-06-16T23:41:12.908+0000] {dagbag.py:545} INFO - Filling up the DagBag from /home/airflow/.local/lib/python3.12/site-packages/airflow/example_dags/example_branch_python_dop_operator_3.py
[2026-06-16T23:41:12.920+0000] {processor.py:840} INFO - DAG(s) 'example_branch_dop_operator_v3' retrieved from /home/airflow/.local/lib/python3.12/site-packages/airflow/example_dags/example_branch_python_dop_operator_3.py
[2026-06-16T23:41:12.944+0000] {logging_mixin.py:188} INFO - [2026-06-16T23:41:12.944+0000] {dag.py:3089} INFO - Sync 1 DAGs
[2026-06-16T23:41:12.977+0000] {logging_mixin.py:188} INFO - [2026-06-16T23:41:12.977+0000] {dag.py:3947} INFO - Setting next_dagrun for example_branch_dop_operator_v3 to 2026-06-16 23:40:00+00:00, run_after=2026-06-16 23:41:00+00:00
[2026-06-16T23:41:12.998+0000] {processor.py:183} INFO - Processing /home/airflow/.local/lib/python3.12/site-packages/airflow/example_dags/example_branch_python_dop_operator_3.py took 0.101 seconds
[2026-06-16T23:41:43.217+0000] {processor.py:161} INFO - Started process (PID=3114) to work on /home/airflow/.local/lib/python3.12/site-packages/airflow/example_dags/example_branch_python_dop_operator_3.py
[2026-06-16T23:41:43.218+0000] {processor.py:830} INFO - Processing file /home/airflow/.local/lib/python3.12/site-packages/airflow/example_dags/example_branch_python_dop_operator_3.py for tasks to queue
[2026-06-16T23:41:43.220+0000] {logging_mixin.py:188} INFO - [2026-06-16T23:41:43.220+0000] {dagbag.py:545} INFO - Filling up the DagBag from /home/airflow/.local/lib/python3.12/site-packages/airflow/example_dags/example_branch_python_dop_operator_3.py
[2026-06-16T23:41:43.232+0000] {processor.py:840} INFO - DAG(s) 'example_branch_dop_operator_v3' retrieved from /home/airflow/.local/lib/python3.12/site-packages/airflow/example_dags/example_branch_python_dop_operator_3.py
[2026-06-16T23:41:43.258+0000] {logging_mixin.py:188} INFO - [2026-06-16T23:41:43.257+0000] {dag.py:3089} INFO - Sync 1 DAGs
[2026-06-16T23:41:43.290+0000] {logging_mixin.py:188} INFO - [2026-06-16T23:41:43.290+0000] {dag.py:3947} INFO - Setting next_dagrun for example_branch_dop_operator_v3 to 2026-06-16 23:40:00+00:00, run_after=2026-06-16 23:41:00+00:00
[2026-06-16T23:41:43.309+0000] {processor.py:183} INFO - Processing /home/airflow/.local/lib/python3.12/site-packages/airflow/example_dags/example_branch_python_dop_operator_3.py took 0.099 seconds
[2026-06-16T23:42:13.655+0000] {processor.py:161} INFO - Started process (PID=3172) to work on /home/airflow/.local/lib/python3.12/site-packages/airflow/example_dags/example_branch_python_dop_operator_3.py
[2026-06-16T23:42:13.656+0000] {processor.py:830} INFO - Processing file /home/airflow/.local/lib/python3.12/site-packages/airflow/example_dags/example_branch_python_dop_operator_3.py for tasks to queue
[2026-06-16T23:42:13.658+0000] {logging_mixin.py:188} INFO - [2026-06-16T23:42:13.658+0000] {dagbag.py:545} INFO - Filling up the DagBag from /home/airflow/.local/lib/python3.12/site-packages/airflow/example_dags/example_branch_python_dop_operator_3.py
[2026-06-16T23:42:13.669+0000] {processor.py:840} INFO - DAG(s) 'example_branch_dop_operator_v3' retrieved from /home/airflow/.local/lib/python3.12/site-packages/airflow/example_dags/example_branch_python_dop_operator_3.py
[2026-06-16T23:42:13.694+0000] {logging_mixin.py:188} INFO - [2026-06-16T23:42:13.694+0000] {dag.py:3089} INFO - Sync 1 DAGs
[2026-06-16T23:42:13.726+0000] {logging_mixin.py:188} INFO - [2026-06-16T23:42:13.725+0000] {dag.py:3947} INFO - Setting next_dagrun for example_branch_dop_operator_v3 to 2026-06-16 23:41:00+00:00, run_after=2026-06-16 23:42:00+00:00
[2026-06-16T23:42:13.746+0000] {processor.py:183} INFO - Processing /home/airflow/.local/lib/python3.12/site-packages/airflow/example_dags/example_branch_python_dop_operator_3.py took 0.099 seconds
[2026-06-16T23:42:44.003+0000] {processor.py:161} INFO - Started process (PID=3230) to work on /home/airflow/.local/lib/python3.12/site-packages/airflow/example_dags/example_branch_python_dop_operator_3.py
[2026-06-16T23:42:44.004+0000] {processor.py:830} INFO - Processing file /home/airflow/.local/lib/python3.12/site-packages/airflow/example_dags/example_branch_python_dop_operator_3.py for tasks to queue
[2026-06-16T23:42:44.006+0000] {logging_mixin.py:188} INFO - [2026-06-16T23:42:44.006+0000] {dagbag.py:545} INFO - Filling up the DagBag from /home/airflow/.local/lib/python3.12/site-packages/airflow/example_dags/example_branch_python_dop_operator_3.py
[2026-06-16T23:42:44.017+0000] {processor.py:840} INFO - DAG(s) 'example_branch_dop_operator_v3' retrieved from /home/airflow/.local/lib/python3.12/site-packages/airflow/example_dags/example_branch_python_dop_operator_3.py
[2026-06-16T23:42:44.042+0000] {logging_mixin.py:188} INFO - [2026-06-16T23:42:44.042+0000] {dag.py:3089} INFO - Sync 1 DAGs
[2026-06-16T23:42:44.073+0000] {logging_mixin.py:188} INFO - [2026-06-16T23:42:44.073+0000] {dag.py:3947} INFO - Setting next_dagrun for example_branch_dop_operator_v3 to 2026-06-16 23:41:00+00:00, run_after=2026-06-16 23:42:00+00:00
[2026-06-16T23:42:44.095+0000] {processor.py:183} INFO - Processing /home/airflow/.local/lib/python3.12/site-packages/airflow/example_dags/example_branch_python_dop_operator_3.py took 0.100 seconds
[2026-06-16T23:43:14.342+0000] {processor.py:161} INFO - Started process (PID=3287) to work on /home/airflow/.local/lib/python3.12/site-packages/airflow/example_dags/example_branch_python_dop_operator_3.py
[2026-06-16T23:43:14.343+0000] {processor.py:830} INFO - Processing file /home/airflow/.local/lib/python3.12/site-packages/airflow/example_dags/example_branch_python_dop_operator_3.py for tasks to queue
[2026-06-16T23:43:14.345+0000] {logging_mixin.py:188} INFO - [2026-06-16T23:43:14.345+0000] {dagbag.py:545} INFO - Filling up the DagBag from /home/airflow/.local/lib/python3.12/site-packages/airflow/example_dags/example_branch_python_dop_operator_3.py
[2026-06-16T23:43:14.360+0000] {processor.py:840} INFO - DAG(s) 'example_branch_dop_operator_v3' retrieved from /home/airflow/.local/lib/python3.12/site-packages/airflow/example_dags/example_branch_python_dop_operator_3.py
[2026-06-16T23:43:14.392+0000] {logging_mixin.py:188} INFO - [2026-06-16T23:43:14.391+0000] {dag.py:3089} INFO - Sync 1 DAGs
[2026-06-16T23:43:14.424+0000] {logging_mixin.py:188} INFO - [2026-06-16T23:43:14.423+0000] {dag.py:3947} INFO - Setting next_dagrun for example_branch_dop_operator_v3 to 2026-06-16 23:42:00+00:00, run_after=2026-06-16 23:43:00+00:00
[2026-06-16T23:43:14.443+0000] {processor.py:183} INFO - Processing /home/airflow/.local/lib/python3.12/site-packages/airflow/example_dags/example_branch_python_dop_operator_3.py took 0.111 seconds
[2026-06-16T23:43:44.683+0000] {processor.py:161} INFO - Started process (PID=3345) to work on /home/airflow/.local/lib/python3.12/site-packages/airflow/example_dags/example_branch_python_dop_operator_3.py
[2026-06-16T23:43:44.684+0000] {processor.py:830} INFO - Processing file /home/airflow/.local/lib/python3.12/site-packages/airflow/example_dags/example_branch_python_dop_operator_3.py for tasks to queue
[2026-06-16T23:43:44.686+0000] {logging_mixin.py:188} INFO - [2026-06-16T23:43:44.686+0000] {dagbag.py:545} INFO - Filling up the DagBag from /home/airflow/.local/lib/python3.12/site-packages/airflow/example_dags/example_branch_python_dop_operator_3.py
[2026-06-16T23:43:44.696+0000] {processor.py:840} INFO - DAG(s) 'example_branch_dop_operator_v3' retrieved from /home/airflow/.local/lib/python3.12/site-packages/airflow/example_dags/example_branch_python_dop_operator_3.py
[2026-06-16T23:43:44.719+0000] {logging_mixin.py:188} INFO - [2026-06-16T23:43:44.719+0000] {dag.py:3089} INFO - Sync 1 DAGs
[2026-06-16T23:43:44.751+0000] {logging_mixin.py:188} INFO - [2026-06-16T23:43:44.750+0000] {dag.py:3947} INFO - Setting next_dagrun for example_branch_dop_operator_v3 to 2026-06-16 23:42:00+00:00, run_after=2026-06-16 23:43:00+00:00
[2026-06-16T23:43:44.770+0000] {processor.py:183} INFO - Processing /home/airflow/.local/lib/python3.12/site-packages/airflow/example_dags/example_branch_python_dop_operator_3.py took 0.095 seconds
