[2026-06-16T23:15:11.800+0000] {processor.py:161} INFO - Started process (PID=92) to work on /home/airflow/.local/lib/python3.12/site-packages/airflow/example_dags/example_external_task_marker_dag.py
[2026-06-16T23:15:11.804+0000] {processor.py:830} INFO - Processing file /home/airflow/.local/lib/python3.12/site-packages/airflow/example_dags/example_external_task_marker_dag.py for tasks to queue
[2026-06-16T23:15:11.809+0000] {logging_mixin.py:188} INFO - [2026-06-16T23:15:11.809+0000] {dagbag.py:545} INFO - Filling up the DagBag from /home/airflow/.local/lib/python3.12/site-packages/airflow/example_dags/example_external_task_marker_dag.py
[2026-06-16T23:15:11.825+0000] {processor.py:840} INFO - DAG(s) 'example_external_task_marker_child', 'example_external_task_marker_parent' retrieved from /home/airflow/.local/lib/python3.12/site-packages/airflow/example_dags/example_external_task_marker_dag.py
[2026-06-16T23:15:11.925+0000] {logging_mixin.py:188} INFO - [2026-06-16T23:15:11.924+0000] {dag.py:3089} INFO - Sync 2 DAGs
[2026-06-16T23:15:11.999+0000] {logging_mixin.py:188} INFO - [2026-06-16T23:15:11.999+0000] {dag.py:3947} INFO - Setting next_dagrun for example_external_task_marker_child to None, run_after=None
[2026-06-16T23:15:12.008+0000] {logging_mixin.py:188} INFO - [2026-06-16T23:15:12.008+0000] {dag.py:3947} INFO - Setting next_dagrun for example_external_task_marker_parent to None, run_after=None
[2026-06-16T23:15:12.046+0000] {processor.py:183} INFO - Processing /home/airflow/.local/lib/python3.12/site-packages/airflow/example_dags/example_external_task_marker_dag.py took 0.268 seconds
[2026-06-16T23:15:42.116+0000] {processor.py:161} INFO - Started process (PID=149) to work on /home/airflow/.local/lib/python3.12/site-packages/airflow/example_dags/example_external_task_marker_dag.py
[2026-06-16T23:15:42.117+0000] {processor.py:830} INFO - Processing file /home/airflow/.local/lib/python3.12/site-packages/airflow/example_dags/example_external_task_marker_dag.py for tasks to queue
[2026-06-16T23:15:42.119+0000] {logging_mixin.py:188} INFO - [2026-06-16T23:15:42.119+0000] {dagbag.py:545} INFO - Filling up the DagBag from /home/airflow/.local/lib/python3.12/site-packages/airflow/example_dags/example_external_task_marker_dag.py
[2026-06-16T23:15:42.126+0000] {processor.py:840} INFO - DAG(s) 'example_external_task_marker_parent', 'example_external_task_marker_child' retrieved from /home/airflow/.local/lib/python3.12/site-packages/airflow/example_dags/example_external_task_marker_dag.py
[2026-06-16T23:15:42.147+0000] {logging_mixin.py:188} INFO - [2026-06-16T23:15:42.147+0000] {dag.py:3089} INFO - Sync 2 DAGs
[2026-06-16T23:15:42.164+0000] {logging_mixin.py:188} INFO - [2026-06-16T23:15:42.164+0000] {dag.py:3947} INFO - Setting next_dagrun for example_external_task_marker_child to None, run_after=None
[2026-06-16T23:15:42.170+0000] {logging_mixin.py:188} INFO - [2026-06-16T23:15:42.169+0000] {dag.py:3947} INFO - Setting next_dagrun for example_external_task_marker_parent to None, run_after=None
[2026-06-16T23:15:42.183+0000] {processor.py:183} INFO - Processing /home/airflow/.local/lib/python3.12/site-packages/airflow/example_dags/example_external_task_marker_dag.py took 0.072 seconds
[2026-06-16T23:16:12.426+0000] {processor.py:161} INFO - Started process (PID=207) to work on /home/airflow/.local/lib/python3.12/site-packages/airflow/example_dags/example_external_task_marker_dag.py
[2026-06-16T23:16:12.427+0000] {processor.py:830} INFO - Processing file /home/airflow/.local/lib/python3.12/site-packages/airflow/example_dags/example_external_task_marker_dag.py for tasks to queue
[2026-06-16T23:16:12.429+0000] {logging_mixin.py:188} INFO - [2026-06-16T23:16:12.429+0000] {dagbag.py:545} INFO - Filling up the DagBag from /home/airflow/.local/lib/python3.12/site-packages/airflow/example_dags/example_external_task_marker_dag.py
[2026-06-16T23:16:12.437+0000] {processor.py:840} INFO - DAG(s) 'example_external_task_marker_child', 'example_external_task_marker_parent' retrieved from /home/airflow/.local/lib/python3.12/site-packages/airflow/example_dags/example_external_task_marker_dag.py
[2026-06-16T23:16:12.465+0000] {logging_mixin.py:188} INFO - [2026-06-16T23:16:12.465+0000] {dag.py:3089} INFO - Sync 2 DAGs
[2026-06-16T23:16:12.481+0000] {logging_mixin.py:188} INFO - [2026-06-16T23:16:12.481+0000] {dag.py:3947} INFO - Setting next_dagrun for example_external_task_marker_child to None, run_after=None
[2026-06-16T23:16:12.485+0000] {logging_mixin.py:188} INFO - [2026-06-16T23:16:12.485+0000] {dag.py:3947} INFO - Setting next_dagrun for example_external_task_marker_parent to None, run_after=None
[2026-06-16T23:16:12.502+0000] {processor.py:183} INFO - Processing /home/airflow/.local/lib/python3.12/site-packages/airflow/example_dags/example_external_task_marker_dag.py took 0.083 seconds
[2026-06-16T23:16:42.621+0000] {processor.py:161} INFO - Started process (PID=265) to work on /home/airflow/.local/lib/python3.12/site-packages/airflow/example_dags/example_external_task_marker_dag.py
[2026-06-16T23:16:42.622+0000] {processor.py:830} INFO - Processing file /home/airflow/.local/lib/python3.12/site-packages/airflow/example_dags/example_external_task_marker_dag.py for tasks to queue
[2026-06-16T23:16:42.624+0000] {logging_mixin.py:188} INFO - [2026-06-16T23:16:42.624+0000] {dagbag.py:545} INFO - Filling up the DagBag from /home/airflow/.local/lib/python3.12/site-packages/airflow/example_dags/example_external_task_marker_dag.py
[2026-06-16T23:16:42.632+0000] {processor.py:840} INFO - DAG(s) 'example_external_task_marker_child', 'example_external_task_marker_parent' retrieved from /home/airflow/.local/lib/python3.12/site-packages/airflow/example_dags/example_external_task_marker_dag.py
[2026-06-16T23:16:42.660+0000] {logging_mixin.py:188} INFO - [2026-06-16T23:16:42.659+0000] {dag.py:3089} INFO - Sync 2 DAGs
[2026-06-16T23:16:42.676+0000] {logging_mixin.py:188} INFO - [2026-06-16T23:16:42.676+0000] {dag.py:3947} INFO - Setting next_dagrun for example_external_task_marker_child to None, run_after=None
[2026-06-16T23:16:42.681+0000] {logging_mixin.py:188} INFO - [2026-06-16T23:16:42.680+0000] {dag.py:3947} INFO - Setting next_dagrun for example_external_task_marker_parent to None, run_after=None
[2026-06-16T23:16:42.698+0000] {processor.py:183} INFO - Processing /home/airflow/.local/lib/python3.12/site-packages/airflow/example_dags/example_external_task_marker_dag.py took 0.084 seconds
[2026-06-16T23:17:12.924+0000] {processor.py:161} INFO - Started process (PID=323) to work on /home/airflow/.local/lib/python3.12/site-packages/airflow/example_dags/example_external_task_marker_dag.py
[2026-06-16T23:17:12.925+0000] {processor.py:830} INFO - Processing file /home/airflow/.local/lib/python3.12/site-packages/airflow/example_dags/example_external_task_marker_dag.py for tasks to queue
[2026-06-16T23:17:12.927+0000] {logging_mixin.py:188} INFO - [2026-06-16T23:17:12.926+0000] {dagbag.py:545} INFO - Filling up the DagBag from /home/airflow/.local/lib/python3.12/site-packages/airflow/example_dags/example_external_task_marker_dag.py
[2026-06-16T23:17:12.932+0000] {processor.py:840} INFO - DAG(s) 'example_external_task_marker_parent', 'example_external_task_marker_child' retrieved from /home/airflow/.local/lib/python3.12/site-packages/airflow/example_dags/example_external_task_marker_dag.py
[2026-06-16T23:17:12.956+0000] {logging_mixin.py:188} INFO - [2026-06-16T23:17:12.956+0000] {dag.py:3089} INFO - Sync 2 DAGs
[2026-06-16T23:17:12.968+0000] {logging_mixin.py:188} INFO - [2026-06-16T23:17:12.968+0000] {dag.py:3947} INFO - Setting next_dagrun for example_external_task_marker_child to None, run_after=None
[2026-06-16T23:17:12.971+0000] {logging_mixin.py:188} INFO - [2026-06-16T23:17:12.971+0000] {dag.py:3947} INFO - Setting next_dagrun for example_external_task_marker_parent to None, run_after=None
[2026-06-16T23:17:12.984+0000] {processor.py:183} INFO - Processing /home/airflow/.local/lib/python3.12/site-packages/airflow/example_dags/example_external_task_marker_dag.py took 0.065 seconds
[2026-06-16T23:17:43.634+0000] {processor.py:161} INFO - Started process (PID=381) to work on /home/airflow/.local/lib/python3.12/site-packages/airflow/example_dags/example_external_task_marker_dag.py
[2026-06-16T23:17:43.635+0000] {processor.py:830} INFO - Processing file /home/airflow/.local/lib/python3.12/site-packages/airflow/example_dags/example_external_task_marker_dag.py for tasks to queue
[2026-06-16T23:17:43.636+0000] {logging_mixin.py:188} INFO - [2026-06-16T23:17:43.636+0000] {dagbag.py:545} INFO - Filling up the DagBag from /home/airflow/.local/lib/python3.12/site-packages/airflow/example_dags/example_external_task_marker_dag.py
[2026-06-16T23:17:43.642+0000] {processor.py:840} INFO - DAG(s) 'example_external_task_marker_child', 'example_external_task_marker_parent' retrieved from /home/airflow/.local/lib/python3.12/site-packages/airflow/example_dags/example_external_task_marker_dag.py
[2026-06-16T23:17:43.663+0000] {logging_mixin.py:188} INFO - [2026-06-16T23:17:43.663+0000] {dag.py:3089} INFO - Sync 2 DAGs
[2026-06-16T23:17:43.675+0000] {logging_mixin.py:188} INFO - [2026-06-16T23:17:43.675+0000] {dag.py:3947} INFO - Setting next_dagrun for example_external_task_marker_child to None, run_after=None
[2026-06-16T23:17:43.678+0000] {logging_mixin.py:188} INFO - [2026-06-16T23:17:43.678+0000] {dag.py:3947} INFO - Setting next_dagrun for example_external_task_marker_parent to None, run_after=None
[2026-06-16T23:17:43.691+0000] {processor.py:183} INFO - Processing /home/airflow/.local/lib/python3.12/site-packages/airflow/example_dags/example_external_task_marker_dag.py took 0.063 seconds
[2026-06-16T23:18:14.521+0000] {processor.py:161} INFO - Started process (PID=439) to work on /home/airflow/.local/lib/python3.12/site-packages/airflow/example_dags/example_external_task_marker_dag.py
[2026-06-16T23:18:14.522+0000] {processor.py:830} INFO - Processing file /home/airflow/.local/lib/python3.12/site-packages/airflow/example_dags/example_external_task_marker_dag.py for tasks to queue
[2026-06-16T23:18:14.524+0000] {logging_mixin.py:188} INFO - [2026-06-16T23:18:14.523+0000] {dagbag.py:545} INFO - Filling up the DagBag from /home/airflow/.local/lib/python3.12/site-packages/airflow/example_dags/example_external_task_marker_dag.py
[2026-06-16T23:18:14.531+0000] {processor.py:840} INFO - DAG(s) 'example_external_task_marker_parent', 'example_external_task_marker_child' retrieved from /home/airflow/.local/lib/python3.12/site-packages/airflow/example_dags/example_external_task_marker_dag.py
[2026-06-16T23:18:14.558+0000] {logging_mixin.py:188} INFO - [2026-06-16T23:18:14.558+0000] {dag.py:3089} INFO - Sync 2 DAGs
[2026-06-16T23:18:14.575+0000] {logging_mixin.py:188} INFO - [2026-06-16T23:18:14.575+0000] {dag.py:3947} INFO - Setting next_dagrun for example_external_task_marker_child to None, run_after=None
[2026-06-16T23:18:14.579+0000] {logging_mixin.py:188} INFO - [2026-06-16T23:18:14.579+0000] {dag.py:3947} INFO - Setting next_dagrun for example_external_task_marker_parent to None, run_after=None
[2026-06-16T23:18:14.594+0000] {processor.py:183} INFO - Processing /home/airflow/.local/lib/python3.12/site-packages/airflow/example_dags/example_external_task_marker_dag.py took 0.081 seconds
[2026-06-16T23:18:46.650+0000] {processor.py:161} INFO - Started process (PID=497) to work on /home/airflow/.local/lib/python3.12/site-packages/airflow/example_dags/example_external_task_marker_dag.py
[2026-06-16T23:18:46.654+0000] {processor.py:830} INFO - Processing file /home/airflow/.local/lib/python3.12/site-packages/airflow/example_dags/example_external_task_marker_dag.py for tasks to queue
[2026-06-16T23:18:46.659+0000] {logging_mixin.py:188} INFO - [2026-06-16T23:18:46.659+0000] {dagbag.py:545} INFO - Filling up the DagBag from /home/airflow/.local/lib/python3.12/site-packages/airflow/example_dags/example_external_task_marker_dag.py
[2026-06-16T23:18:46.672+0000] {processor.py:840} INFO - DAG(s) 'example_external_task_marker_child', 'example_external_task_marker_parent' retrieved from /home/airflow/.local/lib/python3.12/site-packages/airflow/example_dags/example_external_task_marker_dag.py
[2026-06-16T23:18:46.721+0000] {logging_mixin.py:188} INFO - [2026-06-16T23:18:46.720+0000] {dag.py:3089} INFO - Sync 2 DAGs
[2026-06-16T23:18:46.751+0000] {logging_mixin.py:188} INFO - [2026-06-16T23:18:46.751+0000] {dag.py:3947} INFO - Setting next_dagrun for example_external_task_marker_child to None, run_after=None
[2026-06-16T23:18:46.758+0000] {logging_mixin.py:188} INFO - [2026-06-16T23:18:46.758+0000] {dag.py:3947} INFO - Setting next_dagrun for example_external_task_marker_parent to None, run_after=None
[2026-06-16T23:18:46.793+0000] {processor.py:183} INFO - Processing /home/airflow/.local/lib/python3.12/site-packages/airflow/example_dags/example_external_task_marker_dag.py took 0.157 seconds
[2026-06-16T23:19:17.465+0000] {processor.py:161} INFO - Started process (PID=555) to work on /home/airflow/.local/lib/python3.12/site-packages/airflow/example_dags/example_external_task_marker_dag.py
[2026-06-16T23:19:17.466+0000] {processor.py:830} INFO - Processing file /home/airflow/.local/lib/python3.12/site-packages/airflow/example_dags/example_external_task_marker_dag.py for tasks to queue
[2026-06-16T23:19:17.469+0000] {logging_mixin.py:188} INFO - [2026-06-16T23:19:17.469+0000] {dagbag.py:545} INFO - Filling up the DagBag from /home/airflow/.local/lib/python3.12/site-packages/airflow/example_dags/example_external_task_marker_dag.py
[2026-06-16T23:19:17.480+0000] {processor.py:840} INFO - DAG(s) 'example_external_task_marker_child', 'example_external_task_marker_parent' retrieved from /home/airflow/.local/lib/python3.12/site-packages/airflow/example_dags/example_external_task_marker_dag.py
[2026-06-16T23:19:17.540+0000] {logging_mixin.py:188} INFO - [2026-06-16T23:19:17.540+0000] {dag.py:3089} INFO - Sync 2 DAGs
[2026-06-16T23:19:17.576+0000] {logging_mixin.py:188} INFO - [2026-06-16T23:19:17.576+0000] {dag.py:3947} INFO - Setting next_dagrun for example_external_task_marker_child to None, run_after=None
[2026-06-16T23:19:17.585+0000] {logging_mixin.py:188} INFO - [2026-06-16T23:19:17.584+0000] {dag.py:3947} INFO - Setting next_dagrun for example_external_task_marker_parent to None, run_after=None
[2026-06-16T23:19:17.630+0000] {processor.py:183} INFO - Processing /home/airflow/.local/lib/python3.12/site-packages/airflow/example_dags/example_external_task_marker_dag.py took 0.185 seconds
[2026-06-16T23:19:47.709+0000] {processor.py:161} INFO - Started process (PID=613) to work on /home/airflow/.local/lib/python3.12/site-packages/airflow/example_dags/example_external_task_marker_dag.py
[2026-06-16T23:19:47.710+0000] {processor.py:830} INFO - Processing file /home/airflow/.local/lib/python3.12/site-packages/airflow/example_dags/example_external_task_marker_dag.py for tasks to queue
[2026-06-16T23:19:47.712+0000] {logging_mixin.py:188} INFO - [2026-06-16T23:19:47.711+0000] {dagbag.py:545} INFO - Filling up the DagBag from /home/airflow/.local/lib/python3.12/site-packages/airflow/example_dags/example_external_task_marker_dag.py
[2026-06-16T23:19:47.717+0000] {processor.py:840} INFO - DAG(s) 'example_external_task_marker_child', 'example_external_task_marker_parent' retrieved from /home/airflow/.local/lib/python3.12/site-packages/airflow/example_dags/example_external_task_marker_dag.py
[2026-06-16T23:19:47.737+0000] {logging_mixin.py:188} INFO - [2026-06-16T23:19:47.737+0000] {dag.py:3089} INFO - Sync 2 DAGs
[2026-06-16T23:19:47.749+0000] {logging_mixin.py:188} INFO - [2026-06-16T23:19:47.748+0000] {dag.py:3947} INFO - Setting next_dagrun for example_external_task_marker_child to None, run_after=None
[2026-06-16T23:19:47.752+0000] {logging_mixin.py:188} INFO - [2026-06-16T23:19:47.752+0000] {dag.py:3947} INFO - Setting next_dagrun for example_external_task_marker_parent to None, run_after=None
[2026-06-16T23:19:47.766+0000] {processor.py:183} INFO - Processing /home/airflow/.local/lib/python3.12/site-packages/airflow/example_dags/example_external_task_marker_dag.py took 0.062 seconds
[2026-06-16T23:20:17.914+0000] {processor.py:161} INFO - Started process (PID=671) to work on /home/airflow/.local/lib/python3.12/site-packages/airflow/example_dags/example_external_task_marker_dag.py
[2026-06-16T23:20:17.915+0000] {processor.py:830} INFO - Processing file /home/airflow/.local/lib/python3.12/site-packages/airflow/example_dags/example_external_task_marker_dag.py for tasks to queue
[2026-06-16T23:20:17.917+0000] {logging_mixin.py:188} INFO - [2026-06-16T23:20:17.917+0000] {dagbag.py:545} INFO - Filling up the DagBag from /home/airflow/.local/lib/python3.12/site-packages/airflow/example_dags/example_external_task_marker_dag.py
[2026-06-16T23:20:17.925+0000] {processor.py:840} INFO - DAG(s) 'example_external_task_marker_child', 'example_external_task_marker_parent' retrieved from /home/airflow/.local/lib/python3.12/site-packages/airflow/example_dags/example_external_task_marker_dag.py
[2026-06-16T23:20:17.951+0000] {logging_mixin.py:188} INFO - [2026-06-16T23:20:17.951+0000] {dag.py:3089} INFO - Sync 2 DAGs
[2026-06-16T23:20:17.965+0000] {logging_mixin.py:188} INFO - [2026-06-16T23:20:17.965+0000] {dag.py:3947} INFO - Setting next_dagrun for example_external_task_marker_child to None, run_after=None
[2026-06-16T23:20:17.968+0000] {logging_mixin.py:188} INFO - [2026-06-16T23:20:17.968+0000] {dag.py:3947} INFO - Setting next_dagrun for example_external_task_marker_parent to None, run_after=None
[2026-06-16T23:20:17.981+0000] {processor.py:183} INFO - Processing /home/airflow/.local/lib/python3.12/site-packages/airflow/example_dags/example_external_task_marker_dag.py took 0.074 seconds
[2026-06-16T23:20:48.074+0000] {processor.py:161} INFO - Started process (PID=728) to work on /home/airflow/.local/lib/python3.12/site-packages/airflow/example_dags/example_external_task_marker_dag.py
[2026-06-16T23:20:48.075+0000] {processor.py:830} INFO - Processing file /home/airflow/.local/lib/python3.12/site-packages/airflow/example_dags/example_external_task_marker_dag.py for tasks to queue
[2026-06-16T23:20:48.077+0000] {logging_mixin.py:188} INFO - [2026-06-16T23:20:48.077+0000] {dagbag.py:545} INFO - Filling up the DagBag from /home/airflow/.local/lib/python3.12/site-packages/airflow/example_dags/example_external_task_marker_dag.py
[2026-06-16T23:20:48.085+0000] {processor.py:840} INFO - DAG(s) 'example_external_task_marker_parent', 'example_external_task_marker_child' retrieved from /home/airflow/.local/lib/python3.12/site-packages/airflow/example_dags/example_external_task_marker_dag.py
[2026-06-16T23:20:48.113+0000] {logging_mixin.py:188} INFO - [2026-06-16T23:20:48.113+0000] {dag.py:3089} INFO - Sync 2 DAGs
[2026-06-16T23:20:48.129+0000] {logging_mixin.py:188} INFO - [2026-06-16T23:20:48.129+0000] {dag.py:3947} INFO - Setting next_dagrun for example_external_task_marker_child to None, run_after=None
[2026-06-16T23:20:48.135+0000] {logging_mixin.py:188} INFO - [2026-06-16T23:20:48.135+0000] {dag.py:3947} INFO - Setting next_dagrun for example_external_task_marker_parent to None, run_after=None
[2026-06-16T23:20:48.149+0000] {processor.py:183} INFO - Processing /home/airflow/.local/lib/python3.12/site-packages/airflow/example_dags/example_external_task_marker_dag.py took 0.083 seconds
[2026-06-16T23:21:18.398+0000] {processor.py:161} INFO - Started process (PID=786) to work on /home/airflow/.local/lib/python3.12/site-packages/airflow/example_dags/example_external_task_marker_dag.py
[2026-06-16T23:21:18.399+0000] {processor.py:830} INFO - Processing file /home/airflow/.local/lib/python3.12/site-packages/airflow/example_dags/example_external_task_marker_dag.py for tasks to queue
[2026-06-16T23:21:18.402+0000] {logging_mixin.py:188} INFO - [2026-06-16T23:21:18.401+0000] {dagbag.py:545} INFO - Filling up the DagBag from /home/airflow/.local/lib/python3.12/site-packages/airflow/example_dags/example_external_task_marker_dag.py
[2026-06-16T23:21:18.409+0000] {processor.py:840} INFO - DAG(s) 'example_external_task_marker_child', 'example_external_task_marker_parent' retrieved from /home/airflow/.local/lib/python3.12/site-packages/airflow/example_dags/example_external_task_marker_dag.py
[2026-06-16T23:21:18.438+0000] {logging_mixin.py:188} INFO - [2026-06-16T23:21:18.437+0000] {dag.py:3089} INFO - Sync 2 DAGs
[2026-06-16T23:21:18.450+0000] {logging_mixin.py:188} INFO - [2026-06-16T23:21:18.450+0000] {dag.py:3947} INFO - Setting next_dagrun for example_external_task_marker_child to None, run_after=None
[2026-06-16T23:21:18.454+0000] {logging_mixin.py:188} INFO - [2026-06-16T23:21:18.454+0000] {dag.py:3947} INFO - Setting next_dagrun for example_external_task_marker_parent to None, run_after=None
[2026-06-16T23:21:18.469+0000] {processor.py:183} INFO - Processing /home/airflow/.local/lib/python3.12/site-packages/airflow/example_dags/example_external_task_marker_dag.py took 0.078 seconds
[2026-06-16T23:21:48.631+0000] {processor.py:161} INFO - Started process (PID=844) to work on /home/airflow/.local/lib/python3.12/site-packages/airflow/example_dags/example_external_task_marker_dag.py
[2026-06-16T23:21:48.632+0000] {processor.py:830} INFO - Processing file /home/airflow/.local/lib/python3.12/site-packages/airflow/example_dags/example_external_task_marker_dag.py for tasks to queue
[2026-06-16T23:21:48.634+0000] {logging_mixin.py:188} INFO - [2026-06-16T23:21:48.634+0000] {dagbag.py:545} INFO - Filling up the DagBag from /home/airflow/.local/lib/python3.12/site-packages/airflow/example_dags/example_external_task_marker_dag.py
[2026-06-16T23:21:48.641+0000] {processor.py:840} INFO - DAG(s) 'example_external_task_marker_parent', 'example_external_task_marker_child' retrieved from /home/airflow/.local/lib/python3.12/site-packages/airflow/example_dags/example_external_task_marker_dag.py
[2026-06-16T23:21:48.668+0000] {logging_mixin.py:188} INFO - [2026-06-16T23:21:48.667+0000] {dag.py:3089} INFO - Sync 2 DAGs
[2026-06-16T23:21:48.679+0000] {logging_mixin.py:188} INFO - [2026-06-16T23:21:48.679+0000] {dag.py:3947} INFO - Setting next_dagrun for example_external_task_marker_child to None, run_after=None
[2026-06-16T23:21:48.682+0000] {logging_mixin.py:188} INFO - [2026-06-16T23:21:48.682+0000] {dag.py:3947} INFO - Setting next_dagrun for example_external_task_marker_parent to None, run_after=None
[2026-06-16T23:21:48.696+0000] {processor.py:183} INFO - Processing /home/airflow/.local/lib/python3.12/site-packages/airflow/example_dags/example_external_task_marker_dag.py took 0.072 seconds
[2026-06-16T23:22:18.971+0000] {processor.py:161} INFO - Started process (PID=902) to work on /home/airflow/.local/lib/python3.12/site-packages/airflow/example_dags/example_external_task_marker_dag.py
[2026-06-16T23:22:18.973+0000] {processor.py:830} INFO - Processing file /home/airflow/.local/lib/python3.12/site-packages/airflow/example_dags/example_external_task_marker_dag.py for tasks to queue
[2026-06-16T23:22:18.976+0000] {logging_mixin.py:188} INFO - [2026-06-16T23:22:18.976+0000] {dagbag.py:545} INFO - Filling up the DagBag from /home/airflow/.local/lib/python3.12/site-packages/airflow/example_dags/example_external_task_marker_dag.py
[2026-06-16T23:22:18.990+0000] {processor.py:840} INFO - DAG(s) 'example_external_task_marker_parent', 'example_external_task_marker_child' retrieved from /home/airflow/.local/lib/python3.12/site-packages/airflow/example_dags/example_external_task_marker_dag.py
[2026-06-16T23:22:19.025+0000] {logging_mixin.py:188} INFO - [2026-06-16T23:22:19.025+0000] {dag.py:3089} INFO - Sync 2 DAGs
[2026-06-16T23:22:19.041+0000] {logging_mixin.py:188} INFO - [2026-06-16T23:22:19.041+0000] {dag.py:3947} INFO - Setting next_dagrun for example_external_task_marker_child to None, run_after=None
[2026-06-16T23:22:19.047+0000] {logging_mixin.py:188} INFO - [2026-06-16T23:22:19.046+0000] {dag.py:3947} INFO - Setting next_dagrun for example_external_task_marker_parent to None, run_after=None
[2026-06-16T23:22:19.063+0000] {processor.py:183} INFO - Processing /home/airflow/.local/lib/python3.12/site-packages/airflow/example_dags/example_external_task_marker_dag.py took 0.104 seconds
[2026-06-16T23:22:49.514+0000] {processor.py:161} INFO - Started process (PID=960) to work on /home/airflow/.local/lib/python3.12/site-packages/airflow/example_dags/example_external_task_marker_dag.py
[2026-06-16T23:22:49.515+0000] {processor.py:830} INFO - Processing file /home/airflow/.local/lib/python3.12/site-packages/airflow/example_dags/example_external_task_marker_dag.py for tasks to queue
[2026-06-16T23:22:49.517+0000] {logging_mixin.py:188} INFO - [2026-06-16T23:22:49.516+0000] {dagbag.py:545} INFO - Filling up the DagBag from /home/airflow/.local/lib/python3.12/site-packages/airflow/example_dags/example_external_task_marker_dag.py
[2026-06-16T23:22:49.532+0000] {processor.py:840} INFO - DAG(s) 'example_external_task_marker_parent', 'example_external_task_marker_child' retrieved from /home/airflow/.local/lib/python3.12/site-packages/airflow/example_dags/example_external_task_marker_dag.py
[2026-06-16T23:22:49.583+0000] {logging_mixin.py:188} INFO - [2026-06-16T23:22:49.583+0000] {dag.py:3089} INFO - Sync 2 DAGs
[2026-06-16T23:22:49.599+0000] {logging_mixin.py:188} INFO - [2026-06-16T23:22:49.599+0000] {dag.py:3947} INFO - Setting next_dagrun for example_external_task_marker_child to None, run_after=None
[2026-06-16T23:22:49.603+0000] {logging_mixin.py:188} INFO - [2026-06-16T23:22:49.603+0000] {dag.py:3947} INFO - Setting next_dagrun for example_external_task_marker_parent to None, run_after=None
[2026-06-16T23:22:49.617+0000] {processor.py:183} INFO - Processing /home/airflow/.local/lib/python3.12/site-packages/airflow/example_dags/example_external_task_marker_dag.py took 0.110 seconds
[2026-06-16T23:23:21.333+0000] {processor.py:161} INFO - Started process (PID=1018) to work on /home/airflow/.local/lib/python3.12/site-packages/airflow/example_dags/example_external_task_marker_dag.py
[2026-06-16T23:23:21.342+0000] {processor.py:830} INFO - Processing file /home/airflow/.local/lib/python3.12/site-packages/airflow/example_dags/example_external_task_marker_dag.py for tasks to queue
[2026-06-16T23:23:21.348+0000] {logging_mixin.py:188} INFO - [2026-06-16T23:23:21.347+0000] {dagbag.py:545} INFO - Filling up the DagBag from /home/airflow/.local/lib/python3.12/site-packages/airflow/example_dags/example_external_task_marker_dag.py
[2026-06-16T23:23:21.377+0000] {processor.py:840} INFO - DAG(s) 'example_external_task_marker_child', 'example_external_task_marker_parent' retrieved from /home/airflow/.local/lib/python3.12/site-packages/airflow/example_dags/example_external_task_marker_dag.py
[2026-06-16T23:23:21.456+0000] {logging_mixin.py:188} INFO - [2026-06-16T23:23:21.456+0000] {dag.py:3089} INFO - Sync 2 DAGs
[2026-06-16T23:23:21.512+0000] {logging_mixin.py:188} INFO - [2026-06-16T23:23:21.512+0000] {dag.py:3947} INFO - Setting next_dagrun for example_external_task_marker_child to None, run_after=None
[2026-06-16T23:23:21.532+0000] {logging_mixin.py:188} INFO - [2026-06-16T23:23:21.529+0000] {dag.py:3947} INFO - Setting next_dagrun for example_external_task_marker_parent to None, run_after=None
[2026-06-16T23:23:21.597+0000] {processor.py:183} INFO - Processing /home/airflow/.local/lib/python3.12/site-packages/airflow/example_dags/example_external_task_marker_dag.py took 0.295 seconds
[2026-06-16T23:23:52.146+0000] {processor.py:161} INFO - Started process (PID=1076) to work on /home/airflow/.local/lib/python3.12/site-packages/airflow/example_dags/example_external_task_marker_dag.py
[2026-06-16T23:23:52.146+0000] {processor.py:830} INFO - Processing file /home/airflow/.local/lib/python3.12/site-packages/airflow/example_dags/example_external_task_marker_dag.py for tasks to queue
[2026-06-16T23:23:52.148+0000] {logging_mixin.py:188} INFO - [2026-06-16T23:23:52.148+0000] {dagbag.py:545} INFO - Filling up the DagBag from /home/airflow/.local/lib/python3.12/site-packages/airflow/example_dags/example_external_task_marker_dag.py
[2026-06-16T23:23:52.154+0000] {processor.py:840} INFO - DAG(s) 'example_external_task_marker_parent', 'example_external_task_marker_child' retrieved from /home/airflow/.local/lib/python3.12/site-packages/airflow/example_dags/example_external_task_marker_dag.py
[2026-06-16T23:23:52.175+0000] {logging_mixin.py:188} INFO - [2026-06-16T23:23:52.175+0000] {dag.py:3089} INFO - Sync 2 DAGs
[2026-06-16T23:23:52.187+0000] {logging_mixin.py:188} INFO - [2026-06-16T23:23:52.187+0000] {dag.py:3947} INFO - Setting next_dagrun for example_external_task_marker_child to None, run_after=None
[2026-06-16T23:23:52.190+0000] {logging_mixin.py:188} INFO - [2026-06-16T23:23:52.190+0000] {dag.py:3947} INFO - Setting next_dagrun for example_external_task_marker_parent to None, run_after=None
[2026-06-16T23:23:52.204+0000] {processor.py:183} INFO - Processing /home/airflow/.local/lib/python3.12/site-packages/airflow/example_dags/example_external_task_marker_dag.py took 0.064 seconds
[2026-06-16T23:24:22.462+0000] {processor.py:161} INFO - Started process (PID=1134) to work on /home/airflow/.local/lib/python3.12/site-packages/airflow/example_dags/example_external_task_marker_dag.py
[2026-06-16T23:24:22.463+0000] {processor.py:830} INFO - Processing file /home/airflow/.local/lib/python3.12/site-packages/airflow/example_dags/example_external_task_marker_dag.py for tasks to queue
[2026-06-16T23:24:22.465+0000] {logging_mixin.py:188} INFO - [2026-06-16T23:24:22.465+0000] {dagbag.py:545} INFO - Filling up the DagBag from /home/airflow/.local/lib/python3.12/site-packages/airflow/example_dags/example_external_task_marker_dag.py
[2026-06-16T23:24:22.472+0000] {processor.py:840} INFO - DAG(s) 'example_external_task_marker_parent', 'example_external_task_marker_child' retrieved from /home/airflow/.local/lib/python3.12/site-packages/airflow/example_dags/example_external_task_marker_dag.py
[2026-06-16T23:24:22.502+0000] {logging_mixin.py:188} INFO - [2026-06-16T23:24:22.501+0000] {dag.py:3089} INFO - Sync 2 DAGs
[2026-06-16T23:24:22.527+0000] {logging_mixin.py:188} INFO - [2026-06-16T23:24:22.527+0000] {dag.py:3947} INFO - Setting next_dagrun for example_external_task_marker_child to None, run_after=None
[2026-06-16T23:24:22.535+0000] {logging_mixin.py:188} INFO - [2026-06-16T23:24:22.535+0000] {dag.py:3947} INFO - Setting next_dagrun for example_external_task_marker_parent to None, run_after=None
[2026-06-16T23:24:22.573+0000] {processor.py:183} INFO - Processing /home/airflow/.local/lib/python3.12/site-packages/airflow/example_dags/example_external_task_marker_dag.py took 0.118 seconds
[2026-06-16T23:24:52.661+0000] {processor.py:161} INFO - Started process (PID=1192) to work on /home/airflow/.local/lib/python3.12/site-packages/airflow/example_dags/example_external_task_marker_dag.py
[2026-06-16T23:24:52.662+0000] {processor.py:830} INFO - Processing file /home/airflow/.local/lib/python3.12/site-packages/airflow/example_dags/example_external_task_marker_dag.py for tasks to queue
[2026-06-16T23:24:52.664+0000] {logging_mixin.py:188} INFO - [2026-06-16T23:24:52.663+0000] {dagbag.py:545} INFO - Filling up the DagBag from /home/airflow/.local/lib/python3.12/site-packages/airflow/example_dags/example_external_task_marker_dag.py
[2026-06-16T23:24:52.671+0000] {processor.py:840} INFO - DAG(s) 'example_external_task_marker_child', 'example_external_task_marker_parent' retrieved from /home/airflow/.local/lib/python3.12/site-packages/airflow/example_dags/example_external_task_marker_dag.py
[2026-06-16T23:24:52.702+0000] {logging_mixin.py:188} INFO - [2026-06-16T23:24:52.702+0000] {dag.py:3089} INFO - Sync 2 DAGs
[2026-06-16T23:24:52.718+0000] {logging_mixin.py:188} INFO - [2026-06-16T23:24:52.718+0000] {dag.py:3947} INFO - Setting next_dagrun for example_external_task_marker_child to None, run_after=None
[2026-06-16T23:24:52.722+0000] {logging_mixin.py:188} INFO - [2026-06-16T23:24:52.722+0000] {dag.py:3947} INFO - Setting next_dagrun for example_external_task_marker_parent to None, run_after=None
[2026-06-16T23:24:52.740+0000] {processor.py:183} INFO - Processing /home/airflow/.local/lib/python3.12/site-packages/airflow/example_dags/example_external_task_marker_dag.py took 0.086 seconds
[2026-06-16T23:25:23.091+0000] {processor.py:161} INFO - Started process (PID=1250) to work on /home/airflow/.local/lib/python3.12/site-packages/airflow/example_dags/example_external_task_marker_dag.py
[2026-06-16T23:25:23.092+0000] {processor.py:830} INFO - Processing file /home/airflow/.local/lib/python3.12/site-packages/airflow/example_dags/example_external_task_marker_dag.py for tasks to queue
[2026-06-16T23:25:23.094+0000] {logging_mixin.py:188} INFO - [2026-06-16T23:25:23.094+0000] {dagbag.py:545} INFO - Filling up the DagBag from /home/airflow/.local/lib/python3.12/site-packages/airflow/example_dags/example_external_task_marker_dag.py
[2026-06-16T23:25:23.102+0000] {processor.py:840} INFO - DAG(s) 'example_external_task_marker_child', 'example_external_task_marker_parent' retrieved from /home/airflow/.local/lib/python3.12/site-packages/airflow/example_dags/example_external_task_marker_dag.py
[2026-06-16T23:25:23.135+0000] {logging_mixin.py:188} INFO - [2026-06-16T23:25:23.135+0000] {dag.py:3089} INFO - Sync 2 DAGs
[2026-06-16T23:25:23.154+0000] {logging_mixin.py:188} INFO - [2026-06-16T23:25:23.154+0000] {dag.py:3947} INFO - Setting next_dagrun for example_external_task_marker_child to None, run_after=None
[2026-06-16T23:25:23.159+0000] {logging_mixin.py:188} INFO - [2026-06-16T23:25:23.159+0000] {dag.py:3947} INFO - Setting next_dagrun for example_external_task_marker_parent to None, run_after=None
[2026-06-16T23:25:23.179+0000] {processor.py:183} INFO - Processing /home/airflow/.local/lib/python3.12/site-packages/airflow/example_dags/example_external_task_marker_dag.py took 0.095 seconds
[2026-06-16T23:25:53.521+0000] {processor.py:161} INFO - Started process (PID=1308) to work on /home/airflow/.local/lib/python3.12/site-packages/airflow/example_dags/example_external_task_marker_dag.py
[2026-06-16T23:25:53.522+0000] {processor.py:830} INFO - Processing file /home/airflow/.local/lib/python3.12/site-packages/airflow/example_dags/example_external_task_marker_dag.py for tasks to queue
[2026-06-16T23:25:53.524+0000] {logging_mixin.py:188} INFO - [2026-06-16T23:25:53.524+0000] {dagbag.py:545} INFO - Filling up the DagBag from /home/airflow/.local/lib/python3.12/site-packages/airflow/example_dags/example_external_task_marker_dag.py
[2026-06-16T23:25:53.532+0000] {processor.py:840} INFO - DAG(s) 'example_external_task_marker_parent', 'example_external_task_marker_child' retrieved from /home/airflow/.local/lib/python3.12/site-packages/airflow/example_dags/example_external_task_marker_dag.py
[2026-06-16T23:25:53.575+0000] {logging_mixin.py:188} INFO - [2026-06-16T23:25:53.574+0000] {dag.py:3089} INFO - Sync 2 DAGs
[2026-06-16T23:25:53.599+0000] {logging_mixin.py:188} INFO - [2026-06-16T23:25:53.598+0000] {dag.py:3947} INFO - Setting next_dagrun for example_external_task_marker_child to None, run_after=None
[2026-06-16T23:25:53.607+0000] {logging_mixin.py:188} INFO - [2026-06-16T23:25:53.606+0000] {dag.py:3947} INFO - Setting next_dagrun for example_external_task_marker_parent to None, run_after=None
[2026-06-16T23:25:53.627+0000] {processor.py:183} INFO - Processing /home/airflow/.local/lib/python3.12/site-packages/airflow/example_dags/example_external_task_marker_dag.py took 0.113 seconds
[2026-06-16T23:26:24.198+0000] {processor.py:161} INFO - Started process (PID=1365) to work on /home/airflow/.local/lib/python3.12/site-packages/airflow/example_dags/example_external_task_marker_dag.py
[2026-06-16T23:26:24.199+0000] {processor.py:830} INFO - Processing file /home/airflow/.local/lib/python3.12/site-packages/airflow/example_dags/example_external_task_marker_dag.py for tasks to queue
[2026-06-16T23:26:24.201+0000] {logging_mixin.py:188} INFO - [2026-06-16T23:26:24.201+0000] {dagbag.py:545} INFO - Filling up the DagBag from /home/airflow/.local/lib/python3.12/site-packages/airflow/example_dags/example_external_task_marker_dag.py
[2026-06-16T23:26:24.208+0000] {processor.py:840} INFO - DAG(s) 'example_external_task_marker_child', 'example_external_task_marker_parent' retrieved from /home/airflow/.local/lib/python3.12/site-packages/airflow/example_dags/example_external_task_marker_dag.py
[2026-06-16T23:26:24.230+0000] {logging_mixin.py:188} INFO - [2026-06-16T23:26:24.230+0000] {dag.py:3089} INFO - Sync 2 DAGs
[2026-06-16T23:26:24.243+0000] {logging_mixin.py:188} INFO - [2026-06-16T23:26:24.243+0000] {dag.py:3947} INFO - Setting next_dagrun for example_external_task_marker_child to None, run_after=None
[2026-06-16T23:26:24.246+0000] {logging_mixin.py:188} INFO - [2026-06-16T23:26:24.246+0000] {dag.py:3947} INFO - Setting next_dagrun for example_external_task_marker_parent to None, run_after=None
[2026-06-16T23:26:24.261+0000] {processor.py:183} INFO - Processing /home/airflow/.local/lib/python3.12/site-packages/airflow/example_dags/example_external_task_marker_dag.py took 0.071 seconds
[2026-06-16T23:26:54.890+0000] {processor.py:161} INFO - Started process (PID=1423) to work on /home/airflow/.local/lib/python3.12/site-packages/airflow/example_dags/example_external_task_marker_dag.py
[2026-06-16T23:26:54.891+0000] {processor.py:830} INFO - Processing file /home/airflow/.local/lib/python3.12/site-packages/airflow/example_dags/example_external_task_marker_dag.py for tasks to queue
[2026-06-16T23:26:54.893+0000] {logging_mixin.py:188} INFO - [2026-06-16T23:26:54.893+0000] {dagbag.py:545} INFO - Filling up the DagBag from /home/airflow/.local/lib/python3.12/site-packages/airflow/example_dags/example_external_task_marker_dag.py
[2026-06-16T23:26:54.900+0000] {processor.py:840} INFO - DAG(s) 'example_external_task_marker_parent', 'example_external_task_marker_child' retrieved from /home/airflow/.local/lib/python3.12/site-packages/airflow/example_dags/example_external_task_marker_dag.py
[2026-06-16T23:26:54.928+0000] {logging_mixin.py:188} INFO - [2026-06-16T23:26:54.928+0000] {dag.py:3089} INFO - Sync 2 DAGs
[2026-06-16T23:26:54.946+0000] {logging_mixin.py:188} INFO - [2026-06-16T23:26:54.945+0000] {dag.py:3947} INFO - Setting next_dagrun for example_external_task_marker_child to None, run_after=None
[2026-06-16T23:26:54.950+0000] {logging_mixin.py:188} INFO - [2026-06-16T23:26:54.950+0000] {dag.py:3947} INFO - Setting next_dagrun for example_external_task_marker_parent to None, run_after=None
[2026-06-16T23:26:54.967+0000] {processor.py:183} INFO - Processing /home/airflow/.local/lib/python3.12/site-packages/airflow/example_dags/example_external_task_marker_dag.py took 0.084 seconds
[2026-06-16T23:27:26.177+0000] {processor.py:161} INFO - Started process (PID=1481) to work on /home/airflow/.local/lib/python3.12/site-packages/airflow/example_dags/example_external_task_marker_dag.py
[2026-06-16T23:27:26.178+0000] {processor.py:830} INFO - Processing file /home/airflow/.local/lib/python3.12/site-packages/airflow/example_dags/example_external_task_marker_dag.py for tasks to queue
[2026-06-16T23:27:26.184+0000] {logging_mixin.py:188} INFO - [2026-06-16T23:27:26.183+0000] {dagbag.py:545} INFO - Filling up the DagBag from /home/airflow/.local/lib/python3.12/site-packages/airflow/example_dags/example_external_task_marker_dag.py
[2026-06-16T23:27:26.202+0000] {processor.py:840} INFO - DAG(s) 'example_external_task_marker_child', 'example_external_task_marker_parent' retrieved from /home/airflow/.local/lib/python3.12/site-packages/airflow/example_dags/example_external_task_marker_dag.py
[2026-06-16T23:27:26.285+0000] {logging_mixin.py:188} INFO - [2026-06-16T23:27:26.285+0000] {dag.py:3089} INFO - Sync 2 DAGs
[2026-06-16T23:27:26.316+0000] {logging_mixin.py:188} INFO - [2026-06-16T23:27:26.316+0000] {dag.py:3947} INFO - Setting next_dagrun for example_external_task_marker_child to None, run_after=None
[2026-06-16T23:27:26.325+0000] {logging_mixin.py:188} INFO - [2026-06-16T23:27:26.325+0000] {dag.py:3947} INFO - Setting next_dagrun for example_external_task_marker_parent to None, run_after=None
[2026-06-16T23:27:26.358+0000] {processor.py:183} INFO - Processing /home/airflow/.local/lib/python3.12/site-packages/airflow/example_dags/example_external_task_marker_dag.py took 0.212 seconds
[2026-06-16T23:27:56.408+0000] {processor.py:161} INFO - Started process (PID=1539) to work on /home/airflow/.local/lib/python3.12/site-packages/airflow/example_dags/example_external_task_marker_dag.py
[2026-06-16T23:27:56.409+0000] {processor.py:830} INFO - Processing file /home/airflow/.local/lib/python3.12/site-packages/airflow/example_dags/example_external_task_marker_dag.py for tasks to queue
[2026-06-16T23:27:56.412+0000] {logging_mixin.py:188} INFO - [2026-06-16T23:27:56.412+0000] {dagbag.py:545} INFO - Filling up the DagBag from /home/airflow/.local/lib/python3.12/site-packages/airflow/example_dags/example_external_task_marker_dag.py
[2026-06-16T23:27:56.420+0000] {processor.py:840} INFO - DAG(s) 'example_external_task_marker_child', 'example_external_task_marker_parent' retrieved from /home/airflow/.local/lib/python3.12/site-packages/airflow/example_dags/example_external_task_marker_dag.py
[2026-06-16T23:27:56.441+0000] {logging_mixin.py:188} INFO - [2026-06-16T23:27:56.440+0000] {dag.py:3089} INFO - Sync 2 DAGs
[2026-06-16T23:27:56.452+0000] {logging_mixin.py:188} INFO - [2026-06-16T23:27:56.452+0000] {dag.py:3947} INFO - Setting next_dagrun for example_external_task_marker_child to None, run_after=None
[2026-06-16T23:27:56.455+0000] {logging_mixin.py:188} INFO - [2026-06-16T23:27:56.455+0000] {dag.py:3947} INFO - Setting next_dagrun for example_external_task_marker_parent to None, run_after=None
[2026-06-16T23:27:56.469+0000] {processor.py:183} INFO - Processing /home/airflow/.local/lib/python3.12/site-packages/airflow/example_dags/example_external_task_marker_dag.py took 0.068 seconds
[2026-06-16T23:28:26.915+0000] {processor.py:161} INFO - Started process (PID=1597) to work on /home/airflow/.local/lib/python3.12/site-packages/airflow/example_dags/example_external_task_marker_dag.py
[2026-06-16T23:28:26.916+0000] {processor.py:830} INFO - Processing file /home/airflow/.local/lib/python3.12/site-packages/airflow/example_dags/example_external_task_marker_dag.py for tasks to queue
[2026-06-16T23:28:26.918+0000] {logging_mixin.py:188} INFO - [2026-06-16T23:28:26.918+0000] {dagbag.py:545} INFO - Filling up the DagBag from /home/airflow/.local/lib/python3.12/site-packages/airflow/example_dags/example_external_task_marker_dag.py
[2026-06-16T23:28:26.925+0000] {processor.py:840} INFO - DAG(s) 'example_external_task_marker_child', 'example_external_task_marker_parent' retrieved from /home/airflow/.local/lib/python3.12/site-packages/airflow/example_dags/example_external_task_marker_dag.py
[2026-06-16T23:28:26.951+0000] {logging_mixin.py:188} INFO - [2026-06-16T23:28:26.951+0000] {dag.py:3089} INFO - Sync 2 DAGs
[2026-06-16T23:28:26.967+0000] {logging_mixin.py:188} INFO - [2026-06-16T23:28:26.967+0000] {dag.py:3947} INFO - Setting next_dagrun for example_external_task_marker_child to None, run_after=None
[2026-06-16T23:28:26.971+0000] {logging_mixin.py:188} INFO - [2026-06-16T23:28:26.971+0000] {dag.py:3947} INFO - Setting next_dagrun for example_external_task_marker_parent to None, run_after=None
[2026-06-16T23:28:26.989+0000] {processor.py:183} INFO - Processing /home/airflow/.local/lib/python3.12/site-packages/airflow/example_dags/example_external_task_marker_dag.py took 0.081 seconds
[2026-06-16T23:28:57.855+0000] {processor.py:161} INFO - Started process (PID=1655) to work on /home/airflow/.local/lib/python3.12/site-packages/airflow/example_dags/example_external_task_marker_dag.py
[2026-06-16T23:28:57.856+0000] {processor.py:830} INFO - Processing file /home/airflow/.local/lib/python3.12/site-packages/airflow/example_dags/example_external_task_marker_dag.py for tasks to queue
[2026-06-16T23:28:57.858+0000] {logging_mixin.py:188} INFO - [2026-06-16T23:28:57.857+0000] {dagbag.py:545} INFO - Filling up the DagBag from /home/airflow/.local/lib/python3.12/site-packages/airflow/example_dags/example_external_task_marker_dag.py
[2026-06-16T23:28:57.865+0000] {processor.py:840} INFO - DAG(s) 'example_external_task_marker_child', 'example_external_task_marker_parent' retrieved from /home/airflow/.local/lib/python3.12/site-packages/airflow/example_dags/example_external_task_marker_dag.py
[2026-06-16T23:28:57.894+0000] {logging_mixin.py:188} INFO - [2026-06-16T23:28:57.894+0000] {dag.py:3089} INFO - Sync 2 DAGs
[2026-06-16T23:28:57.908+0000] {logging_mixin.py:188} INFO - [2026-06-16T23:28:57.907+0000] {dag.py:3947} INFO - Setting next_dagrun for example_external_task_marker_child to None, run_after=None
[2026-06-16T23:28:57.912+0000] {logging_mixin.py:188} INFO - [2026-06-16T23:28:57.911+0000] {dag.py:3947} INFO - Setting next_dagrun for example_external_task_marker_parent to None, run_after=None
[2026-06-16T23:28:57.926+0000] {processor.py:183} INFO - Processing /home/airflow/.local/lib/python3.12/site-packages/airflow/example_dags/example_external_task_marker_dag.py took 0.078 seconds
[2026-06-16T23:29:28.922+0000] {processor.py:161} INFO - Started process (PID=1713) to work on /home/airflow/.local/lib/python3.12/site-packages/airflow/example_dags/example_external_task_marker_dag.py
[2026-06-16T23:29:28.923+0000] {processor.py:830} INFO - Processing file /home/airflow/.local/lib/python3.12/site-packages/airflow/example_dags/example_external_task_marker_dag.py for tasks to queue
[2026-06-16T23:29:28.925+0000] {logging_mixin.py:188} INFO - [2026-06-16T23:29:28.924+0000] {dagbag.py:545} INFO - Filling up the DagBag from /home/airflow/.local/lib/python3.12/site-packages/airflow/example_dags/example_external_task_marker_dag.py
[2026-06-16T23:29:28.932+0000] {processor.py:840} INFO - DAG(s) 'example_external_task_marker_parent', 'example_external_task_marker_child' retrieved from /home/airflow/.local/lib/python3.12/site-packages/airflow/example_dags/example_external_task_marker_dag.py
[2026-06-16T23:29:28.958+0000] {logging_mixin.py:188} INFO - [2026-06-16T23:29:28.958+0000] {dag.py:3089} INFO - Sync 2 DAGs
[2026-06-16T23:29:28.972+0000] {logging_mixin.py:188} INFO - [2026-06-16T23:29:28.972+0000] {dag.py:3947} INFO - Setting next_dagrun for example_external_task_marker_child to None, run_after=None
[2026-06-16T23:29:28.976+0000] {logging_mixin.py:188} INFO - [2026-06-16T23:29:28.976+0000] {dag.py:3947} INFO - Setting next_dagrun for example_external_task_marker_parent to None, run_after=None
[2026-06-16T23:29:28.995+0000] {processor.py:183} INFO - Processing /home/airflow/.local/lib/python3.12/site-packages/airflow/example_dags/example_external_task_marker_dag.py took 0.080 seconds
[2026-06-16T23:29:59.159+0000] {processor.py:161} INFO - Started process (PID=1770) to work on /home/airflow/.local/lib/python3.12/site-packages/airflow/example_dags/example_external_task_marker_dag.py
[2026-06-16T23:29:59.160+0000] {processor.py:830} INFO - Processing file /home/airflow/.local/lib/python3.12/site-packages/airflow/example_dags/example_external_task_marker_dag.py for tasks to queue
[2026-06-16T23:29:59.163+0000] {logging_mixin.py:188} INFO - [2026-06-16T23:29:59.162+0000] {dagbag.py:545} INFO - Filling up the DagBag from /home/airflow/.local/lib/python3.12/site-packages/airflow/example_dags/example_external_task_marker_dag.py
[2026-06-16T23:29:59.175+0000] {processor.py:840} INFO - DAG(s) 'example_external_task_marker_parent', 'example_external_task_marker_child' retrieved from /home/airflow/.local/lib/python3.12/site-packages/airflow/example_dags/example_external_task_marker_dag.py
[2026-06-16T23:29:59.214+0000] {logging_mixin.py:188} INFO - [2026-06-16T23:29:59.213+0000] {dag.py:3089} INFO - Sync 2 DAGs
[2026-06-16T23:29:59.231+0000] {logging_mixin.py:188} INFO - [2026-06-16T23:29:59.230+0000] {dag.py:3947} INFO - Setting next_dagrun for example_external_task_marker_child to None, run_after=None
[2026-06-16T23:29:59.236+0000] {logging_mixin.py:188} INFO - [2026-06-16T23:29:59.235+0000] {dag.py:3947} INFO - Setting next_dagrun for example_external_task_marker_parent to None, run_after=None
[2026-06-16T23:29:59.253+0000] {processor.py:183} INFO - Processing /home/airflow/.local/lib/python3.12/site-packages/airflow/example_dags/example_external_task_marker_dag.py took 0.101 seconds
[2026-06-16T23:30:29.524+0000] {processor.py:161} INFO - Started process (PID=1828) to work on /home/airflow/.local/lib/python3.12/site-packages/airflow/example_dags/example_external_task_marker_dag.py
[2026-06-16T23:30:29.525+0000] {processor.py:830} INFO - Processing file /home/airflow/.local/lib/python3.12/site-packages/airflow/example_dags/example_external_task_marker_dag.py for tasks to queue
[2026-06-16T23:30:29.527+0000] {logging_mixin.py:188} INFO - [2026-06-16T23:30:29.527+0000] {dagbag.py:545} INFO - Filling up the DagBag from /home/airflow/.local/lib/python3.12/site-packages/airflow/example_dags/example_external_task_marker_dag.py
[2026-06-16T23:30:29.535+0000] {processor.py:840} INFO - DAG(s) 'example_external_task_marker_parent', 'example_external_task_marker_child' retrieved from /home/airflow/.local/lib/python3.12/site-packages/airflow/example_dags/example_external_task_marker_dag.py
[2026-06-16T23:30:29.565+0000] {logging_mixin.py:188} INFO - [2026-06-16T23:30:29.565+0000] {dag.py:3089} INFO - Sync 2 DAGs
[2026-06-16T23:30:29.582+0000] {logging_mixin.py:188} INFO - [2026-06-16T23:30:29.582+0000] {dag.py:3947} INFO - Setting next_dagrun for example_external_task_marker_child to None, run_after=None
[2026-06-16T23:30:29.587+0000] {logging_mixin.py:188} INFO - [2026-06-16T23:30:29.586+0000] {dag.py:3947} INFO - Setting next_dagrun for example_external_task_marker_parent to None, run_after=None
[2026-06-16T23:30:29.618+0000] {processor.py:183} INFO - Processing /home/airflow/.local/lib/python3.12/site-packages/airflow/example_dags/example_external_task_marker_dag.py took 0.102 seconds
[2026-06-16T23:31:00.618+0000] {processor.py:161} INFO - Started process (PID=1886) to work on /home/airflow/.local/lib/python3.12/site-packages/airflow/example_dags/example_external_task_marker_dag.py
[2026-06-16T23:31:00.619+0000] {processor.py:830} INFO - Processing file /home/airflow/.local/lib/python3.12/site-packages/airflow/example_dags/example_external_task_marker_dag.py for tasks to queue
[2026-06-16T23:31:00.622+0000] {logging_mixin.py:188} INFO - [2026-06-16T23:31:00.621+0000] {dagbag.py:545} INFO - Filling up the DagBag from /home/airflow/.local/lib/python3.12/site-packages/airflow/example_dags/example_external_task_marker_dag.py
[2026-06-16T23:31:00.629+0000] {processor.py:840} INFO - DAG(s) 'example_external_task_marker_child', 'example_external_task_marker_parent' retrieved from /home/airflow/.local/lib/python3.12/site-packages/airflow/example_dags/example_external_task_marker_dag.py
[2026-06-16T23:31:00.659+0000] {logging_mixin.py:188} INFO - [2026-06-16T23:31:00.658+0000] {dag.py:3089} INFO - Sync 2 DAGs
[2026-06-16T23:31:00.683+0000] {logging_mixin.py:188} INFO - [2026-06-16T23:31:00.682+0000] {dag.py:3947} INFO - Setting next_dagrun for example_external_task_marker_child to None, run_after=None
[2026-06-16T23:31:00.698+0000] {logging_mixin.py:188} INFO - [2026-06-16T23:31:00.696+0000] {dag.py:3947} INFO - Setting next_dagrun for example_external_task_marker_parent to None, run_after=None
[2026-06-16T23:31:00.741+0000] {processor.py:183} INFO - Processing /home/airflow/.local/lib/python3.12/site-packages/airflow/example_dags/example_external_task_marker_dag.py took 0.130 seconds
[2026-06-16T23:31:33.302+0000] {processor.py:161} INFO - Started process (PID=1944) to work on /home/airflow/.local/lib/python3.12/site-packages/airflow/example_dags/example_external_task_marker_dag.py
[2026-06-16T23:31:33.303+0000] {processor.py:830} INFO - Processing file /home/airflow/.local/lib/python3.12/site-packages/airflow/example_dags/example_external_task_marker_dag.py for tasks to queue
[2026-06-16T23:31:33.305+0000] {logging_mixin.py:188} INFO - [2026-06-16T23:31:33.305+0000] {dagbag.py:545} INFO - Filling up the DagBag from /home/airflow/.local/lib/python3.12/site-packages/airflow/example_dags/example_external_task_marker_dag.py
[2026-06-16T23:31:33.313+0000] {processor.py:840} INFO - DAG(s) 'example_external_task_marker_child', 'example_external_task_marker_parent' retrieved from /home/airflow/.local/lib/python3.12/site-packages/airflow/example_dags/example_external_task_marker_dag.py
[2026-06-16T23:31:33.543+0000] {logging_mixin.py:188} INFO - [2026-06-16T23:31:33.543+0000] {dag.py:3089} INFO - Sync 2 DAGs
[2026-06-16T23:31:33.559+0000] {logging_mixin.py:188} INFO - [2026-06-16T23:31:33.559+0000] {dag.py:3947} INFO - Setting next_dagrun for example_external_task_marker_child to None, run_after=None
[2026-06-16T23:31:33.564+0000] {logging_mixin.py:188} INFO - [2026-06-16T23:31:33.563+0000] {dag.py:3947} INFO - Setting next_dagrun for example_external_task_marker_parent to None, run_after=None
[2026-06-16T23:31:33.579+0000] {processor.py:183} INFO - Processing /home/airflow/.local/lib/python3.12/site-packages/airflow/example_dags/example_external_task_marker_dag.py took 0.285 seconds
[2026-06-16T23:32:03.819+0000] {processor.py:161} INFO - Started process (PID=2002) to work on /home/airflow/.local/lib/python3.12/site-packages/airflow/example_dags/example_external_task_marker_dag.py
[2026-06-16T23:32:03.821+0000] {processor.py:830} INFO - Processing file /home/airflow/.local/lib/python3.12/site-packages/airflow/example_dags/example_external_task_marker_dag.py for tasks to queue
[2026-06-16T23:32:03.823+0000] {logging_mixin.py:188} INFO - [2026-06-16T23:32:03.823+0000] {dagbag.py:545} INFO - Filling up the DagBag from /home/airflow/.local/lib/python3.12/site-packages/airflow/example_dags/example_external_task_marker_dag.py
[2026-06-16T23:32:03.834+0000] {processor.py:840} INFO - DAG(s) 'example_external_task_marker_parent', 'example_external_task_marker_child' retrieved from /home/airflow/.local/lib/python3.12/site-packages/airflow/example_dags/example_external_task_marker_dag.py
[2026-06-16T23:32:03.889+0000] {logging_mixin.py:188} INFO - [2026-06-16T23:32:03.889+0000] {dag.py:3089} INFO - Sync 2 DAGs
[2026-06-16T23:32:03.907+0000] {logging_mixin.py:188} INFO - [2026-06-16T23:32:03.906+0000] {dag.py:3947} INFO - Setting next_dagrun for example_external_task_marker_child to None, run_after=None
[2026-06-16T23:32:03.912+0000] {logging_mixin.py:188} INFO - [2026-06-16T23:32:03.912+0000] {dag.py:3947} INFO - Setting next_dagrun for example_external_task_marker_parent to None, run_after=None
[2026-06-16T23:32:03.939+0000] {processor.py:183} INFO - Processing /home/airflow/.local/lib/python3.12/site-packages/airflow/example_dags/example_external_task_marker_dag.py took 0.138 seconds
[2026-06-16T23:32:34.202+0000] {processor.py:161} INFO - Started process (PID=2060) to work on /home/airflow/.local/lib/python3.12/site-packages/airflow/example_dags/example_external_task_marker_dag.py
[2026-06-16T23:32:34.205+0000] {processor.py:830} INFO - Processing file /home/airflow/.local/lib/python3.12/site-packages/airflow/example_dags/example_external_task_marker_dag.py for tasks to queue
[2026-06-16T23:32:34.210+0000] {logging_mixin.py:188} INFO - [2026-06-16T23:32:34.209+0000] {dagbag.py:545} INFO - Filling up the DagBag from /home/airflow/.local/lib/python3.12/site-packages/airflow/example_dags/example_external_task_marker_dag.py
[2026-06-16T23:32:34.226+0000] {processor.py:840} INFO - DAG(s) 'example_external_task_marker_child', 'example_external_task_marker_parent' retrieved from /home/airflow/.local/lib/python3.12/site-packages/airflow/example_dags/example_external_task_marker_dag.py
[2026-06-16T23:32:34.290+0000] {logging_mixin.py:188} INFO - [2026-06-16T23:32:34.289+0000] {dag.py:3089} INFO - Sync 2 DAGs
[2026-06-16T23:32:34.324+0000] {logging_mixin.py:188} INFO - [2026-06-16T23:32:34.323+0000] {dag.py:3947} INFO - Setting next_dagrun for example_external_task_marker_child to None, run_after=None
[2026-06-16T23:32:34.333+0000] {logging_mixin.py:188} INFO - [2026-06-16T23:32:34.333+0000] {dag.py:3947} INFO - Setting next_dagrun for example_external_task_marker_parent to None, run_after=None
[2026-06-16T23:32:34.373+0000] {processor.py:183} INFO - Processing /home/airflow/.local/lib/python3.12/site-packages/airflow/example_dags/example_external_task_marker_dag.py took 0.187 seconds
[2026-06-16T23:33:04.407+0000] {processor.py:161} INFO - Started process (PID=2118) to work on /home/airflow/.local/lib/python3.12/site-packages/airflow/example_dags/example_external_task_marker_dag.py
[2026-06-16T23:33:04.408+0000] {processor.py:830} INFO - Processing file /home/airflow/.local/lib/python3.12/site-packages/airflow/example_dags/example_external_task_marker_dag.py for tasks to queue
[2026-06-16T23:33:04.410+0000] {logging_mixin.py:188} INFO - [2026-06-16T23:33:04.410+0000] {dagbag.py:545} INFO - Filling up the DagBag from /home/airflow/.local/lib/python3.12/site-packages/airflow/example_dags/example_external_task_marker_dag.py
[2026-06-16T23:33:04.415+0000] {processor.py:840} INFO - DAG(s) 'example_external_task_marker_child', 'example_external_task_marker_parent' retrieved from /home/airflow/.local/lib/python3.12/site-packages/airflow/example_dags/example_external_task_marker_dag.py
[2026-06-16T23:33:04.438+0000] {logging_mixin.py:188} INFO - [2026-06-16T23:33:04.438+0000] {dag.py:3089} INFO - Sync 2 DAGs
[2026-06-16T23:33:04.451+0000] {logging_mixin.py:188} INFO - [2026-06-16T23:33:04.450+0000] {dag.py:3947} INFO - Setting next_dagrun for example_external_task_marker_child to None, run_after=None
[2026-06-16T23:33:04.454+0000] {logging_mixin.py:188} INFO - [2026-06-16T23:33:04.454+0000] {dag.py:3947} INFO - Setting next_dagrun for example_external_task_marker_parent to None, run_after=None
[2026-06-16T23:33:04.468+0000] {processor.py:183} INFO - Processing /home/airflow/.local/lib/python3.12/site-packages/airflow/example_dags/example_external_task_marker_dag.py took 0.067 seconds
[2026-06-16T23:33:34.828+0000] {processor.py:161} INFO - Started process (PID=2176) to work on /home/airflow/.local/lib/python3.12/site-packages/airflow/example_dags/example_external_task_marker_dag.py
[2026-06-16T23:33:34.829+0000] {processor.py:830} INFO - Processing file /home/airflow/.local/lib/python3.12/site-packages/airflow/example_dags/example_external_task_marker_dag.py for tasks to queue
[2026-06-16T23:33:34.831+0000] {logging_mixin.py:188} INFO - [2026-06-16T23:33:34.830+0000] {dagbag.py:545} INFO - Filling up the DagBag from /home/airflow/.local/lib/python3.12/site-packages/airflow/example_dags/example_external_task_marker_dag.py
[2026-06-16T23:33:34.838+0000] {processor.py:840} INFO - DAG(s) 'example_external_task_marker_parent', 'example_external_task_marker_child' retrieved from /home/airflow/.local/lib/python3.12/site-packages/airflow/example_dags/example_external_task_marker_dag.py
[2026-06-16T23:33:34.868+0000] {logging_mixin.py:188} INFO - [2026-06-16T23:33:34.868+0000] {dag.py:3089} INFO - Sync 2 DAGs
[2026-06-16T23:33:34.886+0000] {logging_mixin.py:188} INFO - [2026-06-16T23:33:34.885+0000] {dag.py:3947} INFO - Setting next_dagrun for example_external_task_marker_child to None, run_after=None
[2026-06-16T23:33:34.891+0000] {logging_mixin.py:188} INFO - [2026-06-16T23:33:34.891+0000] {dag.py:3947} INFO - Setting next_dagrun for example_external_task_marker_parent to None, run_after=None
[2026-06-16T23:33:34.909+0000] {processor.py:183} INFO - Processing /home/airflow/.local/lib/python3.12/site-packages/airflow/example_dags/example_external_task_marker_dag.py took 0.088 seconds
[2026-06-16T23:34:05.193+0000] {processor.py:161} INFO - Started process (PID=2235) to work on /home/airflow/.local/lib/python3.12/site-packages/airflow/example_dags/example_external_task_marker_dag.py
[2026-06-16T23:34:05.194+0000] {processor.py:830} INFO - Processing file /home/airflow/.local/lib/python3.12/site-packages/airflow/example_dags/example_external_task_marker_dag.py for tasks to queue
[2026-06-16T23:34:05.196+0000] {logging_mixin.py:188} INFO - [2026-06-16T23:34:05.196+0000] {dagbag.py:545} INFO - Filling up the DagBag from /home/airflow/.local/lib/python3.12/site-packages/airflow/example_dags/example_external_task_marker_dag.py
[2026-06-16T23:34:05.204+0000] {processor.py:840} INFO - DAG(s) 'example_external_task_marker_child', 'example_external_task_marker_parent' retrieved from /home/airflow/.local/lib/python3.12/site-packages/airflow/example_dags/example_external_task_marker_dag.py
[2026-06-16T23:34:05.233+0000] {logging_mixin.py:188} INFO - [2026-06-16T23:34:05.233+0000] {dag.py:3089} INFO - Sync 2 DAGs
[2026-06-16T23:34:05.263+0000] {logging_mixin.py:188} INFO - [2026-06-16T23:34:05.263+0000] {dag.py:3947} INFO - Setting next_dagrun for example_external_task_marker_child to None, run_after=None
[2026-06-16T23:34:05.270+0000] {logging_mixin.py:188} INFO - [2026-06-16T23:34:05.269+0000] {dag.py:3947} INFO - Setting next_dagrun for example_external_task_marker_parent to None, run_after=None
[2026-06-16T23:34:05.289+0000] {processor.py:183} INFO - Processing /home/airflow/.local/lib/python3.12/site-packages/airflow/example_dags/example_external_task_marker_dag.py took 0.104 seconds
[2026-06-16T23:34:35.380+0000] {processor.py:161} INFO - Started process (PID=2292) to work on /home/airflow/.local/lib/python3.12/site-packages/airflow/example_dags/example_external_task_marker_dag.py
[2026-06-16T23:34:35.380+0000] {processor.py:830} INFO - Processing file /home/airflow/.local/lib/python3.12/site-packages/airflow/example_dags/example_external_task_marker_dag.py for tasks to queue
[2026-06-16T23:34:35.382+0000] {logging_mixin.py:188} INFO - [2026-06-16T23:34:35.382+0000] {dagbag.py:545} INFO - Filling up the DagBag from /home/airflow/.local/lib/python3.12/site-packages/airflow/example_dags/example_external_task_marker_dag.py
[2026-06-16T23:34:35.390+0000] {processor.py:840} INFO - DAG(s) 'example_external_task_marker_parent', 'example_external_task_marker_child' retrieved from /home/airflow/.local/lib/python3.12/site-packages/airflow/example_dags/example_external_task_marker_dag.py
[2026-06-16T23:34:35.418+0000] {logging_mixin.py:188} INFO - [2026-06-16T23:34:35.417+0000] {dag.py:3089} INFO - Sync 2 DAGs
[2026-06-16T23:34:35.435+0000] {logging_mixin.py:188} INFO - [2026-06-16T23:34:35.435+0000] {dag.py:3947} INFO - Setting next_dagrun for example_external_task_marker_child to None, run_after=None
[2026-06-16T23:34:35.440+0000] {logging_mixin.py:188} INFO - [2026-06-16T23:34:35.439+0000] {dag.py:3947} INFO - Setting next_dagrun for example_external_task_marker_parent to None, run_after=None
[2026-06-16T23:34:35.455+0000] {processor.py:183} INFO - Processing /home/airflow/.local/lib/python3.12/site-packages/airflow/example_dags/example_external_task_marker_dag.py took 0.084 seconds
[2026-06-16T23:35:05.511+0000] {processor.py:161} INFO - Started process (PID=2350) to work on /home/airflow/.local/lib/python3.12/site-packages/airflow/example_dags/example_external_task_marker_dag.py
[2026-06-16T23:35:05.512+0000] {processor.py:830} INFO - Processing file /home/airflow/.local/lib/python3.12/site-packages/airflow/example_dags/example_external_task_marker_dag.py for tasks to queue
[2026-06-16T23:35:05.514+0000] {logging_mixin.py:188} INFO - [2026-06-16T23:35:05.514+0000] {dagbag.py:545} INFO - Filling up the DagBag from /home/airflow/.local/lib/python3.12/site-packages/airflow/example_dags/example_external_task_marker_dag.py
[2026-06-16T23:35:05.522+0000] {processor.py:840} INFO - DAG(s) 'example_external_task_marker_child', 'example_external_task_marker_parent' retrieved from /home/airflow/.local/lib/python3.12/site-packages/airflow/example_dags/example_external_task_marker_dag.py
[2026-06-16T23:35:05.549+0000] {logging_mixin.py:188} INFO - [2026-06-16T23:35:05.548+0000] {dag.py:3089} INFO - Sync 2 DAGs
[2026-06-16T23:35:05.565+0000] {logging_mixin.py:188} INFO - [2026-06-16T23:35:05.564+0000] {dag.py:3947} INFO - Setting next_dagrun for example_external_task_marker_child to None, run_after=None
[2026-06-16T23:35:05.569+0000] {logging_mixin.py:188} INFO - [2026-06-16T23:35:05.568+0000] {dag.py:3947} INFO - Setting next_dagrun for example_external_task_marker_parent to None, run_after=None
[2026-06-16T23:35:05.585+0000] {processor.py:183} INFO - Processing /home/airflow/.local/lib/python3.12/site-packages/airflow/example_dags/example_external_task_marker_dag.py took 0.081 seconds
[2026-06-16T23:35:35.912+0000] {processor.py:161} INFO - Started process (PID=2408) to work on /home/airflow/.local/lib/python3.12/site-packages/airflow/example_dags/example_external_task_marker_dag.py
[2026-06-16T23:35:35.913+0000] {processor.py:830} INFO - Processing file /home/airflow/.local/lib/python3.12/site-packages/airflow/example_dags/example_external_task_marker_dag.py for tasks to queue
[2026-06-16T23:35:35.915+0000] {logging_mixin.py:188} INFO - [2026-06-16T23:35:35.915+0000] {dagbag.py:545} INFO - Filling up the DagBag from /home/airflow/.local/lib/python3.12/site-packages/airflow/example_dags/example_external_task_marker_dag.py
[2026-06-16T23:35:35.923+0000] {processor.py:840} INFO - DAG(s) 'example_external_task_marker_parent', 'example_external_task_marker_child' retrieved from /home/airflow/.local/lib/python3.12/site-packages/airflow/example_dags/example_external_task_marker_dag.py
[2026-06-16T23:35:35.952+0000] {logging_mixin.py:188} INFO - [2026-06-16T23:35:35.952+0000] {dag.py:3089} INFO - Sync 2 DAGs
[2026-06-16T23:35:35.968+0000] {logging_mixin.py:188} INFO - [2026-06-16T23:35:35.968+0000] {dag.py:3947} INFO - Setting next_dagrun for example_external_task_marker_child to None, run_after=None
[2026-06-16T23:35:35.972+0000] {logging_mixin.py:188} INFO - [2026-06-16T23:35:35.971+0000] {dag.py:3947} INFO - Setting next_dagrun for example_external_task_marker_parent to None, run_after=None
[2026-06-16T23:35:35.988+0000] {processor.py:183} INFO - Processing /home/airflow/.local/lib/python3.12/site-packages/airflow/example_dags/example_external_task_marker_dag.py took 0.083 seconds
[2026-06-16T23:36:06.134+0000] {processor.py:161} INFO - Started process (PID=2466) to work on /home/airflow/.local/lib/python3.12/site-packages/airflow/example_dags/example_external_task_marker_dag.py
[2026-06-16T23:36:06.135+0000] {processor.py:830} INFO - Processing file /home/airflow/.local/lib/python3.12/site-packages/airflow/example_dags/example_external_task_marker_dag.py for tasks to queue
[2026-06-16T23:36:06.137+0000] {logging_mixin.py:188} INFO - [2026-06-16T23:36:06.137+0000] {dagbag.py:545} INFO - Filling up the DagBag from /home/airflow/.local/lib/python3.12/site-packages/airflow/example_dags/example_external_task_marker_dag.py
[2026-06-16T23:36:06.145+0000] {processor.py:840} INFO - DAG(s) 'example_external_task_marker_parent', 'example_external_task_marker_child' retrieved from /home/airflow/.local/lib/python3.12/site-packages/airflow/example_dags/example_external_task_marker_dag.py
[2026-06-16T23:36:06.174+0000] {logging_mixin.py:188} INFO - [2026-06-16T23:36:06.174+0000] {dag.py:3089} INFO - Sync 2 DAGs
[2026-06-16T23:36:06.192+0000] {logging_mixin.py:188} INFO - [2026-06-16T23:36:06.191+0000] {dag.py:3947} INFO - Setting next_dagrun for example_external_task_marker_child to None, run_after=None
[2026-06-16T23:36:06.197+0000] {logging_mixin.py:188} INFO - [2026-06-16T23:36:06.197+0000] {dag.py:3947} INFO - Setting next_dagrun for example_external_task_marker_parent to None, run_after=None
[2026-06-16T23:36:06.215+0000] {processor.py:183} INFO - Processing /home/airflow/.local/lib/python3.12/site-packages/airflow/example_dags/example_external_task_marker_dag.py took 0.088 seconds
[2026-06-16T23:36:36.630+0000] {processor.py:161} INFO - Started process (PID=2524) to work on /home/airflow/.local/lib/python3.12/site-packages/airflow/example_dags/example_external_task_marker_dag.py
[2026-06-16T23:36:36.631+0000] {processor.py:830} INFO - Processing file /home/airflow/.local/lib/python3.12/site-packages/airflow/example_dags/example_external_task_marker_dag.py for tasks to queue
[2026-06-16T23:36:36.633+0000] {logging_mixin.py:188} INFO - [2026-06-16T23:36:36.633+0000] {dagbag.py:545} INFO - Filling up the DagBag from /home/airflow/.local/lib/python3.12/site-packages/airflow/example_dags/example_external_task_marker_dag.py
[2026-06-16T23:36:36.641+0000] {processor.py:840} INFO - DAG(s) 'example_external_task_marker_child', 'example_external_task_marker_parent' retrieved from /home/airflow/.local/lib/python3.12/site-packages/airflow/example_dags/example_external_task_marker_dag.py
[2026-06-16T23:36:36.670+0000] {logging_mixin.py:188} INFO - [2026-06-16T23:36:36.670+0000] {dag.py:3089} INFO - Sync 2 DAGs
[2026-06-16T23:36:36.687+0000] {logging_mixin.py:188} INFO - [2026-06-16T23:36:36.687+0000] {dag.py:3947} INFO - Setting next_dagrun for example_external_task_marker_child to None, run_after=None
[2026-06-16T23:36:36.692+0000] {logging_mixin.py:188} INFO - [2026-06-16T23:36:36.691+0000] {dag.py:3947} INFO - Setting next_dagrun for example_external_task_marker_parent to None, run_after=None
[2026-06-16T23:36:36.708+0000] {processor.py:183} INFO - Processing /home/airflow/.local/lib/python3.12/site-packages/airflow/example_dags/example_external_task_marker_dag.py took 0.086 seconds
[2026-06-16T23:37:06.908+0000] {processor.py:161} INFO - Started process (PID=2582) to work on /home/airflow/.local/lib/python3.12/site-packages/airflow/example_dags/example_external_task_marker_dag.py
[2026-06-16T23:37:06.909+0000] {processor.py:830} INFO - Processing file /home/airflow/.local/lib/python3.12/site-packages/airflow/example_dags/example_external_task_marker_dag.py for tasks to queue
[2026-06-16T23:37:06.911+0000] {logging_mixin.py:188} INFO - [2026-06-16T23:37:06.911+0000] {dagbag.py:545} INFO - Filling up the DagBag from /home/airflow/.local/lib/python3.12/site-packages/airflow/example_dags/example_external_task_marker_dag.py
[2026-06-16T23:37:06.918+0000] {processor.py:840} INFO - DAG(s) 'example_external_task_marker_parent', 'example_external_task_marker_child' retrieved from /home/airflow/.local/lib/python3.12/site-packages/airflow/example_dags/example_external_task_marker_dag.py
[2026-06-16T23:37:06.946+0000] {logging_mixin.py:188} INFO - [2026-06-16T23:37:06.946+0000] {dag.py:3089} INFO - Sync 2 DAGs
[2026-06-16T23:37:06.962+0000] {logging_mixin.py:188} INFO - [2026-06-16T23:37:06.962+0000] {dag.py:3947} INFO - Setting next_dagrun for example_external_task_marker_child to None, run_after=None
[2026-06-16T23:37:06.966+0000] {logging_mixin.py:188} INFO - [2026-06-16T23:37:06.966+0000] {dag.py:3947} INFO - Setting next_dagrun for example_external_task_marker_parent to None, run_after=None
[2026-06-16T23:37:06.982+0000] {processor.py:183} INFO - Processing /home/airflow/.local/lib/python3.12/site-packages/airflow/example_dags/example_external_task_marker_dag.py took 0.082 seconds
[2026-06-16T23:37:38.094+0000] {processor.py:161} INFO - Started process (PID=2640) to work on /home/airflow/.local/lib/python3.12/site-packages/airflow/example_dags/example_external_task_marker_dag.py
[2026-06-16T23:37:38.098+0000] {processor.py:830} INFO - Processing file /home/airflow/.local/lib/python3.12/site-packages/airflow/example_dags/example_external_task_marker_dag.py for tasks to queue
[2026-06-16T23:37:38.106+0000] {logging_mixin.py:188} INFO - [2026-06-16T23:37:38.102+0000] {dagbag.py:545} INFO - Filling up the DagBag from /home/airflow/.local/lib/python3.12/site-packages/airflow/example_dags/example_external_task_marker_dag.py
[2026-06-16T23:37:38.128+0000] {processor.py:840} INFO - DAG(s) 'example_external_task_marker_child', 'example_external_task_marker_parent' retrieved from /home/airflow/.local/lib/python3.12/site-packages/airflow/example_dags/example_external_task_marker_dag.py
[2026-06-16T23:37:38.160+0000] {logging_mixin.py:188} INFO - [2026-06-16T23:37:38.160+0000] {dag.py:3089} INFO - Sync 2 DAGs
[2026-06-16T23:37:38.175+0000] {logging_mixin.py:188} INFO - [2026-06-16T23:37:38.175+0000] {dag.py:3947} INFO - Setting next_dagrun for example_external_task_marker_child to None, run_after=None
[2026-06-16T23:37:38.179+0000] {logging_mixin.py:188} INFO - [2026-06-16T23:37:38.179+0000] {dag.py:3947} INFO - Setting next_dagrun for example_external_task_marker_parent to None, run_after=None
[2026-06-16T23:37:38.203+0000] {processor.py:183} INFO - Processing /home/airflow/.local/lib/python3.12/site-packages/airflow/example_dags/example_external_task_marker_dag.py took 0.143 seconds
[2026-06-16T23:38:09.103+0000] {processor.py:161} INFO - Started process (PID=2699) to work on /home/airflow/.local/lib/python3.12/site-packages/airflow/example_dags/example_external_task_marker_dag.py
[2026-06-16T23:38:09.106+0000] {processor.py:830} INFO - Processing file /home/airflow/.local/lib/python3.12/site-packages/airflow/example_dags/example_external_task_marker_dag.py for tasks to queue
[2026-06-16T23:38:09.111+0000] {logging_mixin.py:188} INFO - [2026-06-16T23:38:09.111+0000] {dagbag.py:545} INFO - Filling up the DagBag from /home/airflow/.local/lib/python3.12/site-packages/airflow/example_dags/example_external_task_marker_dag.py
[2026-06-16T23:38:09.125+0000] {processor.py:840} INFO - DAG(s) 'example_external_task_marker_child', 'example_external_task_marker_parent' retrieved from /home/airflow/.local/lib/python3.12/site-packages/airflow/example_dags/example_external_task_marker_dag.py
[2026-06-16T23:38:09.189+0000] {logging_mixin.py:188} INFO - [2026-06-16T23:38:09.189+0000] {dag.py:3089} INFO - Sync 2 DAGs
[2026-06-16T23:38:09.227+0000] {logging_mixin.py:188} INFO - [2026-06-16T23:38:09.226+0000] {dag.py:3947} INFO - Setting next_dagrun for example_external_task_marker_child to None, run_after=None
[2026-06-16T23:38:09.237+0000] {logging_mixin.py:188} INFO - [2026-06-16T23:38:09.237+0000] {dag.py:3947} INFO - Setting next_dagrun for example_external_task_marker_parent to None, run_after=None
[2026-06-16T23:38:09.283+0000] {processor.py:183} INFO - Processing /home/airflow/.local/lib/python3.12/site-packages/airflow/example_dags/example_external_task_marker_dag.py took 0.204 seconds
[2026-06-16T23:38:39.642+0000] {processor.py:161} INFO - Started process (PID=2757) to work on /home/airflow/.local/lib/python3.12/site-packages/airflow/example_dags/example_external_task_marker_dag.py
[2026-06-16T23:38:39.644+0000] {processor.py:830} INFO - Processing file /home/airflow/.local/lib/python3.12/site-packages/airflow/example_dags/example_external_task_marker_dag.py for tasks to queue
[2026-06-16T23:38:39.646+0000] {logging_mixin.py:188} INFO - [2026-06-16T23:38:39.645+0000] {dagbag.py:545} INFO - Filling up the DagBag from /home/airflow/.local/lib/python3.12/site-packages/airflow/example_dags/example_external_task_marker_dag.py
[2026-06-16T23:38:39.653+0000] {processor.py:840} INFO - DAG(s) 'example_external_task_marker_parent', 'example_external_task_marker_child' retrieved from /home/airflow/.local/lib/python3.12/site-packages/airflow/example_dags/example_external_task_marker_dag.py
[2026-06-16T23:38:39.709+0000] {logging_mixin.py:188} INFO - [2026-06-16T23:38:39.706+0000] {dag.py:3089} INFO - Sync 2 DAGs
[2026-06-16T23:38:39.758+0000] {logging_mixin.py:188} INFO - [2026-06-16T23:38:39.758+0000] {dag.py:3947} INFO - Setting next_dagrun for example_external_task_marker_child to None, run_after=None
[2026-06-16T23:38:39.769+0000] {logging_mixin.py:188} INFO - [2026-06-16T23:38:39.769+0000] {dag.py:3947} INFO - Setting next_dagrun for example_external_task_marker_parent to None, run_after=None
[2026-06-16T23:38:39.831+0000] {processor.py:183} INFO - Processing /home/airflow/.local/lib/python3.12/site-packages/airflow/example_dags/example_external_task_marker_dag.py took 0.202 seconds
[2026-06-16T23:39:10.461+0000] {processor.py:161} INFO - Started process (PID=2815) to work on /home/airflow/.local/lib/python3.12/site-packages/airflow/example_dags/example_external_task_marker_dag.py
[2026-06-16T23:39:10.462+0000] {processor.py:830} INFO - Processing file /home/airflow/.local/lib/python3.12/site-packages/airflow/example_dags/example_external_task_marker_dag.py for tasks to queue
[2026-06-16T23:39:10.464+0000] {logging_mixin.py:188} INFO - [2026-06-16T23:39:10.463+0000] {dagbag.py:545} INFO - Filling up the DagBag from /home/airflow/.local/lib/python3.12/site-packages/airflow/example_dags/example_external_task_marker_dag.py
[2026-06-16T23:39:10.469+0000] {processor.py:840} INFO - DAG(s) 'example_external_task_marker_child', 'example_external_task_marker_parent' retrieved from /home/airflow/.local/lib/python3.12/site-packages/airflow/example_dags/example_external_task_marker_dag.py
[2026-06-16T23:39:10.490+0000] {logging_mixin.py:188} INFO - [2026-06-16T23:39:10.490+0000] {dag.py:3089} INFO - Sync 2 DAGs
[2026-06-16T23:39:10.502+0000] {logging_mixin.py:188} INFO - [2026-06-16T23:39:10.502+0000] {dag.py:3947} INFO - Setting next_dagrun for example_external_task_marker_child to None, run_after=None
[2026-06-16T23:39:10.505+0000] {logging_mixin.py:188} INFO - [2026-06-16T23:39:10.505+0000] {dag.py:3947} INFO - Setting next_dagrun for example_external_task_marker_parent to None, run_after=None
[2026-06-16T23:39:10.518+0000] {processor.py:183} INFO - Processing /home/airflow/.local/lib/python3.12/site-packages/airflow/example_dags/example_external_task_marker_dag.py took 0.062 seconds
[2026-06-16T23:39:40.701+0000] {processor.py:161} INFO - Started process (PID=2873) to work on /home/airflow/.local/lib/python3.12/site-packages/airflow/example_dags/example_external_task_marker_dag.py
[2026-06-16T23:39:40.702+0000] {processor.py:830} INFO - Processing file /home/airflow/.local/lib/python3.12/site-packages/airflow/example_dags/example_external_task_marker_dag.py for tasks to queue
[2026-06-16T23:39:40.704+0000] {logging_mixin.py:188} INFO - [2026-06-16T23:39:40.704+0000] {dagbag.py:545} INFO - Filling up the DagBag from /home/airflow/.local/lib/python3.12/site-packages/airflow/example_dags/example_external_task_marker_dag.py
[2026-06-16T23:39:40.711+0000] {processor.py:840} INFO - DAG(s) 'example_external_task_marker_parent', 'example_external_task_marker_child' retrieved from /home/airflow/.local/lib/python3.12/site-packages/airflow/example_dags/example_external_task_marker_dag.py
[2026-06-16T23:39:40.739+0000] {logging_mixin.py:188} INFO - [2026-06-16T23:39:40.739+0000] {dag.py:3089} INFO - Sync 2 DAGs
[2026-06-16T23:39:40.756+0000] {logging_mixin.py:188} INFO - [2026-06-16T23:39:40.756+0000] {dag.py:3947} INFO - Setting next_dagrun for example_external_task_marker_child to None, run_after=None
[2026-06-16T23:39:40.761+0000] {logging_mixin.py:188} INFO - [2026-06-16T23:39:40.761+0000] {dag.py:3947} INFO - Setting next_dagrun for example_external_task_marker_parent to None, run_after=None
[2026-06-16T23:39:40.794+0000] {processor.py:183} INFO - Processing /home/airflow/.local/lib/python3.12/site-packages/airflow/example_dags/example_external_task_marker_dag.py took 0.100 seconds
[2026-06-16T23:40:11.239+0000] {processor.py:161} INFO - Started process (PID=2931) to work on /home/airflow/.local/lib/python3.12/site-packages/airflow/example_dags/example_external_task_marker_dag.py
[2026-06-16T23:40:11.240+0000] {processor.py:830} INFO - Processing file /home/airflow/.local/lib/python3.12/site-packages/airflow/example_dags/example_external_task_marker_dag.py for tasks to queue
[2026-06-16T23:40:11.242+0000] {logging_mixin.py:188} INFO - [2026-06-16T23:40:11.242+0000] {dagbag.py:545} INFO - Filling up the DagBag from /home/airflow/.local/lib/python3.12/site-packages/airflow/example_dags/example_external_task_marker_dag.py
[2026-06-16T23:40:11.252+0000] {processor.py:840} INFO - DAG(s) 'example_external_task_marker_child', 'example_external_task_marker_parent' retrieved from /home/airflow/.local/lib/python3.12/site-packages/airflow/example_dags/example_external_task_marker_dag.py
[2026-06-16T23:40:11.281+0000] {logging_mixin.py:188} INFO - [2026-06-16T23:40:11.281+0000] {dag.py:3089} INFO - Sync 2 DAGs
[2026-06-16T23:40:11.298+0000] {logging_mixin.py:188} INFO - [2026-06-16T23:40:11.298+0000] {dag.py:3947} INFO - Setting next_dagrun for example_external_task_marker_child to None, run_after=None
[2026-06-16T23:40:11.302+0000] {logging_mixin.py:188} INFO - [2026-06-16T23:40:11.302+0000] {dag.py:3947} INFO - Setting next_dagrun for example_external_task_marker_parent to None, run_after=None
[2026-06-16T23:40:11.320+0000] {processor.py:183} INFO - Processing /home/airflow/.local/lib/python3.12/site-packages/airflow/example_dags/example_external_task_marker_dag.py took 0.088 seconds
[2026-06-16T23:40:41.684+0000] {processor.py:161} INFO - Started process (PID=2988) to work on /home/airflow/.local/lib/python3.12/site-packages/airflow/example_dags/example_external_task_marker_dag.py
[2026-06-16T23:40:41.685+0000] {processor.py:830} INFO - Processing file /home/airflow/.local/lib/python3.12/site-packages/airflow/example_dags/example_external_task_marker_dag.py for tasks to queue
[2026-06-16T23:40:41.687+0000] {logging_mixin.py:188} INFO - [2026-06-16T23:40:41.687+0000] {dagbag.py:545} INFO - Filling up the DagBag from /home/airflow/.local/lib/python3.12/site-packages/airflow/example_dags/example_external_task_marker_dag.py
[2026-06-16T23:40:41.694+0000] {processor.py:840} INFO - DAG(s) 'example_external_task_marker_child', 'example_external_task_marker_parent' retrieved from /home/airflow/.local/lib/python3.12/site-packages/airflow/example_dags/example_external_task_marker_dag.py
[2026-06-16T23:40:41.722+0000] {logging_mixin.py:188} INFO - [2026-06-16T23:40:41.722+0000] {dag.py:3089} INFO - Sync 2 DAGs
[2026-06-16T23:40:41.738+0000] {logging_mixin.py:188} INFO - [2026-06-16T23:40:41.738+0000] {dag.py:3947} INFO - Setting next_dagrun for example_external_task_marker_child to None, run_after=None
[2026-06-16T23:40:41.743+0000] {logging_mixin.py:188} INFO - [2026-06-16T23:40:41.743+0000] {dag.py:3947} INFO - Setting next_dagrun for example_external_task_marker_parent to None, run_after=None
[2026-06-16T23:40:41.761+0000] {processor.py:183} INFO - Processing /home/airflow/.local/lib/python3.12/site-packages/airflow/example_dags/example_external_task_marker_dag.py took 0.084 seconds
[2026-06-16T23:41:12.176+0000] {processor.py:161} INFO - Started process (PID=3046) to work on /home/airflow/.local/lib/python3.12/site-packages/airflow/example_dags/example_external_task_marker_dag.py
[2026-06-16T23:41:12.177+0000] {processor.py:830} INFO - Processing file /home/airflow/.local/lib/python3.12/site-packages/airflow/example_dags/example_external_task_marker_dag.py for tasks to queue
[2026-06-16T23:41:12.179+0000] {logging_mixin.py:188} INFO - [2026-06-16T23:41:12.179+0000] {dagbag.py:545} INFO - Filling up the DagBag from /home/airflow/.local/lib/python3.12/site-packages/airflow/example_dags/example_external_task_marker_dag.py
[2026-06-16T23:41:12.186+0000] {processor.py:840} INFO - DAG(s) 'example_external_task_marker_child', 'example_external_task_marker_parent' retrieved from /home/airflow/.local/lib/python3.12/site-packages/airflow/example_dags/example_external_task_marker_dag.py
[2026-06-16T23:41:12.217+0000] {logging_mixin.py:188} INFO - [2026-06-16T23:41:12.216+0000] {dag.py:3089} INFO - Sync 2 DAGs
[2026-06-16T23:41:12.234+0000] {logging_mixin.py:188} INFO - [2026-06-16T23:41:12.234+0000] {dag.py:3947} INFO - Setting next_dagrun for example_external_task_marker_child to None, run_after=None
[2026-06-16T23:41:12.239+0000] {logging_mixin.py:188} INFO - [2026-06-16T23:41:12.238+0000] {dag.py:3947} INFO - Setting next_dagrun for example_external_task_marker_parent to None, run_after=None
[2026-06-16T23:41:12.258+0000] {processor.py:183} INFO - Processing /home/airflow/.local/lib/python3.12/site-packages/airflow/example_dags/example_external_task_marker_dag.py took 0.090 seconds
[2026-06-16T23:41:42.447+0000] {processor.py:161} INFO - Started process (PID=3103) to work on /home/airflow/.local/lib/python3.12/site-packages/airflow/example_dags/example_external_task_marker_dag.py
[2026-06-16T23:41:42.448+0000] {processor.py:830} INFO - Processing file /home/airflow/.local/lib/python3.12/site-packages/airflow/example_dags/example_external_task_marker_dag.py for tasks to queue
[2026-06-16T23:41:42.450+0000] {logging_mixin.py:188} INFO - [2026-06-16T23:41:42.450+0000] {dagbag.py:545} INFO - Filling up the DagBag from /home/airflow/.local/lib/python3.12/site-packages/airflow/example_dags/example_external_task_marker_dag.py
[2026-06-16T23:41:42.458+0000] {processor.py:840} INFO - DAG(s) 'example_external_task_marker_parent', 'example_external_task_marker_child' retrieved from /home/airflow/.local/lib/python3.12/site-packages/airflow/example_dags/example_external_task_marker_dag.py
[2026-06-16T23:41:42.487+0000] {logging_mixin.py:188} INFO - [2026-06-16T23:41:42.486+0000] {dag.py:3089} INFO - Sync 2 DAGs
[2026-06-16T23:41:42.504+0000] {logging_mixin.py:188} INFO - [2026-06-16T23:41:42.504+0000] {dag.py:3947} INFO - Setting next_dagrun for example_external_task_marker_child to None, run_after=None
[2026-06-16T23:41:42.508+0000] {logging_mixin.py:188} INFO - [2026-06-16T23:41:42.508+0000] {dag.py:3947} INFO - Setting next_dagrun for example_external_task_marker_parent to None, run_after=None
[2026-06-16T23:41:42.528+0000] {processor.py:183} INFO - Processing /home/airflow/.local/lib/python3.12/site-packages/airflow/example_dags/example_external_task_marker_dag.py took 0.088 seconds
[2026-06-16T23:42:12.950+0000] {processor.py:161} INFO - Started process (PID=3161) to work on /home/airflow/.local/lib/python3.12/site-packages/airflow/example_dags/example_external_task_marker_dag.py
[2026-06-16T23:42:12.951+0000] {processor.py:830} INFO - Processing file /home/airflow/.local/lib/python3.12/site-packages/airflow/example_dags/example_external_task_marker_dag.py for tasks to queue
[2026-06-16T23:42:12.953+0000] {logging_mixin.py:188} INFO - [2026-06-16T23:42:12.953+0000] {dagbag.py:545} INFO - Filling up the DagBag from /home/airflow/.local/lib/python3.12/site-packages/airflow/example_dags/example_external_task_marker_dag.py
[2026-06-16T23:42:12.960+0000] {processor.py:840} INFO - DAG(s) 'example_external_task_marker_parent', 'example_external_task_marker_child' retrieved from /home/airflow/.local/lib/python3.12/site-packages/airflow/example_dags/example_external_task_marker_dag.py
[2026-06-16T23:42:12.990+0000] {logging_mixin.py:188} INFO - [2026-06-16T23:42:12.990+0000] {dag.py:3089} INFO - Sync 2 DAGs
[2026-06-16T23:42:13.006+0000] {logging_mixin.py:188} INFO - [2026-06-16T23:42:13.006+0000] {dag.py:3947} INFO - Setting next_dagrun for example_external_task_marker_child to None, run_after=None
[2026-06-16T23:42:13.011+0000] {logging_mixin.py:188} INFO - [2026-06-16T23:42:13.010+0000] {dag.py:3947} INFO - Setting next_dagrun for example_external_task_marker_parent to None, run_after=None
[2026-06-16T23:42:13.031+0000] {processor.py:183} INFO - Processing /home/airflow/.local/lib/python3.12/site-packages/airflow/example_dags/example_external_task_marker_dag.py took 0.088 seconds
[2026-06-16T23:42:43.226+0000] {processor.py:161} INFO - Started process (PID=3219) to work on /home/airflow/.local/lib/python3.12/site-packages/airflow/example_dags/example_external_task_marker_dag.py
[2026-06-16T23:42:43.226+0000] {processor.py:830} INFO - Processing file /home/airflow/.local/lib/python3.12/site-packages/airflow/example_dags/example_external_task_marker_dag.py for tasks to queue
[2026-06-16T23:42:43.229+0000] {logging_mixin.py:188} INFO - [2026-06-16T23:42:43.228+0000] {dagbag.py:545} INFO - Filling up the DagBag from /home/airflow/.local/lib/python3.12/site-packages/airflow/example_dags/example_external_task_marker_dag.py
[2026-06-16T23:42:43.236+0000] {processor.py:840} INFO - DAG(s) 'example_external_task_marker_parent', 'example_external_task_marker_child' retrieved from /home/airflow/.local/lib/python3.12/site-packages/airflow/example_dags/example_external_task_marker_dag.py
[2026-06-16T23:42:43.264+0000] {logging_mixin.py:188} INFO - [2026-06-16T23:42:43.263+0000] {dag.py:3089} INFO - Sync 2 DAGs
[2026-06-16T23:42:43.280+0000] {logging_mixin.py:188} INFO - [2026-06-16T23:42:43.280+0000] {dag.py:3947} INFO - Setting next_dagrun for example_external_task_marker_child to None, run_after=None
[2026-06-16T23:42:43.284+0000] {logging_mixin.py:188} INFO - [2026-06-16T23:42:43.284+0000] {dag.py:3947} INFO - Setting next_dagrun for example_external_task_marker_parent to None, run_after=None
[2026-06-16T23:42:43.301+0000] {processor.py:183} INFO - Processing /home/airflow/.local/lib/python3.12/site-packages/airflow/example_dags/example_external_task_marker_dag.py took 0.082 seconds
[2026-06-16T23:43:13.618+0000] {processor.py:161} INFO - Started process (PID=3276) to work on /home/airflow/.local/lib/python3.12/site-packages/airflow/example_dags/example_external_task_marker_dag.py
[2026-06-16T23:43:13.619+0000] {processor.py:830} INFO - Processing file /home/airflow/.local/lib/python3.12/site-packages/airflow/example_dags/example_external_task_marker_dag.py for tasks to queue
[2026-06-16T23:43:13.621+0000] {logging_mixin.py:188} INFO - [2026-06-16T23:43:13.621+0000] {dagbag.py:545} INFO - Filling up the DagBag from /home/airflow/.local/lib/python3.12/site-packages/airflow/example_dags/example_external_task_marker_dag.py
[2026-06-16T23:43:13.629+0000] {processor.py:840} INFO - DAG(s) 'example_external_task_marker_parent', 'example_external_task_marker_child' retrieved from /home/airflow/.local/lib/python3.12/site-packages/airflow/example_dags/example_external_task_marker_dag.py
[2026-06-16T23:43:13.659+0000] {logging_mixin.py:188} INFO - [2026-06-16T23:43:13.659+0000] {dag.py:3089} INFO - Sync 2 DAGs
[2026-06-16T23:43:13.677+0000] {logging_mixin.py:188} INFO - [2026-06-16T23:43:13.677+0000] {dag.py:3947} INFO - Setting next_dagrun for example_external_task_marker_child to None, run_after=None
[2026-06-16T23:43:13.682+0000] {logging_mixin.py:188} INFO - [2026-06-16T23:43:13.682+0000] {dag.py:3947} INFO - Setting next_dagrun for example_external_task_marker_parent to None, run_after=None
[2026-06-16T23:43:13.700+0000] {processor.py:183} INFO - Processing /home/airflow/.local/lib/python3.12/site-packages/airflow/example_dags/example_external_task_marker_dag.py took 0.089 seconds
[2026-06-16T23:43:43.810+0000] {processor.py:161} INFO - Started process (PID=3334) to work on /home/airflow/.local/lib/python3.12/site-packages/airflow/example_dags/example_external_task_marker_dag.py
[2026-06-16T23:43:43.813+0000] {processor.py:830} INFO - Processing file /home/airflow/.local/lib/python3.12/site-packages/airflow/example_dags/example_external_task_marker_dag.py for tasks to queue
[2026-06-16T23:43:43.819+0000] {logging_mixin.py:188} INFO - [2026-06-16T23:43:43.819+0000] {dagbag.py:545} INFO - Filling up the DagBag from /home/airflow/.local/lib/python3.12/site-packages/airflow/example_dags/example_external_task_marker_dag.py
[2026-06-16T23:43:43.836+0000] {processor.py:840} INFO - DAG(s) 'example_external_task_marker_child', 'example_external_task_marker_parent' retrieved from /home/airflow/.local/lib/python3.12/site-packages/airflow/example_dags/example_external_task_marker_dag.py
[2026-06-16T23:43:43.886+0000] {logging_mixin.py:188} INFO - [2026-06-16T23:43:43.886+0000] {dag.py:3089} INFO - Sync 2 DAGs
[2026-06-16T23:43:43.916+0000] {logging_mixin.py:188} INFO - [2026-06-16T23:43:43.916+0000] {dag.py:3947} INFO - Setting next_dagrun for example_external_task_marker_child to None, run_after=None
[2026-06-16T23:43:43.928+0000] {logging_mixin.py:188} INFO - [2026-06-16T23:43:43.928+0000] {dag.py:3947} INFO - Setting next_dagrun for example_external_task_marker_parent to None, run_after=None
[2026-06-16T23:43:43.955+0000] {processor.py:183} INFO - Processing /home/airflow/.local/lib/python3.12/site-packages/airflow/example_dags/example_external_task_marker_dag.py took 0.159 seconds
