[2026-06-16T23:15:12.134+0000] {processor.py:161} INFO - Started process (PID=93) to work on /home/airflow/.local/lib/python3.12/site-packages/airflow/example_dags/example_bash_decorator.py
[2026-06-16T23:15:12.135+0000] {processor.py:830} INFO - Processing file /home/airflow/.local/lib/python3.12/site-packages/airflow/example_dags/example_bash_decorator.py for tasks to queue
[2026-06-16T23:15:12.137+0000] {logging_mixin.py:188} INFO - [2026-06-16T23:15:12.136+0000] {dagbag.py:545} INFO - Filling up the DagBag from /home/airflow/.local/lib/python3.12/site-packages/airflow/example_dags/example_bash_decorator.py
[2026-06-16T23:15:12.197+0000] {processor.py:840} INFO - DAG(s) 'example_bash_decorator' retrieved from /home/airflow/.local/lib/python3.12/site-packages/airflow/example_dags/example_bash_decorator.py
[2026-06-16T23:15:12.841+0000] {logging_mixin.py:188} INFO - [2026-06-16T23:15:12.841+0000] {dag.py:3089} INFO - Sync 1 DAGs
[2026-06-16T23:15:12.927+0000] {logging_mixin.py:188} INFO - [2026-06-16T23:15:12.918+0000] {dag.py:3947} INFO - Setting next_dagrun for example_bash_decorator to None, run_after=None
[2026-06-16T23:15:13.092+0000] {processor.py:183} INFO - Processing /home/airflow/.local/lib/python3.12/site-packages/airflow/example_dags/example_bash_decorator.py took 0.975 seconds
[2026-06-16T23:15:43.221+0000] {processor.py:161} INFO - Started process (PID=151) to work on /home/airflow/.local/lib/python3.12/site-packages/airflow/example_dags/example_bash_decorator.py
[2026-06-16T23:15:43.223+0000] {processor.py:830} INFO - Processing file /home/airflow/.local/lib/python3.12/site-packages/airflow/example_dags/example_bash_decorator.py for tasks to queue
[2026-06-16T23:15:43.225+0000] {logging_mixin.py:188} INFO - [2026-06-16T23:15:43.224+0000] {dagbag.py:545} INFO - Filling up the DagBag from /home/airflow/.local/lib/python3.12/site-packages/airflow/example_dags/example_bash_decorator.py
[2026-06-16T23:15:43.242+0000] {processor.py:840} INFO - DAG(s) 'example_bash_decorator' retrieved from /home/airflow/.local/lib/python3.12/site-packages/airflow/example_dags/example_bash_decorator.py
[2026-06-16T23:15:43.272+0000] {logging_mixin.py:188} INFO - [2026-06-16T23:15:43.272+0000] {dag.py:3089} INFO - Sync 1 DAGs
[2026-06-16T23:15:43.288+0000] {logging_mixin.py:188} INFO - [2026-06-16T23:15:43.287+0000] {dag.py:3947} INFO - Setting next_dagrun for example_bash_decorator to None, run_after=None
[2026-06-16T23:15:43.307+0000] {processor.py:183} INFO - Processing /home/airflow/.local/lib/python3.12/site-packages/airflow/example_dags/example_bash_decorator.py took 0.094 seconds
[2026-06-16T23:16:13.434+0000] {processor.py:161} INFO - Started process (PID=208) to work on /home/airflow/.local/lib/python3.12/site-packages/airflow/example_dags/example_bash_decorator.py
[2026-06-16T23:16:13.435+0000] {processor.py:830} INFO - Processing file /home/airflow/.local/lib/python3.12/site-packages/airflow/example_dags/example_bash_decorator.py for tasks to queue
[2026-06-16T23:16:13.436+0000] {logging_mixin.py:188} INFO - [2026-06-16T23:16:13.436+0000] {dagbag.py:545} INFO - Filling up the DagBag from /home/airflow/.local/lib/python3.12/site-packages/airflow/example_dags/example_bash_decorator.py
[2026-06-16T23:16:13.448+0000] {processor.py:840} INFO - DAG(s) 'example_bash_decorator' retrieved from /home/airflow/.local/lib/python3.12/site-packages/airflow/example_dags/example_bash_decorator.py
[2026-06-16T23:16:13.469+0000] {logging_mixin.py:188} INFO - [2026-06-16T23:16:13.469+0000] {dag.py:3089} INFO - Sync 1 DAGs
[2026-06-16T23:16:13.480+0000] {logging_mixin.py:188} INFO - [2026-06-16T23:16:13.479+0000] {dag.py:3947} INFO - Setting next_dagrun for example_bash_decorator to None, run_after=None
[2026-06-16T23:16:13.498+0000] {processor.py:183} INFO - Processing /home/airflow/.local/lib/python3.12/site-packages/airflow/example_dags/example_bash_decorator.py took 0.069 seconds
[2026-06-16T23:16:43.629+0000] {processor.py:161} INFO - Started process (PID=266) to work on /home/airflow/.local/lib/python3.12/site-packages/airflow/example_dags/example_bash_decorator.py
[2026-06-16T23:16:43.629+0000] {processor.py:830} INFO - Processing file /home/airflow/.local/lib/python3.12/site-packages/airflow/example_dags/example_bash_decorator.py for tasks to queue
[2026-06-16T23:16:43.631+0000] {logging_mixin.py:188} INFO - [2026-06-16T23:16:43.631+0000] {dagbag.py:545} INFO - Filling up the DagBag from /home/airflow/.local/lib/python3.12/site-packages/airflow/example_dags/example_bash_decorator.py
[2026-06-16T23:16:43.643+0000] {processor.py:840} INFO - DAG(s) 'example_bash_decorator' retrieved from /home/airflow/.local/lib/python3.12/site-packages/airflow/example_dags/example_bash_decorator.py
[2026-06-16T23:16:43.664+0000] {logging_mixin.py:188} INFO - [2026-06-16T23:16:43.663+0000] {dag.py:3089} INFO - Sync 1 DAGs
[2026-06-16T23:16:43.674+0000] {logging_mixin.py:188} INFO - [2026-06-16T23:16:43.674+0000] {dag.py:3947} INFO - Setting next_dagrun for example_bash_decorator to None, run_after=None
[2026-06-16T23:16:43.689+0000] {processor.py:183} INFO - Processing /home/airflow/.local/lib/python3.12/site-packages/airflow/example_dags/example_bash_decorator.py took 0.066 seconds
[2026-06-16T23:17:13.936+0000] {processor.py:161} INFO - Started process (PID=324) to work on /home/airflow/.local/lib/python3.12/site-packages/airflow/example_dags/example_bash_decorator.py
[2026-06-16T23:17:13.937+0000] {processor.py:830} INFO - Processing file /home/airflow/.local/lib/python3.12/site-packages/airflow/example_dags/example_bash_decorator.py for tasks to queue
[2026-06-16T23:17:13.938+0000] {logging_mixin.py:188} INFO - [2026-06-16T23:17:13.938+0000] {dagbag.py:545} INFO - Filling up the DagBag from /home/airflow/.local/lib/python3.12/site-packages/airflow/example_dags/example_bash_decorator.py
[2026-06-16T23:17:13.951+0000] {processor.py:840} INFO - DAG(s) 'example_bash_decorator' retrieved from /home/airflow/.local/lib/python3.12/site-packages/airflow/example_dags/example_bash_decorator.py
[2026-06-16T23:17:13.975+0000] {logging_mixin.py:188} INFO - [2026-06-16T23:17:13.974+0000] {dag.py:3089} INFO - Sync 1 DAGs
[2026-06-16T23:17:13.987+0000] {logging_mixin.py:188} INFO - [2026-06-16T23:17:13.987+0000] {dag.py:3947} INFO - Setting next_dagrun for example_bash_decorator to None, run_after=None
[2026-06-16T23:17:14.004+0000] {processor.py:183} INFO - Processing /home/airflow/.local/lib/python3.12/site-packages/airflow/example_dags/example_bash_decorator.py took 0.074 seconds
[2026-06-16T23:17:44.654+0000] {processor.py:161} INFO - Started process (PID=382) to work on /home/airflow/.local/lib/python3.12/site-packages/airflow/example_dags/example_bash_decorator.py
[2026-06-16T23:17:44.654+0000] {processor.py:830} INFO - Processing file /home/airflow/.local/lib/python3.12/site-packages/airflow/example_dags/example_bash_decorator.py for tasks to queue
[2026-06-16T23:17:44.656+0000] {logging_mixin.py:188} INFO - [2026-06-16T23:17:44.656+0000] {dagbag.py:545} INFO - Filling up the DagBag from /home/airflow/.local/lib/python3.12/site-packages/airflow/example_dags/example_bash_decorator.py
[2026-06-16T23:17:44.671+0000] {processor.py:840} INFO - DAG(s) 'example_bash_decorator' retrieved from /home/airflow/.local/lib/python3.12/site-packages/airflow/example_dags/example_bash_decorator.py
[2026-06-16T23:17:44.694+0000] {logging_mixin.py:188} INFO - [2026-06-16T23:17:44.694+0000] {dag.py:3089} INFO - Sync 1 DAGs
[2026-06-16T23:17:44.706+0000] {logging_mixin.py:188} INFO - [2026-06-16T23:17:44.706+0000] {dag.py:3947} INFO - Setting next_dagrun for example_bash_decorator to None, run_after=None
[2026-06-16T23:17:44.722+0000] {processor.py:183} INFO - Processing /home/airflow/.local/lib/python3.12/site-packages/airflow/example_dags/example_bash_decorator.py took 0.076 seconds
[2026-06-16T23:18:15.605+0000] {processor.py:161} INFO - Started process (PID=440) to work on /home/airflow/.local/lib/python3.12/site-packages/airflow/example_dags/example_bash_decorator.py
[2026-06-16T23:18:15.606+0000] {processor.py:830} INFO - Processing file /home/airflow/.local/lib/python3.12/site-packages/airflow/example_dags/example_bash_decorator.py for tasks to queue
[2026-06-16T23:18:15.608+0000] {logging_mixin.py:188} INFO - [2026-06-16T23:18:15.608+0000] {dagbag.py:545} INFO - Filling up the DagBag from /home/airflow/.local/lib/python3.12/site-packages/airflow/example_dags/example_bash_decorator.py
[2026-06-16T23:18:15.619+0000] {processor.py:840} INFO - DAG(s) 'example_bash_decorator' retrieved from /home/airflow/.local/lib/python3.12/site-packages/airflow/example_dags/example_bash_decorator.py
[2026-06-16T23:18:15.640+0000] {logging_mixin.py:188} INFO - [2026-06-16T23:18:15.640+0000] {dag.py:3089} INFO - Sync 1 DAGs
[2026-06-16T23:18:15.651+0000] {logging_mixin.py:188} INFO - [2026-06-16T23:18:15.650+0000] {dag.py:3947} INFO - Setting next_dagrun for example_bash_decorator to None, run_after=None
[2026-06-16T23:18:15.665+0000] {processor.py:183} INFO - Processing /home/airflow/.local/lib/python3.12/site-packages/airflow/example_dags/example_bash_decorator.py took 0.066 seconds
[2026-06-16T23:18:46.828+0000] {processor.py:161} INFO - Started process (PID=498) to work on /home/airflow/.local/lib/python3.12/site-packages/airflow/example_dags/example_bash_decorator.py
[2026-06-16T23:18:46.829+0000] {processor.py:830} INFO - Processing file /home/airflow/.local/lib/python3.12/site-packages/airflow/example_dags/example_bash_decorator.py for tasks to queue
[2026-06-16T23:18:46.831+0000] {logging_mixin.py:188} INFO - [2026-06-16T23:18:46.830+0000] {dagbag.py:545} INFO - Filling up the DagBag from /home/airflow/.local/lib/python3.12/site-packages/airflow/example_dags/example_bash_decorator.py
[2026-06-16T23:18:46.848+0000] {processor.py:840} INFO - DAG(s) 'example_bash_decorator' retrieved from /home/airflow/.local/lib/python3.12/site-packages/airflow/example_dags/example_bash_decorator.py
[2026-06-16T23:18:46.889+0000] {logging_mixin.py:188} INFO - [2026-06-16T23:18:46.888+0000] {dag.py:3089} INFO - Sync 1 DAGs
[2026-06-16T23:18:46.905+0000] {logging_mixin.py:188} INFO - [2026-06-16T23:18:46.905+0000] {dag.py:3947} INFO - Setting next_dagrun for example_bash_decorator to None, run_after=None
[2026-06-16T23:18:46.925+0000] {processor.py:183} INFO - Processing /home/airflow/.local/lib/python3.12/site-packages/airflow/example_dags/example_bash_decorator.py took 0.105 seconds
[2026-06-16T23:19:17.587+0000] {processor.py:161} INFO - Started process (PID=556) to work on /home/airflow/.local/lib/python3.12/site-packages/airflow/example_dags/example_bash_decorator.py
[2026-06-16T23:19:17.590+0000] {processor.py:830} INFO - Processing file /home/airflow/.local/lib/python3.12/site-packages/airflow/example_dags/example_bash_decorator.py for tasks to queue
[2026-06-16T23:19:17.594+0000] {logging_mixin.py:188} INFO - [2026-06-16T23:19:17.592+0000] {dagbag.py:545} INFO - Filling up the DagBag from /home/airflow/.local/lib/python3.12/site-packages/airflow/example_dags/example_bash_decorator.py
[2026-06-16T23:19:17.636+0000] {processor.py:840} INFO - DAG(s) 'example_bash_decorator' retrieved from /home/airflow/.local/lib/python3.12/site-packages/airflow/example_dags/example_bash_decorator.py
[2026-06-16T23:19:17.685+0000] {logging_mixin.py:188} INFO - [2026-06-16T23:19:17.685+0000] {dag.py:3089} INFO - Sync 1 DAGs
[2026-06-16T23:19:17.701+0000] {logging_mixin.py:188} INFO - [2026-06-16T23:19:17.701+0000] {dag.py:3947} INFO - Setting next_dagrun for example_bash_decorator to None, run_after=None
[2026-06-16T23:19:17.741+0000] {processor.py:183} INFO - Processing /home/airflow/.local/lib/python3.12/site-packages/airflow/example_dags/example_bash_decorator.py took 0.168 seconds
[2026-06-16T23:19:48.731+0000] {processor.py:161} INFO - Started process (PID=615) to work on /home/airflow/.local/lib/python3.12/site-packages/airflow/example_dags/example_bash_decorator.py
[2026-06-16T23:19:48.732+0000] {processor.py:830} INFO - Processing file /home/airflow/.local/lib/python3.12/site-packages/airflow/example_dags/example_bash_decorator.py for tasks to queue
[2026-06-16T23:19:48.734+0000] {logging_mixin.py:188} INFO - [2026-06-16T23:19:48.734+0000] {dagbag.py:545} INFO - Filling up the DagBag from /home/airflow/.local/lib/python3.12/site-packages/airflow/example_dags/example_bash_decorator.py
[2026-06-16T23:19:48.750+0000] {processor.py:840} INFO - DAG(s) 'example_bash_decorator' retrieved from /home/airflow/.local/lib/python3.12/site-packages/airflow/example_dags/example_bash_decorator.py
[2026-06-16T23:19:48.783+0000] {logging_mixin.py:188} INFO - [2026-06-16T23:19:48.782+0000] {dag.py:3089} INFO - Sync 1 DAGs
[2026-06-16T23:19:48.800+0000] {logging_mixin.py:188} INFO - [2026-06-16T23:19:48.800+0000] {dag.py:3947} INFO - Setting next_dagrun for example_bash_decorator to None, run_after=None
[2026-06-16T23:19:48.821+0000] {processor.py:183} INFO - Processing /home/airflow/.local/lib/python3.12/site-packages/airflow/example_dags/example_bash_decorator.py took 0.097 seconds
[2026-06-16T23:20:18.981+0000] {processor.py:161} INFO - Started process (PID=672) to work on /home/airflow/.local/lib/python3.12/site-packages/airflow/example_dags/example_bash_decorator.py
[2026-06-16T23:20:18.982+0000] {processor.py:830} INFO - Processing file /home/airflow/.local/lib/python3.12/site-packages/airflow/example_dags/example_bash_decorator.py for tasks to queue
[2026-06-16T23:20:18.984+0000] {logging_mixin.py:188} INFO - [2026-06-16T23:20:18.983+0000] {dagbag.py:545} INFO - Filling up the DagBag from /home/airflow/.local/lib/python3.12/site-packages/airflow/example_dags/example_bash_decorator.py
[2026-06-16T23:20:19.001+0000] {processor.py:840} INFO - DAG(s) 'example_bash_decorator' retrieved from /home/airflow/.local/lib/python3.12/site-packages/airflow/example_dags/example_bash_decorator.py
[2026-06-16T23:20:19.031+0000] {logging_mixin.py:188} INFO - [2026-06-16T23:20:19.031+0000] {dag.py:3089} INFO - Sync 1 DAGs
[2026-06-16T23:20:19.047+0000] {logging_mixin.py:188} INFO - [2026-06-16T23:20:19.047+0000] {dag.py:3947} INFO - Setting next_dagrun for example_bash_decorator to None, run_after=None
[2026-06-16T23:20:19.066+0000] {processor.py:183} INFO - Processing /home/airflow/.local/lib/python3.12/site-packages/airflow/example_dags/example_bash_decorator.py took 0.092 seconds
[2026-06-16T23:20:49.155+0000] {processor.py:161} INFO - Started process (PID=729) to work on /home/airflow/.local/lib/python3.12/site-packages/airflow/example_dags/example_bash_decorator.py
[2026-06-16T23:20:49.156+0000] {processor.py:830} INFO - Processing file /home/airflow/.local/lib/python3.12/site-packages/airflow/example_dags/example_bash_decorator.py for tasks to queue
[2026-06-16T23:20:49.158+0000] {logging_mixin.py:188} INFO - [2026-06-16T23:20:49.158+0000] {dagbag.py:545} INFO - Filling up the DagBag from /home/airflow/.local/lib/python3.12/site-packages/airflow/example_dags/example_bash_decorator.py
[2026-06-16T23:20:49.174+0000] {processor.py:840} INFO - DAG(s) 'example_bash_decorator' retrieved from /home/airflow/.local/lib/python3.12/site-packages/airflow/example_dags/example_bash_decorator.py
[2026-06-16T23:20:49.205+0000] {logging_mixin.py:188} INFO - [2026-06-16T23:20:49.204+0000] {dag.py:3089} INFO - Sync 1 DAGs
[2026-06-16T23:20:49.220+0000] {logging_mixin.py:188} INFO - [2026-06-16T23:20:49.220+0000] {dag.py:3947} INFO - Setting next_dagrun for example_bash_decorator to None, run_after=None
[2026-06-16T23:20:49.240+0000] {processor.py:183} INFO - Processing /home/airflow/.local/lib/python3.12/site-packages/airflow/example_dags/example_bash_decorator.py took 0.092 seconds
[2026-06-16T23:21:19.456+0000] {processor.py:161} INFO - Started process (PID=787) to work on /home/airflow/.local/lib/python3.12/site-packages/airflow/example_dags/example_bash_decorator.py
[2026-06-16T23:21:19.457+0000] {processor.py:830} INFO - Processing file /home/airflow/.local/lib/python3.12/site-packages/airflow/example_dags/example_bash_decorator.py for tasks to queue
[2026-06-16T23:21:19.459+0000] {logging_mixin.py:188} INFO - [2026-06-16T23:21:19.458+0000] {dagbag.py:545} INFO - Filling up the DagBag from /home/airflow/.local/lib/python3.12/site-packages/airflow/example_dags/example_bash_decorator.py
[2026-06-16T23:21:19.476+0000] {processor.py:840} INFO - DAG(s) 'example_bash_decorator' retrieved from /home/airflow/.local/lib/python3.12/site-packages/airflow/example_dags/example_bash_decorator.py
[2026-06-16T23:21:19.516+0000] {logging_mixin.py:188} INFO - [2026-06-16T23:21:19.516+0000] {dag.py:3089} INFO - Sync 1 DAGs
[2026-06-16T23:21:19.532+0000] {logging_mixin.py:188} INFO - [2026-06-16T23:21:19.532+0000] {dag.py:3947} INFO - Setting next_dagrun for example_bash_decorator to None, run_after=None
[2026-06-16T23:21:19.552+0000] {processor.py:183} INFO - Processing /home/airflow/.local/lib/python3.12/site-packages/airflow/example_dags/example_bash_decorator.py took 0.103 seconds
[2026-06-16T23:21:49.686+0000] {processor.py:161} INFO - Started process (PID=845) to work on /home/airflow/.local/lib/python3.12/site-packages/airflow/example_dags/example_bash_decorator.py
[2026-06-16T23:21:49.687+0000] {processor.py:830} INFO - Processing file /home/airflow/.local/lib/python3.12/site-packages/airflow/example_dags/example_bash_decorator.py for tasks to queue
[2026-06-16T23:21:49.689+0000] {logging_mixin.py:188} INFO - [2026-06-16T23:21:49.689+0000] {dagbag.py:545} INFO - Filling up the DagBag from /home/airflow/.local/lib/python3.12/site-packages/airflow/example_dags/example_bash_decorator.py
[2026-06-16T23:21:49.706+0000] {processor.py:840} INFO - DAG(s) 'example_bash_decorator' retrieved from /home/airflow/.local/lib/python3.12/site-packages/airflow/example_dags/example_bash_decorator.py
[2026-06-16T23:21:49.740+0000] {logging_mixin.py:188} INFO - [2026-06-16T23:21:49.740+0000] {dag.py:3089} INFO - Sync 1 DAGs
[2026-06-16T23:21:49.757+0000] {logging_mixin.py:188} INFO - [2026-06-16T23:21:49.757+0000] {dag.py:3947} INFO - Setting next_dagrun for example_bash_decorator to None, run_after=None
[2026-06-16T23:21:49.786+0000] {processor.py:183} INFO - Processing /home/airflow/.local/lib/python3.12/site-packages/airflow/example_dags/example_bash_decorator.py took 0.106 seconds
[2026-06-16T23:22:20.088+0000] {processor.py:161} INFO - Started process (PID=903) to work on /home/airflow/.local/lib/python3.12/site-packages/airflow/example_dags/example_bash_decorator.py
[2026-06-16T23:22:20.089+0000] {processor.py:830} INFO - Processing file /home/airflow/.local/lib/python3.12/site-packages/airflow/example_dags/example_bash_decorator.py for tasks to queue
[2026-06-16T23:22:20.091+0000] {logging_mixin.py:188} INFO - [2026-06-16T23:22:20.090+0000] {dagbag.py:545} INFO - Filling up the DagBag from /home/airflow/.local/lib/python3.12/site-packages/airflow/example_dags/example_bash_decorator.py
[2026-06-16T23:22:20.117+0000] {processor.py:840} INFO - DAG(s) 'example_bash_decorator' retrieved from /home/airflow/.local/lib/python3.12/site-packages/airflow/example_dags/example_bash_decorator.py
[2026-06-16T23:22:20.148+0000] {logging_mixin.py:188} INFO - [2026-06-16T23:22:20.148+0000] {dag.py:3089} INFO - Sync 1 DAGs
[2026-06-16T23:22:20.163+0000] {logging_mixin.py:188} INFO - [2026-06-16T23:22:20.163+0000] {dag.py:3947} INFO - Setting next_dagrun for example_bash_decorator to None, run_after=None
[2026-06-16T23:22:20.183+0000] {processor.py:183} INFO - Processing /home/airflow/.local/lib/python3.12/site-packages/airflow/example_dags/example_bash_decorator.py took 0.102 seconds
[2026-06-16T23:22:50.627+0000] {processor.py:161} INFO - Started process (PID=961) to work on /home/airflow/.local/lib/python3.12/site-packages/airflow/example_dags/example_bash_decorator.py
[2026-06-16T23:22:50.628+0000] {processor.py:830} INFO - Processing file /home/airflow/.local/lib/python3.12/site-packages/airflow/example_dags/example_bash_decorator.py for tasks to queue
[2026-06-16T23:22:50.632+0000] {logging_mixin.py:188} INFO - [2026-06-16T23:22:50.631+0000] {dagbag.py:545} INFO - Filling up the DagBag from /home/airflow/.local/lib/python3.12/site-packages/airflow/example_dags/example_bash_decorator.py
[2026-06-16T23:22:50.649+0000] {processor.py:840} INFO - DAG(s) 'example_bash_decorator' retrieved from /home/airflow/.local/lib/python3.12/site-packages/airflow/example_dags/example_bash_decorator.py
[2026-06-16T23:22:50.679+0000] {logging_mixin.py:188} INFO - [2026-06-16T23:22:50.679+0000] {dag.py:3089} INFO - Sync 1 DAGs
[2026-06-16T23:22:50.693+0000] {logging_mixin.py:188} INFO - [2026-06-16T23:22:50.693+0000] {dag.py:3947} INFO - Setting next_dagrun for example_bash_decorator to None, run_after=None
[2026-06-16T23:22:50.714+0000] {processor.py:183} INFO - Processing /home/airflow/.local/lib/python3.12/site-packages/airflow/example_dags/example_bash_decorator.py took 0.094 seconds
[2026-06-16T23:23:21.464+0000] {processor.py:161} INFO - Started process (PID=1019) to work on /home/airflow/.local/lib/python3.12/site-packages/airflow/example_dags/example_bash_decorator.py
[2026-06-16T23:23:21.470+0000] {processor.py:830} INFO - Processing file /home/airflow/.local/lib/python3.12/site-packages/airflow/example_dags/example_bash_decorator.py for tasks to queue
[2026-06-16T23:23:21.474+0000] {logging_mixin.py:188} INFO - [2026-06-16T23:23:21.474+0000] {dagbag.py:545} INFO - Filling up the DagBag from /home/airflow/.local/lib/python3.12/site-packages/airflow/example_dags/example_bash_decorator.py
[2026-06-16T23:23:21.522+0000] {processor.py:840} INFO - DAG(s) 'example_bash_decorator' retrieved from /home/airflow/.local/lib/python3.12/site-packages/airflow/example_dags/example_bash_decorator.py
[2026-06-16T23:23:21.627+0000] {logging_mixin.py:188} INFO - [2026-06-16T23:23:21.627+0000] {dag.py:3089} INFO - Sync 1 DAGs
[2026-06-16T23:23:21.692+0000] {logging_mixin.py:188} INFO - [2026-06-16T23:23:21.692+0000] {dag.py:3947} INFO - Setting next_dagrun for example_bash_decorator to None, run_after=None
[2026-06-16T23:23:21.766+0000] {processor.py:183} INFO - Processing /home/airflow/.local/lib/python3.12/site-packages/airflow/example_dags/example_bash_decorator.py took 0.319 seconds
[2026-06-16T23:23:52.231+0000] {processor.py:161} INFO - Started process (PID=1077) to work on /home/airflow/.local/lib/python3.12/site-packages/airflow/example_dags/example_bash_decorator.py
[2026-06-16T23:23:52.232+0000] {processor.py:830} INFO - Processing file /home/airflow/.local/lib/python3.12/site-packages/airflow/example_dags/example_bash_decorator.py for tasks to queue
[2026-06-16T23:23:52.234+0000] {logging_mixin.py:188} INFO - [2026-06-16T23:23:52.234+0000] {dagbag.py:545} INFO - Filling up the DagBag from /home/airflow/.local/lib/python3.12/site-packages/airflow/example_dags/example_bash_decorator.py
[2026-06-16T23:23:52.254+0000] {processor.py:840} INFO - DAG(s) 'example_bash_decorator' retrieved from /home/airflow/.local/lib/python3.12/site-packages/airflow/example_dags/example_bash_decorator.py
[2026-06-16T23:23:52.292+0000] {logging_mixin.py:188} INFO - [2026-06-16T23:23:52.291+0000] {dag.py:3089} INFO - Sync 1 DAGs
[2026-06-16T23:23:52.325+0000] {logging_mixin.py:188} INFO - [2026-06-16T23:23:52.324+0000] {dag.py:3947} INFO - Setting next_dagrun for example_bash_decorator to None, run_after=None
[2026-06-16T23:23:52.344+0000] {processor.py:183} INFO - Processing /home/airflow/.local/lib/python3.12/site-packages/airflow/example_dags/example_bash_decorator.py took 0.120 seconds
[2026-06-16T23:24:22.485+0000] {processor.py:161} INFO - Started process (PID=1135) to work on /home/airflow/.local/lib/python3.12/site-packages/airflow/example_dags/example_bash_decorator.py
[2026-06-16T23:24:22.486+0000] {processor.py:830} INFO - Processing file /home/airflow/.local/lib/python3.12/site-packages/airflow/example_dags/example_bash_decorator.py for tasks to queue
[2026-06-16T23:24:22.492+0000] {logging_mixin.py:188} INFO - [2026-06-16T23:24:22.490+0000] {dagbag.py:545} INFO - Filling up the DagBag from /home/airflow/.local/lib/python3.12/site-packages/airflow/example_dags/example_bash_decorator.py
[2026-06-16T23:24:22.528+0000] {processor.py:840} INFO - DAG(s) 'example_bash_decorator' retrieved from /home/airflow/.local/lib/python3.12/site-packages/airflow/example_dags/example_bash_decorator.py
[2026-06-16T23:24:22.557+0000] {logging_mixin.py:188} INFO - [2026-06-16T23:24:22.557+0000] {dag.py:3089} INFO - Sync 1 DAGs
[2026-06-16T23:24:22.572+0000] {logging_mixin.py:188} INFO - [2026-06-16T23:24:22.572+0000] {dag.py:3947} INFO - Setting next_dagrun for example_bash_decorator to None, run_after=None
[2026-06-16T23:24:22.603+0000] {processor.py:183} INFO - Processing /home/airflow/.local/lib/python3.12/site-packages/airflow/example_dags/example_bash_decorator.py took 0.125 seconds
[2026-06-16T23:24:52.670+0000] {processor.py:161} INFO - Started process (PID=1193) to work on /home/airflow/.local/lib/python3.12/site-packages/airflow/example_dags/example_bash_decorator.py
[2026-06-16T23:24:52.671+0000] {processor.py:830} INFO - Processing file /home/airflow/.local/lib/python3.12/site-packages/airflow/example_dags/example_bash_decorator.py for tasks to queue
[2026-06-16T23:24:52.673+0000] {logging_mixin.py:188} INFO - [2026-06-16T23:24:52.672+0000] {dagbag.py:545} INFO - Filling up the DagBag from /home/airflow/.local/lib/python3.12/site-packages/airflow/example_dags/example_bash_decorator.py
[2026-06-16T23:24:52.690+0000] {processor.py:840} INFO - DAG(s) 'example_bash_decorator' retrieved from /home/airflow/.local/lib/python3.12/site-packages/airflow/example_dags/example_bash_decorator.py
[2026-06-16T23:24:52.720+0000] {logging_mixin.py:188} INFO - [2026-06-16T23:24:52.719+0000] {dag.py:3089} INFO - Sync 1 DAGs
[2026-06-16T23:24:52.735+0000] {logging_mixin.py:188} INFO - [2026-06-16T23:24:52.735+0000] {dag.py:3947} INFO - Setting next_dagrun for example_bash_decorator to None, run_after=None
[2026-06-16T23:24:52.754+0000] {processor.py:183} INFO - Processing /home/airflow/.local/lib/python3.12/site-packages/airflow/example_dags/example_bash_decorator.py took 0.091 seconds
[2026-06-16T23:25:23.101+0000] {processor.py:161} INFO - Started process (PID=1251) to work on /home/airflow/.local/lib/python3.12/site-packages/airflow/example_dags/example_bash_decorator.py
[2026-06-16T23:25:23.105+0000] {processor.py:830} INFO - Processing file /home/airflow/.local/lib/python3.12/site-packages/airflow/example_dags/example_bash_decorator.py for tasks to queue
[2026-06-16T23:25:23.112+0000] {logging_mixin.py:188} INFO - [2026-06-16T23:25:23.109+0000] {dagbag.py:545} INFO - Filling up the DagBag from /home/airflow/.local/lib/python3.12/site-packages/airflow/example_dags/example_bash_decorator.py
[2026-06-16T23:25:23.142+0000] {processor.py:840} INFO - DAG(s) 'example_bash_decorator' retrieved from /home/airflow/.local/lib/python3.12/site-packages/airflow/example_dags/example_bash_decorator.py
[2026-06-16T23:25:23.174+0000] {logging_mixin.py:188} INFO - [2026-06-16T23:25:23.174+0000] {dag.py:3089} INFO - Sync 1 DAGs
[2026-06-16T23:25:23.190+0000] {logging_mixin.py:188} INFO - [2026-06-16T23:25:23.189+0000] {dag.py:3947} INFO - Setting next_dagrun for example_bash_decorator to None, run_after=None
[2026-06-16T23:25:23.210+0000] {processor.py:183} INFO - Processing /home/airflow/.local/lib/python3.12/site-packages/airflow/example_dags/example_bash_decorator.py took 0.117 seconds
[2026-06-16T23:25:53.531+0000] {processor.py:161} INFO - Started process (PID=1309) to work on /home/airflow/.local/lib/python3.12/site-packages/airflow/example_dags/example_bash_decorator.py
[2026-06-16T23:25:53.532+0000] {processor.py:830} INFO - Processing file /home/airflow/.local/lib/python3.12/site-packages/airflow/example_dags/example_bash_decorator.py for tasks to queue
[2026-06-16T23:25:53.534+0000] {logging_mixin.py:188} INFO - [2026-06-16T23:25:53.533+0000] {dagbag.py:545} INFO - Filling up the DagBag from /home/airflow/.local/lib/python3.12/site-packages/airflow/example_dags/example_bash_decorator.py
[2026-06-16T23:25:53.552+0000] {processor.py:840} INFO - DAG(s) 'example_bash_decorator' retrieved from /home/airflow/.local/lib/python3.12/site-packages/airflow/example_dags/example_bash_decorator.py
[2026-06-16T23:25:53.581+0000] {logging_mixin.py:188} INFO - [2026-06-16T23:25:53.581+0000] {dag.py:3089} INFO - Sync 1 DAGs
[2026-06-16T23:25:53.597+0000] {logging_mixin.py:188} INFO - [2026-06-16T23:25:53.597+0000] {dag.py:3947} INFO - Setting next_dagrun for example_bash_decorator to None, run_after=None
[2026-06-16T23:25:53.618+0000] {processor.py:183} INFO - Processing /home/airflow/.local/lib/python3.12/site-packages/airflow/example_dags/example_bash_decorator.py took 0.094 seconds
[2026-06-16T23:26:24.289+0000] {processor.py:161} INFO - Started process (PID=1366) to work on /home/airflow/.local/lib/python3.12/site-packages/airflow/example_dags/example_bash_decorator.py
[2026-06-16T23:26:24.290+0000] {processor.py:830} INFO - Processing file /home/airflow/.local/lib/python3.12/site-packages/airflow/example_dags/example_bash_decorator.py for tasks to queue
[2026-06-16T23:26:24.292+0000] {logging_mixin.py:188} INFO - [2026-06-16T23:26:24.292+0000] {dagbag.py:545} INFO - Filling up the DagBag from /home/airflow/.local/lib/python3.12/site-packages/airflow/example_dags/example_bash_decorator.py
[2026-06-16T23:26:24.309+0000] {processor.py:840} INFO - DAG(s) 'example_bash_decorator' retrieved from /home/airflow/.local/lib/python3.12/site-packages/airflow/example_dags/example_bash_decorator.py
[2026-06-16T23:26:24.342+0000] {logging_mixin.py:188} INFO - [2026-06-16T23:26:24.342+0000] {dag.py:3089} INFO - Sync 1 DAGs
[2026-06-16T23:26:24.366+0000] {logging_mixin.py:188} INFO - [2026-06-16T23:26:24.366+0000] {dag.py:3947} INFO - Setting next_dagrun for example_bash_decorator to None, run_after=None
[2026-06-16T23:26:24.388+0000] {processor.py:183} INFO - Processing /home/airflow/.local/lib/python3.12/site-packages/airflow/example_dags/example_bash_decorator.py took 0.106 seconds
[2026-06-16T23:26:54.909+0000] {processor.py:161} INFO - Started process (PID=1424) to work on /home/airflow/.local/lib/python3.12/site-packages/airflow/example_dags/example_bash_decorator.py
[2026-06-16T23:26:54.909+0000] {processor.py:830} INFO - Processing file /home/airflow/.local/lib/python3.12/site-packages/airflow/example_dags/example_bash_decorator.py for tasks to queue
[2026-06-16T23:26:54.912+0000] {logging_mixin.py:188} INFO - [2026-06-16T23:26:54.911+0000] {dagbag.py:545} INFO - Filling up the DagBag from /home/airflow/.local/lib/python3.12/site-packages/airflow/example_dags/example_bash_decorator.py
[2026-06-16T23:26:54.928+0000] {processor.py:840} INFO - DAG(s) 'example_bash_decorator' retrieved from /home/airflow/.local/lib/python3.12/site-packages/airflow/example_dags/example_bash_decorator.py
[2026-06-16T23:26:54.958+0000] {logging_mixin.py:188} INFO - [2026-06-16T23:26:54.958+0000] {dag.py:3089} INFO - Sync 1 DAGs
[2026-06-16T23:26:54.974+0000] {logging_mixin.py:188} INFO - [2026-06-16T23:26:54.974+0000] {dag.py:3947} INFO - Setting next_dagrun for example_bash_decorator to None, run_after=None
[2026-06-16T23:26:54.994+0000] {processor.py:183} INFO - Processing /home/airflow/.local/lib/python3.12/site-packages/airflow/example_dags/example_bash_decorator.py took 0.094 seconds
[2026-06-16T23:27:26.427+0000] {processor.py:161} INFO - Started process (PID=1482) to work on /home/airflow/.local/lib/python3.12/site-packages/airflow/example_dags/example_bash_decorator.py
[2026-06-16T23:27:26.434+0000] {processor.py:830} INFO - Processing file /home/airflow/.local/lib/python3.12/site-packages/airflow/example_dags/example_bash_decorator.py for tasks to queue
[2026-06-16T23:27:26.440+0000] {logging_mixin.py:188} INFO - [2026-06-16T23:27:26.440+0000] {dagbag.py:545} INFO - Filling up the DagBag from /home/airflow/.local/lib/python3.12/site-packages/airflow/example_dags/example_bash_decorator.py
[2026-06-16T23:27:26.499+0000] {processor.py:840} INFO - DAG(s) 'example_bash_decorator' retrieved from /home/airflow/.local/lib/python3.12/site-packages/airflow/example_dags/example_bash_decorator.py
[2026-06-16T23:27:26.600+0000] {logging_mixin.py:188} INFO - [2026-06-16T23:27:26.600+0000] {dag.py:3089} INFO - Sync 1 DAGs
[2026-06-16T23:27:26.666+0000] {logging_mixin.py:188} INFO - [2026-06-16T23:27:26.665+0000] {dag.py:3947} INFO - Setting next_dagrun for example_bash_decorator to None, run_after=None
[2026-06-16T23:27:26.733+0000] {processor.py:183} INFO - Processing /home/airflow/.local/lib/python3.12/site-packages/airflow/example_dags/example_bash_decorator.py took 0.326 seconds
[2026-06-16T23:27:57.441+0000] {processor.py:161} INFO - Started process (PID=1540) to work on /home/airflow/.local/lib/python3.12/site-packages/airflow/example_dags/example_bash_decorator.py
[2026-06-16T23:27:57.442+0000] {processor.py:830} INFO - Processing file /home/airflow/.local/lib/python3.12/site-packages/airflow/example_dags/example_bash_decorator.py for tasks to queue
[2026-06-16T23:27:57.445+0000] {logging_mixin.py:188} INFO - [2026-06-16T23:27:57.444+0000] {dagbag.py:545} INFO - Filling up the DagBag from /home/airflow/.local/lib/python3.12/site-packages/airflow/example_dags/example_bash_decorator.py
[2026-06-16T23:27:57.461+0000] {processor.py:840} INFO - DAG(s) 'example_bash_decorator' retrieved from /home/airflow/.local/lib/python3.12/site-packages/airflow/example_dags/example_bash_decorator.py
[2026-06-16T23:27:57.495+0000] {logging_mixin.py:188} INFO - [2026-06-16T23:27:57.495+0000] {dag.py:3089} INFO - Sync 1 DAGs
[2026-06-16T23:27:57.509+0000] {logging_mixin.py:188} INFO - [2026-06-16T23:27:57.509+0000] {dag.py:3947} INFO - Setting next_dagrun for example_bash_decorator to None, run_after=None
[2026-06-16T23:27:57.530+0000] {processor.py:183} INFO - Processing /home/airflow/.local/lib/python3.12/site-packages/airflow/example_dags/example_bash_decorator.py took 0.096 seconds
[2026-06-16T23:28:27.925+0000] {processor.py:161} INFO - Started process (PID=1598) to work on /home/airflow/.local/lib/python3.12/site-packages/airflow/example_dags/example_bash_decorator.py
[2026-06-16T23:28:27.925+0000] {processor.py:830} INFO - Processing file /home/airflow/.local/lib/python3.12/site-packages/airflow/example_dags/example_bash_decorator.py for tasks to queue
[2026-06-16T23:28:27.927+0000] {logging_mixin.py:188} INFO - [2026-06-16T23:28:27.927+0000] {dagbag.py:545} INFO - Filling up the DagBag from /home/airflow/.local/lib/python3.12/site-packages/airflow/example_dags/example_bash_decorator.py
[2026-06-16T23:28:27.944+0000] {processor.py:840} INFO - DAG(s) 'example_bash_decorator' retrieved from /home/airflow/.local/lib/python3.12/site-packages/airflow/example_dags/example_bash_decorator.py
[2026-06-16T23:28:27.976+0000] {logging_mixin.py:188} INFO - [2026-06-16T23:28:27.976+0000] {dag.py:3089} INFO - Sync 1 DAGs
[2026-06-16T23:28:27.991+0000] {logging_mixin.py:188} INFO - [2026-06-16T23:28:27.991+0000] {dag.py:3947} INFO - Setting next_dagrun for example_bash_decorator to None, run_after=None
[2026-06-16T23:28:28.011+0000] {processor.py:183} INFO - Processing /home/airflow/.local/lib/python3.12/site-packages/airflow/example_dags/example_bash_decorator.py took 0.093 seconds
[2026-06-16T23:28:58.885+0000] {processor.py:161} INFO - Started process (PID=1656) to work on /home/airflow/.local/lib/python3.12/site-packages/airflow/example_dags/example_bash_decorator.py
[2026-06-16T23:28:58.886+0000] {processor.py:830} INFO - Processing file /home/airflow/.local/lib/python3.12/site-packages/airflow/example_dags/example_bash_decorator.py for tasks to queue
[2026-06-16T23:28:58.889+0000] {logging_mixin.py:188} INFO - [2026-06-16T23:28:58.888+0000] {dagbag.py:545} INFO - Filling up the DagBag from /home/airflow/.local/lib/python3.12/site-packages/airflow/example_dags/example_bash_decorator.py
[2026-06-16T23:28:58.907+0000] {processor.py:840} INFO - DAG(s) 'example_bash_decorator' retrieved from /home/airflow/.local/lib/python3.12/site-packages/airflow/example_dags/example_bash_decorator.py
[2026-06-16T23:28:58.939+0000] {logging_mixin.py:188} INFO - [2026-06-16T23:28:58.939+0000] {dag.py:3089} INFO - Sync 1 DAGs
[2026-06-16T23:28:58.959+0000] {logging_mixin.py:188} INFO - [2026-06-16T23:28:58.959+0000] {dag.py:3947} INFO - Setting next_dagrun for example_bash_decorator to None, run_after=None
[2026-06-16T23:28:58.979+0000] {processor.py:183} INFO - Processing /home/airflow/.local/lib/python3.12/site-packages/airflow/example_dags/example_bash_decorator.py took 0.101 seconds
[2026-06-16T23:29:29.019+0000] {processor.py:161} INFO - Started process (PID=1714) to work on /home/airflow/.local/lib/python3.12/site-packages/airflow/example_dags/example_bash_decorator.py
[2026-06-16T23:29:29.020+0000] {processor.py:830} INFO - Processing file /home/airflow/.local/lib/python3.12/site-packages/airflow/example_dags/example_bash_decorator.py for tasks to queue
[2026-06-16T23:29:29.022+0000] {logging_mixin.py:188} INFO - [2026-06-16T23:29:29.021+0000] {dagbag.py:545} INFO - Filling up the DagBag from /home/airflow/.local/lib/python3.12/site-packages/airflow/example_dags/example_bash_decorator.py
[2026-06-16T23:29:29.033+0000] {processor.py:840} INFO - DAG(s) 'example_bash_decorator' retrieved from /home/airflow/.local/lib/python3.12/site-packages/airflow/example_dags/example_bash_decorator.py
[2026-06-16T23:29:29.055+0000] {logging_mixin.py:188} INFO - [2026-06-16T23:29:29.054+0000] {dag.py:3089} INFO - Sync 1 DAGs
[2026-06-16T23:29:29.066+0000] {logging_mixin.py:188} INFO - [2026-06-16T23:29:29.066+0000] {dag.py:3947} INFO - Setting next_dagrun for example_bash_decorator to None, run_after=None
[2026-06-16T23:29:29.236+0000] {processor.py:183} INFO - Processing /home/airflow/.local/lib/python3.12/site-packages/airflow/example_dags/example_bash_decorator.py took 0.222 seconds
[2026-06-16T23:29:59.283+0000] {processor.py:161} INFO - Started process (PID=1771) to work on /home/airflow/.local/lib/python3.12/site-packages/airflow/example_dags/example_bash_decorator.py
[2026-06-16T23:29:59.284+0000] {processor.py:830} INFO - Processing file /home/airflow/.local/lib/python3.12/site-packages/airflow/example_dags/example_bash_decorator.py for tasks to queue
[2026-06-16T23:29:59.285+0000] {logging_mixin.py:188} INFO - [2026-06-16T23:29:59.285+0000] {dagbag.py:545} INFO - Filling up the DagBag from /home/airflow/.local/lib/python3.12/site-packages/airflow/example_dags/example_bash_decorator.py
[2026-06-16T23:29:59.297+0000] {processor.py:840} INFO - DAG(s) 'example_bash_decorator' retrieved from /home/airflow/.local/lib/python3.12/site-packages/airflow/example_dags/example_bash_decorator.py
[2026-06-16T23:29:59.319+0000] {logging_mixin.py:188} INFO - [2026-06-16T23:29:59.319+0000] {dag.py:3089} INFO - Sync 1 DAGs
[2026-06-16T23:29:59.330+0000] {logging_mixin.py:188} INFO - [2026-06-16T23:29:59.330+0000] {dag.py:3947} INFO - Setting next_dagrun for example_bash_decorator to None, run_after=None
[2026-06-16T23:29:59.346+0000] {processor.py:183} INFO - Processing /home/airflow/.local/lib/python3.12/site-packages/airflow/example_dags/example_bash_decorator.py took 0.069 seconds
[2026-06-16T23:30:29.624+0000] {processor.py:161} INFO - Started process (PID=1829) to work on /home/airflow/.local/lib/python3.12/site-packages/airflow/example_dags/example_bash_decorator.py
[2026-06-16T23:30:29.625+0000] {processor.py:830} INFO - Processing file /home/airflow/.local/lib/python3.12/site-packages/airflow/example_dags/example_bash_decorator.py for tasks to queue
[2026-06-16T23:30:29.627+0000] {logging_mixin.py:188} INFO - [2026-06-16T23:30:29.627+0000] {dagbag.py:545} INFO - Filling up the DagBag from /home/airflow/.local/lib/python3.12/site-packages/airflow/example_dags/example_bash_decorator.py
[2026-06-16T23:30:29.644+0000] {processor.py:840} INFO - DAG(s) 'example_bash_decorator' retrieved from /home/airflow/.local/lib/python3.12/site-packages/airflow/example_dags/example_bash_decorator.py
[2026-06-16T23:30:29.666+0000] {logging_mixin.py:188} INFO - [2026-06-16T23:30:29.666+0000] {dag.py:3089} INFO - Sync 1 DAGs
[2026-06-16T23:30:29.677+0000] {logging_mixin.py:188} INFO - [2026-06-16T23:30:29.677+0000] {dag.py:3947} INFO - Setting next_dagrun for example_bash_decorator to None, run_after=None
[2026-06-16T23:30:29.696+0000] {processor.py:183} INFO - Processing /home/airflow/.local/lib/python3.12/site-packages/airflow/example_dags/example_bash_decorator.py took 0.080 seconds
[2026-06-16T23:31:00.726+0000] {processor.py:161} INFO - Started process (PID=1887) to work on /home/airflow/.local/lib/python3.12/site-packages/airflow/example_dags/example_bash_decorator.py
[2026-06-16T23:31:00.729+0000] {processor.py:830} INFO - Processing file /home/airflow/.local/lib/python3.12/site-packages/airflow/example_dags/example_bash_decorator.py for tasks to queue
[2026-06-16T23:31:00.736+0000] {logging_mixin.py:188} INFO - [2026-06-16T23:31:00.733+0000] {dagbag.py:545} INFO - Filling up the DagBag from /home/airflow/.local/lib/python3.12/site-packages/airflow/example_dags/example_bash_decorator.py
[2026-06-16T23:31:00.778+0000] {processor.py:840} INFO - DAG(s) 'example_bash_decorator' retrieved from /home/airflow/.local/lib/python3.12/site-packages/airflow/example_dags/example_bash_decorator.py
[2026-06-16T23:31:00.806+0000] {logging_mixin.py:188} INFO - [2026-06-16T23:31:00.806+0000] {dag.py:3089} INFO - Sync 1 DAGs
[2026-06-16T23:31:00.819+0000] {logging_mixin.py:188} INFO - [2026-06-16T23:31:00.818+0000] {dag.py:3947} INFO - Setting next_dagrun for example_bash_decorator to None, run_after=None
[2026-06-16T23:31:00.836+0000] {processor.py:183} INFO - Processing /home/airflow/.local/lib/python3.12/site-packages/airflow/example_dags/example_bash_decorator.py took 0.123 seconds
[2026-06-16T23:31:33.612+0000] {processor.py:161} INFO - Started process (PID=1945) to work on /home/airflow/.local/lib/python3.12/site-packages/airflow/example_dags/example_bash_decorator.py
[2026-06-16T23:31:33.613+0000] {processor.py:830} INFO - Processing file /home/airflow/.local/lib/python3.12/site-packages/airflow/example_dags/example_bash_decorator.py for tasks to queue
[2026-06-16T23:31:33.614+0000] {logging_mixin.py:188} INFO - [2026-06-16T23:31:33.614+0000] {dagbag.py:545} INFO - Filling up the DagBag from /home/airflow/.local/lib/python3.12/site-packages/airflow/example_dags/example_bash_decorator.py
[2026-06-16T23:31:33.626+0000] {processor.py:840} INFO - DAG(s) 'example_bash_decorator' retrieved from /home/airflow/.local/lib/python3.12/site-packages/airflow/example_dags/example_bash_decorator.py
[2026-06-16T23:31:33.809+0000] {logging_mixin.py:188} INFO - [2026-06-16T23:31:33.809+0000] {dag.py:3089} INFO - Sync 1 DAGs
[2026-06-16T23:31:33.819+0000] {logging_mixin.py:188} INFO - [2026-06-16T23:31:33.819+0000] {dag.py:3947} INFO - Setting next_dagrun for example_bash_decorator to None, run_after=None
[2026-06-16T23:31:33.843+0000] {processor.py:183} INFO - Processing /home/airflow/.local/lib/python3.12/site-packages/airflow/example_dags/example_bash_decorator.py took 0.237 seconds
[2026-06-16T23:32:03.994+0000] {processor.py:161} INFO - Started process (PID=2003) to work on /home/airflow/.local/lib/python3.12/site-packages/airflow/example_dags/example_bash_decorator.py
[2026-06-16T23:32:03.995+0000] {processor.py:830} INFO - Processing file /home/airflow/.local/lib/python3.12/site-packages/airflow/example_dags/example_bash_decorator.py for tasks to queue
[2026-06-16T23:32:03.997+0000] {logging_mixin.py:188} INFO - [2026-06-16T23:32:03.997+0000] {dagbag.py:545} INFO - Filling up the DagBag from /home/airflow/.local/lib/python3.12/site-packages/airflow/example_dags/example_bash_decorator.py
[2026-06-16T23:32:04.016+0000] {processor.py:840} INFO - DAG(s) 'example_bash_decorator' retrieved from /home/airflow/.local/lib/python3.12/site-packages/airflow/example_dags/example_bash_decorator.py
[2026-06-16T23:32:04.053+0000] {logging_mixin.py:188} INFO - [2026-06-16T23:32:04.052+0000] {dag.py:3089} INFO - Sync 1 DAGs
[2026-06-16T23:32:04.070+0000] {logging_mixin.py:188} INFO - [2026-06-16T23:32:04.070+0000] {dag.py:3947} INFO - Setting next_dagrun for example_bash_decorator to None, run_after=None
[2026-06-16T23:32:04.090+0000] {processor.py:183} INFO - Processing /home/airflow/.local/lib/python3.12/site-packages/airflow/example_dags/example_bash_decorator.py took 0.103 seconds
[2026-06-16T23:32:34.298+0000] {processor.py:161} INFO - Started process (PID=2061) to work on /home/airflow/.local/lib/python3.12/site-packages/airflow/example_dags/example_bash_decorator.py
[2026-06-16T23:32:34.300+0000] {processor.py:830} INFO - Processing file /home/airflow/.local/lib/python3.12/site-packages/airflow/example_dags/example_bash_decorator.py for tasks to queue
[2026-06-16T23:32:34.305+0000] {logging_mixin.py:188} INFO - [2026-06-16T23:32:34.305+0000] {dagbag.py:545} INFO - Filling up the DagBag from /home/airflow/.local/lib/python3.12/site-packages/airflow/example_dags/example_bash_decorator.py
[2026-06-16T23:32:34.337+0000] {processor.py:840} INFO - DAG(s) 'example_bash_decorator' retrieved from /home/airflow/.local/lib/python3.12/site-packages/airflow/example_dags/example_bash_decorator.py
[2026-06-16T23:32:34.401+0000] {logging_mixin.py:188} INFO - [2026-06-16T23:32:34.401+0000] {dag.py:3089} INFO - Sync 1 DAGs
[2026-06-16T23:32:34.420+0000] {logging_mixin.py:188} INFO - [2026-06-16T23:32:34.419+0000] {dag.py:3947} INFO - Setting next_dagrun for example_bash_decorator to None, run_after=None
[2026-06-16T23:32:34.440+0000] {processor.py:183} INFO - Processing /home/airflow/.local/lib/python3.12/site-packages/airflow/example_dags/example_bash_decorator.py took 0.159 seconds
[2026-06-16T23:33:04.497+0000] {processor.py:161} INFO - Started process (PID=2119) to work on /home/airflow/.local/lib/python3.12/site-packages/airflow/example_dags/example_bash_decorator.py
[2026-06-16T23:33:04.498+0000] {processor.py:830} INFO - Processing file /home/airflow/.local/lib/python3.12/site-packages/airflow/example_dags/example_bash_decorator.py for tasks to queue
[2026-06-16T23:33:04.499+0000] {logging_mixin.py:188} INFO - [2026-06-16T23:33:04.499+0000] {dagbag.py:545} INFO - Filling up the DagBag from /home/airflow/.local/lib/python3.12/site-packages/airflow/example_dags/example_bash_decorator.py
[2026-06-16T23:33:04.511+0000] {processor.py:840} INFO - DAG(s) 'example_bash_decorator' retrieved from /home/airflow/.local/lib/python3.12/site-packages/airflow/example_dags/example_bash_decorator.py
[2026-06-16T23:33:04.534+0000] {logging_mixin.py:188} INFO - [2026-06-16T23:33:04.534+0000] {dag.py:3089} INFO - Sync 1 DAGs
[2026-06-16T23:33:04.546+0000] {logging_mixin.py:188} INFO - [2026-06-16T23:33:04.546+0000] {dag.py:3947} INFO - Setting next_dagrun for example_bash_decorator to None, run_after=None
[2026-06-16T23:33:04.562+0000] {processor.py:183} INFO - Processing /home/airflow/.local/lib/python3.12/site-packages/airflow/example_dags/example_bash_decorator.py took 0.072 seconds
[2026-06-16T23:33:34.843+0000] {processor.py:161} INFO - Started process (PID=2177) to work on /home/airflow/.local/lib/python3.12/site-packages/airflow/example_dags/example_bash_decorator.py
[2026-06-16T23:33:34.844+0000] {processor.py:830} INFO - Processing file /home/airflow/.local/lib/python3.12/site-packages/airflow/example_dags/example_bash_decorator.py for tasks to queue
[2026-06-16T23:33:34.846+0000] {logging_mixin.py:188} INFO - [2026-06-16T23:33:34.846+0000] {dagbag.py:545} INFO - Filling up the DagBag from /home/airflow/.local/lib/python3.12/site-packages/airflow/example_dags/example_bash_decorator.py
[2026-06-16T23:33:34.863+0000] {processor.py:840} INFO - DAG(s) 'example_bash_decorator' retrieved from /home/airflow/.local/lib/python3.12/site-packages/airflow/example_dags/example_bash_decorator.py
[2026-06-16T23:33:34.896+0000] {logging_mixin.py:188} INFO - [2026-06-16T23:33:34.896+0000] {dag.py:3089} INFO - Sync 1 DAGs
[2026-06-16T23:33:34.913+0000] {logging_mixin.py:188} INFO - [2026-06-16T23:33:34.912+0000] {dag.py:3947} INFO - Setting next_dagrun for example_bash_decorator to None, run_after=None
[2026-06-16T23:33:34.932+0000] {processor.py:183} INFO - Processing /home/airflow/.local/lib/python3.12/site-packages/airflow/example_dags/example_bash_decorator.py took 0.096 seconds
[2026-06-16T23:34:05.204+0000] {processor.py:161} INFO - Started process (PID=2236) to work on /home/airflow/.local/lib/python3.12/site-packages/airflow/example_dags/example_bash_decorator.py
[2026-06-16T23:34:05.205+0000] {processor.py:830} INFO - Processing file /home/airflow/.local/lib/python3.12/site-packages/airflow/example_dags/example_bash_decorator.py for tasks to queue
[2026-06-16T23:34:05.207+0000] {logging_mixin.py:188} INFO - [2026-06-16T23:34:05.207+0000] {dagbag.py:545} INFO - Filling up the DagBag from /home/airflow/.local/lib/python3.12/site-packages/airflow/example_dags/example_bash_decorator.py
[2026-06-16T23:34:05.225+0000] {processor.py:840} INFO - DAG(s) 'example_bash_decorator' retrieved from /home/airflow/.local/lib/python3.12/site-packages/airflow/example_dags/example_bash_decorator.py
[2026-06-16T23:34:05.271+0000] {logging_mixin.py:188} INFO - [2026-06-16T23:34:05.271+0000] {dag.py:3089} INFO - Sync 1 DAGs
[2026-06-16T23:34:05.287+0000] {logging_mixin.py:188} INFO - [2026-06-16T23:34:05.286+0000] {dag.py:3947} INFO - Setting next_dagrun for example_bash_decorator to None, run_after=None
[2026-06-16T23:34:05.309+0000] {processor.py:183} INFO - Processing /home/airflow/.local/lib/python3.12/site-packages/airflow/example_dags/example_bash_decorator.py took 0.114 seconds
[2026-06-16T23:34:35.476+0000] {processor.py:161} INFO - Started process (PID=2293) to work on /home/airflow/.local/lib/python3.12/site-packages/airflow/example_dags/example_bash_decorator.py
[2026-06-16T23:34:35.476+0000] {processor.py:830} INFO - Processing file /home/airflow/.local/lib/python3.12/site-packages/airflow/example_dags/example_bash_decorator.py for tasks to queue
[2026-06-16T23:34:35.478+0000] {logging_mixin.py:188} INFO - [2026-06-16T23:34:35.478+0000] {dagbag.py:545} INFO - Filling up the DagBag from /home/airflow/.local/lib/python3.12/site-packages/airflow/example_dags/example_bash_decorator.py
[2026-06-16T23:34:35.490+0000] {processor.py:840} INFO - DAG(s) 'example_bash_decorator' retrieved from /home/airflow/.local/lib/python3.12/site-packages/airflow/example_dags/example_bash_decorator.py
[2026-06-16T23:34:35.511+0000] {logging_mixin.py:188} INFO - [2026-06-16T23:34:35.511+0000] {dag.py:3089} INFO - Sync 1 DAGs
[2026-06-16T23:34:35.523+0000] {logging_mixin.py:188} INFO - [2026-06-16T23:34:35.522+0000] {dag.py:3947} INFO - Setting next_dagrun for example_bash_decorator to None, run_after=None
[2026-06-16T23:34:35.542+0000] {processor.py:183} INFO - Processing /home/airflow/.local/lib/python3.12/site-packages/airflow/example_dags/example_bash_decorator.py took 0.072 seconds
[2026-06-16T23:35:05.612+0000] {processor.py:161} INFO - Started process (PID=2351) to work on /home/airflow/.local/lib/python3.12/site-packages/airflow/example_dags/example_bash_decorator.py
[2026-06-16T23:35:05.613+0000] {processor.py:830} INFO - Processing file /home/airflow/.local/lib/python3.12/site-packages/airflow/example_dags/example_bash_decorator.py for tasks to queue
[2026-06-16T23:35:05.615+0000] {logging_mixin.py:188} INFO - [2026-06-16T23:35:05.614+0000] {dagbag.py:545} INFO - Filling up the DagBag from /home/airflow/.local/lib/python3.12/site-packages/airflow/example_dags/example_bash_decorator.py
[2026-06-16T23:35:05.631+0000] {processor.py:840} INFO - DAG(s) 'example_bash_decorator' retrieved from /home/airflow/.local/lib/python3.12/site-packages/airflow/example_dags/example_bash_decorator.py
[2026-06-16T23:35:05.654+0000] {logging_mixin.py:188} INFO - [2026-06-16T23:35:05.654+0000] {dag.py:3089} INFO - Sync 1 DAGs
[2026-06-16T23:35:05.665+0000] {logging_mixin.py:188} INFO - [2026-06-16T23:35:05.665+0000] {dag.py:3947} INFO - Setting next_dagrun for example_bash_decorator to None, run_after=None
[2026-06-16T23:35:05.681+0000] {processor.py:183} INFO - Processing /home/airflow/.local/lib/python3.12/site-packages/airflow/example_dags/example_bash_decorator.py took 0.074 seconds
[2026-06-16T23:35:35.998+0000] {processor.py:161} INFO - Started process (PID=2409) to work on /home/airflow/.local/lib/python3.12/site-packages/airflow/example_dags/example_bash_decorator.py
[2026-06-16T23:35:35.999+0000] {processor.py:830} INFO - Processing file /home/airflow/.local/lib/python3.12/site-packages/airflow/example_dags/example_bash_decorator.py for tasks to queue
[2026-06-16T23:35:36.002+0000] {logging_mixin.py:188} INFO - [2026-06-16T23:35:36.001+0000] {dagbag.py:545} INFO - Filling up the DagBag from /home/airflow/.local/lib/python3.12/site-packages/airflow/example_dags/example_bash_decorator.py
[2026-06-16T23:35:36.015+0000] {processor.py:840} INFO - DAG(s) 'example_bash_decorator' retrieved from /home/airflow/.local/lib/python3.12/site-packages/airflow/example_dags/example_bash_decorator.py
[2026-06-16T23:35:36.036+0000] {logging_mixin.py:188} INFO - [2026-06-16T23:35:36.036+0000] {dag.py:3089} INFO - Sync 1 DAGs
[2026-06-16T23:35:36.047+0000] {logging_mixin.py:188} INFO - [2026-06-16T23:35:36.047+0000] {dag.py:3947} INFO - Setting next_dagrun for example_bash_decorator to None, run_after=None
[2026-06-16T23:35:36.062+0000] {processor.py:183} INFO - Processing /home/airflow/.local/lib/python3.12/site-packages/airflow/example_dags/example_bash_decorator.py took 0.072 seconds
[2026-06-16T23:36:06.171+0000] {processor.py:161} INFO - Started process (PID=2467) to work on /home/airflow/.local/lib/python3.12/site-packages/airflow/example_dags/example_bash_decorator.py
[2026-06-16T23:36:06.172+0000] {processor.py:830} INFO - Processing file /home/airflow/.local/lib/python3.12/site-packages/airflow/example_dags/example_bash_decorator.py for tasks to queue
[2026-06-16T23:36:06.175+0000] {logging_mixin.py:188} INFO - [2026-06-16T23:36:06.174+0000] {dagbag.py:545} INFO - Filling up the DagBag from /home/airflow/.local/lib/python3.12/site-packages/airflow/example_dags/example_bash_decorator.py
[2026-06-16T23:36:06.192+0000] {processor.py:840} INFO - DAG(s) 'example_bash_decorator' retrieved from /home/airflow/.local/lib/python3.12/site-packages/airflow/example_dags/example_bash_decorator.py
[2026-06-16T23:36:06.223+0000] {logging_mixin.py:188} INFO - [2026-06-16T23:36:06.223+0000] {dag.py:3089} INFO - Sync 1 DAGs
[2026-06-16T23:36:06.239+0000] {logging_mixin.py:188} INFO - [2026-06-16T23:36:06.239+0000] {dag.py:3947} INFO - Setting next_dagrun for example_bash_decorator to None, run_after=None
[2026-06-16T23:36:06.255+0000] {processor.py:183} INFO - Processing /home/airflow/.local/lib/python3.12/site-packages/airflow/example_dags/example_bash_decorator.py took 0.092 seconds
[2026-06-16T23:36:36.641+0000] {processor.py:161} INFO - Started process (PID=2525) to work on /home/airflow/.local/lib/python3.12/site-packages/airflow/example_dags/example_bash_decorator.py
[2026-06-16T23:36:36.642+0000] {processor.py:830} INFO - Processing file /home/airflow/.local/lib/python3.12/site-packages/airflow/example_dags/example_bash_decorator.py for tasks to queue
[2026-06-16T23:36:36.644+0000] {logging_mixin.py:188} INFO - [2026-06-16T23:36:36.644+0000] {dagbag.py:545} INFO - Filling up the DagBag from /home/airflow/.local/lib/python3.12/site-packages/airflow/example_dags/example_bash_decorator.py
[2026-06-16T23:36:36.662+0000] {processor.py:840} INFO - DAG(s) 'example_bash_decorator' retrieved from /home/airflow/.local/lib/python3.12/site-packages/airflow/example_dags/example_bash_decorator.py
[2026-06-16T23:36:36.693+0000] {logging_mixin.py:188} INFO - [2026-06-16T23:36:36.692+0000] {dag.py:3089} INFO - Sync 1 DAGs
[2026-06-16T23:36:36.710+0000] {logging_mixin.py:188} INFO - [2026-06-16T23:36:36.710+0000] {dag.py:3947} INFO - Setting next_dagrun for example_bash_decorator to None, run_after=None
[2026-06-16T23:36:36.728+0000] {processor.py:183} INFO - Processing /home/airflow/.local/lib/python3.12/site-packages/airflow/example_dags/example_bash_decorator.py took 0.095 seconds
[2026-06-16T23:37:07.018+0000] {processor.py:161} INFO - Started process (PID=2583) to work on /home/airflow/.local/lib/python3.12/site-packages/airflow/example_dags/example_bash_decorator.py
[2026-06-16T23:37:07.019+0000] {processor.py:830} INFO - Processing file /home/airflow/.local/lib/python3.12/site-packages/airflow/example_dags/example_bash_decorator.py for tasks to queue
[2026-06-16T23:37:07.020+0000] {logging_mixin.py:188} INFO - [2026-06-16T23:37:07.020+0000] {dagbag.py:545} INFO - Filling up the DagBag from /home/airflow/.local/lib/python3.12/site-packages/airflow/example_dags/example_bash_decorator.py
[2026-06-16T23:37:07.032+0000] {processor.py:840} INFO - DAG(s) 'example_bash_decorator' retrieved from /home/airflow/.local/lib/python3.12/site-packages/airflow/example_dags/example_bash_decorator.py
[2026-06-16T23:37:07.053+0000] {logging_mixin.py:188} INFO - [2026-06-16T23:37:07.053+0000] {dag.py:3089} INFO - Sync 1 DAGs
[2026-06-16T23:37:07.063+0000] {logging_mixin.py:188} INFO - [2026-06-16T23:37:07.063+0000] {dag.py:3947} INFO - Setting next_dagrun for example_bash_decorator to None, run_after=None
[2026-06-16T23:37:07.078+0000] {processor.py:183} INFO - Processing /home/airflow/.local/lib/python3.12/site-packages/airflow/example_dags/example_bash_decorator.py took 0.066 seconds
[2026-06-16T23:37:38.213+0000] {processor.py:161} INFO - Started process (PID=2641) to work on /home/airflow/.local/lib/python3.12/site-packages/airflow/example_dags/example_bash_decorator.py
[2026-06-16T23:37:38.213+0000] {processor.py:830} INFO - Processing file /home/airflow/.local/lib/python3.12/site-packages/airflow/example_dags/example_bash_decorator.py for tasks to queue
[2026-06-16T23:37:38.216+0000] {logging_mixin.py:188} INFO - [2026-06-16T23:37:38.215+0000] {dagbag.py:545} INFO - Filling up the DagBag from /home/airflow/.local/lib/python3.12/site-packages/airflow/example_dags/example_bash_decorator.py
[2026-06-16T23:37:38.229+0000] {processor.py:840} INFO - DAG(s) 'example_bash_decorator' retrieved from /home/airflow/.local/lib/python3.12/site-packages/airflow/example_dags/example_bash_decorator.py
[2026-06-16T23:37:38.249+0000] {logging_mixin.py:188} INFO - [2026-06-16T23:37:38.249+0000] {dag.py:3089} INFO - Sync 1 DAGs
[2026-06-16T23:37:38.260+0000] {logging_mixin.py:188} INFO - [2026-06-16T23:37:38.260+0000] {dag.py:3947} INFO - Setting next_dagrun for example_bash_decorator to None, run_after=None
[2026-06-16T23:37:38.275+0000] {processor.py:183} INFO - Processing /home/airflow/.local/lib/python3.12/site-packages/airflow/example_dags/example_bash_decorator.py took 0.069 seconds
[2026-06-16T23:38:09.285+0000] {processor.py:161} INFO - Started process (PID=2700) to work on /home/airflow/.local/lib/python3.12/site-packages/airflow/example_dags/example_bash_decorator.py
[2026-06-16T23:38:09.286+0000] {processor.py:830} INFO - Processing file /home/airflow/.local/lib/python3.12/site-packages/airflow/example_dags/example_bash_decorator.py for tasks to queue
[2026-06-16T23:38:09.289+0000] {logging_mixin.py:188} INFO - [2026-06-16T23:38:09.289+0000] {dagbag.py:545} INFO - Filling up the DagBag from /home/airflow/.local/lib/python3.12/site-packages/airflow/example_dags/example_bash_decorator.py
[2026-06-16T23:38:09.322+0000] {processor.py:840} INFO - DAG(s) 'example_bash_decorator' retrieved from /home/airflow/.local/lib/python3.12/site-packages/airflow/example_dags/example_bash_decorator.py
[2026-06-16T23:38:09.351+0000] {logging_mixin.py:188} INFO - [2026-06-16T23:38:09.351+0000] {dag.py:3089} INFO - Sync 1 DAGs
[2026-06-16T23:38:09.367+0000] {logging_mixin.py:188} INFO - [2026-06-16T23:38:09.366+0000] {dag.py:3947} INFO - Setting next_dagrun for example_bash_decorator to None, run_after=None
[2026-06-16T23:38:09.386+0000] {processor.py:183} INFO - Processing /home/airflow/.local/lib/python3.12/site-packages/airflow/example_dags/example_bash_decorator.py took 0.113 seconds
[2026-06-16T23:38:39.690+0000] {processor.py:161} INFO - Started process (PID=2758) to work on /home/airflow/.local/lib/python3.12/site-packages/airflow/example_dags/example_bash_decorator.py
[2026-06-16T23:38:39.691+0000] {processor.py:830} INFO - Processing file /home/airflow/.local/lib/python3.12/site-packages/airflow/example_dags/example_bash_decorator.py for tasks to queue
[2026-06-16T23:38:39.697+0000] {logging_mixin.py:188} INFO - [2026-06-16T23:38:39.696+0000] {dagbag.py:545} INFO - Filling up the DagBag from /home/airflow/.local/lib/python3.12/site-packages/airflow/example_dags/example_bash_decorator.py
[2026-06-16T23:38:39.746+0000] {processor.py:840} INFO - DAG(s) 'example_bash_decorator' retrieved from /home/airflow/.local/lib/python3.12/site-packages/airflow/example_dags/example_bash_decorator.py
[2026-06-16T23:38:39.851+0000] {logging_mixin.py:188} INFO - [2026-06-16T23:38:39.851+0000] {dag.py:3089} INFO - Sync 1 DAGs
[2026-06-16T23:38:39.897+0000] {logging_mixin.py:188} INFO - [2026-06-16T23:38:39.897+0000] {dag.py:3947} INFO - Setting next_dagrun for example_bash_decorator to None, run_after=None
[2026-06-16T23:38:39.953+0000] {processor.py:183} INFO - Processing /home/airflow/.local/lib/python3.12/site-packages/airflow/example_dags/example_bash_decorator.py took 0.279 seconds
[2026-06-16T23:39:10.546+0000] {processor.py:161} INFO - Started process (PID=2816) to work on /home/airflow/.local/lib/python3.12/site-packages/airflow/example_dags/example_bash_decorator.py
[2026-06-16T23:39:10.546+0000] {processor.py:830} INFO - Processing file /home/airflow/.local/lib/python3.12/site-packages/airflow/example_dags/example_bash_decorator.py for tasks to queue
[2026-06-16T23:39:10.548+0000] {logging_mixin.py:188} INFO - [2026-06-16T23:39:10.548+0000] {dagbag.py:545} INFO - Filling up the DagBag from /home/airflow/.local/lib/python3.12/site-packages/airflow/example_dags/example_bash_decorator.py
[2026-06-16T23:39:10.565+0000] {processor.py:840} INFO - DAG(s) 'example_bash_decorator' retrieved from /home/airflow/.local/lib/python3.12/site-packages/airflow/example_dags/example_bash_decorator.py
[2026-06-16T23:39:10.596+0000] {logging_mixin.py:188} INFO - [2026-06-16T23:39:10.596+0000] {dag.py:3089} INFO - Sync 1 DAGs
[2026-06-16T23:39:10.610+0000] {logging_mixin.py:188} INFO - [2026-06-16T23:39:10.610+0000] {dag.py:3947} INFO - Setting next_dagrun for example_bash_decorator to None, run_after=None
[2026-06-16T23:39:10.637+0000] {processor.py:183} INFO - Processing /home/airflow/.local/lib/python3.12/site-packages/airflow/example_dags/example_bash_decorator.py took 0.098 seconds
[2026-06-16T23:39:40.795+0000] {processor.py:161} INFO - Started process (PID=2874) to work on /home/airflow/.local/lib/python3.12/site-packages/airflow/example_dags/example_bash_decorator.py
[2026-06-16T23:39:40.796+0000] {processor.py:830} INFO - Processing file /home/airflow/.local/lib/python3.12/site-packages/airflow/example_dags/example_bash_decorator.py for tasks to queue
[2026-06-16T23:39:40.798+0000] {logging_mixin.py:188} INFO - [2026-06-16T23:39:40.798+0000] {dagbag.py:545} INFO - Filling up the DagBag from /home/airflow/.local/lib/python3.12/site-packages/airflow/example_dags/example_bash_decorator.py
[2026-06-16T23:39:40.814+0000] {processor.py:840} INFO - DAG(s) 'example_bash_decorator' retrieved from /home/airflow/.local/lib/python3.12/site-packages/airflow/example_dags/example_bash_decorator.py
[2026-06-16T23:39:40.843+0000] {logging_mixin.py:188} INFO - [2026-06-16T23:39:40.842+0000] {dag.py:3089} INFO - Sync 1 DAGs
[2026-06-16T23:39:40.858+0000] {logging_mixin.py:188} INFO - [2026-06-16T23:39:40.858+0000] {dag.py:3947} INFO - Setting next_dagrun for example_bash_decorator to None, run_after=None
[2026-06-16T23:39:40.878+0000] {processor.py:183} INFO - Processing /home/airflow/.local/lib/python3.12/site-packages/airflow/example_dags/example_bash_decorator.py took 0.090 seconds
[2026-06-16T23:40:11.287+0000] {processor.py:161} INFO - Started process (PID=2932) to work on /home/airflow/.local/lib/python3.12/site-packages/airflow/example_dags/example_bash_decorator.py
[2026-06-16T23:40:11.288+0000] {processor.py:830} INFO - Processing file /home/airflow/.local/lib/python3.12/site-packages/airflow/example_dags/example_bash_decorator.py for tasks to queue
[2026-06-16T23:40:11.290+0000] {logging_mixin.py:188} INFO - [2026-06-16T23:40:11.290+0000] {dagbag.py:545} INFO - Filling up the DagBag from /home/airflow/.local/lib/python3.12/site-packages/airflow/example_dags/example_bash_decorator.py
[2026-06-16T23:40:11.307+0000] {processor.py:840} INFO - DAG(s) 'example_bash_decorator' retrieved from /home/airflow/.local/lib/python3.12/site-packages/airflow/example_dags/example_bash_decorator.py
[2026-06-16T23:40:11.335+0000] {logging_mixin.py:188} INFO - [2026-06-16T23:40:11.335+0000] {dag.py:3089} INFO - Sync 1 DAGs
[2026-06-16T23:40:11.350+0000] {logging_mixin.py:188} INFO - [2026-06-16T23:40:11.350+0000] {dag.py:3947} INFO - Setting next_dagrun for example_bash_decorator to None, run_after=None
[2026-06-16T23:40:11.369+0000] {processor.py:183} INFO - Processing /home/airflow/.local/lib/python3.12/site-packages/airflow/example_dags/example_bash_decorator.py took 0.090 seconds
[2026-06-16T23:40:41.706+0000] {processor.py:161} INFO - Started process (PID=2989) to work on /home/airflow/.local/lib/python3.12/site-packages/airflow/example_dags/example_bash_decorator.py
[2026-06-16T23:40:41.707+0000] {processor.py:830} INFO - Processing file /home/airflow/.local/lib/python3.12/site-packages/airflow/example_dags/example_bash_decorator.py for tasks to queue
[2026-06-16T23:40:41.709+0000] {logging_mixin.py:188} INFO - [2026-06-16T23:40:41.708+0000] {dagbag.py:545} INFO - Filling up the DagBag from /home/airflow/.local/lib/python3.12/site-packages/airflow/example_dags/example_bash_decorator.py
[2026-06-16T23:40:41.726+0000] {processor.py:840} INFO - DAG(s) 'example_bash_decorator' retrieved from /home/airflow/.local/lib/python3.12/site-packages/airflow/example_dags/example_bash_decorator.py
[2026-06-16T23:40:41.775+0000] {logging_mixin.py:188} INFO - [2026-06-16T23:40:41.774+0000] {dag.py:3089} INFO - Sync 1 DAGs
[2026-06-16T23:40:41.792+0000] {logging_mixin.py:188} INFO - [2026-06-16T23:40:41.792+0000] {dag.py:3947} INFO - Setting next_dagrun for example_bash_decorator to None, run_after=None
[2026-06-16T23:40:41.812+0000] {processor.py:183} INFO - Processing /home/airflow/.local/lib/python3.12/site-packages/airflow/example_dags/example_bash_decorator.py took 0.114 seconds
[2026-06-16T23:41:12.189+0000] {processor.py:161} INFO - Started process (PID=3047) to work on /home/airflow/.local/lib/python3.12/site-packages/airflow/example_dags/example_bash_decorator.py
[2026-06-16T23:41:12.190+0000] {processor.py:830} INFO - Processing file /home/airflow/.local/lib/python3.12/site-packages/airflow/example_dags/example_bash_decorator.py for tasks to queue
[2026-06-16T23:41:12.192+0000] {logging_mixin.py:188} INFO - [2026-06-16T23:41:12.191+0000] {dagbag.py:545} INFO - Filling up the DagBag from /home/airflow/.local/lib/python3.12/site-packages/airflow/example_dags/example_bash_decorator.py
[2026-06-16T23:41:12.209+0000] {processor.py:840} INFO - DAG(s) 'example_bash_decorator' retrieved from /home/airflow/.local/lib/python3.12/site-packages/airflow/example_dags/example_bash_decorator.py
[2026-06-16T23:41:12.241+0000] {logging_mixin.py:188} INFO - [2026-06-16T23:41:12.241+0000] {dag.py:3089} INFO - Sync 1 DAGs
[2026-06-16T23:41:12.257+0000] {logging_mixin.py:188} INFO - [2026-06-16T23:41:12.257+0000] {dag.py:3947} INFO - Setting next_dagrun for example_bash_decorator to None, run_after=None
[2026-06-16T23:41:12.278+0000] {processor.py:183} INFO - Processing /home/airflow/.local/lib/python3.12/site-packages/airflow/example_dags/example_bash_decorator.py took 0.097 seconds
[2026-06-16T23:41:42.553+0000] {processor.py:161} INFO - Started process (PID=3104) to work on /home/airflow/.local/lib/python3.12/site-packages/airflow/example_dags/example_bash_decorator.py
[2026-06-16T23:41:42.554+0000] {processor.py:830} INFO - Processing file /home/airflow/.local/lib/python3.12/site-packages/airflow/example_dags/example_bash_decorator.py for tasks to queue
[2026-06-16T23:41:42.555+0000] {logging_mixin.py:188} INFO - [2026-06-16T23:41:42.555+0000] {dagbag.py:545} INFO - Filling up the DagBag from /home/airflow/.local/lib/python3.12/site-packages/airflow/example_dags/example_bash_decorator.py
[2026-06-16T23:41:42.567+0000] {processor.py:840} INFO - DAG(s) 'example_bash_decorator' retrieved from /home/airflow/.local/lib/python3.12/site-packages/airflow/example_dags/example_bash_decorator.py
[2026-06-16T23:41:42.590+0000] {logging_mixin.py:188} INFO - [2026-06-16T23:41:42.589+0000] {dag.py:3089} INFO - Sync 1 DAGs
[2026-06-16T23:41:42.602+0000] {logging_mixin.py:188} INFO - [2026-06-16T23:41:42.602+0000] {dag.py:3947} INFO - Setting next_dagrun for example_bash_decorator to None, run_after=None
[2026-06-16T23:41:42.617+0000] {processor.py:183} INFO - Processing /home/airflow/.local/lib/python3.12/site-packages/airflow/example_dags/example_bash_decorator.py took 0.070 seconds
[2026-06-16T23:42:12.961+0000] {processor.py:161} INFO - Started process (PID=3162) to work on /home/airflow/.local/lib/python3.12/site-packages/airflow/example_dags/example_bash_decorator.py
[2026-06-16T23:42:12.962+0000] {processor.py:830} INFO - Processing file /home/airflow/.local/lib/python3.12/site-packages/airflow/example_dags/example_bash_decorator.py for tasks to queue
[2026-06-16T23:42:12.965+0000] {logging_mixin.py:188} INFO - [2026-06-16T23:42:12.964+0000] {dagbag.py:545} INFO - Filling up the DagBag from /home/airflow/.local/lib/python3.12/site-packages/airflow/example_dags/example_bash_decorator.py
[2026-06-16T23:42:12.982+0000] {processor.py:840} INFO - DAG(s) 'example_bash_decorator' retrieved from /home/airflow/.local/lib/python3.12/site-packages/airflow/example_dags/example_bash_decorator.py
[2026-06-16T23:42:13.012+0000] {logging_mixin.py:188} INFO - [2026-06-16T23:42:13.012+0000] {dag.py:3089} INFO - Sync 1 DAGs
[2026-06-16T23:42:13.029+0000] {logging_mixin.py:188} INFO - [2026-06-16T23:42:13.029+0000] {dag.py:3947} INFO - Setting next_dagrun for example_bash_decorator to None, run_after=None
[2026-06-16T23:42:13.049+0000] {processor.py:183} INFO - Processing /home/airflow/.local/lib/python3.12/site-packages/airflow/example_dags/example_bash_decorator.py took 0.096 seconds
[2026-06-16T23:42:43.331+0000] {processor.py:161} INFO - Started process (PID=3220) to work on /home/airflow/.local/lib/python3.12/site-packages/airflow/example_dags/example_bash_decorator.py
[2026-06-16T23:42:43.332+0000] {processor.py:830} INFO - Processing file /home/airflow/.local/lib/python3.12/site-packages/airflow/example_dags/example_bash_decorator.py for tasks to queue
[2026-06-16T23:42:43.334+0000] {logging_mixin.py:188} INFO - [2026-06-16T23:42:43.333+0000] {dagbag.py:545} INFO - Filling up the DagBag from /home/airflow/.local/lib/python3.12/site-packages/airflow/example_dags/example_bash_decorator.py
[2026-06-16T23:42:43.345+0000] {processor.py:840} INFO - DAG(s) 'example_bash_decorator' retrieved from /home/airflow/.local/lib/python3.12/site-packages/airflow/example_dags/example_bash_decorator.py
[2026-06-16T23:42:43.367+0000] {logging_mixin.py:188} INFO - [2026-06-16T23:42:43.367+0000] {dag.py:3089} INFO - Sync 1 DAGs
[2026-06-16T23:42:43.378+0000] {logging_mixin.py:188} INFO - [2026-06-16T23:42:43.378+0000] {dag.py:3947} INFO - Setting next_dagrun for example_bash_decorator to None, run_after=None
[2026-06-16T23:42:43.393+0000] {processor.py:183} INFO - Processing /home/airflow/.local/lib/python3.12/site-packages/airflow/example_dags/example_bash_decorator.py took 0.067 seconds
[2026-06-16T23:43:13.631+0000] {processor.py:161} INFO - Started process (PID=3277) to work on /home/airflow/.local/lib/python3.12/site-packages/airflow/example_dags/example_bash_decorator.py
[2026-06-16T23:43:13.632+0000] {processor.py:830} INFO - Processing file /home/airflow/.local/lib/python3.12/site-packages/airflow/example_dags/example_bash_decorator.py for tasks to queue
[2026-06-16T23:43:13.635+0000] {logging_mixin.py:188} INFO - [2026-06-16T23:43:13.634+0000] {dagbag.py:545} INFO - Filling up the DagBag from /home/airflow/.local/lib/python3.12/site-packages/airflow/example_dags/example_bash_decorator.py
[2026-06-16T23:43:13.652+0000] {processor.py:840} INFO - DAG(s) 'example_bash_decorator' retrieved from /home/airflow/.local/lib/python3.12/site-packages/airflow/example_dags/example_bash_decorator.py
[2026-06-16T23:43:13.683+0000] {logging_mixin.py:188} INFO - [2026-06-16T23:43:13.682+0000] {dag.py:3089} INFO - Sync 1 DAGs
[2026-06-16T23:43:13.699+0000] {logging_mixin.py:188} INFO - [2026-06-16T23:43:13.699+0000] {dag.py:3947} INFO - Setting next_dagrun for example_bash_decorator to None, run_after=None
[2026-06-16T23:43:13.720+0000] {processor.py:183} INFO - Processing /home/airflow/.local/lib/python3.12/site-packages/airflow/example_dags/example_bash_decorator.py took 0.097 seconds
[2026-06-16T23:43:43.830+0000] {processor.py:161} INFO - Started process (PID=3335) to work on /home/airflow/.local/lib/python3.12/site-packages/airflow/example_dags/example_bash_decorator.py
[2026-06-16T23:43:43.831+0000] {processor.py:830} INFO - Processing file /home/airflow/.local/lib/python3.12/site-packages/airflow/example_dags/example_bash_decorator.py for tasks to queue
[2026-06-16T23:43:43.833+0000] {logging_mixin.py:188} INFO - [2026-06-16T23:43:43.833+0000] {dagbag.py:545} INFO - Filling up the DagBag from /home/airflow/.local/lib/python3.12/site-packages/airflow/example_dags/example_bash_decorator.py
[2026-06-16T23:43:43.866+0000] {processor.py:840} INFO - DAG(s) 'example_bash_decorator' retrieved from /home/airflow/.local/lib/python3.12/site-packages/airflow/example_dags/example_bash_decorator.py
[2026-06-16T23:43:43.950+0000] {logging_mixin.py:188} INFO - [2026-06-16T23:43:43.949+0000] {dag.py:3089} INFO - Sync 1 DAGs
[2026-06-16T23:43:43.974+0000] {logging_mixin.py:188} INFO - [2026-06-16T23:43:43.974+0000] {dag.py:3947} INFO - Setting next_dagrun for example_bash_decorator to None, run_after=None
[2026-06-16T23:43:44.028+0000] {processor.py:183} INFO - Processing /home/airflow/.local/lib/python3.12/site-packages/airflow/example_dags/example_bash_decorator.py took 0.209 seconds
