[2026-06-16T23:15:09.052+0000] {processor.py:161} INFO - Started process (PID=77) to work on /home/airflow/.local/lib/python3.12/site-packages/airflow/example_dags/example_local_kubernetes_executor.py
[2026-06-16T23:15:09.056+0000] {processor.py:830} INFO - Processing file /home/airflow/.local/lib/python3.12/site-packages/airflow/example_dags/example_local_kubernetes_executor.py for tasks to queue
[2026-06-16T23:15:09.063+0000] {logging_mixin.py:188} INFO - [2026-06-16T23:15:09.063+0000] {dagbag.py:545} INFO - Filling up the DagBag from /home/airflow/.local/lib/python3.12/site-packages/airflow/example_dags/example_local_kubernetes_executor.py
[2026-06-16T23:15:09.082+0000] {processor.py:840} INFO - DAG(s) 'example_local_kubernetes_executor' retrieved from /home/airflow/.local/lib/python3.12/site-packages/airflow/example_dags/example_local_kubernetes_executor.py
[2026-06-16T23:15:09.151+0000] {logging_mixin.py:188} INFO - [2026-06-16T23:15:09.150+0000] {dag.py:3089} INFO - Sync 1 DAGs
[2026-06-16T23:15:09.225+0000] {logging_mixin.py:188} INFO - [2026-06-16T23:15:09.224+0000] {dag.py:3947} INFO - Setting next_dagrun for example_local_kubernetes_executor to None, run_after=None
[2026-06-16T23:15:09.289+0000] {processor.py:183} INFO - Processing /home/airflow/.local/lib/python3.12/site-packages/airflow/example_dags/example_local_kubernetes_executor.py took 0.267 seconds
[2026-06-16T23:15:39.478+0000] {processor.py:161} INFO - Started process (PID=134) to work on /home/airflow/.local/lib/python3.12/site-packages/airflow/example_dags/example_local_kubernetes_executor.py
[2026-06-16T23:15:39.479+0000] {processor.py:830} INFO - Processing file /home/airflow/.local/lib/python3.12/site-packages/airflow/example_dags/example_local_kubernetes_executor.py for tasks to queue
[2026-06-16T23:15:39.480+0000] {logging_mixin.py:188} INFO - [2026-06-16T23:15:39.480+0000] {dagbag.py:545} INFO - Filling up the DagBag from /home/airflow/.local/lib/python3.12/site-packages/airflow/example_dags/example_local_kubernetes_executor.py
[2026-06-16T23:15:39.487+0000] {processor.py:840} INFO - DAG(s) 'example_local_kubernetes_executor' retrieved from /home/airflow/.local/lib/python3.12/site-packages/airflow/example_dags/example_local_kubernetes_executor.py
[2026-06-16T23:15:39.519+0000] {logging_mixin.py:188} INFO - [2026-06-16T23:15:39.519+0000] {dag.py:3089} INFO - Sync 1 DAGs
[2026-06-16T23:15:39.532+0000] {logging_mixin.py:188} INFO - [2026-06-16T23:15:39.532+0000] {dag.py:3947} INFO - Setting next_dagrun for example_local_kubernetes_executor to None, run_after=None
[2026-06-16T23:15:39.548+0000] {processor.py:183} INFO - Processing /home/airflow/.local/lib/python3.12/site-packages/airflow/example_dags/example_local_kubernetes_executor.py took 0.075 seconds
[2026-06-16T23:16:09.924+0000] {processor.py:161} INFO - Started process (PID=192) to work on /home/airflow/.local/lib/python3.12/site-packages/airflow/example_dags/example_local_kubernetes_executor.py
[2026-06-16T23:16:09.925+0000] {processor.py:830} INFO - Processing file /home/airflow/.local/lib/python3.12/site-packages/airflow/example_dags/example_local_kubernetes_executor.py for tasks to queue
[2026-06-16T23:16:09.927+0000] {logging_mixin.py:188} INFO - [2026-06-16T23:16:09.927+0000] {dagbag.py:545} INFO - Filling up the DagBag from /home/airflow/.local/lib/python3.12/site-packages/airflow/example_dags/example_local_kubernetes_executor.py
[2026-06-16T23:16:09.937+0000] {processor.py:840} INFO - DAG(s) 'example_local_kubernetes_executor' retrieved from /home/airflow/.local/lib/python3.12/site-packages/airflow/example_dags/example_local_kubernetes_executor.py
[2026-06-16T23:16:09.978+0000] {logging_mixin.py:188} INFO - [2026-06-16T23:16:09.978+0000] {dag.py:3089} INFO - Sync 1 DAGs
[2026-06-16T23:16:09.991+0000] {logging_mixin.py:188} INFO - [2026-06-16T23:16:09.990+0000] {dag.py:3947} INFO - Setting next_dagrun for example_local_kubernetes_executor to None, run_after=None
[2026-06-16T23:16:10.006+0000] {processor.py:183} INFO - Processing /home/airflow/.local/lib/python3.12/site-packages/airflow/example_dags/example_local_kubernetes_executor.py took 0.094 seconds
[2026-06-16T23:16:41.049+0000] {processor.py:161} INFO - Started process (PID=256) to work on /home/airflow/.local/lib/python3.12/site-packages/airflow/example_dags/example_local_kubernetes_executor.py
[2026-06-16T23:16:41.050+0000] {processor.py:830} INFO - Processing file /home/airflow/.local/lib/python3.12/site-packages/airflow/example_dags/example_local_kubernetes_executor.py for tasks to queue
[2026-06-16T23:16:41.052+0000] {logging_mixin.py:188} INFO - [2026-06-16T23:16:41.051+0000] {dagbag.py:545} INFO - Filling up the DagBag from /home/airflow/.local/lib/python3.12/site-packages/airflow/example_dags/example_local_kubernetes_executor.py
[2026-06-16T23:16:41.058+0000] {processor.py:840} INFO - DAG(s) 'example_local_kubernetes_executor' retrieved from /home/airflow/.local/lib/python3.12/site-packages/airflow/example_dags/example_local_kubernetes_executor.py
[2026-06-16T23:16:41.088+0000] {logging_mixin.py:188} INFO - [2026-06-16T23:16:41.088+0000] {dag.py:3089} INFO - Sync 1 DAGs
[2026-06-16T23:16:41.099+0000] {logging_mixin.py:188} INFO - [2026-06-16T23:16:41.099+0000] {dag.py:3947} INFO - Setting next_dagrun for example_local_kubernetes_executor to None, run_after=None
[2026-06-16T23:16:41.119+0000] {processor.py:183} INFO - Processing /home/airflow/.local/lib/python3.12/site-packages/airflow/example_dags/example_local_kubernetes_executor.py took 0.076 seconds
[2026-06-16T23:17:11.346+0000] {processor.py:161} INFO - Started process (PID=314) to work on /home/airflow/.local/lib/python3.12/site-packages/airflow/example_dags/example_local_kubernetes_executor.py
[2026-06-16T23:17:11.347+0000] {processor.py:830} INFO - Processing file /home/airflow/.local/lib/python3.12/site-packages/airflow/example_dags/example_local_kubernetes_executor.py for tasks to queue
[2026-06-16T23:17:11.349+0000] {logging_mixin.py:188} INFO - [2026-06-16T23:17:11.348+0000] {dagbag.py:545} INFO - Filling up the DagBag from /home/airflow/.local/lib/python3.12/site-packages/airflow/example_dags/example_local_kubernetes_executor.py
[2026-06-16T23:17:11.358+0000] {processor.py:840} INFO - DAG(s) 'example_local_kubernetes_executor' retrieved from /home/airflow/.local/lib/python3.12/site-packages/airflow/example_dags/example_local_kubernetes_executor.py
[2026-06-16T23:17:11.398+0000] {logging_mixin.py:188} INFO - [2026-06-16T23:17:11.397+0000] {dag.py:3089} INFO - Sync 1 DAGs
[2026-06-16T23:17:11.414+0000] {logging_mixin.py:188} INFO - [2026-06-16T23:17:11.414+0000] {dag.py:3947} INFO - Setting next_dagrun for example_local_kubernetes_executor to None, run_after=None
[2026-06-16T23:17:11.433+0000] {processor.py:183} INFO - Processing /home/airflow/.local/lib/python3.12/site-packages/airflow/example_dags/example_local_kubernetes_executor.py took 0.095 seconds
[2026-06-16T23:17:41.994+0000] {processor.py:161} INFO - Started process (PID=372) to work on /home/airflow/.local/lib/python3.12/site-packages/airflow/example_dags/example_local_kubernetes_executor.py
[2026-06-16T23:17:41.995+0000] {processor.py:830} INFO - Processing file /home/airflow/.local/lib/python3.12/site-packages/airflow/example_dags/example_local_kubernetes_executor.py for tasks to queue
[2026-06-16T23:17:41.997+0000] {logging_mixin.py:188} INFO - [2026-06-16T23:17:41.997+0000] {dagbag.py:545} INFO - Filling up the DagBag from /home/airflow/.local/lib/python3.12/site-packages/airflow/example_dags/example_local_kubernetes_executor.py
[2026-06-16T23:17:42.006+0000] {processor.py:840} INFO - DAG(s) 'example_local_kubernetes_executor' retrieved from /home/airflow/.local/lib/python3.12/site-packages/airflow/example_dags/example_local_kubernetes_executor.py
[2026-06-16T23:17:42.046+0000] {logging_mixin.py:188} INFO - [2026-06-16T23:17:42.046+0000] {dag.py:3089} INFO - Sync 1 DAGs
[2026-06-16T23:17:42.062+0000] {logging_mixin.py:188} INFO - [2026-06-16T23:17:42.062+0000] {dag.py:3947} INFO - Setting next_dagrun for example_local_kubernetes_executor to None, run_after=None
[2026-06-16T23:17:42.081+0000] {processor.py:183} INFO - Processing /home/airflow/.local/lib/python3.12/site-packages/airflow/example_dags/example_local_kubernetes_executor.py took 0.094 seconds
[2026-06-16T23:18:12.967+0000] {processor.py:161} INFO - Started process (PID=430) to work on /home/airflow/.local/lib/python3.12/site-packages/airflow/example_dags/example_local_kubernetes_executor.py
[2026-06-16T23:18:12.968+0000] {processor.py:830} INFO - Processing file /home/airflow/.local/lib/python3.12/site-packages/airflow/example_dags/example_local_kubernetes_executor.py for tasks to queue
[2026-06-16T23:18:12.970+0000] {logging_mixin.py:188} INFO - [2026-06-16T23:18:12.970+0000] {dagbag.py:545} INFO - Filling up the DagBag from /home/airflow/.local/lib/python3.12/site-packages/airflow/example_dags/example_local_kubernetes_executor.py
[2026-06-16T23:18:12.980+0000] {processor.py:840} INFO - DAG(s) 'example_local_kubernetes_executor' retrieved from /home/airflow/.local/lib/python3.12/site-packages/airflow/example_dags/example_local_kubernetes_executor.py
[2026-06-16T23:18:13.020+0000] {logging_mixin.py:188} INFO - [2026-06-16T23:18:13.020+0000] {dag.py:3089} INFO - Sync 1 DAGs
[2026-06-16T23:18:13.037+0000] {logging_mixin.py:188} INFO - [2026-06-16T23:18:13.037+0000] {dag.py:3947} INFO - Setting next_dagrun for example_local_kubernetes_executor to None, run_after=None
[2026-06-16T23:18:13.056+0000] {processor.py:183} INFO - Processing /home/airflow/.local/lib/python3.12/site-packages/airflow/example_dags/example_local_kubernetes_executor.py took 0.097 seconds
[2026-06-16T23:18:45.180+0000] {processor.py:161} INFO - Started process (PID=488) to work on /home/airflow/.local/lib/python3.12/site-packages/airflow/example_dags/example_local_kubernetes_executor.py
[2026-06-16T23:18:45.183+0000] {processor.py:830} INFO - Processing file /home/airflow/.local/lib/python3.12/site-packages/airflow/example_dags/example_local_kubernetes_executor.py for tasks to queue
[2026-06-16T23:18:45.187+0000] {logging_mixin.py:188} INFO - [2026-06-16T23:18:45.186+0000] {dagbag.py:545} INFO - Filling up the DagBag from /home/airflow/.local/lib/python3.12/site-packages/airflow/example_dags/example_local_kubernetes_executor.py
[2026-06-16T23:18:45.219+0000] {processor.py:840} INFO - DAG(s) 'example_local_kubernetes_executor' retrieved from /home/airflow/.local/lib/python3.12/site-packages/airflow/example_dags/example_local_kubernetes_executor.py
[2026-06-16T23:18:45.360+0000] {logging_mixin.py:188} INFO - [2026-06-16T23:18:45.360+0000] {dag.py:3089} INFO - Sync 1 DAGs
[2026-06-16T23:18:45.411+0000] {logging_mixin.py:188} INFO - [2026-06-16T23:18:45.411+0000] {dag.py:3947} INFO - Setting next_dagrun for example_local_kubernetes_executor to None, run_after=None
[2026-06-16T23:18:45.480+0000] {processor.py:183} INFO - Processing /home/airflow/.local/lib/python3.12/site-packages/airflow/example_dags/example_local_kubernetes_executor.py took 0.317 seconds
[2026-06-16T23:19:16.441+0000] {processor.py:161} INFO - Started process (PID=546) to work on /home/airflow/.local/lib/python3.12/site-packages/airflow/example_dags/example_local_kubernetes_executor.py
[2026-06-16T23:19:16.444+0000] {processor.py:830} INFO - Processing file /home/airflow/.local/lib/python3.12/site-packages/airflow/example_dags/example_local_kubernetes_executor.py for tasks to queue
[2026-06-16T23:19:16.447+0000] {logging_mixin.py:188} INFO - [2026-06-16T23:19:16.446+0000] {dagbag.py:545} INFO - Filling up the DagBag from /home/airflow/.local/lib/python3.12/site-packages/airflow/example_dags/example_local_kubernetes_executor.py
[2026-06-16T23:19:16.459+0000] {processor.py:840} INFO - DAG(s) 'example_local_kubernetes_executor' retrieved from /home/airflow/.local/lib/python3.12/site-packages/airflow/example_dags/example_local_kubernetes_executor.py
[2026-06-16T23:19:16.510+0000] {logging_mixin.py:188} INFO - [2026-06-16T23:19:16.510+0000] {dag.py:3089} INFO - Sync 1 DAGs
[2026-06-16T23:19:16.530+0000] {logging_mixin.py:188} INFO - [2026-06-16T23:19:16.530+0000] {dag.py:3947} INFO - Setting next_dagrun for example_local_kubernetes_executor to None, run_after=None
[2026-06-16T23:19:16.597+0000] {processor.py:183} INFO - Processing /home/airflow/.local/lib/python3.12/site-packages/airflow/example_dags/example_local_kubernetes_executor.py took 0.166 seconds
[2026-06-16T23:19:47.028+0000] {processor.py:161} INFO - Started process (PID=604) to work on /home/airflow/.local/lib/python3.12/site-packages/airflow/example_dags/example_local_kubernetes_executor.py
[2026-06-16T23:19:47.029+0000] {processor.py:830} INFO - Processing file /home/airflow/.local/lib/python3.12/site-packages/airflow/example_dags/example_local_kubernetes_executor.py for tasks to queue
[2026-06-16T23:19:47.031+0000] {logging_mixin.py:188} INFO - [2026-06-16T23:19:47.031+0000] {dagbag.py:545} INFO - Filling up the DagBag from /home/airflow/.local/lib/python3.12/site-packages/airflow/example_dags/example_local_kubernetes_executor.py
[2026-06-16T23:19:47.040+0000] {processor.py:840} INFO - DAG(s) 'example_local_kubernetes_executor' retrieved from /home/airflow/.local/lib/python3.12/site-packages/airflow/example_dags/example_local_kubernetes_executor.py
[2026-06-16T23:19:47.080+0000] {logging_mixin.py:188} INFO - [2026-06-16T23:19:47.080+0000] {dag.py:3089} INFO - Sync 1 DAGs
[2026-06-16T23:19:47.096+0000] {logging_mixin.py:188} INFO - [2026-06-16T23:19:47.096+0000] {dag.py:3947} INFO - Setting next_dagrun for example_local_kubernetes_executor to None, run_after=None
[2026-06-16T23:19:47.116+0000] {processor.py:183} INFO - Processing /home/airflow/.local/lib/python3.12/site-packages/airflow/example_dags/example_local_kubernetes_executor.py took 0.095 seconds
[2026-06-16T23:20:17.346+0000] {processor.py:161} INFO - Started process (PID=662) to work on /home/airflow/.local/lib/python3.12/site-packages/airflow/example_dags/example_local_kubernetes_executor.py
[2026-06-16T23:20:17.347+0000] {processor.py:830} INFO - Processing file /home/airflow/.local/lib/python3.12/site-packages/airflow/example_dags/example_local_kubernetes_executor.py for tasks to queue
[2026-06-16T23:20:17.349+0000] {logging_mixin.py:188} INFO - [2026-06-16T23:20:17.349+0000] {dagbag.py:545} INFO - Filling up the DagBag from /home/airflow/.local/lib/python3.12/site-packages/airflow/example_dags/example_local_kubernetes_executor.py
[2026-06-16T23:20:17.358+0000] {processor.py:840} INFO - DAG(s) 'example_local_kubernetes_executor' retrieved from /home/airflow/.local/lib/python3.12/site-packages/airflow/example_dags/example_local_kubernetes_executor.py
[2026-06-16T23:20:17.399+0000] {logging_mixin.py:188} INFO - [2026-06-16T23:20:17.399+0000] {dag.py:3089} INFO - Sync 1 DAGs
[2026-06-16T23:20:17.417+0000] {logging_mixin.py:188} INFO - [2026-06-16T23:20:17.417+0000] {dag.py:3947} INFO - Setting next_dagrun for example_local_kubernetes_executor to None, run_after=None
[2026-06-16T23:20:17.437+0000] {processor.py:183} INFO - Processing /home/airflow/.local/lib/python3.12/site-packages/airflow/example_dags/example_local_kubernetes_executor.py took 0.098 seconds
[2026-06-16T23:20:47.494+0000] {processor.py:161} INFO - Started process (PID=719) to work on /home/airflow/.local/lib/python3.12/site-packages/airflow/example_dags/example_local_kubernetes_executor.py
[2026-06-16T23:20:47.495+0000] {processor.py:830} INFO - Processing file /home/airflow/.local/lib/python3.12/site-packages/airflow/example_dags/example_local_kubernetes_executor.py for tasks to queue
[2026-06-16T23:20:47.497+0000] {logging_mixin.py:188} INFO - [2026-06-16T23:20:47.497+0000] {dagbag.py:545} INFO - Filling up the DagBag from /home/airflow/.local/lib/python3.12/site-packages/airflow/example_dags/example_local_kubernetes_executor.py
[2026-06-16T23:20:47.506+0000] {processor.py:840} INFO - DAG(s) 'example_local_kubernetes_executor' retrieved from /home/airflow/.local/lib/python3.12/site-packages/airflow/example_dags/example_local_kubernetes_executor.py
[2026-06-16T23:20:47.547+0000] {logging_mixin.py:188} INFO - [2026-06-16T23:20:47.547+0000] {dag.py:3089} INFO - Sync 1 DAGs
[2026-06-16T23:20:47.563+0000] {logging_mixin.py:188} INFO - [2026-06-16T23:20:47.562+0000] {dag.py:3947} INFO - Setting next_dagrun for example_local_kubernetes_executor to None, run_after=None
[2026-06-16T23:20:47.582+0000] {processor.py:183} INFO - Processing /home/airflow/.local/lib/python3.12/site-packages/airflow/example_dags/example_local_kubernetes_executor.py took 0.095 seconds
[2026-06-16T23:21:17.774+0000] {processor.py:161} INFO - Started process (PID=777) to work on /home/airflow/.local/lib/python3.12/site-packages/airflow/example_dags/example_local_kubernetes_executor.py
[2026-06-16T23:21:17.775+0000] {processor.py:830} INFO - Processing file /home/airflow/.local/lib/python3.12/site-packages/airflow/example_dags/example_local_kubernetes_executor.py for tasks to queue
[2026-06-16T23:21:17.777+0000] {logging_mixin.py:188} INFO - [2026-06-16T23:21:17.776+0000] {dagbag.py:545} INFO - Filling up the DagBag from /home/airflow/.local/lib/python3.12/site-packages/airflow/example_dags/example_local_kubernetes_executor.py
[2026-06-16T23:21:17.786+0000] {processor.py:840} INFO - DAG(s) 'example_local_kubernetes_executor' retrieved from /home/airflow/.local/lib/python3.12/site-packages/airflow/example_dags/example_local_kubernetes_executor.py
[2026-06-16T23:21:17.831+0000] {logging_mixin.py:188} INFO - [2026-06-16T23:21:17.831+0000] {dag.py:3089} INFO - Sync 1 DAGs
[2026-06-16T23:21:17.849+0000] {logging_mixin.py:188} INFO - [2026-06-16T23:21:17.849+0000] {dag.py:3947} INFO - Setting next_dagrun for example_local_kubernetes_executor to None, run_after=None
[2026-06-16T23:21:17.878+0000] {processor.py:183} INFO - Processing /home/airflow/.local/lib/python3.12/site-packages/airflow/example_dags/example_local_kubernetes_executor.py took 0.111 seconds
[2026-06-16T23:21:48.038+0000] {processor.py:161} INFO - Started process (PID=835) to work on /home/airflow/.local/lib/python3.12/site-packages/airflow/example_dags/example_local_kubernetes_executor.py
[2026-06-16T23:21:48.039+0000] {processor.py:830} INFO - Processing file /home/airflow/.local/lib/python3.12/site-packages/airflow/example_dags/example_local_kubernetes_executor.py for tasks to queue
[2026-06-16T23:21:48.042+0000] {logging_mixin.py:188} INFO - [2026-06-16T23:21:48.041+0000] {dagbag.py:545} INFO - Filling up the DagBag from /home/airflow/.local/lib/python3.12/site-packages/airflow/example_dags/example_local_kubernetes_executor.py
[2026-06-16T23:21:48.051+0000] {processor.py:840} INFO - DAG(s) 'example_local_kubernetes_executor' retrieved from /home/airflow/.local/lib/python3.12/site-packages/airflow/example_dags/example_local_kubernetes_executor.py
[2026-06-16T23:21:48.094+0000] {logging_mixin.py:188} INFO - [2026-06-16T23:21:48.093+0000] {dag.py:3089} INFO - Sync 1 DAGs
[2026-06-16T23:21:48.113+0000] {logging_mixin.py:188} INFO - [2026-06-16T23:21:48.112+0000] {dag.py:3947} INFO - Setting next_dagrun for example_local_kubernetes_executor to None, run_after=None
[2026-06-16T23:21:48.132+0000] {processor.py:183} INFO - Processing /home/airflow/.local/lib/python3.12/site-packages/airflow/example_dags/example_local_kubernetes_executor.py took 0.100 seconds
[2026-06-16T23:22:18.399+0000] {processor.py:161} INFO - Started process (PID=893) to work on /home/airflow/.local/lib/python3.12/site-packages/airflow/example_dags/example_local_kubernetes_executor.py
[2026-06-16T23:22:18.400+0000] {processor.py:830} INFO - Processing file /home/airflow/.local/lib/python3.12/site-packages/airflow/example_dags/example_local_kubernetes_executor.py for tasks to queue
[2026-06-16T23:22:18.402+0000] {logging_mixin.py:188} INFO - [2026-06-16T23:22:18.402+0000] {dagbag.py:545} INFO - Filling up the DagBag from /home/airflow/.local/lib/python3.12/site-packages/airflow/example_dags/example_local_kubernetes_executor.py
[2026-06-16T23:22:18.418+0000] {processor.py:840} INFO - DAG(s) 'example_local_kubernetes_executor' retrieved from /home/airflow/.local/lib/python3.12/site-packages/airflow/example_dags/example_local_kubernetes_executor.py
[2026-06-16T23:22:18.459+0000] {logging_mixin.py:188} INFO - [2026-06-16T23:22:18.458+0000] {dag.py:3089} INFO - Sync 1 DAGs
[2026-06-16T23:22:18.475+0000] {logging_mixin.py:188} INFO - [2026-06-16T23:22:18.475+0000] {dag.py:3947} INFO - Setting next_dagrun for example_local_kubernetes_executor to None, run_after=None
[2026-06-16T23:22:18.496+0000] {processor.py:183} INFO - Processing /home/airflow/.local/lib/python3.12/site-packages/airflow/example_dags/example_local_kubernetes_executor.py took 0.105 seconds
[2026-06-16T23:22:48.595+0000] {processor.py:161} INFO - Started process (PID=951) to work on /home/airflow/.local/lib/python3.12/site-packages/airflow/example_dags/example_local_kubernetes_executor.py
[2026-06-16T23:22:48.596+0000] {processor.py:830} INFO - Processing file /home/airflow/.local/lib/python3.12/site-packages/airflow/example_dags/example_local_kubernetes_executor.py for tasks to queue
[2026-06-16T23:22:48.600+0000] {logging_mixin.py:188} INFO - [2026-06-16T23:22:48.599+0000] {dagbag.py:545} INFO - Filling up the DagBag from /home/airflow/.local/lib/python3.12/site-packages/airflow/example_dags/example_local_kubernetes_executor.py
[2026-06-16T23:22:48.616+0000] {processor.py:840} INFO - DAG(s) 'example_local_kubernetes_executor' retrieved from /home/airflow/.local/lib/python3.12/site-packages/airflow/example_dags/example_local_kubernetes_executor.py
[2026-06-16T23:22:48.664+0000] {logging_mixin.py:188} INFO - [2026-06-16T23:22:48.663+0000] {dag.py:3089} INFO - Sync 1 DAGs
[2026-06-16T23:22:48.679+0000] {logging_mixin.py:188} INFO - [2026-06-16T23:22:48.679+0000] {dag.py:3947} INFO - Setting next_dagrun for example_local_kubernetes_executor to None, run_after=None
[2026-06-16T23:22:48.698+0000] {processor.py:183} INFO - Processing /home/airflow/.local/lib/python3.12/site-packages/airflow/example_dags/example_local_kubernetes_executor.py took 0.122 seconds
[2026-06-16T23:23:19.513+0000] {processor.py:161} INFO - Started process (PID=1009) to work on /home/airflow/.local/lib/python3.12/site-packages/airflow/example_dags/example_local_kubernetes_executor.py
[2026-06-16T23:23:19.516+0000] {processor.py:830} INFO - Processing file /home/airflow/.local/lib/python3.12/site-packages/airflow/example_dags/example_local_kubernetes_executor.py for tasks to queue
[2026-06-16T23:23:19.526+0000] {logging_mixin.py:188} INFO - [2026-06-16T23:23:19.526+0000] {dagbag.py:545} INFO - Filling up the DagBag from /home/airflow/.local/lib/python3.12/site-packages/airflow/example_dags/example_local_kubernetes_executor.py
[2026-06-16T23:23:19.550+0000] {processor.py:840} INFO - DAG(s) 'example_local_kubernetes_executor' retrieved from /home/airflow/.local/lib/python3.12/site-packages/airflow/example_dags/example_local_kubernetes_executor.py
[2026-06-16T23:23:19.717+0000] {logging_mixin.py:188} INFO - [2026-06-16T23:23:19.716+0000] {dag.py:3089} INFO - Sync 1 DAGs
[2026-06-16T23:23:19.765+0000] {logging_mixin.py:188} INFO - [2026-06-16T23:23:19.765+0000] {dag.py:3947} INFO - Setting next_dagrun for example_local_kubernetes_executor to None, run_after=None
[2026-06-16T23:23:19.818+0000] {processor.py:183} INFO - Processing /home/airflow/.local/lib/python3.12/site-packages/airflow/example_dags/example_local_kubernetes_executor.py took 0.335 seconds
[2026-06-16T23:23:50.566+0000] {processor.py:161} INFO - Started process (PID=1067) to work on /home/airflow/.local/lib/python3.12/site-packages/airflow/example_dags/example_local_kubernetes_executor.py
[2026-06-16T23:23:50.567+0000] {processor.py:830} INFO - Processing file /home/airflow/.local/lib/python3.12/site-packages/airflow/example_dags/example_local_kubernetes_executor.py for tasks to queue
[2026-06-16T23:23:50.571+0000] {logging_mixin.py:188} INFO - [2026-06-16T23:23:50.571+0000] {dagbag.py:545} INFO - Filling up the DagBag from /home/airflow/.local/lib/python3.12/site-packages/airflow/example_dags/example_local_kubernetes_executor.py
[2026-06-16T23:23:50.580+0000] {processor.py:840} INFO - DAG(s) 'example_local_kubernetes_executor' retrieved from /home/airflow/.local/lib/python3.12/site-packages/airflow/example_dags/example_local_kubernetes_executor.py
[2026-06-16T23:23:50.622+0000] {logging_mixin.py:188} INFO - [2026-06-16T23:23:50.621+0000] {dag.py:3089} INFO - Sync 1 DAGs
[2026-06-16T23:23:50.637+0000] {logging_mixin.py:188} INFO - [2026-06-16T23:23:50.637+0000] {dag.py:3947} INFO - Setting next_dagrun for example_local_kubernetes_executor to None, run_after=None
[2026-06-16T23:23:50.656+0000] {processor.py:183} INFO - Processing /home/airflow/.local/lib/python3.12/site-packages/airflow/example_dags/example_local_kubernetes_executor.py took 0.097 seconds
[2026-06-16T23:24:20.858+0000] {processor.py:161} INFO - Started process (PID=1125) to work on /home/airflow/.local/lib/python3.12/site-packages/airflow/example_dags/example_local_kubernetes_executor.py
[2026-06-16T23:24:20.859+0000] {processor.py:830} INFO - Processing file /home/airflow/.local/lib/python3.12/site-packages/airflow/example_dags/example_local_kubernetes_executor.py for tasks to queue
[2026-06-16T23:24:20.861+0000] {logging_mixin.py:188} INFO - [2026-06-16T23:24:20.861+0000] {dagbag.py:545} INFO - Filling up the DagBag from /home/airflow/.local/lib/python3.12/site-packages/airflow/example_dags/example_local_kubernetes_executor.py
[2026-06-16T23:24:20.871+0000] {processor.py:840} INFO - DAG(s) 'example_local_kubernetes_executor' retrieved from /home/airflow/.local/lib/python3.12/site-packages/airflow/example_dags/example_local_kubernetes_executor.py
[2026-06-16T23:24:20.912+0000] {logging_mixin.py:188} INFO - [2026-06-16T23:24:20.912+0000] {dag.py:3089} INFO - Sync 1 DAGs
[2026-06-16T23:24:20.932+0000] {logging_mixin.py:188} INFO - [2026-06-16T23:24:20.932+0000] {dag.py:3947} INFO - Setting next_dagrun for example_local_kubernetes_executor to None, run_after=None
[2026-06-16T23:24:20.950+0000] {processor.py:183} INFO - Processing /home/airflow/.local/lib/python3.12/site-packages/airflow/example_dags/example_local_kubernetes_executor.py took 0.100 seconds
[2026-06-16T23:24:50.995+0000] {processor.py:161} INFO - Started process (PID=1183) to work on /home/airflow/.local/lib/python3.12/site-packages/airflow/example_dags/example_local_kubernetes_executor.py
[2026-06-16T23:24:50.996+0000] {processor.py:830} INFO - Processing file /home/airflow/.local/lib/python3.12/site-packages/airflow/example_dags/example_local_kubernetes_executor.py for tasks to queue
[2026-06-16T23:24:50.998+0000] {logging_mixin.py:188} INFO - [2026-06-16T23:24:50.997+0000] {dagbag.py:545} INFO - Filling up the DagBag from /home/airflow/.local/lib/python3.12/site-packages/airflow/example_dags/example_local_kubernetes_executor.py
[2026-06-16T23:24:51.006+0000] {processor.py:840} INFO - DAG(s) 'example_local_kubernetes_executor' retrieved from /home/airflow/.local/lib/python3.12/site-packages/airflow/example_dags/example_local_kubernetes_executor.py
[2026-06-16T23:24:51.047+0000] {logging_mixin.py:188} INFO - [2026-06-16T23:24:51.047+0000] {dag.py:3089} INFO - Sync 1 DAGs
[2026-06-16T23:24:51.068+0000] {logging_mixin.py:188} INFO - [2026-06-16T23:24:51.068+0000] {dag.py:3947} INFO - Setting next_dagrun for example_local_kubernetes_executor to None, run_after=None
[2026-06-16T23:24:51.086+0000] {processor.py:183} INFO - Processing /home/airflow/.local/lib/python3.12/site-packages/airflow/example_dags/example_local_kubernetes_executor.py took 0.099 seconds
[2026-06-16T23:25:21.430+0000] {processor.py:161} INFO - Started process (PID=1241) to work on /home/airflow/.local/lib/python3.12/site-packages/airflow/example_dags/example_local_kubernetes_executor.py
[2026-06-16T23:25:21.431+0000] {processor.py:830} INFO - Processing file /home/airflow/.local/lib/python3.12/site-packages/airflow/example_dags/example_local_kubernetes_executor.py for tasks to queue
[2026-06-16T23:25:21.434+0000] {logging_mixin.py:188} INFO - [2026-06-16T23:25:21.433+0000] {dagbag.py:545} INFO - Filling up the DagBag from /home/airflow/.local/lib/python3.12/site-packages/airflow/example_dags/example_local_kubernetes_executor.py
[2026-06-16T23:25:21.443+0000] {processor.py:840} INFO - DAG(s) 'example_local_kubernetes_executor' retrieved from /home/airflow/.local/lib/python3.12/site-packages/airflow/example_dags/example_local_kubernetes_executor.py
[2026-06-16T23:25:21.487+0000] {logging_mixin.py:188} INFO - [2026-06-16T23:25:21.485+0000] {dag.py:3089} INFO - Sync 1 DAGs
[2026-06-16T23:25:21.506+0000] {logging_mixin.py:188} INFO - [2026-06-16T23:25:21.506+0000] {dag.py:3947} INFO - Setting next_dagrun for example_local_kubernetes_executor to None, run_after=None
[2026-06-16T23:25:21.537+0000] {processor.py:183} INFO - Processing /home/airflow/.local/lib/python3.12/site-packages/airflow/example_dags/example_local_kubernetes_executor.py took 0.113 seconds
[2026-06-16T23:25:51.929+0000] {processor.py:161} INFO - Started process (PID=1299) to work on /home/airflow/.local/lib/python3.12/site-packages/airflow/example_dags/example_local_kubernetes_executor.py
[2026-06-16T23:25:51.930+0000] {processor.py:830} INFO - Processing file /home/airflow/.local/lib/python3.12/site-packages/airflow/example_dags/example_local_kubernetes_executor.py for tasks to queue
[2026-06-16T23:25:51.932+0000] {logging_mixin.py:188} INFO - [2026-06-16T23:25:51.931+0000] {dagbag.py:545} INFO - Filling up the DagBag from /home/airflow/.local/lib/python3.12/site-packages/airflow/example_dags/example_local_kubernetes_executor.py
[2026-06-16T23:25:51.942+0000] {processor.py:840} INFO - DAG(s) 'example_local_kubernetes_executor' retrieved from /home/airflow/.local/lib/python3.12/site-packages/airflow/example_dags/example_local_kubernetes_executor.py
[2026-06-16T23:25:51.988+0000] {logging_mixin.py:188} INFO - [2026-06-16T23:25:51.988+0000] {dag.py:3089} INFO - Sync 1 DAGs
[2026-06-16T23:25:52.004+0000] {logging_mixin.py:188} INFO - [2026-06-16T23:25:52.004+0000] {dag.py:3947} INFO - Setting next_dagrun for example_local_kubernetes_executor to None, run_after=None
[2026-06-16T23:25:52.025+0000] {processor.py:183} INFO - Processing /home/airflow/.local/lib/python3.12/site-packages/airflow/example_dags/example_local_kubernetes_executor.py took 0.103 seconds
[2026-06-16T23:26:22.609+0000] {processor.py:161} INFO - Started process (PID=1356) to work on /home/airflow/.local/lib/python3.12/site-packages/airflow/example_dags/example_local_kubernetes_executor.py
[2026-06-16T23:26:22.610+0000] {processor.py:830} INFO - Processing file /home/airflow/.local/lib/python3.12/site-packages/airflow/example_dags/example_local_kubernetes_executor.py for tasks to queue
[2026-06-16T23:26:22.612+0000] {logging_mixin.py:188} INFO - [2026-06-16T23:26:22.612+0000] {dagbag.py:545} INFO - Filling up the DagBag from /home/airflow/.local/lib/python3.12/site-packages/airflow/example_dags/example_local_kubernetes_executor.py
[2026-06-16T23:26:22.622+0000] {processor.py:840} INFO - DAG(s) 'example_local_kubernetes_executor' retrieved from /home/airflow/.local/lib/python3.12/site-packages/airflow/example_dags/example_local_kubernetes_executor.py
[2026-06-16T23:26:22.664+0000] {logging_mixin.py:188} INFO - [2026-06-16T23:26:22.664+0000] {dag.py:3089} INFO - Sync 1 DAGs
[2026-06-16T23:26:22.684+0000] {logging_mixin.py:188} INFO - [2026-06-16T23:26:22.684+0000] {dag.py:3947} INFO - Setting next_dagrun for example_local_kubernetes_executor to None, run_after=None
[2026-06-16T23:26:22.703+0000] {processor.py:183} INFO - Processing /home/airflow/.local/lib/python3.12/site-packages/airflow/example_dags/example_local_kubernetes_executor.py took 0.102 seconds
[2026-06-16T23:26:53.233+0000] {processor.py:161} INFO - Started process (PID=1414) to work on /home/airflow/.local/lib/python3.12/site-packages/airflow/example_dags/example_local_kubernetes_executor.py
[2026-06-16T23:26:53.236+0000] {processor.py:830} INFO - Processing file /home/airflow/.local/lib/python3.12/site-packages/airflow/example_dags/example_local_kubernetes_executor.py for tasks to queue
[2026-06-16T23:26:53.238+0000] {logging_mixin.py:188} INFO - [2026-06-16T23:26:53.238+0000] {dagbag.py:545} INFO - Filling up the DagBag from /home/airflow/.local/lib/python3.12/site-packages/airflow/example_dags/example_local_kubernetes_executor.py
[2026-06-16T23:26:53.255+0000] {processor.py:840} INFO - DAG(s) 'example_local_kubernetes_executor' retrieved from /home/airflow/.local/lib/python3.12/site-packages/airflow/example_dags/example_local_kubernetes_executor.py
[2026-06-16T23:26:53.328+0000] {logging_mixin.py:188} INFO - [2026-06-16T23:26:53.328+0000] {dag.py:3089} INFO - Sync 1 DAGs
[2026-06-16T23:26:53.344+0000] {logging_mixin.py:188} INFO - [2026-06-16T23:26:53.344+0000] {dag.py:3947} INFO - Setting next_dagrun for example_local_kubernetes_executor to None, run_after=None
[2026-06-16T23:26:53.364+0000] {processor.py:183} INFO - Processing /home/airflow/.local/lib/python3.12/site-packages/airflow/example_dags/example_local_kubernetes_executor.py took 0.141 seconds
[2026-06-16T23:27:24.377+0000] {processor.py:161} INFO - Started process (PID=1472) to work on /home/airflow/.local/lib/python3.12/site-packages/airflow/example_dags/example_local_kubernetes_executor.py
[2026-06-16T23:27:24.384+0000] {processor.py:830} INFO - Processing file /home/airflow/.local/lib/python3.12/site-packages/airflow/example_dags/example_local_kubernetes_executor.py for tasks to queue
[2026-06-16T23:27:24.396+0000] {logging_mixin.py:188} INFO - [2026-06-16T23:27:24.396+0000] {dagbag.py:545} INFO - Filling up the DagBag from /home/airflow/.local/lib/python3.12/site-packages/airflow/example_dags/example_local_kubernetes_executor.py
[2026-06-16T23:27:24.439+0000] {processor.py:840} INFO - DAG(s) 'example_local_kubernetes_executor' retrieved from /home/airflow/.local/lib/python3.12/site-packages/airflow/example_dags/example_local_kubernetes_executor.py
[2026-06-16T23:27:24.594+0000] {logging_mixin.py:188} INFO - [2026-06-16T23:27:24.594+0000] {dag.py:3089} INFO - Sync 1 DAGs
[2026-06-16T23:27:24.655+0000] {logging_mixin.py:188} INFO - [2026-06-16T23:27:24.655+0000] {dag.py:3947} INFO - Setting next_dagrun for example_local_kubernetes_executor to None, run_after=None
[2026-06-16T23:27:24.733+0000] {processor.py:183} INFO - Processing /home/airflow/.local/lib/python3.12/site-packages/airflow/example_dags/example_local_kubernetes_executor.py took 0.370 seconds
[2026-06-16T23:27:54.836+0000] {processor.py:161} INFO - Started process (PID=1530) to work on /home/airflow/.local/lib/python3.12/site-packages/airflow/example_dags/example_local_kubernetes_executor.py
[2026-06-16T23:27:54.837+0000] {processor.py:830} INFO - Processing file /home/airflow/.local/lib/python3.12/site-packages/airflow/example_dags/example_local_kubernetes_executor.py for tasks to queue
[2026-06-16T23:27:54.839+0000] {logging_mixin.py:188} INFO - [2026-06-16T23:27:54.838+0000] {dagbag.py:545} INFO - Filling up the DagBag from /home/airflow/.local/lib/python3.12/site-packages/airflow/example_dags/example_local_kubernetes_executor.py
[2026-06-16T23:27:54.845+0000] {processor.py:840} INFO - DAG(s) 'example_local_kubernetes_executor' retrieved from /home/airflow/.local/lib/python3.12/site-packages/airflow/example_dags/example_local_kubernetes_executor.py
[2026-06-16T23:27:54.875+0000] {logging_mixin.py:188} INFO - [2026-06-16T23:27:54.875+0000] {dag.py:3089} INFO - Sync 1 DAGs
[2026-06-16T23:27:54.886+0000] {logging_mixin.py:188} INFO - [2026-06-16T23:27:54.886+0000] {dag.py:3947} INFO - Setting next_dagrun for example_local_kubernetes_executor to None, run_after=None
[2026-06-16T23:27:54.902+0000] {processor.py:183} INFO - Processing /home/airflow/.local/lib/python3.12/site-packages/airflow/example_dags/example_local_kubernetes_executor.py took 0.071 seconds
[2026-06-16T23:28:25.405+0000] {processor.py:161} INFO - Started process (PID=1588) to work on /home/airflow/.local/lib/python3.12/site-packages/airflow/example_dags/example_local_kubernetes_executor.py
[2026-06-16T23:28:25.406+0000] {processor.py:830} INFO - Processing file /home/airflow/.local/lib/python3.12/site-packages/airflow/example_dags/example_local_kubernetes_executor.py for tasks to queue
[2026-06-16T23:28:25.408+0000] {logging_mixin.py:188} INFO - [2026-06-16T23:28:25.408+0000] {dagbag.py:545} INFO - Filling up the DagBag from /home/airflow/.local/lib/python3.12/site-packages/airflow/example_dags/example_local_kubernetes_executor.py
[2026-06-16T23:28:25.417+0000] {processor.py:840} INFO - DAG(s) 'example_local_kubernetes_executor' retrieved from /home/airflow/.local/lib/python3.12/site-packages/airflow/example_dags/example_local_kubernetes_executor.py
[2026-06-16T23:28:25.457+0000] {logging_mixin.py:188} INFO - [2026-06-16T23:28:25.457+0000] {dag.py:3089} INFO - Sync 1 DAGs
[2026-06-16T23:28:25.472+0000] {logging_mixin.py:188} INFO - [2026-06-16T23:28:25.472+0000] {dag.py:3947} INFO - Setting next_dagrun for example_local_kubernetes_executor to None, run_after=None
[2026-06-16T23:28:25.492+0000] {processor.py:183} INFO - Processing /home/airflow/.local/lib/python3.12/site-packages/airflow/example_dags/example_local_kubernetes_executor.py took 0.094 seconds
[2026-06-16T23:28:56.171+0000] {processor.py:161} INFO - Started process (PID=1646) to work on /home/airflow/.local/lib/python3.12/site-packages/airflow/example_dags/example_local_kubernetes_executor.py
[2026-06-16T23:28:56.172+0000] {processor.py:830} INFO - Processing file /home/airflow/.local/lib/python3.12/site-packages/airflow/example_dags/example_local_kubernetes_executor.py for tasks to queue
[2026-06-16T23:28:56.174+0000] {logging_mixin.py:188} INFO - [2026-06-16T23:28:56.174+0000] {dagbag.py:545} INFO - Filling up the DagBag from /home/airflow/.local/lib/python3.12/site-packages/airflow/example_dags/example_local_kubernetes_executor.py
[2026-06-16T23:28:56.191+0000] {processor.py:840} INFO - DAG(s) 'example_local_kubernetes_executor' retrieved from /home/airflow/.local/lib/python3.12/site-packages/airflow/example_dags/example_local_kubernetes_executor.py
[2026-06-16T23:28:56.231+0000] {logging_mixin.py:188} INFO - [2026-06-16T23:28:56.231+0000] {dag.py:3089} INFO - Sync 1 DAGs
[2026-06-16T23:28:56.248+0000] {logging_mixin.py:188} INFO - [2026-06-16T23:28:56.247+0000] {dag.py:3947} INFO - Setting next_dagrun for example_local_kubernetes_executor to None, run_after=None
[2026-06-16T23:28:56.266+0000] {processor.py:183} INFO - Processing /home/airflow/.local/lib/python3.12/site-packages/airflow/example_dags/example_local_kubernetes_executor.py took 0.104 seconds
[2026-06-16T23:29:27.197+0000] {processor.py:161} INFO - Started process (PID=1704) to work on /home/airflow/.local/lib/python3.12/site-packages/airflow/example_dags/example_local_kubernetes_executor.py
[2026-06-16T23:29:27.198+0000] {processor.py:830} INFO - Processing file /home/airflow/.local/lib/python3.12/site-packages/airflow/example_dags/example_local_kubernetes_executor.py for tasks to queue
[2026-06-16T23:29:27.200+0000] {logging_mixin.py:188} INFO - [2026-06-16T23:29:27.200+0000] {dagbag.py:545} INFO - Filling up the DagBag from /home/airflow/.local/lib/python3.12/site-packages/airflow/example_dags/example_local_kubernetes_executor.py
[2026-06-16T23:29:27.209+0000] {processor.py:840} INFO - DAG(s) 'example_local_kubernetes_executor' retrieved from /home/airflow/.local/lib/python3.12/site-packages/airflow/example_dags/example_local_kubernetes_executor.py
[2026-06-16T23:29:27.252+0000] {logging_mixin.py:188} INFO - [2026-06-16T23:29:27.251+0000] {dag.py:3089} INFO - Sync 1 DAGs
[2026-06-16T23:29:27.269+0000] {logging_mixin.py:188} INFO - [2026-06-16T23:29:27.269+0000] {dag.py:3947} INFO - Setting next_dagrun for example_local_kubernetes_executor to None, run_after=None
[2026-06-16T23:29:27.291+0000] {processor.py:183} INFO - Processing /home/airflow/.local/lib/python3.12/site-packages/airflow/example_dags/example_local_kubernetes_executor.py took 0.101 seconds
[2026-06-16T23:29:57.581+0000] {processor.py:161} INFO - Started process (PID=1761) to work on /home/airflow/.local/lib/python3.12/site-packages/airflow/example_dags/example_local_kubernetes_executor.py
[2026-06-16T23:29:57.581+0000] {processor.py:830} INFO - Processing file /home/airflow/.local/lib/python3.12/site-packages/airflow/example_dags/example_local_kubernetes_executor.py for tasks to queue
[2026-06-16T23:29:57.583+0000] {logging_mixin.py:188} INFO - [2026-06-16T23:29:57.583+0000] {dagbag.py:545} INFO - Filling up the DagBag from /home/airflow/.local/lib/python3.12/site-packages/airflow/example_dags/example_local_kubernetes_executor.py
[2026-06-16T23:29:57.593+0000] {processor.py:840} INFO - DAG(s) 'example_local_kubernetes_executor' retrieved from /home/airflow/.local/lib/python3.12/site-packages/airflow/example_dags/example_local_kubernetes_executor.py
[2026-06-16T23:29:57.635+0000] {logging_mixin.py:188} INFO - [2026-06-16T23:29:57.634+0000] {dag.py:3089} INFO - Sync 1 DAGs
[2026-06-16T23:29:57.653+0000] {logging_mixin.py:188} INFO - [2026-06-16T23:29:57.652+0000] {dag.py:3947} INFO - Setting next_dagrun for example_local_kubernetes_executor to None, run_after=None
[2026-06-16T23:29:57.674+0000] {processor.py:183} INFO - Processing /home/airflow/.local/lib/python3.12/site-packages/airflow/example_dags/example_local_kubernetes_executor.py took 0.101 seconds
[2026-06-16T23:30:27.951+0000] {processor.py:161} INFO - Started process (PID=1819) to work on /home/airflow/.local/lib/python3.12/site-packages/airflow/example_dags/example_local_kubernetes_executor.py
[2026-06-16T23:30:27.952+0000] {processor.py:830} INFO - Processing file /home/airflow/.local/lib/python3.12/site-packages/airflow/example_dags/example_local_kubernetes_executor.py for tasks to queue
[2026-06-16T23:30:27.954+0000] {logging_mixin.py:188} INFO - [2026-06-16T23:30:27.954+0000] {dagbag.py:545} INFO - Filling up the DagBag from /home/airflow/.local/lib/python3.12/site-packages/airflow/example_dags/example_local_kubernetes_executor.py
[2026-06-16T23:30:27.963+0000] {processor.py:840} INFO - DAG(s) 'example_local_kubernetes_executor' retrieved from /home/airflow/.local/lib/python3.12/site-packages/airflow/example_dags/example_local_kubernetes_executor.py
[2026-06-16T23:30:28.009+0000] {logging_mixin.py:188} INFO - [2026-06-16T23:30:28.009+0000] {dag.py:3089} INFO - Sync 1 DAGs
[2026-06-16T23:30:28.026+0000] {logging_mixin.py:188} INFO - [2026-06-16T23:30:28.026+0000] {dag.py:3947} INFO - Setting next_dagrun for example_local_kubernetes_executor to None, run_after=None
[2026-06-16T23:30:28.047+0000] {processor.py:183} INFO - Processing /home/airflow/.local/lib/python3.12/site-packages/airflow/example_dags/example_local_kubernetes_executor.py took 0.104 seconds
[2026-06-16T23:30:58.818+0000] {processor.py:161} INFO - Started process (PID=1877) to work on /home/airflow/.local/lib/python3.12/site-packages/airflow/example_dags/example_local_kubernetes_executor.py
[2026-06-16T23:30:58.819+0000] {processor.py:830} INFO - Processing file /home/airflow/.local/lib/python3.12/site-packages/airflow/example_dags/example_local_kubernetes_executor.py for tasks to queue
[2026-06-16T23:30:58.821+0000] {logging_mixin.py:188} INFO - [2026-06-16T23:30:58.821+0000] {dagbag.py:545} INFO - Filling up the DagBag from /home/airflow/.local/lib/python3.12/site-packages/airflow/example_dags/example_local_kubernetes_executor.py
[2026-06-16T23:30:58.831+0000] {processor.py:840} INFO - DAG(s) 'example_local_kubernetes_executor' retrieved from /home/airflow/.local/lib/python3.12/site-packages/airflow/example_dags/example_local_kubernetes_executor.py
[2026-06-16T23:30:59.079+0000] {logging_mixin.py:188} INFO - [2026-06-16T23:30:59.079+0000] {dag.py:3089} INFO - Sync 1 DAGs
[2026-06-16T23:30:59.095+0000] {logging_mixin.py:188} INFO - [2026-06-16T23:30:59.094+0000] {dag.py:3947} INFO - Setting next_dagrun for example_local_kubernetes_executor to None, run_after=None
[2026-06-16T23:30:59.113+0000] {processor.py:183} INFO - Processing /home/airflow/.local/lib/python3.12/site-packages/airflow/example_dags/example_local_kubernetes_executor.py took 0.303 seconds
[2026-06-16T23:31:31.324+0000] {processor.py:161} INFO - Started process (PID=1935) to work on /home/airflow/.local/lib/python3.12/site-packages/airflow/example_dags/example_local_kubernetes_executor.py
[2026-06-16T23:31:31.327+0000] {processor.py:830} INFO - Processing file /home/airflow/.local/lib/python3.12/site-packages/airflow/example_dags/example_local_kubernetes_executor.py for tasks to queue
[2026-06-16T23:31:31.332+0000] {logging_mixin.py:188} INFO - [2026-06-16T23:31:31.332+0000] {dagbag.py:545} INFO - Filling up the DagBag from /home/airflow/.local/lib/python3.12/site-packages/airflow/example_dags/example_local_kubernetes_executor.py
[2026-06-16T23:31:31.353+0000] {processor.py:840} INFO - DAG(s) 'example_local_kubernetes_executor' retrieved from /home/airflow/.local/lib/python3.12/site-packages/airflow/example_dags/example_local_kubernetes_executor.py
[2026-06-16T23:31:31.451+0000] {logging_mixin.py:188} INFO - [2026-06-16T23:31:31.451+0000] {dag.py:3089} INFO - Sync 1 DAGs
[2026-06-16T23:31:31.812+0000] {logging_mixin.py:188} INFO - [2026-06-16T23:31:31.812+0000] {dag.py:3947} INFO - Setting next_dagrun for example_local_kubernetes_executor to None, run_after=None
[2026-06-16T23:31:31.841+0000] {processor.py:183} INFO - Processing /home/airflow/.local/lib/python3.12/site-packages/airflow/example_dags/example_local_kubernetes_executor.py took 0.532 seconds
[2026-06-16T23:32:02.535+0000] {processor.py:161} INFO - Started process (PID=1993) to work on /home/airflow/.local/lib/python3.12/site-packages/airflow/example_dags/example_local_kubernetes_executor.py
[2026-06-16T23:32:02.538+0000] {processor.py:830} INFO - Processing file /home/airflow/.local/lib/python3.12/site-packages/airflow/example_dags/example_local_kubernetes_executor.py for tasks to queue
[2026-06-16T23:32:02.543+0000] {logging_mixin.py:188} INFO - [2026-06-16T23:32:02.542+0000] {dagbag.py:545} INFO - Filling up the DagBag from /home/airflow/.local/lib/python3.12/site-packages/airflow/example_dags/example_local_kubernetes_executor.py
[2026-06-16T23:32:02.578+0000] {processor.py:840} INFO - DAG(s) 'example_local_kubernetes_executor' retrieved from /home/airflow/.local/lib/python3.12/site-packages/airflow/example_dags/example_local_kubernetes_executor.py
[2026-06-16T23:32:02.704+0000] {logging_mixin.py:188} INFO - [2026-06-16T23:32:02.704+0000] {dag.py:3089} INFO - Sync 1 DAGs
[2026-06-16T23:32:02.758+0000] {logging_mixin.py:188} INFO - [2026-06-16T23:32:02.758+0000] {dag.py:3947} INFO - Setting next_dagrun for example_local_kubernetes_executor to None, run_after=None
[2026-06-16T23:32:02.851+0000] {processor.py:183} INFO - Processing /home/airflow/.local/lib/python3.12/site-packages/airflow/example_dags/example_local_kubernetes_executor.py took 0.338 seconds
[2026-06-16T23:32:33.108+0000] {processor.py:161} INFO - Started process (PID=2051) to work on /home/airflow/.local/lib/python3.12/site-packages/airflow/example_dags/example_local_kubernetes_executor.py
[2026-06-16T23:32:33.115+0000] {processor.py:830} INFO - Processing file /home/airflow/.local/lib/python3.12/site-packages/airflow/example_dags/example_local_kubernetes_executor.py for tasks to queue
[2026-06-16T23:32:33.121+0000] {logging_mixin.py:188} INFO - [2026-06-16T23:32:33.121+0000] {dagbag.py:545} INFO - Filling up the DagBag from /home/airflow/.local/lib/python3.12/site-packages/airflow/example_dags/example_local_kubernetes_executor.py
[2026-06-16T23:32:33.157+0000] {processor.py:840} INFO - DAG(s) 'example_local_kubernetes_executor' retrieved from /home/airflow/.local/lib/python3.12/site-packages/airflow/example_dags/example_local_kubernetes_executor.py
[2026-06-16T23:32:33.277+0000] {logging_mixin.py:188} INFO - [2026-06-16T23:32:33.277+0000] {dag.py:3089} INFO - Sync 1 DAGs
[2026-06-16T23:32:33.324+0000] {logging_mixin.py:188} INFO - [2026-06-16T23:32:33.324+0000] {dag.py:3947} INFO - Setting next_dagrun for example_local_kubernetes_executor to None, run_after=None
[2026-06-16T23:32:33.395+0000] {processor.py:183} INFO - Processing /home/airflow/.local/lib/python3.12/site-packages/airflow/example_dags/example_local_kubernetes_executor.py took 0.318 seconds
[2026-06-16T23:33:03.615+0000] {processor.py:161} INFO - Started process (PID=2109) to work on /home/airflow/.local/lib/python3.12/site-packages/airflow/example_dags/example_local_kubernetes_executor.py
[2026-06-16T23:33:03.616+0000] {processor.py:830} INFO - Processing file /home/airflow/.local/lib/python3.12/site-packages/airflow/example_dags/example_local_kubernetes_executor.py for tasks to queue
[2026-06-16T23:33:03.618+0000] {logging_mixin.py:188} INFO - [2026-06-16T23:33:03.618+0000] {dagbag.py:545} INFO - Filling up the DagBag from /home/airflow/.local/lib/python3.12/site-packages/airflow/example_dags/example_local_kubernetes_executor.py
[2026-06-16T23:33:03.627+0000] {processor.py:840} INFO - DAG(s) 'example_local_kubernetes_executor' retrieved from /home/airflow/.local/lib/python3.12/site-packages/airflow/example_dags/example_local_kubernetes_executor.py
[2026-06-16T23:33:03.671+0000] {logging_mixin.py:188} INFO - [2026-06-16T23:33:03.671+0000] {dag.py:3089} INFO - Sync 1 DAGs
[2026-06-16T23:33:03.687+0000] {logging_mixin.py:188} INFO - [2026-06-16T23:33:03.687+0000] {dag.py:3947} INFO - Setting next_dagrun for example_local_kubernetes_executor to None, run_after=None
[2026-06-16T23:33:03.707+0000] {processor.py:183} INFO - Processing /home/airflow/.local/lib/python3.12/site-packages/airflow/example_dags/example_local_kubernetes_executor.py took 0.099 seconds
[2026-06-16T23:33:34.128+0000] {processor.py:161} INFO - Started process (PID=2167) to work on /home/airflow/.local/lib/python3.12/site-packages/airflow/example_dags/example_local_kubernetes_executor.py
[2026-06-16T23:33:34.129+0000] {processor.py:830} INFO - Processing file /home/airflow/.local/lib/python3.12/site-packages/airflow/example_dags/example_local_kubernetes_executor.py for tasks to queue
[2026-06-16T23:33:34.132+0000] {logging_mixin.py:188} INFO - [2026-06-16T23:33:34.131+0000] {dagbag.py:545} INFO - Filling up the DagBag from /home/airflow/.local/lib/python3.12/site-packages/airflow/example_dags/example_local_kubernetes_executor.py
[2026-06-16T23:33:34.141+0000] {processor.py:840} INFO - DAG(s) 'example_local_kubernetes_executor' retrieved from /home/airflow/.local/lib/python3.12/site-packages/airflow/example_dags/example_local_kubernetes_executor.py
[2026-06-16T23:33:34.189+0000] {logging_mixin.py:188} INFO - [2026-06-16T23:33:34.189+0000] {dag.py:3089} INFO - Sync 1 DAGs
[2026-06-16T23:33:34.205+0000] {logging_mixin.py:188} INFO - [2026-06-16T23:33:34.205+0000] {dag.py:3947} INFO - Setting next_dagrun for example_local_kubernetes_executor to None, run_after=None
[2026-06-16T23:33:34.224+0000] {processor.py:183} INFO - Processing /home/airflow/.local/lib/python3.12/site-packages/airflow/example_dags/example_local_kubernetes_executor.py took 0.103 seconds
[2026-06-16T23:34:04.517+0000] {processor.py:161} INFO - Started process (PID=2226) to work on /home/airflow/.local/lib/python3.12/site-packages/airflow/example_dags/example_local_kubernetes_executor.py
[2026-06-16T23:34:04.518+0000] {processor.py:830} INFO - Processing file /home/airflow/.local/lib/python3.12/site-packages/airflow/example_dags/example_local_kubernetes_executor.py for tasks to queue
[2026-06-16T23:34:04.520+0000] {logging_mixin.py:188} INFO - [2026-06-16T23:34:04.520+0000] {dagbag.py:545} INFO - Filling up the DagBag from /home/airflow/.local/lib/python3.12/site-packages/airflow/example_dags/example_local_kubernetes_executor.py
[2026-06-16T23:34:04.530+0000] {processor.py:840} INFO - DAG(s) 'example_local_kubernetes_executor' retrieved from /home/airflow/.local/lib/python3.12/site-packages/airflow/example_dags/example_local_kubernetes_executor.py
[2026-06-16T23:34:04.573+0000] {logging_mixin.py:188} INFO - [2026-06-16T23:34:04.573+0000] {dag.py:3089} INFO - Sync 1 DAGs
[2026-06-16T23:34:04.589+0000] {logging_mixin.py:188} INFO - [2026-06-16T23:34:04.589+0000] {dag.py:3947} INFO - Setting next_dagrun for example_local_kubernetes_executor to None, run_after=None
[2026-06-16T23:34:04.607+0000] {processor.py:183} INFO - Processing /home/airflow/.local/lib/python3.12/site-packages/airflow/example_dags/example_local_kubernetes_executor.py took 0.097 seconds
[2026-06-16T23:34:34.694+0000] {processor.py:161} INFO - Started process (PID=2283) to work on /home/airflow/.local/lib/python3.12/site-packages/airflow/example_dags/example_local_kubernetes_executor.py
[2026-06-16T23:34:34.696+0000] {processor.py:830} INFO - Processing file /home/airflow/.local/lib/python3.12/site-packages/airflow/example_dags/example_local_kubernetes_executor.py for tasks to queue
[2026-06-16T23:34:34.698+0000] {logging_mixin.py:188} INFO - [2026-06-16T23:34:34.697+0000] {dagbag.py:545} INFO - Filling up the DagBag from /home/airflow/.local/lib/python3.12/site-packages/airflow/example_dags/example_local_kubernetes_executor.py
[2026-06-16T23:34:34.706+0000] {processor.py:840} INFO - DAG(s) 'example_local_kubernetes_executor' retrieved from /home/airflow/.local/lib/python3.12/site-packages/airflow/example_dags/example_local_kubernetes_executor.py
[2026-06-16T23:34:34.748+0000] {logging_mixin.py:188} INFO - [2026-06-16T23:34:34.748+0000] {dag.py:3089} INFO - Sync 1 DAGs
[2026-06-16T23:34:34.764+0000] {logging_mixin.py:188} INFO - [2026-06-16T23:34:34.764+0000] {dag.py:3947} INFO - Setting next_dagrun for example_local_kubernetes_executor to None, run_after=None
[2026-06-16T23:34:34.790+0000] {processor.py:183} INFO - Processing /home/airflow/.local/lib/python3.12/site-packages/airflow/example_dags/example_local_kubernetes_executor.py took 0.103 seconds
[2026-06-16T23:35:04.860+0000] {processor.py:161} INFO - Started process (PID=2341) to work on /home/airflow/.local/lib/python3.12/site-packages/airflow/example_dags/example_local_kubernetes_executor.py
[2026-06-16T23:35:04.861+0000] {processor.py:830} INFO - Processing file /home/airflow/.local/lib/python3.12/site-packages/airflow/example_dags/example_local_kubernetes_executor.py for tasks to queue
[2026-06-16T23:35:04.863+0000] {logging_mixin.py:188} INFO - [2026-06-16T23:35:04.862+0000] {dagbag.py:545} INFO - Filling up the DagBag from /home/airflow/.local/lib/python3.12/site-packages/airflow/example_dags/example_local_kubernetes_executor.py
[2026-06-16T23:35:04.872+0000] {processor.py:840} INFO - DAG(s) 'example_local_kubernetes_executor' retrieved from /home/airflow/.local/lib/python3.12/site-packages/airflow/example_dags/example_local_kubernetes_executor.py
[2026-06-16T23:35:04.915+0000] {logging_mixin.py:188} INFO - [2026-06-16T23:35:04.915+0000] {dag.py:3089} INFO - Sync 1 DAGs
[2026-06-16T23:35:04.931+0000] {logging_mixin.py:188} INFO - [2026-06-16T23:35:04.931+0000] {dag.py:3947} INFO - Setting next_dagrun for example_local_kubernetes_executor to None, run_after=None
[2026-06-16T23:35:04.949+0000] {processor.py:183} INFO - Processing /home/airflow/.local/lib/python3.12/site-packages/airflow/example_dags/example_local_kubernetes_executor.py took 0.096 seconds
[2026-06-16T23:35:35.214+0000] {processor.py:161} INFO - Started process (PID=2399) to work on /home/airflow/.local/lib/python3.12/site-packages/airflow/example_dags/example_local_kubernetes_executor.py
[2026-06-16T23:35:35.215+0000] {processor.py:830} INFO - Processing file /home/airflow/.local/lib/python3.12/site-packages/airflow/example_dags/example_local_kubernetes_executor.py for tasks to queue
[2026-06-16T23:35:35.217+0000] {logging_mixin.py:188} INFO - [2026-06-16T23:35:35.216+0000] {dagbag.py:545} INFO - Filling up the DagBag from /home/airflow/.local/lib/python3.12/site-packages/airflow/example_dags/example_local_kubernetes_executor.py
[2026-06-16T23:35:35.226+0000] {processor.py:840} INFO - DAG(s) 'example_local_kubernetes_executor' retrieved from /home/airflow/.local/lib/python3.12/site-packages/airflow/example_dags/example_local_kubernetes_executor.py
[2026-06-16T23:35:35.267+0000] {logging_mixin.py:188} INFO - [2026-06-16T23:35:35.267+0000] {dag.py:3089} INFO - Sync 1 DAGs
[2026-06-16T23:35:35.284+0000] {logging_mixin.py:188} INFO - [2026-06-16T23:35:35.283+0000] {dag.py:3947} INFO - Setting next_dagrun for example_local_kubernetes_executor to None, run_after=None
[2026-06-16T23:35:35.304+0000] {processor.py:183} INFO - Processing /home/airflow/.local/lib/python3.12/site-packages/airflow/example_dags/example_local_kubernetes_executor.py took 0.097 seconds
[2026-06-16T23:36:05.490+0000] {processor.py:161} INFO - Started process (PID=2457) to work on /home/airflow/.local/lib/python3.12/site-packages/airflow/example_dags/example_local_kubernetes_executor.py
[2026-06-16T23:36:05.493+0000] {processor.py:830} INFO - Processing file /home/airflow/.local/lib/python3.12/site-packages/airflow/example_dags/example_local_kubernetes_executor.py for tasks to queue
[2026-06-16T23:36:05.496+0000] {logging_mixin.py:188} INFO - [2026-06-16T23:36:05.495+0000] {dagbag.py:545} INFO - Filling up the DagBag from /home/airflow/.local/lib/python3.12/site-packages/airflow/example_dags/example_local_kubernetes_executor.py
[2026-06-16T23:36:05.505+0000] {processor.py:840} INFO - DAG(s) 'example_local_kubernetes_executor' retrieved from /home/airflow/.local/lib/python3.12/site-packages/airflow/example_dags/example_local_kubernetes_executor.py
[2026-06-16T23:36:05.553+0000] {logging_mixin.py:188} INFO - [2026-06-16T23:36:05.552+0000] {dag.py:3089} INFO - Sync 1 DAGs
[2026-06-16T23:36:05.571+0000] {logging_mixin.py:188} INFO - [2026-06-16T23:36:05.570+0000] {dag.py:3947} INFO - Setting next_dagrun for example_local_kubernetes_executor to None, run_after=None
[2026-06-16T23:36:05.590+0000] {processor.py:183} INFO - Processing /home/airflow/.local/lib/python3.12/site-packages/airflow/example_dags/example_local_kubernetes_executor.py took 0.107 seconds
[2026-06-16T23:36:35.973+0000] {processor.py:161} INFO - Started process (PID=2515) to work on /home/airflow/.local/lib/python3.12/site-packages/airflow/example_dags/example_local_kubernetes_executor.py
[2026-06-16T23:36:35.974+0000] {processor.py:830} INFO - Processing file /home/airflow/.local/lib/python3.12/site-packages/airflow/example_dags/example_local_kubernetes_executor.py for tasks to queue
[2026-06-16T23:36:35.976+0000] {logging_mixin.py:188} INFO - [2026-06-16T23:36:35.976+0000] {dagbag.py:545} INFO - Filling up the DagBag from /home/airflow/.local/lib/python3.12/site-packages/airflow/example_dags/example_local_kubernetes_executor.py
[2026-06-16T23:36:35.985+0000] {processor.py:840} INFO - DAG(s) 'example_local_kubernetes_executor' retrieved from /home/airflow/.local/lib/python3.12/site-packages/airflow/example_dags/example_local_kubernetes_executor.py
[2026-06-16T23:36:36.026+0000] {logging_mixin.py:188} INFO - [2026-06-16T23:36:36.025+0000] {dag.py:3089} INFO - Sync 1 DAGs
[2026-06-16T23:36:36.043+0000] {logging_mixin.py:188} INFO - [2026-06-16T23:36:36.043+0000] {dag.py:3947} INFO - Setting next_dagrun for example_local_kubernetes_executor to None, run_after=None
[2026-06-16T23:36:36.062+0000] {processor.py:183} INFO - Processing /home/airflow/.local/lib/python3.12/site-packages/airflow/example_dags/example_local_kubernetes_executor.py took 0.096 seconds
[2026-06-16T23:37:06.325+0000] {processor.py:161} INFO - Started process (PID=2573) to work on /home/airflow/.local/lib/python3.12/site-packages/airflow/example_dags/example_local_kubernetes_executor.py
[2026-06-16T23:37:06.326+0000] {processor.py:830} INFO - Processing file /home/airflow/.local/lib/python3.12/site-packages/airflow/example_dags/example_local_kubernetes_executor.py for tasks to queue
[2026-06-16T23:37:06.329+0000] {logging_mixin.py:188} INFO - [2026-06-16T23:37:06.328+0000] {dagbag.py:545} INFO - Filling up the DagBag from /home/airflow/.local/lib/python3.12/site-packages/airflow/example_dags/example_local_kubernetes_executor.py
[2026-06-16T23:37:06.338+0000] {processor.py:840} INFO - DAG(s) 'example_local_kubernetes_executor' retrieved from /home/airflow/.local/lib/python3.12/site-packages/airflow/example_dags/example_local_kubernetes_executor.py
[2026-06-16T23:37:06.384+0000] {logging_mixin.py:188} INFO - [2026-06-16T23:37:06.384+0000] {dag.py:3089} INFO - Sync 1 DAGs
[2026-06-16T23:37:06.401+0000] {logging_mixin.py:188} INFO - [2026-06-16T23:37:06.400+0000] {dag.py:3947} INFO - Setting next_dagrun for example_local_kubernetes_executor to None, run_after=None
[2026-06-16T23:37:06.420+0000] {processor.py:183} INFO - Processing /home/airflow/.local/lib/python3.12/site-packages/airflow/example_dags/example_local_kubernetes_executor.py took 0.102 seconds
[2026-06-16T23:37:36.918+0000] {processor.py:161} INFO - Started process (PID=2631) to work on /home/airflow/.local/lib/python3.12/site-packages/airflow/example_dags/example_local_kubernetes_executor.py
[2026-06-16T23:37:36.921+0000] {processor.py:830} INFO - Processing file /home/airflow/.local/lib/python3.12/site-packages/airflow/example_dags/example_local_kubernetes_executor.py for tasks to queue
[2026-06-16T23:37:36.924+0000] {logging_mixin.py:188} INFO - [2026-06-16T23:37:36.924+0000] {dagbag.py:545} INFO - Filling up the DagBag from /home/airflow/.local/lib/python3.12/site-packages/airflow/example_dags/example_local_kubernetes_executor.py
[2026-06-16T23:37:36.948+0000] {processor.py:840} INFO - DAG(s) 'example_local_kubernetes_executor' retrieved from /home/airflow/.local/lib/python3.12/site-packages/airflow/example_dags/example_local_kubernetes_executor.py
[2026-06-16T23:37:37.049+0000] {logging_mixin.py:188} INFO - [2026-06-16T23:37:37.049+0000] {dag.py:3089} INFO - Sync 1 DAGs
[2026-06-16T23:37:37.086+0000] {logging_mixin.py:188} INFO - [2026-06-16T23:37:37.086+0000] {dag.py:3947} INFO - Setting next_dagrun for example_local_kubernetes_executor to None, run_after=None
[2026-06-16T23:37:37.137+0000] {processor.py:183} INFO - Processing /home/airflow/.local/lib/python3.12/site-packages/airflow/example_dags/example_local_kubernetes_executor.py took 0.234 seconds
[2026-06-16T23:38:07.238+0000] {processor.py:161} INFO - Started process (PID=2690) to work on /home/airflow/.local/lib/python3.12/site-packages/airflow/example_dags/example_local_kubernetes_executor.py
[2026-06-16T23:38:07.239+0000] {processor.py:830} INFO - Processing file /home/airflow/.local/lib/python3.12/site-packages/airflow/example_dags/example_local_kubernetes_executor.py for tasks to queue
[2026-06-16T23:38:07.245+0000] {logging_mixin.py:188} INFO - [2026-06-16T23:38:07.244+0000] {dagbag.py:545} INFO - Filling up the DagBag from /home/airflow/.local/lib/python3.12/site-packages/airflow/example_dags/example_local_kubernetes_executor.py
[2026-06-16T23:38:07.261+0000] {processor.py:840} INFO - DAG(s) 'example_local_kubernetes_executor' retrieved from /home/airflow/.local/lib/python3.12/site-packages/airflow/example_dags/example_local_kubernetes_executor.py
[2026-06-16T23:38:07.308+0000] {logging_mixin.py:188} INFO - [2026-06-16T23:38:07.307+0000] {dag.py:3089} INFO - Sync 1 DAGs
[2026-06-16T23:38:07.324+0000] {logging_mixin.py:188} INFO - [2026-06-16T23:38:07.324+0000] {dag.py:3947} INFO - Setting next_dagrun for example_local_kubernetes_executor to None, run_after=None
[2026-06-16T23:38:07.344+0000] {processor.py:183} INFO - Processing /home/airflow/.local/lib/python3.12/site-packages/airflow/example_dags/example_local_kubernetes_executor.py took 0.127 seconds
[2026-06-16T23:38:37.472+0000] {processor.py:161} INFO - Started process (PID=2748) to work on /home/airflow/.local/lib/python3.12/site-packages/airflow/example_dags/example_local_kubernetes_executor.py
[2026-06-16T23:38:37.477+0000] {processor.py:830} INFO - Processing file /home/airflow/.local/lib/python3.12/site-packages/airflow/example_dags/example_local_kubernetes_executor.py for tasks to queue
[2026-06-16T23:38:37.481+0000] {logging_mixin.py:188} INFO - [2026-06-16T23:38:37.481+0000] {dagbag.py:545} INFO - Filling up the DagBag from /home/airflow/.local/lib/python3.12/site-packages/airflow/example_dags/example_local_kubernetes_executor.py
[2026-06-16T23:38:37.516+0000] {processor.py:840} INFO - DAG(s) 'example_local_kubernetes_executor' retrieved from /home/airflow/.local/lib/python3.12/site-packages/airflow/example_dags/example_local_kubernetes_executor.py
[2026-06-16T23:38:37.580+0000] {logging_mixin.py:188} INFO - [2026-06-16T23:38:37.580+0000] {dag.py:3089} INFO - Sync 1 DAGs
[2026-06-16T23:38:37.611+0000] {logging_mixin.py:188} INFO - [2026-06-16T23:38:37.611+0000] {dag.py:3947} INFO - Setting next_dagrun for example_local_kubernetes_executor to None, run_after=None
[2026-06-16T23:38:37.657+0000] {processor.py:183} INFO - Processing /home/airflow/.local/lib/python3.12/site-packages/airflow/example_dags/example_local_kubernetes_executor.py took 0.211 seconds
[2026-06-16T23:39:07.842+0000] {processor.py:161} INFO - Started process (PID=2806) to work on /home/airflow/.local/lib/python3.12/site-packages/airflow/example_dags/example_local_kubernetes_executor.py
[2026-06-16T23:39:07.843+0000] {processor.py:830} INFO - Processing file /home/airflow/.local/lib/python3.12/site-packages/airflow/example_dags/example_local_kubernetes_executor.py for tasks to queue
[2026-06-16T23:39:07.845+0000] {logging_mixin.py:188} INFO - [2026-06-16T23:39:07.845+0000] {dagbag.py:545} INFO - Filling up the DagBag from /home/airflow/.local/lib/python3.12/site-packages/airflow/example_dags/example_local_kubernetes_executor.py
[2026-06-16T23:39:07.853+0000] {processor.py:840} INFO - DAG(s) 'example_local_kubernetes_executor' retrieved from /home/airflow/.local/lib/python3.12/site-packages/airflow/example_dags/example_local_kubernetes_executor.py
[2026-06-16T23:39:07.892+0000] {logging_mixin.py:188} INFO - [2026-06-16T23:39:07.892+0000] {dag.py:3089} INFO - Sync 1 DAGs
[2026-06-16T23:39:07.908+0000] {logging_mixin.py:188} INFO - [2026-06-16T23:39:07.908+0000] {dag.py:3947} INFO - Setting next_dagrun for example_local_kubernetes_executor to None, run_after=None
[2026-06-16T23:39:07.927+0000] {processor.py:183} INFO - Processing /home/airflow/.local/lib/python3.12/site-packages/airflow/example_dags/example_local_kubernetes_executor.py took 0.092 seconds
[2026-06-16T23:39:38.136+0000] {processor.py:161} INFO - Started process (PID=2864) to work on /home/airflow/.local/lib/python3.12/site-packages/airflow/example_dags/example_local_kubernetes_executor.py
[2026-06-16T23:39:38.138+0000] {processor.py:830} INFO - Processing file /home/airflow/.local/lib/python3.12/site-packages/airflow/example_dags/example_local_kubernetes_executor.py for tasks to queue
[2026-06-16T23:39:38.140+0000] {logging_mixin.py:188} INFO - [2026-06-16T23:39:38.139+0000] {dagbag.py:545} INFO - Filling up the DagBag from /home/airflow/.local/lib/python3.12/site-packages/airflow/example_dags/example_local_kubernetes_executor.py
[2026-06-16T23:39:38.153+0000] {processor.py:840} INFO - DAG(s) 'example_local_kubernetes_executor' retrieved from /home/airflow/.local/lib/python3.12/site-packages/airflow/example_dags/example_local_kubernetes_executor.py
[2026-06-16T23:39:38.193+0000] {logging_mixin.py:188} INFO - [2026-06-16T23:39:38.193+0000] {dag.py:3089} INFO - Sync 1 DAGs
[2026-06-16T23:39:38.209+0000] {logging_mixin.py:188} INFO - [2026-06-16T23:39:38.208+0000] {dag.py:3947} INFO - Setting next_dagrun for example_local_kubernetes_executor to None, run_after=None
[2026-06-16T23:39:38.229+0000] {processor.py:183} INFO - Processing /home/airflow/.local/lib/python3.12/site-packages/airflow/example_dags/example_local_kubernetes_executor.py took 0.099 seconds
[2026-06-16T23:40:08.301+0000] {processor.py:161} INFO - Started process (PID=2920) to work on /home/airflow/.local/lib/python3.12/site-packages/airflow/example_dags/example_local_kubernetes_executor.py
[2026-06-16T23:40:08.302+0000] {processor.py:830} INFO - Processing file /home/airflow/.local/lib/python3.12/site-packages/airflow/example_dags/example_local_kubernetes_executor.py for tasks to queue
[2026-06-16T23:40:08.304+0000] {logging_mixin.py:188} INFO - [2026-06-16T23:40:08.304+0000] {dagbag.py:545} INFO - Filling up the DagBag from /home/airflow/.local/lib/python3.12/site-packages/airflow/example_dags/example_local_kubernetes_executor.py
[2026-06-16T23:40:08.314+0000] {processor.py:840} INFO - DAG(s) 'example_local_kubernetes_executor' retrieved from /home/airflow/.local/lib/python3.12/site-packages/airflow/example_dags/example_local_kubernetes_executor.py
[2026-06-16T23:40:08.358+0000] {logging_mixin.py:188} INFO - [2026-06-16T23:40:08.358+0000] {dag.py:3089} INFO - Sync 1 DAGs
[2026-06-16T23:40:08.374+0000] {logging_mixin.py:188} INFO - [2026-06-16T23:40:08.373+0000] {dag.py:3947} INFO - Setting next_dagrun for example_local_kubernetes_executor to None, run_after=None
[2026-06-16T23:40:08.392+0000] {processor.py:183} INFO - Processing /home/airflow/.local/lib/python3.12/site-packages/airflow/example_dags/example_local_kubernetes_executor.py took 0.098 seconds
[2026-06-16T23:40:38.673+0000] {processor.py:161} INFO - Started process (PID=2977) to work on /home/airflow/.local/lib/python3.12/site-packages/airflow/example_dags/example_local_kubernetes_executor.py
[2026-06-16T23:40:38.676+0000] {processor.py:830} INFO - Processing file /home/airflow/.local/lib/python3.12/site-packages/airflow/example_dags/example_local_kubernetes_executor.py for tasks to queue
[2026-06-16T23:40:38.679+0000] {logging_mixin.py:188} INFO - [2026-06-16T23:40:38.678+0000] {dagbag.py:545} INFO - Filling up the DagBag from /home/airflow/.local/lib/python3.12/site-packages/airflow/example_dags/example_local_kubernetes_executor.py
[2026-06-16T23:40:38.726+0000] {processor.py:840} INFO - DAG(s) 'example_local_kubernetes_executor' retrieved from /home/airflow/.local/lib/python3.12/site-packages/airflow/example_dags/example_local_kubernetes_executor.py
[2026-06-16T23:40:38.772+0000] {logging_mixin.py:188} INFO - [2026-06-16T23:40:38.772+0000] {dag.py:3089} INFO - Sync 1 DAGs
[2026-06-16T23:40:38.792+0000] {logging_mixin.py:188} INFO - [2026-06-16T23:40:38.792+0000] {dag.py:3947} INFO - Setting next_dagrun for example_local_kubernetes_executor to None, run_after=None
[2026-06-16T23:40:38.815+0000] {processor.py:183} INFO - Processing /home/airflow/.local/lib/python3.12/site-packages/airflow/example_dags/example_local_kubernetes_executor.py took 0.162 seconds
[2026-06-16T23:41:09.191+0000] {processor.py:161} INFO - Started process (PID=3035) to work on /home/airflow/.local/lib/python3.12/site-packages/airflow/example_dags/example_local_kubernetes_executor.py
[2026-06-16T23:41:09.192+0000] {processor.py:830} INFO - Processing file /home/airflow/.local/lib/python3.12/site-packages/airflow/example_dags/example_local_kubernetes_executor.py for tasks to queue
[2026-06-16T23:41:09.194+0000] {logging_mixin.py:188} INFO - [2026-06-16T23:41:09.193+0000] {dagbag.py:545} INFO - Filling up the DagBag from /home/airflow/.local/lib/python3.12/site-packages/airflow/example_dags/example_local_kubernetes_executor.py
[2026-06-16T23:41:09.203+0000] {processor.py:840} INFO - DAG(s) 'example_local_kubernetes_executor' retrieved from /home/airflow/.local/lib/python3.12/site-packages/airflow/example_dags/example_local_kubernetes_executor.py
[2026-06-16T23:41:09.252+0000] {logging_mixin.py:188} INFO - [2026-06-16T23:41:09.251+0000] {dag.py:3089} INFO - Sync 1 DAGs
[2026-06-16T23:41:09.270+0000] {logging_mixin.py:188} INFO - [2026-06-16T23:41:09.270+0000] {dag.py:3947} INFO - Setting next_dagrun for example_local_kubernetes_executor to None, run_after=None
[2026-06-16T23:41:09.289+0000] {processor.py:183} INFO - Processing /home/airflow/.local/lib/python3.12/site-packages/airflow/example_dags/example_local_kubernetes_executor.py took 0.106 seconds
[2026-06-16T23:41:39.575+0000] {processor.py:161} INFO - Started process (PID=3092) to work on /home/airflow/.local/lib/python3.12/site-packages/airflow/example_dags/example_local_kubernetes_executor.py
[2026-06-16T23:41:39.576+0000] {processor.py:830} INFO - Processing file /home/airflow/.local/lib/python3.12/site-packages/airflow/example_dags/example_local_kubernetes_executor.py for tasks to queue
[2026-06-16T23:41:39.577+0000] {logging_mixin.py:188} INFO - [2026-06-16T23:41:39.577+0000] {dagbag.py:545} INFO - Filling up the DagBag from /home/airflow/.local/lib/python3.12/site-packages/airflow/example_dags/example_local_kubernetes_executor.py
[2026-06-16T23:41:39.587+0000] {processor.py:840} INFO - DAG(s) 'example_local_kubernetes_executor' retrieved from /home/airflow/.local/lib/python3.12/site-packages/airflow/example_dags/example_local_kubernetes_executor.py
[2026-06-16T23:41:39.630+0000] {logging_mixin.py:188} INFO - [2026-06-16T23:41:39.629+0000] {dag.py:3089} INFO - Sync 1 DAGs
[2026-06-16T23:41:39.649+0000] {logging_mixin.py:188} INFO - [2026-06-16T23:41:39.649+0000] {dag.py:3947} INFO - Setting next_dagrun for example_local_kubernetes_executor to None, run_after=None
[2026-06-16T23:41:39.668+0000] {processor.py:183} INFO - Processing /home/airflow/.local/lib/python3.12/site-packages/airflow/example_dags/example_local_kubernetes_executor.py took 0.101 seconds
[2026-06-16T23:42:10.202+0000] {processor.py:161} INFO - Started process (PID=3150) to work on /home/airflow/.local/lib/python3.12/site-packages/airflow/example_dags/example_local_kubernetes_executor.py
[2026-06-16T23:42:10.205+0000] {processor.py:830} INFO - Processing file /home/airflow/.local/lib/python3.12/site-packages/airflow/example_dags/example_local_kubernetes_executor.py for tasks to queue
[2026-06-16T23:42:10.207+0000] {logging_mixin.py:188} INFO - [2026-06-16T23:42:10.206+0000] {dagbag.py:545} INFO - Filling up the DagBag from /home/airflow/.local/lib/python3.12/site-packages/airflow/example_dags/example_local_kubernetes_executor.py
[2026-06-16T23:42:10.216+0000] {processor.py:840} INFO - DAG(s) 'example_local_kubernetes_executor' retrieved from /home/airflow/.local/lib/python3.12/site-packages/airflow/example_dags/example_local_kubernetes_executor.py
[2026-06-16T23:42:10.280+0000] {logging_mixin.py:188} INFO - [2026-06-16T23:42:10.280+0000] {dag.py:3089} INFO - Sync 1 DAGs
[2026-06-16T23:42:10.295+0000] {logging_mixin.py:188} INFO - [2026-06-16T23:42:10.295+0000] {dag.py:3947} INFO - Setting next_dagrun for example_local_kubernetes_executor to None, run_after=None
[2026-06-16T23:42:10.316+0000] {processor.py:183} INFO - Processing /home/airflow/.local/lib/python3.12/site-packages/airflow/example_dags/example_local_kubernetes_executor.py took 0.122 seconds
[2026-06-16T23:42:40.574+0000] {processor.py:161} INFO - Started process (PID=3208) to work on /home/airflow/.local/lib/python3.12/site-packages/airflow/example_dags/example_local_kubernetes_executor.py
[2026-06-16T23:42:40.575+0000] {processor.py:830} INFO - Processing file /home/airflow/.local/lib/python3.12/site-packages/airflow/example_dags/example_local_kubernetes_executor.py for tasks to queue
[2026-06-16T23:42:40.577+0000] {logging_mixin.py:188} INFO - [2026-06-16T23:42:40.577+0000] {dagbag.py:545} INFO - Filling up the DagBag from /home/airflow/.local/lib/python3.12/site-packages/airflow/example_dags/example_local_kubernetes_executor.py
[2026-06-16T23:42:40.587+0000] {processor.py:840} INFO - DAG(s) 'example_local_kubernetes_executor' retrieved from /home/airflow/.local/lib/python3.12/site-packages/airflow/example_dags/example_local_kubernetes_executor.py
[2026-06-16T23:42:40.634+0000] {logging_mixin.py:188} INFO - [2026-06-16T23:42:40.633+0000] {dag.py:3089} INFO - Sync 1 DAGs
[2026-06-16T23:42:40.649+0000] {logging_mixin.py:188} INFO - [2026-06-16T23:42:40.649+0000] {dag.py:3947} INFO - Setting next_dagrun for example_local_kubernetes_executor to None, run_after=None
[2026-06-16T23:42:40.668+0000] {processor.py:183} INFO - Processing /home/airflow/.local/lib/python3.12/site-packages/airflow/example_dags/example_local_kubernetes_executor.py took 0.101 seconds
[2026-06-16T23:43:11.485+0000] {processor.py:161} INFO - Started process (PID=3265) to work on /home/airflow/.local/lib/python3.12/site-packages/airflow/example_dags/example_local_kubernetes_executor.py
[2026-06-16T23:43:11.486+0000] {processor.py:830} INFO - Processing file /home/airflow/.local/lib/python3.12/site-packages/airflow/example_dags/example_local_kubernetes_executor.py for tasks to queue
[2026-06-16T23:43:11.490+0000] {logging_mixin.py:188} INFO - [2026-06-16T23:43:11.489+0000] {dagbag.py:545} INFO - Filling up the DagBag from /home/airflow/.local/lib/python3.12/site-packages/airflow/example_dags/example_local_kubernetes_executor.py
[2026-06-16T23:43:11.500+0000] {processor.py:840} INFO - DAG(s) 'example_local_kubernetes_executor' retrieved from /home/airflow/.local/lib/python3.12/site-packages/airflow/example_dags/example_local_kubernetes_executor.py
[2026-06-16T23:43:11.542+0000] {logging_mixin.py:188} INFO - [2026-06-16T23:43:11.542+0000] {dag.py:3089} INFO - Sync 1 DAGs
[2026-06-16T23:43:11.559+0000] {logging_mixin.py:188} INFO - [2026-06-16T23:43:11.558+0000] {dag.py:3947} INFO - Setting next_dagrun for example_local_kubernetes_executor to None, run_after=None
[2026-06-16T23:43:11.577+0000] {processor.py:183} INFO - Processing /home/airflow/.local/lib/python3.12/site-packages/airflow/example_dags/example_local_kubernetes_executor.py took 0.099 seconds
[2026-06-16T23:43:42.034+0000] {processor.py:161} INFO - Started process (PID=3323) to work on /home/airflow/.local/lib/python3.12/site-packages/airflow/example_dags/example_local_kubernetes_executor.py
[2026-06-16T23:43:42.035+0000] {processor.py:830} INFO - Processing file /home/airflow/.local/lib/python3.12/site-packages/airflow/example_dags/example_local_kubernetes_executor.py for tasks to queue
[2026-06-16T23:43:42.037+0000] {logging_mixin.py:188} INFO - [2026-06-16T23:43:42.036+0000] {dagbag.py:545} INFO - Filling up the DagBag from /home/airflow/.local/lib/python3.12/site-packages/airflow/example_dags/example_local_kubernetes_executor.py
[2026-06-16T23:43:42.046+0000] {processor.py:840} INFO - DAG(s) 'example_local_kubernetes_executor' retrieved from /home/airflow/.local/lib/python3.12/site-packages/airflow/example_dags/example_local_kubernetes_executor.py
[2026-06-16T23:43:42.100+0000] {logging_mixin.py:188} INFO - [2026-06-16T23:43:42.100+0000] {dag.py:3089} INFO - Sync 1 DAGs
[2026-06-16T23:43:42.117+0000] {logging_mixin.py:188} INFO - [2026-06-16T23:43:42.117+0000] {dag.py:3947} INFO - Setting next_dagrun for example_local_kubernetes_executor to None, run_after=None
[2026-06-16T23:43:42.138+0000] {processor.py:183} INFO - Processing /home/airflow/.local/lib/python3.12/site-packages/airflow/example_dags/example_local_kubernetes_executor.py took 0.112 seconds
