[2026-06-16T23:15:09.301+0000] {processor.py:161} INFO - Started process (PID=78) to work on /home/airflow/.local/lib/python3.12/site-packages/airflow/example_dags/example_sensors.py
[2026-06-16T23:15:09.306+0000] {processor.py:830} INFO - Processing file /home/airflow/.local/lib/python3.12/site-packages/airflow/example_dags/example_sensors.py for tasks to queue
[2026-06-16T23:15:09.311+0000] {logging_mixin.py:188} INFO - [2026-06-16T23:15:09.310+0000] {dagbag.py:545} INFO - Filling up the DagBag from /home/airflow/.local/lib/python3.12/site-packages/airflow/example_dags/example_sensors.py
[2026-06-16T23:15:09.343+0000] {processor.py:840} INFO - DAG(s) 'example_sensors' retrieved from /home/airflow/.local/lib/python3.12/site-packages/airflow/example_dags/example_sensors.py
[2026-06-16T23:15:09.446+0000] {logging_mixin.py:188} INFO - [2026-06-16T23:15:09.446+0000] {dag.py:3089} INFO - Sync 1 DAGs
[2026-06-16T23:15:09.486+0000] {logging_mixin.py:188} INFO - [2026-06-16T23:15:09.486+0000] {dag.py:3947} INFO - Setting next_dagrun for example_sensors to None, run_after=None
[2026-06-16T23:15:09.619+0000] {processor.py:183} INFO - Processing /home/airflow/.local/lib/python3.12/site-packages/airflow/example_dags/example_sensors.py took 0.338 seconds
[2026-06-16T23:15:40.512+0000] {processor.py:161} INFO - Started process (PID=135) to work on /home/airflow/.local/lib/python3.12/site-packages/airflow/example_dags/example_sensors.py
[2026-06-16T23:15:40.514+0000] {processor.py:830} INFO - Processing file /home/airflow/.local/lib/python3.12/site-packages/airflow/example_dags/example_sensors.py for tasks to queue
[2026-06-16T23:15:40.520+0000] {logging_mixin.py:188} INFO - [2026-06-16T23:15:40.517+0000] {dagbag.py:545} INFO - Filling up the DagBag from /home/airflow/.local/lib/python3.12/site-packages/airflow/example_dags/example_sensors.py
[2026-06-16T23:15:40.531+0000] {processor.py:840} INFO - DAG(s) 'example_sensors' retrieved from /home/airflow/.local/lib/python3.12/site-packages/airflow/example_dags/example_sensors.py
[2026-06-16T23:15:40.573+0000] {logging_mixin.py:188} INFO - [2026-06-16T23:15:40.572+0000] {dag.py:3089} INFO - Sync 1 DAGs
[2026-06-16T23:15:40.590+0000] {logging_mixin.py:188} INFO - [2026-06-16T23:15:40.590+0000] {dag.py:3947} INFO - Setting next_dagrun for example_sensors to None, run_after=None
[2026-06-16T23:15:40.610+0000] {processor.py:183} INFO - Processing /home/airflow/.local/lib/python3.12/site-packages/airflow/example_dags/example_sensors.py took 0.115 seconds
[2026-06-16T23:16:11.003+0000] {processor.py:161} INFO - Started process (PID=199) to work on /home/airflow/.local/lib/python3.12/site-packages/airflow/example_dags/example_sensors.py
[2026-06-16T23:16:11.006+0000] {processor.py:830} INFO - Processing file /home/airflow/.local/lib/python3.12/site-packages/airflow/example_dags/example_sensors.py for tasks to queue
[2026-06-16T23:16:11.008+0000] {logging_mixin.py:188} INFO - [2026-06-16T23:16:11.007+0000] {dagbag.py:545} INFO - Filling up the DagBag from /home/airflow/.local/lib/python3.12/site-packages/airflow/example_dags/example_sensors.py
[2026-06-16T23:16:11.019+0000] {processor.py:840} INFO - DAG(s) 'example_sensors' retrieved from /home/airflow/.local/lib/python3.12/site-packages/airflow/example_dags/example_sensors.py
[2026-06-16T23:16:11.054+0000] {logging_mixin.py:188} INFO - [2026-06-16T23:16:11.054+0000] {dag.py:3089} INFO - Sync 1 DAGs
[2026-06-16T23:16:11.070+0000] {logging_mixin.py:188} INFO - [2026-06-16T23:16:11.070+0000] {dag.py:3947} INFO - Setting next_dagrun for example_sensors to None, run_after=None
[2026-06-16T23:16:11.090+0000] {processor.py:183} INFO - Processing /home/airflow/.local/lib/python3.12/site-packages/airflow/example_dags/example_sensors.py took 0.094 seconds
[2026-06-16T23:16:41.149+0000] {processor.py:161} INFO - Started process (PID=257) to work on /home/airflow/.local/lib/python3.12/site-packages/airflow/example_dags/example_sensors.py
[2026-06-16T23:16:41.150+0000] {processor.py:830} INFO - Processing file /home/airflow/.local/lib/python3.12/site-packages/airflow/example_dags/example_sensors.py for tasks to queue
[2026-06-16T23:16:41.152+0000] {logging_mixin.py:188} INFO - [2026-06-16T23:16:41.152+0000] {dagbag.py:545} INFO - Filling up the DagBag from /home/airflow/.local/lib/python3.12/site-packages/airflow/example_dags/example_sensors.py
[2026-06-16T23:16:41.162+0000] {processor.py:840} INFO - DAG(s) 'example_sensors' retrieved from /home/airflow/.local/lib/python3.12/site-packages/airflow/example_dags/example_sensors.py
[2026-06-16T23:16:41.185+0000] {logging_mixin.py:188} INFO - [2026-06-16T23:16:41.185+0000] {dag.py:3089} INFO - Sync 1 DAGs
[2026-06-16T23:16:41.197+0000] {logging_mixin.py:188} INFO - [2026-06-16T23:16:41.196+0000] {dag.py:3947} INFO - Setting next_dagrun for example_sensors to None, run_after=None
[2026-06-16T23:16:41.212+0000] {processor.py:183} INFO - Processing /home/airflow/.local/lib/python3.12/site-packages/airflow/example_dags/example_sensors.py took 0.071 seconds
[2026-06-16T23:17:11.411+0000] {processor.py:161} INFO - Started process (PID=315) to work on /home/airflow/.local/lib/python3.12/site-packages/airflow/example_dags/example_sensors.py
[2026-06-16T23:17:11.412+0000] {processor.py:830} INFO - Processing file /home/airflow/.local/lib/python3.12/site-packages/airflow/example_dags/example_sensors.py for tasks to queue
[2026-06-16T23:17:11.414+0000] {logging_mixin.py:188} INFO - [2026-06-16T23:17:11.413+0000] {dagbag.py:545} INFO - Filling up the DagBag from /home/airflow/.local/lib/python3.12/site-packages/airflow/example_dags/example_sensors.py
[2026-06-16T23:17:11.425+0000] {processor.py:840} INFO - DAG(s) 'example_sensors' retrieved from /home/airflow/.local/lib/python3.12/site-packages/airflow/example_dags/example_sensors.py
[2026-06-16T23:17:11.457+0000] {logging_mixin.py:188} INFO - [2026-06-16T23:17:11.457+0000] {dag.py:3089} INFO - Sync 1 DAGs
[2026-06-16T23:17:11.472+0000] {logging_mixin.py:188} INFO - [2026-06-16T23:17:11.472+0000] {dag.py:3947} INFO - Setting next_dagrun for example_sensors to None, run_after=None
[2026-06-16T23:17:11.493+0000] {processor.py:183} INFO - Processing /home/airflow/.local/lib/python3.12/site-packages/airflow/example_dags/example_sensors.py took 0.089 seconds
[2026-06-16T23:17:42.065+0000] {processor.py:161} INFO - Started process (PID=373) to work on /home/airflow/.local/lib/python3.12/site-packages/airflow/example_dags/example_sensors.py
[2026-06-16T23:17:42.066+0000] {processor.py:830} INFO - Processing file /home/airflow/.local/lib/python3.12/site-packages/airflow/example_dags/example_sensors.py for tasks to queue
[2026-06-16T23:17:42.068+0000] {logging_mixin.py:188} INFO - [2026-06-16T23:17:42.068+0000] {dagbag.py:545} INFO - Filling up the DagBag from /home/airflow/.local/lib/python3.12/site-packages/airflow/example_dags/example_sensors.py
[2026-06-16T23:17:42.080+0000] {processor.py:840} INFO - DAG(s) 'example_sensors' retrieved from /home/airflow/.local/lib/python3.12/site-packages/airflow/example_dags/example_sensors.py
[2026-06-16T23:17:42.112+0000] {logging_mixin.py:188} INFO - [2026-06-16T23:17:42.112+0000] {dag.py:3089} INFO - Sync 1 DAGs
[2026-06-16T23:17:42.131+0000] {logging_mixin.py:188} INFO - [2026-06-16T23:17:42.131+0000] {dag.py:3947} INFO - Setting next_dagrun for example_sensors to None, run_after=None
[2026-06-16T23:17:42.174+0000] {processor.py:183} INFO - Processing /home/airflow/.local/lib/python3.12/site-packages/airflow/example_dags/example_sensors.py took 0.116 seconds
[2026-06-16T23:18:13.014+0000] {processor.py:161} INFO - Started process (PID=431) to work on /home/airflow/.local/lib/python3.12/site-packages/airflow/example_dags/example_sensors.py
[2026-06-16T23:18:13.015+0000] {processor.py:830} INFO - Processing file /home/airflow/.local/lib/python3.12/site-packages/airflow/example_dags/example_sensors.py for tasks to queue
[2026-06-16T23:18:13.017+0000] {logging_mixin.py:188} INFO - [2026-06-16T23:18:13.016+0000] {dagbag.py:545} INFO - Filling up the DagBag from /home/airflow/.local/lib/python3.12/site-packages/airflow/example_dags/example_sensors.py
[2026-06-16T23:18:13.028+0000] {processor.py:840} INFO - DAG(s) 'example_sensors' retrieved from /home/airflow/.local/lib/python3.12/site-packages/airflow/example_dags/example_sensors.py
[2026-06-16T23:18:13.060+0000] {logging_mixin.py:188} INFO - [2026-06-16T23:18:13.060+0000] {dag.py:3089} INFO - Sync 1 DAGs
[2026-06-16T23:18:13.074+0000] {logging_mixin.py:188} INFO - [2026-06-16T23:18:13.074+0000] {dag.py:3947} INFO - Setting next_dagrun for example_sensors to None, run_after=None
[2026-06-16T23:18:13.094+0000] {processor.py:183} INFO - Processing /home/airflow/.local/lib/python3.12/site-packages/airflow/example_dags/example_sensors.py took 0.087 seconds
[2026-06-16T23:18:45.238+0000] {processor.py:161} INFO - Started process (PID=489) to work on /home/airflow/.local/lib/python3.12/site-packages/airflow/example_dags/example_sensors.py
[2026-06-16T23:18:45.239+0000] {processor.py:830} INFO - Processing file /home/airflow/.local/lib/python3.12/site-packages/airflow/example_dags/example_sensors.py for tasks to queue
[2026-06-16T23:18:45.244+0000] {logging_mixin.py:188} INFO - [2026-06-16T23:18:45.243+0000] {dagbag.py:545} INFO - Filling up the DagBag from /home/airflow/.local/lib/python3.12/site-packages/airflow/example_dags/example_sensors.py
[2026-06-16T23:18:45.287+0000] {processor.py:840} INFO - DAG(s) 'example_sensors' retrieved from /home/airflow/.local/lib/python3.12/site-packages/airflow/example_dags/example_sensors.py
[2026-06-16T23:18:45.406+0000] {logging_mixin.py:188} INFO - [2026-06-16T23:18:45.405+0000] {dag.py:3089} INFO - Sync 1 DAGs
[2026-06-16T23:18:45.458+0000] {logging_mixin.py:188} INFO - [2026-06-16T23:18:45.458+0000] {dag.py:3947} INFO - Setting next_dagrun for example_sensors to None, run_after=None
[2026-06-16T23:18:45.541+0000] {processor.py:183} INFO - Processing /home/airflow/.local/lib/python3.12/site-packages/airflow/example_dags/example_sensors.py took 0.332 seconds
[2026-06-16T23:19:16.471+0000] {processor.py:161} INFO - Started process (PID=547) to work on /home/airflow/.local/lib/python3.12/site-packages/airflow/example_dags/example_sensors.py
[2026-06-16T23:19:16.472+0000] {processor.py:830} INFO - Processing file /home/airflow/.local/lib/python3.12/site-packages/airflow/example_dags/example_sensors.py for tasks to queue
[2026-06-16T23:19:16.474+0000] {logging_mixin.py:188} INFO - [2026-06-16T23:19:16.474+0000] {dagbag.py:545} INFO - Filling up the DagBag from /home/airflow/.local/lib/python3.12/site-packages/airflow/example_dags/example_sensors.py
[2026-06-16T23:19:16.494+0000] {processor.py:840} INFO - DAG(s) 'example_sensors' retrieved from /home/airflow/.local/lib/python3.12/site-packages/airflow/example_dags/example_sensors.py
[2026-06-16T23:19:16.584+0000] {logging_mixin.py:188} INFO - [2026-06-16T23:19:16.584+0000] {dag.py:3089} INFO - Sync 1 DAGs
[2026-06-16T23:19:16.624+0000] {logging_mixin.py:188} INFO - [2026-06-16T23:19:16.624+0000] {dag.py:3947} INFO - Setting next_dagrun for example_sensors to None, run_after=None
[2026-06-16T23:19:16.666+0000] {processor.py:183} INFO - Processing /home/airflow/.local/lib/python3.12/site-packages/airflow/example_dags/example_sensors.py took 0.206 seconds
[2026-06-16T23:19:47.038+0000] {processor.py:161} INFO - Started process (PID=605) to work on /home/airflow/.local/lib/python3.12/site-packages/airflow/example_dags/example_sensors.py
[2026-06-16T23:19:47.039+0000] {processor.py:830} INFO - Processing file /home/airflow/.local/lib/python3.12/site-packages/airflow/example_dags/example_sensors.py for tasks to queue
[2026-06-16T23:19:47.041+0000] {logging_mixin.py:188} INFO - [2026-06-16T23:19:47.041+0000] {dagbag.py:545} INFO - Filling up the DagBag from /home/airflow/.local/lib/python3.12/site-packages/airflow/example_dags/example_sensors.py
[2026-06-16T23:19:47.052+0000] {processor.py:840} INFO - DAG(s) 'example_sensors' retrieved from /home/airflow/.local/lib/python3.12/site-packages/airflow/example_dags/example_sensors.py
[2026-06-16T23:19:47.085+0000] {logging_mixin.py:188} INFO - [2026-06-16T23:19:47.084+0000] {dag.py:3089} INFO - Sync 1 DAGs
[2026-06-16T23:19:47.103+0000] {logging_mixin.py:188} INFO - [2026-06-16T23:19:47.103+0000] {dag.py:3947} INFO - Setting next_dagrun for example_sensors to None, run_after=None
[2026-06-16T23:19:47.121+0000] {processor.py:183} INFO - Processing /home/airflow/.local/lib/python3.12/site-packages/airflow/example_dags/example_sensors.py took 0.090 seconds
[2026-06-16T23:20:17.355+0000] {processor.py:161} INFO - Started process (PID=663) to work on /home/airflow/.local/lib/python3.12/site-packages/airflow/example_dags/example_sensors.py
[2026-06-16T23:20:17.356+0000] {processor.py:830} INFO - Processing file /home/airflow/.local/lib/python3.12/site-packages/airflow/example_dags/example_sensors.py for tasks to queue
[2026-06-16T23:20:17.358+0000] {logging_mixin.py:188} INFO - [2026-06-16T23:20:17.358+0000] {dagbag.py:545} INFO - Filling up the DagBag from /home/airflow/.local/lib/python3.12/site-packages/airflow/example_dags/example_sensors.py
[2026-06-16T23:20:17.380+0000] {processor.py:840} INFO - DAG(s) 'example_sensors' retrieved from /home/airflow/.local/lib/python3.12/site-packages/airflow/example_dags/example_sensors.py
[2026-06-16T23:20:17.411+0000] {logging_mixin.py:188} INFO - [2026-06-16T23:20:17.411+0000] {dag.py:3089} INFO - Sync 1 DAGs
[2026-06-16T23:20:17.428+0000] {logging_mixin.py:188} INFO - [2026-06-16T23:20:17.428+0000] {dag.py:3947} INFO - Setting next_dagrun for example_sensors to None, run_after=None
[2026-06-16T23:20:17.448+0000] {processor.py:183} INFO - Processing /home/airflow/.local/lib/python3.12/site-packages/airflow/example_dags/example_sensors.py took 0.100 seconds
[2026-06-16T23:20:47.508+0000] {processor.py:161} INFO - Started process (PID=720) to work on /home/airflow/.local/lib/python3.12/site-packages/airflow/example_dags/example_sensors.py
[2026-06-16T23:20:47.510+0000] {processor.py:830} INFO - Processing file /home/airflow/.local/lib/python3.12/site-packages/airflow/example_dags/example_sensors.py for tasks to queue
[2026-06-16T23:20:47.512+0000] {logging_mixin.py:188} INFO - [2026-06-16T23:20:47.512+0000] {dagbag.py:545} INFO - Filling up the DagBag from /home/airflow/.local/lib/python3.12/site-packages/airflow/example_dags/example_sensors.py
[2026-06-16T23:20:47.523+0000] {processor.py:840} INFO - DAG(s) 'example_sensors' retrieved from /home/airflow/.local/lib/python3.12/site-packages/airflow/example_dags/example_sensors.py
[2026-06-16T23:20:47.555+0000] {logging_mixin.py:188} INFO - [2026-06-16T23:20:47.555+0000] {dag.py:3089} INFO - Sync 1 DAGs
[2026-06-16T23:20:47.574+0000] {logging_mixin.py:188} INFO - [2026-06-16T23:20:47.574+0000] {dag.py:3947} INFO - Setting next_dagrun for example_sensors to None, run_after=None
[2026-06-16T23:20:47.593+0000] {processor.py:183} INFO - Processing /home/airflow/.local/lib/python3.12/site-packages/airflow/example_dags/example_sensors.py took 0.093 seconds
[2026-06-16T23:21:17.785+0000] {processor.py:161} INFO - Started process (PID=778) to work on /home/airflow/.local/lib/python3.12/site-packages/airflow/example_dags/example_sensors.py
[2026-06-16T23:21:17.786+0000] {processor.py:830} INFO - Processing file /home/airflow/.local/lib/python3.12/site-packages/airflow/example_dags/example_sensors.py for tasks to queue
[2026-06-16T23:21:17.788+0000] {logging_mixin.py:188} INFO - [2026-06-16T23:21:17.788+0000] {dagbag.py:545} INFO - Filling up the DagBag from /home/airflow/.local/lib/python3.12/site-packages/airflow/example_dags/example_sensors.py
[2026-06-16T23:21:17.806+0000] {processor.py:840} INFO - DAG(s) 'example_sensors' retrieved from /home/airflow/.local/lib/python3.12/site-packages/airflow/example_dags/example_sensors.py
[2026-06-16T23:21:17.840+0000] {logging_mixin.py:188} INFO - [2026-06-16T23:21:17.839+0000] {dag.py:3089} INFO - Sync 1 DAGs
[2026-06-16T23:21:17.858+0000] {logging_mixin.py:188} INFO - [2026-06-16T23:21:17.857+0000] {dag.py:3947} INFO - Setting next_dagrun for example_sensors to None, run_after=None
[2026-06-16T23:21:17.883+0000] {processor.py:183} INFO - Processing /home/airflow/.local/lib/python3.12/site-packages/airflow/example_dags/example_sensors.py took 0.105 seconds
[2026-06-16T23:21:48.048+0000] {processor.py:161} INFO - Started process (PID=836) to work on /home/airflow/.local/lib/python3.12/site-packages/airflow/example_dags/example_sensors.py
[2026-06-16T23:21:48.049+0000] {processor.py:830} INFO - Processing file /home/airflow/.local/lib/python3.12/site-packages/airflow/example_dags/example_sensors.py for tasks to queue
[2026-06-16T23:21:48.051+0000] {logging_mixin.py:188} INFO - [2026-06-16T23:21:48.051+0000] {dagbag.py:545} INFO - Filling up the DagBag from /home/airflow/.local/lib/python3.12/site-packages/airflow/example_dags/example_sensors.py
[2026-06-16T23:21:48.062+0000] {processor.py:840} INFO - DAG(s) 'example_sensors' retrieved from /home/airflow/.local/lib/python3.12/site-packages/airflow/example_dags/example_sensors.py
[2026-06-16T23:21:48.094+0000] {logging_mixin.py:188} INFO - [2026-06-16T23:21:48.094+0000] {dag.py:3089} INFO - Sync 1 DAGs
[2026-06-16T23:21:48.110+0000] {logging_mixin.py:188} INFO - [2026-06-16T23:21:48.109+0000] {dag.py:3947} INFO - Setting next_dagrun for example_sensors to None, run_after=None
[2026-06-16T23:21:48.130+0000] {processor.py:183} INFO - Processing /home/airflow/.local/lib/python3.12/site-packages/airflow/example_dags/example_sensors.py took 0.089 seconds
[2026-06-16T23:22:18.410+0000] {processor.py:161} INFO - Started process (PID=894) to work on /home/airflow/.local/lib/python3.12/site-packages/airflow/example_dags/example_sensors.py
[2026-06-16T23:22:18.411+0000] {processor.py:830} INFO - Processing file /home/airflow/.local/lib/python3.12/site-packages/airflow/example_dags/example_sensors.py for tasks to queue
[2026-06-16T23:22:18.415+0000] {logging_mixin.py:188} INFO - [2026-06-16T23:22:18.415+0000] {dagbag.py:545} INFO - Filling up the DagBag from /home/airflow/.local/lib/python3.12/site-packages/airflow/example_dags/example_sensors.py
[2026-06-16T23:22:18.428+0000] {processor.py:840} INFO - DAG(s) 'example_sensors' retrieved from /home/airflow/.local/lib/python3.12/site-packages/airflow/example_dags/example_sensors.py
[2026-06-16T23:22:18.459+0000] {logging_mixin.py:188} INFO - [2026-06-16T23:22:18.458+0000] {dag.py:3089} INFO - Sync 1 DAGs
[2026-06-16T23:22:18.477+0000] {logging_mixin.py:188} INFO - [2026-06-16T23:22:18.477+0000] {dag.py:3947} INFO - Setting next_dagrun for example_sensors to None, run_after=None
[2026-06-16T23:22:18.498+0000] {processor.py:183} INFO - Processing /home/airflow/.local/lib/python3.12/site-packages/airflow/example_dags/example_sensors.py took 0.096 seconds
[2026-06-16T23:22:48.735+0000] {processor.py:161} INFO - Started process (PID=952) to work on /home/airflow/.local/lib/python3.12/site-packages/airflow/example_dags/example_sensors.py
[2026-06-16T23:22:48.736+0000] {processor.py:830} INFO - Processing file /home/airflow/.local/lib/python3.12/site-packages/airflow/example_dags/example_sensors.py for tasks to queue
[2026-06-16T23:22:48.738+0000] {logging_mixin.py:188} INFO - [2026-06-16T23:22:48.737+0000] {dagbag.py:545} INFO - Filling up the DagBag from /home/airflow/.local/lib/python3.12/site-packages/airflow/example_dags/example_sensors.py
[2026-06-16T23:22:48.748+0000] {processor.py:840} INFO - DAG(s) 'example_sensors' retrieved from /home/airflow/.local/lib/python3.12/site-packages/airflow/example_dags/example_sensors.py
[2026-06-16T23:22:48.781+0000] {logging_mixin.py:188} INFO - [2026-06-16T23:22:48.780+0000] {dag.py:3089} INFO - Sync 1 DAGs
[2026-06-16T23:22:48.795+0000] {logging_mixin.py:188} INFO - [2026-06-16T23:22:48.795+0000] {dag.py:3947} INFO - Setting next_dagrun for example_sensors to None, run_after=None
[2026-06-16T23:22:48.815+0000] {processor.py:183} INFO - Processing /home/airflow/.local/lib/python3.12/site-packages/airflow/example_dags/example_sensors.py took 0.087 seconds
[2026-06-16T23:23:19.851+0000] {processor.py:161} INFO - Started process (PID=1010) to work on /home/airflow/.local/lib/python3.12/site-packages/airflow/example_dags/example_sensors.py
[2026-06-16T23:23:19.853+0000] {processor.py:830} INFO - Processing file /home/airflow/.local/lib/python3.12/site-packages/airflow/example_dags/example_sensors.py for tasks to queue
[2026-06-16T23:23:19.855+0000] {logging_mixin.py:188} INFO - [2026-06-16T23:23:19.855+0000] {dagbag.py:545} INFO - Filling up the DagBag from /home/airflow/.local/lib/python3.12/site-packages/airflow/example_dags/example_sensors.py
[2026-06-16T23:23:19.903+0000] {processor.py:840} INFO - DAG(s) 'example_sensors' retrieved from /home/airflow/.local/lib/python3.12/site-packages/airflow/example_dags/example_sensors.py
[2026-06-16T23:23:19.946+0000] {logging_mixin.py:188} INFO - [2026-06-16T23:23:19.945+0000] {dag.py:3089} INFO - Sync 1 DAGs
[2026-06-16T23:23:19.977+0000] {logging_mixin.py:188} INFO - [2026-06-16T23:23:19.976+0000] {dag.py:3947} INFO - Setting next_dagrun for example_sensors to None, run_after=None
[2026-06-16T23:23:20.031+0000] {processor.py:183} INFO - Processing /home/airflow/.local/lib/python3.12/site-packages/airflow/example_dags/example_sensors.py took 0.197 seconds
[2026-06-16T23:23:50.675+0000] {processor.py:161} INFO - Started process (PID=1068) to work on /home/airflow/.local/lib/python3.12/site-packages/airflow/example_dags/example_sensors.py
[2026-06-16T23:23:50.676+0000] {processor.py:830} INFO - Processing file /home/airflow/.local/lib/python3.12/site-packages/airflow/example_dags/example_sensors.py for tasks to queue
[2026-06-16T23:23:50.678+0000] {logging_mixin.py:188} INFO - [2026-06-16T23:23:50.677+0000] {dagbag.py:545} INFO - Filling up the DagBag from /home/airflow/.local/lib/python3.12/site-packages/airflow/example_dags/example_sensors.py
[2026-06-16T23:23:50.689+0000] {processor.py:840} INFO - DAG(s) 'example_sensors' retrieved from /home/airflow/.local/lib/python3.12/site-packages/airflow/example_dags/example_sensors.py
[2026-06-16T23:23:50.721+0000] {logging_mixin.py:188} INFO - [2026-06-16T23:23:50.720+0000] {dag.py:3089} INFO - Sync 1 DAGs
[2026-06-16T23:23:50.736+0000] {logging_mixin.py:188} INFO - [2026-06-16T23:23:50.736+0000] {dag.py:3947} INFO - Setting next_dagrun for example_sensors to None, run_after=None
[2026-06-16T23:23:50.756+0000] {processor.py:183} INFO - Processing /home/airflow/.local/lib/python3.12/site-packages/airflow/example_dags/example_sensors.py took 0.088 seconds
[2026-06-16T23:24:20.968+0000] {processor.py:161} INFO - Started process (PID=1126) to work on /home/airflow/.local/lib/python3.12/site-packages/airflow/example_dags/example_sensors.py
[2026-06-16T23:24:20.969+0000] {processor.py:830} INFO - Processing file /home/airflow/.local/lib/python3.12/site-packages/airflow/example_dags/example_sensors.py for tasks to queue
[2026-06-16T23:24:20.971+0000] {logging_mixin.py:188} INFO - [2026-06-16T23:24:20.971+0000] {dagbag.py:545} INFO - Filling up the DagBag from /home/airflow/.local/lib/python3.12/site-packages/airflow/example_dags/example_sensors.py
[2026-06-16T23:24:20.981+0000] {processor.py:840} INFO - DAG(s) 'example_sensors' retrieved from /home/airflow/.local/lib/python3.12/site-packages/airflow/example_dags/example_sensors.py
[2026-06-16T23:24:21.014+0000] {logging_mixin.py:188} INFO - [2026-06-16T23:24:21.013+0000] {dag.py:3089} INFO - Sync 1 DAGs
[2026-06-16T23:24:21.029+0000] {logging_mixin.py:188} INFO - [2026-06-16T23:24:21.029+0000] {dag.py:3947} INFO - Setting next_dagrun for example_sensors to None, run_after=None
[2026-06-16T23:24:21.049+0000] {processor.py:183} INFO - Processing /home/airflow/.local/lib/python3.12/site-packages/airflow/example_dags/example_sensors.py took 0.088 seconds
[2026-06-16T23:24:51.105+0000] {processor.py:161} INFO - Started process (PID=1184) to work on /home/airflow/.local/lib/python3.12/site-packages/airflow/example_dags/example_sensors.py
[2026-06-16T23:24:51.106+0000] {processor.py:830} INFO - Processing file /home/airflow/.local/lib/python3.12/site-packages/airflow/example_dags/example_sensors.py for tasks to queue
[2026-06-16T23:24:51.108+0000] {logging_mixin.py:188} INFO - [2026-06-16T23:24:51.108+0000] {dagbag.py:545} INFO - Filling up the DagBag from /home/airflow/.local/lib/python3.12/site-packages/airflow/example_dags/example_sensors.py
[2026-06-16T23:24:51.118+0000] {processor.py:840} INFO - DAG(s) 'example_sensors' retrieved from /home/airflow/.local/lib/python3.12/site-packages/airflow/example_dags/example_sensors.py
[2026-06-16T23:24:51.141+0000] {logging_mixin.py:188} INFO - [2026-06-16T23:24:51.141+0000] {dag.py:3089} INFO - Sync 1 DAGs
[2026-06-16T23:24:51.152+0000] {logging_mixin.py:188} INFO - [2026-06-16T23:24:51.152+0000] {dag.py:3947} INFO - Setting next_dagrun for example_sensors to None, run_after=None
[2026-06-16T23:24:51.167+0000] {processor.py:183} INFO - Processing /home/airflow/.local/lib/python3.12/site-packages/airflow/example_dags/example_sensors.py took 0.070 seconds
[2026-06-16T23:25:21.569+0000] {processor.py:161} INFO - Started process (PID=1242) to work on /home/airflow/.local/lib/python3.12/site-packages/airflow/example_dags/example_sensors.py
[2026-06-16T23:25:21.570+0000] {processor.py:830} INFO - Processing file /home/airflow/.local/lib/python3.12/site-packages/airflow/example_dags/example_sensors.py for tasks to queue
[2026-06-16T23:25:21.571+0000] {logging_mixin.py:188} INFO - [2026-06-16T23:25:21.571+0000] {dagbag.py:545} INFO - Filling up the DagBag from /home/airflow/.local/lib/python3.12/site-packages/airflow/example_dags/example_sensors.py
[2026-06-16T23:25:21.579+0000] {processor.py:840} INFO - DAG(s) 'example_sensors' retrieved from /home/airflow/.local/lib/python3.12/site-packages/airflow/example_dags/example_sensors.py
[2026-06-16T23:25:21.603+0000] {logging_mixin.py:188} INFO - [2026-06-16T23:25:21.603+0000] {dag.py:3089} INFO - Sync 1 DAGs
[2026-06-16T23:25:21.614+0000] {logging_mixin.py:188} INFO - [2026-06-16T23:25:21.614+0000] {dag.py:3947} INFO - Setting next_dagrun for example_sensors to None, run_after=None
[2026-06-16T23:25:21.630+0000] {processor.py:183} INFO - Processing /home/airflow/.local/lib/python3.12/site-packages/airflow/example_dags/example_sensors.py took 0.067 seconds
[2026-06-16T23:25:52.040+0000] {processor.py:161} INFO - Started process (PID=1300) to work on /home/airflow/.local/lib/python3.12/site-packages/airflow/example_dags/example_sensors.py
[2026-06-16T23:25:52.041+0000] {processor.py:830} INFO - Processing file /home/airflow/.local/lib/python3.12/site-packages/airflow/example_dags/example_sensors.py for tasks to queue
[2026-06-16T23:25:52.043+0000] {logging_mixin.py:188} INFO - [2026-06-16T23:25:52.043+0000] {dagbag.py:545} INFO - Filling up the DagBag from /home/airflow/.local/lib/python3.12/site-packages/airflow/example_dags/example_sensors.py
[2026-06-16T23:25:52.054+0000] {processor.py:840} INFO - DAG(s) 'example_sensors' retrieved from /home/airflow/.local/lib/python3.12/site-packages/airflow/example_dags/example_sensors.py
[2026-06-16T23:25:52.086+0000] {logging_mixin.py:188} INFO - [2026-06-16T23:25:52.086+0000] {dag.py:3089} INFO - Sync 1 DAGs
[2026-06-16T23:25:52.102+0000] {logging_mixin.py:188} INFO - [2026-06-16T23:25:52.102+0000] {dag.py:3947} INFO - Setting next_dagrun for example_sensors to None, run_after=None
[2026-06-16T23:25:52.123+0000] {processor.py:183} INFO - Processing /home/airflow/.local/lib/python3.12/site-packages/airflow/example_dags/example_sensors.py took 0.090 seconds
[2026-06-16T23:26:22.722+0000] {processor.py:161} INFO - Started process (PID=1357) to work on /home/airflow/.local/lib/python3.12/site-packages/airflow/example_dags/example_sensors.py
[2026-06-16T23:26:22.723+0000] {processor.py:830} INFO - Processing file /home/airflow/.local/lib/python3.12/site-packages/airflow/example_dags/example_sensors.py for tasks to queue
[2026-06-16T23:26:22.727+0000] {logging_mixin.py:188} INFO - [2026-06-16T23:26:22.727+0000] {dagbag.py:545} INFO - Filling up the DagBag from /home/airflow/.local/lib/python3.12/site-packages/airflow/example_dags/example_sensors.py
[2026-06-16T23:26:22.738+0000] {processor.py:840} INFO - DAG(s) 'example_sensors' retrieved from /home/airflow/.local/lib/python3.12/site-packages/airflow/example_dags/example_sensors.py
[2026-06-16T23:26:22.771+0000] {logging_mixin.py:188} INFO - [2026-06-16T23:26:22.771+0000] {dag.py:3089} INFO - Sync 1 DAGs
[2026-06-16T23:26:22.787+0000] {logging_mixin.py:188} INFO - [2026-06-16T23:26:22.786+0000] {dag.py:3947} INFO - Setting next_dagrun for example_sensors to None, run_after=None
[2026-06-16T23:26:22.807+0000] {processor.py:183} INFO - Processing /home/airflow/.local/lib/python3.12/site-packages/airflow/example_dags/example_sensors.py took 0.094 seconds
[2026-06-16T23:26:53.333+0000] {processor.py:161} INFO - Started process (PID=1415) to work on /home/airflow/.local/lib/python3.12/site-packages/airflow/example_dags/example_sensors.py
[2026-06-16T23:26:53.334+0000] {processor.py:830} INFO - Processing file /home/airflow/.local/lib/python3.12/site-packages/airflow/example_dags/example_sensors.py for tasks to queue
[2026-06-16T23:26:53.336+0000] {logging_mixin.py:188} INFO - [2026-06-16T23:26:53.336+0000] {dagbag.py:545} INFO - Filling up the DagBag from /home/airflow/.local/lib/python3.12/site-packages/airflow/example_dags/example_sensors.py
[2026-06-16T23:26:53.348+0000] {processor.py:840} INFO - DAG(s) 'example_sensors' retrieved from /home/airflow/.local/lib/python3.12/site-packages/airflow/example_dags/example_sensors.py
[2026-06-16T23:26:53.380+0000] {logging_mixin.py:188} INFO - [2026-06-16T23:26:53.380+0000] {dag.py:3089} INFO - Sync 1 DAGs
[2026-06-16T23:26:53.395+0000] {logging_mixin.py:188} INFO - [2026-06-16T23:26:53.395+0000] {dag.py:3947} INFO - Setting next_dagrun for example_sensors to None, run_after=None
[2026-06-16T23:26:53.415+0000] {processor.py:183} INFO - Processing /home/airflow/.local/lib/python3.12/site-packages/airflow/example_dags/example_sensors.py took 0.089 seconds
[2026-06-16T23:27:24.531+0000] {processor.py:161} INFO - Started process (PID=1473) to work on /home/airflow/.local/lib/python3.12/site-packages/airflow/example_dags/example_sensors.py
[2026-06-16T23:27:24.536+0000] {processor.py:830} INFO - Processing file /home/airflow/.local/lib/python3.12/site-packages/airflow/example_dags/example_sensors.py for tasks to queue
[2026-06-16T23:27:24.541+0000] {logging_mixin.py:188} INFO - [2026-06-16T23:27:24.541+0000] {dagbag.py:545} INFO - Filling up the DagBag from /home/airflow/.local/lib/python3.12/site-packages/airflow/example_dags/example_sensors.py
[2026-06-16T23:27:24.575+0000] {processor.py:840} INFO - DAG(s) 'example_sensors' retrieved from /home/airflow/.local/lib/python3.12/site-packages/airflow/example_dags/example_sensors.py
[2026-06-16T23:27:24.689+0000] {logging_mixin.py:188} INFO - [2026-06-16T23:27:24.689+0000] {dag.py:3089} INFO - Sync 1 DAGs
[2026-06-16T23:27:24.740+0000] {logging_mixin.py:188} INFO - [2026-06-16T23:27:24.740+0000] {dag.py:3947} INFO - Setting next_dagrun for example_sensors to None, run_after=None
[2026-06-16T23:27:24.799+0000] {processor.py:183} INFO - Processing /home/airflow/.local/lib/python3.12/site-packages/airflow/example_dags/example_sensors.py took 0.290 seconds
[2026-06-16T23:27:54.928+0000] {processor.py:161} INFO - Started process (PID=1531) to work on /home/airflow/.local/lib/python3.12/site-packages/airflow/example_dags/example_sensors.py
[2026-06-16T23:27:54.928+0000] {processor.py:830} INFO - Processing file /home/airflow/.local/lib/python3.12/site-packages/airflow/example_dags/example_sensors.py for tasks to queue
[2026-06-16T23:27:54.930+0000] {logging_mixin.py:188} INFO - [2026-06-16T23:27:54.930+0000] {dagbag.py:545} INFO - Filling up the DagBag from /home/airflow/.local/lib/python3.12/site-packages/airflow/example_dags/example_sensors.py
[2026-06-16T23:27:54.938+0000] {processor.py:840} INFO - DAG(s) 'example_sensors' retrieved from /home/airflow/.local/lib/python3.12/site-packages/airflow/example_dags/example_sensors.py
[2026-06-16T23:27:54.961+0000] {logging_mixin.py:188} INFO - [2026-06-16T23:27:54.961+0000] {dag.py:3089} INFO - Sync 1 DAGs
[2026-06-16T23:27:54.972+0000] {logging_mixin.py:188} INFO - [2026-06-16T23:27:54.972+0000] {dag.py:3947} INFO - Setting next_dagrun for example_sensors to None, run_after=None
[2026-06-16T23:27:54.987+0000] {processor.py:183} INFO - Processing /home/airflow/.local/lib/python3.12/site-packages/airflow/example_dags/example_sensors.py took 0.065 seconds
[2026-06-16T23:28:25.434+0000] {processor.py:161} INFO - Started process (PID=1589) to work on /home/airflow/.local/lib/python3.12/site-packages/airflow/example_dags/example_sensors.py
[2026-06-16T23:28:25.435+0000] {processor.py:830} INFO - Processing file /home/airflow/.local/lib/python3.12/site-packages/airflow/example_dags/example_sensors.py for tasks to queue
[2026-06-16T23:28:25.437+0000] {logging_mixin.py:188} INFO - [2026-06-16T23:28:25.437+0000] {dagbag.py:545} INFO - Filling up the DagBag from /home/airflow/.local/lib/python3.12/site-packages/airflow/example_dags/example_sensors.py
[2026-06-16T23:28:25.448+0000] {processor.py:840} INFO - DAG(s) 'example_sensors' retrieved from /home/airflow/.local/lib/python3.12/site-packages/airflow/example_dags/example_sensors.py
[2026-06-16T23:28:25.482+0000] {logging_mixin.py:188} INFO - [2026-06-16T23:28:25.482+0000] {dag.py:3089} INFO - Sync 1 DAGs
[2026-06-16T23:28:25.501+0000] {logging_mixin.py:188} INFO - [2026-06-16T23:28:25.501+0000] {dag.py:3947} INFO - Setting next_dagrun for example_sensors to None, run_after=None
[2026-06-16T23:28:25.519+0000] {processor.py:183} INFO - Processing /home/airflow/.local/lib/python3.12/site-packages/airflow/example_dags/example_sensors.py took 0.092 seconds
[2026-06-16T23:28:56.304+0000] {processor.py:161} INFO - Started process (PID=1647) to work on /home/airflow/.local/lib/python3.12/site-packages/airflow/example_dags/example_sensors.py
[2026-06-16T23:28:56.305+0000] {processor.py:830} INFO - Processing file /home/airflow/.local/lib/python3.12/site-packages/airflow/example_dags/example_sensors.py for tasks to queue
[2026-06-16T23:28:56.307+0000] {logging_mixin.py:188} INFO - [2026-06-16T23:28:56.306+0000] {dagbag.py:545} INFO - Filling up the DagBag from /home/airflow/.local/lib/python3.12/site-packages/airflow/example_dags/example_sensors.py
[2026-06-16T23:28:56.317+0000] {processor.py:840} INFO - DAG(s) 'example_sensors' retrieved from /home/airflow/.local/lib/python3.12/site-packages/airflow/example_dags/example_sensors.py
[2026-06-16T23:28:56.346+0000] {logging_mixin.py:188} INFO - [2026-06-16T23:28:56.345+0000] {dag.py:3089} INFO - Sync 1 DAGs
[2026-06-16T23:28:56.361+0000] {logging_mixin.py:188} INFO - [2026-06-16T23:28:56.361+0000] {dag.py:3947} INFO - Setting next_dagrun for example_sensors to None, run_after=None
[2026-06-16T23:28:56.557+0000] {processor.py:183} INFO - Processing /home/airflow/.local/lib/python3.12/site-packages/airflow/example_dags/example_sensors.py took 0.260 seconds
[2026-06-16T23:29:27.306+0000] {processor.py:161} INFO - Started process (PID=1705) to work on /home/airflow/.local/lib/python3.12/site-packages/airflow/example_dags/example_sensors.py
[2026-06-16T23:29:27.306+0000] {processor.py:830} INFO - Processing file /home/airflow/.local/lib/python3.12/site-packages/airflow/example_dags/example_sensors.py for tasks to queue
[2026-06-16T23:29:27.308+0000] {logging_mixin.py:188} INFO - [2026-06-16T23:29:27.308+0000] {dagbag.py:545} INFO - Filling up the DagBag from /home/airflow/.local/lib/python3.12/site-packages/airflow/example_dags/example_sensors.py
[2026-06-16T23:29:27.316+0000] {processor.py:840} INFO - DAG(s) 'example_sensors' retrieved from /home/airflow/.local/lib/python3.12/site-packages/airflow/example_dags/example_sensors.py
[2026-06-16T23:29:27.338+0000] {logging_mixin.py:188} INFO - [2026-06-16T23:29:27.338+0000] {dag.py:3089} INFO - Sync 1 DAGs
[2026-06-16T23:29:27.349+0000] {logging_mixin.py:188} INFO - [2026-06-16T23:29:27.349+0000] {dag.py:3947} INFO - Setting next_dagrun for example_sensors to None, run_after=None
[2026-06-16T23:29:27.364+0000] {processor.py:183} INFO - Processing /home/airflow/.local/lib/python3.12/site-packages/airflow/example_dags/example_sensors.py took 0.065 seconds
[2026-06-16T23:29:57.690+0000] {processor.py:161} INFO - Started process (PID=1762) to work on /home/airflow/.local/lib/python3.12/site-packages/airflow/example_dags/example_sensors.py
[2026-06-16T23:29:57.691+0000] {processor.py:830} INFO - Processing file /home/airflow/.local/lib/python3.12/site-packages/airflow/example_dags/example_sensors.py for tasks to queue
[2026-06-16T23:29:57.693+0000] {logging_mixin.py:188} INFO - [2026-06-16T23:29:57.693+0000] {dagbag.py:545} INFO - Filling up the DagBag from /home/airflow/.local/lib/python3.12/site-packages/airflow/example_dags/example_sensors.py
[2026-06-16T23:29:57.702+0000] {processor.py:840} INFO - DAG(s) 'example_sensors' retrieved from /home/airflow/.local/lib/python3.12/site-packages/airflow/example_dags/example_sensors.py
[2026-06-16T23:29:57.725+0000] {logging_mixin.py:188} INFO - [2026-06-16T23:29:57.725+0000] {dag.py:3089} INFO - Sync 1 DAGs
[2026-06-16T23:29:57.737+0000] {logging_mixin.py:188} INFO - [2026-06-16T23:29:57.736+0000] {dag.py:3947} INFO - Setting next_dagrun for example_sensors to None, run_after=None
[2026-06-16T23:29:57.753+0000] {processor.py:183} INFO - Processing /home/airflow/.local/lib/python3.12/site-packages/airflow/example_dags/example_sensors.py took 0.070 seconds
[2026-06-16T23:30:28.069+0000] {processor.py:161} INFO - Started process (PID=1820) to work on /home/airflow/.local/lib/python3.12/site-packages/airflow/example_dags/example_sensors.py
[2026-06-16T23:30:28.070+0000] {processor.py:830} INFO - Processing file /home/airflow/.local/lib/python3.12/site-packages/airflow/example_dags/example_sensors.py for tasks to queue
[2026-06-16T23:30:28.071+0000] {logging_mixin.py:188} INFO - [2026-06-16T23:30:28.071+0000] {dagbag.py:545} INFO - Filling up the DagBag from /home/airflow/.local/lib/python3.12/site-packages/airflow/example_dags/example_sensors.py
[2026-06-16T23:30:28.079+0000] {processor.py:840} INFO - DAG(s) 'example_sensors' retrieved from /home/airflow/.local/lib/python3.12/site-packages/airflow/example_dags/example_sensors.py
[2026-06-16T23:30:28.103+0000] {logging_mixin.py:188} INFO - [2026-06-16T23:30:28.103+0000] {dag.py:3089} INFO - Sync 1 DAGs
[2026-06-16T23:30:28.115+0000] {logging_mixin.py:188} INFO - [2026-06-16T23:30:28.115+0000] {dag.py:3947} INFO - Setting next_dagrun for example_sensors to None, run_after=None
[2026-06-16T23:30:28.131+0000] {processor.py:183} INFO - Processing /home/airflow/.local/lib/python3.12/site-packages/airflow/example_dags/example_sensors.py took 0.069 seconds
[2026-06-16T23:30:59.138+0000] {processor.py:161} INFO - Started process (PID=1878) to work on /home/airflow/.local/lib/python3.12/site-packages/airflow/example_dags/example_sensors.py
[2026-06-16T23:30:59.139+0000] {processor.py:830} INFO - Processing file /home/airflow/.local/lib/python3.12/site-packages/airflow/example_dags/example_sensors.py for tasks to queue
[2026-06-16T23:30:59.141+0000] {logging_mixin.py:188} INFO - [2026-06-16T23:30:59.141+0000] {dagbag.py:545} INFO - Filling up the DagBag from /home/airflow/.local/lib/python3.12/site-packages/airflow/example_dags/example_sensors.py
[2026-06-16T23:30:59.150+0000] {processor.py:840} INFO - DAG(s) 'example_sensors' retrieved from /home/airflow/.local/lib/python3.12/site-packages/airflow/example_dags/example_sensors.py
[2026-06-16T23:30:59.179+0000] {logging_mixin.py:188} INFO - [2026-06-16T23:30:59.179+0000] {dag.py:3089} INFO - Sync 1 DAGs
[2026-06-16T23:30:59.191+0000] {logging_mixin.py:188} INFO - [2026-06-16T23:30:59.190+0000] {dag.py:3947} INFO - Setting next_dagrun for example_sensors to None, run_after=None
[2026-06-16T23:30:59.207+0000] {processor.py:183} INFO - Processing /home/airflow/.local/lib/python3.12/site-packages/airflow/example_dags/example_sensors.py took 0.075 seconds
[2026-06-16T23:31:31.642+0000] {processor.py:161} INFO - Started process (PID=1936) to work on /home/airflow/.local/lib/python3.12/site-packages/airflow/example_dags/example_sensors.py
[2026-06-16T23:31:31.643+0000] {processor.py:830} INFO - Processing file /home/airflow/.local/lib/python3.12/site-packages/airflow/example_dags/example_sensors.py for tasks to queue
[2026-06-16T23:31:31.649+0000] {logging_mixin.py:188} INFO - [2026-06-16T23:31:31.648+0000] {dagbag.py:545} INFO - Filling up the DagBag from /home/airflow/.local/lib/python3.12/site-packages/airflow/example_dags/example_sensors.py
[2026-06-16T23:31:31.690+0000] {processor.py:840} INFO - DAG(s) 'example_sensors' retrieved from /home/airflow/.local/lib/python3.12/site-packages/airflow/example_dags/example_sensors.py
[2026-06-16T23:31:31.792+0000] {logging_mixin.py:188} INFO - [2026-06-16T23:31:31.792+0000] {dag.py:3089} INFO - Sync 1 DAGs
[2026-06-16T23:31:32.316+0000] {logging_mixin.py:188} INFO - [2026-06-16T23:31:32.315+0000] {dag.py:3947} INFO - Setting next_dagrun for example_sensors to None, run_after=None
[2026-06-16T23:31:32.343+0000] {processor.py:183} INFO - Processing /home/airflow/.local/lib/python3.12/site-packages/airflow/example_dags/example_sensors.py took 0.729 seconds
[2026-06-16T23:32:02.905+0000] {processor.py:161} INFO - Started process (PID=1994) to work on /home/airflow/.local/lib/python3.12/site-packages/airflow/example_dags/example_sensors.py
[2026-06-16T23:32:02.907+0000] {processor.py:830} INFO - Processing file /home/airflow/.local/lib/python3.12/site-packages/airflow/example_dags/example_sensors.py for tasks to queue
[2026-06-16T23:32:02.909+0000] {logging_mixin.py:188} INFO - [2026-06-16T23:32:02.909+0000] {dagbag.py:545} INFO - Filling up the DagBag from /home/airflow/.local/lib/python3.12/site-packages/airflow/example_dags/example_sensors.py
[2026-06-16T23:32:02.920+0000] {processor.py:840} INFO - DAG(s) 'example_sensors' retrieved from /home/airflow/.local/lib/python3.12/site-packages/airflow/example_dags/example_sensors.py
[2026-06-16T23:32:02.956+0000] {logging_mixin.py:188} INFO - [2026-06-16T23:32:02.955+0000] {dag.py:3089} INFO - Sync 1 DAGs
[2026-06-16T23:32:02.972+0000] {logging_mixin.py:188} INFO - [2026-06-16T23:32:02.972+0000] {dag.py:3947} INFO - Setting next_dagrun for example_sensors to None, run_after=None
[2026-06-16T23:32:02.993+0000] {processor.py:183} INFO - Processing /home/airflow/.local/lib/python3.12/site-packages/airflow/example_dags/example_sensors.py took 0.099 seconds
[2026-06-16T23:32:33.213+0000] {processor.py:161} INFO - Started process (PID=2052) to work on /home/airflow/.local/lib/python3.12/site-packages/airflow/example_dags/example_sensors.py
[2026-06-16T23:32:33.214+0000] {processor.py:830} INFO - Processing file /home/airflow/.local/lib/python3.12/site-packages/airflow/example_dags/example_sensors.py for tasks to queue
[2026-06-16T23:32:33.216+0000] {logging_mixin.py:188} INFO - [2026-06-16T23:32:33.216+0000] {dagbag.py:545} INFO - Filling up the DagBag from /home/airflow/.local/lib/python3.12/site-packages/airflow/example_dags/example_sensors.py
[2026-06-16T23:32:33.228+0000] {processor.py:840} INFO - DAG(s) 'example_sensors' retrieved from /home/airflow/.local/lib/python3.12/site-packages/airflow/example_dags/example_sensors.py
[2026-06-16T23:32:33.266+0000] {logging_mixin.py:188} INFO - [2026-06-16T23:32:33.266+0000] {dag.py:3089} INFO - Sync 1 DAGs
[2026-06-16T23:32:33.283+0000] {logging_mixin.py:188} INFO - [2026-06-16T23:32:33.282+0000] {dag.py:3947} INFO - Setting next_dagrun for example_sensors to None, run_after=None
[2026-06-16T23:32:33.304+0000] {processor.py:183} INFO - Processing /home/airflow/.local/lib/python3.12/site-packages/airflow/example_dags/example_sensors.py took 0.099 seconds
[2026-06-16T23:33:03.727+0000] {processor.py:161} INFO - Started process (PID=2110) to work on /home/airflow/.local/lib/python3.12/site-packages/airflow/example_dags/example_sensors.py
[2026-06-16T23:33:03.728+0000] {processor.py:830} INFO - Processing file /home/airflow/.local/lib/python3.12/site-packages/airflow/example_dags/example_sensors.py for tasks to queue
[2026-06-16T23:33:03.730+0000] {logging_mixin.py:188} INFO - [2026-06-16T23:33:03.730+0000] {dagbag.py:545} INFO - Filling up the DagBag from /home/airflow/.local/lib/python3.12/site-packages/airflow/example_dags/example_sensors.py
[2026-06-16T23:33:03.741+0000] {processor.py:840} INFO - DAG(s) 'example_sensors' retrieved from /home/airflow/.local/lib/python3.12/site-packages/airflow/example_dags/example_sensors.py
[2026-06-16T23:33:03.776+0000] {logging_mixin.py:188} INFO - [2026-06-16T23:33:03.775+0000] {dag.py:3089} INFO - Sync 1 DAGs
[2026-06-16T23:33:03.792+0000] {logging_mixin.py:188} INFO - [2026-06-16T23:33:03.791+0000] {dag.py:3947} INFO - Setting next_dagrun for example_sensors to None, run_after=None
[2026-06-16T23:33:03.812+0000] {processor.py:183} INFO - Processing /home/airflow/.local/lib/python3.12/site-packages/airflow/example_dags/example_sensors.py took 0.092 seconds
[2026-06-16T23:33:34.240+0000] {processor.py:161} INFO - Started process (PID=2168) to work on /home/airflow/.local/lib/python3.12/site-packages/airflow/example_dags/example_sensors.py
[2026-06-16T23:33:34.241+0000] {processor.py:830} INFO - Processing file /home/airflow/.local/lib/python3.12/site-packages/airflow/example_dags/example_sensors.py for tasks to queue
[2026-06-16T23:33:34.243+0000] {logging_mixin.py:188} INFO - [2026-06-16T23:33:34.243+0000] {dagbag.py:545} INFO - Filling up the DagBag from /home/airflow/.local/lib/python3.12/site-packages/airflow/example_dags/example_sensors.py
[2026-06-16T23:33:34.254+0000] {processor.py:840} INFO - DAG(s) 'example_sensors' retrieved from /home/airflow/.local/lib/python3.12/site-packages/airflow/example_dags/example_sensors.py
[2026-06-16T23:33:34.288+0000] {logging_mixin.py:188} INFO - [2026-06-16T23:33:34.287+0000] {dag.py:3089} INFO - Sync 1 DAGs
[2026-06-16T23:33:34.304+0000] {logging_mixin.py:188} INFO - [2026-06-16T23:33:34.303+0000] {dag.py:3947} INFO - Setting next_dagrun for example_sensors to None, run_after=None
[2026-06-16T23:33:34.324+0000] {processor.py:183} INFO - Processing /home/airflow/.local/lib/python3.12/site-packages/airflow/example_dags/example_sensors.py took 0.092 seconds
[2026-06-16T23:34:04.630+0000] {processor.py:161} INFO - Started process (PID=2227) to work on /home/airflow/.local/lib/python3.12/site-packages/airflow/example_dags/example_sensors.py
[2026-06-16T23:34:04.631+0000] {processor.py:830} INFO - Processing file /home/airflow/.local/lib/python3.12/site-packages/airflow/example_dags/example_sensors.py for tasks to queue
[2026-06-16T23:34:04.633+0000] {logging_mixin.py:188} INFO - [2026-06-16T23:34:04.632+0000] {dagbag.py:545} INFO - Filling up the DagBag from /home/airflow/.local/lib/python3.12/site-packages/airflow/example_dags/example_sensors.py
[2026-06-16T23:34:04.643+0000] {processor.py:840} INFO - DAG(s) 'example_sensors' retrieved from /home/airflow/.local/lib/python3.12/site-packages/airflow/example_dags/example_sensors.py
[2026-06-16T23:34:04.675+0000] {logging_mixin.py:188} INFO - [2026-06-16T23:34:04.675+0000] {dag.py:3089} INFO - Sync 1 DAGs
[2026-06-16T23:34:04.692+0000] {logging_mixin.py:188} INFO - [2026-06-16T23:34:04.692+0000] {dag.py:3947} INFO - Setting next_dagrun for example_sensors to None, run_after=None
[2026-06-16T23:34:04.713+0000] {processor.py:183} INFO - Processing /home/airflow/.local/lib/python3.12/site-packages/airflow/example_dags/example_sensors.py took 0.090 seconds
[2026-06-16T23:34:34.816+0000] {processor.py:161} INFO - Started process (PID=2284) to work on /home/airflow/.local/lib/python3.12/site-packages/airflow/example_dags/example_sensors.py
[2026-06-16T23:34:34.817+0000] {processor.py:830} INFO - Processing file /home/airflow/.local/lib/python3.12/site-packages/airflow/example_dags/example_sensors.py for tasks to queue
[2026-06-16T23:34:34.818+0000] {logging_mixin.py:188} INFO - [2026-06-16T23:34:34.818+0000] {dagbag.py:545} INFO - Filling up the DagBag from /home/airflow/.local/lib/python3.12/site-packages/airflow/example_dags/example_sensors.py
[2026-06-16T23:34:34.826+0000] {processor.py:840} INFO - DAG(s) 'example_sensors' retrieved from /home/airflow/.local/lib/python3.12/site-packages/airflow/example_dags/example_sensors.py
[2026-06-16T23:34:34.848+0000] {logging_mixin.py:188} INFO - [2026-06-16T23:34:34.848+0000] {dag.py:3089} INFO - Sync 1 DAGs
[2026-06-16T23:34:34.859+0000] {logging_mixin.py:188} INFO - [2026-06-16T23:34:34.859+0000] {dag.py:3947} INFO - Setting next_dagrun for example_sensors to None, run_after=None
[2026-06-16T23:34:34.875+0000] {processor.py:183} INFO - Processing /home/airflow/.local/lib/python3.12/site-packages/airflow/example_dags/example_sensors.py took 0.066 seconds
[2026-06-16T23:35:04.969+0000] {processor.py:161} INFO - Started process (PID=2342) to work on /home/airflow/.local/lib/python3.12/site-packages/airflow/example_dags/example_sensors.py
[2026-06-16T23:35:04.969+0000] {processor.py:830} INFO - Processing file /home/airflow/.local/lib/python3.12/site-packages/airflow/example_dags/example_sensors.py for tasks to queue
[2026-06-16T23:35:04.971+0000] {logging_mixin.py:188} INFO - [2026-06-16T23:35:04.971+0000] {dagbag.py:545} INFO - Filling up the DagBag from /home/airflow/.local/lib/python3.12/site-packages/airflow/example_dags/example_sensors.py
[2026-06-16T23:35:04.978+0000] {processor.py:840} INFO - DAG(s) 'example_sensors' retrieved from /home/airflow/.local/lib/python3.12/site-packages/airflow/example_dags/example_sensors.py
[2026-06-16T23:35:05.001+0000] {logging_mixin.py:188} INFO - [2026-06-16T23:35:05.000+0000] {dag.py:3089} INFO - Sync 1 DAGs
[2026-06-16T23:35:05.011+0000] {logging_mixin.py:188} INFO - [2026-06-16T23:35:05.011+0000] {dag.py:3947} INFO - Setting next_dagrun for example_sensors to None, run_after=None
[2026-06-16T23:35:05.027+0000] {processor.py:183} INFO - Processing /home/airflow/.local/lib/python3.12/site-packages/airflow/example_dags/example_sensors.py took 0.064 seconds
[2026-06-16T23:35:35.324+0000] {processor.py:161} INFO - Started process (PID=2400) to work on /home/airflow/.local/lib/python3.12/site-packages/airflow/example_dags/example_sensors.py
[2026-06-16T23:35:35.325+0000] {processor.py:830} INFO - Processing file /home/airflow/.local/lib/python3.12/site-packages/airflow/example_dags/example_sensors.py for tasks to queue
[2026-06-16T23:35:35.327+0000] {logging_mixin.py:188} INFO - [2026-06-16T23:35:35.327+0000] {dagbag.py:545} INFO - Filling up the DagBag from /home/airflow/.local/lib/python3.12/site-packages/airflow/example_dags/example_sensors.py
[2026-06-16T23:35:35.335+0000] {processor.py:840} INFO - DAG(s) 'example_sensors' retrieved from /home/airflow/.local/lib/python3.12/site-packages/airflow/example_dags/example_sensors.py
[2026-06-16T23:35:35.360+0000] {logging_mixin.py:188} INFO - [2026-06-16T23:35:35.360+0000] {dag.py:3089} INFO - Sync 1 DAGs
[2026-06-16T23:35:35.378+0000] {logging_mixin.py:188} INFO - [2026-06-16T23:35:35.378+0000] {dag.py:3947} INFO - Setting next_dagrun for example_sensors to None, run_after=None
[2026-06-16T23:35:35.404+0000] {processor.py:183} INFO - Processing /home/airflow/.local/lib/python3.12/site-packages/airflow/example_dags/example_sensors.py took 0.085 seconds
[2026-06-16T23:36:05.606+0000] {processor.py:161} INFO - Started process (PID=2458) to work on /home/airflow/.local/lib/python3.12/site-packages/airflow/example_dags/example_sensors.py
[2026-06-16T23:36:05.607+0000] {processor.py:830} INFO - Processing file /home/airflow/.local/lib/python3.12/site-packages/airflow/example_dags/example_sensors.py for tasks to queue
[2026-06-16T23:36:05.609+0000] {logging_mixin.py:188} INFO - [2026-06-16T23:36:05.609+0000] {dagbag.py:545} INFO - Filling up the DagBag from /home/airflow/.local/lib/python3.12/site-packages/airflow/example_dags/example_sensors.py
[2026-06-16T23:36:05.620+0000] {processor.py:840} INFO - DAG(s) 'example_sensors' retrieved from /home/airflow/.local/lib/python3.12/site-packages/airflow/example_dags/example_sensors.py
[2026-06-16T23:36:05.654+0000] {logging_mixin.py:188} INFO - [2026-06-16T23:36:05.654+0000] {dag.py:3089} INFO - Sync 1 DAGs
[2026-06-16T23:36:05.670+0000] {logging_mixin.py:188} INFO - [2026-06-16T23:36:05.670+0000] {dag.py:3947} INFO - Setting next_dagrun for example_sensors to None, run_after=None
[2026-06-16T23:36:05.697+0000] {processor.py:183} INFO - Processing /home/airflow/.local/lib/python3.12/site-packages/airflow/example_dags/example_sensors.py took 0.098 seconds
[2026-06-16T23:36:36.083+0000] {processor.py:161} INFO - Started process (PID=2516) to work on /home/airflow/.local/lib/python3.12/site-packages/airflow/example_dags/example_sensors.py
[2026-06-16T23:36:36.084+0000] {processor.py:830} INFO - Processing file /home/airflow/.local/lib/python3.12/site-packages/airflow/example_dags/example_sensors.py for tasks to queue
[2026-06-16T23:36:36.086+0000] {logging_mixin.py:188} INFO - [2026-06-16T23:36:36.086+0000] {dagbag.py:545} INFO - Filling up the DagBag from /home/airflow/.local/lib/python3.12/site-packages/airflow/example_dags/example_sensors.py
[2026-06-16T23:36:36.097+0000] {processor.py:840} INFO - DAG(s) 'example_sensors' retrieved from /home/airflow/.local/lib/python3.12/site-packages/airflow/example_dags/example_sensors.py
[2026-06-16T23:36:36.130+0000] {logging_mixin.py:188} INFO - [2026-06-16T23:36:36.130+0000] {dag.py:3089} INFO - Sync 1 DAGs
[2026-06-16T23:36:36.147+0000] {logging_mixin.py:188} INFO - [2026-06-16T23:36:36.147+0000] {dag.py:3947} INFO - Setting next_dagrun for example_sensors to None, run_after=None
[2026-06-16T23:36:36.167+0000] {processor.py:183} INFO - Processing /home/airflow/.local/lib/python3.12/site-packages/airflow/example_dags/example_sensors.py took 0.091 seconds
[2026-06-16T23:37:06.434+0000] {processor.py:161} INFO - Started process (PID=2574) to work on /home/airflow/.local/lib/python3.12/site-packages/airflow/example_dags/example_sensors.py
[2026-06-16T23:37:06.435+0000] {processor.py:830} INFO - Processing file /home/airflow/.local/lib/python3.12/site-packages/airflow/example_dags/example_sensors.py for tasks to queue
[2026-06-16T23:37:06.437+0000] {logging_mixin.py:188} INFO - [2026-06-16T23:37:06.437+0000] {dagbag.py:545} INFO - Filling up the DagBag from /home/airflow/.local/lib/python3.12/site-packages/airflow/example_dags/example_sensors.py
[2026-06-16T23:37:06.448+0000] {processor.py:840} INFO - DAG(s) 'example_sensors' retrieved from /home/airflow/.local/lib/python3.12/site-packages/airflow/example_dags/example_sensors.py
[2026-06-16T23:37:06.480+0000] {logging_mixin.py:188} INFO - [2026-06-16T23:37:06.480+0000] {dag.py:3089} INFO - Sync 1 DAGs
[2026-06-16T23:37:06.496+0000] {logging_mixin.py:188} INFO - [2026-06-16T23:37:06.495+0000] {dag.py:3947} INFO - Setting next_dagrun for example_sensors to None, run_after=None
[2026-06-16T23:37:06.517+0000] {processor.py:183} INFO - Processing /home/airflow/.local/lib/python3.12/site-packages/airflow/example_dags/example_sensors.py took 0.090 seconds
[2026-06-16T23:37:37.097+0000] {processor.py:161} INFO - Started process (PID=2632) to work on /home/airflow/.local/lib/python3.12/site-packages/airflow/example_dags/example_sensors.py
[2026-06-16T23:37:37.099+0000] {processor.py:830} INFO - Processing file /home/airflow/.local/lib/python3.12/site-packages/airflow/example_dags/example_sensors.py for tasks to queue
[2026-06-16T23:37:37.103+0000] {logging_mixin.py:188} INFO - [2026-06-16T23:37:37.102+0000] {dagbag.py:545} INFO - Filling up the DagBag from /home/airflow/.local/lib/python3.12/site-packages/airflow/example_dags/example_sensors.py
[2026-06-16T23:37:37.124+0000] {processor.py:840} INFO - DAG(s) 'example_sensors' retrieved from /home/airflow/.local/lib/python3.12/site-packages/airflow/example_dags/example_sensors.py
[2026-06-16T23:37:37.193+0000] {logging_mixin.py:188} INFO - [2026-06-16T23:37:37.193+0000] {dag.py:3089} INFO - Sync 1 DAGs
[2026-06-16T23:37:37.209+0000] {logging_mixin.py:188} INFO - [2026-06-16T23:37:37.209+0000] {dag.py:3947} INFO - Setting next_dagrun for example_sensors to None, run_after=None
[2026-06-16T23:37:37.244+0000] {processor.py:183} INFO - Processing /home/airflow/.local/lib/python3.12/site-packages/airflow/example_dags/example_sensors.py took 0.172 seconds
[2026-06-16T23:38:07.346+0000] {processor.py:161} INFO - Started process (PID=2691) to work on /home/airflow/.local/lib/python3.12/site-packages/airflow/example_dags/example_sensors.py
[2026-06-16T23:38:07.347+0000] {processor.py:830} INFO - Processing file /home/airflow/.local/lib/python3.12/site-packages/airflow/example_dags/example_sensors.py for tasks to queue
[2026-06-16T23:38:07.349+0000] {logging_mixin.py:188} INFO - [2026-06-16T23:38:07.349+0000] {dagbag.py:545} INFO - Filling up the DagBag from /home/airflow/.local/lib/python3.12/site-packages/airflow/example_dags/example_sensors.py
[2026-06-16T23:38:07.361+0000] {processor.py:840} INFO - DAG(s) 'example_sensors' retrieved from /home/airflow/.local/lib/python3.12/site-packages/airflow/example_dags/example_sensors.py
[2026-06-16T23:38:07.389+0000] {logging_mixin.py:188} INFO - [2026-06-16T23:38:07.389+0000] {dag.py:3089} INFO - Sync 1 DAGs
[2026-06-16T23:38:07.401+0000] {logging_mixin.py:188} INFO - [2026-06-16T23:38:07.401+0000] {dag.py:3947} INFO - Setting next_dagrun for example_sensors to None, run_after=None
[2026-06-16T23:38:07.416+0000] {processor.py:183} INFO - Processing /home/airflow/.local/lib/python3.12/site-packages/airflow/example_dags/example_sensors.py took 0.078 seconds
[2026-06-16T23:38:37.684+0000] {processor.py:161} INFO - Started process (PID=2749) to work on /home/airflow/.local/lib/python3.12/site-packages/airflow/example_dags/example_sensors.py
[2026-06-16T23:38:37.687+0000] {processor.py:830} INFO - Processing file /home/airflow/.local/lib/python3.12/site-packages/airflow/example_dags/example_sensors.py for tasks to queue
[2026-06-16T23:38:37.695+0000] {logging_mixin.py:188} INFO - [2026-06-16T23:38:37.695+0000] {dagbag.py:545} INFO - Filling up the DagBag from /home/airflow/.local/lib/python3.12/site-packages/airflow/example_dags/example_sensors.py
[2026-06-16T23:38:37.766+0000] {processor.py:840} INFO - DAG(s) 'example_sensors' retrieved from /home/airflow/.local/lib/python3.12/site-packages/airflow/example_dags/example_sensors.py
[2026-06-16T23:38:37.844+0000] {logging_mixin.py:188} INFO - [2026-06-16T23:38:37.844+0000] {dag.py:3089} INFO - Sync 1 DAGs
[2026-06-16T23:38:37.872+0000] {logging_mixin.py:188} INFO - [2026-06-16T23:38:37.871+0000] {dag.py:3947} INFO - Setting next_dagrun for example_sensors to None, run_after=None
[2026-06-16T23:38:37.906+0000] {processor.py:183} INFO - Processing /home/airflow/.local/lib/python3.12/site-packages/airflow/example_dags/example_sensors.py took 0.249 seconds
[2026-06-16T23:39:07.949+0000] {processor.py:161} INFO - Started process (PID=2807) to work on /home/airflow/.local/lib/python3.12/site-packages/airflow/example_dags/example_sensors.py
[2026-06-16T23:39:07.949+0000] {processor.py:830} INFO - Processing file /home/airflow/.local/lib/python3.12/site-packages/airflow/example_dags/example_sensors.py for tasks to queue
[2026-06-16T23:39:07.951+0000] {logging_mixin.py:188} INFO - [2026-06-16T23:39:07.951+0000] {dagbag.py:545} INFO - Filling up the DagBag from /home/airflow/.local/lib/python3.12/site-packages/airflow/example_dags/example_sensors.py
[2026-06-16T23:39:07.959+0000] {processor.py:840} INFO - DAG(s) 'example_sensors' retrieved from /home/airflow/.local/lib/python3.12/site-packages/airflow/example_dags/example_sensors.py
[2026-06-16T23:39:07.981+0000] {logging_mixin.py:188} INFO - [2026-06-16T23:39:07.981+0000] {dag.py:3089} INFO - Sync 1 DAGs
[2026-06-16T23:39:07.992+0000] {logging_mixin.py:188} INFO - [2026-06-16T23:39:07.992+0000] {dag.py:3947} INFO - Setting next_dagrun for example_sensors to None, run_after=None
[2026-06-16T23:39:08.007+0000] {processor.py:183} INFO - Processing /home/airflow/.local/lib/python3.12/site-packages/airflow/example_dags/example_sensors.py took 0.064 seconds
[2026-06-16T23:39:38.264+0000] {processor.py:161} INFO - Started process (PID=2865) to work on /home/airflow/.local/lib/python3.12/site-packages/airflow/example_dags/example_sensors.py
[2026-06-16T23:39:38.265+0000] {processor.py:830} INFO - Processing file /home/airflow/.local/lib/python3.12/site-packages/airflow/example_dags/example_sensors.py for tasks to queue
[2026-06-16T23:39:38.267+0000] {logging_mixin.py:188} INFO - [2026-06-16T23:39:38.267+0000] {dagbag.py:545} INFO - Filling up the DagBag from /home/airflow/.local/lib/python3.12/site-packages/airflow/example_dags/example_sensors.py
[2026-06-16T23:39:38.278+0000] {processor.py:840} INFO - DAG(s) 'example_sensors' retrieved from /home/airflow/.local/lib/python3.12/site-packages/airflow/example_dags/example_sensors.py
[2026-06-16T23:39:38.316+0000] {logging_mixin.py:188} INFO - [2026-06-16T23:39:38.316+0000] {dag.py:3089} INFO - Sync 1 DAGs
[2026-06-16T23:39:38.328+0000] {logging_mixin.py:188} INFO - [2026-06-16T23:39:38.328+0000] {dag.py:3947} INFO - Setting next_dagrun for example_sensors to None, run_after=None
[2026-06-16T23:39:38.344+0000] {processor.py:183} INFO - Processing /home/airflow/.local/lib/python3.12/site-packages/airflow/example_dags/example_sensors.py took 0.087 seconds
[2026-06-16T23:40:08.778+0000] {processor.py:161} INFO - Started process (PID=2923) to work on /home/airflow/.local/lib/python3.12/site-packages/airflow/example_dags/example_sensors.py
[2026-06-16T23:40:08.779+0000] {processor.py:830} INFO - Processing file /home/airflow/.local/lib/python3.12/site-packages/airflow/example_dags/example_sensors.py for tasks to queue
[2026-06-16T23:40:08.780+0000] {logging_mixin.py:188} INFO - [2026-06-16T23:40:08.780+0000] {dagbag.py:545} INFO - Filling up the DagBag from /home/airflow/.local/lib/python3.12/site-packages/airflow/example_dags/example_sensors.py
[2026-06-16T23:40:08.788+0000] {processor.py:840} INFO - DAG(s) 'example_sensors' retrieved from /home/airflow/.local/lib/python3.12/site-packages/airflow/example_dags/example_sensors.py
[2026-06-16T23:40:08.812+0000] {logging_mixin.py:188} INFO - [2026-06-16T23:40:08.812+0000] {dag.py:3089} INFO - Sync 1 DAGs
[2026-06-16T23:40:08.826+0000] {logging_mixin.py:188} INFO - [2026-06-16T23:40:08.825+0000] {dag.py:3947} INFO - Setting next_dagrun for example_sensors to None, run_after=None
[2026-06-16T23:40:08.841+0000] {processor.py:183} INFO - Processing /home/airflow/.local/lib/python3.12/site-packages/airflow/example_dags/example_sensors.py took 0.069 seconds
[2026-06-16T23:40:39.155+0000] {processor.py:161} INFO - Started process (PID=2980) to work on /home/airflow/.local/lib/python3.12/site-packages/airflow/example_dags/example_sensors.py
[2026-06-16T23:40:39.156+0000] {processor.py:830} INFO - Processing file /home/airflow/.local/lib/python3.12/site-packages/airflow/example_dags/example_sensors.py for tasks to queue
[2026-06-16T23:40:39.157+0000] {logging_mixin.py:188} INFO - [2026-06-16T23:40:39.157+0000] {dagbag.py:545} INFO - Filling up the DagBag from /home/airflow/.local/lib/python3.12/site-packages/airflow/example_dags/example_sensors.py
[2026-06-16T23:40:39.165+0000] {processor.py:840} INFO - DAG(s) 'example_sensors' retrieved from /home/airflow/.local/lib/python3.12/site-packages/airflow/example_dags/example_sensors.py
[2026-06-16T23:40:39.188+0000] {logging_mixin.py:188} INFO - [2026-06-16T23:40:39.188+0000] {dag.py:3089} INFO - Sync 1 DAGs
[2026-06-16T23:40:39.199+0000] {logging_mixin.py:188} INFO - [2026-06-16T23:40:39.199+0000] {dag.py:3947} INFO - Setting next_dagrun for example_sensors to None, run_after=None
[2026-06-16T23:40:39.215+0000] {processor.py:183} INFO - Processing /home/airflow/.local/lib/python3.12/site-packages/airflow/example_dags/example_sensors.py took 0.066 seconds
[2026-06-16T23:41:09.661+0000] {processor.py:161} INFO - Started process (PID=3038) to work on /home/airflow/.local/lib/python3.12/site-packages/airflow/example_dags/example_sensors.py
[2026-06-16T23:41:09.662+0000] {processor.py:830} INFO - Processing file /home/airflow/.local/lib/python3.12/site-packages/airflow/example_dags/example_sensors.py for tasks to queue
[2026-06-16T23:41:09.664+0000] {logging_mixin.py:188} INFO - [2026-06-16T23:41:09.663+0000] {dagbag.py:545} INFO - Filling up the DagBag from /home/airflow/.local/lib/python3.12/site-packages/airflow/example_dags/example_sensors.py
[2026-06-16T23:41:09.672+0000] {processor.py:840} INFO - DAG(s) 'example_sensors' retrieved from /home/airflow/.local/lib/python3.12/site-packages/airflow/example_dags/example_sensors.py
[2026-06-16T23:41:09.696+0000] {logging_mixin.py:188} INFO - [2026-06-16T23:41:09.696+0000] {dag.py:3089} INFO - Sync 1 DAGs
[2026-06-16T23:41:09.708+0000] {logging_mixin.py:188} INFO - [2026-06-16T23:41:09.708+0000] {dag.py:3947} INFO - Setting next_dagrun for example_sensors to None, run_after=None
[2026-06-16T23:41:09.724+0000] {processor.py:183} INFO - Processing /home/airflow/.local/lib/python3.12/site-packages/airflow/example_dags/example_sensors.py took 0.069 seconds
[2026-06-16T23:41:40.029+0000] {processor.py:161} INFO - Started process (PID=3095) to work on /home/airflow/.local/lib/python3.12/site-packages/airflow/example_dags/example_sensors.py
[2026-06-16T23:41:40.030+0000] {processor.py:830} INFO - Processing file /home/airflow/.local/lib/python3.12/site-packages/airflow/example_dags/example_sensors.py for tasks to queue
[2026-06-16T23:41:40.032+0000] {logging_mixin.py:188} INFO - [2026-06-16T23:41:40.031+0000] {dagbag.py:545} INFO - Filling up the DagBag from /home/airflow/.local/lib/python3.12/site-packages/airflow/example_dags/example_sensors.py
[2026-06-16T23:41:40.039+0000] {processor.py:840} INFO - DAG(s) 'example_sensors' retrieved from /home/airflow/.local/lib/python3.12/site-packages/airflow/example_dags/example_sensors.py
[2026-06-16T23:41:40.064+0000] {logging_mixin.py:188} INFO - [2026-06-16T23:41:40.063+0000] {dag.py:3089} INFO - Sync 1 DAGs
[2026-06-16T23:41:40.076+0000] {logging_mixin.py:188} INFO - [2026-06-16T23:41:40.075+0000] {dag.py:3947} INFO - Setting next_dagrun for example_sensors to None, run_after=None
[2026-06-16T23:41:40.093+0000] {processor.py:183} INFO - Processing /home/airflow/.local/lib/python3.12/site-packages/airflow/example_dags/example_sensors.py took 0.069 seconds
[2026-06-16T23:42:10.322+0000] {processor.py:161} INFO - Started process (PID=3151) to work on /home/airflow/.local/lib/python3.12/site-packages/airflow/example_dags/example_sensors.py
[2026-06-16T23:42:10.323+0000] {processor.py:830} INFO - Processing file /home/airflow/.local/lib/python3.12/site-packages/airflow/example_dags/example_sensors.py for tasks to queue
[2026-06-16T23:42:10.325+0000] {logging_mixin.py:188} INFO - [2026-06-16T23:42:10.324+0000] {dagbag.py:545} INFO - Filling up the DagBag from /home/airflow/.local/lib/python3.12/site-packages/airflow/example_dags/example_sensors.py
[2026-06-16T23:42:10.337+0000] {processor.py:840} INFO - DAG(s) 'example_sensors' retrieved from /home/airflow/.local/lib/python3.12/site-packages/airflow/example_dags/example_sensors.py
[2026-06-16T23:42:10.376+0000] {logging_mixin.py:188} INFO - [2026-06-16T23:42:10.376+0000] {dag.py:3089} INFO - Sync 1 DAGs
[2026-06-16T23:42:10.391+0000] {logging_mixin.py:188} INFO - [2026-06-16T23:42:10.391+0000] {dag.py:3947} INFO - Setting next_dagrun for example_sensors to None, run_after=None
[2026-06-16T23:42:10.411+0000] {processor.py:183} INFO - Processing /home/airflow/.local/lib/python3.12/site-packages/airflow/example_dags/example_sensors.py took 0.097 seconds
[2026-06-16T23:42:40.684+0000] {processor.py:161} INFO - Started process (PID=3209) to work on /home/airflow/.local/lib/python3.12/site-packages/airflow/example_dags/example_sensors.py
[2026-06-16T23:42:40.685+0000] {processor.py:830} INFO - Processing file /home/airflow/.local/lib/python3.12/site-packages/airflow/example_dags/example_sensors.py for tasks to queue
[2026-06-16T23:42:40.687+0000] {logging_mixin.py:188} INFO - [2026-06-16T23:42:40.687+0000] {dagbag.py:545} INFO - Filling up the DagBag from /home/airflow/.local/lib/python3.12/site-packages/airflow/example_dags/example_sensors.py
[2026-06-16T23:42:40.695+0000] {processor.py:840} INFO - DAG(s) 'example_sensors' retrieved from /home/airflow/.local/lib/python3.12/site-packages/airflow/example_dags/example_sensors.py
[2026-06-16T23:42:40.722+0000] {logging_mixin.py:188} INFO - [2026-06-16T23:42:40.721+0000] {dag.py:3089} INFO - Sync 1 DAGs
[2026-06-16T23:42:40.736+0000] {logging_mixin.py:188} INFO - [2026-06-16T23:42:40.736+0000] {dag.py:3947} INFO - Setting next_dagrun for example_sensors to None, run_after=None
[2026-06-16T23:42:40.756+0000] {processor.py:183} INFO - Processing /home/airflow/.local/lib/python3.12/site-packages/airflow/example_dags/example_sensors.py took 0.079 seconds
[2026-06-16T23:43:11.599+0000] {processor.py:161} INFO - Started process (PID=3266) to work on /home/airflow/.local/lib/python3.12/site-packages/airflow/example_dags/example_sensors.py
[2026-06-16T23:43:11.599+0000] {processor.py:830} INFO - Processing file /home/airflow/.local/lib/python3.12/site-packages/airflow/example_dags/example_sensors.py for tasks to queue
[2026-06-16T23:43:11.601+0000] {logging_mixin.py:188} INFO - [2026-06-16T23:43:11.601+0000] {dagbag.py:545} INFO - Filling up the DagBag from /home/airflow/.local/lib/python3.12/site-packages/airflow/example_dags/example_sensors.py
[2026-06-16T23:43:11.613+0000] {processor.py:840} INFO - DAG(s) 'example_sensors' retrieved from /home/airflow/.local/lib/python3.12/site-packages/airflow/example_dags/example_sensors.py
[2026-06-16T23:43:11.645+0000] {logging_mixin.py:188} INFO - [2026-06-16T23:43:11.645+0000] {dag.py:3089} INFO - Sync 1 DAGs
[2026-06-16T23:43:11.662+0000] {logging_mixin.py:188} INFO - [2026-06-16T23:43:11.661+0000] {dag.py:3947} INFO - Setting next_dagrun for example_sensors to None, run_after=None
[2026-06-16T23:43:11.682+0000] {processor.py:183} INFO - Processing /home/airflow/.local/lib/python3.12/site-packages/airflow/example_dags/example_sensors.py took 0.092 seconds
[2026-06-16T23:43:42.159+0000] {processor.py:161} INFO - Started process (PID=3324) to work on /home/airflow/.local/lib/python3.12/site-packages/airflow/example_dags/example_sensors.py
[2026-06-16T23:43:42.160+0000] {processor.py:830} INFO - Processing file /home/airflow/.local/lib/python3.12/site-packages/airflow/example_dags/example_sensors.py for tasks to queue
[2026-06-16T23:43:42.162+0000] {logging_mixin.py:188} INFO - [2026-06-16T23:43:42.161+0000] {dagbag.py:545} INFO - Filling up the DagBag from /home/airflow/.local/lib/python3.12/site-packages/airflow/example_dags/example_sensors.py
[2026-06-16T23:43:42.169+0000] {processor.py:840} INFO - DAG(s) 'example_sensors' retrieved from /home/airflow/.local/lib/python3.12/site-packages/airflow/example_dags/example_sensors.py
[2026-06-16T23:43:42.193+0000] {logging_mixin.py:188} INFO - [2026-06-16T23:43:42.192+0000] {dag.py:3089} INFO - Sync 1 DAGs
[2026-06-16T23:43:42.204+0000] {logging_mixin.py:188} INFO - [2026-06-16T23:43:42.204+0000] {dag.py:3947} INFO - Setting next_dagrun for example_sensors to None, run_after=None
[2026-06-16T23:43:42.220+0000] {processor.py:183} INFO - Processing /home/airflow/.local/lib/python3.12/site-packages/airflow/example_dags/example_sensors.py took 0.066 seconds
