[2026-06-16T23:15:13.809+0000] {processor.py:161} INFO - Started process (PID=96) to work on /home/airflow/.local/lib/python3.12/site-packages/airflow/example_dags/example_nested_branch_dag.py
[2026-06-16T23:15:13.810+0000] {processor.py:830} INFO - Processing file /home/airflow/.local/lib/python3.12/site-packages/airflow/example_dags/example_nested_branch_dag.py for tasks to queue
[2026-06-16T23:15:13.813+0000] {logging_mixin.py:188} INFO - [2026-06-16T23:15:13.812+0000] {dagbag.py:545} INFO - Filling up the DagBag from /home/airflow/.local/lib/python3.12/site-packages/airflow/example_dags/example_nested_branch_dag.py
[2026-06-16T23:15:13.872+0000] {processor.py:840} INFO - DAG(s) 'example_nested_branch_dag' retrieved from /home/airflow/.local/lib/python3.12/site-packages/airflow/example_dags/example_nested_branch_dag.py
[2026-06-16T23:15:14.046+0000] {logging_mixin.py:188} INFO - [2026-06-16T23:15:14.045+0000] {dag.py:3089} INFO - Sync 1 DAGs
[2026-06-16T23:15:14.164+0000] {logging_mixin.py:188} INFO - [2026-06-16T23:15:14.164+0000] {dag.py:3947} INFO - Setting next_dagrun for example_nested_branch_dag to 2026-06-15 00:00:00+00:00, run_after=2026-06-16 00:00:00+00:00
[2026-06-16T23:15:14.258+0000] {processor.py:183} INFO - Processing /home/airflow/.local/lib/python3.12/site-packages/airflow/example_dags/example_nested_branch_dag.py took 0.465 seconds
[2026-06-16T23:15:44.353+0000] {processor.py:161} INFO - Started process (PID=153) to work on /home/airflow/.local/lib/python3.12/site-packages/airflow/example_dags/example_nested_branch_dag.py
[2026-06-16T23:15:44.355+0000] {processor.py:830} INFO - Processing file /home/airflow/.local/lib/python3.12/site-packages/airflow/example_dags/example_nested_branch_dag.py for tasks to queue
[2026-06-16T23:15:44.357+0000] {logging_mixin.py:188} INFO - [2026-06-16T23:15:44.357+0000] {dagbag.py:545} INFO - Filling up the DagBag from /home/airflow/.local/lib/python3.12/site-packages/airflow/example_dags/example_nested_branch_dag.py
[2026-06-16T23:15:44.369+0000] {processor.py:840} INFO - DAG(s) 'example_nested_branch_dag' retrieved from /home/airflow/.local/lib/python3.12/site-packages/airflow/example_dags/example_nested_branch_dag.py
[2026-06-16T23:15:44.394+0000] {logging_mixin.py:188} INFO - [2026-06-16T23:15:44.393+0000] {dag.py:3089} INFO - Sync 1 DAGs
[2026-06-16T23:15:44.422+0000] {logging_mixin.py:188} INFO - [2026-06-16T23:15:44.421+0000] {dag.py:3947} INFO - Setting next_dagrun for example_nested_branch_dag to 2026-06-15 00:00:00+00:00, run_after=2026-06-16 00:00:00+00:00
[2026-06-16T23:15:44.443+0000] {processor.py:183} INFO - Processing /home/airflow/.local/lib/python3.12/site-packages/airflow/example_dags/example_nested_branch_dag.py took 0.097 seconds
[2026-06-16T23:16:14.542+0000] {processor.py:161} INFO - Started process (PID=211) to work on /home/airflow/.local/lib/python3.12/site-packages/airflow/example_dags/example_nested_branch_dag.py
[2026-06-16T23:16:14.543+0000] {processor.py:830} INFO - Processing file /home/airflow/.local/lib/python3.12/site-packages/airflow/example_dags/example_nested_branch_dag.py for tasks to queue
[2026-06-16T23:16:14.546+0000] {logging_mixin.py:188} INFO - [2026-06-16T23:16:14.545+0000] {dagbag.py:545} INFO - Filling up the DagBag from /home/airflow/.local/lib/python3.12/site-packages/airflow/example_dags/example_nested_branch_dag.py
[2026-06-16T23:16:14.558+0000] {processor.py:840} INFO - DAG(s) 'example_nested_branch_dag' retrieved from /home/airflow/.local/lib/python3.12/site-packages/airflow/example_dags/example_nested_branch_dag.py
[2026-06-16T23:16:14.583+0000] {logging_mixin.py:188} INFO - [2026-06-16T23:16:14.583+0000] {dag.py:3089} INFO - Sync 1 DAGs
[2026-06-16T23:16:14.610+0000] {logging_mixin.py:188} INFO - [2026-06-16T23:16:14.610+0000] {dag.py:3947} INFO - Setting next_dagrun for example_nested_branch_dag to 2026-06-15 00:00:00+00:00, run_after=2026-06-16 00:00:00+00:00
[2026-06-16T23:16:14.629+0000] {processor.py:183} INFO - Processing /home/airflow/.local/lib/python3.12/site-packages/airflow/example_dags/example_nested_branch_dag.py took 0.093 seconds
[2026-06-16T23:16:44.833+0000] {processor.py:161} INFO - Started process (PID=269) to work on /home/airflow/.local/lib/python3.12/site-packages/airflow/example_dags/example_nested_branch_dag.py
[2026-06-16T23:16:44.834+0000] {processor.py:830} INFO - Processing file /home/airflow/.local/lib/python3.12/site-packages/airflow/example_dags/example_nested_branch_dag.py for tasks to queue
[2026-06-16T23:16:44.836+0000] {logging_mixin.py:188} INFO - [2026-06-16T23:16:44.835+0000] {dagbag.py:545} INFO - Filling up the DagBag from /home/airflow/.local/lib/python3.12/site-packages/airflow/example_dags/example_nested_branch_dag.py
[2026-06-16T23:16:44.845+0000] {processor.py:840} INFO - DAG(s) 'example_nested_branch_dag' retrieved from /home/airflow/.local/lib/python3.12/site-packages/airflow/example_dags/example_nested_branch_dag.py
[2026-06-16T23:16:44.865+0000] {logging_mixin.py:188} INFO - [2026-06-16T23:16:44.864+0000] {dag.py:3089} INFO - Sync 1 DAGs
[2026-06-16T23:16:44.884+0000] {logging_mixin.py:188} INFO - [2026-06-16T23:16:44.883+0000] {dag.py:3947} INFO - Setting next_dagrun for example_nested_branch_dag to 2026-06-15 00:00:00+00:00, run_after=2026-06-16 00:00:00+00:00
[2026-06-16T23:16:44.899+0000] {processor.py:183} INFO - Processing /home/airflow/.local/lib/python3.12/site-packages/airflow/example_dags/example_nested_branch_dag.py took 0.071 seconds
[2026-06-16T23:17:15.148+0000] {processor.py:161} INFO - Started process (PID=327) to work on /home/airflow/.local/lib/python3.12/site-packages/airflow/example_dags/example_nested_branch_dag.py
[2026-06-16T23:17:15.149+0000] {processor.py:830} INFO - Processing file /home/airflow/.local/lib/python3.12/site-packages/airflow/example_dags/example_nested_branch_dag.py for tasks to queue
[2026-06-16T23:17:15.151+0000] {logging_mixin.py:188} INFO - [2026-06-16T23:17:15.151+0000] {dagbag.py:545} INFO - Filling up the DagBag from /home/airflow/.local/lib/python3.12/site-packages/airflow/example_dags/example_nested_branch_dag.py
[2026-06-16T23:17:15.163+0000] {processor.py:840} INFO - DAG(s) 'example_nested_branch_dag' retrieved from /home/airflow/.local/lib/python3.12/site-packages/airflow/example_dags/example_nested_branch_dag.py
[2026-06-16T23:17:15.190+0000] {logging_mixin.py:188} INFO - [2026-06-16T23:17:15.190+0000] {dag.py:3089} INFO - Sync 1 DAGs
[2026-06-16T23:17:15.218+0000] {logging_mixin.py:188} INFO - [2026-06-16T23:17:15.217+0000] {dag.py:3947} INFO - Setting next_dagrun for example_nested_branch_dag to 2026-06-15 00:00:00+00:00, run_after=2026-06-16 00:00:00+00:00
[2026-06-16T23:17:15.236+0000] {processor.py:183} INFO - Processing /home/airflow/.local/lib/python3.12/site-packages/airflow/example_dags/example_nested_branch_dag.py took 0.095 seconds
[2026-06-16T23:17:45.852+0000] {processor.py:161} INFO - Started process (PID=385) to work on /home/airflow/.local/lib/python3.12/site-packages/airflow/example_dags/example_nested_branch_dag.py
[2026-06-16T23:17:45.853+0000] {processor.py:830} INFO - Processing file /home/airflow/.local/lib/python3.12/site-packages/airflow/example_dags/example_nested_branch_dag.py for tasks to queue
[2026-06-16T23:17:45.855+0000] {logging_mixin.py:188} INFO - [2026-06-16T23:17:45.855+0000] {dagbag.py:545} INFO - Filling up the DagBag from /home/airflow/.local/lib/python3.12/site-packages/airflow/example_dags/example_nested_branch_dag.py
[2026-06-16T23:17:45.867+0000] {processor.py:840} INFO - DAG(s) 'example_nested_branch_dag' retrieved from /home/airflow/.local/lib/python3.12/site-packages/airflow/example_dags/example_nested_branch_dag.py
[2026-06-16T23:17:45.892+0000] {logging_mixin.py:188} INFO - [2026-06-16T23:17:45.892+0000] {dag.py:3089} INFO - Sync 1 DAGs
[2026-06-16T23:17:45.917+0000] {logging_mixin.py:188} INFO - [2026-06-16T23:17:45.917+0000] {dag.py:3947} INFO - Setting next_dagrun for example_nested_branch_dag to 2026-06-15 00:00:00+00:00, run_after=2026-06-16 00:00:00+00:00
[2026-06-16T23:17:45.936+0000] {processor.py:183} INFO - Processing /home/airflow/.local/lib/python3.12/site-packages/airflow/example_dags/example_nested_branch_dag.py took 0.091 seconds
[2026-06-16T23:18:16.751+0000] {processor.py:161} INFO - Started process (PID=443) to work on /home/airflow/.local/lib/python3.12/site-packages/airflow/example_dags/example_nested_branch_dag.py
[2026-06-16T23:18:16.752+0000] {processor.py:830} INFO - Processing file /home/airflow/.local/lib/python3.12/site-packages/airflow/example_dags/example_nested_branch_dag.py for tasks to queue
[2026-06-16T23:18:16.754+0000] {logging_mixin.py:188} INFO - [2026-06-16T23:18:16.754+0000] {dagbag.py:545} INFO - Filling up the DagBag from /home/airflow/.local/lib/python3.12/site-packages/airflow/example_dags/example_nested_branch_dag.py
[2026-06-16T23:18:16.767+0000] {processor.py:840} INFO - DAG(s) 'example_nested_branch_dag' retrieved from /home/airflow/.local/lib/python3.12/site-packages/airflow/example_dags/example_nested_branch_dag.py
[2026-06-16T23:18:16.832+0000] {logging_mixin.py:188} INFO - [2026-06-16T23:18:16.832+0000] {dag.py:3089} INFO - Sync 1 DAGs
[2026-06-16T23:18:16.862+0000] {logging_mixin.py:188} INFO - [2026-06-16T23:18:16.861+0000] {dag.py:3947} INFO - Setting next_dagrun for example_nested_branch_dag to 2026-06-15 00:00:00+00:00, run_after=2026-06-16 00:00:00+00:00
[2026-06-16T23:18:16.877+0000] {processor.py:183} INFO - Processing /home/airflow/.local/lib/python3.12/site-packages/airflow/example_dags/example_nested_branch_dag.py took 0.133 seconds
[2026-06-16T23:18:47.145+0000] {processor.py:161} INFO - Started process (PID=501) to work on /home/airflow/.local/lib/python3.12/site-packages/airflow/example_dags/example_nested_branch_dag.py
[2026-06-16T23:18:47.149+0000] {processor.py:830} INFO - Processing file /home/airflow/.local/lib/python3.12/site-packages/airflow/example_dags/example_nested_branch_dag.py for tasks to queue
[2026-06-16T23:18:47.153+0000] {logging_mixin.py:188} INFO - [2026-06-16T23:18:47.150+0000] {dagbag.py:545} INFO - Filling up the DagBag from /home/airflow/.local/lib/python3.12/site-packages/airflow/example_dags/example_nested_branch_dag.py
[2026-06-16T23:18:47.181+0000] {processor.py:840} INFO - DAG(s) 'example_nested_branch_dag' retrieved from /home/airflow/.local/lib/python3.12/site-packages/airflow/example_dags/example_nested_branch_dag.py
[2026-06-16T23:18:47.233+0000] {logging_mixin.py:188} INFO - [2026-06-16T23:18:47.233+0000] {dag.py:3089} INFO - Sync 1 DAGs
[2026-06-16T23:18:47.304+0000] {logging_mixin.py:188} INFO - [2026-06-16T23:18:47.304+0000] {dag.py:3947} INFO - Setting next_dagrun for example_nested_branch_dag to 2026-06-15 00:00:00+00:00, run_after=2026-06-16 00:00:00+00:00
[2026-06-16T23:18:47.346+0000] {processor.py:183} INFO - Processing /home/airflow/.local/lib/python3.12/site-packages/airflow/example_dags/example_nested_branch_dag.py took 0.229 seconds
[2026-06-16T23:19:18.198+0000] {processor.py:161} INFO - Started process (PID=559) to work on /home/airflow/.local/lib/python3.12/site-packages/airflow/example_dags/example_nested_branch_dag.py
[2026-06-16T23:19:18.205+0000] {processor.py:830} INFO - Processing file /home/airflow/.local/lib/python3.12/site-packages/airflow/example_dags/example_nested_branch_dag.py for tasks to queue
[2026-06-16T23:19:18.211+0000] {logging_mixin.py:188} INFO - [2026-06-16T23:19:18.211+0000] {dagbag.py:545} INFO - Filling up the DagBag from /home/airflow/.local/lib/python3.12/site-packages/airflow/example_dags/example_nested_branch_dag.py
[2026-06-16T23:19:18.255+0000] {processor.py:840} INFO - DAG(s) 'example_nested_branch_dag' retrieved from /home/airflow/.local/lib/python3.12/site-packages/airflow/example_dags/example_nested_branch_dag.py
[2026-06-16T23:19:18.370+0000] {logging_mixin.py:188} INFO - [2026-06-16T23:19:18.365+0000] {dag.py:3089} INFO - Sync 1 DAGs
[2026-06-16T23:19:18.488+0000] {logging_mixin.py:188} INFO - [2026-06-16T23:19:18.488+0000] {dag.py:3947} INFO - Setting next_dagrun for example_nested_branch_dag to 2026-06-15 00:00:00+00:00, run_after=2026-06-16 00:00:00+00:00
[2026-06-16T23:19:18.539+0000] {processor.py:183} INFO - Processing /home/airflow/.local/lib/python3.12/site-packages/airflow/example_dags/example_nested_branch_dag.py took 0.363 seconds
[2026-06-16T23:19:48.963+0000] {processor.py:161} INFO - Started process (PID=617) to work on /home/airflow/.local/lib/python3.12/site-packages/airflow/example_dags/example_nested_branch_dag.py
[2026-06-16T23:19:48.964+0000] {processor.py:830} INFO - Processing file /home/airflow/.local/lib/python3.12/site-packages/airflow/example_dags/example_nested_branch_dag.py for tasks to queue
[2026-06-16T23:19:48.966+0000] {logging_mixin.py:188} INFO - [2026-06-16T23:19:48.966+0000] {dagbag.py:545} INFO - Filling up the DagBag from /home/airflow/.local/lib/python3.12/site-packages/airflow/example_dags/example_nested_branch_dag.py
[2026-06-16T23:19:48.979+0000] {processor.py:840} INFO - DAG(s) 'example_nested_branch_dag' retrieved from /home/airflow/.local/lib/python3.12/site-packages/airflow/example_dags/example_nested_branch_dag.py
[2026-06-16T23:19:49.006+0000] {logging_mixin.py:188} INFO - [2026-06-16T23:19:49.006+0000] {dag.py:3089} INFO - Sync 1 DAGs
[2026-06-16T23:19:49.033+0000] {logging_mixin.py:188} INFO - [2026-06-16T23:19:49.033+0000] {dag.py:3947} INFO - Setting next_dagrun for example_nested_branch_dag to 2026-06-15 00:00:00+00:00, run_after=2026-06-16 00:00:00+00:00
[2026-06-16T23:19:49.055+0000] {processor.py:183} INFO - Processing /home/airflow/.local/lib/python3.12/site-packages/airflow/example_dags/example_nested_branch_dag.py took 0.100 seconds
[2026-06-16T23:20:19.105+0000] {processor.py:161} INFO - Started process (PID=675) to work on /home/airflow/.local/lib/python3.12/site-packages/airflow/example_dags/example_nested_branch_dag.py
[2026-06-16T23:20:19.106+0000] {processor.py:830} INFO - Processing file /home/airflow/.local/lib/python3.12/site-packages/airflow/example_dags/example_nested_branch_dag.py for tasks to queue
[2026-06-16T23:20:19.108+0000] {logging_mixin.py:188} INFO - [2026-06-16T23:20:19.107+0000] {dagbag.py:545} INFO - Filling up the DagBag from /home/airflow/.local/lib/python3.12/site-packages/airflow/example_dags/example_nested_branch_dag.py
[2026-06-16T23:20:19.120+0000] {processor.py:840} INFO - DAG(s) 'example_nested_branch_dag' retrieved from /home/airflow/.local/lib/python3.12/site-packages/airflow/example_dags/example_nested_branch_dag.py
[2026-06-16T23:20:19.148+0000] {logging_mixin.py:188} INFO - [2026-06-16T23:20:19.147+0000] {dag.py:3089} INFO - Sync 1 DAGs
[2026-06-16T23:20:19.176+0000] {logging_mixin.py:188} INFO - [2026-06-16T23:20:19.176+0000] {dag.py:3947} INFO - Setting next_dagrun for example_nested_branch_dag to 2026-06-15 00:00:00+00:00, run_after=2026-06-16 00:00:00+00:00
[2026-06-16T23:20:19.196+0000] {processor.py:183} INFO - Processing /home/airflow/.local/lib/python3.12/site-packages/airflow/example_dags/example_nested_branch_dag.py took 0.098 seconds
[2026-06-16T23:20:49.272+0000] {processor.py:161} INFO - Started process (PID=731) to work on /home/airflow/.local/lib/python3.12/site-packages/airflow/example_dags/example_nested_branch_dag.py
[2026-06-16T23:20:49.272+0000] {processor.py:830} INFO - Processing file /home/airflow/.local/lib/python3.12/site-packages/airflow/example_dags/example_nested_branch_dag.py for tasks to queue
[2026-06-16T23:20:49.274+0000] {logging_mixin.py:188} INFO - [2026-06-16T23:20:49.274+0000] {dagbag.py:545} INFO - Filling up the DagBag from /home/airflow/.local/lib/python3.12/site-packages/airflow/example_dags/example_nested_branch_dag.py
[2026-06-16T23:20:49.283+0000] {processor.py:840} INFO - DAG(s) 'example_nested_branch_dag' retrieved from /home/airflow/.local/lib/python3.12/site-packages/airflow/example_dags/example_nested_branch_dag.py
[2026-06-16T23:20:49.303+0000] {logging_mixin.py:188} INFO - [2026-06-16T23:20:49.303+0000] {dag.py:3089} INFO - Sync 1 DAGs
[2026-06-16T23:20:49.323+0000] {logging_mixin.py:188} INFO - [2026-06-16T23:20:49.322+0000] {dag.py:3947} INFO - Setting next_dagrun for example_nested_branch_dag to 2026-06-15 00:00:00+00:00, run_after=2026-06-16 00:00:00+00:00
[2026-06-16T23:20:49.338+0000] {processor.py:183} INFO - Processing /home/airflow/.local/lib/python3.12/site-packages/airflow/example_dags/example_nested_branch_dag.py took 0.072 seconds
[2026-06-16T23:21:19.580+0000] {processor.py:161} INFO - Started process (PID=789) to work on /home/airflow/.local/lib/python3.12/site-packages/airflow/example_dags/example_nested_branch_dag.py
[2026-06-16T23:21:19.580+0000] {processor.py:830} INFO - Processing file /home/airflow/.local/lib/python3.12/site-packages/airflow/example_dags/example_nested_branch_dag.py for tasks to queue
[2026-06-16T23:21:19.582+0000] {logging_mixin.py:188} INFO - [2026-06-16T23:21:19.582+0000] {dagbag.py:545} INFO - Filling up the DagBag from /home/airflow/.local/lib/python3.12/site-packages/airflow/example_dags/example_nested_branch_dag.py
[2026-06-16T23:21:19.592+0000] {processor.py:840} INFO - DAG(s) 'example_nested_branch_dag' retrieved from /home/airflow/.local/lib/python3.12/site-packages/airflow/example_dags/example_nested_branch_dag.py
[2026-06-16T23:21:19.614+0000] {logging_mixin.py:188} INFO - [2026-06-16T23:21:19.614+0000] {dag.py:3089} INFO - Sync 1 DAGs
[2026-06-16T23:21:19.636+0000] {logging_mixin.py:188} INFO - [2026-06-16T23:21:19.635+0000] {dag.py:3947} INFO - Setting next_dagrun for example_nested_branch_dag to 2026-06-15 00:00:00+00:00, run_after=2026-06-16 00:00:00+00:00
[2026-06-16T23:21:19.653+0000] {processor.py:183} INFO - Processing /home/airflow/.local/lib/python3.12/site-packages/airflow/example_dags/example_nested_branch_dag.py took 0.079 seconds
[2026-06-16T23:21:49.815+0000] {processor.py:161} INFO - Started process (PID=847) to work on /home/airflow/.local/lib/python3.12/site-packages/airflow/example_dags/example_nested_branch_dag.py
[2026-06-16T23:21:49.815+0000] {processor.py:830} INFO - Processing file /home/airflow/.local/lib/python3.12/site-packages/airflow/example_dags/example_nested_branch_dag.py for tasks to queue
[2026-06-16T23:21:49.817+0000] {logging_mixin.py:188} INFO - [2026-06-16T23:21:49.817+0000] {dagbag.py:545} INFO - Filling up the DagBag from /home/airflow/.local/lib/python3.12/site-packages/airflow/example_dags/example_nested_branch_dag.py
[2026-06-16T23:21:49.826+0000] {processor.py:840} INFO - DAG(s) 'example_nested_branch_dag' retrieved from /home/airflow/.local/lib/python3.12/site-packages/airflow/example_dags/example_nested_branch_dag.py
[2026-06-16T23:21:49.845+0000] {logging_mixin.py:188} INFO - [2026-06-16T23:21:49.845+0000] {dag.py:3089} INFO - Sync 1 DAGs
[2026-06-16T23:21:49.865+0000] {logging_mixin.py:188} INFO - [2026-06-16T23:21:49.865+0000] {dag.py:3947} INFO - Setting next_dagrun for example_nested_branch_dag to 2026-06-15 00:00:00+00:00, run_after=2026-06-16 00:00:00+00:00
[2026-06-16T23:21:49.880+0000] {processor.py:183} INFO - Processing /home/airflow/.local/lib/python3.12/site-packages/airflow/example_dags/example_nested_branch_dag.py took 0.071 seconds
[2026-06-16T23:22:20.207+0000] {processor.py:161} INFO - Started process (PID=905) to work on /home/airflow/.local/lib/python3.12/site-packages/airflow/example_dags/example_nested_branch_dag.py
[2026-06-16T23:22:20.208+0000] {processor.py:830} INFO - Processing file /home/airflow/.local/lib/python3.12/site-packages/airflow/example_dags/example_nested_branch_dag.py for tasks to queue
[2026-06-16T23:22:20.210+0000] {logging_mixin.py:188} INFO - [2026-06-16T23:22:20.209+0000] {dagbag.py:545} INFO - Filling up the DagBag from /home/airflow/.local/lib/python3.12/site-packages/airflow/example_dags/example_nested_branch_dag.py
[2026-06-16T23:22:20.218+0000] {processor.py:840} INFO - DAG(s) 'example_nested_branch_dag' retrieved from /home/airflow/.local/lib/python3.12/site-packages/airflow/example_dags/example_nested_branch_dag.py
[2026-06-16T23:22:20.238+0000] {logging_mixin.py:188} INFO - [2026-06-16T23:22:20.238+0000] {dag.py:3089} INFO - Sync 1 DAGs
[2026-06-16T23:22:20.258+0000] {logging_mixin.py:188} INFO - [2026-06-16T23:22:20.257+0000] {dag.py:3947} INFO - Setting next_dagrun for example_nested_branch_dag to 2026-06-15 00:00:00+00:00, run_after=2026-06-16 00:00:00+00:00
[2026-06-16T23:22:20.274+0000] {processor.py:183} INFO - Processing /home/airflow/.local/lib/python3.12/site-packages/airflow/example_dags/example_nested_branch_dag.py took 0.072 seconds
[2026-06-16T23:22:50.743+0000] {processor.py:161} INFO - Started process (PID=963) to work on /home/airflow/.local/lib/python3.12/site-packages/airflow/example_dags/example_nested_branch_dag.py
[2026-06-16T23:22:50.743+0000] {processor.py:830} INFO - Processing file /home/airflow/.local/lib/python3.12/site-packages/airflow/example_dags/example_nested_branch_dag.py for tasks to queue
[2026-06-16T23:22:50.745+0000] {logging_mixin.py:188} INFO - [2026-06-16T23:22:50.745+0000] {dagbag.py:545} INFO - Filling up the DagBag from /home/airflow/.local/lib/python3.12/site-packages/airflow/example_dags/example_nested_branch_dag.py
[2026-06-16T23:22:50.753+0000] {processor.py:840} INFO - DAG(s) 'example_nested_branch_dag' retrieved from /home/airflow/.local/lib/python3.12/site-packages/airflow/example_dags/example_nested_branch_dag.py
[2026-06-16T23:22:50.773+0000] {logging_mixin.py:188} INFO - [2026-06-16T23:22:50.772+0000] {dag.py:3089} INFO - Sync 1 DAGs
[2026-06-16T23:22:50.792+0000] {logging_mixin.py:188} INFO - [2026-06-16T23:22:50.792+0000] {dag.py:3947} INFO - Setting next_dagrun for example_nested_branch_dag to 2026-06-15 00:00:00+00:00, run_after=2026-06-16 00:00:00+00:00
[2026-06-16T23:22:50.807+0000] {processor.py:183} INFO - Processing /home/airflow/.local/lib/python3.12/site-packages/airflow/example_dags/example_nested_branch_dag.py took 0.070 seconds
[2026-06-16T23:23:21.885+0000] {processor.py:161} INFO - Started process (PID=1021) to work on /home/airflow/.local/lib/python3.12/site-packages/airflow/example_dags/example_nested_branch_dag.py
[2026-06-16T23:23:21.888+0000] {processor.py:830} INFO - Processing file /home/airflow/.local/lib/python3.12/site-packages/airflow/example_dags/example_nested_branch_dag.py for tasks to queue
[2026-06-16T23:23:21.891+0000] {logging_mixin.py:188} INFO - [2026-06-16T23:23:21.891+0000] {dagbag.py:545} INFO - Filling up the DagBag from /home/airflow/.local/lib/python3.12/site-packages/airflow/example_dags/example_nested_branch_dag.py
[2026-06-16T23:23:21.921+0000] {processor.py:840} INFO - DAG(s) 'example_nested_branch_dag' retrieved from /home/airflow/.local/lib/python3.12/site-packages/airflow/example_dags/example_nested_branch_dag.py
[2026-06-16T23:23:21.992+0000] {logging_mixin.py:188} INFO - [2026-06-16T23:23:21.992+0000] {dag.py:3089} INFO - Sync 1 DAGs
[2026-06-16T23:23:22.074+0000] {logging_mixin.py:188} INFO - [2026-06-16T23:23:22.071+0000] {dag.py:3947} INFO - Setting next_dagrun for example_nested_branch_dag to 2026-06-15 00:00:00+00:00, run_after=2026-06-16 00:00:00+00:00
[2026-06-16T23:23:22.117+0000] {processor.py:183} INFO - Processing /home/airflow/.local/lib/python3.12/site-packages/airflow/example_dags/example_nested_branch_dag.py took 0.250 seconds
[2026-06-16T23:23:52.426+0000] {processor.py:161} INFO - Started process (PID=1080) to work on /home/airflow/.local/lib/python3.12/site-packages/airflow/example_dags/example_nested_branch_dag.py
[2026-06-16T23:23:52.427+0000] {processor.py:830} INFO - Processing file /home/airflow/.local/lib/python3.12/site-packages/airflow/example_dags/example_nested_branch_dag.py for tasks to queue
[2026-06-16T23:23:52.429+0000] {logging_mixin.py:188} INFO - [2026-06-16T23:23:52.429+0000] {dagbag.py:545} INFO - Filling up the DagBag from /home/airflow/.local/lib/python3.12/site-packages/airflow/example_dags/example_nested_branch_dag.py
[2026-06-16T23:23:52.443+0000] {processor.py:840} INFO - DAG(s) 'example_nested_branch_dag' retrieved from /home/airflow/.local/lib/python3.12/site-packages/airflow/example_dags/example_nested_branch_dag.py
[2026-06-16T23:23:52.470+0000] {logging_mixin.py:188} INFO - [2026-06-16T23:23:52.470+0000] {dag.py:3089} INFO - Sync 1 DAGs
[2026-06-16T23:23:52.498+0000] {logging_mixin.py:188} INFO - [2026-06-16T23:23:52.498+0000] {dag.py:3947} INFO - Setting next_dagrun for example_nested_branch_dag to 2026-06-15 00:00:00+00:00, run_after=2026-06-16 00:00:00+00:00
[2026-06-16T23:23:52.519+0000] {processor.py:183} INFO - Processing /home/airflow/.local/lib/python3.12/site-packages/airflow/example_dags/example_nested_branch_dag.py took 0.101 seconds
[2026-06-16T23:24:22.735+0000] {processor.py:161} INFO - Started process (PID=1138) to work on /home/airflow/.local/lib/python3.12/site-packages/airflow/example_dags/example_nested_branch_dag.py
[2026-06-16T23:24:22.736+0000] {processor.py:830} INFO - Processing file /home/airflow/.local/lib/python3.12/site-packages/airflow/example_dags/example_nested_branch_dag.py for tasks to queue
[2026-06-16T23:24:22.738+0000] {logging_mixin.py:188} INFO - [2026-06-16T23:24:22.738+0000] {dagbag.py:545} INFO - Filling up the DagBag from /home/airflow/.local/lib/python3.12/site-packages/airflow/example_dags/example_nested_branch_dag.py
[2026-06-16T23:24:22.760+0000] {processor.py:840} INFO - DAG(s) 'example_nested_branch_dag' retrieved from /home/airflow/.local/lib/python3.12/site-packages/airflow/example_dags/example_nested_branch_dag.py
[2026-06-16T23:24:22.786+0000] {logging_mixin.py:188} INFO - [2026-06-16T23:24:22.786+0000] {dag.py:3089} INFO - Sync 1 DAGs
[2026-06-16T23:24:22.814+0000] {logging_mixin.py:188} INFO - [2026-06-16T23:24:22.814+0000] {dag.py:3947} INFO - Setting next_dagrun for example_nested_branch_dag to 2026-06-15 00:00:00+00:00, run_after=2026-06-16 00:00:00+00:00
[2026-06-16T23:24:22.834+0000] {processor.py:183} INFO - Processing /home/airflow/.local/lib/python3.12/site-packages/airflow/example_dags/example_nested_branch_dag.py took 0.107 seconds
[2026-06-16T23:24:52.892+0000] {processor.py:161} INFO - Started process (PID=1196) to work on /home/airflow/.local/lib/python3.12/site-packages/airflow/example_dags/example_nested_branch_dag.py
[2026-06-16T23:24:52.893+0000] {processor.py:830} INFO - Processing file /home/airflow/.local/lib/python3.12/site-packages/airflow/example_dags/example_nested_branch_dag.py for tasks to queue
[2026-06-16T23:24:52.895+0000] {logging_mixin.py:188} INFO - [2026-06-16T23:24:52.894+0000] {dagbag.py:545} INFO - Filling up the DagBag from /home/airflow/.local/lib/python3.12/site-packages/airflow/example_dags/example_nested_branch_dag.py
[2026-06-16T23:24:52.906+0000] {processor.py:840} INFO - DAG(s) 'example_nested_branch_dag' retrieved from /home/airflow/.local/lib/python3.12/site-packages/airflow/example_dags/example_nested_branch_dag.py
[2026-06-16T23:24:52.935+0000] {logging_mixin.py:188} INFO - [2026-06-16T23:24:52.934+0000] {dag.py:3089} INFO - Sync 1 DAGs
[2026-06-16T23:24:52.962+0000] {logging_mixin.py:188} INFO - [2026-06-16T23:24:52.962+0000] {dag.py:3947} INFO - Setting next_dagrun for example_nested_branch_dag to 2026-06-15 00:00:00+00:00, run_after=2026-06-16 00:00:00+00:00
[2026-06-16T23:24:52.982+0000] {processor.py:183} INFO - Processing /home/airflow/.local/lib/python3.12/site-packages/airflow/example_dags/example_nested_branch_dag.py took 0.098 seconds
[2026-06-16T23:25:23.355+0000] {processor.py:161} INFO - Started process (PID=1254) to work on /home/airflow/.local/lib/python3.12/site-packages/airflow/example_dags/example_nested_branch_dag.py
[2026-06-16T23:25:23.356+0000] {processor.py:830} INFO - Processing file /home/airflow/.local/lib/python3.12/site-packages/airflow/example_dags/example_nested_branch_dag.py for tasks to queue
[2026-06-16T23:25:23.358+0000] {logging_mixin.py:188} INFO - [2026-06-16T23:25:23.357+0000] {dagbag.py:545} INFO - Filling up the DagBag from /home/airflow/.local/lib/python3.12/site-packages/airflow/example_dags/example_nested_branch_dag.py
[2026-06-16T23:25:23.370+0000] {processor.py:840} INFO - DAG(s) 'example_nested_branch_dag' retrieved from /home/airflow/.local/lib/python3.12/site-packages/airflow/example_dags/example_nested_branch_dag.py
[2026-06-16T23:25:23.399+0000] {logging_mixin.py:188} INFO - [2026-06-16T23:25:23.398+0000] {dag.py:3089} INFO - Sync 1 DAGs
[2026-06-16T23:25:23.427+0000] {logging_mixin.py:188} INFO - [2026-06-16T23:25:23.427+0000] {dag.py:3947} INFO - Setting next_dagrun for example_nested_branch_dag to 2026-06-15 00:00:00+00:00, run_after=2026-06-16 00:00:00+00:00
[2026-06-16T23:25:23.450+0000] {processor.py:183} INFO - Processing /home/airflow/.local/lib/python3.12/site-packages/airflow/example_dags/example_nested_branch_dag.py took 0.103 seconds
[2026-06-16T23:25:53.754+0000] {processor.py:161} INFO - Started process (PID=1312) to work on /home/airflow/.local/lib/python3.12/site-packages/airflow/example_dags/example_nested_branch_dag.py
[2026-06-16T23:25:53.755+0000] {processor.py:830} INFO - Processing file /home/airflow/.local/lib/python3.12/site-packages/airflow/example_dags/example_nested_branch_dag.py for tasks to queue
[2026-06-16T23:25:53.757+0000] {logging_mixin.py:188} INFO - [2026-06-16T23:25:53.756+0000] {dagbag.py:545} INFO - Filling up the DagBag from /home/airflow/.local/lib/python3.12/site-packages/airflow/example_dags/example_nested_branch_dag.py
[2026-06-16T23:25:53.768+0000] {processor.py:840} INFO - DAG(s) 'example_nested_branch_dag' retrieved from /home/airflow/.local/lib/python3.12/site-packages/airflow/example_dags/example_nested_branch_dag.py
[2026-06-16T23:25:53.797+0000] {logging_mixin.py:188} INFO - [2026-06-16T23:25:53.797+0000] {dag.py:3089} INFO - Sync 1 DAGs
[2026-06-16T23:25:53.825+0000] {logging_mixin.py:188} INFO - [2026-06-16T23:25:53.824+0000] {dag.py:3947} INFO - Setting next_dagrun for example_nested_branch_dag to 2026-06-15 00:00:00+00:00, run_after=2026-06-16 00:00:00+00:00
[2026-06-16T23:25:53.845+0000] {processor.py:183} INFO - Processing /home/airflow/.local/lib/python3.12/site-packages/airflow/example_dags/example_nested_branch_dag.py took 0.098 seconds
[2026-06-16T23:26:24.519+0000] {processor.py:161} INFO - Started process (PID=1369) to work on /home/airflow/.local/lib/python3.12/site-packages/airflow/example_dags/example_nested_branch_dag.py
[2026-06-16T23:26:24.520+0000] {processor.py:830} INFO - Processing file /home/airflow/.local/lib/python3.12/site-packages/airflow/example_dags/example_nested_branch_dag.py for tasks to queue
[2026-06-16T23:26:24.522+0000] {logging_mixin.py:188} INFO - [2026-06-16T23:26:24.522+0000] {dagbag.py:545} INFO - Filling up the DagBag from /home/airflow/.local/lib/python3.12/site-packages/airflow/example_dags/example_nested_branch_dag.py
[2026-06-16T23:26:24.535+0000] {processor.py:840} INFO - DAG(s) 'example_nested_branch_dag' retrieved from /home/airflow/.local/lib/python3.12/site-packages/airflow/example_dags/example_nested_branch_dag.py
[2026-06-16T23:26:24.564+0000] {logging_mixin.py:188} INFO - [2026-06-16T23:26:24.564+0000] {dag.py:3089} INFO - Sync 1 DAGs
[2026-06-16T23:26:24.593+0000] {logging_mixin.py:188} INFO - [2026-06-16T23:26:24.593+0000] {dag.py:3947} INFO - Setting next_dagrun for example_nested_branch_dag to 2026-06-15 00:00:00+00:00, run_after=2026-06-16 00:00:00+00:00
[2026-06-16T23:26:24.619+0000] {processor.py:183} INFO - Processing /home/airflow/.local/lib/python3.12/site-packages/airflow/example_dags/example_nested_branch_dag.py took 0.107 seconds
[2026-06-16T23:26:55.131+0000] {processor.py:161} INFO - Started process (PID=1427) to work on /home/airflow/.local/lib/python3.12/site-packages/airflow/example_dags/example_nested_branch_dag.py
[2026-06-16T23:26:55.132+0000] {processor.py:830} INFO - Processing file /home/airflow/.local/lib/python3.12/site-packages/airflow/example_dags/example_nested_branch_dag.py for tasks to queue
[2026-06-16T23:26:55.134+0000] {logging_mixin.py:188} INFO - [2026-06-16T23:26:55.134+0000] {dagbag.py:545} INFO - Filling up the DagBag from /home/airflow/.local/lib/python3.12/site-packages/airflow/example_dags/example_nested_branch_dag.py
[2026-06-16T23:26:55.147+0000] {processor.py:840} INFO - DAG(s) 'example_nested_branch_dag' retrieved from /home/airflow/.local/lib/python3.12/site-packages/airflow/example_dags/example_nested_branch_dag.py
[2026-06-16T23:26:55.175+0000] {logging_mixin.py:188} INFO - [2026-06-16T23:26:55.175+0000] {dag.py:3089} INFO - Sync 1 DAGs
[2026-06-16T23:26:55.203+0000] {logging_mixin.py:188} INFO - [2026-06-16T23:26:55.202+0000] {dag.py:3947} INFO - Setting next_dagrun for example_nested_branch_dag to 2026-06-15 00:00:00+00:00, run_after=2026-06-16 00:00:00+00:00
[2026-06-16T23:26:55.224+0000] {processor.py:183} INFO - Processing /home/airflow/.local/lib/python3.12/site-packages/airflow/example_dags/example_nested_branch_dag.py took 0.100 seconds
[2026-06-16T23:27:27.128+0000] {processor.py:161} INFO - Started process (PID=1485) to work on /home/airflow/.local/lib/python3.12/site-packages/airflow/example_dags/example_nested_branch_dag.py
[2026-06-16T23:27:27.136+0000] {processor.py:830} INFO - Processing file /home/airflow/.local/lib/python3.12/site-packages/airflow/example_dags/example_nested_branch_dag.py for tasks to queue
[2026-06-16T23:27:27.142+0000] {logging_mixin.py:188} INFO - [2026-06-16T23:27:27.142+0000] {dagbag.py:545} INFO - Filling up the DagBag from /home/airflow/.local/lib/python3.12/site-packages/airflow/example_dags/example_nested_branch_dag.py
[2026-06-16T23:27:27.187+0000] {processor.py:840} INFO - DAG(s) 'example_nested_branch_dag' retrieved from /home/airflow/.local/lib/python3.12/site-packages/airflow/example_dags/example_nested_branch_dag.py
[2026-06-16T23:27:27.313+0000] {logging_mixin.py:188} INFO - [2026-06-16T23:27:27.313+0000] {dag.py:3089} INFO - Sync 1 DAGs
[2026-06-16T23:27:27.414+0000] {logging_mixin.py:188} INFO - [2026-06-16T23:27:27.413+0000] {dag.py:3947} INFO - Setting next_dagrun for example_nested_branch_dag to 2026-06-15 00:00:00+00:00, run_after=2026-06-16 00:00:00+00:00
[2026-06-16T23:27:27.481+0000] {processor.py:183} INFO - Processing /home/airflow/.local/lib/python3.12/site-packages/airflow/example_dags/example_nested_branch_dag.py took 0.368 seconds
[2026-06-16T23:27:57.668+0000] {processor.py:161} INFO - Started process (PID=1543) to work on /home/airflow/.local/lib/python3.12/site-packages/airflow/example_dags/example_nested_branch_dag.py
[2026-06-16T23:27:57.669+0000] {processor.py:830} INFO - Processing file /home/airflow/.local/lib/python3.12/site-packages/airflow/example_dags/example_nested_branch_dag.py for tasks to queue
[2026-06-16T23:27:57.671+0000] {logging_mixin.py:188} INFO - [2026-06-16T23:27:57.671+0000] {dagbag.py:545} INFO - Filling up the DagBag from /home/airflow/.local/lib/python3.12/site-packages/airflow/example_dags/example_nested_branch_dag.py
[2026-06-16T23:27:57.698+0000] {processor.py:840} INFO - DAG(s) 'example_nested_branch_dag' retrieved from /home/airflow/.local/lib/python3.12/site-packages/airflow/example_dags/example_nested_branch_dag.py
[2026-06-16T23:27:57.726+0000] {logging_mixin.py:188} INFO - [2026-06-16T23:27:57.726+0000] {dag.py:3089} INFO - Sync 1 DAGs
[2026-06-16T23:27:57.756+0000] {logging_mixin.py:188} INFO - [2026-06-16T23:27:57.756+0000] {dag.py:3947} INFO - Setting next_dagrun for example_nested_branch_dag to 2026-06-15 00:00:00+00:00, run_after=2026-06-16 00:00:00+00:00
[2026-06-16T23:27:57.777+0000] {processor.py:183} INFO - Processing /home/airflow/.local/lib/python3.12/site-packages/airflow/example_dags/example_nested_branch_dag.py took 0.116 seconds
[2026-06-16T23:28:28.155+0000] {processor.py:161} INFO - Started process (PID=1601) to work on /home/airflow/.local/lib/python3.12/site-packages/airflow/example_dags/example_nested_branch_dag.py
[2026-06-16T23:28:28.156+0000] {processor.py:830} INFO - Processing file /home/airflow/.local/lib/python3.12/site-packages/airflow/example_dags/example_nested_branch_dag.py for tasks to queue
[2026-06-16T23:28:28.158+0000] {logging_mixin.py:188} INFO - [2026-06-16T23:28:28.157+0000] {dagbag.py:545} INFO - Filling up the DagBag from /home/airflow/.local/lib/python3.12/site-packages/airflow/example_dags/example_nested_branch_dag.py
[2026-06-16T23:28:28.170+0000] {processor.py:840} INFO - DAG(s) 'example_nested_branch_dag' retrieved from /home/airflow/.local/lib/python3.12/site-packages/airflow/example_dags/example_nested_branch_dag.py
[2026-06-16T23:28:28.199+0000] {logging_mixin.py:188} INFO - [2026-06-16T23:28:28.198+0000] {dag.py:3089} INFO - Sync 1 DAGs
[2026-06-16T23:28:28.226+0000] {logging_mixin.py:188} INFO - [2026-06-16T23:28:28.226+0000] {dag.py:3947} INFO - Setting next_dagrun for example_nested_branch_dag to 2026-06-15 00:00:00+00:00, run_after=2026-06-16 00:00:00+00:00
[2026-06-16T23:28:28.247+0000] {processor.py:183} INFO - Processing /home/airflow/.local/lib/python3.12/site-packages/airflow/example_dags/example_nested_branch_dag.py took 0.099 seconds
[2026-06-16T23:28:59.134+0000] {processor.py:161} INFO - Started process (PID=1659) to work on /home/airflow/.local/lib/python3.12/site-packages/airflow/example_dags/example_nested_branch_dag.py
[2026-06-16T23:28:59.135+0000] {processor.py:830} INFO - Processing file /home/airflow/.local/lib/python3.12/site-packages/airflow/example_dags/example_nested_branch_dag.py for tasks to queue
[2026-06-16T23:28:59.138+0000] {logging_mixin.py:188} INFO - [2026-06-16T23:28:59.137+0000] {dagbag.py:545} INFO - Filling up the DagBag from /home/airflow/.local/lib/python3.12/site-packages/airflow/example_dags/example_nested_branch_dag.py
[2026-06-16T23:28:59.150+0000] {processor.py:840} INFO - DAG(s) 'example_nested_branch_dag' retrieved from /home/airflow/.local/lib/python3.12/site-packages/airflow/example_dags/example_nested_branch_dag.py
[2026-06-16T23:28:59.178+0000] {logging_mixin.py:188} INFO - [2026-06-16T23:28:59.178+0000] {dag.py:3089} INFO - Sync 1 DAGs
[2026-06-16T23:28:59.214+0000] {logging_mixin.py:188} INFO - [2026-06-16T23:28:59.213+0000] {dag.py:3947} INFO - Setting next_dagrun for example_nested_branch_dag to 2026-06-15 00:00:00+00:00, run_after=2026-06-16 00:00:00+00:00
[2026-06-16T23:28:59.234+0000] {processor.py:183} INFO - Processing /home/airflow/.local/lib/python3.12/site-packages/airflow/example_dags/example_nested_branch_dag.py took 0.108 seconds
[2026-06-16T23:29:29.389+0000] {processor.py:161} INFO - Started process (PID=1717) to work on /home/airflow/.local/lib/python3.12/site-packages/airflow/example_dags/example_nested_branch_dag.py
[2026-06-16T23:29:29.390+0000] {processor.py:830} INFO - Processing file /home/airflow/.local/lib/python3.12/site-packages/airflow/example_dags/example_nested_branch_dag.py for tasks to queue
[2026-06-16T23:29:29.392+0000] {logging_mixin.py:188} INFO - [2026-06-16T23:29:29.391+0000] {dagbag.py:545} INFO - Filling up the DagBag from /home/airflow/.local/lib/python3.12/site-packages/airflow/example_dags/example_nested_branch_dag.py
[2026-06-16T23:29:29.403+0000] {processor.py:840} INFO - DAG(s) 'example_nested_branch_dag' retrieved from /home/airflow/.local/lib/python3.12/site-packages/airflow/example_dags/example_nested_branch_dag.py
[2026-06-16T23:29:29.430+0000] {logging_mixin.py:188} INFO - [2026-06-16T23:29:29.429+0000] {dag.py:3089} INFO - Sync 1 DAGs
[2026-06-16T23:29:29.458+0000] {logging_mixin.py:188} INFO - [2026-06-16T23:29:29.458+0000] {dag.py:3947} INFO - Setting next_dagrun for example_nested_branch_dag to 2026-06-15 00:00:00+00:00, run_after=2026-06-16 00:00:00+00:00
[2026-06-16T23:29:29.675+0000] {processor.py:183} INFO - Processing /home/airflow/.local/lib/python3.12/site-packages/airflow/example_dags/example_nested_branch_dag.py took 0.293 seconds
[2026-06-16T23:30:00.430+0000] {processor.py:161} INFO - Started process (PID=1774) to work on /home/airflow/.local/lib/python3.12/site-packages/airflow/example_dags/example_nested_branch_dag.py
[2026-06-16T23:30:00.430+0000] {processor.py:830} INFO - Processing file /home/airflow/.local/lib/python3.12/site-packages/airflow/example_dags/example_nested_branch_dag.py for tasks to queue
[2026-06-16T23:30:00.432+0000] {logging_mixin.py:188} INFO - [2026-06-16T23:30:00.432+0000] {dagbag.py:545} INFO - Filling up the DagBag from /home/airflow/.local/lib/python3.12/site-packages/airflow/example_dags/example_nested_branch_dag.py
[2026-06-16T23:30:00.444+0000] {processor.py:840} INFO - DAG(s) 'example_nested_branch_dag' retrieved from /home/airflow/.local/lib/python3.12/site-packages/airflow/example_dags/example_nested_branch_dag.py
[2026-06-16T23:30:00.472+0000] {logging_mixin.py:188} INFO - [2026-06-16T23:30:00.472+0000] {dag.py:3089} INFO - Sync 1 DAGs
[2026-06-16T23:30:00.501+0000] {logging_mixin.py:188} INFO - [2026-06-16T23:30:00.500+0000] {dag.py:3947} INFO - Setting next_dagrun for example_nested_branch_dag to 2026-06-15 00:00:00+00:00, run_after=2026-06-16 00:00:00+00:00
[2026-06-16T23:30:00.523+0000] {processor.py:183} INFO - Processing /home/airflow/.local/lib/python3.12/site-packages/airflow/example_dags/example_nested_branch_dag.py took 0.101 seconds
[2026-06-16T23:30:30.677+0000] {processor.py:161} INFO - Started process (PID=1831) to work on /home/airflow/.local/lib/python3.12/site-packages/airflow/example_dags/example_nested_branch_dag.py
[2026-06-16T23:30:30.678+0000] {processor.py:830} INFO - Processing file /home/airflow/.local/lib/python3.12/site-packages/airflow/example_dags/example_nested_branch_dag.py for tasks to queue
[2026-06-16T23:30:30.680+0000] {logging_mixin.py:188} INFO - [2026-06-16T23:30:30.679+0000] {dagbag.py:545} INFO - Filling up the DagBag from /home/airflow/.local/lib/python3.12/site-packages/airflow/example_dags/example_nested_branch_dag.py
[2026-06-16T23:30:30.693+0000] {processor.py:840} INFO - DAG(s) 'example_nested_branch_dag' retrieved from /home/airflow/.local/lib/python3.12/site-packages/airflow/example_dags/example_nested_branch_dag.py
[2026-06-16T23:30:30.719+0000] {logging_mixin.py:188} INFO - [2026-06-16T23:30:30.719+0000] {dag.py:3089} INFO - Sync 1 DAGs
[2026-06-16T23:30:30.749+0000] {logging_mixin.py:188} INFO - [2026-06-16T23:30:30.748+0000] {dag.py:3947} INFO - Setting next_dagrun for example_nested_branch_dag to 2026-06-15 00:00:00+00:00, run_after=2026-06-16 00:00:00+00:00
[2026-06-16T23:30:30.782+0000] {processor.py:183} INFO - Processing /home/airflow/.local/lib/python3.12/site-packages/airflow/example_dags/example_nested_branch_dag.py took 0.113 seconds
[2026-06-16T23:31:00.875+0000] {processor.py:161} INFO - Started process (PID=1889) to work on /home/airflow/.local/lib/python3.12/site-packages/airflow/example_dags/example_nested_branch_dag.py
[2026-06-16T23:31:00.876+0000] {processor.py:830} INFO - Processing file /home/airflow/.local/lib/python3.12/site-packages/airflow/example_dags/example_nested_branch_dag.py for tasks to queue
[2026-06-16T23:31:00.878+0000] {logging_mixin.py:188} INFO - [2026-06-16T23:31:00.878+0000] {dagbag.py:545} INFO - Filling up the DagBag from /home/airflow/.local/lib/python3.12/site-packages/airflow/example_dags/example_nested_branch_dag.py
[2026-06-16T23:31:00.891+0000] {processor.py:840} INFO - DAG(s) 'example_nested_branch_dag' retrieved from /home/airflow/.local/lib/python3.12/site-packages/airflow/example_dags/example_nested_branch_dag.py
[2026-06-16T23:31:00.920+0000] {logging_mixin.py:188} INFO - [2026-06-16T23:31:00.919+0000] {dag.py:3089} INFO - Sync 1 DAGs
[2026-06-16T23:31:00.948+0000] {logging_mixin.py:188} INFO - [2026-06-16T23:31:00.948+0000] {dag.py:3947} INFO - Setting next_dagrun for example_nested_branch_dag to 2026-06-15 00:00:00+00:00, run_after=2026-06-16 00:00:00+00:00
[2026-06-16T23:31:00.970+0000] {processor.py:183} INFO - Processing /home/airflow/.local/lib/python3.12/site-packages/airflow/example_dags/example_nested_branch_dag.py took 0.102 seconds
[2026-06-16T23:31:34.198+0000] {processor.py:161} INFO - Started process (PID=1948) to work on /home/airflow/.local/lib/python3.12/site-packages/airflow/example_dags/example_nested_branch_dag.py
[2026-06-16T23:31:34.199+0000] {processor.py:830} INFO - Processing file /home/airflow/.local/lib/python3.12/site-packages/airflow/example_dags/example_nested_branch_dag.py for tasks to queue
[2026-06-16T23:31:34.201+0000] {logging_mixin.py:188} INFO - [2026-06-16T23:31:34.200+0000] {dagbag.py:545} INFO - Filling up the DagBag from /home/airflow/.local/lib/python3.12/site-packages/airflow/example_dags/example_nested_branch_dag.py
[2026-06-16T23:31:34.213+0000] {processor.py:840} INFO - DAG(s) 'example_nested_branch_dag' retrieved from /home/airflow/.local/lib/python3.12/site-packages/airflow/example_dags/example_nested_branch_dag.py
[2026-06-16T23:31:34.439+0000] {logging_mixin.py:188} INFO - [2026-06-16T23:31:34.439+0000] {dag.py:3089} INFO - Sync 1 DAGs
[2026-06-16T23:31:34.462+0000] {logging_mixin.py:188} INFO - [2026-06-16T23:31:34.462+0000] {dag.py:3947} INFO - Setting next_dagrun for example_nested_branch_dag to 2026-06-15 00:00:00+00:00, run_after=2026-06-16 00:00:00+00:00
[2026-06-16T23:31:34.480+0000] {processor.py:183} INFO - Processing /home/airflow/.local/lib/python3.12/site-packages/airflow/example_dags/example_nested_branch_dag.py took 0.290 seconds
[2026-06-16T23:32:05.259+0000] {processor.py:161} INFO - Started process (PID=2006) to work on /home/airflow/.local/lib/python3.12/site-packages/airflow/example_dags/example_nested_branch_dag.py
[2026-06-16T23:32:05.259+0000] {processor.py:830} INFO - Processing file /home/airflow/.local/lib/python3.12/site-packages/airflow/example_dags/example_nested_branch_dag.py for tasks to queue
[2026-06-16T23:32:05.263+0000] {logging_mixin.py:188} INFO - [2026-06-16T23:32:05.262+0000] {dagbag.py:545} INFO - Filling up the DagBag from /home/airflow/.local/lib/python3.12/site-packages/airflow/example_dags/example_nested_branch_dag.py
[2026-06-16T23:32:05.275+0000] {processor.py:840} INFO - DAG(s) 'example_nested_branch_dag' retrieved from /home/airflow/.local/lib/python3.12/site-packages/airflow/example_dags/example_nested_branch_dag.py
[2026-06-16T23:32:05.302+0000] {logging_mixin.py:188} INFO - [2026-06-16T23:32:05.301+0000] {dag.py:3089} INFO - Sync 1 DAGs
[2026-06-16T23:32:05.329+0000] {logging_mixin.py:188} INFO - [2026-06-16T23:32:05.329+0000] {dag.py:3947} INFO - Setting next_dagrun for example_nested_branch_dag to 2026-06-15 00:00:00+00:00, run_after=2026-06-16 00:00:00+00:00
[2026-06-16T23:32:05.353+0000] {processor.py:183} INFO - Processing /home/airflow/.local/lib/python3.12/site-packages/airflow/example_dags/example_nested_branch_dag.py took 0.102 seconds
[2026-06-16T23:32:35.457+0000] {processor.py:161} INFO - Started process (PID=2063) to work on /home/airflow/.local/lib/python3.12/site-packages/airflow/example_dags/example_nested_branch_dag.py
[2026-06-16T23:32:35.459+0000] {processor.py:830} INFO - Processing file /home/airflow/.local/lib/python3.12/site-packages/airflow/example_dags/example_nested_branch_dag.py for tasks to queue
[2026-06-16T23:32:35.461+0000] {logging_mixin.py:188} INFO - [2026-06-16T23:32:35.461+0000] {dagbag.py:545} INFO - Filling up the DagBag from /home/airflow/.local/lib/python3.12/site-packages/airflow/example_dags/example_nested_branch_dag.py
[2026-06-16T23:32:35.473+0000] {processor.py:840} INFO - DAG(s) 'example_nested_branch_dag' retrieved from /home/airflow/.local/lib/python3.12/site-packages/airflow/example_dags/example_nested_branch_dag.py
[2026-06-16T23:32:35.502+0000] {logging_mixin.py:188} INFO - [2026-06-16T23:32:35.502+0000] {dag.py:3089} INFO - Sync 1 DAGs
[2026-06-16T23:32:35.533+0000] {logging_mixin.py:188} INFO - [2026-06-16T23:32:35.533+0000] {dag.py:3947} INFO - Setting next_dagrun for example_nested_branch_dag to 2026-06-15 00:00:00+00:00, run_after=2026-06-16 00:00:00+00:00
[2026-06-16T23:32:35.570+0000] {processor.py:183} INFO - Processing /home/airflow/.local/lib/python3.12/site-packages/airflow/example_dags/example_nested_branch_dag.py took 0.131 seconds
[2026-06-16T23:33:06.640+0000] {processor.py:161} INFO - Started process (PID=2122) to work on /home/airflow/.local/lib/python3.12/site-packages/airflow/example_dags/example_nested_branch_dag.py
[2026-06-16T23:33:06.641+0000] {processor.py:830} INFO - Processing file /home/airflow/.local/lib/python3.12/site-packages/airflow/example_dags/example_nested_branch_dag.py for tasks to queue
[2026-06-16T23:33:06.644+0000] {logging_mixin.py:188} INFO - [2026-06-16T23:33:06.643+0000] {dagbag.py:545} INFO - Filling up the DagBag from /home/airflow/.local/lib/python3.12/site-packages/airflow/example_dags/example_nested_branch_dag.py
[2026-06-16T23:33:06.657+0000] {processor.py:840} INFO - DAG(s) 'example_nested_branch_dag' retrieved from /home/airflow/.local/lib/python3.12/site-packages/airflow/example_dags/example_nested_branch_dag.py
[2026-06-16T23:33:06.684+0000] {logging_mixin.py:188} INFO - [2026-06-16T23:33:06.684+0000] {dag.py:3089} INFO - Sync 1 DAGs
[2026-06-16T23:33:06.717+0000] {logging_mixin.py:188} INFO - [2026-06-16T23:33:06.716+0000] {dag.py:3947} INFO - Setting next_dagrun for example_nested_branch_dag to 2026-06-15 00:00:00+00:00, run_after=2026-06-16 00:00:00+00:00
[2026-06-16T23:33:06.738+0000] {processor.py:183} INFO - Processing /home/airflow/.local/lib/python3.12/site-packages/airflow/example_dags/example_nested_branch_dag.py took 0.106 seconds
[2026-06-16T23:33:37.107+0000] {processor.py:161} INFO - Started process (PID=2180) to work on /home/airflow/.local/lib/python3.12/site-packages/airflow/example_dags/example_nested_branch_dag.py
[2026-06-16T23:33:37.108+0000] {processor.py:830} INFO - Processing file /home/airflow/.local/lib/python3.12/site-packages/airflow/example_dags/example_nested_branch_dag.py for tasks to queue
[2026-06-16T23:33:37.109+0000] {logging_mixin.py:188} INFO - [2026-06-16T23:33:37.109+0000] {dagbag.py:545} INFO - Filling up the DagBag from /home/airflow/.local/lib/python3.12/site-packages/airflow/example_dags/example_nested_branch_dag.py
[2026-06-16T23:33:37.119+0000] {processor.py:840} INFO - DAG(s) 'example_nested_branch_dag' retrieved from /home/airflow/.local/lib/python3.12/site-packages/airflow/example_dags/example_nested_branch_dag.py
[2026-06-16T23:33:37.140+0000] {logging_mixin.py:188} INFO - [2026-06-16T23:33:37.140+0000] {dag.py:3089} INFO - Sync 1 DAGs
[2026-06-16T23:33:37.160+0000] {logging_mixin.py:188} INFO - [2026-06-16T23:33:37.160+0000] {dag.py:3947} INFO - Setting next_dagrun for example_nested_branch_dag to 2026-06-15 00:00:00+00:00, run_after=2026-06-16 00:00:00+00:00
[2026-06-16T23:33:37.177+0000] {processor.py:183} INFO - Processing /home/airflow/.local/lib/python3.12/site-packages/airflow/example_dags/example_nested_branch_dag.py took 0.076 seconds
[2026-06-16T23:34:07.493+0000] {processor.py:161} INFO - Started process (PID=2239) to work on /home/airflow/.local/lib/python3.12/site-packages/airflow/example_dags/example_nested_branch_dag.py
[2026-06-16T23:34:07.494+0000] {processor.py:830} INFO - Processing file /home/airflow/.local/lib/python3.12/site-packages/airflow/example_dags/example_nested_branch_dag.py for tasks to queue
[2026-06-16T23:34:07.496+0000] {logging_mixin.py:188} INFO - [2026-06-16T23:34:07.496+0000] {dagbag.py:545} INFO - Filling up the DagBag from /home/airflow/.local/lib/python3.12/site-packages/airflow/example_dags/example_nested_branch_dag.py
[2026-06-16T23:34:07.509+0000] {processor.py:840} INFO - DAG(s) 'example_nested_branch_dag' retrieved from /home/airflow/.local/lib/python3.12/site-packages/airflow/example_dags/example_nested_branch_dag.py
[2026-06-16T23:34:07.536+0000] {logging_mixin.py:188} INFO - [2026-06-16T23:34:07.536+0000] {dag.py:3089} INFO - Sync 1 DAGs
[2026-06-16T23:34:07.565+0000] {logging_mixin.py:188} INFO - [2026-06-16T23:34:07.565+0000] {dag.py:3947} INFO - Setting next_dagrun for example_nested_branch_dag to 2026-06-15 00:00:00+00:00, run_after=2026-06-16 00:00:00+00:00
[2026-06-16T23:34:07.585+0000] {processor.py:183} INFO - Processing /home/airflow/.local/lib/python3.12/site-packages/airflow/example_dags/example_nested_branch_dag.py took 0.100 seconds
[2026-06-16T23:34:37.689+0000] {processor.py:161} INFO - Started process (PID=2296) to work on /home/airflow/.local/lib/python3.12/site-packages/airflow/example_dags/example_nested_branch_dag.py
[2026-06-16T23:34:37.690+0000] {processor.py:830} INFO - Processing file /home/airflow/.local/lib/python3.12/site-packages/airflow/example_dags/example_nested_branch_dag.py for tasks to queue
[2026-06-16T23:34:37.692+0000] {logging_mixin.py:188} INFO - [2026-06-16T23:34:37.691+0000] {dagbag.py:545} INFO - Filling up the DagBag from /home/airflow/.local/lib/python3.12/site-packages/airflow/example_dags/example_nested_branch_dag.py
[2026-06-16T23:34:37.704+0000] {processor.py:840} INFO - DAG(s) 'example_nested_branch_dag' retrieved from /home/airflow/.local/lib/python3.12/site-packages/airflow/example_dags/example_nested_branch_dag.py
[2026-06-16T23:34:37.731+0000] {logging_mixin.py:188} INFO - [2026-06-16T23:34:37.731+0000] {dag.py:3089} INFO - Sync 1 DAGs
[2026-06-16T23:34:37.761+0000] {logging_mixin.py:188} INFO - [2026-06-16T23:34:37.760+0000] {dag.py:3947} INFO - Setting next_dagrun for example_nested_branch_dag to 2026-06-15 00:00:00+00:00, run_after=2026-06-16 00:00:00+00:00
[2026-06-16T23:34:37.780+0000] {processor.py:183} INFO - Processing /home/airflow/.local/lib/python3.12/site-packages/airflow/example_dags/example_nested_branch_dag.py took 0.098 seconds
[2026-06-16T23:35:07.831+0000] {processor.py:161} INFO - Started process (PID=2354) to work on /home/airflow/.local/lib/python3.12/site-packages/airflow/example_dags/example_nested_branch_dag.py
[2026-06-16T23:35:07.832+0000] {processor.py:830} INFO - Processing file /home/airflow/.local/lib/python3.12/site-packages/airflow/example_dags/example_nested_branch_dag.py for tasks to queue
[2026-06-16T23:35:07.834+0000] {logging_mixin.py:188} INFO - [2026-06-16T23:35:07.834+0000] {dagbag.py:545} INFO - Filling up the DagBag from /home/airflow/.local/lib/python3.12/site-packages/airflow/example_dags/example_nested_branch_dag.py
[2026-06-16T23:35:07.846+0000] {processor.py:840} INFO - DAG(s) 'example_nested_branch_dag' retrieved from /home/airflow/.local/lib/python3.12/site-packages/airflow/example_dags/example_nested_branch_dag.py
[2026-06-16T23:35:07.874+0000] {logging_mixin.py:188} INFO - [2026-06-16T23:35:07.874+0000] {dag.py:3089} INFO - Sync 1 DAGs
[2026-06-16T23:35:07.901+0000] {logging_mixin.py:188} INFO - [2026-06-16T23:35:07.900+0000] {dag.py:3947} INFO - Setting next_dagrun for example_nested_branch_dag to 2026-06-15 00:00:00+00:00, run_after=2026-06-16 00:00:00+00:00
[2026-06-16T23:35:07.921+0000] {processor.py:183} INFO - Processing /home/airflow/.local/lib/python3.12/site-packages/airflow/example_dags/example_nested_branch_dag.py took 0.096 seconds
[2026-06-16T23:35:38.148+0000] {processor.py:161} INFO - Started process (PID=2412) to work on /home/airflow/.local/lib/python3.12/site-packages/airflow/example_dags/example_nested_branch_dag.py
[2026-06-16T23:35:38.149+0000] {processor.py:830} INFO - Processing file /home/airflow/.local/lib/python3.12/site-packages/airflow/example_dags/example_nested_branch_dag.py for tasks to queue
[2026-06-16T23:35:38.151+0000] {logging_mixin.py:188} INFO - [2026-06-16T23:35:38.151+0000] {dagbag.py:545} INFO - Filling up the DagBag from /home/airflow/.local/lib/python3.12/site-packages/airflow/example_dags/example_nested_branch_dag.py
[2026-06-16T23:35:38.164+0000] {processor.py:840} INFO - DAG(s) 'example_nested_branch_dag' retrieved from /home/airflow/.local/lib/python3.12/site-packages/airflow/example_dags/example_nested_branch_dag.py
[2026-06-16T23:35:38.191+0000] {logging_mixin.py:188} INFO - [2026-06-16T23:35:38.191+0000] {dag.py:3089} INFO - Sync 1 DAGs
[2026-06-16T23:35:38.221+0000] {logging_mixin.py:188} INFO - [2026-06-16T23:35:38.220+0000] {dag.py:3947} INFO - Setting next_dagrun for example_nested_branch_dag to 2026-06-15 00:00:00+00:00, run_after=2026-06-16 00:00:00+00:00
[2026-06-16T23:35:38.240+0000] {processor.py:183} INFO - Processing /home/airflow/.local/lib/python3.12/site-packages/airflow/example_dags/example_nested_branch_dag.py took 0.101 seconds
[2026-06-16T23:36:08.399+0000] {processor.py:161} INFO - Started process (PID=2470) to work on /home/airflow/.local/lib/python3.12/site-packages/airflow/example_dags/example_nested_branch_dag.py
[2026-06-16T23:36:08.400+0000] {processor.py:830} INFO - Processing file /home/airflow/.local/lib/python3.12/site-packages/airflow/example_dags/example_nested_branch_dag.py for tasks to queue
[2026-06-16T23:36:08.402+0000] {logging_mixin.py:188} INFO - [2026-06-16T23:36:08.402+0000] {dagbag.py:545} INFO - Filling up the DagBag from /home/airflow/.local/lib/python3.12/site-packages/airflow/example_dags/example_nested_branch_dag.py
[2026-06-16T23:36:08.414+0000] {processor.py:840} INFO - DAG(s) 'example_nested_branch_dag' retrieved from /home/airflow/.local/lib/python3.12/site-packages/airflow/example_dags/example_nested_branch_dag.py
[2026-06-16T23:36:08.441+0000] {logging_mixin.py:188} INFO - [2026-06-16T23:36:08.441+0000] {dag.py:3089} INFO - Sync 1 DAGs
[2026-06-16T23:36:08.470+0000] {logging_mixin.py:188} INFO - [2026-06-16T23:36:08.469+0000] {dag.py:3947} INFO - Setting next_dagrun for example_nested_branch_dag to 2026-06-15 00:00:00+00:00, run_after=2026-06-16 00:00:00+00:00
[2026-06-16T23:36:08.489+0000] {processor.py:183} INFO - Processing /home/airflow/.local/lib/python3.12/site-packages/airflow/example_dags/example_nested_branch_dag.py took 0.097 seconds
[2026-06-16T23:36:38.880+0000] {processor.py:161} INFO - Started process (PID=2528) to work on /home/airflow/.local/lib/python3.12/site-packages/airflow/example_dags/example_nested_branch_dag.py
[2026-06-16T23:36:38.881+0000] {processor.py:830} INFO - Processing file /home/airflow/.local/lib/python3.12/site-packages/airflow/example_dags/example_nested_branch_dag.py for tasks to queue
[2026-06-16T23:36:38.883+0000] {logging_mixin.py:188} INFO - [2026-06-16T23:36:38.882+0000] {dagbag.py:545} INFO - Filling up the DagBag from /home/airflow/.local/lib/python3.12/site-packages/airflow/example_dags/example_nested_branch_dag.py
[2026-06-16T23:36:38.895+0000] {processor.py:840} INFO - DAG(s) 'example_nested_branch_dag' retrieved from /home/airflow/.local/lib/python3.12/site-packages/airflow/example_dags/example_nested_branch_dag.py
[2026-06-16T23:36:38.927+0000] {logging_mixin.py:188} INFO - [2026-06-16T23:36:38.926+0000] {dag.py:3089} INFO - Sync 1 DAGs
[2026-06-16T23:36:38.956+0000] {logging_mixin.py:188} INFO - [2026-06-16T23:36:38.956+0000] {dag.py:3947} INFO - Setting next_dagrun for example_nested_branch_dag to 2026-06-15 00:00:00+00:00, run_after=2026-06-16 00:00:00+00:00
[2026-06-16T23:36:38.976+0000] {processor.py:183} INFO - Processing /home/airflow/.local/lib/python3.12/site-packages/airflow/example_dags/example_nested_branch_dag.py took 0.104 seconds
[2026-06-16T23:37:09.153+0000] {processor.py:161} INFO - Started process (PID=2586) to work on /home/airflow/.local/lib/python3.12/site-packages/airflow/example_dags/example_nested_branch_dag.py
[2026-06-16T23:37:09.154+0000] {processor.py:830} INFO - Processing file /home/airflow/.local/lib/python3.12/site-packages/airflow/example_dags/example_nested_branch_dag.py for tasks to queue
[2026-06-16T23:37:09.157+0000] {logging_mixin.py:188} INFO - [2026-06-16T23:37:09.156+0000] {dagbag.py:545} INFO - Filling up the DagBag from /home/airflow/.local/lib/python3.12/site-packages/airflow/example_dags/example_nested_branch_dag.py
[2026-06-16T23:37:09.181+0000] {processor.py:840} INFO - DAG(s) 'example_nested_branch_dag' retrieved from /home/airflow/.local/lib/python3.12/site-packages/airflow/example_dags/example_nested_branch_dag.py
[2026-06-16T23:37:09.212+0000] {logging_mixin.py:188} INFO - [2026-06-16T23:37:09.211+0000] {dag.py:3089} INFO - Sync 1 DAGs
[2026-06-16T23:37:09.245+0000] {logging_mixin.py:188} INFO - [2026-06-16T23:37:09.245+0000] {dag.py:3947} INFO - Setting next_dagrun for example_nested_branch_dag to 2026-06-15 00:00:00+00:00, run_after=2026-06-16 00:00:00+00:00
[2026-06-16T23:37:09.267+0000] {processor.py:183} INFO - Processing /home/airflow/.local/lib/python3.12/site-packages/airflow/example_dags/example_nested_branch_dag.py took 0.121 seconds
[2026-06-16T23:37:39.354+0000] {processor.py:161} INFO - Started process (PID=2644) to work on /home/airflow/.local/lib/python3.12/site-packages/airflow/example_dags/example_nested_branch_dag.py
[2026-06-16T23:37:39.355+0000] {processor.py:830} INFO - Processing file /home/airflow/.local/lib/python3.12/site-packages/airflow/example_dags/example_nested_branch_dag.py for tasks to queue
[2026-06-16T23:37:39.357+0000] {logging_mixin.py:188} INFO - [2026-06-16T23:37:39.356+0000] {dagbag.py:545} INFO - Filling up the DagBag from /home/airflow/.local/lib/python3.12/site-packages/airflow/example_dags/example_nested_branch_dag.py
[2026-06-16T23:37:39.370+0000] {processor.py:840} INFO - DAG(s) 'example_nested_branch_dag' retrieved from /home/airflow/.local/lib/python3.12/site-packages/airflow/example_dags/example_nested_branch_dag.py
[2026-06-16T23:37:39.398+0000] {logging_mixin.py:188} INFO - [2026-06-16T23:37:39.397+0000] {dag.py:3089} INFO - Sync 1 DAGs
[2026-06-16T23:37:39.425+0000] {logging_mixin.py:188} INFO - [2026-06-16T23:37:39.425+0000] {dag.py:3947} INFO - Setting next_dagrun for example_nested_branch_dag to 2026-06-15 00:00:00+00:00, run_after=2026-06-16 00:00:00+00:00
[2026-06-16T23:37:39.454+0000] {processor.py:183} INFO - Processing /home/airflow/.local/lib/python3.12/site-packages/airflow/example_dags/example_nested_branch_dag.py took 0.107 seconds
[2026-06-16T23:38:09.637+0000] {processor.py:161} INFO - Started process (PID=2703) to work on /home/airflow/.local/lib/python3.12/site-packages/airflow/example_dags/example_nested_branch_dag.py
[2026-06-16T23:38:09.640+0000] {processor.py:830} INFO - Processing file /home/airflow/.local/lib/python3.12/site-packages/airflow/example_dags/example_nested_branch_dag.py for tasks to queue
[2026-06-16T23:38:09.644+0000] {logging_mixin.py:188} INFO - [2026-06-16T23:38:09.643+0000] {dagbag.py:545} INFO - Filling up the DagBag from /home/airflow/.local/lib/python3.12/site-packages/airflow/example_dags/example_nested_branch_dag.py
[2026-06-16T23:38:09.665+0000] {processor.py:840} INFO - DAG(s) 'example_nested_branch_dag' retrieved from /home/airflow/.local/lib/python3.12/site-packages/airflow/example_dags/example_nested_branch_dag.py
[2026-06-16T23:38:09.747+0000] {logging_mixin.py:188} INFO - [2026-06-16T23:38:09.747+0000] {dag.py:3089} INFO - Sync 1 DAGs
[2026-06-16T23:38:09.810+0000] {logging_mixin.py:188} INFO - [2026-06-16T23:38:09.810+0000] {dag.py:3947} INFO - Setting next_dagrun for example_nested_branch_dag to 2026-06-15 00:00:00+00:00, run_after=2026-06-16 00:00:00+00:00
[2026-06-16T23:38:09.843+0000] {processor.py:183} INFO - Processing /home/airflow/.local/lib/python3.12/site-packages/airflow/example_dags/example_nested_branch_dag.py took 0.218 seconds
[2026-06-16T23:38:40.195+0000] {processor.py:161} INFO - Started process (PID=2761) to work on /home/airflow/.local/lib/python3.12/site-packages/airflow/example_dags/example_nested_branch_dag.py
[2026-06-16T23:38:40.196+0000] {processor.py:830} INFO - Processing file /home/airflow/.local/lib/python3.12/site-packages/airflow/example_dags/example_nested_branch_dag.py for tasks to queue
[2026-06-16T23:38:40.200+0000] {logging_mixin.py:188} INFO - [2026-06-16T23:38:40.200+0000] {dagbag.py:545} INFO - Filling up the DagBag from /home/airflow/.local/lib/python3.12/site-packages/airflow/example_dags/example_nested_branch_dag.py
[2026-06-16T23:38:40.227+0000] {processor.py:840} INFO - DAG(s) 'example_nested_branch_dag' retrieved from /home/airflow/.local/lib/python3.12/site-packages/airflow/example_dags/example_nested_branch_dag.py
[2026-06-16T23:38:40.283+0000] {logging_mixin.py:188} INFO - [2026-06-16T23:38:40.282+0000] {dag.py:3089} INFO - Sync 1 DAGs
[2026-06-16T23:38:40.349+0000] {logging_mixin.py:188} INFO - [2026-06-16T23:38:40.348+0000] {dag.py:3947} INFO - Setting next_dagrun for example_nested_branch_dag to 2026-06-15 00:00:00+00:00, run_after=2026-06-16 00:00:00+00:00
[2026-06-16T23:38:40.401+0000] {processor.py:183} INFO - Processing /home/airflow/.local/lib/python3.12/site-packages/airflow/example_dags/example_nested_branch_dag.py took 0.224 seconds
[2026-06-16T23:39:10.772+0000] {processor.py:161} INFO - Started process (PID=2819) to work on /home/airflow/.local/lib/python3.12/site-packages/airflow/example_dags/example_nested_branch_dag.py
[2026-06-16T23:39:10.773+0000] {processor.py:830} INFO - Processing file /home/airflow/.local/lib/python3.12/site-packages/airflow/example_dags/example_nested_branch_dag.py for tasks to queue
[2026-06-16T23:39:10.775+0000] {logging_mixin.py:188} INFO - [2026-06-16T23:39:10.775+0000] {dagbag.py:545} INFO - Filling up the DagBag from /home/airflow/.local/lib/python3.12/site-packages/airflow/example_dags/example_nested_branch_dag.py
[2026-06-16T23:39:10.787+0000] {processor.py:840} INFO - DAG(s) 'example_nested_branch_dag' retrieved from /home/airflow/.local/lib/python3.12/site-packages/airflow/example_dags/example_nested_branch_dag.py
[2026-06-16T23:39:10.816+0000] {logging_mixin.py:188} INFO - [2026-06-16T23:39:10.815+0000] {dag.py:3089} INFO - Sync 1 DAGs
[2026-06-16T23:39:10.846+0000] {logging_mixin.py:188} INFO - [2026-06-16T23:39:10.846+0000] {dag.py:3947} INFO - Setting next_dagrun for example_nested_branch_dag to 2026-06-15 00:00:00+00:00, run_after=2026-06-16 00:00:00+00:00
[2026-06-16T23:39:10.866+0000] {processor.py:183} INFO - Processing /home/airflow/.local/lib/python3.12/site-packages/airflow/example_dags/example_nested_branch_dag.py took 0.101 seconds
[2026-06-16T23:39:40.945+0000] {processor.py:161} INFO - Started process (PID=2877) to work on /home/airflow/.local/lib/python3.12/site-packages/airflow/example_dags/example_nested_branch_dag.py
[2026-06-16T23:39:40.946+0000] {processor.py:830} INFO - Processing file /home/airflow/.local/lib/python3.12/site-packages/airflow/example_dags/example_nested_branch_dag.py for tasks to queue
[2026-06-16T23:39:40.948+0000] {logging_mixin.py:188} INFO - [2026-06-16T23:39:40.948+0000] {dagbag.py:545} INFO - Filling up the DagBag from /home/airflow/.local/lib/python3.12/site-packages/airflow/example_dags/example_nested_branch_dag.py
[2026-06-16T23:39:40.962+0000] {processor.py:840} INFO - DAG(s) 'example_nested_branch_dag' retrieved from /home/airflow/.local/lib/python3.12/site-packages/airflow/example_dags/example_nested_branch_dag.py
[2026-06-16T23:39:40.987+0000] {logging_mixin.py:188} INFO - [2026-06-16T23:39:40.987+0000] {dag.py:3089} INFO - Sync 1 DAGs
[2026-06-16T23:39:41.013+0000] {logging_mixin.py:188} INFO - [2026-06-16T23:39:41.012+0000] {dag.py:3947} INFO - Setting next_dagrun for example_nested_branch_dag to 2026-06-15 00:00:00+00:00, run_after=2026-06-16 00:00:00+00:00
[2026-06-16T23:39:41.033+0000] {processor.py:183} INFO - Processing /home/airflow/.local/lib/python3.12/site-packages/airflow/example_dags/example_nested_branch_dag.py took 0.096 seconds
[2026-06-16T23:40:11.471+0000] {processor.py:161} INFO - Started process (PID=2935) to work on /home/airflow/.local/lib/python3.12/site-packages/airflow/example_dags/example_nested_branch_dag.py
[2026-06-16T23:40:11.472+0000] {processor.py:830} INFO - Processing file /home/airflow/.local/lib/python3.12/site-packages/airflow/example_dags/example_nested_branch_dag.py for tasks to queue
[2026-06-16T23:40:11.475+0000] {logging_mixin.py:188} INFO - [2026-06-16T23:40:11.474+0000] {dagbag.py:545} INFO - Filling up the DagBag from /home/airflow/.local/lib/python3.12/site-packages/airflow/example_dags/example_nested_branch_dag.py
[2026-06-16T23:40:11.488+0000] {processor.py:840} INFO - DAG(s) 'example_nested_branch_dag' retrieved from /home/airflow/.local/lib/python3.12/site-packages/airflow/example_dags/example_nested_branch_dag.py
[2026-06-16T23:40:11.522+0000] {logging_mixin.py:188} INFO - [2026-06-16T23:40:11.521+0000] {dag.py:3089} INFO - Sync 1 DAGs
[2026-06-16T23:40:11.548+0000] {logging_mixin.py:188} INFO - [2026-06-16T23:40:11.548+0000] {dag.py:3947} INFO - Setting next_dagrun for example_nested_branch_dag to 2026-06-15 00:00:00+00:00, run_after=2026-06-16 00:00:00+00:00
[2026-06-16T23:40:11.569+0000] {processor.py:183} INFO - Processing /home/airflow/.local/lib/python3.12/site-packages/airflow/example_dags/example_nested_branch_dag.py took 0.105 seconds
[2026-06-16T23:40:41.921+0000] {processor.py:161} INFO - Started process (PID=2992) to work on /home/airflow/.local/lib/python3.12/site-packages/airflow/example_dags/example_nested_branch_dag.py
[2026-06-16T23:40:41.922+0000] {processor.py:830} INFO - Processing file /home/airflow/.local/lib/python3.12/site-packages/airflow/example_dags/example_nested_branch_dag.py for tasks to queue
[2026-06-16T23:40:41.924+0000] {logging_mixin.py:188} INFO - [2026-06-16T23:40:41.924+0000] {dagbag.py:545} INFO - Filling up the DagBag from /home/airflow/.local/lib/python3.12/site-packages/airflow/example_dags/example_nested_branch_dag.py
[2026-06-16T23:40:41.936+0000] {processor.py:840} INFO - DAG(s) 'example_nested_branch_dag' retrieved from /home/airflow/.local/lib/python3.12/site-packages/airflow/example_dags/example_nested_branch_dag.py
[2026-06-16T23:40:41.964+0000] {logging_mixin.py:188} INFO - [2026-06-16T23:40:41.964+0000] {dag.py:3089} INFO - Sync 1 DAGs
[2026-06-16T23:40:41.991+0000] {logging_mixin.py:188} INFO - [2026-06-16T23:40:41.990+0000] {dag.py:3947} INFO - Setting next_dagrun for example_nested_branch_dag to 2026-06-15 00:00:00+00:00, run_after=2026-06-16 00:00:00+00:00
[2026-06-16T23:40:42.014+0000] {processor.py:183} INFO - Processing /home/airflow/.local/lib/python3.12/site-packages/airflow/example_dags/example_nested_branch_dag.py took 0.101 seconds
[2026-06-16T23:41:12.436+0000] {processor.py:161} INFO - Started process (PID=3050) to work on /home/airflow/.local/lib/python3.12/site-packages/airflow/example_dags/example_nested_branch_dag.py
[2026-06-16T23:41:12.437+0000] {processor.py:830} INFO - Processing file /home/airflow/.local/lib/python3.12/site-packages/airflow/example_dags/example_nested_branch_dag.py for tasks to queue
[2026-06-16T23:41:12.439+0000] {logging_mixin.py:188} INFO - [2026-06-16T23:41:12.439+0000] {dagbag.py:545} INFO - Filling up the DagBag from /home/airflow/.local/lib/python3.12/site-packages/airflow/example_dags/example_nested_branch_dag.py
[2026-06-16T23:41:12.452+0000] {processor.py:840} INFO - DAG(s) 'example_nested_branch_dag' retrieved from /home/airflow/.local/lib/python3.12/site-packages/airflow/example_dags/example_nested_branch_dag.py
[2026-06-16T23:41:12.484+0000] {logging_mixin.py:188} INFO - [2026-06-16T23:41:12.483+0000] {dag.py:3089} INFO - Sync 1 DAGs
[2026-06-16T23:41:12.519+0000] {logging_mixin.py:188} INFO - [2026-06-16T23:41:12.519+0000] {dag.py:3947} INFO - Setting next_dagrun for example_nested_branch_dag to 2026-06-15 00:00:00+00:00, run_after=2026-06-16 00:00:00+00:00
[2026-06-16T23:41:12.539+0000] {processor.py:183} INFO - Processing /home/airflow/.local/lib/python3.12/site-packages/airflow/example_dags/example_nested_branch_dag.py took 0.111 seconds
[2026-06-16T23:41:42.770+0000] {processor.py:161} INFO - Started process (PID=3107) to work on /home/airflow/.local/lib/python3.12/site-packages/airflow/example_dags/example_nested_branch_dag.py
[2026-06-16T23:41:42.771+0000] {processor.py:830} INFO - Processing file /home/airflow/.local/lib/python3.12/site-packages/airflow/example_dags/example_nested_branch_dag.py for tasks to queue
[2026-06-16T23:41:42.773+0000] {logging_mixin.py:188} INFO - [2026-06-16T23:41:42.772+0000] {dagbag.py:545} INFO - Filling up the DagBag from /home/airflow/.local/lib/python3.12/site-packages/airflow/example_dags/example_nested_branch_dag.py
[2026-06-16T23:41:42.784+0000] {processor.py:840} INFO - DAG(s) 'example_nested_branch_dag' retrieved from /home/airflow/.local/lib/python3.12/site-packages/airflow/example_dags/example_nested_branch_dag.py
[2026-06-16T23:41:42.812+0000] {logging_mixin.py:188} INFO - [2026-06-16T23:41:42.811+0000] {dag.py:3089} INFO - Sync 1 DAGs
[2026-06-16T23:41:42.848+0000] {logging_mixin.py:188} INFO - [2026-06-16T23:41:42.847+0000] {dag.py:3947} INFO - Setting next_dagrun for example_nested_branch_dag to 2026-06-15 00:00:00+00:00, run_after=2026-06-16 00:00:00+00:00
[2026-06-16T23:41:42.869+0000] {processor.py:183} INFO - Processing /home/airflow/.local/lib/python3.12/site-packages/airflow/example_dags/example_nested_branch_dag.py took 0.107 seconds
[2026-06-16T23:42:13.189+0000] {processor.py:161} INFO - Started process (PID=3165) to work on /home/airflow/.local/lib/python3.12/site-packages/airflow/example_dags/example_nested_branch_dag.py
[2026-06-16T23:42:13.190+0000] {processor.py:830} INFO - Processing file /home/airflow/.local/lib/python3.12/site-packages/airflow/example_dags/example_nested_branch_dag.py for tasks to queue
[2026-06-16T23:42:13.192+0000] {logging_mixin.py:188} INFO - [2026-06-16T23:42:13.191+0000] {dagbag.py:545} INFO - Filling up the DagBag from /home/airflow/.local/lib/python3.12/site-packages/airflow/example_dags/example_nested_branch_dag.py
[2026-06-16T23:42:13.204+0000] {processor.py:840} INFO - DAG(s) 'example_nested_branch_dag' retrieved from /home/airflow/.local/lib/python3.12/site-packages/airflow/example_dags/example_nested_branch_dag.py
[2026-06-16T23:42:13.231+0000] {logging_mixin.py:188} INFO - [2026-06-16T23:42:13.231+0000] {dag.py:3089} INFO - Sync 1 DAGs
[2026-06-16T23:42:13.259+0000] {logging_mixin.py:188} INFO - [2026-06-16T23:42:13.259+0000] {dag.py:3947} INFO - Setting next_dagrun for example_nested_branch_dag to 2026-06-15 00:00:00+00:00, run_after=2026-06-16 00:00:00+00:00
[2026-06-16T23:42:13.279+0000] {processor.py:183} INFO - Processing /home/airflow/.local/lib/python3.12/site-packages/airflow/example_dags/example_nested_branch_dag.py took 0.098 seconds
[2026-06-16T23:42:43.556+0000] {processor.py:161} INFO - Started process (PID=3223) to work on /home/airflow/.local/lib/python3.12/site-packages/airflow/example_dags/example_nested_branch_dag.py
[2026-06-16T23:42:43.557+0000] {processor.py:830} INFO - Processing file /home/airflow/.local/lib/python3.12/site-packages/airflow/example_dags/example_nested_branch_dag.py for tasks to queue
[2026-06-16T23:42:43.559+0000] {logging_mixin.py:188} INFO - [2026-06-16T23:42:43.559+0000] {dagbag.py:545} INFO - Filling up the DagBag from /home/airflow/.local/lib/python3.12/site-packages/airflow/example_dags/example_nested_branch_dag.py
[2026-06-16T23:42:43.571+0000] {processor.py:840} INFO - DAG(s) 'example_nested_branch_dag' retrieved from /home/airflow/.local/lib/python3.12/site-packages/airflow/example_dags/example_nested_branch_dag.py
[2026-06-16T23:42:43.597+0000] {logging_mixin.py:188} INFO - [2026-06-16T23:42:43.597+0000] {dag.py:3089} INFO - Sync 1 DAGs
[2026-06-16T23:42:43.625+0000] {logging_mixin.py:188} INFO - [2026-06-16T23:42:43.625+0000] {dag.py:3947} INFO - Setting next_dagrun for example_nested_branch_dag to 2026-06-15 00:00:00+00:00, run_after=2026-06-16 00:00:00+00:00
[2026-06-16T23:42:43.646+0000] {processor.py:183} INFO - Processing /home/airflow/.local/lib/python3.12/site-packages/airflow/example_dags/example_nested_branch_dag.py took 0.104 seconds
[2026-06-16T23:43:13.862+0000] {processor.py:161} INFO - Started process (PID=3280) to work on /home/airflow/.local/lib/python3.12/site-packages/airflow/example_dags/example_nested_branch_dag.py
[2026-06-16T23:43:13.864+0000] {processor.py:830} INFO - Processing file /home/airflow/.local/lib/python3.12/site-packages/airflow/example_dags/example_nested_branch_dag.py for tasks to queue
[2026-06-16T23:43:13.866+0000] {logging_mixin.py:188} INFO - [2026-06-16T23:43:13.865+0000] {dagbag.py:545} INFO - Filling up the DagBag from /home/airflow/.local/lib/python3.12/site-packages/airflow/example_dags/example_nested_branch_dag.py
[2026-06-16T23:43:13.878+0000] {processor.py:840} INFO - DAG(s) 'example_nested_branch_dag' retrieved from /home/airflow/.local/lib/python3.12/site-packages/airflow/example_dags/example_nested_branch_dag.py
[2026-06-16T23:43:13.905+0000] {logging_mixin.py:188} INFO - [2026-06-16T23:43:13.904+0000] {dag.py:3089} INFO - Sync 1 DAGs
[2026-06-16T23:43:13.949+0000] {logging_mixin.py:188} INFO - [2026-06-16T23:43:13.949+0000] {dag.py:3947} INFO - Setting next_dagrun for example_nested_branch_dag to 2026-06-15 00:00:00+00:00, run_after=2026-06-16 00:00:00+00:00
[2026-06-16T23:43:13.970+0000] {processor.py:183} INFO - Processing /home/airflow/.local/lib/python3.12/site-packages/airflow/example_dags/example_nested_branch_dag.py took 0.115 seconds
[2026-06-16T23:43:44.203+0000] {processor.py:161} INFO - Started process (PID=3338) to work on /home/airflow/.local/lib/python3.12/site-packages/airflow/example_dags/example_nested_branch_dag.py
[2026-06-16T23:43:44.204+0000] {processor.py:830} INFO - Processing file /home/airflow/.local/lib/python3.12/site-packages/airflow/example_dags/example_nested_branch_dag.py for tasks to queue
[2026-06-16T23:43:44.206+0000] {logging_mixin.py:188} INFO - [2026-06-16T23:43:44.205+0000] {dagbag.py:545} INFO - Filling up the DagBag from /home/airflow/.local/lib/python3.12/site-packages/airflow/example_dags/example_nested_branch_dag.py
[2026-06-16T23:43:44.219+0000] {processor.py:840} INFO - DAG(s) 'example_nested_branch_dag' retrieved from /home/airflow/.local/lib/python3.12/site-packages/airflow/example_dags/example_nested_branch_dag.py
[2026-06-16T23:43:44.247+0000] {logging_mixin.py:188} INFO - [2026-06-16T23:43:44.247+0000] {dag.py:3089} INFO - Sync 1 DAGs
[2026-06-16T23:43:44.277+0000] {logging_mixin.py:188} INFO - [2026-06-16T23:43:44.277+0000] {dag.py:3947} INFO - Setting next_dagrun for example_nested_branch_dag to 2026-06-15 00:00:00+00:00, run_after=2026-06-16 00:00:00+00:00
[2026-06-16T23:43:44.309+0000] {processor.py:183} INFO - Processing /home/airflow/.local/lib/python3.12/site-packages/airflow/example_dags/example_nested_branch_dag.py took 0.115 seconds
