[2026-06-16T23:15:06.158+0000] {processor.py:161} INFO - Started process (PID=62) to work on /home/airflow/.local/lib/python3.12/site-packages/airflow/example_dags/example_bash_operator.py
[2026-06-16T23:15:06.159+0000] {processor.py:830} INFO - Processing file /home/airflow/.local/lib/python3.12/site-packages/airflow/example_dags/example_bash_operator.py for tasks to queue
[2026-06-16T23:15:06.162+0000] {logging_mixin.py:188} INFO - [2026-06-16T23:15:06.162+0000] {dagbag.py:545} INFO - Filling up the DagBag from /home/airflow/.local/lib/python3.12/site-packages/airflow/example_dags/example_bash_operator.py
[2026-06-16T23:15:06.193+0000] {processor.py:840} INFO - DAG(s) 'example_bash_operator' retrieved from /home/airflow/.local/lib/python3.12/site-packages/airflow/example_dags/example_bash_operator.py
[2026-06-16T23:15:06.328+0000] {logging_mixin.py:188} INFO - [2026-06-16T23:15:06.328+0000] {dag.py:3089} INFO - Sync 1 DAGs
[2026-06-16T23:15:06.417+0000] {logging_mixin.py:188} INFO - [2026-06-16T23:15:06.415+0000] {dag.py:3947} INFO - Setting next_dagrun for example_bash_operator to 2026-06-16 00:00:00+00:00, run_after=2026-06-17 00:00:00+00:00
[2026-06-16T23:15:06.470+0000] {processor.py:183} INFO - Processing /home/airflow/.local/lib/python3.12/site-packages/airflow/example_dags/example_bash_operator.py took 0.353 seconds
[2026-06-16T23:15:37.348+0000] {processor.py:161} INFO - Started process (PID=119) to work on /home/airflow/.local/lib/python3.12/site-packages/airflow/example_dags/example_bash_operator.py
[2026-06-16T23:15:37.350+0000] {processor.py:830} INFO - Processing file /home/airflow/.local/lib/python3.12/site-packages/airflow/example_dags/example_bash_operator.py for tasks to queue
[2026-06-16T23:15:37.352+0000] {logging_mixin.py:188} INFO - [2026-06-16T23:15:37.351+0000] {dagbag.py:545} INFO - Filling up the DagBag from /home/airflow/.local/lib/python3.12/site-packages/airflow/example_dags/example_bash_operator.py
[2026-06-16T23:15:37.365+0000] {processor.py:840} INFO - DAG(s) 'example_bash_operator' retrieved from /home/airflow/.local/lib/python3.12/site-packages/airflow/example_dags/example_bash_operator.py
[2026-06-16T23:15:37.399+0000] {logging_mixin.py:188} INFO - [2026-06-16T23:15:37.399+0000] {dag.py:3089} INFO - Sync 1 DAGs
[2026-06-16T23:15:37.429+0000] {logging_mixin.py:188} INFO - [2026-06-16T23:15:37.429+0000] {dag.py:3947} INFO - Setting next_dagrun for example_bash_operator to 2026-06-16 00:00:00+00:00, run_after=2026-06-17 00:00:00+00:00
[2026-06-16T23:15:37.450+0000] {processor.py:183} INFO - Processing /home/airflow/.local/lib/python3.12/site-packages/airflow/example_dags/example_bash_operator.py took 0.109 seconds
[2026-06-16T23:16:07.689+0000] {processor.py:161} INFO - Started process (PID=177) to work on /home/airflow/.local/lib/python3.12/site-packages/airflow/example_dags/example_bash_operator.py
[2026-06-16T23:16:07.690+0000] {processor.py:830} INFO - Processing file /home/airflow/.local/lib/python3.12/site-packages/airflow/example_dags/example_bash_operator.py for tasks to queue
[2026-06-16T23:16:07.692+0000] {logging_mixin.py:188} INFO - [2026-06-16T23:16:07.692+0000] {dagbag.py:545} INFO - Filling up the DagBag from /home/airflow/.local/lib/python3.12/site-packages/airflow/example_dags/example_bash_operator.py
[2026-06-16T23:16:07.706+0000] {processor.py:840} INFO - DAG(s) 'example_bash_operator' retrieved from /home/airflow/.local/lib/python3.12/site-packages/airflow/example_dags/example_bash_operator.py
[2026-06-16T23:16:07.741+0000] {logging_mixin.py:188} INFO - [2026-06-16T23:16:07.741+0000] {dag.py:3089} INFO - Sync 1 DAGs
[2026-06-16T23:16:07.771+0000] {logging_mixin.py:188} INFO - [2026-06-16T23:16:07.770+0000] {dag.py:3947} INFO - Setting next_dagrun for example_bash_operator to 2026-06-16 00:00:00+00:00, run_after=2026-06-17 00:00:00+00:00
[2026-06-16T23:16:07.789+0000] {processor.py:183} INFO - Processing /home/airflow/.local/lib/python3.12/site-packages/airflow/example_dags/example_bash_operator.py took 0.106 seconds
[2026-06-16T23:16:37.873+0000] {processor.py:161} INFO - Started process (PID=235) to work on /home/airflow/.local/lib/python3.12/site-packages/airflow/example_dags/example_bash_operator.py
[2026-06-16T23:16:37.874+0000] {processor.py:830} INFO - Processing file /home/airflow/.local/lib/python3.12/site-packages/airflow/example_dags/example_bash_operator.py for tasks to queue
[2026-06-16T23:16:37.876+0000] {logging_mixin.py:188} INFO - [2026-06-16T23:16:37.876+0000] {dagbag.py:545} INFO - Filling up the DagBag from /home/airflow/.local/lib/python3.12/site-packages/airflow/example_dags/example_bash_operator.py
[2026-06-16T23:16:37.889+0000] {processor.py:840} INFO - DAG(s) 'example_bash_operator' retrieved from /home/airflow/.local/lib/python3.12/site-packages/airflow/example_dags/example_bash_operator.py
[2026-06-16T23:16:37.923+0000] {logging_mixin.py:188} INFO - [2026-06-16T23:16:37.922+0000] {dag.py:3089} INFO - Sync 1 DAGs
[2026-06-16T23:16:37.951+0000] {logging_mixin.py:188} INFO - [2026-06-16T23:16:37.950+0000] {dag.py:3947} INFO - Setting next_dagrun for example_bash_operator to 2026-06-16 00:00:00+00:00, run_after=2026-06-17 00:00:00+00:00
[2026-06-16T23:16:37.976+0000] {processor.py:183} INFO - Processing /home/airflow/.local/lib/python3.12/site-packages/airflow/example_dags/example_bash_operator.py took 0.110 seconds
[2026-06-16T23:17:08.077+0000] {processor.py:161} INFO - Started process (PID=293) to work on /home/airflow/.local/lib/python3.12/site-packages/airflow/example_dags/example_bash_operator.py
[2026-06-16T23:17:08.077+0000] {processor.py:830} INFO - Processing file /home/airflow/.local/lib/python3.12/site-packages/airflow/example_dags/example_bash_operator.py for tasks to queue
[2026-06-16T23:17:08.080+0000] {logging_mixin.py:188} INFO - [2026-06-16T23:17:08.079+0000] {dagbag.py:545} INFO - Filling up the DagBag from /home/airflow/.local/lib/python3.12/site-packages/airflow/example_dags/example_bash_operator.py
[2026-06-16T23:17:08.093+0000] {processor.py:840} INFO - DAG(s) 'example_bash_operator' retrieved from /home/airflow/.local/lib/python3.12/site-packages/airflow/example_dags/example_bash_operator.py
[2026-06-16T23:17:08.127+0000] {logging_mixin.py:188} INFO - [2026-06-16T23:17:08.127+0000] {dag.py:3089} INFO - Sync 1 DAGs
[2026-06-16T23:17:08.155+0000] {logging_mixin.py:188} INFO - [2026-06-16T23:17:08.155+0000] {dag.py:3947} INFO - Setting next_dagrun for example_bash_operator to 2026-06-16 00:00:00+00:00, run_after=2026-06-17 00:00:00+00:00
[2026-06-16T23:17:08.174+0000] {processor.py:183} INFO - Processing /home/airflow/.local/lib/python3.12/site-packages/airflow/example_dags/example_bash_operator.py took 0.104 seconds
[2026-06-16T23:17:38.891+0000] {processor.py:161} INFO - Started process (PID=351) to work on /home/airflow/.local/lib/python3.12/site-packages/airflow/example_dags/example_bash_operator.py
[2026-06-16T23:17:38.892+0000] {processor.py:830} INFO - Processing file /home/airflow/.local/lib/python3.12/site-packages/airflow/example_dags/example_bash_operator.py for tasks to queue
[2026-06-16T23:17:38.894+0000] {logging_mixin.py:188} INFO - [2026-06-16T23:17:38.894+0000] {dagbag.py:545} INFO - Filling up the DagBag from /home/airflow/.local/lib/python3.12/site-packages/airflow/example_dags/example_bash_operator.py
[2026-06-16T23:17:38.911+0000] {processor.py:840} INFO - DAG(s) 'example_bash_operator' retrieved from /home/airflow/.local/lib/python3.12/site-packages/airflow/example_dags/example_bash_operator.py
[2026-06-16T23:17:38.945+0000] {logging_mixin.py:188} INFO - [2026-06-16T23:17:38.945+0000] {dag.py:3089} INFO - Sync 1 DAGs
[2026-06-16T23:17:38.973+0000] {logging_mixin.py:188} INFO - [2026-06-16T23:17:38.973+0000] {dag.py:3947} INFO - Setting next_dagrun for example_bash_operator to 2026-06-16 00:00:00+00:00, run_after=2026-06-17 00:00:00+00:00
[2026-06-16T23:17:38.991+0000] {processor.py:183} INFO - Processing /home/airflow/.local/lib/python3.12/site-packages/airflow/example_dags/example_bash_operator.py took 0.108 seconds
[2026-06-16T23:18:09.876+0000] {processor.py:161} INFO - Started process (PID=409) to work on /home/airflow/.local/lib/python3.12/site-packages/airflow/example_dags/example_bash_operator.py
[2026-06-16T23:18:09.880+0000] {processor.py:830} INFO - Processing file /home/airflow/.local/lib/python3.12/site-packages/airflow/example_dags/example_bash_operator.py for tasks to queue
[2026-06-16T23:18:09.889+0000] {logging_mixin.py:188} INFO - [2026-06-16T23:18:09.881+0000] {dagbag.py:545} INFO - Filling up the DagBag from /home/airflow/.local/lib/python3.12/site-packages/airflow/example_dags/example_bash_operator.py
[2026-06-16T23:18:09.932+0000] {processor.py:840} INFO - DAG(s) 'example_bash_operator' retrieved from /home/airflow/.local/lib/python3.12/site-packages/airflow/example_dags/example_bash_operator.py
[2026-06-16T23:18:10.069+0000] {logging_mixin.py:188} INFO - [2026-06-16T23:18:10.069+0000] {dag.py:3089} INFO - Sync 1 DAGs
[2026-06-16T23:18:10.160+0000] {logging_mixin.py:188} INFO - [2026-06-16T23:18:10.157+0000] {dag.py:3947} INFO - Setting next_dagrun for example_bash_operator to 2026-06-16 00:00:00+00:00, run_after=2026-06-17 00:00:00+00:00
[2026-06-16T23:18:10.222+0000] {processor.py:183} INFO - Processing /home/airflow/.local/lib/python3.12/site-packages/airflow/example_dags/example_bash_operator.py took 0.378 seconds
[2026-06-16T23:18:40.391+0000] {processor.py:161} INFO - Started process (PID=467) to work on /home/airflow/.local/lib/python3.12/site-packages/airflow/example_dags/example_bash_operator.py
[2026-06-16T23:18:40.392+0000] {processor.py:830} INFO - Processing file /home/airflow/.local/lib/python3.12/site-packages/airflow/example_dags/example_bash_operator.py for tasks to queue
[2026-06-16T23:18:40.393+0000] {logging_mixin.py:188} INFO - [2026-06-16T23:18:40.393+0000] {dagbag.py:545} INFO - Filling up the DagBag from /home/airflow/.local/lib/python3.12/site-packages/airflow/example_dags/example_bash_operator.py
[2026-06-16T23:18:40.404+0000] {processor.py:840} INFO - DAG(s) 'example_bash_operator' retrieved from /home/airflow/.local/lib/python3.12/site-packages/airflow/example_dags/example_bash_operator.py
[2026-06-16T23:18:40.428+0000] {logging_mixin.py:188} INFO - [2026-06-16T23:18:40.427+0000] {dag.py:3089} INFO - Sync 1 DAGs
[2026-06-16T23:18:40.450+0000] {logging_mixin.py:188} INFO - [2026-06-16T23:18:40.450+0000] {dag.py:3947} INFO - Setting next_dagrun for example_bash_operator to 2026-06-16 00:00:00+00:00, run_after=2026-06-17 00:00:00+00:00
[2026-06-16T23:18:40.465+0000] {processor.py:183} INFO - Processing /home/airflow/.local/lib/python3.12/site-packages/airflow/example_dags/example_bash_operator.py took 0.080 seconds
[2026-06-16T23:19:10.571+0000] {processor.py:161} INFO - Started process (PID=525) to work on /home/airflow/.local/lib/python3.12/site-packages/airflow/example_dags/example_bash_operator.py
[2026-06-16T23:19:10.572+0000] {processor.py:830} INFO - Processing file /home/airflow/.local/lib/python3.12/site-packages/airflow/example_dags/example_bash_operator.py for tasks to queue
[2026-06-16T23:19:10.575+0000] {logging_mixin.py:188} INFO - [2026-06-16T23:19:10.574+0000] {dagbag.py:545} INFO - Filling up the DagBag from /home/airflow/.local/lib/python3.12/site-packages/airflow/example_dags/example_bash_operator.py
[2026-06-16T23:19:10.590+0000] {processor.py:840} INFO - DAG(s) 'example_bash_operator' retrieved from /home/airflow/.local/lib/python3.12/site-packages/airflow/example_dags/example_bash_operator.py
[2026-06-16T23:19:10.624+0000] {logging_mixin.py:188} INFO - [2026-06-16T23:19:10.623+0000] {dag.py:3089} INFO - Sync 1 DAGs
[2026-06-16T23:19:10.652+0000] {logging_mixin.py:188} INFO - [2026-06-16T23:19:10.651+0000] {dag.py:3947} INFO - Setting next_dagrun for example_bash_operator to 2026-06-16 00:00:00+00:00, run_after=2026-06-17 00:00:00+00:00
[2026-06-16T23:19:10.670+0000] {processor.py:183} INFO - Processing /home/airflow/.local/lib/python3.12/site-packages/airflow/example_dags/example_bash_operator.py took 0.111 seconds
[2026-06-16T23:19:41.135+0000] {processor.py:161} INFO - Started process (PID=583) to work on /home/airflow/.local/lib/python3.12/site-packages/airflow/example_dags/example_bash_operator.py
[2026-06-16T23:19:41.135+0000] {processor.py:830} INFO - Processing file /home/airflow/.local/lib/python3.12/site-packages/airflow/example_dags/example_bash_operator.py for tasks to queue
[2026-06-16T23:19:41.137+0000] {logging_mixin.py:188} INFO - [2026-06-16T23:19:41.137+0000] {dagbag.py:545} INFO - Filling up the DagBag from /home/airflow/.local/lib/python3.12/site-packages/airflow/example_dags/example_bash_operator.py
[2026-06-16T23:19:41.156+0000] {processor.py:840} INFO - DAG(s) 'example_bash_operator' retrieved from /home/airflow/.local/lib/python3.12/site-packages/airflow/example_dags/example_bash_operator.py
[2026-06-16T23:19:41.189+0000] {logging_mixin.py:188} INFO - [2026-06-16T23:19:41.188+0000] {dag.py:3089} INFO - Sync 1 DAGs
[2026-06-16T23:19:41.237+0000] {logging_mixin.py:188} INFO - [2026-06-16T23:19:41.236+0000] {dag.py:3947} INFO - Setting next_dagrun for example_bash_operator to 2026-06-16 00:00:00+00:00, run_after=2026-06-17 00:00:00+00:00
[2026-06-16T23:19:41.252+0000] {processor.py:183} INFO - Processing /home/airflow/.local/lib/python3.12/site-packages/airflow/example_dags/example_bash_operator.py took 0.124 seconds
[2026-06-16T23:20:11.385+0000] {processor.py:161} INFO - Started process (PID=641) to work on /home/airflow/.local/lib/python3.12/site-packages/airflow/example_dags/example_bash_operator.py
[2026-06-16T23:20:11.386+0000] {processor.py:830} INFO - Processing file /home/airflow/.local/lib/python3.12/site-packages/airflow/example_dags/example_bash_operator.py for tasks to queue
[2026-06-16T23:20:11.388+0000] {logging_mixin.py:188} INFO - [2026-06-16T23:20:11.387+0000] {dagbag.py:545} INFO - Filling up the DagBag from /home/airflow/.local/lib/python3.12/site-packages/airflow/example_dags/example_bash_operator.py
[2026-06-16T23:20:11.402+0000] {processor.py:840} INFO - DAG(s) 'example_bash_operator' retrieved from /home/airflow/.local/lib/python3.12/site-packages/airflow/example_dags/example_bash_operator.py
[2026-06-16T23:20:11.447+0000] {logging_mixin.py:188} INFO - [2026-06-16T23:20:11.446+0000] {dag.py:3089} INFO - Sync 1 DAGs
[2026-06-16T23:20:11.508+0000] {logging_mixin.py:188} INFO - [2026-06-16T23:20:11.508+0000] {dag.py:3947} INFO - Setting next_dagrun for example_bash_operator to 2026-06-16 00:00:00+00:00, run_after=2026-06-17 00:00:00+00:00
[2026-06-16T23:20:11.530+0000] {processor.py:183} INFO - Processing /home/airflow/.local/lib/python3.12/site-packages/airflow/example_dags/example_bash_operator.py took 0.152 seconds
[2026-06-16T23:20:41.658+0000] {processor.py:161} INFO - Started process (PID=704) to work on /home/airflow/.local/lib/python3.12/site-packages/airflow/example_dags/example_bash_operator.py
[2026-06-16T23:20:41.659+0000] {processor.py:830} INFO - Processing file /home/airflow/.local/lib/python3.12/site-packages/airflow/example_dags/example_bash_operator.py for tasks to queue
[2026-06-16T23:20:41.661+0000] {logging_mixin.py:188} INFO - [2026-06-16T23:20:41.661+0000] {dagbag.py:545} INFO - Filling up the DagBag from /home/airflow/.local/lib/python3.12/site-packages/airflow/example_dags/example_bash_operator.py
[2026-06-16T23:20:41.678+0000] {processor.py:840} INFO - DAG(s) 'example_bash_operator' retrieved from /home/airflow/.local/lib/python3.12/site-packages/airflow/example_dags/example_bash_operator.py
[2026-06-16T23:20:41.730+0000] {logging_mixin.py:188} INFO - [2026-06-16T23:20:41.729+0000] {dag.py:3089} INFO - Sync 1 DAGs
[2026-06-16T23:20:41.760+0000] {logging_mixin.py:188} INFO - [2026-06-16T23:20:41.760+0000] {dag.py:3947} INFO - Setting next_dagrun for example_bash_operator to 2026-06-16 00:00:00+00:00, run_after=2026-06-17 00:00:00+00:00
[2026-06-16T23:20:41.782+0000] {processor.py:183} INFO - Processing /home/airflow/.local/lib/python3.12/site-packages/airflow/example_dags/example_bash_operator.py took 0.134 seconds
[2026-06-16T23:21:11.867+0000] {processor.py:161} INFO - Started process (PID=762) to work on /home/airflow/.local/lib/python3.12/site-packages/airflow/example_dags/example_bash_operator.py
[2026-06-16T23:21:11.868+0000] {processor.py:830} INFO - Processing file /home/airflow/.local/lib/python3.12/site-packages/airflow/example_dags/example_bash_operator.py for tasks to queue
[2026-06-16T23:21:11.872+0000] {logging_mixin.py:188} INFO - [2026-06-16T23:21:11.871+0000] {dagbag.py:545} INFO - Filling up the DagBag from /home/airflow/.local/lib/python3.12/site-packages/airflow/example_dags/example_bash_operator.py
[2026-06-16T23:21:11.886+0000] {processor.py:840} INFO - DAG(s) 'example_bash_operator' retrieved from /home/airflow/.local/lib/python3.12/site-packages/airflow/example_dags/example_bash_operator.py
[2026-06-16T23:21:11.923+0000] {logging_mixin.py:188} INFO - [2026-06-16T23:21:11.922+0000] {dag.py:3089} INFO - Sync 1 DAGs
[2026-06-16T23:21:11.953+0000] {logging_mixin.py:188} INFO - [2026-06-16T23:21:11.952+0000] {dag.py:3947} INFO - Setting next_dagrun for example_bash_operator to 2026-06-16 00:00:00+00:00, run_after=2026-06-17 00:00:00+00:00
[2026-06-16T23:21:11.970+0000] {processor.py:183} INFO - Processing /home/airflow/.local/lib/python3.12/site-packages/airflow/example_dags/example_bash_operator.py took 0.114 seconds
[2026-06-16T23:21:42.263+0000] {processor.py:161} INFO - Started process (PID=820) to work on /home/airflow/.local/lib/python3.12/site-packages/airflow/example_dags/example_bash_operator.py
[2026-06-16T23:21:42.263+0000] {processor.py:830} INFO - Processing file /home/airflow/.local/lib/python3.12/site-packages/airflow/example_dags/example_bash_operator.py for tasks to queue
[2026-06-16T23:21:42.268+0000] {logging_mixin.py:188} INFO - [2026-06-16T23:21:42.267+0000] {dagbag.py:545} INFO - Filling up the DagBag from /home/airflow/.local/lib/python3.12/site-packages/airflow/example_dags/example_bash_operator.py
[2026-06-16T23:21:42.283+0000] {processor.py:840} INFO - DAG(s) 'example_bash_operator' retrieved from /home/airflow/.local/lib/python3.12/site-packages/airflow/example_dags/example_bash_operator.py
[2026-06-16T23:21:42.320+0000] {logging_mixin.py:188} INFO - [2026-06-16T23:21:42.318+0000] {dag.py:3089} INFO - Sync 1 DAGs
[2026-06-16T23:21:42.360+0000] {logging_mixin.py:188} INFO - [2026-06-16T23:21:42.360+0000] {dag.py:3947} INFO - Setting next_dagrun for example_bash_operator to 2026-06-16 00:00:00+00:00, run_after=2026-06-17 00:00:00+00:00
[2026-06-16T23:21:42.377+0000] {processor.py:183} INFO - Processing /home/airflow/.local/lib/python3.12/site-packages/airflow/example_dags/example_bash_operator.py took 0.121 seconds
[2026-06-16T23:22:13.224+0000] {processor.py:161} INFO - Started process (PID=878) to work on /home/airflow/.local/lib/python3.12/site-packages/airflow/example_dags/example_bash_operator.py
[2026-06-16T23:22:13.230+0000] {processor.py:830} INFO - Processing file /home/airflow/.local/lib/python3.12/site-packages/airflow/example_dags/example_bash_operator.py for tasks to queue
[2026-06-16T23:22:13.238+0000] {logging_mixin.py:188} INFO - [2026-06-16T23:22:13.238+0000] {dagbag.py:545} INFO - Filling up the DagBag from /home/airflow/.local/lib/python3.12/site-packages/airflow/example_dags/example_bash_operator.py
[2026-06-16T23:22:13.286+0000] {processor.py:840} INFO - DAG(s) 'example_bash_operator' retrieved from /home/airflow/.local/lib/python3.12/site-packages/airflow/example_dags/example_bash_operator.py
[2026-06-16T23:22:13.400+0000] {logging_mixin.py:188} INFO - [2026-06-16T23:22:13.400+0000] {dag.py:3089} INFO - Sync 1 DAGs
[2026-06-16T23:22:13.450+0000] {logging_mixin.py:188} INFO - [2026-06-16T23:22:13.450+0000] {dag.py:3947} INFO - Setting next_dagrun for example_bash_operator to 2026-06-16 00:00:00+00:00, run_after=2026-06-17 00:00:00+00:00
[2026-06-16T23:22:13.470+0000] {processor.py:183} INFO - Processing /home/airflow/.local/lib/python3.12/site-packages/airflow/example_dags/example_bash_operator.py took 0.277 seconds
[2026-06-16T23:22:44.549+0000] {processor.py:161} INFO - Started process (PID=936) to work on /home/airflow/.local/lib/python3.12/site-packages/airflow/example_dags/example_bash_operator.py
[2026-06-16T23:22:44.554+0000] {processor.py:830} INFO - Processing file /home/airflow/.local/lib/python3.12/site-packages/airflow/example_dags/example_bash_operator.py for tasks to queue
[2026-06-16T23:22:44.558+0000] {logging_mixin.py:188} INFO - [2026-06-16T23:22:44.558+0000] {dagbag.py:545} INFO - Filling up the DagBag from /home/airflow/.local/lib/python3.12/site-packages/airflow/example_dags/example_bash_operator.py
[2026-06-16T23:22:44.597+0000] {processor.py:840} INFO - DAG(s) 'example_bash_operator' retrieved from /home/airflow/.local/lib/python3.12/site-packages/airflow/example_dags/example_bash_operator.py
[2026-06-16T23:22:44.690+0000] {logging_mixin.py:188} INFO - [2026-06-16T23:22:44.689+0000] {dag.py:3089} INFO - Sync 1 DAGs
[2026-06-16T23:22:44.797+0000] {logging_mixin.py:188} INFO - [2026-06-16T23:22:44.797+0000] {dag.py:3947} INFO - Setting next_dagrun for example_bash_operator to 2026-06-16 00:00:00+00:00, run_after=2026-06-17 00:00:00+00:00
[2026-06-16T23:22:44.876+0000] {processor.py:183} INFO - Processing /home/airflow/.local/lib/python3.12/site-packages/airflow/example_dags/example_bash_operator.py took 0.347 seconds
[2026-06-16T23:23:15.474+0000] {processor.py:161} INFO - Started process (PID=994) to work on /home/airflow/.local/lib/python3.12/site-packages/airflow/example_dags/example_bash_operator.py
[2026-06-16T23:23:15.475+0000] {processor.py:830} INFO - Processing file /home/airflow/.local/lib/python3.12/site-packages/airflow/example_dags/example_bash_operator.py for tasks to queue
[2026-06-16T23:23:15.477+0000] {logging_mixin.py:188} INFO - [2026-06-16T23:23:15.477+0000] {dagbag.py:545} INFO - Filling up the DagBag from /home/airflow/.local/lib/python3.12/site-packages/airflow/example_dags/example_bash_operator.py
[2026-06-16T23:23:15.491+0000] {processor.py:840} INFO - DAG(s) 'example_bash_operator' retrieved from /home/airflow/.local/lib/python3.12/site-packages/airflow/example_dags/example_bash_operator.py
[2026-06-16T23:23:15.528+0000] {logging_mixin.py:188} INFO - [2026-06-16T23:23:15.527+0000] {dag.py:3089} INFO - Sync 1 DAGs
[2026-06-16T23:23:15.556+0000] {logging_mixin.py:188} INFO - [2026-06-16T23:23:15.555+0000] {dag.py:3947} INFO - Setting next_dagrun for example_bash_operator to 2026-06-16 00:00:00+00:00, run_after=2026-06-17 00:00:00+00:00
[2026-06-16T23:23:15.574+0000] {processor.py:183} INFO - Processing /home/airflow/.local/lib/python3.12/site-packages/airflow/example_dags/example_bash_operator.py took 0.107 seconds
[2026-06-16T23:23:45.609+0000] {processor.py:161} INFO - Started process (PID=1052) to work on /home/airflow/.local/lib/python3.12/site-packages/airflow/example_dags/example_bash_operator.py
[2026-06-16T23:23:45.610+0000] {processor.py:830} INFO - Processing file /home/airflow/.local/lib/python3.12/site-packages/airflow/example_dags/example_bash_operator.py for tasks to queue
[2026-06-16T23:23:45.612+0000] {logging_mixin.py:188} INFO - [2026-06-16T23:23:45.612+0000] {dagbag.py:545} INFO - Filling up the DagBag from /home/airflow/.local/lib/python3.12/site-packages/airflow/example_dags/example_bash_operator.py
[2026-06-16T23:23:45.626+0000] {processor.py:840} INFO - DAG(s) 'example_bash_operator' retrieved from /home/airflow/.local/lib/python3.12/site-packages/airflow/example_dags/example_bash_operator.py
[2026-06-16T23:23:45.660+0000] {logging_mixin.py:188} INFO - [2026-06-16T23:23:45.659+0000] {dag.py:3089} INFO - Sync 1 DAGs
[2026-06-16T23:23:45.688+0000] {logging_mixin.py:188} INFO - [2026-06-16T23:23:45.687+0000] {dag.py:3947} INFO - Setting next_dagrun for example_bash_operator to 2026-06-16 00:00:00+00:00, run_after=2026-06-17 00:00:00+00:00
[2026-06-16T23:23:45.706+0000] {processor.py:183} INFO - Processing /home/airflow/.local/lib/python3.12/site-packages/airflow/example_dags/example_bash_operator.py took 0.105 seconds
[2026-06-16T23:24:15.912+0000] {processor.py:161} INFO - Started process (PID=1110) to work on /home/airflow/.local/lib/python3.12/site-packages/airflow/example_dags/example_bash_operator.py
[2026-06-16T23:24:15.913+0000] {processor.py:830} INFO - Processing file /home/airflow/.local/lib/python3.12/site-packages/airflow/example_dags/example_bash_operator.py for tasks to queue
[2026-06-16T23:24:15.915+0000] {logging_mixin.py:188} INFO - [2026-06-16T23:24:15.914+0000] {dagbag.py:545} INFO - Filling up the DagBag from /home/airflow/.local/lib/python3.12/site-packages/airflow/example_dags/example_bash_operator.py
[2026-06-16T23:24:15.928+0000] {processor.py:840} INFO - DAG(s) 'example_bash_operator' retrieved from /home/airflow/.local/lib/python3.12/site-packages/airflow/example_dags/example_bash_operator.py
[2026-06-16T23:24:15.964+0000] {logging_mixin.py:188} INFO - [2026-06-16T23:24:15.964+0000] {dag.py:3089} INFO - Sync 1 DAGs
[2026-06-16T23:24:16.009+0000] {logging_mixin.py:188} INFO - [2026-06-16T23:24:16.009+0000] {dag.py:3947} INFO - Setting next_dagrun for example_bash_operator to 2026-06-16 00:00:00+00:00, run_after=2026-06-17 00:00:00+00:00
[2026-06-16T23:24:16.030+0000] {processor.py:183} INFO - Processing /home/airflow/.local/lib/python3.12/site-packages/airflow/example_dags/example_bash_operator.py took 0.125 seconds
[2026-06-16T23:24:46.136+0000] {processor.py:161} INFO - Started process (PID=1168) to work on /home/airflow/.local/lib/python3.12/site-packages/airflow/example_dags/example_bash_operator.py
[2026-06-16T23:24:46.137+0000] {processor.py:830} INFO - Processing file /home/airflow/.local/lib/python3.12/site-packages/airflow/example_dags/example_bash_operator.py for tasks to queue
[2026-06-16T23:24:46.139+0000] {logging_mixin.py:188} INFO - [2026-06-16T23:24:46.139+0000] {dagbag.py:545} INFO - Filling up the DagBag from /home/airflow/.local/lib/python3.12/site-packages/airflow/example_dags/example_bash_operator.py
[2026-06-16T23:24:46.153+0000] {processor.py:840} INFO - DAG(s) 'example_bash_operator' retrieved from /home/airflow/.local/lib/python3.12/site-packages/airflow/example_dags/example_bash_operator.py
[2026-06-16T23:24:46.189+0000] {logging_mixin.py:188} INFO - [2026-06-16T23:24:46.189+0000] {dag.py:3089} INFO - Sync 1 DAGs
[2026-06-16T23:24:46.216+0000] {logging_mixin.py:188} INFO - [2026-06-16T23:24:46.216+0000] {dag.py:3947} INFO - Setting next_dagrun for example_bash_operator to 2026-06-16 00:00:00+00:00, run_after=2026-06-17 00:00:00+00:00
[2026-06-16T23:24:46.234+0000] {processor.py:183} INFO - Processing /home/airflow/.local/lib/python3.12/site-packages/airflow/example_dags/example_bash_operator.py took 0.106 seconds
[2026-06-16T23:25:16.569+0000] {processor.py:161} INFO - Started process (PID=1226) to work on /home/airflow/.local/lib/python3.12/site-packages/airflow/example_dags/example_bash_operator.py
[2026-06-16T23:25:16.570+0000] {processor.py:830} INFO - Processing file /home/airflow/.local/lib/python3.12/site-packages/airflow/example_dags/example_bash_operator.py for tasks to queue
[2026-06-16T23:25:16.572+0000] {logging_mixin.py:188} INFO - [2026-06-16T23:25:16.571+0000] {dagbag.py:545} INFO - Filling up the DagBag from /home/airflow/.local/lib/python3.12/site-packages/airflow/example_dags/example_bash_operator.py
[2026-06-16T23:25:16.585+0000] {processor.py:840} INFO - DAG(s) 'example_bash_operator' retrieved from /home/airflow/.local/lib/python3.12/site-packages/airflow/example_dags/example_bash_operator.py
[2026-06-16T23:25:16.619+0000] {logging_mixin.py:188} INFO - [2026-06-16T23:25:16.618+0000] {dag.py:3089} INFO - Sync 1 DAGs
[2026-06-16T23:25:16.647+0000] {logging_mixin.py:188} INFO - [2026-06-16T23:25:16.646+0000] {dag.py:3947} INFO - Setting next_dagrun for example_bash_operator to 2026-06-16 00:00:00+00:00, run_after=2026-06-17 00:00:00+00:00
[2026-06-16T23:25:16.665+0000] {processor.py:183} INFO - Processing /home/airflow/.local/lib/python3.12/site-packages/airflow/example_dags/example_bash_operator.py took 0.104 seconds
[2026-06-16T23:25:47.092+0000] {processor.py:161} INFO - Started process (PID=1284) to work on /home/airflow/.local/lib/python3.12/site-packages/airflow/example_dags/example_bash_operator.py
[2026-06-16T23:25:47.093+0000] {processor.py:830} INFO - Processing file /home/airflow/.local/lib/python3.12/site-packages/airflow/example_dags/example_bash_operator.py for tasks to queue
[2026-06-16T23:25:47.095+0000] {logging_mixin.py:188} INFO - [2026-06-16T23:25:47.095+0000] {dagbag.py:545} INFO - Filling up the DagBag from /home/airflow/.local/lib/python3.12/site-packages/airflow/example_dags/example_bash_operator.py
[2026-06-16T23:25:47.109+0000] {processor.py:840} INFO - DAG(s) 'example_bash_operator' retrieved from /home/airflow/.local/lib/python3.12/site-packages/airflow/example_dags/example_bash_operator.py
[2026-06-16T23:25:47.145+0000] {logging_mixin.py:188} INFO - [2026-06-16T23:25:47.145+0000] {dag.py:3089} INFO - Sync 1 DAGs
[2026-06-16T23:25:47.174+0000] {logging_mixin.py:188} INFO - [2026-06-16T23:25:47.174+0000] {dag.py:3947} INFO - Setting next_dagrun for example_bash_operator to 2026-06-16 00:00:00+00:00, run_after=2026-06-17 00:00:00+00:00
[2026-06-16T23:25:47.194+0000] {processor.py:183} INFO - Processing /home/airflow/.local/lib/python3.12/site-packages/airflow/example_dags/example_bash_operator.py took 0.108 seconds
[2026-06-16T23:26:17.804+0000] {processor.py:161} INFO - Started process (PID=1341) to work on /home/airflow/.local/lib/python3.12/site-packages/airflow/example_dags/example_bash_operator.py
[2026-06-16T23:26:17.805+0000] {processor.py:830} INFO - Processing file /home/airflow/.local/lib/python3.12/site-packages/airflow/example_dags/example_bash_operator.py for tasks to queue
[2026-06-16T23:26:17.807+0000] {logging_mixin.py:188} INFO - [2026-06-16T23:26:17.807+0000] {dagbag.py:545} INFO - Filling up the DagBag from /home/airflow/.local/lib/python3.12/site-packages/airflow/example_dags/example_bash_operator.py
[2026-06-16T23:26:17.821+0000] {processor.py:840} INFO - DAG(s) 'example_bash_operator' retrieved from /home/airflow/.local/lib/python3.12/site-packages/airflow/example_dags/example_bash_operator.py
[2026-06-16T23:26:17.856+0000] {logging_mixin.py:188} INFO - [2026-06-16T23:26:17.856+0000] {dag.py:3089} INFO - Sync 1 DAGs
[2026-06-16T23:26:17.885+0000] {logging_mixin.py:188} INFO - [2026-06-16T23:26:17.884+0000] {dag.py:3947} INFO - Setting next_dagrun for example_bash_operator to 2026-06-16 00:00:00+00:00, run_after=2026-06-17 00:00:00+00:00
[2026-06-16T23:26:17.903+0000] {processor.py:183} INFO - Processing /home/airflow/.local/lib/python3.12/site-packages/airflow/example_dags/example_bash_operator.py took 0.106 seconds
[2026-06-16T23:26:48.547+0000] {processor.py:161} INFO - Started process (PID=1399) to work on /home/airflow/.local/lib/python3.12/site-packages/airflow/example_dags/example_bash_operator.py
[2026-06-16T23:26:48.550+0000] {processor.py:830} INFO - Processing file /home/airflow/.local/lib/python3.12/site-packages/airflow/example_dags/example_bash_operator.py for tasks to queue
[2026-06-16T23:26:48.554+0000] {logging_mixin.py:188} INFO - [2026-06-16T23:26:48.554+0000] {dagbag.py:545} INFO - Filling up the DagBag from /home/airflow/.local/lib/python3.12/site-packages/airflow/example_dags/example_bash_operator.py
[2026-06-16T23:26:48.609+0000] {processor.py:840} INFO - DAG(s) 'example_bash_operator' retrieved from /home/airflow/.local/lib/python3.12/site-packages/airflow/example_dags/example_bash_operator.py
[2026-06-16T23:26:48.681+0000] {logging_mixin.py:188} INFO - [2026-06-16T23:26:48.680+0000] {dag.py:3089} INFO - Sync 1 DAGs
[2026-06-16T23:26:48.747+0000] {logging_mixin.py:188} INFO - [2026-06-16T23:26:48.744+0000] {dag.py:3947} INFO - Setting next_dagrun for example_bash_operator to 2026-06-16 00:00:00+00:00, run_after=2026-06-17 00:00:00+00:00
[2026-06-16T23:26:48.798+0000] {processor.py:183} INFO - Processing /home/airflow/.local/lib/python3.12/site-packages/airflow/example_dags/example_bash_operator.py took 0.268 seconds
[2026-06-16T23:27:19.633+0000] {processor.py:161} INFO - Started process (PID=1457) to work on /home/airflow/.local/lib/python3.12/site-packages/airflow/example_dags/example_bash_operator.py
[2026-06-16T23:27:19.634+0000] {processor.py:830} INFO - Processing file /home/airflow/.local/lib/python3.12/site-packages/airflow/example_dags/example_bash_operator.py for tasks to queue
[2026-06-16T23:27:19.636+0000] {logging_mixin.py:188} INFO - [2026-06-16T23:27:19.635+0000] {dagbag.py:545} INFO - Filling up the DagBag from /home/airflow/.local/lib/python3.12/site-packages/airflow/example_dags/example_bash_operator.py
[2026-06-16T23:27:19.650+0000] {processor.py:840} INFO - DAG(s) 'example_bash_operator' retrieved from /home/airflow/.local/lib/python3.12/site-packages/airflow/example_dags/example_bash_operator.py
[2026-06-16T23:27:19.685+0000] {logging_mixin.py:188} INFO - [2026-06-16T23:27:19.685+0000] {dag.py:3089} INFO - Sync 1 DAGs
[2026-06-16T23:27:19.717+0000] {logging_mixin.py:188} INFO - [2026-06-16T23:27:19.716+0000] {dag.py:3947} INFO - Setting next_dagrun for example_bash_operator to 2026-06-16 00:00:00+00:00, run_after=2026-06-17 00:00:00+00:00
[2026-06-16T23:27:19.735+0000] {processor.py:183} INFO - Processing /home/airflow/.local/lib/python3.12/site-packages/airflow/example_dags/example_bash_operator.py took 0.109 seconds
[2026-06-16T23:27:49.969+0000] {processor.py:161} INFO - Started process (PID=1515) to work on /home/airflow/.local/lib/python3.12/site-packages/airflow/example_dags/example_bash_operator.py
[2026-06-16T23:27:49.970+0000] {processor.py:830} INFO - Processing file /home/airflow/.local/lib/python3.12/site-packages/airflow/example_dags/example_bash_operator.py for tasks to queue
[2026-06-16T23:27:49.973+0000] {logging_mixin.py:188} INFO - [2026-06-16T23:27:49.972+0000] {dagbag.py:545} INFO - Filling up the DagBag from /home/airflow/.local/lib/python3.12/site-packages/airflow/example_dags/example_bash_operator.py
[2026-06-16T23:27:49.990+0000] {processor.py:840} INFO - DAG(s) 'example_bash_operator' retrieved from /home/airflow/.local/lib/python3.12/site-packages/airflow/example_dags/example_bash_operator.py
[2026-06-16T23:27:50.025+0000] {logging_mixin.py:188} INFO - [2026-06-16T23:27:50.025+0000] {dag.py:3089} INFO - Sync 1 DAGs
[2026-06-16T23:27:50.053+0000] {logging_mixin.py:188} INFO - [2026-06-16T23:27:50.053+0000] {dag.py:3947} INFO - Setting next_dagrun for example_bash_operator to 2026-06-16 00:00:00+00:00, run_after=2026-06-17 00:00:00+00:00
[2026-06-16T23:27:50.073+0000] {processor.py:183} INFO - Processing /home/airflow/.local/lib/python3.12/site-packages/airflow/example_dags/example_bash_operator.py took 0.110 seconds
[2026-06-16T23:28:20.494+0000] {processor.py:161} INFO - Started process (PID=1573) to work on /home/airflow/.local/lib/python3.12/site-packages/airflow/example_dags/example_bash_operator.py
[2026-06-16T23:28:20.495+0000] {processor.py:830} INFO - Processing file /home/airflow/.local/lib/python3.12/site-packages/airflow/example_dags/example_bash_operator.py for tasks to queue
[2026-06-16T23:28:20.497+0000] {logging_mixin.py:188} INFO - [2026-06-16T23:28:20.496+0000] {dagbag.py:545} INFO - Filling up the DagBag from /home/airflow/.local/lib/python3.12/site-packages/airflow/example_dags/example_bash_operator.py
[2026-06-16T23:28:20.511+0000] {processor.py:840} INFO - DAG(s) 'example_bash_operator' retrieved from /home/airflow/.local/lib/python3.12/site-packages/airflow/example_dags/example_bash_operator.py
[2026-06-16T23:28:20.546+0000] {logging_mixin.py:188} INFO - [2026-06-16T23:28:20.546+0000] {dag.py:3089} INFO - Sync 1 DAGs
[2026-06-16T23:28:20.574+0000] {logging_mixin.py:188} INFO - [2026-06-16T23:28:20.574+0000] {dag.py:3947} INFO - Setting next_dagrun for example_bash_operator to 2026-06-16 00:00:00+00:00, run_after=2026-06-17 00:00:00+00:00
[2026-06-16T23:28:20.594+0000] {processor.py:183} INFO - Processing /home/airflow/.local/lib/python3.12/site-packages/airflow/example_dags/example_bash_operator.py took 0.107 seconds
[2026-06-16T23:28:50.863+0000] {processor.py:161} INFO - Started process (PID=1631) to work on /home/airflow/.local/lib/python3.12/site-packages/airflow/example_dags/example_bash_operator.py
[2026-06-16T23:28:50.864+0000] {processor.py:830} INFO - Processing file /home/airflow/.local/lib/python3.12/site-packages/airflow/example_dags/example_bash_operator.py for tasks to queue
[2026-06-16T23:28:50.867+0000] {logging_mixin.py:188} INFO - [2026-06-16T23:28:50.866+0000] {dagbag.py:545} INFO - Filling up the DagBag from /home/airflow/.local/lib/python3.12/site-packages/airflow/example_dags/example_bash_operator.py
[2026-06-16T23:28:50.880+0000] {processor.py:840} INFO - DAG(s) 'example_bash_operator' retrieved from /home/airflow/.local/lib/python3.12/site-packages/airflow/example_dags/example_bash_operator.py
[2026-06-16T23:28:50.916+0000] {logging_mixin.py:188} INFO - [2026-06-16T23:28:50.916+0000] {dag.py:3089} INFO - Sync 1 DAGs
[2026-06-16T23:28:50.948+0000] {logging_mixin.py:188} INFO - [2026-06-16T23:28:50.947+0000] {dag.py:3947} INFO - Setting next_dagrun for example_bash_operator to 2026-06-16 00:00:00+00:00, run_after=2026-06-17 00:00:00+00:00
[2026-06-16T23:28:50.966+0000] {processor.py:183} INFO - Processing /home/airflow/.local/lib/python3.12/site-packages/airflow/example_dags/example_bash_operator.py took 0.109 seconds
[2026-06-16T23:29:21.260+0000] {processor.py:161} INFO - Started process (PID=1689) to work on /home/airflow/.local/lib/python3.12/site-packages/airflow/example_dags/example_bash_operator.py
[2026-06-16T23:29:21.261+0000] {processor.py:830} INFO - Processing file /home/airflow/.local/lib/python3.12/site-packages/airflow/example_dags/example_bash_operator.py for tasks to queue
[2026-06-16T23:29:21.263+0000] {logging_mixin.py:188} INFO - [2026-06-16T23:29:21.263+0000] {dagbag.py:545} INFO - Filling up the DagBag from /home/airflow/.local/lib/python3.12/site-packages/airflow/example_dags/example_bash_operator.py
[2026-06-16T23:29:21.291+0000] {processor.py:840} INFO - DAG(s) 'example_bash_operator' retrieved from /home/airflow/.local/lib/python3.12/site-packages/airflow/example_dags/example_bash_operator.py
[2026-06-16T23:29:21.372+0000] {logging_mixin.py:188} INFO - [2026-06-16T23:29:21.371+0000] {dag.py:3089} INFO - Sync 1 DAGs
[2026-06-16T23:29:21.400+0000] {logging_mixin.py:188} INFO - [2026-06-16T23:29:21.400+0000] {dag.py:3947} INFO - Setting next_dagrun for example_bash_operator to 2026-06-16 00:00:00+00:00, run_after=2026-06-17 00:00:00+00:00
[2026-06-16T23:29:21.420+0000] {processor.py:183} INFO - Processing /home/airflow/.local/lib/python3.12/site-packages/airflow/example_dags/example_bash_operator.py took 0.166 seconds
[2026-06-16T23:29:51.692+0000] {processor.py:161} INFO - Started process (PID=1746) to work on /home/airflow/.local/lib/python3.12/site-packages/airflow/example_dags/example_bash_operator.py
[2026-06-16T23:29:51.693+0000] {processor.py:830} INFO - Processing file /home/airflow/.local/lib/python3.12/site-packages/airflow/example_dags/example_bash_operator.py for tasks to queue
[2026-06-16T23:29:51.696+0000] {logging_mixin.py:188} INFO - [2026-06-16T23:29:51.695+0000] {dagbag.py:545} INFO - Filling up the DagBag from /home/airflow/.local/lib/python3.12/site-packages/airflow/example_dags/example_bash_operator.py
[2026-06-16T23:29:51.710+0000] {processor.py:840} INFO - DAG(s) 'example_bash_operator' retrieved from /home/airflow/.local/lib/python3.12/site-packages/airflow/example_dags/example_bash_operator.py
[2026-06-16T23:29:51.746+0000] {logging_mixin.py:188} INFO - [2026-06-16T23:29:51.746+0000] {dag.py:3089} INFO - Sync 1 DAGs
[2026-06-16T23:29:51.775+0000] {logging_mixin.py:188} INFO - [2026-06-16T23:29:51.774+0000] {dag.py:3947} INFO - Setting next_dagrun for example_bash_operator to 2026-06-16 00:00:00+00:00, run_after=2026-06-17 00:00:00+00:00
[2026-06-16T23:29:51.795+0000] {processor.py:183} INFO - Processing /home/airflow/.local/lib/python3.12/site-packages/airflow/example_dags/example_bash_operator.py took 0.109 seconds
[2026-06-16T23:30:22.135+0000] {processor.py:161} INFO - Started process (PID=1804) to work on /home/airflow/.local/lib/python3.12/site-packages/airflow/example_dags/example_bash_operator.py
[2026-06-16T23:30:22.136+0000] {processor.py:830} INFO - Processing file /home/airflow/.local/lib/python3.12/site-packages/airflow/example_dags/example_bash_operator.py for tasks to queue
[2026-06-16T23:30:22.138+0000] {logging_mixin.py:188} INFO - [2026-06-16T23:30:22.138+0000] {dagbag.py:545} INFO - Filling up the DagBag from /home/airflow/.local/lib/python3.12/site-packages/airflow/example_dags/example_bash_operator.py
[2026-06-16T23:30:22.153+0000] {processor.py:840} INFO - DAG(s) 'example_bash_operator' retrieved from /home/airflow/.local/lib/python3.12/site-packages/airflow/example_dags/example_bash_operator.py
[2026-06-16T23:30:22.191+0000] {logging_mixin.py:188} INFO - [2026-06-16T23:30:22.190+0000] {dag.py:3089} INFO - Sync 1 DAGs
[2026-06-16T23:30:22.221+0000] {logging_mixin.py:188} INFO - [2026-06-16T23:30:22.221+0000] {dag.py:3947} INFO - Setting next_dagrun for example_bash_operator to 2026-06-16 00:00:00+00:00, run_after=2026-06-17 00:00:00+00:00
[2026-06-16T23:30:22.242+0000] {processor.py:183} INFO - Processing /home/airflow/.local/lib/python3.12/site-packages/airflow/example_dags/example_bash_operator.py took 0.114 seconds
[2026-06-16T23:30:53.867+0000] {processor.py:161} INFO - Started process (PID=1862) to work on /home/airflow/.local/lib/python3.12/site-packages/airflow/example_dags/example_bash_operator.py
[2026-06-16T23:30:53.872+0000] {processor.py:830} INFO - Processing file /home/airflow/.local/lib/python3.12/site-packages/airflow/example_dags/example_bash_operator.py for tasks to queue
[2026-06-16T23:30:53.878+0000] {logging_mixin.py:188} INFO - [2026-06-16T23:30:53.873+0000] {dagbag.py:545} INFO - Filling up the DagBag from /home/airflow/.local/lib/python3.12/site-packages/airflow/example_dags/example_bash_operator.py
[2026-06-16T23:30:53.918+0000] {processor.py:840} INFO - DAG(s) 'example_bash_operator' retrieved from /home/airflow/.local/lib/python3.12/site-packages/airflow/example_dags/example_bash_operator.py
[2026-06-16T23:30:54.039+0000] {logging_mixin.py:188} INFO - [2026-06-16T23:30:54.039+0000] {dag.py:3089} INFO - Sync 1 DAGs
[2026-06-16T23:30:54.822+0000] {logging_mixin.py:188} INFO - [2026-06-16T23:30:54.822+0000] {dag.py:3947} INFO - Setting next_dagrun for example_bash_operator to 2026-06-16 00:00:00+00:00, run_after=2026-06-17 00:00:00+00:00
[2026-06-16T23:30:54.868+0000] {processor.py:183} INFO - Processing /home/airflow/.local/lib/python3.12/site-packages/airflow/example_dags/example_bash_operator.py took 1.022 seconds
[2026-06-16T23:31:25.291+0000] {processor.py:161} INFO - Started process (PID=1920) to work on /home/airflow/.local/lib/python3.12/site-packages/airflow/example_dags/example_bash_operator.py
[2026-06-16T23:31:25.292+0000] {processor.py:830} INFO - Processing file /home/airflow/.local/lib/python3.12/site-packages/airflow/example_dags/example_bash_operator.py for tasks to queue
[2026-06-16T23:31:25.294+0000] {logging_mixin.py:188} INFO - [2026-06-16T23:31:25.294+0000] {dagbag.py:545} INFO - Filling up the DagBag from /home/airflow/.local/lib/python3.12/site-packages/airflow/example_dags/example_bash_operator.py
[2026-06-16T23:31:25.308+0000] {processor.py:840} INFO - DAG(s) 'example_bash_operator' retrieved from /home/airflow/.local/lib/python3.12/site-packages/airflow/example_dags/example_bash_operator.py
[2026-06-16T23:31:25.356+0000] {logging_mixin.py:188} INFO - [2026-06-16T23:31:25.355+0000] {dag.py:3089} INFO - Sync 1 DAGs
[2026-06-16T23:31:25.433+0000] {logging_mixin.py:188} INFO - [2026-06-16T23:31:25.433+0000] {dag.py:3947} INFO - Setting next_dagrun for example_bash_operator to 2026-06-16 00:00:00+00:00, run_after=2026-06-17 00:00:00+00:00
[2026-06-16T23:31:25.915+0000] {processor.py:183} INFO - Processing /home/airflow/.local/lib/python3.12/site-packages/airflow/example_dags/example_bash_operator.py took 0.637 seconds
[2026-06-16T23:31:56.062+0000] {processor.py:161} INFO - Started process (PID=1978) to work on /home/airflow/.local/lib/python3.12/site-packages/airflow/example_dags/example_bash_operator.py
[2026-06-16T23:31:56.063+0000] {processor.py:830} INFO - Processing file /home/airflow/.local/lib/python3.12/site-packages/airflow/example_dags/example_bash_operator.py for tasks to queue
[2026-06-16T23:31:56.065+0000] {logging_mixin.py:188} INFO - [2026-06-16T23:31:56.065+0000] {dagbag.py:545} INFO - Filling up the DagBag from /home/airflow/.local/lib/python3.12/site-packages/airflow/example_dags/example_bash_operator.py
[2026-06-16T23:31:56.075+0000] {processor.py:840} INFO - DAG(s) 'example_bash_operator' retrieved from /home/airflow/.local/lib/python3.12/site-packages/airflow/example_dags/example_bash_operator.py
[2026-06-16T23:31:56.102+0000] {logging_mixin.py:188} INFO - [2026-06-16T23:31:56.101+0000] {dag.py:3089} INFO - Sync 1 DAGs
[2026-06-16T23:31:56.123+0000] {logging_mixin.py:188} INFO - [2026-06-16T23:31:56.123+0000] {dag.py:3947} INFO - Setting next_dagrun for example_bash_operator to 2026-06-16 00:00:00+00:00, run_after=2026-06-17 00:00:00+00:00
[2026-06-16T23:31:56.138+0000] {processor.py:183} INFO - Processing /home/airflow/.local/lib/python3.12/site-packages/airflow/example_dags/example_bash_operator.py took 0.082 seconds
[2026-06-16T23:32:26.204+0000] {processor.py:161} INFO - Started process (PID=2034) to work on /home/airflow/.local/lib/python3.12/site-packages/airflow/example_dags/example_bash_operator.py
[2026-06-16T23:32:26.205+0000] {processor.py:830} INFO - Processing file /home/airflow/.local/lib/python3.12/site-packages/airflow/example_dags/example_bash_operator.py for tasks to queue
[2026-06-16T23:32:26.207+0000] {logging_mixin.py:188} INFO - [2026-06-16T23:32:26.207+0000] {dagbag.py:545} INFO - Filling up the DagBag from /home/airflow/.local/lib/python3.12/site-packages/airflow/example_dags/example_bash_operator.py
[2026-06-16T23:32:26.223+0000] {processor.py:840} INFO - DAG(s) 'example_bash_operator' retrieved from /home/airflow/.local/lib/python3.12/site-packages/airflow/example_dags/example_bash_operator.py
[2026-06-16T23:32:26.258+0000] {logging_mixin.py:188} INFO - [2026-06-16T23:32:26.258+0000] {dag.py:3089} INFO - Sync 1 DAGs
[2026-06-16T23:32:26.290+0000] {logging_mixin.py:188} INFO - [2026-06-16T23:32:26.289+0000] {dag.py:3947} INFO - Setting next_dagrun for example_bash_operator to 2026-06-16 00:00:00+00:00, run_after=2026-06-17 00:00:00+00:00
[2026-06-16T23:32:26.311+0000] {processor.py:183} INFO - Processing /home/airflow/.local/lib/python3.12/site-packages/airflow/example_dags/example_bash_operator.py took 0.114 seconds
[2026-06-16T23:32:56.766+0000] {processor.py:161} INFO - Started process (PID=2092) to work on /home/airflow/.local/lib/python3.12/site-packages/airflow/example_dags/example_bash_operator.py
[2026-06-16T23:32:56.767+0000] {processor.py:830} INFO - Processing file /home/airflow/.local/lib/python3.12/site-packages/airflow/example_dags/example_bash_operator.py for tasks to queue
[2026-06-16T23:32:56.769+0000] {logging_mixin.py:188} INFO - [2026-06-16T23:32:56.769+0000] {dagbag.py:545} INFO - Filling up the DagBag from /home/airflow/.local/lib/python3.12/site-packages/airflow/example_dags/example_bash_operator.py
[2026-06-16T23:32:56.783+0000] {processor.py:840} INFO - DAG(s) 'example_bash_operator' retrieved from /home/airflow/.local/lib/python3.12/site-packages/airflow/example_dags/example_bash_operator.py
[2026-06-16T23:32:56.818+0000] {logging_mixin.py:188} INFO - [2026-06-16T23:32:56.818+0000] {dag.py:3089} INFO - Sync 1 DAGs
[2026-06-16T23:32:56.856+0000] {logging_mixin.py:188} INFO - [2026-06-16T23:32:56.856+0000] {dag.py:3947} INFO - Setting next_dagrun for example_bash_operator to 2026-06-16 00:00:00+00:00, run_after=2026-06-17 00:00:00+00:00
[2026-06-16T23:32:56.890+0000] {processor.py:183} INFO - Processing /home/airflow/.local/lib/python3.12/site-packages/airflow/example_dags/example_bash_operator.py took 0.131 seconds
[2026-06-16T23:33:27.220+0000] {processor.py:161} INFO - Started process (PID=2150) to work on /home/airflow/.local/lib/python3.12/site-packages/airflow/example_dags/example_bash_operator.py
[2026-06-16T23:33:27.221+0000] {processor.py:830} INFO - Processing file /home/airflow/.local/lib/python3.12/site-packages/airflow/example_dags/example_bash_operator.py for tasks to queue
[2026-06-16T23:33:27.223+0000] {logging_mixin.py:188} INFO - [2026-06-16T23:33:27.223+0000] {dagbag.py:545} INFO - Filling up the DagBag from /home/airflow/.local/lib/python3.12/site-packages/airflow/example_dags/example_bash_operator.py
[2026-06-16T23:33:27.237+0000] {processor.py:840} INFO - DAG(s) 'example_bash_operator' retrieved from /home/airflow/.local/lib/python3.12/site-packages/airflow/example_dags/example_bash_operator.py
[2026-06-16T23:33:27.306+0000] {logging_mixin.py:188} INFO - [2026-06-16T23:33:27.306+0000] {dag.py:3089} INFO - Sync 1 DAGs
[2026-06-16T23:33:27.339+0000] {logging_mixin.py:188} INFO - [2026-06-16T23:33:27.338+0000] {dag.py:3947} INFO - Setting next_dagrun for example_bash_operator to 2026-06-16 00:00:00+00:00, run_after=2026-06-17 00:00:00+00:00
[2026-06-16T23:33:27.358+0000] {processor.py:183} INFO - Processing /home/airflow/.local/lib/python3.12/site-packages/airflow/example_dags/example_bash_operator.py took 0.144 seconds
[2026-06-16T23:33:57.434+0000] {processor.py:161} INFO - Started process (PID=2209) to work on /home/airflow/.local/lib/python3.12/site-packages/airflow/example_dags/example_bash_operator.py
[2026-06-16T23:33:57.435+0000] {processor.py:830} INFO - Processing file /home/airflow/.local/lib/python3.12/site-packages/airflow/example_dags/example_bash_operator.py for tasks to queue
[2026-06-16T23:33:57.437+0000] {logging_mixin.py:188} INFO - [2026-06-16T23:33:57.437+0000] {dagbag.py:545} INFO - Filling up the DagBag from /home/airflow/.local/lib/python3.12/site-packages/airflow/example_dags/example_bash_operator.py
[2026-06-16T23:33:57.451+0000] {processor.py:840} INFO - DAG(s) 'example_bash_operator' retrieved from /home/airflow/.local/lib/python3.12/site-packages/airflow/example_dags/example_bash_operator.py
[2026-06-16T23:33:57.486+0000] {logging_mixin.py:188} INFO - [2026-06-16T23:33:57.485+0000] {dag.py:3089} INFO - Sync 1 DAGs
[2026-06-16T23:33:57.517+0000] {logging_mixin.py:188} INFO - [2026-06-16T23:33:57.516+0000] {dag.py:3947} INFO - Setting next_dagrun for example_bash_operator to 2026-06-16 00:00:00+00:00, run_after=2026-06-17 00:00:00+00:00
[2026-06-16T23:33:57.536+0000] {processor.py:183} INFO - Processing /home/airflow/.local/lib/python3.12/site-packages/airflow/example_dags/example_bash_operator.py took 0.110 seconds
[2026-06-16T23:34:27.761+0000] {processor.py:161} INFO - Started process (PID=2266) to work on /home/airflow/.local/lib/python3.12/site-packages/airflow/example_dags/example_bash_operator.py
[2026-06-16T23:34:27.762+0000] {processor.py:830} INFO - Processing file /home/airflow/.local/lib/python3.12/site-packages/airflow/example_dags/example_bash_operator.py for tasks to queue
[2026-06-16T23:34:27.764+0000] {logging_mixin.py:188} INFO - [2026-06-16T23:34:27.764+0000] {dagbag.py:545} INFO - Filling up the DagBag from /home/airflow/.local/lib/python3.12/site-packages/airflow/example_dags/example_bash_operator.py
[2026-06-16T23:34:27.778+0000] {processor.py:840} INFO - DAG(s) 'example_bash_operator' retrieved from /home/airflow/.local/lib/python3.12/site-packages/airflow/example_dags/example_bash_operator.py
[2026-06-16T23:34:27.814+0000] {logging_mixin.py:188} INFO - [2026-06-16T23:34:27.813+0000] {dag.py:3089} INFO - Sync 1 DAGs
[2026-06-16T23:34:27.848+0000] {logging_mixin.py:188} INFO - [2026-06-16T23:34:27.848+0000] {dag.py:3947} INFO - Setting next_dagrun for example_bash_operator to 2026-06-16 00:00:00+00:00, run_after=2026-06-17 00:00:00+00:00
[2026-06-16T23:34:27.867+0000] {processor.py:183} INFO - Processing /home/airflow/.local/lib/python3.12/site-packages/airflow/example_dags/example_bash_operator.py took 0.113 seconds
[2026-06-16T23:34:58.020+0000] {processor.py:161} INFO - Started process (PID=2324) to work on /home/airflow/.local/lib/python3.12/site-packages/airflow/example_dags/example_bash_operator.py
[2026-06-16T23:34:58.024+0000] {processor.py:830} INFO - Processing file /home/airflow/.local/lib/python3.12/site-packages/airflow/example_dags/example_bash_operator.py for tasks to queue
[2026-06-16T23:34:58.027+0000] {logging_mixin.py:188} INFO - [2026-06-16T23:34:58.025+0000] {dagbag.py:545} INFO - Filling up the DagBag from /home/airflow/.local/lib/python3.12/site-packages/airflow/example_dags/example_bash_operator.py
[2026-06-16T23:34:58.041+0000] {processor.py:840} INFO - DAG(s) 'example_bash_operator' retrieved from /home/airflow/.local/lib/python3.12/site-packages/airflow/example_dags/example_bash_operator.py
[2026-06-16T23:34:58.076+0000] {logging_mixin.py:188} INFO - [2026-06-16T23:34:58.075+0000] {dag.py:3089} INFO - Sync 1 DAGs
[2026-06-16T23:34:58.105+0000] {logging_mixin.py:188} INFO - [2026-06-16T23:34:58.105+0000] {dag.py:3947} INFO - Setting next_dagrun for example_bash_operator to 2026-06-16 00:00:00+00:00, run_after=2026-06-17 00:00:00+00:00
[2026-06-16T23:34:58.125+0000] {processor.py:183} INFO - Processing /home/airflow/.local/lib/python3.12/site-packages/airflow/example_dags/example_bash_operator.py took 0.112 seconds
[2026-06-16T23:35:28.281+0000] {processor.py:161} INFO - Started process (PID=2382) to work on /home/airflow/.local/lib/python3.12/site-packages/airflow/example_dags/example_bash_operator.py
[2026-06-16T23:35:28.282+0000] {processor.py:830} INFO - Processing file /home/airflow/.local/lib/python3.12/site-packages/airflow/example_dags/example_bash_operator.py for tasks to queue
[2026-06-16T23:35:28.284+0000] {logging_mixin.py:188} INFO - [2026-06-16T23:35:28.284+0000] {dagbag.py:545} INFO - Filling up the DagBag from /home/airflow/.local/lib/python3.12/site-packages/airflow/example_dags/example_bash_operator.py
[2026-06-16T23:35:28.298+0000] {processor.py:840} INFO - DAG(s) 'example_bash_operator' retrieved from /home/airflow/.local/lib/python3.12/site-packages/airflow/example_dags/example_bash_operator.py
[2026-06-16T23:35:28.339+0000] {logging_mixin.py:188} INFO - [2026-06-16T23:35:28.339+0000] {dag.py:3089} INFO - Sync 1 DAGs
[2026-06-16T23:35:28.368+0000] {logging_mixin.py:188} INFO - [2026-06-16T23:35:28.368+0000] {dag.py:3947} INFO - Setting next_dagrun for example_bash_operator to 2026-06-16 00:00:00+00:00, run_after=2026-06-17 00:00:00+00:00
[2026-06-16T23:35:28.387+0000] {processor.py:183} INFO - Processing /home/airflow/.local/lib/python3.12/site-packages/airflow/example_dags/example_bash_operator.py took 0.113 seconds
[2026-06-16T23:35:58.691+0000] {processor.py:161} INFO - Started process (PID=2440) to work on /home/airflow/.local/lib/python3.12/site-packages/airflow/example_dags/example_bash_operator.py
[2026-06-16T23:35:58.692+0000] {processor.py:830} INFO - Processing file /home/airflow/.local/lib/python3.12/site-packages/airflow/example_dags/example_bash_operator.py for tasks to queue
[2026-06-16T23:35:58.695+0000] {logging_mixin.py:188} INFO - [2026-06-16T23:35:58.695+0000] {dagbag.py:545} INFO - Filling up the DagBag from /home/airflow/.local/lib/python3.12/site-packages/airflow/example_dags/example_bash_operator.py
[2026-06-16T23:35:58.709+0000] {processor.py:840} INFO - DAG(s) 'example_bash_operator' retrieved from /home/airflow/.local/lib/python3.12/site-packages/airflow/example_dags/example_bash_operator.py
[2026-06-16T23:35:58.744+0000] {logging_mixin.py:188} INFO - [2026-06-16T23:35:58.744+0000] {dag.py:3089} INFO - Sync 1 DAGs
[2026-06-16T23:35:58.776+0000] {logging_mixin.py:188} INFO - [2026-06-16T23:35:58.775+0000] {dag.py:3947} INFO - Setting next_dagrun for example_bash_operator to 2026-06-16 00:00:00+00:00, run_after=2026-06-17 00:00:00+00:00
[2026-06-16T23:35:58.800+0000] {processor.py:183} INFO - Processing /home/airflow/.local/lib/python3.12/site-packages/airflow/example_dags/example_bash_operator.py took 0.116 seconds
[2026-06-16T23:36:28.905+0000] {processor.py:161} INFO - Started process (PID=2498) to work on /home/airflow/.local/lib/python3.12/site-packages/airflow/example_dags/example_bash_operator.py
[2026-06-16T23:36:28.906+0000] {processor.py:830} INFO - Processing file /home/airflow/.local/lib/python3.12/site-packages/airflow/example_dags/example_bash_operator.py for tasks to queue
[2026-06-16T23:36:28.908+0000] {logging_mixin.py:188} INFO - [2026-06-16T23:36:28.908+0000] {dagbag.py:545} INFO - Filling up the DagBag from /home/airflow/.local/lib/python3.12/site-packages/airflow/example_dags/example_bash_operator.py
[2026-06-16T23:36:28.923+0000] {processor.py:840} INFO - DAG(s) 'example_bash_operator' retrieved from /home/airflow/.local/lib/python3.12/site-packages/airflow/example_dags/example_bash_operator.py
[2026-06-16T23:36:28.985+0000] {logging_mixin.py:188} INFO - [2026-06-16T23:36:28.984+0000] {dag.py:3089} INFO - Sync 1 DAGs
[2026-06-16T23:36:29.045+0000] {logging_mixin.py:188} INFO - [2026-06-16T23:36:29.045+0000] {dag.py:3947} INFO - Setting next_dagrun for example_bash_operator to 2026-06-16 00:00:00+00:00, run_after=2026-06-17 00:00:00+00:00
[2026-06-16T23:36:29.097+0000] {processor.py:183} INFO - Processing /home/airflow/.local/lib/python3.12/site-packages/airflow/example_dags/example_bash_operator.py took 0.207 seconds
[2026-06-16T23:37:00.069+0000] {processor.py:161} INFO - Started process (PID=2556) to work on /home/airflow/.local/lib/python3.12/site-packages/airflow/example_dags/example_bash_operator.py
[2026-06-16T23:37:00.072+0000] {processor.py:830} INFO - Processing file /home/airflow/.local/lib/python3.12/site-packages/airflow/example_dags/example_bash_operator.py for tasks to queue
[2026-06-16T23:37:00.078+0000] {logging_mixin.py:188} INFO - [2026-06-16T23:37:00.078+0000] {dagbag.py:545} INFO - Filling up the DagBag from /home/airflow/.local/lib/python3.12/site-packages/airflow/example_dags/example_bash_operator.py
[2026-06-16T23:37:00.116+0000] {processor.py:840} INFO - DAG(s) 'example_bash_operator' retrieved from /home/airflow/.local/lib/python3.12/site-packages/airflow/example_dags/example_bash_operator.py
[2026-06-16T23:37:00.213+0000] {logging_mixin.py:188} INFO - [2026-06-16T23:37:00.213+0000] {dag.py:3089} INFO - Sync 1 DAGs
[2026-06-16T23:37:00.271+0000] {logging_mixin.py:188} INFO - [2026-06-16T23:37:00.271+0000] {dag.py:3947} INFO - Setting next_dagrun for example_bash_operator to 2026-06-16 00:00:00+00:00, run_after=2026-06-17 00:00:00+00:00
[2026-06-16T23:37:00.309+0000] {processor.py:183} INFO - Processing /home/airflow/.local/lib/python3.12/site-packages/airflow/example_dags/example_bash_operator.py took 0.254 seconds
[2026-06-16T23:37:30.419+0000] {processor.py:161} INFO - Started process (PID=2614) to work on /home/airflow/.local/lib/python3.12/site-packages/airflow/example_dags/example_bash_operator.py
[2026-06-16T23:37:30.420+0000] {processor.py:830} INFO - Processing file /home/airflow/.local/lib/python3.12/site-packages/airflow/example_dags/example_bash_operator.py for tasks to queue
[2026-06-16T23:37:30.422+0000] {logging_mixin.py:188} INFO - [2026-06-16T23:37:30.422+0000] {dagbag.py:545} INFO - Filling up the DagBag from /home/airflow/.local/lib/python3.12/site-packages/airflow/example_dags/example_bash_operator.py
[2026-06-16T23:37:30.436+0000] {processor.py:840} INFO - DAG(s) 'example_bash_operator' retrieved from /home/airflow/.local/lib/python3.12/site-packages/airflow/example_dags/example_bash_operator.py
[2026-06-16T23:37:30.472+0000] {logging_mixin.py:188} INFO - [2026-06-16T23:37:30.472+0000] {dag.py:3089} INFO - Sync 1 DAGs
[2026-06-16T23:37:30.505+0000] {logging_mixin.py:188} INFO - [2026-06-16T23:37:30.505+0000] {dag.py:3947} INFO - Setting next_dagrun for example_bash_operator to 2026-06-16 00:00:00+00:00, run_after=2026-06-17 00:00:00+00:00
[2026-06-16T23:37:30.523+0000] {processor.py:183} INFO - Processing /home/airflow/.local/lib/python3.12/site-packages/airflow/example_dags/example_bash_operator.py took 0.112 seconds
[2026-06-16T23:38:00.575+0000] {processor.py:161} INFO - Started process (PID=2673) to work on /home/airflow/.local/lib/python3.12/site-packages/airflow/example_dags/example_bash_operator.py
[2026-06-16T23:38:00.576+0000] {processor.py:830} INFO - Processing file /home/airflow/.local/lib/python3.12/site-packages/airflow/example_dags/example_bash_operator.py for tasks to queue
[2026-06-16T23:38:00.578+0000] {logging_mixin.py:188} INFO - [2026-06-16T23:38:00.578+0000] {dagbag.py:545} INFO - Filling up the DagBag from /home/airflow/.local/lib/python3.12/site-packages/airflow/example_dags/example_bash_operator.py
[2026-06-16T23:38:00.591+0000] {processor.py:840} INFO - DAG(s) 'example_bash_operator' retrieved from /home/airflow/.local/lib/python3.12/site-packages/airflow/example_dags/example_bash_operator.py
[2026-06-16T23:38:00.626+0000] {logging_mixin.py:188} INFO - [2026-06-16T23:38:00.625+0000] {dag.py:3089} INFO - Sync 1 DAGs
[2026-06-16T23:38:00.668+0000] {logging_mixin.py:188} INFO - [2026-06-16T23:38:00.668+0000] {dag.py:3947} INFO - Setting next_dagrun for example_bash_operator to 2026-06-16 00:00:00+00:00, run_after=2026-06-17 00:00:00+00:00
[2026-06-16T23:38:00.689+0000] {processor.py:183} INFO - Processing /home/airflow/.local/lib/python3.12/site-packages/airflow/example_dags/example_bash_operator.py took 0.121 seconds
[2026-06-16T23:38:31.260+0000] {processor.py:161} INFO - Started process (PID=2731) to work on /home/airflow/.local/lib/python3.12/site-packages/airflow/example_dags/example_bash_operator.py
[2026-06-16T23:38:31.261+0000] {processor.py:830} INFO - Processing file /home/airflow/.local/lib/python3.12/site-packages/airflow/example_dags/example_bash_operator.py for tasks to queue
[2026-06-16T23:38:31.263+0000] {logging_mixin.py:188} INFO - [2026-06-16T23:38:31.263+0000] {dagbag.py:545} INFO - Filling up the DagBag from /home/airflow/.local/lib/python3.12/site-packages/airflow/example_dags/example_bash_operator.py
[2026-06-16T23:38:31.277+0000] {processor.py:840} INFO - DAG(s) 'example_bash_operator' retrieved from /home/airflow/.local/lib/python3.12/site-packages/airflow/example_dags/example_bash_operator.py
[2026-06-16T23:38:31.313+0000] {logging_mixin.py:188} INFO - [2026-06-16T23:38:31.312+0000] {dag.py:3089} INFO - Sync 1 DAGs
[2026-06-16T23:38:31.342+0000] {logging_mixin.py:188} INFO - [2026-06-16T23:38:31.342+0000] {dag.py:3947} INFO - Setting next_dagrun for example_bash_operator to 2026-06-16 00:00:00+00:00, run_after=2026-06-17 00:00:00+00:00
[2026-06-16T23:38:31.360+0000] {processor.py:183} INFO - Processing /home/airflow/.local/lib/python3.12/site-packages/airflow/example_dags/example_bash_operator.py took 0.107 seconds
[2026-06-16T23:39:01.882+0000] {processor.py:161} INFO - Started process (PID=2789) to work on /home/airflow/.local/lib/python3.12/site-packages/airflow/example_dags/example_bash_operator.py
[2026-06-16T23:39:01.882+0000] {processor.py:830} INFO - Processing file /home/airflow/.local/lib/python3.12/site-packages/airflow/example_dags/example_bash_operator.py for tasks to queue
[2026-06-16T23:39:01.884+0000] {logging_mixin.py:188} INFO - [2026-06-16T23:39:01.884+0000] {dagbag.py:545} INFO - Filling up the DagBag from /home/airflow/.local/lib/python3.12/site-packages/airflow/example_dags/example_bash_operator.py
[2026-06-16T23:39:01.899+0000] {processor.py:840} INFO - DAG(s) 'example_bash_operator' retrieved from /home/airflow/.local/lib/python3.12/site-packages/airflow/example_dags/example_bash_operator.py
[2026-06-16T23:39:01.940+0000] {logging_mixin.py:188} INFO - [2026-06-16T23:39:01.940+0000] {dag.py:3089} INFO - Sync 1 DAGs
[2026-06-16T23:39:01.970+0000] {logging_mixin.py:188} INFO - [2026-06-16T23:39:01.970+0000] {dag.py:3947} INFO - Setting next_dagrun for example_bash_operator to 2026-06-16 00:00:00+00:00, run_after=2026-06-17 00:00:00+00:00
[2026-06-16T23:39:01.988+0000] {processor.py:183} INFO - Processing /home/airflow/.local/lib/python3.12/site-packages/airflow/example_dags/example_bash_operator.py took 0.114 seconds
[2026-06-16T23:39:32.167+0000] {processor.py:161} INFO - Started process (PID=2847) to work on /home/airflow/.local/lib/python3.12/site-packages/airflow/example_dags/example_bash_operator.py
[2026-06-16T23:39:32.168+0000] {processor.py:830} INFO - Processing file /home/airflow/.local/lib/python3.12/site-packages/airflow/example_dags/example_bash_operator.py for tasks to queue
[2026-06-16T23:39:32.170+0000] {logging_mixin.py:188} INFO - [2026-06-16T23:39:32.169+0000] {dagbag.py:545} INFO - Filling up the DagBag from /home/airflow/.local/lib/python3.12/site-packages/airflow/example_dags/example_bash_operator.py
[2026-06-16T23:39:32.183+0000] {processor.py:840} INFO - DAG(s) 'example_bash_operator' retrieved from /home/airflow/.local/lib/python3.12/site-packages/airflow/example_dags/example_bash_operator.py
[2026-06-16T23:39:32.218+0000] {logging_mixin.py:188} INFO - [2026-06-16T23:39:32.218+0000] {dag.py:3089} INFO - Sync 1 DAGs
[2026-06-16T23:39:32.251+0000] {logging_mixin.py:188} INFO - [2026-06-16T23:39:32.251+0000] {dag.py:3947} INFO - Setting next_dagrun for example_bash_operator to 2026-06-16 00:00:00+00:00, run_after=2026-06-17 00:00:00+00:00
[2026-06-16T23:39:32.273+0000] {processor.py:183} INFO - Processing /home/airflow/.local/lib/python3.12/site-packages/airflow/example_dags/example_bash_operator.py took 0.114 seconds
[2026-06-16T23:40:02.422+0000] {processor.py:161} INFO - Started process (PID=2905) to work on /home/airflow/.local/lib/python3.12/site-packages/airflow/example_dags/example_bash_operator.py
[2026-06-16T23:40:02.423+0000] {processor.py:830} INFO - Processing file /home/airflow/.local/lib/python3.12/site-packages/airflow/example_dags/example_bash_operator.py for tasks to queue
[2026-06-16T23:40:02.425+0000] {logging_mixin.py:188} INFO - [2026-06-16T23:40:02.424+0000] {dagbag.py:545} INFO - Filling up the DagBag from /home/airflow/.local/lib/python3.12/site-packages/airflow/example_dags/example_bash_operator.py
[2026-06-16T23:40:02.438+0000] {processor.py:840} INFO - DAG(s) 'example_bash_operator' retrieved from /home/airflow/.local/lib/python3.12/site-packages/airflow/example_dags/example_bash_operator.py
[2026-06-16T23:40:02.473+0000] {logging_mixin.py:188} INFO - [2026-06-16T23:40:02.473+0000] {dag.py:3089} INFO - Sync 1 DAGs
[2026-06-16T23:40:02.505+0000] {logging_mixin.py:188} INFO - [2026-06-16T23:40:02.504+0000] {dag.py:3947} INFO - Setting next_dagrun for example_bash_operator to 2026-06-16 00:00:00+00:00, run_after=2026-06-17 00:00:00+00:00
[2026-06-16T23:40:02.524+0000] {processor.py:183} INFO - Processing /home/airflow/.local/lib/python3.12/site-packages/airflow/example_dags/example_bash_operator.py took 0.109 seconds
[2026-06-16T23:40:32.773+0000] {processor.py:161} INFO - Started process (PID=2962) to work on /home/airflow/.local/lib/python3.12/site-packages/airflow/example_dags/example_bash_operator.py
[2026-06-16T23:40:32.774+0000] {processor.py:830} INFO - Processing file /home/airflow/.local/lib/python3.12/site-packages/airflow/example_dags/example_bash_operator.py for tasks to queue
[2026-06-16T23:40:32.776+0000] {logging_mixin.py:188} INFO - [2026-06-16T23:40:32.776+0000] {dagbag.py:545} INFO - Filling up the DagBag from /home/airflow/.local/lib/python3.12/site-packages/airflow/example_dags/example_bash_operator.py
[2026-06-16T23:40:32.790+0000] {processor.py:840} INFO - DAG(s) 'example_bash_operator' retrieved from /home/airflow/.local/lib/python3.12/site-packages/airflow/example_dags/example_bash_operator.py
[2026-06-16T23:40:32.826+0000] {logging_mixin.py:188} INFO - [2026-06-16T23:40:32.826+0000] {dag.py:3089} INFO - Sync 1 DAGs
[2026-06-16T23:40:32.857+0000] {logging_mixin.py:188} INFO - [2026-06-16T23:40:32.857+0000] {dag.py:3947} INFO - Setting next_dagrun for example_bash_operator to 2026-06-16 00:00:00+00:00, run_after=2026-06-17 00:00:00+00:00
[2026-06-16T23:40:32.877+0000] {processor.py:183} INFO - Processing /home/airflow/.local/lib/python3.12/site-packages/airflow/example_dags/example_bash_operator.py took 0.111 seconds
[2026-06-16T23:41:03.278+0000] {processor.py:161} INFO - Started process (PID=3020) to work on /home/airflow/.local/lib/python3.12/site-packages/airflow/example_dags/example_bash_operator.py
[2026-06-16T23:41:03.280+0000] {processor.py:830} INFO - Processing file /home/airflow/.local/lib/python3.12/site-packages/airflow/example_dags/example_bash_operator.py for tasks to queue
[2026-06-16T23:41:03.282+0000] {logging_mixin.py:188} INFO - [2026-06-16T23:41:03.281+0000] {dagbag.py:545} INFO - Filling up the DagBag from /home/airflow/.local/lib/python3.12/site-packages/airflow/example_dags/example_bash_operator.py
[2026-06-16T23:41:03.296+0000] {processor.py:840} INFO - DAG(s) 'example_bash_operator' retrieved from /home/airflow/.local/lib/python3.12/site-packages/airflow/example_dags/example_bash_operator.py
[2026-06-16T23:41:03.332+0000] {logging_mixin.py:188} INFO - [2026-06-16T23:41:03.332+0000] {dag.py:3089} INFO - Sync 1 DAGs
[2026-06-16T23:41:03.365+0000] {logging_mixin.py:188} INFO - [2026-06-16T23:41:03.365+0000] {dag.py:3947} INFO - Setting next_dagrun for example_bash_operator to 2026-06-16 00:00:00+00:00, run_after=2026-06-17 00:00:00+00:00
[2026-06-16T23:41:03.392+0000] {processor.py:183} INFO - Processing /home/airflow/.local/lib/python3.12/site-packages/airflow/example_dags/example_bash_operator.py took 0.121 seconds
[2026-06-16T23:41:33.749+0000] {processor.py:161} INFO - Started process (PID=3077) to work on /home/airflow/.local/lib/python3.12/site-packages/airflow/example_dags/example_bash_operator.py
[2026-06-16T23:41:33.750+0000] {processor.py:830} INFO - Processing file /home/airflow/.local/lib/python3.12/site-packages/airflow/example_dags/example_bash_operator.py for tasks to queue
[2026-06-16T23:41:33.752+0000] {logging_mixin.py:188} INFO - [2026-06-16T23:41:33.751+0000] {dagbag.py:545} INFO - Filling up the DagBag from /home/airflow/.local/lib/python3.12/site-packages/airflow/example_dags/example_bash_operator.py
[2026-06-16T23:41:33.766+0000] {processor.py:840} INFO - DAG(s) 'example_bash_operator' retrieved from /home/airflow/.local/lib/python3.12/site-packages/airflow/example_dags/example_bash_operator.py
[2026-06-16T23:41:33.800+0000] {logging_mixin.py:188} INFO - [2026-06-16T23:41:33.800+0000] {dag.py:3089} INFO - Sync 1 DAGs
[2026-06-16T23:41:33.829+0000] {logging_mixin.py:188} INFO - [2026-06-16T23:41:33.828+0000] {dag.py:3947} INFO - Setting next_dagrun for example_bash_operator to 2026-06-16 00:00:00+00:00, run_after=2026-06-17 00:00:00+00:00
[2026-06-16T23:41:33.850+0000] {processor.py:183} INFO - Processing /home/airflow/.local/lib/python3.12/site-packages/airflow/example_dags/example_bash_operator.py took 0.108 seconds
[2026-06-16T23:42:04.224+0000] {processor.py:161} INFO - Started process (PID=3135) to work on /home/airflow/.local/lib/python3.12/site-packages/airflow/example_dags/example_bash_operator.py
[2026-06-16T23:42:04.225+0000] {processor.py:830} INFO - Processing file /home/airflow/.local/lib/python3.12/site-packages/airflow/example_dags/example_bash_operator.py for tasks to queue
[2026-06-16T23:42:04.228+0000] {logging_mixin.py:188} INFO - [2026-06-16T23:42:04.227+0000] {dagbag.py:545} INFO - Filling up the DagBag from /home/airflow/.local/lib/python3.12/site-packages/airflow/example_dags/example_bash_operator.py
[2026-06-16T23:42:04.242+0000] {processor.py:840} INFO - DAG(s) 'example_bash_operator' retrieved from /home/airflow/.local/lib/python3.12/site-packages/airflow/example_dags/example_bash_operator.py
[2026-06-16T23:42:04.280+0000] {logging_mixin.py:188} INFO - [2026-06-16T23:42:04.279+0000] {dag.py:3089} INFO - Sync 1 DAGs
[2026-06-16T23:42:04.309+0000] {logging_mixin.py:188} INFO - [2026-06-16T23:42:04.309+0000] {dag.py:3947} INFO - Setting next_dagrun for example_bash_operator to 2026-06-16 00:00:00+00:00, run_after=2026-06-17 00:00:00+00:00
[2026-06-16T23:42:04.328+0000] {processor.py:183} INFO - Processing /home/airflow/.local/lib/python3.12/site-packages/airflow/example_dags/example_bash_operator.py took 0.125 seconds
[2026-06-16T23:42:34.755+0000] {processor.py:161} INFO - Started process (PID=3193) to work on /home/airflow/.local/lib/python3.12/site-packages/airflow/example_dags/example_bash_operator.py
[2026-06-16T23:42:34.757+0000] {processor.py:830} INFO - Processing file /home/airflow/.local/lib/python3.12/site-packages/airflow/example_dags/example_bash_operator.py for tasks to queue
[2026-06-16T23:42:34.760+0000] {logging_mixin.py:188} INFO - [2026-06-16T23:42:34.759+0000] {dagbag.py:545} INFO - Filling up the DagBag from /home/airflow/.local/lib/python3.12/site-packages/airflow/example_dags/example_bash_operator.py
[2026-06-16T23:42:34.806+0000] {processor.py:840} INFO - DAG(s) 'example_bash_operator' retrieved from /home/airflow/.local/lib/python3.12/site-packages/airflow/example_dags/example_bash_operator.py
[2026-06-16T23:42:34.841+0000] {logging_mixin.py:188} INFO - [2026-06-16T23:42:34.841+0000] {dag.py:3089} INFO - Sync 1 DAGs
[2026-06-16T23:42:34.897+0000] {logging_mixin.py:188} INFO - [2026-06-16T23:42:34.897+0000] {dag.py:3947} INFO - Setting next_dagrun for example_bash_operator to 2026-06-16 00:00:00+00:00, run_after=2026-06-17 00:00:00+00:00
[2026-06-16T23:42:34.938+0000] {processor.py:183} INFO - Processing /home/airflow/.local/lib/python3.12/site-packages/airflow/example_dags/example_bash_operator.py took 0.205 seconds
[2026-06-16T23:43:05.219+0000] {processor.py:161} INFO - Started process (PID=3250) to work on /home/airflow/.local/lib/python3.12/site-packages/airflow/example_dags/example_bash_operator.py
[2026-06-16T23:43:05.222+0000] {processor.py:830} INFO - Processing file /home/airflow/.local/lib/python3.12/site-packages/airflow/example_dags/example_bash_operator.py for tasks to queue
[2026-06-16T23:43:05.227+0000] {logging_mixin.py:188} INFO - [2026-06-16T23:43:05.226+0000] {dagbag.py:545} INFO - Filling up the DagBag from /home/airflow/.local/lib/python3.12/site-packages/airflow/example_dags/example_bash_operator.py
[2026-06-16T23:43:05.263+0000] {processor.py:840} INFO - DAG(s) 'example_bash_operator' retrieved from /home/airflow/.local/lib/python3.12/site-packages/airflow/example_dags/example_bash_operator.py
[2026-06-16T23:43:05.325+0000] {logging_mixin.py:188} INFO - [2026-06-16T23:43:05.325+0000] {dag.py:3089} INFO - Sync 1 DAGs
[2026-06-16T23:43:05.357+0000] {logging_mixin.py:188} INFO - [2026-06-16T23:43:05.355+0000] {dag.py:3947} INFO - Setting next_dagrun for example_bash_operator to 2026-06-16 00:00:00+00:00, run_after=2026-06-17 00:00:00+00:00
[2026-06-16T23:43:05.378+0000] {processor.py:183} INFO - Processing /home/airflow/.local/lib/python3.12/site-packages/airflow/example_dags/example_bash_operator.py took 0.171 seconds
[2026-06-16T23:43:35.461+0000] {processor.py:161} INFO - Started process (PID=3308) to work on /home/airflow/.local/lib/python3.12/site-packages/airflow/example_dags/example_bash_operator.py
[2026-06-16T23:43:35.462+0000] {processor.py:830} INFO - Processing file /home/airflow/.local/lib/python3.12/site-packages/airflow/example_dags/example_bash_operator.py for tasks to queue
[2026-06-16T23:43:35.464+0000] {logging_mixin.py:188} INFO - [2026-06-16T23:43:35.463+0000] {dagbag.py:545} INFO - Filling up the DagBag from /home/airflow/.local/lib/python3.12/site-packages/airflow/example_dags/example_bash_operator.py
[2026-06-16T23:43:35.476+0000] {processor.py:840} INFO - DAG(s) 'example_bash_operator' retrieved from /home/airflow/.local/lib/python3.12/site-packages/airflow/example_dags/example_bash_operator.py
[2026-06-16T23:43:35.511+0000] {logging_mixin.py:188} INFO - [2026-06-16T23:43:35.510+0000] {dag.py:3089} INFO - Sync 1 DAGs
[2026-06-16T23:43:35.544+0000] {logging_mixin.py:188} INFO - [2026-06-16T23:43:35.544+0000] {dag.py:3947} INFO - Setting next_dagrun for example_bash_operator to 2026-06-16 00:00:00+00:00, run_after=2026-06-17 00:00:00+00:00
[2026-06-16T23:43:35.565+0000] {processor.py:183} INFO - Processing /home/airflow/.local/lib/python3.12/site-packages/airflow/example_dags/example_bash_operator.py took 0.111 seconds
[2026-06-16T23:44:05.675+0000] {processor.py:161} INFO - Started process (PID=3366) to work on /home/airflow/.local/lib/python3.12/site-packages/airflow/example_dags/example_bash_operator.py
[2026-06-16T23:44:05.676+0000] {processor.py:830} INFO - Processing file /home/airflow/.local/lib/python3.12/site-packages/airflow/example_dags/example_bash_operator.py for tasks to queue
[2026-06-16T23:44:05.678+0000] {logging_mixin.py:188} INFO - [2026-06-16T23:44:05.677+0000] {dagbag.py:545} INFO - Filling up the DagBag from /home/airflow/.local/lib/python3.12/site-packages/airflow/example_dags/example_bash_operator.py
[2026-06-16T23:44:05.688+0000] {processor.py:840} INFO - DAG(s) 'example_bash_operator' retrieved from /home/airflow/.local/lib/python3.12/site-packages/airflow/example_dags/example_bash_operator.py
[2026-06-16T23:44:05.714+0000] {logging_mixin.py:188} INFO - [2026-06-16T23:44:05.713+0000] {dag.py:3089} INFO - Sync 1 DAGs
[2026-06-16T23:44:05.736+0000] {logging_mixin.py:188} INFO - [2026-06-16T23:44:05.736+0000] {dag.py:3947} INFO - Setting next_dagrun for example_bash_operator to 2026-06-16 00:00:00+00:00, run_after=2026-06-17 00:00:00+00:00
[2026-06-16T23:44:05.753+0000] {processor.py:183} INFO - Processing /home/airflow/.local/lib/python3.12/site-packages/airflow/example_dags/example_bash_operator.py took 0.084 seconds
