[2026-06-16T23:15:05.673+0000] {processor.py:161} INFO - Started process (PID=60) to work on /home/airflow/.local/lib/python3.12/site-packages/airflow/example_dags/example_short_circuit_decorator.py
[2026-06-16T23:15:05.674+0000] {processor.py:830} INFO - Processing file /home/airflow/.local/lib/python3.12/site-packages/airflow/example_dags/example_short_circuit_decorator.py for tasks to queue
[2026-06-16T23:15:05.684+0000] {logging_mixin.py:188} INFO - [2026-06-16T23:15:05.683+0000] {dagbag.py:545} INFO - Filling up the DagBag from /home/airflow/.local/lib/python3.12/site-packages/airflow/example_dags/example_short_circuit_decorator.py
[2026-06-16T23:15:05.723+0000] {processor.py:840} INFO - DAG(s) 'example_short_circuit_decorator' retrieved from /home/airflow/.local/lib/python3.12/site-packages/airflow/example_dags/example_short_circuit_decorator.py
[2026-06-16T23:15:05.849+0000] {logging_mixin.py:188} INFO - [2026-06-16T23:15:05.849+0000] {dag.py:3089} INFO - Sync 1 DAGs
[2026-06-16T23:15:05.923+0000] {logging_mixin.py:188} INFO - [2026-06-16T23:15:05.919+0000] {dag.py:3947} INFO - Setting next_dagrun for example_short_circuit_decorator to 2026-06-15 00:00:00+00:00, run_after=2026-06-16 00:00:00+00:00
[2026-06-16T23:15:05.987+0000] {processor.py:183} INFO - Processing /home/airflow/.local/lib/python3.12/site-packages/airflow/example_dags/example_short_circuit_decorator.py took 0.336 seconds
[2026-06-16T23:15:36.208+0000] {processor.py:161} INFO - Started process (PID=116) to work on /home/airflow/.local/lib/python3.12/site-packages/airflow/example_dags/example_short_circuit_decorator.py
[2026-06-16T23:15:36.209+0000] {processor.py:830} INFO - Processing file /home/airflow/.local/lib/python3.12/site-packages/airflow/example_dags/example_short_circuit_decorator.py for tasks to queue
[2026-06-16T23:15:36.211+0000] {logging_mixin.py:188} INFO - [2026-06-16T23:15:36.211+0000] {dagbag.py:545} INFO - Filling up the DagBag from /home/airflow/.local/lib/python3.12/site-packages/airflow/example_dags/example_short_circuit_decorator.py
[2026-06-16T23:15:36.222+0000] {processor.py:840} INFO - DAG(s) 'example_short_circuit_decorator' retrieved from /home/airflow/.local/lib/python3.12/site-packages/airflow/example_dags/example_short_circuit_decorator.py
[2026-06-16T23:15:36.253+0000] {logging_mixin.py:188} INFO - [2026-06-16T23:15:36.252+0000] {dag.py:3089} INFO - Sync 1 DAGs
[2026-06-16T23:15:36.280+0000] {logging_mixin.py:188} INFO - [2026-06-16T23:15:36.280+0000] {dag.py:3947} INFO - Setting next_dagrun for example_short_circuit_decorator to 2026-06-15 00:00:00+00:00, run_after=2026-06-16 00:00:00+00:00
[2026-06-16T23:15:36.299+0000] {processor.py:183} INFO - Processing /home/airflow/.local/lib/python3.12/site-packages/airflow/example_dags/example_short_circuit_decorator.py took 0.099 seconds
[2026-06-16T23:16:06.575+0000] {processor.py:161} INFO - Started process (PID=174) to work on /home/airflow/.local/lib/python3.12/site-packages/airflow/example_dags/example_short_circuit_decorator.py
[2026-06-16T23:16:06.575+0000] {processor.py:830} INFO - Processing file /home/airflow/.local/lib/python3.12/site-packages/airflow/example_dags/example_short_circuit_decorator.py for tasks to queue
[2026-06-16T23:16:06.577+0000] {logging_mixin.py:188} INFO - [2026-06-16T23:16:06.577+0000] {dagbag.py:545} INFO - Filling up the DagBag from /home/airflow/.local/lib/python3.12/site-packages/airflow/example_dags/example_short_circuit_decorator.py
[2026-06-16T23:16:06.585+0000] {processor.py:840} INFO - DAG(s) 'example_short_circuit_decorator' retrieved from /home/airflow/.local/lib/python3.12/site-packages/airflow/example_dags/example_short_circuit_decorator.py
[2026-06-16T23:16:06.607+0000] {logging_mixin.py:188} INFO - [2026-06-16T23:16:06.607+0000] {dag.py:3089} INFO - Sync 1 DAGs
[2026-06-16T23:16:06.626+0000] {logging_mixin.py:188} INFO - [2026-06-16T23:16:06.625+0000] {dag.py:3947} INFO - Setting next_dagrun for example_short_circuit_decorator to 2026-06-15 00:00:00+00:00, run_after=2026-06-16 00:00:00+00:00
[2026-06-16T23:16:06.642+0000] {processor.py:183} INFO - Processing /home/airflow/.local/lib/python3.12/site-packages/airflow/example_dags/example_short_circuit_decorator.py took 0.073 seconds
[2026-06-16T23:16:36.855+0000] {processor.py:161} INFO - Started process (PID=233) to work on /home/airflow/.local/lib/python3.12/site-packages/airflow/example_dags/example_short_circuit_decorator.py
[2026-06-16T23:16:36.856+0000] {processor.py:830} INFO - Processing file /home/airflow/.local/lib/python3.12/site-packages/airflow/example_dags/example_short_circuit_decorator.py for tasks to queue
[2026-06-16T23:16:36.858+0000] {logging_mixin.py:188} INFO - [2026-06-16T23:16:36.858+0000] {dagbag.py:545} INFO - Filling up the DagBag from /home/airflow/.local/lib/python3.12/site-packages/airflow/example_dags/example_short_circuit_decorator.py
[2026-06-16T23:16:36.869+0000] {processor.py:840} INFO - DAG(s) 'example_short_circuit_decorator' retrieved from /home/airflow/.local/lib/python3.12/site-packages/airflow/example_dags/example_short_circuit_decorator.py
[2026-06-16T23:16:36.898+0000] {logging_mixin.py:188} INFO - [2026-06-16T23:16:36.898+0000] {dag.py:3089} INFO - Sync 1 DAGs
[2026-06-16T23:16:36.925+0000] {logging_mixin.py:188} INFO - [2026-06-16T23:16:36.925+0000] {dag.py:3947} INFO - Setting next_dagrun for example_short_circuit_decorator to 2026-06-15 00:00:00+00:00, run_after=2026-06-16 00:00:00+00:00
[2026-06-16T23:16:36.946+0000] {processor.py:183} INFO - Processing /home/airflow/.local/lib/python3.12/site-packages/airflow/example_dags/example_short_circuit_decorator.py took 0.098 seconds
[2026-06-16T23:17:07.059+0000] {processor.py:161} INFO - Started process (PID=291) to work on /home/airflow/.local/lib/python3.12/site-packages/airflow/example_dags/example_short_circuit_decorator.py
[2026-06-16T23:17:07.059+0000] {processor.py:830} INFO - Processing file /home/airflow/.local/lib/python3.12/site-packages/airflow/example_dags/example_short_circuit_decorator.py for tasks to queue
[2026-06-16T23:17:07.062+0000] {logging_mixin.py:188} INFO - [2026-06-16T23:17:07.061+0000] {dagbag.py:545} INFO - Filling up the DagBag from /home/airflow/.local/lib/python3.12/site-packages/airflow/example_dags/example_short_circuit_decorator.py
[2026-06-16T23:17:07.072+0000] {processor.py:840} INFO - DAG(s) 'example_short_circuit_decorator' retrieved from /home/airflow/.local/lib/python3.12/site-packages/airflow/example_dags/example_short_circuit_decorator.py
[2026-06-16T23:17:07.101+0000] {logging_mixin.py:188} INFO - [2026-06-16T23:17:07.101+0000] {dag.py:3089} INFO - Sync 1 DAGs
[2026-06-16T23:17:07.127+0000] {logging_mixin.py:188} INFO - [2026-06-16T23:17:07.127+0000] {dag.py:3947} INFO - Setting next_dagrun for example_short_circuit_decorator to 2026-06-15 00:00:00+00:00, run_after=2026-06-16 00:00:00+00:00
[2026-06-16T23:17:07.150+0000] {processor.py:183} INFO - Processing /home/airflow/.local/lib/python3.12/site-packages/airflow/example_dags/example_short_circuit_decorator.py took 0.103 seconds
[2026-06-16T23:17:37.817+0000] {processor.py:161} INFO - Started process (PID=349) to work on /home/airflow/.local/lib/python3.12/site-packages/airflow/example_dags/example_short_circuit_decorator.py
[2026-06-16T23:17:37.817+0000] {processor.py:830} INFO - Processing file /home/airflow/.local/lib/python3.12/site-packages/airflow/example_dags/example_short_circuit_decorator.py for tasks to queue
[2026-06-16T23:17:37.820+0000] {logging_mixin.py:188} INFO - [2026-06-16T23:17:37.819+0000] {dagbag.py:545} INFO - Filling up the DagBag from /home/airflow/.local/lib/python3.12/site-packages/airflow/example_dags/example_short_circuit_decorator.py
[2026-06-16T23:17:37.830+0000] {processor.py:840} INFO - DAG(s) 'example_short_circuit_decorator' retrieved from /home/airflow/.local/lib/python3.12/site-packages/airflow/example_dags/example_short_circuit_decorator.py
[2026-06-16T23:17:37.858+0000] {logging_mixin.py:188} INFO - [2026-06-16T23:17:37.857+0000] {dag.py:3089} INFO - Sync 1 DAGs
[2026-06-16T23:17:37.877+0000] {logging_mixin.py:188} INFO - [2026-06-16T23:17:37.877+0000] {dag.py:3947} INFO - Setting next_dagrun for example_short_circuit_decorator to 2026-06-15 00:00:00+00:00, run_after=2026-06-16 00:00:00+00:00
[2026-06-16T23:17:37.892+0000] {processor.py:183} INFO - Processing /home/airflow/.local/lib/python3.12/site-packages/airflow/example_dags/example_short_circuit_decorator.py took 0.083 seconds
[2026-06-16T23:18:08.493+0000] {processor.py:161} INFO - Started process (PID=407) to work on /home/airflow/.local/lib/python3.12/site-packages/airflow/example_dags/example_short_circuit_decorator.py
[2026-06-16T23:18:08.497+0000] {processor.py:830} INFO - Processing file /home/airflow/.local/lib/python3.12/site-packages/airflow/example_dags/example_short_circuit_decorator.py for tasks to queue
[2026-06-16T23:18:08.503+0000] {logging_mixin.py:188} INFO - [2026-06-16T23:18:08.503+0000] {dagbag.py:545} INFO - Filling up the DagBag from /home/airflow/.local/lib/python3.12/site-packages/airflow/example_dags/example_short_circuit_decorator.py
[2026-06-16T23:18:08.554+0000] {processor.py:840} INFO - DAG(s) 'example_short_circuit_decorator' retrieved from /home/airflow/.local/lib/python3.12/site-packages/airflow/example_dags/example_short_circuit_decorator.py
[2026-06-16T23:18:08.664+0000] {logging_mixin.py:188} INFO - [2026-06-16T23:18:08.664+0000] {dag.py:3089} INFO - Sync 1 DAGs
[2026-06-16T23:18:08.751+0000] {logging_mixin.py:188} INFO - [2026-06-16T23:18:08.751+0000] {dag.py:3947} INFO - Setting next_dagrun for example_short_circuit_decorator to 2026-06-15 00:00:00+00:00, run_after=2026-06-16 00:00:00+00:00
[2026-06-16T23:18:08.810+0000] {processor.py:183} INFO - Processing /home/airflow/.local/lib/python3.12/site-packages/airflow/example_dags/example_short_circuit_decorator.py took 0.348 seconds
[2026-06-16T23:18:39.258+0000] {processor.py:161} INFO - Started process (PID=465) to work on /home/airflow/.local/lib/python3.12/site-packages/airflow/example_dags/example_short_circuit_decorator.py
[2026-06-16T23:18:39.259+0000] {processor.py:830} INFO - Processing file /home/airflow/.local/lib/python3.12/site-packages/airflow/example_dags/example_short_circuit_decorator.py for tasks to queue
[2026-06-16T23:18:39.261+0000] {logging_mixin.py:188} INFO - [2026-06-16T23:18:39.260+0000] {dagbag.py:545} INFO - Filling up the DagBag from /home/airflow/.local/lib/python3.12/site-packages/airflow/example_dags/example_short_circuit_decorator.py
[2026-06-16T23:18:39.272+0000] {processor.py:840} INFO - DAG(s) 'example_short_circuit_decorator' retrieved from /home/airflow/.local/lib/python3.12/site-packages/airflow/example_dags/example_short_circuit_decorator.py
[2026-06-16T23:18:39.299+0000] {logging_mixin.py:188} INFO - [2026-06-16T23:18:39.299+0000] {dag.py:3089} INFO - Sync 1 DAGs
[2026-06-16T23:18:39.324+0000] {logging_mixin.py:188} INFO - [2026-06-16T23:18:39.324+0000] {dag.py:3947} INFO - Setting next_dagrun for example_short_circuit_decorator to 2026-06-15 00:00:00+00:00, run_after=2026-06-16 00:00:00+00:00
[2026-06-16T23:18:39.346+0000] {processor.py:183} INFO - Processing /home/airflow/.local/lib/python3.12/site-packages/airflow/example_dags/example_short_circuit_decorator.py took 0.096 seconds
[2026-06-16T23:19:09.450+0000] {processor.py:161} INFO - Started process (PID=523) to work on /home/airflow/.local/lib/python3.12/site-packages/airflow/example_dags/example_short_circuit_decorator.py
[2026-06-16T23:19:09.451+0000] {processor.py:830} INFO - Processing file /home/airflow/.local/lib/python3.12/site-packages/airflow/example_dags/example_short_circuit_decorator.py for tasks to queue
[2026-06-16T23:19:09.453+0000] {logging_mixin.py:188} INFO - [2026-06-16T23:19:09.453+0000] {dagbag.py:545} INFO - Filling up the DagBag from /home/airflow/.local/lib/python3.12/site-packages/airflow/example_dags/example_short_circuit_decorator.py
[2026-06-16T23:19:09.464+0000] {processor.py:840} INFO - DAG(s) 'example_short_circuit_decorator' retrieved from /home/airflow/.local/lib/python3.12/site-packages/airflow/example_dags/example_short_circuit_decorator.py
[2026-06-16T23:19:09.504+0000] {logging_mixin.py:188} INFO - [2026-06-16T23:19:09.504+0000] {dag.py:3089} INFO - Sync 1 DAGs
[2026-06-16T23:19:09.529+0000] {logging_mixin.py:188} INFO - [2026-06-16T23:19:09.529+0000] {dag.py:3947} INFO - Setting next_dagrun for example_short_circuit_decorator to 2026-06-15 00:00:00+00:00, run_after=2026-06-16 00:00:00+00:00
[2026-06-16T23:19:09.545+0000] {processor.py:183} INFO - Processing /home/airflow/.local/lib/python3.12/site-packages/airflow/example_dags/example_short_circuit_decorator.py took 0.102 seconds
[2026-06-16T23:19:40.044+0000] {processor.py:161} INFO - Started process (PID=581) to work on /home/airflow/.local/lib/python3.12/site-packages/airflow/example_dags/example_short_circuit_decorator.py
[2026-06-16T23:19:40.045+0000] {processor.py:830} INFO - Processing file /home/airflow/.local/lib/python3.12/site-packages/airflow/example_dags/example_short_circuit_decorator.py for tasks to queue
[2026-06-16T23:19:40.047+0000] {logging_mixin.py:188} INFO - [2026-06-16T23:19:40.047+0000] {dagbag.py:545} INFO - Filling up the DagBag from /home/airflow/.local/lib/python3.12/site-packages/airflow/example_dags/example_short_circuit_decorator.py
[2026-06-16T23:19:40.059+0000] {processor.py:840} INFO - DAG(s) 'example_short_circuit_decorator' retrieved from /home/airflow/.local/lib/python3.12/site-packages/airflow/example_dags/example_short_circuit_decorator.py
[2026-06-16T23:19:40.089+0000] {logging_mixin.py:188} INFO - [2026-06-16T23:19:40.088+0000] {dag.py:3089} INFO - Sync 1 DAGs
[2026-06-16T23:19:40.112+0000] {logging_mixin.py:188} INFO - [2026-06-16T23:19:40.112+0000] {dag.py:3947} INFO - Setting next_dagrun for example_short_circuit_decorator to 2026-06-15 00:00:00+00:00, run_after=2026-06-16 00:00:00+00:00
[2026-06-16T23:19:40.127+0000] {processor.py:183} INFO - Processing /home/airflow/.local/lib/python3.12/site-packages/airflow/example_dags/example_short_circuit_decorator.py took 0.090 seconds
[2026-06-16T23:20:10.278+0000] {processor.py:161} INFO - Started process (PID=639) to work on /home/airflow/.local/lib/python3.12/site-packages/airflow/example_dags/example_short_circuit_decorator.py
[2026-06-16T23:20:10.278+0000] {processor.py:830} INFO - Processing file /home/airflow/.local/lib/python3.12/site-packages/airflow/example_dags/example_short_circuit_decorator.py for tasks to queue
[2026-06-16T23:20:10.282+0000] {logging_mixin.py:188} INFO - [2026-06-16T23:20:10.281+0000] {dagbag.py:545} INFO - Filling up the DagBag from /home/airflow/.local/lib/python3.12/site-packages/airflow/example_dags/example_short_circuit_decorator.py
[2026-06-16T23:20:10.303+0000] {processor.py:840} INFO - DAG(s) 'example_short_circuit_decorator' retrieved from /home/airflow/.local/lib/python3.12/site-packages/airflow/example_dags/example_short_circuit_decorator.py
[2026-06-16T23:20:10.335+0000] {logging_mixin.py:188} INFO - [2026-06-16T23:20:10.334+0000] {dag.py:3089} INFO - Sync 1 DAGs
[2026-06-16T23:20:10.362+0000] {logging_mixin.py:188} INFO - [2026-06-16T23:20:10.362+0000] {dag.py:3947} INFO - Setting next_dagrun for example_short_circuit_decorator to 2026-06-15 00:00:00+00:00, run_after=2026-06-16 00:00:00+00:00
[2026-06-16T23:20:10.377+0000] {processor.py:183} INFO - Processing /home/airflow/.local/lib/python3.12/site-packages/airflow/example_dags/example_short_circuit_decorator.py took 0.107 seconds
[2026-06-16T23:20:40.590+0000] {processor.py:161} INFO - Started process (PID=697) to work on /home/airflow/.local/lib/python3.12/site-packages/airflow/example_dags/example_short_circuit_decorator.py
[2026-06-16T23:20:40.591+0000] {processor.py:830} INFO - Processing file /home/airflow/.local/lib/python3.12/site-packages/airflow/example_dags/example_short_circuit_decorator.py for tasks to queue
[2026-06-16T23:20:40.593+0000] {logging_mixin.py:188} INFO - [2026-06-16T23:20:40.593+0000] {dagbag.py:545} INFO - Filling up the DagBag from /home/airflow/.local/lib/python3.12/site-packages/airflow/example_dags/example_short_circuit_decorator.py
[2026-06-16T23:20:40.603+0000] {processor.py:840} INFO - DAG(s) 'example_short_circuit_decorator' retrieved from /home/airflow/.local/lib/python3.12/site-packages/airflow/example_dags/example_short_circuit_decorator.py
[2026-06-16T23:20:40.624+0000] {logging_mixin.py:188} INFO - [2026-06-16T23:20:40.623+0000] {dag.py:3089} INFO - Sync 1 DAGs
[2026-06-16T23:20:40.659+0000] {logging_mixin.py:188} INFO - [2026-06-16T23:20:40.658+0000] {dag.py:3947} INFO - Setting next_dagrun for example_short_circuit_decorator to 2026-06-15 00:00:00+00:00, run_after=2026-06-16 00:00:00+00:00
[2026-06-16T23:20:40.674+0000] {processor.py:183} INFO - Processing /home/airflow/.local/lib/python3.12/site-packages/airflow/example_dags/example_short_circuit_decorator.py took 0.091 seconds
[2026-06-16T23:21:10.719+0000] {processor.py:161} INFO - Started process (PID=754) to work on /home/airflow/.local/lib/python3.12/site-packages/airflow/example_dags/example_short_circuit_decorator.py
[2026-06-16T23:21:10.720+0000] {processor.py:830} INFO - Processing file /home/airflow/.local/lib/python3.12/site-packages/airflow/example_dags/example_short_circuit_decorator.py for tasks to queue
[2026-06-16T23:21:10.722+0000] {logging_mixin.py:188} INFO - [2026-06-16T23:21:10.722+0000] {dagbag.py:545} INFO - Filling up the DagBag from /home/airflow/.local/lib/python3.12/site-packages/airflow/example_dags/example_short_circuit_decorator.py
[2026-06-16T23:21:10.733+0000] {processor.py:840} INFO - DAG(s) 'example_short_circuit_decorator' retrieved from /home/airflow/.local/lib/python3.12/site-packages/airflow/example_dags/example_short_circuit_decorator.py
[2026-06-16T23:21:10.767+0000] {logging_mixin.py:188} INFO - [2026-06-16T23:21:10.767+0000] {dag.py:3089} INFO - Sync 1 DAGs
[2026-06-16T23:21:10.811+0000] {logging_mixin.py:188} INFO - [2026-06-16T23:21:10.810+0000] {dag.py:3947} INFO - Setting next_dagrun for example_short_circuit_decorator to 2026-06-15 00:00:00+00:00, run_after=2026-06-16 00:00:00+00:00
[2026-06-16T23:21:10.836+0000] {processor.py:183} INFO - Processing /home/airflow/.local/lib/python3.12/site-packages/airflow/example_dags/example_short_circuit_decorator.py took 0.125 seconds
[2026-06-16T23:21:41.167+0000] {processor.py:161} INFO - Started process (PID=812) to work on /home/airflow/.local/lib/python3.12/site-packages/airflow/example_dags/example_short_circuit_decorator.py
[2026-06-16T23:21:41.168+0000] {processor.py:830} INFO - Processing file /home/airflow/.local/lib/python3.12/site-packages/airflow/example_dags/example_short_circuit_decorator.py for tasks to queue
[2026-06-16T23:21:41.170+0000] {logging_mixin.py:188} INFO - [2026-06-16T23:21:41.170+0000] {dagbag.py:545} INFO - Filling up the DagBag from /home/airflow/.local/lib/python3.12/site-packages/airflow/example_dags/example_short_circuit_decorator.py
[2026-06-16T23:21:41.181+0000] {processor.py:840} INFO - DAG(s) 'example_short_circuit_decorator' retrieved from /home/airflow/.local/lib/python3.12/site-packages/airflow/example_dags/example_short_circuit_decorator.py
[2026-06-16T23:21:41.210+0000] {logging_mixin.py:188} INFO - [2026-06-16T23:21:41.210+0000] {dag.py:3089} INFO - Sync 1 DAGs
[2026-06-16T23:21:41.237+0000] {logging_mixin.py:188} INFO - [2026-06-16T23:21:41.237+0000] {dag.py:3947} INFO - Setting next_dagrun for example_short_circuit_decorator to 2026-06-15 00:00:00+00:00, run_after=2026-06-16 00:00:00+00:00
[2026-06-16T23:21:41.253+0000] {processor.py:183} INFO - Processing /home/airflow/.local/lib/python3.12/site-packages/airflow/example_dags/example_short_circuit_decorator.py took 0.093 seconds
[2026-06-16T23:22:12.734+0000] {processor.py:161} INFO - Started process (PID=876) to work on /home/airflow/.local/lib/python3.12/site-packages/airflow/example_dags/example_short_circuit_decorator.py
[2026-06-16T23:22:12.741+0000] {processor.py:830} INFO - Processing file /home/airflow/.local/lib/python3.12/site-packages/airflow/example_dags/example_short_circuit_decorator.py for tasks to queue
[2026-06-16T23:22:12.747+0000] {logging_mixin.py:188} INFO - [2026-06-16T23:22:12.747+0000] {dagbag.py:545} INFO - Filling up the DagBag from /home/airflow/.local/lib/python3.12/site-packages/airflow/example_dags/example_short_circuit_decorator.py
[2026-06-16T23:22:12.787+0000] {processor.py:840} INFO - DAG(s) 'example_short_circuit_decorator' retrieved from /home/airflow/.local/lib/python3.12/site-packages/airflow/example_dags/example_short_circuit_decorator.py
[2026-06-16T23:22:12.926+0000] {logging_mixin.py:188} INFO - [2026-06-16T23:22:12.921+0000] {dag.py:3089} INFO - Sync 1 DAGs
[2026-06-16T23:22:13.018+0000] {logging_mixin.py:188} INFO - [2026-06-16T23:22:13.018+0000] {dag.py:3947} INFO - Setting next_dagrun for example_short_circuit_decorator to 2026-06-15 00:00:00+00:00, run_after=2026-06-16 00:00:00+00:00
[2026-06-16T23:22:13.095+0000] {processor.py:183} INFO - Processing /home/airflow/.local/lib/python3.12/site-packages/airflow/example_dags/example_short_circuit_decorator.py took 0.382 seconds
[2026-06-16T23:22:44.028+0000] {processor.py:161} INFO - Started process (PID=934) to work on /home/airflow/.local/lib/python3.12/site-packages/airflow/example_dags/example_short_circuit_decorator.py
[2026-06-16T23:22:44.029+0000] {processor.py:830} INFO - Processing file /home/airflow/.local/lib/python3.12/site-packages/airflow/example_dags/example_short_circuit_decorator.py for tasks to queue
[2026-06-16T23:22:44.035+0000] {logging_mixin.py:188} INFO - [2026-06-16T23:22:44.035+0000] {dagbag.py:545} INFO - Filling up the DagBag from /home/airflow/.local/lib/python3.12/site-packages/airflow/example_dags/example_short_circuit_decorator.py
[2026-06-16T23:22:44.079+0000] {processor.py:840} INFO - DAG(s) 'example_short_circuit_decorator' retrieved from /home/airflow/.local/lib/python3.12/site-packages/airflow/example_dags/example_short_circuit_decorator.py
[2026-06-16T23:22:44.188+0000] {logging_mixin.py:188} INFO - [2026-06-16T23:22:44.187+0000] {dag.py:3089} INFO - Sync 1 DAGs
[2026-06-16T23:22:44.260+0000] {logging_mixin.py:188} INFO - [2026-06-16T23:22:44.260+0000] {dag.py:3947} INFO - Setting next_dagrun for example_short_circuit_decorator to 2026-06-15 00:00:00+00:00, run_after=2026-06-16 00:00:00+00:00
[2026-06-16T23:22:44.318+0000] {processor.py:183} INFO - Processing /home/airflow/.local/lib/python3.12/site-packages/airflow/example_dags/example_short_circuit_decorator.py took 0.315 seconds
[2026-06-16T23:23:15.249+0000] {processor.py:161} INFO - Started process (PID=992) to work on /home/airflow/.local/lib/python3.12/site-packages/airflow/example_dags/example_short_circuit_decorator.py
[2026-06-16T23:23:15.250+0000] {processor.py:830} INFO - Processing file /home/airflow/.local/lib/python3.12/site-packages/airflow/example_dags/example_short_circuit_decorator.py for tasks to queue
[2026-06-16T23:23:15.252+0000] {logging_mixin.py:188} INFO - [2026-06-16T23:23:15.252+0000] {dagbag.py:545} INFO - Filling up the DagBag from /home/airflow/.local/lib/python3.12/site-packages/airflow/example_dags/example_short_circuit_decorator.py
[2026-06-16T23:23:15.263+0000] {processor.py:840} INFO - DAG(s) 'example_short_circuit_decorator' retrieved from /home/airflow/.local/lib/python3.12/site-packages/airflow/example_dags/example_short_circuit_decorator.py
[2026-06-16T23:23:15.290+0000] {logging_mixin.py:188} INFO - [2026-06-16T23:23:15.289+0000] {dag.py:3089} INFO - Sync 1 DAGs
[2026-06-16T23:23:15.316+0000] {logging_mixin.py:188} INFO - [2026-06-16T23:23:15.316+0000] {dag.py:3947} INFO - Setting next_dagrun for example_short_circuit_decorator to 2026-06-15 00:00:00+00:00, run_after=2026-06-16 00:00:00+00:00
[2026-06-16T23:23:15.336+0000] {processor.py:183} INFO - Processing /home/airflow/.local/lib/python3.12/site-packages/airflow/example_dags/example_short_circuit_decorator.py took 0.096 seconds
[2026-06-16T23:23:45.433+0000] {processor.py:161} INFO - Started process (PID=1050) to work on /home/airflow/.local/lib/python3.12/site-packages/airflow/example_dags/example_short_circuit_decorator.py
[2026-06-16T23:23:45.434+0000] {processor.py:830} INFO - Processing file /home/airflow/.local/lib/python3.12/site-packages/airflow/example_dags/example_short_circuit_decorator.py for tasks to queue
[2026-06-16T23:23:45.436+0000] {logging_mixin.py:188} INFO - [2026-06-16T23:23:45.435+0000] {dagbag.py:545} INFO - Filling up the DagBag from /home/airflow/.local/lib/python3.12/site-packages/airflow/example_dags/example_short_circuit_decorator.py
[2026-06-16T23:23:45.447+0000] {processor.py:840} INFO - DAG(s) 'example_short_circuit_decorator' retrieved from /home/airflow/.local/lib/python3.12/site-packages/airflow/example_dags/example_short_circuit_decorator.py
[2026-06-16T23:23:45.482+0000] {logging_mixin.py:188} INFO - [2026-06-16T23:23:45.482+0000] {dag.py:3089} INFO - Sync 1 DAGs
[2026-06-16T23:23:45.509+0000] {logging_mixin.py:188} INFO - [2026-06-16T23:23:45.508+0000] {dag.py:3947} INFO - Setting next_dagrun for example_short_circuit_decorator to 2026-06-15 00:00:00+00:00, run_after=2026-06-16 00:00:00+00:00
[2026-06-16T23:23:45.554+0000] {processor.py:183} INFO - Processing /home/airflow/.local/lib/python3.12/site-packages/airflow/example_dags/example_short_circuit_decorator.py took 0.128 seconds
[2026-06-16T23:24:15.691+0000] {processor.py:161} INFO - Started process (PID=1108) to work on /home/airflow/.local/lib/python3.12/site-packages/airflow/example_dags/example_short_circuit_decorator.py
[2026-06-16T23:24:15.692+0000] {processor.py:830} INFO - Processing file /home/airflow/.local/lib/python3.12/site-packages/airflow/example_dags/example_short_circuit_decorator.py for tasks to queue
[2026-06-16T23:24:15.694+0000] {logging_mixin.py:188} INFO - [2026-06-16T23:24:15.694+0000] {dagbag.py:545} INFO - Filling up the DagBag from /home/airflow/.local/lib/python3.12/site-packages/airflow/example_dags/example_short_circuit_decorator.py
[2026-06-16T23:24:15.705+0000] {processor.py:840} INFO - DAG(s) 'example_short_circuit_decorator' retrieved from /home/airflow/.local/lib/python3.12/site-packages/airflow/example_dags/example_short_circuit_decorator.py
[2026-06-16T23:24:15.736+0000] {logging_mixin.py:188} INFO - [2026-06-16T23:24:15.736+0000] {dag.py:3089} INFO - Sync 1 DAGs
[2026-06-16T23:24:15.763+0000] {logging_mixin.py:188} INFO - [2026-06-16T23:24:15.763+0000] {dag.py:3947} INFO - Setting next_dagrun for example_short_circuit_decorator to 2026-06-15 00:00:00+00:00, run_after=2026-06-16 00:00:00+00:00
[2026-06-16T23:24:15.785+0000] {processor.py:183} INFO - Processing /home/airflow/.local/lib/python3.12/site-packages/airflow/example_dags/example_short_circuit_decorator.py took 0.101 seconds
[2026-06-16T23:24:45.993+0000] {processor.py:161} INFO - Started process (PID=1166) to work on /home/airflow/.local/lib/python3.12/site-packages/airflow/example_dags/example_short_circuit_decorator.py
[2026-06-16T23:24:45.994+0000] {processor.py:830} INFO - Processing file /home/airflow/.local/lib/python3.12/site-packages/airflow/example_dags/example_short_circuit_decorator.py for tasks to queue
[2026-06-16T23:24:45.996+0000] {logging_mixin.py:188} INFO - [2026-06-16T23:24:45.996+0000] {dagbag.py:545} INFO - Filling up the DagBag from /home/airflow/.local/lib/python3.12/site-packages/airflow/example_dags/example_short_circuit_decorator.py
[2026-06-16T23:24:46.007+0000] {processor.py:840} INFO - DAG(s) 'example_short_circuit_decorator' retrieved from /home/airflow/.local/lib/python3.12/site-packages/airflow/example_dags/example_short_circuit_decorator.py
[2026-06-16T23:24:46.037+0000] {logging_mixin.py:188} INFO - [2026-06-16T23:24:46.037+0000] {dag.py:3089} INFO - Sync 1 DAGs
[2026-06-16T23:24:46.065+0000] {logging_mixin.py:188} INFO - [2026-06-16T23:24:46.065+0000] {dag.py:3947} INFO - Setting next_dagrun for example_short_circuit_decorator to 2026-06-15 00:00:00+00:00, run_after=2026-06-16 00:00:00+00:00
[2026-06-16T23:24:46.085+0000] {processor.py:183} INFO - Processing /home/airflow/.local/lib/python3.12/site-packages/airflow/example_dags/example_short_circuit_decorator.py took 0.099 seconds
[2026-06-16T23:25:16.415+0000] {processor.py:161} INFO - Started process (PID=1224) to work on /home/airflow/.local/lib/python3.12/site-packages/airflow/example_dags/example_short_circuit_decorator.py
[2026-06-16T23:25:16.417+0000] {processor.py:830} INFO - Processing file /home/airflow/.local/lib/python3.12/site-packages/airflow/example_dags/example_short_circuit_decorator.py for tasks to queue
[2026-06-16T23:25:16.421+0000] {logging_mixin.py:188} INFO - [2026-06-16T23:25:16.420+0000] {dagbag.py:545} INFO - Filling up the DagBag from /home/airflow/.local/lib/python3.12/site-packages/airflow/example_dags/example_short_circuit_decorator.py
[2026-06-16T23:25:16.431+0000] {processor.py:840} INFO - DAG(s) 'example_short_circuit_decorator' retrieved from /home/airflow/.local/lib/python3.12/site-packages/airflow/example_dags/example_short_circuit_decorator.py
[2026-06-16T23:25:16.462+0000] {logging_mixin.py:188} INFO - [2026-06-16T23:25:16.461+0000] {dag.py:3089} INFO - Sync 1 DAGs
[2026-06-16T23:25:16.488+0000] {logging_mixin.py:188} INFO - [2026-06-16T23:25:16.487+0000] {dag.py:3947} INFO - Setting next_dagrun for example_short_circuit_decorator to 2026-06-15 00:00:00+00:00, run_after=2026-06-16 00:00:00+00:00
[2026-06-16T23:25:16.518+0000] {processor.py:183} INFO - Processing /home/airflow/.local/lib/python3.12/site-packages/airflow/example_dags/example_short_circuit_decorator.py took 0.112 seconds
[2026-06-16T23:25:46.874+0000] {processor.py:161} INFO - Started process (PID=1282) to work on /home/airflow/.local/lib/python3.12/site-packages/airflow/example_dags/example_short_circuit_decorator.py
[2026-06-16T23:25:46.875+0000] {processor.py:830} INFO - Processing file /home/airflow/.local/lib/python3.12/site-packages/airflow/example_dags/example_short_circuit_decorator.py for tasks to queue
[2026-06-16T23:25:46.877+0000] {logging_mixin.py:188} INFO - [2026-06-16T23:25:46.877+0000] {dagbag.py:545} INFO - Filling up the DagBag from /home/airflow/.local/lib/python3.12/site-packages/airflow/example_dags/example_short_circuit_decorator.py
[2026-06-16T23:25:46.888+0000] {processor.py:840} INFO - DAG(s) 'example_short_circuit_decorator' retrieved from /home/airflow/.local/lib/python3.12/site-packages/airflow/example_dags/example_short_circuit_decorator.py
[2026-06-16T23:25:46.920+0000] {logging_mixin.py:188} INFO - [2026-06-16T23:25:46.920+0000] {dag.py:3089} INFO - Sync 1 DAGs
[2026-06-16T23:25:46.948+0000] {logging_mixin.py:188} INFO - [2026-06-16T23:25:46.948+0000] {dag.py:3947} INFO - Setting next_dagrun for example_short_circuit_decorator to 2026-06-15 00:00:00+00:00, run_after=2026-06-16 00:00:00+00:00
[2026-06-16T23:25:46.968+0000] {processor.py:183} INFO - Processing /home/airflow/.local/lib/python3.12/site-packages/airflow/example_dags/example_short_circuit_decorator.py took 0.101 seconds
[2026-06-16T23:26:17.546+0000] {processor.py:161} INFO - Started process (PID=1339) to work on /home/airflow/.local/lib/python3.12/site-packages/airflow/example_dags/example_short_circuit_decorator.py
[2026-06-16T23:26:17.547+0000] {processor.py:830} INFO - Processing file /home/airflow/.local/lib/python3.12/site-packages/airflow/example_dags/example_short_circuit_decorator.py for tasks to queue
[2026-06-16T23:26:17.551+0000] {logging_mixin.py:188} INFO - [2026-06-16T23:26:17.550+0000] {dagbag.py:545} INFO - Filling up the DagBag from /home/airflow/.local/lib/python3.12/site-packages/airflow/example_dags/example_short_circuit_decorator.py
[2026-06-16T23:26:17.561+0000] {processor.py:840} INFO - DAG(s) 'example_short_circuit_decorator' retrieved from /home/airflow/.local/lib/python3.12/site-packages/airflow/example_dags/example_short_circuit_decorator.py
[2026-06-16T23:26:17.590+0000] {logging_mixin.py:188} INFO - [2026-06-16T23:26:17.590+0000] {dag.py:3089} INFO - Sync 1 DAGs
[2026-06-16T23:26:17.617+0000] {logging_mixin.py:188} INFO - [2026-06-16T23:26:17.617+0000] {dag.py:3947} INFO - Setting next_dagrun for example_short_circuit_decorator to 2026-06-15 00:00:00+00:00, run_after=2026-06-16 00:00:00+00:00
[2026-06-16T23:26:17.637+0000] {processor.py:183} INFO - Processing /home/airflow/.local/lib/python3.12/site-packages/airflow/example_dags/example_short_circuit_decorator.py took 0.098 seconds
[2026-06-16T23:26:47.884+0000] {processor.py:161} INFO - Started process (PID=1397) to work on /home/airflow/.local/lib/python3.12/site-packages/airflow/example_dags/example_short_circuit_decorator.py
[2026-06-16T23:26:47.887+0000] {processor.py:830} INFO - Processing file /home/airflow/.local/lib/python3.12/site-packages/airflow/example_dags/example_short_circuit_decorator.py for tasks to queue
[2026-06-16T23:26:47.894+0000] {logging_mixin.py:188} INFO - [2026-06-16T23:26:47.893+0000] {dagbag.py:545} INFO - Filling up the DagBag from /home/airflow/.local/lib/python3.12/site-packages/airflow/example_dags/example_short_circuit_decorator.py
[2026-06-16T23:26:47.930+0000] {processor.py:840} INFO - DAG(s) 'example_short_circuit_decorator' retrieved from /home/airflow/.local/lib/python3.12/site-packages/airflow/example_dags/example_short_circuit_decorator.py
[2026-06-16T23:26:48.050+0000] {logging_mixin.py:188} INFO - [2026-06-16T23:26:48.050+0000] {dag.py:3089} INFO - Sync 1 DAGs
[2026-06-16T23:26:48.167+0000] {logging_mixin.py:188} INFO - [2026-06-16T23:26:48.167+0000] {dag.py:3947} INFO - Setting next_dagrun for example_short_circuit_decorator to 2026-06-15 00:00:00+00:00, run_after=2026-06-16 00:00:00+00:00
[2026-06-16T23:26:48.262+0000] {processor.py:183} INFO - Processing /home/airflow/.local/lib/python3.12/site-packages/airflow/example_dags/example_short_circuit_decorator.py took 0.408 seconds
[2026-06-16T23:27:18.485+0000] {processor.py:161} INFO - Started process (PID=1455) to work on /home/airflow/.local/lib/python3.12/site-packages/airflow/example_dags/example_short_circuit_decorator.py
[2026-06-16T23:27:18.486+0000] {processor.py:830} INFO - Processing file /home/airflow/.local/lib/python3.12/site-packages/airflow/example_dags/example_short_circuit_decorator.py for tasks to queue
[2026-06-16T23:27:18.490+0000] {logging_mixin.py:188} INFO - [2026-06-16T23:27:18.490+0000] {dagbag.py:545} INFO - Filling up the DagBag from /home/airflow/.local/lib/python3.12/site-packages/airflow/example_dags/example_short_circuit_decorator.py
[2026-06-16T23:27:18.501+0000] {processor.py:840} INFO - DAG(s) 'example_short_circuit_decorator' retrieved from /home/airflow/.local/lib/python3.12/site-packages/airflow/example_dags/example_short_circuit_decorator.py
[2026-06-16T23:27:18.532+0000] {logging_mixin.py:188} INFO - [2026-06-16T23:27:18.531+0000] {dag.py:3089} INFO - Sync 1 DAGs
[2026-06-16T23:27:18.560+0000] {logging_mixin.py:188} INFO - [2026-06-16T23:27:18.560+0000] {dag.py:3947} INFO - Setting next_dagrun for example_short_circuit_decorator to 2026-06-15 00:00:00+00:00, run_after=2026-06-16 00:00:00+00:00
[2026-06-16T23:27:18.595+0000] {processor.py:183} INFO - Processing /home/airflow/.local/lib/python3.12/site-packages/airflow/example_dags/example_short_circuit_decorator.py took 0.117 seconds
[2026-06-16T23:27:48.813+0000] {processor.py:161} INFO - Started process (PID=1513) to work on /home/airflow/.local/lib/python3.12/site-packages/airflow/example_dags/example_short_circuit_decorator.py
[2026-06-16T23:27:48.814+0000] {processor.py:830} INFO - Processing file /home/airflow/.local/lib/python3.12/site-packages/airflow/example_dags/example_short_circuit_decorator.py for tasks to queue
[2026-06-16T23:27:48.820+0000] {logging_mixin.py:188} INFO - [2026-06-16T23:27:48.820+0000] {dagbag.py:545} INFO - Filling up the DagBag from /home/airflow/.local/lib/python3.12/site-packages/airflow/example_dags/example_short_circuit_decorator.py
[2026-06-16T23:27:48.848+0000] {processor.py:840} INFO - DAG(s) 'example_short_circuit_decorator' retrieved from /home/airflow/.local/lib/python3.12/site-packages/airflow/example_dags/example_short_circuit_decorator.py
[2026-06-16T23:27:48.886+0000] {logging_mixin.py:188} INFO - [2026-06-16T23:27:48.886+0000] {dag.py:3089} INFO - Sync 1 DAGs
[2026-06-16T23:27:48.912+0000] {logging_mixin.py:188} INFO - [2026-06-16T23:27:48.912+0000] {dag.py:3947} INFO - Setting next_dagrun for example_short_circuit_decorator to 2026-06-15 00:00:00+00:00, run_after=2026-06-16 00:00:00+00:00
[2026-06-16T23:27:48.931+0000] {processor.py:183} INFO - Processing /home/airflow/.local/lib/python3.12/site-packages/airflow/example_dags/example_short_circuit_decorator.py took 0.144 seconds
[2026-06-16T23:28:19.359+0000] {processor.py:161} INFO - Started process (PID=1571) to work on /home/airflow/.local/lib/python3.12/site-packages/airflow/example_dags/example_short_circuit_decorator.py
[2026-06-16T23:28:19.360+0000] {processor.py:830} INFO - Processing file /home/airflow/.local/lib/python3.12/site-packages/airflow/example_dags/example_short_circuit_decorator.py for tasks to queue
[2026-06-16T23:28:19.362+0000] {logging_mixin.py:188} INFO - [2026-06-16T23:28:19.361+0000] {dagbag.py:545} INFO - Filling up the DagBag from /home/airflow/.local/lib/python3.12/site-packages/airflow/example_dags/example_short_circuit_decorator.py
[2026-06-16T23:28:19.372+0000] {processor.py:840} INFO - DAG(s) 'example_short_circuit_decorator' retrieved from /home/airflow/.local/lib/python3.12/site-packages/airflow/example_dags/example_short_circuit_decorator.py
[2026-06-16T23:28:19.403+0000] {logging_mixin.py:188} INFO - [2026-06-16T23:28:19.403+0000] {dag.py:3089} INFO - Sync 1 DAGs
[2026-06-16T23:28:19.431+0000] {logging_mixin.py:188} INFO - [2026-06-16T23:28:19.431+0000] {dag.py:3947} INFO - Setting next_dagrun for example_short_circuit_decorator to 2026-06-15 00:00:00+00:00, run_after=2026-06-16 00:00:00+00:00
[2026-06-16T23:28:19.451+0000] {processor.py:183} INFO - Processing /home/airflow/.local/lib/python3.12/site-packages/airflow/example_dags/example_short_circuit_decorator.py took 0.099 seconds
[2026-06-16T23:28:49.718+0000] {processor.py:161} INFO - Started process (PID=1629) to work on /home/airflow/.local/lib/python3.12/site-packages/airflow/example_dags/example_short_circuit_decorator.py
[2026-06-16T23:28:49.719+0000] {processor.py:830} INFO - Processing file /home/airflow/.local/lib/python3.12/site-packages/airflow/example_dags/example_short_circuit_decorator.py for tasks to queue
[2026-06-16T23:28:49.721+0000] {logging_mixin.py:188} INFO - [2026-06-16T23:28:49.721+0000] {dagbag.py:545} INFO - Filling up the DagBag from /home/airflow/.local/lib/python3.12/site-packages/airflow/example_dags/example_short_circuit_decorator.py
[2026-06-16T23:28:49.737+0000] {processor.py:840} INFO - DAG(s) 'example_short_circuit_decorator' retrieved from /home/airflow/.local/lib/python3.12/site-packages/airflow/example_dags/example_short_circuit_decorator.py
[2026-06-16T23:28:49.787+0000] {logging_mixin.py:188} INFO - [2026-06-16T23:28:49.786+0000] {dag.py:3089} INFO - Sync 1 DAGs
[2026-06-16T23:28:49.812+0000] {logging_mixin.py:188} INFO - [2026-06-16T23:28:49.812+0000] {dag.py:3947} INFO - Setting next_dagrun for example_short_circuit_decorator to 2026-06-15 00:00:00+00:00, run_after=2026-06-16 00:00:00+00:00
[2026-06-16T23:28:49.831+0000] {processor.py:183} INFO - Processing /home/airflow/.local/lib/python3.12/site-packages/airflow/example_dags/example_short_circuit_decorator.py took 0.121 seconds
[2026-06-16T23:29:20.128+0000] {processor.py:161} INFO - Started process (PID=1687) to work on /home/airflow/.local/lib/python3.12/site-packages/airflow/example_dags/example_short_circuit_decorator.py
[2026-06-16T23:29:20.130+0000] {processor.py:830} INFO - Processing file /home/airflow/.local/lib/python3.12/site-packages/airflow/example_dags/example_short_circuit_decorator.py for tasks to queue
[2026-06-16T23:29:20.132+0000] {logging_mixin.py:188} INFO - [2026-06-16T23:29:20.131+0000] {dagbag.py:545} INFO - Filling up the DagBag from /home/airflow/.local/lib/python3.12/site-packages/airflow/example_dags/example_short_circuit_decorator.py
[2026-06-16T23:29:20.143+0000] {processor.py:840} INFO - DAG(s) 'example_short_circuit_decorator' retrieved from /home/airflow/.local/lib/python3.12/site-packages/airflow/example_dags/example_short_circuit_decorator.py
[2026-06-16T23:29:20.173+0000] {logging_mixin.py:188} INFO - [2026-06-16T23:29:20.172+0000] {dag.py:3089} INFO - Sync 1 DAGs
[2026-06-16T23:29:20.199+0000] {logging_mixin.py:188} INFO - [2026-06-16T23:29:20.199+0000] {dag.py:3947} INFO - Setting next_dagrun for example_short_circuit_decorator to 2026-06-15 00:00:00+00:00, run_after=2026-06-16 00:00:00+00:00
[2026-06-16T23:29:20.219+0000] {processor.py:183} INFO - Processing /home/airflow/.local/lib/python3.12/site-packages/airflow/example_dags/example_short_circuit_decorator.py took 0.098 seconds
[2026-06-16T23:29:50.562+0000] {processor.py:161} INFO - Started process (PID=1744) to work on /home/airflow/.local/lib/python3.12/site-packages/airflow/example_dags/example_short_circuit_decorator.py
[2026-06-16T23:29:50.562+0000] {processor.py:830} INFO - Processing file /home/airflow/.local/lib/python3.12/site-packages/airflow/example_dags/example_short_circuit_decorator.py for tasks to queue
[2026-06-16T23:29:50.564+0000] {logging_mixin.py:188} INFO - [2026-06-16T23:29:50.564+0000] {dagbag.py:545} INFO - Filling up the DagBag from /home/airflow/.local/lib/python3.12/site-packages/airflow/example_dags/example_short_circuit_decorator.py
[2026-06-16T23:29:50.577+0000] {processor.py:840} INFO - DAG(s) 'example_short_circuit_decorator' retrieved from /home/airflow/.local/lib/python3.12/site-packages/airflow/example_dags/example_short_circuit_decorator.py
[2026-06-16T23:29:50.604+0000] {logging_mixin.py:188} INFO - [2026-06-16T23:29:50.604+0000] {dag.py:3089} INFO - Sync 1 DAGs
[2026-06-16T23:29:50.631+0000] {logging_mixin.py:188} INFO - [2026-06-16T23:29:50.631+0000] {dag.py:3947} INFO - Setting next_dagrun for example_short_circuit_decorator to 2026-06-15 00:00:00+00:00, run_after=2026-06-16 00:00:00+00:00
[2026-06-16T23:29:50.651+0000] {processor.py:183} INFO - Processing /home/airflow/.local/lib/python3.12/site-packages/airflow/example_dags/example_short_circuit_decorator.py took 0.102 seconds
[2026-06-16T23:30:20.995+0000] {processor.py:161} INFO - Started process (PID=1802) to work on /home/airflow/.local/lib/python3.12/site-packages/airflow/example_dags/example_short_circuit_decorator.py
[2026-06-16T23:30:20.996+0000] {processor.py:830} INFO - Processing file /home/airflow/.local/lib/python3.12/site-packages/airflow/example_dags/example_short_circuit_decorator.py for tasks to queue
[2026-06-16T23:30:20.998+0000] {logging_mixin.py:188} INFO - [2026-06-16T23:30:20.997+0000] {dagbag.py:545} INFO - Filling up the DagBag from /home/airflow/.local/lib/python3.12/site-packages/airflow/example_dags/example_short_circuit_decorator.py
[2026-06-16T23:30:21.008+0000] {processor.py:840} INFO - DAG(s) 'example_short_circuit_decorator' retrieved from /home/airflow/.local/lib/python3.12/site-packages/airflow/example_dags/example_short_circuit_decorator.py
[2026-06-16T23:30:21.040+0000] {logging_mixin.py:188} INFO - [2026-06-16T23:30:21.040+0000] {dag.py:3089} INFO - Sync 1 DAGs
[2026-06-16T23:30:21.067+0000] {logging_mixin.py:188} INFO - [2026-06-16T23:30:21.067+0000] {dag.py:3947} INFO - Setting next_dagrun for example_short_circuit_decorator to 2026-06-15 00:00:00+00:00, run_after=2026-06-16 00:00:00+00:00
[2026-06-16T23:30:21.090+0000] {processor.py:183} INFO - Processing /home/airflow/.local/lib/python3.12/site-packages/airflow/example_dags/example_short_circuit_decorator.py took 0.102 seconds
[2026-06-16T23:30:52.662+0000] {processor.py:161} INFO - Started process (PID=1860) to work on /home/airflow/.local/lib/python3.12/site-packages/airflow/example_dags/example_short_circuit_decorator.py
[2026-06-16T23:30:52.667+0000] {processor.py:830} INFO - Processing file /home/airflow/.local/lib/python3.12/site-packages/airflow/example_dags/example_short_circuit_decorator.py for tasks to queue
[2026-06-16T23:30:52.671+0000] {logging_mixin.py:188} INFO - [2026-06-16T23:30:52.671+0000] {dagbag.py:545} INFO - Filling up the DagBag from /home/airflow/.local/lib/python3.12/site-packages/airflow/example_dags/example_short_circuit_decorator.py
[2026-06-16T23:30:52.708+0000] {processor.py:840} INFO - DAG(s) 'example_short_circuit_decorator' retrieved from /home/airflow/.local/lib/python3.12/site-packages/airflow/example_dags/example_short_circuit_decorator.py
[2026-06-16T23:30:52.799+0000] {logging_mixin.py:188} INFO - [2026-06-16T23:30:52.798+0000] {dag.py:3089} INFO - Sync 1 DAGs
[2026-06-16T23:30:53.661+0000] {logging_mixin.py:188} INFO - [2026-06-16T23:30:53.661+0000] {dag.py:3947} INFO - Setting next_dagrun for example_short_circuit_decorator to 2026-06-15 00:00:00+00:00, run_after=2026-06-16 00:00:00+00:00
[2026-06-16T23:30:53.737+0000] {processor.py:183} INFO - Processing /home/airflow/.local/lib/python3.12/site-packages/airflow/example_dags/example_short_circuit_decorator.py took 1.097 seconds
[2026-06-16T23:31:24.018+0000] {processor.py:161} INFO - Started process (PID=1918) to work on /home/airflow/.local/lib/python3.12/site-packages/airflow/example_dags/example_short_circuit_decorator.py
[2026-06-16T23:31:24.019+0000] {processor.py:830} INFO - Processing file /home/airflow/.local/lib/python3.12/site-packages/airflow/example_dags/example_short_circuit_decorator.py for tasks to queue
[2026-06-16T23:31:24.021+0000] {logging_mixin.py:188} INFO - [2026-06-16T23:31:24.020+0000] {dagbag.py:545} INFO - Filling up the DagBag from /home/airflow/.local/lib/python3.12/site-packages/airflow/example_dags/example_short_circuit_decorator.py
[2026-06-16T23:31:24.028+0000] {processor.py:840} INFO - DAG(s) 'example_short_circuit_decorator' retrieved from /home/airflow/.local/lib/python3.12/site-packages/airflow/example_dags/example_short_circuit_decorator.py
[2026-06-16T23:31:24.050+0000] {logging_mixin.py:188} INFO - [2026-06-16T23:31:24.050+0000] {dag.py:3089} INFO - Sync 1 DAGs
[2026-06-16T23:31:24.070+0000] {logging_mixin.py:188} INFO - [2026-06-16T23:31:24.070+0000] {dag.py:3947} INFO - Setting next_dagrun for example_short_circuit_decorator to 2026-06-15 00:00:00+00:00, run_after=2026-06-16 00:00:00+00:00
[2026-06-16T23:31:24.235+0000] {processor.py:183} INFO - Processing /home/airflow/.local/lib/python3.12/site-packages/airflow/example_dags/example_short_circuit_decorator.py took 0.223 seconds
[2026-06-16T23:31:54.929+0000] {processor.py:161} INFO - Started process (PID=1974) to work on /home/airflow/.local/lib/python3.12/site-packages/airflow/example_dags/example_short_circuit_decorator.py
[2026-06-16T23:31:54.930+0000] {processor.py:830} INFO - Processing file /home/airflow/.local/lib/python3.12/site-packages/airflow/example_dags/example_short_circuit_decorator.py for tasks to queue
[2026-06-16T23:31:54.932+0000] {logging_mixin.py:188} INFO - [2026-06-16T23:31:54.932+0000] {dagbag.py:545} INFO - Filling up the DagBag from /home/airflow/.local/lib/python3.12/site-packages/airflow/example_dags/example_short_circuit_decorator.py
[2026-06-16T23:31:54.943+0000] {processor.py:840} INFO - DAG(s) 'example_short_circuit_decorator' retrieved from /home/airflow/.local/lib/python3.12/site-packages/airflow/example_dags/example_short_circuit_decorator.py
[2026-06-16T23:31:54.973+0000] {logging_mixin.py:188} INFO - [2026-06-16T23:31:54.973+0000] {dag.py:3089} INFO - Sync 1 DAGs
[2026-06-16T23:31:55.000+0000] {logging_mixin.py:188} INFO - [2026-06-16T23:31:55.000+0000] {dag.py:3947} INFO - Setting next_dagrun for example_short_circuit_decorator to 2026-06-15 00:00:00+00:00, run_after=2026-06-16 00:00:00+00:00
[2026-06-16T23:31:55.022+0000] {processor.py:183} INFO - Processing /home/airflow/.local/lib/python3.12/site-packages/airflow/example_dags/example_short_circuit_decorator.py took 0.100 seconds
[2026-06-16T23:32:25.140+0000] {processor.py:161} INFO - Started process (PID=2032) to work on /home/airflow/.local/lib/python3.12/site-packages/airflow/example_dags/example_short_circuit_decorator.py
[2026-06-16T23:32:25.141+0000] {processor.py:830} INFO - Processing file /home/airflow/.local/lib/python3.12/site-packages/airflow/example_dags/example_short_circuit_decorator.py for tasks to queue
[2026-06-16T23:32:25.143+0000] {logging_mixin.py:188} INFO - [2026-06-16T23:32:25.142+0000] {dagbag.py:545} INFO - Filling up the DagBag from /home/airflow/.local/lib/python3.12/site-packages/airflow/example_dags/example_short_circuit_decorator.py
[2026-06-16T23:32:25.154+0000] {processor.py:840} INFO - DAG(s) 'example_short_circuit_decorator' retrieved from /home/airflow/.local/lib/python3.12/site-packages/airflow/example_dags/example_short_circuit_decorator.py
[2026-06-16T23:32:25.188+0000] {logging_mixin.py:188} INFO - [2026-06-16T23:32:25.188+0000] {dag.py:3089} INFO - Sync 1 DAGs
[2026-06-16T23:32:25.216+0000] {logging_mixin.py:188} INFO - [2026-06-16T23:32:25.216+0000] {dag.py:3947} INFO - Setting next_dagrun for example_short_circuit_decorator to 2026-06-15 00:00:00+00:00, run_after=2026-06-16 00:00:00+00:00
[2026-06-16T23:32:25.239+0000] {processor.py:183} INFO - Processing /home/airflow/.local/lib/python3.12/site-packages/airflow/example_dags/example_short_circuit_decorator.py took 0.106 seconds
[2026-06-16T23:32:55.698+0000] {processor.py:161} INFO - Started process (PID=2090) to work on /home/airflow/.local/lib/python3.12/site-packages/airflow/example_dags/example_short_circuit_decorator.py
[2026-06-16T23:32:55.699+0000] {processor.py:830} INFO - Processing file /home/airflow/.local/lib/python3.12/site-packages/airflow/example_dags/example_short_circuit_decorator.py for tasks to queue
[2026-06-16T23:32:55.701+0000] {logging_mixin.py:188} INFO - [2026-06-16T23:32:55.701+0000] {dagbag.py:545} INFO - Filling up the DagBag from /home/airflow/.local/lib/python3.12/site-packages/airflow/example_dags/example_short_circuit_decorator.py
[2026-06-16T23:32:55.712+0000] {processor.py:840} INFO - DAG(s) 'example_short_circuit_decorator' retrieved from /home/airflow/.local/lib/python3.12/site-packages/airflow/example_dags/example_short_circuit_decorator.py
[2026-06-16T23:32:55.747+0000] {logging_mixin.py:188} INFO - [2026-06-16T23:32:55.744+0000] {dag.py:3089} INFO - Sync 1 DAGs
[2026-06-16T23:32:55.774+0000] {logging_mixin.py:188} INFO - [2026-06-16T23:32:55.774+0000] {dag.py:3947} INFO - Setting next_dagrun for example_short_circuit_decorator to 2026-06-15 00:00:00+00:00, run_after=2026-06-16 00:00:00+00:00
[2026-06-16T23:32:55.795+0000] {processor.py:183} INFO - Processing /home/airflow/.local/lib/python3.12/site-packages/airflow/example_dags/example_short_circuit_decorator.py took 0.103 seconds
[2026-06-16T23:33:26.128+0000] {processor.py:161} INFO - Started process (PID=2148) to work on /home/airflow/.local/lib/python3.12/site-packages/airflow/example_dags/example_short_circuit_decorator.py
[2026-06-16T23:33:26.129+0000] {processor.py:830} INFO - Processing file /home/airflow/.local/lib/python3.12/site-packages/airflow/example_dags/example_short_circuit_decorator.py for tasks to queue
[2026-06-16T23:33:26.134+0000] {logging_mixin.py:188} INFO - [2026-06-16T23:33:26.134+0000] {dagbag.py:545} INFO - Filling up the DagBag from /home/airflow/.local/lib/python3.12/site-packages/airflow/example_dags/example_short_circuit_decorator.py
[2026-06-16T23:33:26.163+0000] {processor.py:840} INFO - DAG(s) 'example_short_circuit_decorator' retrieved from /home/airflow/.local/lib/python3.12/site-packages/airflow/example_dags/example_short_circuit_decorator.py
[2026-06-16T23:33:26.218+0000] {logging_mixin.py:188} INFO - [2026-06-16T23:33:26.217+0000] {dag.py:3089} INFO - Sync 1 DAGs
[2026-06-16T23:33:26.249+0000] {logging_mixin.py:188} INFO - [2026-06-16T23:33:26.248+0000] {dag.py:3947} INFO - Setting next_dagrun for example_short_circuit_decorator to 2026-06-15 00:00:00+00:00, run_after=2026-06-16 00:00:00+00:00
[2026-06-16T23:33:26.275+0000] {processor.py:183} INFO - Processing /home/airflow/.local/lib/python3.12/site-packages/airflow/example_dags/example_short_circuit_decorator.py took 0.154 seconds
[2026-06-16T23:33:56.382+0000] {processor.py:161} INFO - Started process (PID=2207) to work on /home/airflow/.local/lib/python3.12/site-packages/airflow/example_dags/example_short_circuit_decorator.py
[2026-06-16T23:33:56.384+0000] {processor.py:830} INFO - Processing file /home/airflow/.local/lib/python3.12/site-packages/airflow/example_dags/example_short_circuit_decorator.py for tasks to queue
[2026-06-16T23:33:56.385+0000] {logging_mixin.py:188} INFO - [2026-06-16T23:33:56.385+0000] {dagbag.py:545} INFO - Filling up the DagBag from /home/airflow/.local/lib/python3.12/site-packages/airflow/example_dags/example_short_circuit_decorator.py
[2026-06-16T23:33:56.396+0000] {processor.py:840} INFO - DAG(s) 'example_short_circuit_decorator' retrieved from /home/airflow/.local/lib/python3.12/site-packages/airflow/example_dags/example_short_circuit_decorator.py
[2026-06-16T23:33:56.431+0000] {logging_mixin.py:188} INFO - [2026-06-16T23:33:56.431+0000] {dag.py:3089} INFO - Sync 1 DAGs
[2026-06-16T23:33:56.459+0000] {logging_mixin.py:188} INFO - [2026-06-16T23:33:56.459+0000] {dag.py:3947} INFO - Setting next_dagrun for example_short_circuit_decorator to 2026-06-15 00:00:00+00:00, run_after=2026-06-16 00:00:00+00:00
[2026-06-16T23:33:56.478+0000] {processor.py:183} INFO - Processing /home/airflow/.local/lib/python3.12/site-packages/airflow/example_dags/example_short_circuit_decorator.py took 0.103 seconds
[2026-06-16T23:34:26.700+0000] {processor.py:161} INFO - Started process (PID=2264) to work on /home/airflow/.local/lib/python3.12/site-packages/airflow/example_dags/example_short_circuit_decorator.py
[2026-06-16T23:34:26.701+0000] {processor.py:830} INFO - Processing file /home/airflow/.local/lib/python3.12/site-packages/airflow/example_dags/example_short_circuit_decorator.py for tasks to queue
[2026-06-16T23:34:26.703+0000] {logging_mixin.py:188} INFO - [2026-06-16T23:34:26.703+0000] {dagbag.py:545} INFO - Filling up the DagBag from /home/airflow/.local/lib/python3.12/site-packages/airflow/example_dags/example_short_circuit_decorator.py
[2026-06-16T23:34:26.714+0000] {processor.py:840} INFO - DAG(s) 'example_short_circuit_decorator' retrieved from /home/airflow/.local/lib/python3.12/site-packages/airflow/example_dags/example_short_circuit_decorator.py
[2026-06-16T23:34:26.747+0000] {logging_mixin.py:188} INFO - [2026-06-16T23:34:26.747+0000] {dag.py:3089} INFO - Sync 1 DAGs
[2026-06-16T23:34:26.775+0000] {logging_mixin.py:188} INFO - [2026-06-16T23:34:26.775+0000] {dag.py:3947} INFO - Setting next_dagrun for example_short_circuit_decorator to 2026-06-15 00:00:00+00:00, run_after=2026-06-16 00:00:00+00:00
[2026-06-16T23:34:26.795+0000] {processor.py:183} INFO - Processing /home/airflow/.local/lib/python3.12/site-packages/airflow/example_dags/example_short_circuit_decorator.py took 0.102 seconds
[2026-06-16T23:34:56.895+0000] {processor.py:161} INFO - Started process (PID=2322) to work on /home/airflow/.local/lib/python3.12/site-packages/airflow/example_dags/example_short_circuit_decorator.py
[2026-06-16T23:34:56.895+0000] {processor.py:830} INFO - Processing file /home/airflow/.local/lib/python3.12/site-packages/airflow/example_dags/example_short_circuit_decorator.py for tasks to queue
[2026-06-16T23:34:56.898+0000] {logging_mixin.py:188} INFO - [2026-06-16T23:34:56.897+0000] {dagbag.py:545} INFO - Filling up the DagBag from /home/airflow/.local/lib/python3.12/site-packages/airflow/example_dags/example_short_circuit_decorator.py
[2026-06-16T23:34:56.909+0000] {processor.py:840} INFO - DAG(s) 'example_short_circuit_decorator' retrieved from /home/airflow/.local/lib/python3.12/site-packages/airflow/example_dags/example_short_circuit_decorator.py
[2026-06-16T23:34:56.938+0000] {logging_mixin.py:188} INFO - [2026-06-16T23:34:56.938+0000] {dag.py:3089} INFO - Sync 1 DAGs
[2026-06-16T23:34:56.965+0000] {logging_mixin.py:188} INFO - [2026-06-16T23:34:56.965+0000] {dag.py:3947} INFO - Setting next_dagrun for example_short_circuit_decorator to 2026-06-15 00:00:00+00:00, run_after=2026-06-16 00:00:00+00:00
[2026-06-16T23:34:56.984+0000] {processor.py:183} INFO - Processing /home/airflow/.local/lib/python3.12/site-packages/airflow/example_dags/example_short_circuit_decorator.py took 0.097 seconds
[2026-06-16T23:35:27.211+0000] {processor.py:161} INFO - Started process (PID=2380) to work on /home/airflow/.local/lib/python3.12/site-packages/airflow/example_dags/example_short_circuit_decorator.py
[2026-06-16T23:35:27.212+0000] {processor.py:830} INFO - Processing file /home/airflow/.local/lib/python3.12/site-packages/airflow/example_dags/example_short_circuit_decorator.py for tasks to queue
[2026-06-16T23:35:27.214+0000] {logging_mixin.py:188} INFO - [2026-06-16T23:35:27.213+0000] {dagbag.py:545} INFO - Filling up the DagBag from /home/airflow/.local/lib/python3.12/site-packages/airflow/example_dags/example_short_circuit_decorator.py
[2026-06-16T23:35:27.225+0000] {processor.py:840} INFO - DAG(s) 'example_short_circuit_decorator' retrieved from /home/airflow/.local/lib/python3.12/site-packages/airflow/example_dags/example_short_circuit_decorator.py
[2026-06-16T23:35:27.259+0000] {logging_mixin.py:188} INFO - [2026-06-16T23:35:27.258+0000] {dag.py:3089} INFO - Sync 1 DAGs
[2026-06-16T23:35:27.289+0000] {logging_mixin.py:188} INFO - [2026-06-16T23:35:27.289+0000] {dag.py:3947} INFO - Setting next_dagrun for example_short_circuit_decorator to 2026-06-15 00:00:00+00:00, run_after=2026-06-16 00:00:00+00:00
[2026-06-16T23:35:27.309+0000] {processor.py:183} INFO - Processing /home/airflow/.local/lib/python3.12/site-packages/airflow/example_dags/example_short_circuit_decorator.py took 0.105 seconds
[2026-06-16T23:35:57.518+0000] {processor.py:161} INFO - Started process (PID=2438) to work on /home/airflow/.local/lib/python3.12/site-packages/airflow/example_dags/example_short_circuit_decorator.py
[2026-06-16T23:35:57.519+0000] {processor.py:830} INFO - Processing file /home/airflow/.local/lib/python3.12/site-packages/airflow/example_dags/example_short_circuit_decorator.py for tasks to queue
[2026-06-16T23:35:57.521+0000] {logging_mixin.py:188} INFO - [2026-06-16T23:35:57.521+0000] {dagbag.py:545} INFO - Filling up the DagBag from /home/airflow/.local/lib/python3.12/site-packages/airflow/example_dags/example_short_circuit_decorator.py
[2026-06-16T23:35:57.537+0000] {processor.py:840} INFO - DAG(s) 'example_short_circuit_decorator' retrieved from /home/airflow/.local/lib/python3.12/site-packages/airflow/example_dags/example_short_circuit_decorator.py
[2026-06-16T23:35:57.570+0000] {logging_mixin.py:188} INFO - [2026-06-16T23:35:57.569+0000] {dag.py:3089} INFO - Sync 1 DAGs
[2026-06-16T23:35:57.601+0000] {logging_mixin.py:188} INFO - [2026-06-16T23:35:57.600+0000] {dag.py:3947} INFO - Setting next_dagrun for example_short_circuit_decorator to 2026-06-15 00:00:00+00:00, run_after=2026-06-16 00:00:00+00:00
[2026-06-16T23:35:57.632+0000] {processor.py:183} INFO - Processing /home/airflow/.local/lib/python3.12/site-packages/airflow/example_dags/example_short_circuit_decorator.py took 0.141 seconds
[2026-06-16T23:36:27.728+0000] {processor.py:161} INFO - Started process (PID=2496) to work on /home/airflow/.local/lib/python3.12/site-packages/airflow/example_dags/example_short_circuit_decorator.py
[2026-06-16T23:36:27.729+0000] {processor.py:830} INFO - Processing file /home/airflow/.local/lib/python3.12/site-packages/airflow/example_dags/example_short_circuit_decorator.py for tasks to queue
[2026-06-16T23:36:27.731+0000] {logging_mixin.py:188} INFO - [2026-06-16T23:36:27.731+0000] {dagbag.py:545} INFO - Filling up the DagBag from /home/airflow/.local/lib/python3.12/site-packages/airflow/example_dags/example_short_circuit_decorator.py
[2026-06-16T23:36:27.744+0000] {processor.py:840} INFO - DAG(s) 'example_short_circuit_decorator' retrieved from /home/airflow/.local/lib/python3.12/site-packages/airflow/example_dags/example_short_circuit_decorator.py
[2026-06-16T23:36:27.779+0000] {logging_mixin.py:188} INFO - [2026-06-16T23:36:27.778+0000] {dag.py:3089} INFO - Sync 1 DAGs
[2026-06-16T23:36:27.807+0000] {logging_mixin.py:188} INFO - [2026-06-16T23:36:27.806+0000] {dag.py:3947} INFO - Setting next_dagrun for example_short_circuit_decorator to 2026-06-15 00:00:00+00:00, run_after=2026-06-16 00:00:00+00:00
[2026-06-16T23:36:27.826+0000] {processor.py:183} INFO - Processing /home/airflow/.local/lib/python3.12/site-packages/airflow/example_dags/example_short_circuit_decorator.py took 0.107 seconds
[2026-06-16T23:36:57.889+0000] {processor.py:161} INFO - Started process (PID=2554) to work on /home/airflow/.local/lib/python3.12/site-packages/airflow/example_dags/example_short_circuit_decorator.py
[2026-06-16T23:36:57.890+0000] {processor.py:830} INFO - Processing file /home/airflow/.local/lib/python3.12/site-packages/airflow/example_dags/example_short_circuit_decorator.py for tasks to queue
[2026-06-16T23:36:57.892+0000] {logging_mixin.py:188} INFO - [2026-06-16T23:36:57.892+0000] {dagbag.py:545} INFO - Filling up the DagBag from /home/airflow/.local/lib/python3.12/site-packages/airflow/example_dags/example_short_circuit_decorator.py
[2026-06-16T23:36:57.903+0000] {processor.py:840} INFO - DAG(s) 'example_short_circuit_decorator' retrieved from /home/airflow/.local/lib/python3.12/site-packages/airflow/example_dags/example_short_circuit_decorator.py
[2026-06-16T23:36:57.933+0000] {logging_mixin.py:188} INFO - [2026-06-16T23:36:57.932+0000] {dag.py:3089} INFO - Sync 1 DAGs
[2026-06-16T23:36:57.976+0000] {logging_mixin.py:188} INFO - [2026-06-16T23:36:57.976+0000] {dag.py:3947} INFO - Setting next_dagrun for example_short_circuit_decorator to 2026-06-15 00:00:00+00:00, run_after=2026-06-16 00:00:00+00:00
[2026-06-16T23:36:58.000+0000] {processor.py:183} INFO - Processing /home/airflow/.local/lib/python3.12/site-packages/airflow/example_dags/example_short_circuit_decorator.py took 0.118 seconds
[2026-06-16T23:37:28.283+0000] {processor.py:161} INFO - Started process (PID=2612) to work on /home/airflow/.local/lib/python3.12/site-packages/airflow/example_dags/example_short_circuit_decorator.py
[2026-06-16T23:37:28.285+0000] {processor.py:830} INFO - Processing file /home/airflow/.local/lib/python3.12/site-packages/airflow/example_dags/example_short_circuit_decorator.py for tasks to queue
[2026-06-16T23:37:28.287+0000] {logging_mixin.py:188} INFO - [2026-06-16T23:37:28.286+0000] {dagbag.py:545} INFO - Filling up the DagBag from /home/airflow/.local/lib/python3.12/site-packages/airflow/example_dags/example_short_circuit_decorator.py
[2026-06-16T23:37:28.297+0000] {processor.py:840} INFO - DAG(s) 'example_short_circuit_decorator' retrieved from /home/airflow/.local/lib/python3.12/site-packages/airflow/example_dags/example_short_circuit_decorator.py
[2026-06-16T23:37:28.324+0000] {logging_mixin.py:188} INFO - [2026-06-16T23:37:28.324+0000] {dag.py:3089} INFO - Sync 1 DAGs
[2026-06-16T23:37:28.351+0000] {logging_mixin.py:188} INFO - [2026-06-16T23:37:28.351+0000] {dag.py:3947} INFO - Setting next_dagrun for example_short_circuit_decorator to 2026-06-15 00:00:00+00:00, run_after=2026-06-16 00:00:00+00:00
[2026-06-16T23:37:28.370+0000] {processor.py:183} INFO - Processing /home/airflow/.local/lib/python3.12/site-packages/airflow/example_dags/example_short_circuit_decorator.py took 0.097 seconds
[2026-06-16T23:37:58.433+0000] {processor.py:161} INFO - Started process (PID=2671) to work on /home/airflow/.local/lib/python3.12/site-packages/airflow/example_dags/example_short_circuit_decorator.py
[2026-06-16T23:37:58.433+0000] {processor.py:830} INFO - Processing file /home/airflow/.local/lib/python3.12/site-packages/airflow/example_dags/example_short_circuit_decorator.py for tasks to queue
[2026-06-16T23:37:58.435+0000] {logging_mixin.py:188} INFO - [2026-06-16T23:37:58.435+0000] {dagbag.py:545} INFO - Filling up the DagBag from /home/airflow/.local/lib/python3.12/site-packages/airflow/example_dags/example_short_circuit_decorator.py
[2026-06-16T23:37:58.447+0000] {processor.py:840} INFO - DAG(s) 'example_short_circuit_decorator' retrieved from /home/airflow/.local/lib/python3.12/site-packages/airflow/example_dags/example_short_circuit_decorator.py
[2026-06-16T23:37:58.475+0000] {logging_mixin.py:188} INFO - [2026-06-16T23:37:58.475+0000] {dag.py:3089} INFO - Sync 1 DAGs
[2026-06-16T23:37:58.505+0000] {logging_mixin.py:188} INFO - [2026-06-16T23:37:58.505+0000] {dag.py:3947} INFO - Setting next_dagrun for example_short_circuit_decorator to 2026-06-15 00:00:00+00:00, run_after=2026-06-16 00:00:00+00:00
[2026-06-16T23:37:58.526+0000] {processor.py:183} INFO - Processing /home/airflow/.local/lib/python3.12/site-packages/airflow/example_dags/example_short_circuit_decorator.py took 0.101 seconds
[2026-06-16T23:38:29.115+0000] {processor.py:161} INFO - Started process (PID=2729) to work on /home/airflow/.local/lib/python3.12/site-packages/airflow/example_dags/example_short_circuit_decorator.py
[2026-06-16T23:38:29.117+0000] {processor.py:830} INFO - Processing file /home/airflow/.local/lib/python3.12/site-packages/airflow/example_dags/example_short_circuit_decorator.py for tasks to queue
[2026-06-16T23:38:29.121+0000] {logging_mixin.py:188} INFO - [2026-06-16T23:38:29.121+0000] {dagbag.py:545} INFO - Filling up the DagBag from /home/airflow/.local/lib/python3.12/site-packages/airflow/example_dags/example_short_circuit_decorator.py
[2026-06-16T23:38:29.142+0000] {processor.py:840} INFO - DAG(s) 'example_short_circuit_decorator' retrieved from /home/airflow/.local/lib/python3.12/site-packages/airflow/example_dags/example_short_circuit_decorator.py
[2026-06-16T23:38:29.172+0000] {logging_mixin.py:188} INFO - [2026-06-16T23:38:29.171+0000] {dag.py:3089} INFO - Sync 1 DAGs
[2026-06-16T23:38:29.199+0000] {logging_mixin.py:188} INFO - [2026-06-16T23:38:29.199+0000] {dag.py:3947} INFO - Setting next_dagrun for example_short_circuit_decorator to 2026-06-15 00:00:00+00:00, run_after=2026-06-16 00:00:00+00:00
[2026-06-16T23:38:29.218+0000] {processor.py:183} INFO - Processing /home/airflow/.local/lib/python3.12/site-packages/airflow/example_dags/example_short_circuit_decorator.py took 0.120 seconds
[2026-06-16T23:38:59.744+0000] {processor.py:161} INFO - Started process (PID=2787) to work on /home/airflow/.local/lib/python3.12/site-packages/airflow/example_dags/example_short_circuit_decorator.py
[2026-06-16T23:38:59.745+0000] {processor.py:830} INFO - Processing file /home/airflow/.local/lib/python3.12/site-packages/airflow/example_dags/example_short_circuit_decorator.py for tasks to queue
[2026-06-16T23:38:59.747+0000] {logging_mixin.py:188} INFO - [2026-06-16T23:38:59.747+0000] {dagbag.py:545} INFO - Filling up the DagBag from /home/airflow/.local/lib/python3.12/site-packages/airflow/example_dags/example_short_circuit_decorator.py
[2026-06-16T23:38:59.758+0000] {processor.py:840} INFO - DAG(s) 'example_short_circuit_decorator' retrieved from /home/airflow/.local/lib/python3.12/site-packages/airflow/example_dags/example_short_circuit_decorator.py
[2026-06-16T23:38:59.788+0000] {logging_mixin.py:188} INFO - [2026-06-16T23:38:59.788+0000] {dag.py:3089} INFO - Sync 1 DAGs
[2026-06-16T23:38:59.815+0000] {logging_mixin.py:188} INFO - [2026-06-16T23:38:59.814+0000] {dag.py:3947} INFO - Setting next_dagrun for example_short_circuit_decorator to 2026-06-15 00:00:00+00:00, run_after=2026-06-16 00:00:00+00:00
[2026-06-16T23:38:59.835+0000] {processor.py:183} INFO - Processing /home/airflow/.local/lib/python3.12/site-packages/airflow/example_dags/example_short_circuit_decorator.py took 0.098 seconds
[2026-06-16T23:39:30.024+0000] {processor.py:161} INFO - Started process (PID=2845) to work on /home/airflow/.local/lib/python3.12/site-packages/airflow/example_dags/example_short_circuit_decorator.py
[2026-06-16T23:39:30.025+0000] {processor.py:830} INFO - Processing file /home/airflow/.local/lib/python3.12/site-packages/airflow/example_dags/example_short_circuit_decorator.py for tasks to queue
[2026-06-16T23:39:30.027+0000] {logging_mixin.py:188} INFO - [2026-06-16T23:39:30.027+0000] {dagbag.py:545} INFO - Filling up the DagBag from /home/airflow/.local/lib/python3.12/site-packages/airflow/example_dags/example_short_circuit_decorator.py
[2026-06-16T23:39:30.038+0000] {processor.py:840} INFO - DAG(s) 'example_short_circuit_decorator' retrieved from /home/airflow/.local/lib/python3.12/site-packages/airflow/example_dags/example_short_circuit_decorator.py
[2026-06-16T23:39:30.070+0000] {logging_mixin.py:188} INFO - [2026-06-16T23:39:30.070+0000] {dag.py:3089} INFO - Sync 1 DAGs
[2026-06-16T23:39:30.097+0000] {logging_mixin.py:188} INFO - [2026-06-16T23:39:30.096+0000] {dag.py:3947} INFO - Setting next_dagrun for example_short_circuit_decorator to 2026-06-15 00:00:00+00:00, run_after=2026-06-16 00:00:00+00:00
[2026-06-16T23:39:30.117+0000] {processor.py:183} INFO - Processing /home/airflow/.local/lib/python3.12/site-packages/airflow/example_dags/example_short_circuit_decorator.py took 0.100 seconds
[2026-06-16T23:40:00.285+0000] {processor.py:161} INFO - Started process (PID=2903) to work on /home/airflow/.local/lib/python3.12/site-packages/airflow/example_dags/example_short_circuit_decorator.py
[2026-06-16T23:40:00.287+0000] {processor.py:830} INFO - Processing file /home/airflow/.local/lib/python3.12/site-packages/airflow/example_dags/example_short_circuit_decorator.py for tasks to queue
[2026-06-16T23:40:00.289+0000] {logging_mixin.py:188} INFO - [2026-06-16T23:40:00.288+0000] {dagbag.py:545} INFO - Filling up the DagBag from /home/airflow/.local/lib/python3.12/site-packages/airflow/example_dags/example_short_circuit_decorator.py
[2026-06-16T23:40:00.300+0000] {processor.py:840} INFO - DAG(s) 'example_short_circuit_decorator' retrieved from /home/airflow/.local/lib/python3.12/site-packages/airflow/example_dags/example_short_circuit_decorator.py
[2026-06-16T23:40:00.330+0000] {logging_mixin.py:188} INFO - [2026-06-16T23:40:00.330+0000] {dag.py:3089} INFO - Sync 1 DAGs
[2026-06-16T23:40:00.357+0000] {logging_mixin.py:188} INFO - [2026-06-16T23:40:00.357+0000] {dag.py:3947} INFO - Setting next_dagrun for example_short_circuit_decorator to 2026-06-15 00:00:00+00:00, run_after=2026-06-16 00:00:00+00:00
[2026-06-16T23:40:00.376+0000] {processor.py:183} INFO - Processing /home/airflow/.local/lib/python3.12/site-packages/airflow/example_dags/example_short_circuit_decorator.py took 0.098 seconds
[2026-06-16T23:40:30.626+0000] {processor.py:161} INFO - Started process (PID=2960) to work on /home/airflow/.local/lib/python3.12/site-packages/airflow/example_dags/example_short_circuit_decorator.py
[2026-06-16T23:40:30.627+0000] {processor.py:830} INFO - Processing file /home/airflow/.local/lib/python3.12/site-packages/airflow/example_dags/example_short_circuit_decorator.py for tasks to queue
[2026-06-16T23:40:30.629+0000] {logging_mixin.py:188} INFO - [2026-06-16T23:40:30.628+0000] {dagbag.py:545} INFO - Filling up the DagBag from /home/airflow/.local/lib/python3.12/site-packages/airflow/example_dags/example_short_circuit_decorator.py
[2026-06-16T23:40:30.639+0000] {processor.py:840} INFO - DAG(s) 'example_short_circuit_decorator' retrieved from /home/airflow/.local/lib/python3.12/site-packages/airflow/example_dags/example_short_circuit_decorator.py
[2026-06-16T23:40:30.672+0000] {logging_mixin.py:188} INFO - [2026-06-16T23:40:30.671+0000] {dag.py:3089} INFO - Sync 1 DAGs
[2026-06-16T23:40:30.699+0000] {logging_mixin.py:188} INFO - [2026-06-16T23:40:30.699+0000] {dag.py:3947} INFO - Setting next_dagrun for example_short_circuit_decorator to 2026-06-15 00:00:00+00:00, run_after=2026-06-16 00:00:00+00:00
[2026-06-16T23:40:30.736+0000] {processor.py:183} INFO - Processing /home/airflow/.local/lib/python3.12/site-packages/airflow/example_dags/example_short_circuit_decorator.py took 0.118 seconds
[2026-06-16T23:41:01.130+0000] {processor.py:161} INFO - Started process (PID=3018) to work on /home/airflow/.local/lib/python3.12/site-packages/airflow/example_dags/example_short_circuit_decorator.py
[2026-06-16T23:41:01.131+0000] {processor.py:830} INFO - Processing file /home/airflow/.local/lib/python3.12/site-packages/airflow/example_dags/example_short_circuit_decorator.py for tasks to queue
[2026-06-16T23:41:01.133+0000] {logging_mixin.py:188} INFO - [2026-06-16T23:41:01.133+0000] {dagbag.py:545} INFO - Filling up the DagBag from /home/airflow/.local/lib/python3.12/site-packages/airflow/example_dags/example_short_circuit_decorator.py
[2026-06-16T23:41:01.147+0000] {processor.py:840} INFO - DAG(s) 'example_short_circuit_decorator' retrieved from /home/airflow/.local/lib/python3.12/site-packages/airflow/example_dags/example_short_circuit_decorator.py
[2026-06-16T23:41:01.179+0000] {logging_mixin.py:188} INFO - [2026-06-16T23:41:01.179+0000] {dag.py:3089} INFO - Sync 1 DAGs
[2026-06-16T23:41:01.208+0000] {logging_mixin.py:188} INFO - [2026-06-16T23:41:01.207+0000] {dag.py:3947} INFO - Setting next_dagrun for example_short_circuit_decorator to 2026-06-15 00:00:00+00:00, run_after=2026-06-16 00:00:00+00:00
[2026-06-16T23:41:01.230+0000] {processor.py:183} INFO - Processing /home/airflow/.local/lib/python3.12/site-packages/airflow/example_dags/example_short_circuit_decorator.py took 0.107 seconds
[2026-06-16T23:41:31.570+0000] {processor.py:161} INFO - Started process (PID=3075) to work on /home/airflow/.local/lib/python3.12/site-packages/airflow/example_dags/example_short_circuit_decorator.py
[2026-06-16T23:41:31.571+0000] {processor.py:830} INFO - Processing file /home/airflow/.local/lib/python3.12/site-packages/airflow/example_dags/example_short_circuit_decorator.py for tasks to queue
[2026-06-16T23:41:31.573+0000] {logging_mixin.py:188} INFO - [2026-06-16T23:41:31.573+0000] {dagbag.py:545} INFO - Filling up the DagBag from /home/airflow/.local/lib/python3.12/site-packages/airflow/example_dags/example_short_circuit_decorator.py
[2026-06-16T23:41:31.584+0000] {processor.py:840} INFO - DAG(s) 'example_short_circuit_decorator' retrieved from /home/airflow/.local/lib/python3.12/site-packages/airflow/example_dags/example_short_circuit_decorator.py
[2026-06-16T23:41:31.616+0000] {logging_mixin.py:188} INFO - [2026-06-16T23:41:31.616+0000] {dag.py:3089} INFO - Sync 1 DAGs
[2026-06-16T23:41:31.645+0000] {logging_mixin.py:188} INFO - [2026-06-16T23:41:31.645+0000] {dag.py:3947} INFO - Setting next_dagrun for example_short_circuit_decorator to 2026-06-15 00:00:00+00:00, run_after=2026-06-16 00:00:00+00:00
[2026-06-16T23:41:31.666+0000] {processor.py:183} INFO - Processing /home/airflow/.local/lib/python3.12/site-packages/airflow/example_dags/example_short_circuit_decorator.py took 0.103 seconds
[2026-06-16T23:42:02.021+0000] {processor.py:161} INFO - Started process (PID=3133) to work on /home/airflow/.local/lib/python3.12/site-packages/airflow/example_dags/example_short_circuit_decorator.py
[2026-06-16T23:42:02.024+0000] {processor.py:830} INFO - Processing file /home/airflow/.local/lib/python3.12/site-packages/airflow/example_dags/example_short_circuit_decorator.py for tasks to queue
[2026-06-16T23:42:02.027+0000] {logging_mixin.py:188} INFO - [2026-06-16T23:42:02.027+0000] {dagbag.py:545} INFO - Filling up the DagBag from /home/airflow/.local/lib/python3.12/site-packages/airflow/example_dags/example_short_circuit_decorator.py
[2026-06-16T23:42:02.045+0000] {processor.py:840} INFO - DAG(s) 'example_short_circuit_decorator' retrieved from /home/airflow/.local/lib/python3.12/site-packages/airflow/example_dags/example_short_circuit_decorator.py
[2026-06-16T23:42:02.083+0000] {logging_mixin.py:188} INFO - [2026-06-16T23:42:02.083+0000] {dag.py:3089} INFO - Sync 1 DAGs
[2026-06-16T23:42:02.111+0000] {logging_mixin.py:188} INFO - [2026-06-16T23:42:02.111+0000] {dag.py:3947} INFO - Setting next_dagrun for example_short_circuit_decorator to 2026-06-15 00:00:00+00:00, run_after=2026-06-16 00:00:00+00:00
[2026-06-16T23:42:02.145+0000] {processor.py:183} INFO - Processing /home/airflow/.local/lib/python3.12/site-packages/airflow/example_dags/example_short_circuit_decorator.py took 0.138 seconds
[2026-06-16T23:42:32.400+0000] {processor.py:161} INFO - Started process (PID=3191) to work on /home/airflow/.local/lib/python3.12/site-packages/airflow/example_dags/example_short_circuit_decorator.py
[2026-06-16T23:42:32.403+0000] {processor.py:830} INFO - Processing file /home/airflow/.local/lib/python3.12/site-packages/airflow/example_dags/example_short_circuit_decorator.py for tasks to queue
[2026-06-16T23:42:32.407+0000] {logging_mixin.py:188} INFO - [2026-06-16T23:42:32.407+0000] {dagbag.py:545} INFO - Filling up the DagBag from /home/airflow/.local/lib/python3.12/site-packages/airflow/example_dags/example_short_circuit_decorator.py
[2026-06-16T23:42:32.439+0000] {processor.py:840} INFO - DAG(s) 'example_short_circuit_decorator' retrieved from /home/airflow/.local/lib/python3.12/site-packages/airflow/example_dags/example_short_circuit_decorator.py
[2026-06-16T23:42:32.509+0000] {logging_mixin.py:188} INFO - [2026-06-16T23:42:32.509+0000] {dag.py:3089} INFO - Sync 1 DAGs
[2026-06-16T23:42:32.588+0000] {logging_mixin.py:188} INFO - [2026-06-16T23:42:32.579+0000] {dag.py:3947} INFO - Setting next_dagrun for example_short_circuit_decorator to 2026-06-15 00:00:00+00:00, run_after=2026-06-16 00:00:00+00:00
[2026-06-16T23:42:32.648+0000] {processor.py:183} INFO - Processing /home/airflow/.local/lib/python3.12/site-packages/airflow/example_dags/example_short_circuit_decorator.py took 0.274 seconds
[2026-06-16T23:43:02.889+0000] {processor.py:161} INFO - Started process (PID=3248) to work on /home/airflow/.local/lib/python3.12/site-packages/airflow/example_dags/example_short_circuit_decorator.py
[2026-06-16T23:43:02.890+0000] {processor.py:830} INFO - Processing file /home/airflow/.local/lib/python3.12/site-packages/airflow/example_dags/example_short_circuit_decorator.py for tasks to queue
[2026-06-16T23:43:02.892+0000] {logging_mixin.py:188} INFO - [2026-06-16T23:43:02.892+0000] {dagbag.py:545} INFO - Filling up the DagBag from /home/airflow/.local/lib/python3.12/site-packages/airflow/example_dags/example_short_circuit_decorator.py
[2026-06-16T23:43:02.904+0000] {processor.py:840} INFO - DAG(s) 'example_short_circuit_decorator' retrieved from /home/airflow/.local/lib/python3.12/site-packages/airflow/example_dags/example_short_circuit_decorator.py
[2026-06-16T23:43:03.019+0000] {logging_mixin.py:188} INFO - [2026-06-16T23:43:03.019+0000] {dag.py:3089} INFO - Sync 1 DAGs
[2026-06-16T23:43:03.119+0000] {logging_mixin.py:188} INFO - [2026-06-16T23:43:03.118+0000] {dag.py:3947} INFO - Setting next_dagrun for example_short_circuit_decorator to 2026-06-15 00:00:00+00:00, run_after=2026-06-16 00:00:00+00:00
[2026-06-16T23:43:03.139+0000] {processor.py:183} INFO - Processing /home/airflow/.local/lib/python3.12/site-packages/airflow/example_dags/example_short_circuit_decorator.py took 0.289 seconds
[2026-06-16T23:43:34.068+0000] {processor.py:161} INFO - Started process (PID=3306) to work on /home/airflow/.local/lib/python3.12/site-packages/airflow/example_dags/example_short_circuit_decorator.py
[2026-06-16T23:43:34.071+0000] {processor.py:830} INFO - Processing file /home/airflow/.local/lib/python3.12/site-packages/airflow/example_dags/example_short_circuit_decorator.py for tasks to queue
[2026-06-16T23:43:34.076+0000] {logging_mixin.py:188} INFO - [2026-06-16T23:43:34.076+0000] {dagbag.py:545} INFO - Filling up the DagBag from /home/airflow/.local/lib/python3.12/site-packages/airflow/example_dags/example_short_circuit_decorator.py
[2026-06-16T23:43:34.097+0000] {processor.py:840} INFO - DAG(s) 'example_short_circuit_decorator' retrieved from /home/airflow/.local/lib/python3.12/site-packages/airflow/example_dags/example_short_circuit_decorator.py
[2026-06-16T23:43:34.175+0000] {logging_mixin.py:188} INFO - [2026-06-16T23:43:34.174+0000] {dag.py:3089} INFO - Sync 1 DAGs
[2026-06-16T23:43:34.234+0000] {logging_mixin.py:188} INFO - [2026-06-16T23:43:34.234+0000] {dag.py:3947} INFO - Setting next_dagrun for example_short_circuit_decorator to 2026-06-15 00:00:00+00:00, run_after=2026-06-16 00:00:00+00:00
[2026-06-16T23:43:34.282+0000] {processor.py:183} INFO - Processing /home/airflow/.local/lib/python3.12/site-packages/airflow/example_dags/example_short_circuit_decorator.py took 0.238 seconds
[2026-06-16T23:44:04.369+0000] {processor.py:161} INFO - Started process (PID=3364) to work on /home/airflow/.local/lib/python3.12/site-packages/airflow/example_dags/example_short_circuit_decorator.py
[2026-06-16T23:44:04.373+0000] {processor.py:830} INFO - Processing file /home/airflow/.local/lib/python3.12/site-packages/airflow/example_dags/example_short_circuit_decorator.py for tasks to queue
[2026-06-16T23:44:04.383+0000] {logging_mixin.py:188} INFO - [2026-06-16T23:44:04.382+0000] {dagbag.py:545} INFO - Filling up the DagBag from /home/airflow/.local/lib/python3.12/site-packages/airflow/example_dags/example_short_circuit_decorator.py
[2026-06-16T23:44:04.421+0000] {processor.py:840} INFO - DAG(s) 'example_short_circuit_decorator' retrieved from /home/airflow/.local/lib/python3.12/site-packages/airflow/example_dags/example_short_circuit_decorator.py
[2026-06-16T23:44:04.491+0000] {logging_mixin.py:188} INFO - [2026-06-16T23:44:04.491+0000] {dag.py:3089} INFO - Sync 1 DAGs
[2026-06-16T23:44:04.570+0000] {logging_mixin.py:188} INFO - [2026-06-16T23:44:04.568+0000] {dag.py:3947} INFO - Setting next_dagrun for example_short_circuit_decorator to 2026-06-15 00:00:00+00:00, run_after=2026-06-16 00:00:00+00:00
[2026-06-16T23:44:04.635+0000] {processor.py:183} INFO - Processing /home/airflow/.local/lib/python3.12/site-packages/airflow/example_dags/example_short_circuit_decorator.py took 0.281 seconds
