[2026-06-16T23:15:15.085+0000] {processor.py:161} INFO - Started process (PID=99) to work on /home/airflow/.local/lib/python3.12/site-packages/airflow/example_dags/example_task_group_decorator.py
[2026-06-16T23:15:15.094+0000] {processor.py:830} INFO - Processing file /home/airflow/.local/lib/python3.12/site-packages/airflow/example_dags/example_task_group_decorator.py for tasks to queue
[2026-06-16T23:15:15.110+0000] {logging_mixin.py:188} INFO - [2026-06-16T23:15:15.110+0000] {dagbag.py:545} INFO - Filling up the DagBag from /home/airflow/.local/lib/python3.12/site-packages/airflow/example_dags/example_task_group_decorator.py
[2026-06-16T23:15:15.189+0000] {processor.py:840} INFO - DAG(s) 'example_task_group_decorator' retrieved from /home/airflow/.local/lib/python3.12/site-packages/airflow/example_dags/example_task_group_decorator.py
[2026-06-16T23:15:15.326+0000] {logging_mixin.py:188} INFO - [2026-06-16T23:15:15.326+0000] {dag.py:3089} INFO - Sync 1 DAGs
[2026-06-16T23:15:15.481+0000] {logging_mixin.py:188} INFO - [2026-06-16T23:15:15.472+0000] {dag.py:3947} INFO - Setting next_dagrun for example_task_group_decorator to 2026-06-15 00:00:00+00:00, run_after=2026-06-16 00:00:00+00:00
[2026-06-16T23:15:15.612+0000] {processor.py:183} INFO - Processing /home/airflow/.local/lib/python3.12/site-packages/airflow/example_dags/example_task_group_decorator.py took 0.555 seconds
[2026-06-16T23:15:46.606+0000] {processor.py:161} INFO - Started process (PID=157) to work on /home/airflow/.local/lib/python3.12/site-packages/airflow/example_dags/example_task_group_decorator.py
[2026-06-16T23:15:46.607+0000] {processor.py:830} INFO - Processing file /home/airflow/.local/lib/python3.12/site-packages/airflow/example_dags/example_task_group_decorator.py for tasks to queue
[2026-06-16T23:15:46.613+0000] {logging_mixin.py:188} INFO - [2026-06-16T23:15:46.609+0000] {dagbag.py:545} INFO - Filling up the DagBag from /home/airflow/.local/lib/python3.12/site-packages/airflow/example_dags/example_task_group_decorator.py
[2026-06-16T23:15:46.635+0000] {processor.py:840} INFO - DAG(s) 'example_task_group_decorator' retrieved from /home/airflow/.local/lib/python3.12/site-packages/airflow/example_dags/example_task_group_decorator.py
[2026-06-16T23:15:46.666+0000] {logging_mixin.py:188} INFO - [2026-06-16T23:15:46.666+0000] {dag.py:3089} INFO - Sync 1 DAGs
[2026-06-16T23:15:46.695+0000] {logging_mixin.py:188} INFO - [2026-06-16T23:15:46.695+0000] {dag.py:3947} INFO - Setting next_dagrun for example_task_group_decorator to 2026-06-15 00:00:00+00:00, run_after=2026-06-16 00:00:00+00:00
[2026-06-16T23:15:46.714+0000] {processor.py:183} INFO - Processing /home/airflow/.local/lib/python3.12/site-packages/airflow/example_dags/example_task_group_decorator.py took 0.115 seconds
[2026-06-16T23:16:16.807+0000] {processor.py:161} INFO - Started process (PID=215) to work on /home/airflow/.local/lib/python3.12/site-packages/airflow/example_dags/example_task_group_decorator.py
[2026-06-16T23:16:16.808+0000] {processor.py:830} INFO - Processing file /home/airflow/.local/lib/python3.12/site-packages/airflow/example_dags/example_task_group_decorator.py for tasks to queue
[2026-06-16T23:16:16.811+0000] {logging_mixin.py:188} INFO - [2026-06-16T23:16:16.810+0000] {dagbag.py:545} INFO - Filling up the DagBag from /home/airflow/.local/lib/python3.12/site-packages/airflow/example_dags/example_task_group_decorator.py
[2026-06-16T23:16:16.829+0000] {processor.py:840} INFO - DAG(s) 'example_task_group_decorator' retrieved from /home/airflow/.local/lib/python3.12/site-packages/airflow/example_dags/example_task_group_decorator.py
[2026-06-16T23:16:16.861+0000] {logging_mixin.py:188} INFO - [2026-06-16T23:16:16.861+0000] {dag.py:3089} INFO - Sync 1 DAGs
[2026-06-16T23:16:16.889+0000] {logging_mixin.py:188} INFO - [2026-06-16T23:16:16.889+0000] {dag.py:3947} INFO - Setting next_dagrun for example_task_group_decorator to 2026-06-15 00:00:00+00:00, run_after=2026-06-16 00:00:00+00:00
[2026-06-16T23:16:16.911+0000] {processor.py:183} INFO - Processing /home/airflow/.local/lib/python3.12/site-packages/airflow/example_dags/example_task_group_decorator.py took 0.110 seconds
[2026-06-16T23:16:46.991+0000] {processor.py:161} INFO - Started process (PID=273) to work on /home/airflow/.local/lib/python3.12/site-packages/airflow/example_dags/example_task_group_decorator.py
[2026-06-16T23:16:46.991+0000] {processor.py:830} INFO - Processing file /home/airflow/.local/lib/python3.12/site-packages/airflow/example_dags/example_task_group_decorator.py for tasks to queue
[2026-06-16T23:16:46.994+0000] {logging_mixin.py:188} INFO - [2026-06-16T23:16:46.993+0000] {dagbag.py:545} INFO - Filling up the DagBag from /home/airflow/.local/lib/python3.12/site-packages/airflow/example_dags/example_task_group_decorator.py
[2026-06-16T23:16:47.016+0000] {processor.py:840} INFO - DAG(s) 'example_task_group_decorator' retrieved from /home/airflow/.local/lib/python3.12/site-packages/airflow/example_dags/example_task_group_decorator.py
[2026-06-16T23:16:47.047+0000] {logging_mixin.py:188} INFO - [2026-06-16T23:16:47.047+0000] {dag.py:3089} INFO - Sync 1 DAGs
[2026-06-16T23:16:47.079+0000] {logging_mixin.py:188} INFO - [2026-06-16T23:16:47.079+0000] {dag.py:3947} INFO - Setting next_dagrun for example_task_group_decorator to 2026-06-15 00:00:00+00:00, run_after=2026-06-16 00:00:00+00:00
[2026-06-16T23:16:47.098+0000] {processor.py:183} INFO - Processing /home/airflow/.local/lib/python3.12/site-packages/airflow/example_dags/example_task_group_decorator.py took 0.114 seconds
[2026-06-16T23:17:17.419+0000] {processor.py:161} INFO - Started process (PID=331) to work on /home/airflow/.local/lib/python3.12/site-packages/airflow/example_dags/example_task_group_decorator.py
[2026-06-16T23:17:17.420+0000] {processor.py:830} INFO - Processing file /home/airflow/.local/lib/python3.12/site-packages/airflow/example_dags/example_task_group_decorator.py for tasks to queue
[2026-06-16T23:17:17.423+0000] {logging_mixin.py:188} INFO - [2026-06-16T23:17:17.422+0000] {dagbag.py:545} INFO - Filling up the DagBag from /home/airflow/.local/lib/python3.12/site-packages/airflow/example_dags/example_task_group_decorator.py
[2026-06-16T23:17:17.441+0000] {processor.py:840} INFO - DAG(s) 'example_task_group_decorator' retrieved from /home/airflow/.local/lib/python3.12/site-packages/airflow/example_dags/example_task_group_decorator.py
[2026-06-16T23:17:17.473+0000] {logging_mixin.py:188} INFO - [2026-06-16T23:17:17.473+0000] {dag.py:3089} INFO - Sync 1 DAGs
[2026-06-16T23:17:17.503+0000] {logging_mixin.py:188} INFO - [2026-06-16T23:17:17.503+0000] {dag.py:3947} INFO - Setting next_dagrun for example_task_group_decorator to 2026-06-15 00:00:00+00:00, run_after=2026-06-16 00:00:00+00:00
[2026-06-16T23:17:17.522+0000] {processor.py:183} INFO - Processing /home/airflow/.local/lib/python3.12/site-packages/airflow/example_dags/example_task_group_decorator.py took 0.110 seconds
[2026-06-16T23:17:48.012+0000] {processor.py:161} INFO - Started process (PID=389) to work on /home/airflow/.local/lib/python3.12/site-packages/airflow/example_dags/example_task_group_decorator.py
[2026-06-16T23:17:48.013+0000] {processor.py:830} INFO - Processing file /home/airflow/.local/lib/python3.12/site-packages/airflow/example_dags/example_task_group_decorator.py for tasks to queue
[2026-06-16T23:17:48.015+0000] {logging_mixin.py:188} INFO - [2026-06-16T23:17:48.014+0000] {dagbag.py:545} INFO - Filling up the DagBag from /home/airflow/.local/lib/python3.12/site-packages/airflow/example_dags/example_task_group_decorator.py
[2026-06-16T23:17:48.033+0000] {processor.py:840} INFO - DAG(s) 'example_task_group_decorator' retrieved from /home/airflow/.local/lib/python3.12/site-packages/airflow/example_dags/example_task_group_decorator.py
[2026-06-16T23:17:48.062+0000] {logging_mixin.py:188} INFO - [2026-06-16T23:17:48.062+0000] {dag.py:3089} INFO - Sync 1 DAGs
[2026-06-16T23:17:48.092+0000] {logging_mixin.py:188} INFO - [2026-06-16T23:17:48.092+0000] {dag.py:3947} INFO - Setting next_dagrun for example_task_group_decorator to 2026-06-15 00:00:00+00:00, run_after=2026-06-16 00:00:00+00:00
[2026-06-16T23:17:48.110+0000] {processor.py:183} INFO - Processing /home/airflow/.local/lib/python3.12/site-packages/airflow/example_dags/example_task_group_decorator.py took 0.105 seconds
[2026-06-16T23:18:19.024+0000] {processor.py:161} INFO - Started process (PID=447) to work on /home/airflow/.local/lib/python3.12/site-packages/airflow/example_dags/example_task_group_decorator.py
[2026-06-16T23:18:19.025+0000] {processor.py:830} INFO - Processing file /home/airflow/.local/lib/python3.12/site-packages/airflow/example_dags/example_task_group_decorator.py for tasks to queue
[2026-06-16T23:18:19.027+0000] {logging_mixin.py:188} INFO - [2026-06-16T23:18:19.026+0000] {dagbag.py:545} INFO - Filling up the DagBag from /home/airflow/.local/lib/python3.12/site-packages/airflow/example_dags/example_task_group_decorator.py
[2026-06-16T23:18:19.044+0000] {processor.py:840} INFO - DAG(s) 'example_task_group_decorator' retrieved from /home/airflow/.local/lib/python3.12/site-packages/airflow/example_dags/example_task_group_decorator.py
[2026-06-16T23:18:19.078+0000] {logging_mixin.py:188} INFO - [2026-06-16T23:18:19.077+0000] {dag.py:3089} INFO - Sync 1 DAGs
[2026-06-16T23:18:19.103+0000] {logging_mixin.py:188} INFO - [2026-06-16T23:18:19.103+0000] {dag.py:3947} INFO - Setting next_dagrun for example_task_group_decorator to 2026-06-15 00:00:00+00:00, run_after=2026-06-16 00:00:00+00:00
[2026-06-16T23:18:19.122+0000] {processor.py:183} INFO - Processing /home/airflow/.local/lib/python3.12/site-packages/airflow/example_dags/example_task_group_decorator.py took 0.105 seconds
[2026-06-16T23:18:49.554+0000] {processor.py:161} INFO - Started process (PID=505) to work on /home/airflow/.local/lib/python3.12/site-packages/airflow/example_dags/example_task_group_decorator.py
[2026-06-16T23:18:49.554+0000] {processor.py:830} INFO - Processing file /home/airflow/.local/lib/python3.12/site-packages/airflow/example_dags/example_task_group_decorator.py for tasks to queue
[2026-06-16T23:18:49.556+0000] {logging_mixin.py:188} INFO - [2026-06-16T23:18:49.556+0000] {dagbag.py:545} INFO - Filling up the DagBag from /home/airflow/.local/lib/python3.12/site-packages/airflow/example_dags/example_task_group_decorator.py
[2026-06-16T23:18:49.574+0000] {processor.py:840} INFO - DAG(s) 'example_task_group_decorator' retrieved from /home/airflow/.local/lib/python3.12/site-packages/airflow/example_dags/example_task_group_decorator.py
[2026-06-16T23:18:49.605+0000] {logging_mixin.py:188} INFO - [2026-06-16T23:18:49.605+0000] {dag.py:3089} INFO - Sync 1 DAGs
[2026-06-16T23:18:49.634+0000] {logging_mixin.py:188} INFO - [2026-06-16T23:18:49.634+0000] {dag.py:3947} INFO - Setting next_dagrun for example_task_group_decorator to 2026-06-15 00:00:00+00:00, run_after=2026-06-16 00:00:00+00:00
[2026-06-16T23:18:49.653+0000] {processor.py:183} INFO - Processing /home/airflow/.local/lib/python3.12/site-packages/airflow/example_dags/example_task_group_decorator.py took 0.106 seconds
[2026-06-16T23:19:20.085+0000] {processor.py:161} INFO - Started process (PID=563) to work on /home/airflow/.local/lib/python3.12/site-packages/airflow/example_dags/example_task_group_decorator.py
[2026-06-16T23:19:20.090+0000] {processor.py:830} INFO - Processing file /home/airflow/.local/lib/python3.12/site-packages/airflow/example_dags/example_task_group_decorator.py for tasks to queue
[2026-06-16T23:19:20.096+0000] {logging_mixin.py:188} INFO - [2026-06-16T23:19:20.091+0000] {dagbag.py:545} INFO - Filling up the DagBag from /home/airflow/.local/lib/python3.12/site-packages/airflow/example_dags/example_task_group_decorator.py
[2026-06-16T23:19:20.162+0000] {processor.py:840} INFO - DAG(s) 'example_task_group_decorator' retrieved from /home/airflow/.local/lib/python3.12/site-packages/airflow/example_dags/example_task_group_decorator.py
[2026-06-16T23:19:20.300+0000] {logging_mixin.py:188} INFO - [2026-06-16T23:19:20.300+0000] {dag.py:3089} INFO - Sync 1 DAGs
[2026-06-16T23:19:20.391+0000] {logging_mixin.py:188} INFO - [2026-06-16T23:19:20.391+0000] {dag.py:3947} INFO - Setting next_dagrun for example_task_group_decorator to 2026-06-15 00:00:00+00:00, run_after=2026-06-16 00:00:00+00:00
[2026-06-16T23:19:20.453+0000] {processor.py:183} INFO - Processing /home/airflow/.local/lib/python3.12/site-packages/airflow/example_dags/example_task_group_decorator.py took 0.386 seconds
[2026-06-16T23:19:51.282+0000] {processor.py:161} INFO - Started process (PID=621) to work on /home/airflow/.local/lib/python3.12/site-packages/airflow/example_dags/example_task_group_decorator.py
[2026-06-16T23:19:51.282+0000] {processor.py:830} INFO - Processing file /home/airflow/.local/lib/python3.12/site-packages/airflow/example_dags/example_task_group_decorator.py for tasks to queue
[2026-06-16T23:19:51.285+0000] {logging_mixin.py:188} INFO - [2026-06-16T23:19:51.284+0000] {dagbag.py:545} INFO - Filling up the DagBag from /home/airflow/.local/lib/python3.12/site-packages/airflow/example_dags/example_task_group_decorator.py
[2026-06-16T23:19:51.303+0000] {processor.py:840} INFO - DAG(s) 'example_task_group_decorator' retrieved from /home/airflow/.local/lib/python3.12/site-packages/airflow/example_dags/example_task_group_decorator.py
[2026-06-16T23:19:51.336+0000] {logging_mixin.py:188} INFO - [2026-06-16T23:19:51.336+0000] {dag.py:3089} INFO - Sync 1 DAGs
[2026-06-16T23:19:51.378+0000] {logging_mixin.py:188} INFO - [2026-06-16T23:19:51.378+0000] {dag.py:3947} INFO - Setting next_dagrun for example_task_group_decorator to 2026-06-15 00:00:00+00:00, run_after=2026-06-16 00:00:00+00:00
[2026-06-16T23:19:51.396+0000] {processor.py:183} INFO - Processing /home/airflow/.local/lib/python3.12/site-packages/airflow/example_dags/example_task_group_decorator.py took 0.121 seconds
[2026-06-16T23:20:21.506+0000] {processor.py:161} INFO - Started process (PID=679) to work on /home/airflow/.local/lib/python3.12/site-packages/airflow/example_dags/example_task_group_decorator.py
[2026-06-16T23:20:21.507+0000] {processor.py:830} INFO - Processing file /home/airflow/.local/lib/python3.12/site-packages/airflow/example_dags/example_task_group_decorator.py for tasks to queue
[2026-06-16T23:20:21.509+0000] {logging_mixin.py:188} INFO - [2026-06-16T23:20:21.509+0000] {dagbag.py:545} INFO - Filling up the DagBag from /home/airflow/.local/lib/python3.12/site-packages/airflow/example_dags/example_task_group_decorator.py
[2026-06-16T23:20:21.526+0000] {processor.py:840} INFO - DAG(s) 'example_task_group_decorator' retrieved from /home/airflow/.local/lib/python3.12/site-packages/airflow/example_dags/example_task_group_decorator.py
[2026-06-16T23:20:21.560+0000] {logging_mixin.py:188} INFO - [2026-06-16T23:20:21.560+0000] {dag.py:3089} INFO - Sync 1 DAGs
[2026-06-16T23:20:21.585+0000] {logging_mixin.py:188} INFO - [2026-06-16T23:20:21.585+0000] {dag.py:3947} INFO - Setting next_dagrun for example_task_group_decorator to 2026-06-15 00:00:00+00:00, run_after=2026-06-16 00:00:00+00:00
[2026-06-16T23:20:21.605+0000] {processor.py:183} INFO - Processing /home/airflow/.local/lib/python3.12/site-packages/airflow/example_dags/example_task_group_decorator.py took 0.106 seconds
[2026-06-16T23:20:51.735+0000] {processor.py:161} INFO - Started process (PID=736) to work on /home/airflow/.local/lib/python3.12/site-packages/airflow/example_dags/example_task_group_decorator.py
[2026-06-16T23:20:51.736+0000] {processor.py:830} INFO - Processing file /home/airflow/.local/lib/python3.12/site-packages/airflow/example_dags/example_task_group_decorator.py for tasks to queue
[2026-06-16T23:20:51.738+0000] {logging_mixin.py:188} INFO - [2026-06-16T23:20:51.737+0000] {dagbag.py:545} INFO - Filling up the DagBag from /home/airflow/.local/lib/python3.12/site-packages/airflow/example_dags/example_task_group_decorator.py
[2026-06-16T23:20:51.755+0000] {processor.py:840} INFO - DAG(s) 'example_task_group_decorator' retrieved from /home/airflow/.local/lib/python3.12/site-packages/airflow/example_dags/example_task_group_decorator.py
[2026-06-16T23:20:51.789+0000] {logging_mixin.py:188} INFO - [2026-06-16T23:20:51.789+0000] {dag.py:3089} INFO - Sync 1 DAGs
[2026-06-16T23:20:51.816+0000] {logging_mixin.py:188} INFO - [2026-06-16T23:20:51.815+0000] {dag.py:3947} INFO - Setting next_dagrun for example_task_group_decorator to 2026-06-15 00:00:00+00:00, run_after=2026-06-16 00:00:00+00:00
[2026-06-16T23:20:51.840+0000] {processor.py:183} INFO - Processing /home/airflow/.local/lib/python3.12/site-packages/airflow/example_dags/example_task_group_decorator.py took 0.112 seconds
[2026-06-16T23:21:22.188+0000] {processor.py:161} INFO - Started process (PID=794) to work on /home/airflow/.local/lib/python3.12/site-packages/airflow/example_dags/example_task_group_decorator.py
[2026-06-16T23:21:22.189+0000] {processor.py:830} INFO - Processing file /home/airflow/.local/lib/python3.12/site-packages/airflow/example_dags/example_task_group_decorator.py for tasks to queue
[2026-06-16T23:21:22.191+0000] {logging_mixin.py:188} INFO - [2026-06-16T23:21:22.190+0000] {dagbag.py:545} INFO - Filling up the DagBag from /home/airflow/.local/lib/python3.12/site-packages/airflow/example_dags/example_task_group_decorator.py
[2026-06-16T23:21:22.210+0000] {processor.py:840} INFO - DAG(s) 'example_task_group_decorator' retrieved from /home/airflow/.local/lib/python3.12/site-packages/airflow/example_dags/example_task_group_decorator.py
[2026-06-16T23:21:22.245+0000] {logging_mixin.py:188} INFO - [2026-06-16T23:21:22.245+0000] {dag.py:3089} INFO - Sync 1 DAGs
[2026-06-16T23:21:22.271+0000] {logging_mixin.py:188} INFO - [2026-06-16T23:21:22.271+0000] {dag.py:3947} INFO - Setting next_dagrun for example_task_group_decorator to 2026-06-15 00:00:00+00:00, run_after=2026-06-16 00:00:00+00:00
[2026-06-16T23:21:22.292+0000] {processor.py:183} INFO - Processing /home/airflow/.local/lib/python3.12/site-packages/airflow/example_dags/example_task_group_decorator.py took 0.110 seconds
[2026-06-16T23:21:53.004+0000] {processor.py:161} INFO - Started process (PID=852) to work on /home/airflow/.local/lib/python3.12/site-packages/airflow/example_dags/example_task_group_decorator.py
[2026-06-16T23:21:53.005+0000] {processor.py:830} INFO - Processing file /home/airflow/.local/lib/python3.12/site-packages/airflow/example_dags/example_task_group_decorator.py for tasks to queue
[2026-06-16T23:21:53.007+0000] {logging_mixin.py:188} INFO - [2026-06-16T23:21:53.006+0000] {dagbag.py:545} INFO - Filling up the DagBag from /home/airflow/.local/lib/python3.12/site-packages/airflow/example_dags/example_task_group_decorator.py
[2026-06-16T23:21:53.025+0000] {processor.py:840} INFO - DAG(s) 'example_task_group_decorator' retrieved from /home/airflow/.local/lib/python3.12/site-packages/airflow/example_dags/example_task_group_decorator.py
[2026-06-16T23:21:53.058+0000] {logging_mixin.py:188} INFO - [2026-06-16T23:21:53.058+0000] {dag.py:3089} INFO - Sync 1 DAGs
[2026-06-16T23:21:53.091+0000] {logging_mixin.py:188} INFO - [2026-06-16T23:21:53.091+0000] {dag.py:3947} INFO - Setting next_dagrun for example_task_group_decorator to 2026-06-15 00:00:00+00:00, run_after=2026-06-16 00:00:00+00:00
[2026-06-16T23:21:53.111+0000] {processor.py:183} INFO - Processing /home/airflow/.local/lib/python3.12/site-packages/airflow/example_dags/example_task_group_decorator.py took 0.114 seconds
[2026-06-16T23:22:23.386+0000] {processor.py:161} INFO - Started process (PID=910) to work on /home/airflow/.local/lib/python3.12/site-packages/airflow/example_dags/example_task_group_decorator.py
[2026-06-16T23:22:23.388+0000] {processor.py:830} INFO - Processing file /home/airflow/.local/lib/python3.12/site-packages/airflow/example_dags/example_task_group_decorator.py for tasks to queue
[2026-06-16T23:22:23.390+0000] {logging_mixin.py:188} INFO - [2026-06-16T23:22:23.389+0000] {dagbag.py:545} INFO - Filling up the DagBag from /home/airflow/.local/lib/python3.12/site-packages/airflow/example_dags/example_task_group_decorator.py
[2026-06-16T23:22:23.408+0000] {processor.py:840} INFO - DAG(s) 'example_task_group_decorator' retrieved from /home/airflow/.local/lib/python3.12/site-packages/airflow/example_dags/example_task_group_decorator.py
[2026-06-16T23:22:23.446+0000] {logging_mixin.py:188} INFO - [2026-06-16T23:22:23.446+0000] {dag.py:3089} INFO - Sync 1 DAGs
[2026-06-16T23:22:23.474+0000] {logging_mixin.py:188} INFO - [2026-06-16T23:22:23.474+0000] {dag.py:3947} INFO - Setting next_dagrun for example_task_group_decorator to 2026-06-15 00:00:00+00:00, run_after=2026-06-16 00:00:00+00:00
[2026-06-16T23:22:23.497+0000] {processor.py:183} INFO - Processing /home/airflow/.local/lib/python3.12/site-packages/airflow/example_dags/example_task_group_decorator.py took 0.117 seconds
[2026-06-16T23:22:53.952+0000] {processor.py:161} INFO - Started process (PID=968) to work on /home/airflow/.local/lib/python3.12/site-packages/airflow/example_dags/example_task_group_decorator.py
[2026-06-16T23:22:53.952+0000] {processor.py:830} INFO - Processing file /home/airflow/.local/lib/python3.12/site-packages/airflow/example_dags/example_task_group_decorator.py for tasks to queue
[2026-06-16T23:22:53.955+0000] {logging_mixin.py:188} INFO - [2026-06-16T23:22:53.954+0000] {dagbag.py:545} INFO - Filling up the DagBag from /home/airflow/.local/lib/python3.12/site-packages/airflow/example_dags/example_task_group_decorator.py
[2026-06-16T23:22:53.973+0000] {processor.py:840} INFO - DAG(s) 'example_task_group_decorator' retrieved from /home/airflow/.local/lib/python3.12/site-packages/airflow/example_dags/example_task_group_decorator.py
[2026-06-16T23:22:54.010+0000] {logging_mixin.py:188} INFO - [2026-06-16T23:22:54.009+0000] {dag.py:3089} INFO - Sync 1 DAGs
[2026-06-16T23:22:54.036+0000] {logging_mixin.py:188} INFO - [2026-06-16T23:22:54.036+0000] {dag.py:3947} INFO - Setting next_dagrun for example_task_group_decorator to 2026-06-15 00:00:00+00:00, run_after=2026-06-16 00:00:00+00:00
[2026-06-16T23:22:54.060+0000] {processor.py:183} INFO - Processing /home/airflow/.local/lib/python3.12/site-packages/airflow/example_dags/example_task_group_decorator.py took 0.116 seconds
[2026-06-16T23:23:24.505+0000] {processor.py:161} INFO - Started process (PID=1025) to work on /home/airflow/.local/lib/python3.12/site-packages/airflow/example_dags/example_task_group_decorator.py
[2026-06-16T23:23:24.507+0000] {processor.py:830} INFO - Processing file /home/airflow/.local/lib/python3.12/site-packages/airflow/example_dags/example_task_group_decorator.py for tasks to queue
[2026-06-16T23:23:24.511+0000] {logging_mixin.py:188} INFO - [2026-06-16T23:23:24.510+0000] {dagbag.py:545} INFO - Filling up the DagBag from /home/airflow/.local/lib/python3.12/site-packages/airflow/example_dags/example_task_group_decorator.py
[2026-06-16T23:23:24.528+0000] {processor.py:840} INFO - DAG(s) 'example_task_group_decorator' retrieved from /home/airflow/.local/lib/python3.12/site-packages/airflow/example_dags/example_task_group_decorator.py
[2026-06-16T23:23:24.595+0000] {logging_mixin.py:188} INFO - [2026-06-16T23:23:24.595+0000] {dag.py:3089} INFO - Sync 1 DAGs
[2026-06-16T23:23:24.651+0000] {logging_mixin.py:188} INFO - [2026-06-16T23:23:24.650+0000] {dag.py:3947} INFO - Setting next_dagrun for example_task_group_decorator to 2026-06-15 00:00:00+00:00, run_after=2026-06-16 00:00:00+00:00
[2026-06-16T23:23:24.713+0000] {processor.py:183} INFO - Processing /home/airflow/.local/lib/python3.12/site-packages/airflow/example_dags/example_task_group_decorator.py took 0.224 seconds
[2026-06-16T23:23:55.745+0000] {processor.py:161} INFO - Started process (PID=1084) to work on /home/airflow/.local/lib/python3.12/site-packages/airflow/example_dags/example_task_group_decorator.py
[2026-06-16T23:23:55.748+0000] {processor.py:830} INFO - Processing file /home/airflow/.local/lib/python3.12/site-packages/airflow/example_dags/example_task_group_decorator.py for tasks to queue
[2026-06-16T23:23:55.756+0000] {logging_mixin.py:188} INFO - [2026-06-16T23:23:55.752+0000] {dagbag.py:545} INFO - Filling up the DagBag from /home/airflow/.local/lib/python3.12/site-packages/airflow/example_dags/example_task_group_decorator.py
[2026-06-16T23:23:55.816+0000] {processor.py:840} INFO - DAG(s) 'example_task_group_decorator' retrieved from /home/airflow/.local/lib/python3.12/site-packages/airflow/example_dags/example_task_group_decorator.py
[2026-06-16T23:23:55.977+0000] {logging_mixin.py:188} INFO - [2026-06-16T23:23:55.977+0000] {dag.py:3089} INFO - Sync 1 DAGs
[2026-06-16T23:23:56.071+0000] {logging_mixin.py:188} INFO - [2026-06-16T23:23:56.071+0000] {dag.py:3947} INFO - Setting next_dagrun for example_task_group_decorator to 2026-06-15 00:00:00+00:00, run_after=2026-06-16 00:00:00+00:00
[2026-06-16T23:23:56.150+0000] {processor.py:183} INFO - Processing /home/airflow/.local/lib/python3.12/site-packages/airflow/example_dags/example_task_group_decorator.py took 0.427 seconds
[2026-06-16T23:24:26.932+0000] {processor.py:161} INFO - Started process (PID=1141) to work on /home/airflow/.local/lib/python3.12/site-packages/airflow/example_dags/example_task_group_decorator.py
[2026-06-16T23:24:26.933+0000] {processor.py:830} INFO - Processing file /home/airflow/.local/lib/python3.12/site-packages/airflow/example_dags/example_task_group_decorator.py for tasks to queue
[2026-06-16T23:24:26.935+0000] {logging_mixin.py:188} INFO - [2026-06-16T23:24:26.935+0000] {dagbag.py:545} INFO - Filling up the DagBag from /home/airflow/.local/lib/python3.12/site-packages/airflow/example_dags/example_task_group_decorator.py
[2026-06-16T23:24:26.953+0000] {processor.py:840} INFO - DAG(s) 'example_task_group_decorator' retrieved from /home/airflow/.local/lib/python3.12/site-packages/airflow/example_dags/example_task_group_decorator.py
[2026-06-16T23:24:26.986+0000] {logging_mixin.py:188} INFO - [2026-06-16T23:24:26.986+0000] {dag.py:3089} INFO - Sync 1 DAGs
[2026-06-16T23:24:27.011+0000] {logging_mixin.py:188} INFO - [2026-06-16T23:24:27.011+0000] {dag.py:3947} INFO - Setting next_dagrun for example_task_group_decorator to 2026-06-15 00:00:00+00:00, run_after=2026-06-16 00:00:00+00:00
[2026-06-16T23:24:27.030+0000] {processor.py:183} INFO - Processing /home/airflow/.local/lib/python3.12/site-packages/airflow/example_dags/example_task_group_decorator.py took 0.105 seconds
[2026-06-16T23:24:57.130+0000] {processor.py:161} INFO - Started process (PID=1199) to work on /home/airflow/.local/lib/python3.12/site-packages/airflow/example_dags/example_task_group_decorator.py
[2026-06-16T23:24:57.131+0000] {processor.py:830} INFO - Processing file /home/airflow/.local/lib/python3.12/site-packages/airflow/example_dags/example_task_group_decorator.py for tasks to queue
[2026-06-16T23:24:57.133+0000] {logging_mixin.py:188} INFO - [2026-06-16T23:24:57.132+0000] {dagbag.py:545} INFO - Filling up the DagBag from /home/airflow/.local/lib/python3.12/site-packages/airflow/example_dags/example_task_group_decorator.py
[2026-06-16T23:24:57.151+0000] {processor.py:840} INFO - DAG(s) 'example_task_group_decorator' retrieved from /home/airflow/.local/lib/python3.12/site-packages/airflow/example_dags/example_task_group_decorator.py
[2026-06-16T23:24:57.195+0000] {logging_mixin.py:188} INFO - [2026-06-16T23:24:57.194+0000] {dag.py:3089} INFO - Sync 1 DAGs
[2026-06-16T23:24:57.222+0000] {logging_mixin.py:188} INFO - [2026-06-16T23:24:57.221+0000] {dag.py:3947} INFO - Setting next_dagrun for example_task_group_decorator to 2026-06-15 00:00:00+00:00, run_after=2026-06-16 00:00:00+00:00
[2026-06-16T23:24:57.241+0000] {processor.py:183} INFO - Processing /home/airflow/.local/lib/python3.12/site-packages/airflow/example_dags/example_task_group_decorator.py took 0.119 seconds
[2026-06-16T23:25:27.565+0000] {processor.py:161} INFO - Started process (PID=1257) to work on /home/airflow/.local/lib/python3.12/site-packages/airflow/example_dags/example_task_group_decorator.py
[2026-06-16T23:25:27.566+0000] {processor.py:830} INFO - Processing file /home/airflow/.local/lib/python3.12/site-packages/airflow/example_dags/example_task_group_decorator.py for tasks to queue
[2026-06-16T23:25:27.568+0000] {logging_mixin.py:188} INFO - [2026-06-16T23:25:27.567+0000] {dagbag.py:545} INFO - Filling up the DagBag from /home/airflow/.local/lib/python3.12/site-packages/airflow/example_dags/example_task_group_decorator.py
[2026-06-16T23:25:27.585+0000] {processor.py:840} INFO - DAG(s) 'example_task_group_decorator' retrieved from /home/airflow/.local/lib/python3.12/site-packages/airflow/example_dags/example_task_group_decorator.py
[2026-06-16T23:25:27.618+0000] {logging_mixin.py:188} INFO - [2026-06-16T23:25:27.617+0000] {dag.py:3089} INFO - Sync 1 DAGs
[2026-06-16T23:25:27.643+0000] {logging_mixin.py:188} INFO - [2026-06-16T23:25:27.642+0000] {dag.py:3947} INFO - Setting next_dagrun for example_task_group_decorator to 2026-06-15 00:00:00+00:00, run_after=2026-06-16 00:00:00+00:00
[2026-06-16T23:25:27.661+0000] {processor.py:183} INFO - Processing /home/airflow/.local/lib/python3.12/site-packages/airflow/example_dags/example_task_group_decorator.py took 0.112 seconds
[2026-06-16T23:25:57.910+0000] {processor.py:161} INFO - Started process (PID=1315) to work on /home/airflow/.local/lib/python3.12/site-packages/airflow/example_dags/example_task_group_decorator.py
[2026-06-16T23:25:57.911+0000] {processor.py:830} INFO - Processing file /home/airflow/.local/lib/python3.12/site-packages/airflow/example_dags/example_task_group_decorator.py for tasks to queue
[2026-06-16T23:25:57.914+0000] {logging_mixin.py:188} INFO - [2026-06-16T23:25:57.913+0000] {dagbag.py:545} INFO - Filling up the DagBag from /home/airflow/.local/lib/python3.12/site-packages/airflow/example_dags/example_task_group_decorator.py
[2026-06-16T23:25:57.931+0000] {processor.py:840} INFO - DAG(s) 'example_task_group_decorator' retrieved from /home/airflow/.local/lib/python3.12/site-packages/airflow/example_dags/example_task_group_decorator.py
[2026-06-16T23:25:57.962+0000] {logging_mixin.py:188} INFO - [2026-06-16T23:25:57.962+0000] {dag.py:3089} INFO - Sync 1 DAGs
[2026-06-16T23:25:57.997+0000] {logging_mixin.py:188} INFO - [2026-06-16T23:25:57.997+0000] {dag.py:3947} INFO - Setting next_dagrun for example_task_group_decorator to 2026-06-15 00:00:00+00:00, run_after=2026-06-16 00:00:00+00:00
[2026-06-16T23:25:58.015+0000] {processor.py:183} INFO - Processing /home/airflow/.local/lib/python3.12/site-packages/airflow/example_dags/example_task_group_decorator.py took 0.112 seconds
[2026-06-16T23:26:28.557+0000] {processor.py:161} INFO - Started process (PID=1372) to work on /home/airflow/.local/lib/python3.12/site-packages/airflow/example_dags/example_task_group_decorator.py
[2026-06-16T23:26:28.558+0000] {processor.py:830} INFO - Processing file /home/airflow/.local/lib/python3.12/site-packages/airflow/example_dags/example_task_group_decorator.py for tasks to queue
[2026-06-16T23:26:28.560+0000] {logging_mixin.py:188} INFO - [2026-06-16T23:26:28.560+0000] {dagbag.py:545} INFO - Filling up the DagBag from /home/airflow/.local/lib/python3.12/site-packages/airflow/example_dags/example_task_group_decorator.py
[2026-06-16T23:26:28.578+0000] {processor.py:840} INFO - DAG(s) 'example_task_group_decorator' retrieved from /home/airflow/.local/lib/python3.12/site-packages/airflow/example_dags/example_task_group_decorator.py
[2026-06-16T23:26:28.612+0000] {logging_mixin.py:188} INFO - [2026-06-16T23:26:28.611+0000] {dag.py:3089} INFO - Sync 1 DAGs
[2026-06-16T23:26:28.638+0000] {logging_mixin.py:188} INFO - [2026-06-16T23:26:28.638+0000] {dag.py:3947} INFO - Setting next_dagrun for example_task_group_decorator to 2026-06-15 00:00:00+00:00, run_after=2026-06-16 00:00:00+00:00
[2026-06-16T23:26:28.659+0000] {processor.py:183} INFO - Processing /home/airflow/.local/lib/python3.12/site-packages/airflow/example_dags/example_task_group_decorator.py took 0.108 seconds
[2026-06-16T23:26:59.333+0000] {processor.py:161} INFO - Started process (PID=1430) to work on /home/airflow/.local/lib/python3.12/site-packages/airflow/example_dags/example_task_group_decorator.py
[2026-06-16T23:26:59.334+0000] {processor.py:830} INFO - Processing file /home/airflow/.local/lib/python3.12/site-packages/airflow/example_dags/example_task_group_decorator.py for tasks to queue
[2026-06-16T23:26:59.336+0000] {logging_mixin.py:188} INFO - [2026-06-16T23:26:59.336+0000] {dagbag.py:545} INFO - Filling up the DagBag from /home/airflow/.local/lib/python3.12/site-packages/airflow/example_dags/example_task_group_decorator.py
[2026-06-16T23:26:59.356+0000] {processor.py:840} INFO - DAG(s) 'example_task_group_decorator' retrieved from /home/airflow/.local/lib/python3.12/site-packages/airflow/example_dags/example_task_group_decorator.py
[2026-06-16T23:26:59.388+0000] {logging_mixin.py:188} INFO - [2026-06-16T23:26:59.388+0000] {dag.py:3089} INFO - Sync 1 DAGs
[2026-06-16T23:26:59.415+0000] {logging_mixin.py:188} INFO - [2026-06-16T23:26:59.415+0000] {dag.py:3947} INFO - Setting next_dagrun for example_task_group_decorator to 2026-06-15 00:00:00+00:00, run_after=2026-06-16 00:00:00+00:00
[2026-06-16T23:26:59.436+0000] {processor.py:183} INFO - Processing /home/airflow/.local/lib/python3.12/site-packages/airflow/example_dags/example_task_group_decorator.py took 0.110 seconds
[2026-06-16T23:27:29.554+0000] {processor.py:161} INFO - Started process (PID=1488) to work on /home/airflow/.local/lib/python3.12/site-packages/airflow/example_dags/example_task_group_decorator.py
[2026-06-16T23:27:29.555+0000] {processor.py:830} INFO - Processing file /home/airflow/.local/lib/python3.12/site-packages/airflow/example_dags/example_task_group_decorator.py for tasks to queue
[2026-06-16T23:27:29.557+0000] {logging_mixin.py:188} INFO - [2026-06-16T23:27:29.557+0000] {dagbag.py:545} INFO - Filling up the DagBag from /home/airflow/.local/lib/python3.12/site-packages/airflow/example_dags/example_task_group_decorator.py
[2026-06-16T23:27:29.576+0000] {processor.py:840} INFO - DAG(s) 'example_task_group_decorator' retrieved from /home/airflow/.local/lib/python3.12/site-packages/airflow/example_dags/example_task_group_decorator.py
[2026-06-16T23:27:29.610+0000] {logging_mixin.py:188} INFO - [2026-06-16T23:27:29.610+0000] {dag.py:3089} INFO - Sync 1 DAGs
[2026-06-16T23:27:29.636+0000] {logging_mixin.py:188} INFO - [2026-06-16T23:27:29.636+0000] {dag.py:3947} INFO - Setting next_dagrun for example_task_group_decorator to 2026-06-15 00:00:00+00:00, run_after=2026-06-16 00:00:00+00:00
[2026-06-16T23:27:29.655+0000] {processor.py:183} INFO - Processing /home/airflow/.local/lib/python3.12/site-packages/airflow/example_dags/example_task_group_decorator.py took 0.109 seconds
[2026-06-16T23:27:59.902+0000] {processor.py:161} INFO - Started process (PID=1546) to work on /home/airflow/.local/lib/python3.12/site-packages/airflow/example_dags/example_task_group_decorator.py
[2026-06-16T23:27:59.903+0000] {processor.py:830} INFO - Processing file /home/airflow/.local/lib/python3.12/site-packages/airflow/example_dags/example_task_group_decorator.py for tasks to queue
[2026-06-16T23:27:59.915+0000] {logging_mixin.py:188} INFO - [2026-06-16T23:27:59.915+0000] {dagbag.py:545} INFO - Filling up the DagBag from /home/airflow/.local/lib/python3.12/site-packages/airflow/example_dags/example_task_group_decorator.py
[2026-06-16T23:27:59.978+0000] {processor.py:840} INFO - DAG(s) 'example_task_group_decorator' retrieved from /home/airflow/.local/lib/python3.12/site-packages/airflow/example_dags/example_task_group_decorator.py
[2026-06-16T23:28:00.094+0000] {logging_mixin.py:188} INFO - [2026-06-16T23:28:00.093+0000] {dag.py:3089} INFO - Sync 1 DAGs
[2026-06-16T23:28:00.176+0000] {logging_mixin.py:188} INFO - [2026-06-16T23:28:00.176+0000] {dag.py:3947} INFO - Setting next_dagrun for example_task_group_decorator to 2026-06-15 00:00:00+00:00, run_after=2026-06-16 00:00:00+00:00
[2026-06-16T23:28:00.241+0000] {processor.py:183} INFO - Processing /home/airflow/.local/lib/python3.12/site-packages/airflow/example_dags/example_task_group_decorator.py took 0.370 seconds
[2026-06-16T23:28:30.290+0000] {processor.py:161} INFO - Started process (PID=1604) to work on /home/airflow/.local/lib/python3.12/site-packages/airflow/example_dags/example_task_group_decorator.py
[2026-06-16T23:28:30.291+0000] {processor.py:830} INFO - Processing file /home/airflow/.local/lib/python3.12/site-packages/airflow/example_dags/example_task_group_decorator.py for tasks to queue
[2026-06-16T23:28:30.293+0000] {logging_mixin.py:188} INFO - [2026-06-16T23:28:30.293+0000] {dagbag.py:545} INFO - Filling up the DagBag from /home/airflow/.local/lib/python3.12/site-packages/airflow/example_dags/example_task_group_decorator.py
[2026-06-16T23:28:30.305+0000] {processor.py:840} INFO - DAG(s) 'example_task_group_decorator' retrieved from /home/airflow/.local/lib/python3.12/site-packages/airflow/example_dags/example_task_group_decorator.py
[2026-06-16T23:28:30.327+0000] {logging_mixin.py:188} INFO - [2026-06-16T23:28:30.327+0000] {dag.py:3089} INFO - Sync 1 DAGs
[2026-06-16T23:28:30.346+0000] {logging_mixin.py:188} INFO - [2026-06-16T23:28:30.346+0000] {dag.py:3947} INFO - Setting next_dagrun for example_task_group_decorator to 2026-06-15 00:00:00+00:00, run_after=2026-06-16 00:00:00+00:00
[2026-06-16T23:28:30.362+0000] {processor.py:183} INFO - Processing /home/airflow/.local/lib/python3.12/site-packages/airflow/example_dags/example_task_group_decorator.py took 0.077 seconds
[2026-06-16T23:29:01.281+0000] {processor.py:161} INFO - Started process (PID=1662) to work on /home/airflow/.local/lib/python3.12/site-packages/airflow/example_dags/example_task_group_decorator.py
[2026-06-16T23:29:01.282+0000] {processor.py:830} INFO - Processing file /home/airflow/.local/lib/python3.12/site-packages/airflow/example_dags/example_task_group_decorator.py for tasks to queue
[2026-06-16T23:29:01.285+0000] {logging_mixin.py:188} INFO - [2026-06-16T23:29:01.284+0000] {dagbag.py:545} INFO - Filling up the DagBag from /home/airflow/.local/lib/python3.12/site-packages/airflow/example_dags/example_task_group_decorator.py
[2026-06-16T23:29:01.302+0000] {processor.py:840} INFO - DAG(s) 'example_task_group_decorator' retrieved from /home/airflow/.local/lib/python3.12/site-packages/airflow/example_dags/example_task_group_decorator.py
[2026-06-16T23:29:01.335+0000] {logging_mixin.py:188} INFO - [2026-06-16T23:29:01.335+0000] {dag.py:3089} INFO - Sync 1 DAGs
[2026-06-16T23:29:01.367+0000] {logging_mixin.py:188} INFO - [2026-06-16T23:29:01.367+0000] {dag.py:3947} INFO - Setting next_dagrun for example_task_group_decorator to 2026-06-15 00:00:00+00:00, run_after=2026-06-16 00:00:00+00:00
[2026-06-16T23:29:01.386+0000] {processor.py:183} INFO - Processing /home/airflow/.local/lib/python3.12/site-packages/airflow/example_dags/example_task_group_decorator.py took 0.111 seconds
[2026-06-16T23:29:32.065+0000] {processor.py:161} INFO - Started process (PID=1720) to work on /home/airflow/.local/lib/python3.12/site-packages/airflow/example_dags/example_task_group_decorator.py
[2026-06-16T23:29:32.065+0000] {processor.py:830} INFO - Processing file /home/airflow/.local/lib/python3.12/site-packages/airflow/example_dags/example_task_group_decorator.py for tasks to queue
[2026-06-16T23:29:32.068+0000] {logging_mixin.py:188} INFO - [2026-06-16T23:29:32.067+0000] {dagbag.py:545} INFO - Filling up the DagBag from /home/airflow/.local/lib/python3.12/site-packages/airflow/example_dags/example_task_group_decorator.py
[2026-06-16T23:29:32.086+0000] {processor.py:840} INFO - DAG(s) 'example_task_group_decorator' retrieved from /home/airflow/.local/lib/python3.12/site-packages/airflow/example_dags/example_task_group_decorator.py
[2026-06-16T23:29:32.118+0000] {logging_mixin.py:188} INFO - [2026-06-16T23:29:32.118+0000] {dag.py:3089} INFO - Sync 1 DAGs
[2026-06-16T23:29:32.347+0000] {logging_mixin.py:188} INFO - [2026-06-16T23:29:32.347+0000] {dag.py:3947} INFO - Setting next_dagrun for example_task_group_decorator to 2026-06-15 00:00:00+00:00, run_after=2026-06-16 00:00:00+00:00
[2026-06-16T23:29:32.365+0000] {processor.py:183} INFO - Processing /home/airflow/.local/lib/python3.12/site-packages/airflow/example_dags/example_task_group_decorator.py took 0.307 seconds
[2026-06-16T23:30:02.717+0000] {processor.py:161} INFO - Started process (PID=1777) to work on /home/airflow/.local/lib/python3.12/site-packages/airflow/example_dags/example_task_group_decorator.py
[2026-06-16T23:30:02.718+0000] {processor.py:830} INFO - Processing file /home/airflow/.local/lib/python3.12/site-packages/airflow/example_dags/example_task_group_decorator.py for tasks to queue
[2026-06-16T23:30:02.720+0000] {logging_mixin.py:188} INFO - [2026-06-16T23:30:02.720+0000] {dagbag.py:545} INFO - Filling up the DagBag from /home/airflow/.local/lib/python3.12/site-packages/airflow/example_dags/example_task_group_decorator.py
[2026-06-16T23:30:02.738+0000] {processor.py:840} INFO - DAG(s) 'example_task_group_decorator' retrieved from /home/airflow/.local/lib/python3.12/site-packages/airflow/example_dags/example_task_group_decorator.py
[2026-06-16T23:30:02.771+0000] {logging_mixin.py:188} INFO - [2026-06-16T23:30:02.771+0000] {dag.py:3089} INFO - Sync 1 DAGs
[2026-06-16T23:30:02.803+0000] {logging_mixin.py:188} INFO - [2026-06-16T23:30:02.803+0000] {dag.py:3947} INFO - Setting next_dagrun for example_task_group_decorator to 2026-06-15 00:00:00+00:00, run_after=2026-06-16 00:00:00+00:00
[2026-06-16T23:30:02.992+0000] {processor.py:183} INFO - Processing /home/airflow/.local/lib/python3.12/site-packages/airflow/example_dags/example_task_group_decorator.py took 0.282 seconds
[2026-06-16T23:30:33.031+0000] {processor.py:161} INFO - Started process (PID=1835) to work on /home/airflow/.local/lib/python3.12/site-packages/airflow/example_dags/example_task_group_decorator.py
[2026-06-16T23:30:33.032+0000] {processor.py:830} INFO - Processing file /home/airflow/.local/lib/python3.12/site-packages/airflow/example_dags/example_task_group_decorator.py for tasks to queue
[2026-06-16T23:30:33.034+0000] {logging_mixin.py:188} INFO - [2026-06-16T23:30:33.034+0000] {dagbag.py:545} INFO - Filling up the DagBag from /home/airflow/.local/lib/python3.12/site-packages/airflow/example_dags/example_task_group_decorator.py
[2026-06-16T23:30:33.052+0000] {processor.py:840} INFO - DAG(s) 'example_task_group_decorator' retrieved from /home/airflow/.local/lib/python3.12/site-packages/airflow/example_dags/example_task_group_decorator.py
[2026-06-16T23:30:33.087+0000] {logging_mixin.py:188} INFO - [2026-06-16T23:30:33.087+0000] {dag.py:3089} INFO - Sync 1 DAGs
[2026-06-16T23:30:33.119+0000] {logging_mixin.py:188} INFO - [2026-06-16T23:30:33.118+0000] {dag.py:3947} INFO - Setting next_dagrun for example_task_group_decorator to 2026-06-15 00:00:00+00:00, run_after=2026-06-16 00:00:00+00:00
[2026-06-16T23:30:33.140+0000] {processor.py:183} INFO - Processing /home/airflow/.local/lib/python3.12/site-packages/airflow/example_dags/example_task_group_decorator.py took 0.116 seconds
[2026-06-16T23:31:03.270+0000] {processor.py:161} INFO - Started process (PID=1893) to work on /home/airflow/.local/lib/python3.12/site-packages/airflow/example_dags/example_task_group_decorator.py
[2026-06-16T23:31:03.271+0000] {processor.py:830} INFO - Processing file /home/airflow/.local/lib/python3.12/site-packages/airflow/example_dags/example_task_group_decorator.py for tasks to queue
[2026-06-16T23:31:03.273+0000] {logging_mixin.py:188} INFO - [2026-06-16T23:31:03.272+0000] {dagbag.py:545} INFO - Filling up the DagBag from /home/airflow/.local/lib/python3.12/site-packages/airflow/example_dags/example_task_group_decorator.py
[2026-06-16T23:31:03.291+0000] {processor.py:840} INFO - DAG(s) 'example_task_group_decorator' retrieved from /home/airflow/.local/lib/python3.12/site-packages/airflow/example_dags/example_task_group_decorator.py
[2026-06-16T23:31:03.325+0000] {logging_mixin.py:188} INFO - [2026-06-16T23:31:03.325+0000] {dag.py:3089} INFO - Sync 1 DAGs
[2026-06-16T23:31:03.359+0000] {logging_mixin.py:188} INFO - [2026-06-16T23:31:03.359+0000] {dag.py:3947} INFO - Setting next_dagrun for example_task_group_decorator to 2026-06-15 00:00:00+00:00, run_after=2026-06-16 00:00:00+00:00
[2026-06-16T23:31:03.378+0000] {processor.py:183} INFO - Processing /home/airflow/.local/lib/python3.12/site-packages/airflow/example_dags/example_task_group_decorator.py took 0.119 seconds
[2026-06-16T23:31:34.570+0000] {processor.py:161} INFO - Started process (PID=1951) to work on /home/airflow/.local/lib/python3.12/site-packages/airflow/example_dags/example_task_group_decorator.py
[2026-06-16T23:31:34.571+0000] {processor.py:830} INFO - Processing file /home/airflow/.local/lib/python3.12/site-packages/airflow/example_dags/example_task_group_decorator.py for tasks to queue
[2026-06-16T23:31:34.573+0000] {logging_mixin.py:188} INFO - [2026-06-16T23:31:34.572+0000] {dagbag.py:545} INFO - Filling up the DagBag from /home/airflow/.local/lib/python3.12/site-packages/airflow/example_dags/example_task_group_decorator.py
[2026-06-16T23:31:34.814+0000] {processor.py:840} INFO - DAG(s) 'example_task_group_decorator' retrieved from /home/airflow/.local/lib/python3.12/site-packages/airflow/example_dags/example_task_group_decorator.py
[2026-06-16T23:31:34.841+0000] {logging_mixin.py:188} INFO - [2026-06-16T23:31:34.840+0000] {dag.py:3089} INFO - Sync 1 DAGs
[2026-06-16T23:31:34.866+0000] {logging_mixin.py:188} INFO - [2026-06-16T23:31:34.866+0000] {dag.py:3947} INFO - Setting next_dagrun for example_task_group_decorator to 2026-06-15 00:00:00+00:00, run_after=2026-06-16 00:00:00+00:00
[2026-06-16T23:31:34.894+0000] {processor.py:183} INFO - Processing /home/airflow/.local/lib/python3.12/site-packages/airflow/example_dags/example_task_group_decorator.py took 0.331 seconds
[2026-06-16T23:32:05.623+0000] {processor.py:161} INFO - Started process (PID=2009) to work on /home/airflow/.local/lib/python3.12/site-packages/airflow/example_dags/example_task_group_decorator.py
[2026-06-16T23:32:05.625+0000] {processor.py:830} INFO - Processing file /home/airflow/.local/lib/python3.12/site-packages/airflow/example_dags/example_task_group_decorator.py for tasks to queue
[2026-06-16T23:32:05.628+0000] {logging_mixin.py:188} INFO - [2026-06-16T23:32:05.627+0000] {dagbag.py:545} INFO - Filling up the DagBag from /home/airflow/.local/lib/python3.12/site-packages/airflow/example_dags/example_task_group_decorator.py
[2026-06-16T23:32:05.663+0000] {processor.py:840} INFO - DAG(s) 'example_task_group_decorator' retrieved from /home/airflow/.local/lib/python3.12/site-packages/airflow/example_dags/example_task_group_decorator.py
[2026-06-16T23:32:05.728+0000] {logging_mixin.py:188} INFO - [2026-06-16T23:32:05.728+0000] {dag.py:3089} INFO - Sync 1 DAGs
[2026-06-16T23:32:05.758+0000] {logging_mixin.py:188} INFO - [2026-06-16T23:32:05.757+0000] {dag.py:3947} INFO - Setting next_dagrun for example_task_group_decorator to 2026-06-15 00:00:00+00:00, run_after=2026-06-16 00:00:00+00:00
[2026-06-16T23:32:05.778+0000] {processor.py:183} INFO - Processing /home/airflow/.local/lib/python3.12/site-packages/airflow/example_dags/example_task_group_decorator.py took 0.167 seconds
[2026-06-16T23:32:36.098+0000] {processor.py:161} INFO - Started process (PID=2067) to work on /home/airflow/.local/lib/python3.12/site-packages/airflow/example_dags/example_task_group_decorator.py
[2026-06-16T23:32:36.099+0000] {processor.py:830} INFO - Processing file /home/airflow/.local/lib/python3.12/site-packages/airflow/example_dags/example_task_group_decorator.py for tasks to queue
[2026-06-16T23:32:36.101+0000] {logging_mixin.py:188} INFO - [2026-06-16T23:32:36.101+0000] {dagbag.py:545} INFO - Filling up the DagBag from /home/airflow/.local/lib/python3.12/site-packages/airflow/example_dags/example_task_group_decorator.py
[2026-06-16T23:32:36.119+0000] {processor.py:840} INFO - DAG(s) 'example_task_group_decorator' retrieved from /home/airflow/.local/lib/python3.12/site-packages/airflow/example_dags/example_task_group_decorator.py
[2026-06-16T23:32:36.156+0000] {logging_mixin.py:188} INFO - [2026-06-16T23:32:36.156+0000] {dag.py:3089} INFO - Sync 1 DAGs
[2026-06-16T23:32:36.186+0000] {logging_mixin.py:188} INFO - [2026-06-16T23:32:36.186+0000] {dag.py:3947} INFO - Setting next_dagrun for example_task_group_decorator to 2026-06-15 00:00:00+00:00, run_after=2026-06-16 00:00:00+00:00
[2026-06-16T23:32:36.207+0000] {processor.py:183} INFO - Processing /home/airflow/.local/lib/python3.12/site-packages/airflow/example_dags/example_task_group_decorator.py took 0.116 seconds
[2026-06-16T23:33:06.827+0000] {processor.py:161} INFO - Started process (PID=2125) to work on /home/airflow/.local/lib/python3.12/site-packages/airflow/example_dags/example_task_group_decorator.py
[2026-06-16T23:33:06.828+0000] {processor.py:830} INFO - Processing file /home/airflow/.local/lib/python3.12/site-packages/airflow/example_dags/example_task_group_decorator.py for tasks to queue
[2026-06-16T23:33:06.830+0000] {logging_mixin.py:188} INFO - [2026-06-16T23:33:06.829+0000] {dagbag.py:545} INFO - Filling up the DagBag from /home/airflow/.local/lib/python3.12/site-packages/airflow/example_dags/example_task_group_decorator.py
[2026-06-16T23:33:06.849+0000] {processor.py:840} INFO - DAG(s) 'example_task_group_decorator' retrieved from /home/airflow/.local/lib/python3.12/site-packages/airflow/example_dags/example_task_group_decorator.py
[2026-06-16T23:33:06.884+0000] {logging_mixin.py:188} INFO - [2026-06-16T23:33:06.884+0000] {dag.py:3089} INFO - Sync 1 DAGs
[2026-06-16T23:33:06.914+0000] {logging_mixin.py:188} INFO - [2026-06-16T23:33:06.913+0000] {dag.py:3947} INFO - Setting next_dagrun for example_task_group_decorator to 2026-06-15 00:00:00+00:00, run_after=2026-06-16 00:00:00+00:00
[2026-06-16T23:33:06.938+0000] {processor.py:183} INFO - Processing /home/airflow/.local/lib/python3.12/site-packages/airflow/example_dags/example_task_group_decorator.py took 0.119 seconds
[2026-06-16T23:33:37.355+0000] {processor.py:161} INFO - Started process (PID=2183) to work on /home/airflow/.local/lib/python3.12/site-packages/airflow/example_dags/example_task_group_decorator.py
[2026-06-16T23:33:37.356+0000] {processor.py:830} INFO - Processing file /home/airflow/.local/lib/python3.12/site-packages/airflow/example_dags/example_task_group_decorator.py for tasks to queue
[2026-06-16T23:33:37.357+0000] {logging_mixin.py:188} INFO - [2026-06-16T23:33:37.357+0000] {dagbag.py:545} INFO - Filling up the DagBag from /home/airflow/.local/lib/python3.12/site-packages/airflow/example_dags/example_task_group_decorator.py
[2026-06-16T23:33:37.369+0000] {processor.py:840} INFO - DAG(s) 'example_task_group_decorator' retrieved from /home/airflow/.local/lib/python3.12/site-packages/airflow/example_dags/example_task_group_decorator.py
[2026-06-16T23:33:37.393+0000] {logging_mixin.py:188} INFO - [2026-06-16T23:33:37.393+0000] {dag.py:3089} INFO - Sync 1 DAGs
[2026-06-16T23:33:37.416+0000] {logging_mixin.py:188} INFO - [2026-06-16T23:33:37.415+0000] {dag.py:3947} INFO - Setting next_dagrun for example_task_group_decorator to 2026-06-15 00:00:00+00:00, run_after=2026-06-16 00:00:00+00:00
[2026-06-16T23:33:37.434+0000] {processor.py:183} INFO - Processing /home/airflow/.local/lib/python3.12/site-packages/airflow/example_dags/example_task_group_decorator.py took 0.085 seconds
[2026-06-16T23:34:07.673+0000] {processor.py:161} INFO - Started process (PID=2242) to work on /home/airflow/.local/lib/python3.12/site-packages/airflow/example_dags/example_task_group_decorator.py
[2026-06-16T23:34:07.674+0000] {processor.py:830} INFO - Processing file /home/airflow/.local/lib/python3.12/site-packages/airflow/example_dags/example_task_group_decorator.py for tasks to queue
[2026-06-16T23:34:07.676+0000] {logging_mixin.py:188} INFO - [2026-06-16T23:34:07.675+0000] {dagbag.py:545} INFO - Filling up the DagBag from /home/airflow/.local/lib/python3.12/site-packages/airflow/example_dags/example_task_group_decorator.py
[2026-06-16T23:34:07.694+0000] {processor.py:840} INFO - DAG(s) 'example_task_group_decorator' retrieved from /home/airflow/.local/lib/python3.12/site-packages/airflow/example_dags/example_task_group_decorator.py
[2026-06-16T23:34:07.728+0000] {logging_mixin.py:188} INFO - [2026-06-16T23:34:07.728+0000] {dag.py:3089} INFO - Sync 1 DAGs
[2026-06-16T23:34:07.757+0000] {logging_mixin.py:188} INFO - [2026-06-16T23:34:07.756+0000] {dag.py:3947} INFO - Setting next_dagrun for example_task_group_decorator to 2026-06-15 00:00:00+00:00, run_after=2026-06-16 00:00:00+00:00
[2026-06-16T23:34:07.787+0000] {processor.py:183} INFO - Processing /home/airflow/.local/lib/python3.12/site-packages/airflow/example_dags/example_task_group_decorator.py took 0.122 seconds
[2026-06-16T23:34:37.909+0000] {processor.py:161} INFO - Started process (PID=2299) to work on /home/airflow/.local/lib/python3.12/site-packages/airflow/example_dags/example_task_group_decorator.py
[2026-06-16T23:34:37.910+0000] {processor.py:830} INFO - Processing file /home/airflow/.local/lib/python3.12/site-packages/airflow/example_dags/example_task_group_decorator.py for tasks to queue
[2026-06-16T23:34:37.912+0000] {logging_mixin.py:188} INFO - [2026-06-16T23:34:37.912+0000] {dagbag.py:545} INFO - Filling up the DagBag from /home/airflow/.local/lib/python3.12/site-packages/airflow/example_dags/example_task_group_decorator.py
[2026-06-16T23:34:37.930+0000] {processor.py:840} INFO - DAG(s) 'example_task_group_decorator' retrieved from /home/airflow/.local/lib/python3.12/site-packages/airflow/example_dags/example_task_group_decorator.py
[2026-06-16T23:34:37.961+0000] {logging_mixin.py:188} INFO - [2026-06-16T23:34:37.961+0000] {dag.py:3089} INFO - Sync 1 DAGs
[2026-06-16T23:34:37.987+0000] {logging_mixin.py:188} INFO - [2026-06-16T23:34:37.987+0000] {dag.py:3947} INFO - Setting next_dagrun for example_task_group_decorator to 2026-06-15 00:00:00+00:00, run_after=2026-06-16 00:00:00+00:00
[2026-06-16T23:34:38.010+0000] {processor.py:183} INFO - Processing /home/airflow/.local/lib/python3.12/site-packages/airflow/example_dags/example_task_group_decorator.py took 0.108 seconds
[2026-06-16T23:35:08.128+0000] {processor.py:161} INFO - Started process (PID=2358) to work on /home/airflow/.local/lib/python3.12/site-packages/airflow/example_dags/example_task_group_decorator.py
[2026-06-16T23:35:08.129+0000] {processor.py:830} INFO - Processing file /home/airflow/.local/lib/python3.12/site-packages/airflow/example_dags/example_task_group_decorator.py for tasks to queue
[2026-06-16T23:35:08.130+0000] {logging_mixin.py:188} INFO - [2026-06-16T23:35:08.130+0000] {dagbag.py:545} INFO - Filling up the DagBag from /home/airflow/.local/lib/python3.12/site-packages/airflow/example_dags/example_task_group_decorator.py
[2026-06-16T23:35:08.142+0000] {processor.py:840} INFO - DAG(s) 'example_task_group_decorator' retrieved from /home/airflow/.local/lib/python3.12/site-packages/airflow/example_dags/example_task_group_decorator.py
[2026-06-16T23:35:08.165+0000] {logging_mixin.py:188} INFO - [2026-06-16T23:35:08.165+0000] {dag.py:3089} INFO - Sync 1 DAGs
[2026-06-16T23:35:08.184+0000] {logging_mixin.py:188} INFO - [2026-06-16T23:35:08.184+0000] {dag.py:3947} INFO - Setting next_dagrun for example_task_group_decorator to 2026-06-15 00:00:00+00:00, run_after=2026-06-16 00:00:00+00:00
[2026-06-16T23:35:08.201+0000] {processor.py:183} INFO - Processing /home/airflow/.local/lib/python3.12/site-packages/airflow/example_dags/example_task_group_decorator.py took 0.079 seconds
[2026-06-16T23:35:38.322+0000] {processor.py:161} INFO - Started process (PID=2415) to work on /home/airflow/.local/lib/python3.12/site-packages/airflow/example_dags/example_task_group_decorator.py
[2026-06-16T23:35:38.323+0000] {processor.py:830} INFO - Processing file /home/airflow/.local/lib/python3.12/site-packages/airflow/example_dags/example_task_group_decorator.py for tasks to queue
[2026-06-16T23:35:38.325+0000] {logging_mixin.py:188} INFO - [2026-06-16T23:35:38.325+0000] {dagbag.py:545} INFO - Filling up the DagBag from /home/airflow/.local/lib/python3.12/site-packages/airflow/example_dags/example_task_group_decorator.py
[2026-06-16T23:35:38.344+0000] {processor.py:840} INFO - DAG(s) 'example_task_group_decorator' retrieved from /home/airflow/.local/lib/python3.12/site-packages/airflow/example_dags/example_task_group_decorator.py
[2026-06-16T23:35:38.376+0000] {logging_mixin.py:188} INFO - [2026-06-16T23:35:38.376+0000] {dag.py:3089} INFO - Sync 1 DAGs
[2026-06-16T23:35:38.404+0000] {logging_mixin.py:188} INFO - [2026-06-16T23:35:38.404+0000] {dag.py:3947} INFO - Setting next_dagrun for example_task_group_decorator to 2026-06-15 00:00:00+00:00, run_after=2026-06-16 00:00:00+00:00
[2026-06-16T23:35:38.424+0000] {processor.py:183} INFO - Processing /home/airflow/.local/lib/python3.12/site-packages/airflow/example_dags/example_task_group_decorator.py took 0.109 seconds
[2026-06-16T23:36:08.558+0000] {processor.py:161} INFO - Started process (PID=2473) to work on /home/airflow/.local/lib/python3.12/site-packages/airflow/example_dags/example_task_group_decorator.py
[2026-06-16T23:36:08.559+0000] {processor.py:830} INFO - Processing file /home/airflow/.local/lib/python3.12/site-packages/airflow/example_dags/example_task_group_decorator.py for tasks to queue
[2026-06-16T23:36:08.561+0000] {logging_mixin.py:188} INFO - [2026-06-16T23:36:08.561+0000] {dagbag.py:545} INFO - Filling up the DagBag from /home/airflow/.local/lib/python3.12/site-packages/airflow/example_dags/example_task_group_decorator.py
[2026-06-16T23:36:08.580+0000] {processor.py:840} INFO - DAG(s) 'example_task_group_decorator' retrieved from /home/airflow/.local/lib/python3.12/site-packages/airflow/example_dags/example_task_group_decorator.py
[2026-06-16T23:36:08.622+0000] {logging_mixin.py:188} INFO - [2026-06-16T23:36:08.622+0000] {dag.py:3089} INFO - Sync 1 DAGs
[2026-06-16T23:36:08.647+0000] {logging_mixin.py:188} INFO - [2026-06-16T23:36:08.647+0000] {dag.py:3947} INFO - Setting next_dagrun for example_task_group_decorator to 2026-06-15 00:00:00+00:00, run_after=2026-06-16 00:00:00+00:00
[2026-06-16T23:36:08.666+0000] {processor.py:183} INFO - Processing /home/airflow/.local/lib/python3.12/site-packages/airflow/example_dags/example_task_group_decorator.py took 0.115 seconds
[2026-06-16T23:36:39.075+0000] {processor.py:161} INFO - Started process (PID=2531) to work on /home/airflow/.local/lib/python3.12/site-packages/airflow/example_dags/example_task_group_decorator.py
[2026-06-16T23:36:39.076+0000] {processor.py:830} INFO - Processing file /home/airflow/.local/lib/python3.12/site-packages/airflow/example_dags/example_task_group_decorator.py for tasks to queue
[2026-06-16T23:36:39.079+0000] {logging_mixin.py:188} INFO - [2026-06-16T23:36:39.078+0000] {dagbag.py:545} INFO - Filling up the DagBag from /home/airflow/.local/lib/python3.12/site-packages/airflow/example_dags/example_task_group_decorator.py
[2026-06-16T23:36:39.097+0000] {processor.py:840} INFO - DAG(s) 'example_task_group_decorator' retrieved from /home/airflow/.local/lib/python3.12/site-packages/airflow/example_dags/example_task_group_decorator.py
[2026-06-16T23:36:39.128+0000] {logging_mixin.py:188} INFO - [2026-06-16T23:36:39.128+0000] {dag.py:3089} INFO - Sync 1 DAGs
[2026-06-16T23:36:39.155+0000] {logging_mixin.py:188} INFO - [2026-06-16T23:36:39.155+0000] {dag.py:3947} INFO - Setting next_dagrun for example_task_group_decorator to 2026-06-15 00:00:00+00:00, run_after=2026-06-16 00:00:00+00:00
[2026-06-16T23:36:39.175+0000] {processor.py:183} INFO - Processing /home/airflow/.local/lib/python3.12/site-packages/airflow/example_dags/example_task_group_decorator.py took 0.108 seconds
[2026-06-16T23:37:09.339+0000] {processor.py:161} INFO - Started process (PID=2589) to work on /home/airflow/.local/lib/python3.12/site-packages/airflow/example_dags/example_task_group_decorator.py
[2026-06-16T23:37:09.340+0000] {processor.py:830} INFO - Processing file /home/airflow/.local/lib/python3.12/site-packages/airflow/example_dags/example_task_group_decorator.py for tasks to queue
[2026-06-16T23:37:09.342+0000] {logging_mixin.py:188} INFO - [2026-06-16T23:37:09.341+0000] {dagbag.py:545} INFO - Filling up the DagBag from /home/airflow/.local/lib/python3.12/site-packages/airflow/example_dags/example_task_group_decorator.py
[2026-06-16T23:37:09.360+0000] {processor.py:840} INFO - DAG(s) 'example_task_group_decorator' retrieved from /home/airflow/.local/lib/python3.12/site-packages/airflow/example_dags/example_task_group_decorator.py
[2026-06-16T23:37:09.394+0000] {logging_mixin.py:188} INFO - [2026-06-16T23:37:09.394+0000] {dag.py:3089} INFO - Sync 1 DAGs
[2026-06-16T23:37:09.421+0000] {logging_mixin.py:188} INFO - [2026-06-16T23:37:09.421+0000] {dag.py:3947} INFO - Setting next_dagrun for example_task_group_decorator to 2026-06-15 00:00:00+00:00, run_after=2026-06-16 00:00:00+00:00
[2026-06-16T23:37:09.439+0000] {processor.py:183} INFO - Processing /home/airflow/.local/lib/python3.12/site-packages/airflow/example_dags/example_task_group_decorator.py took 0.111 seconds
[2026-06-16T23:37:39.551+0000] {processor.py:161} INFO - Started process (PID=2647) to work on /home/airflow/.local/lib/python3.12/site-packages/airflow/example_dags/example_task_group_decorator.py
[2026-06-16T23:37:39.552+0000] {processor.py:830} INFO - Processing file /home/airflow/.local/lib/python3.12/site-packages/airflow/example_dags/example_task_group_decorator.py for tasks to queue
[2026-06-16T23:37:39.554+0000] {logging_mixin.py:188} INFO - [2026-06-16T23:37:39.554+0000] {dagbag.py:545} INFO - Filling up the DagBag from /home/airflow/.local/lib/python3.12/site-packages/airflow/example_dags/example_task_group_decorator.py
[2026-06-16T23:37:39.573+0000] {processor.py:840} INFO - DAG(s) 'example_task_group_decorator' retrieved from /home/airflow/.local/lib/python3.12/site-packages/airflow/example_dags/example_task_group_decorator.py
[2026-06-16T23:37:39.606+0000] {logging_mixin.py:188} INFO - [2026-06-16T23:37:39.606+0000] {dag.py:3089} INFO - Sync 1 DAGs
[2026-06-16T23:37:39.633+0000] {logging_mixin.py:188} INFO - [2026-06-16T23:37:39.633+0000] {dag.py:3947} INFO - Setting next_dagrun for example_task_group_decorator to 2026-06-15 00:00:00+00:00, run_after=2026-06-16 00:00:00+00:00
[2026-06-16T23:37:39.654+0000] {processor.py:183} INFO - Processing /home/airflow/.local/lib/python3.12/site-packages/airflow/example_dags/example_task_group_decorator.py took 0.111 seconds
[2026-06-16T23:38:09.965+0000] {processor.py:161} INFO - Started process (PID=2706) to work on /home/airflow/.local/lib/python3.12/site-packages/airflow/example_dags/example_task_group_decorator.py
[2026-06-16T23:38:09.966+0000] {processor.py:830} INFO - Processing file /home/airflow/.local/lib/python3.12/site-packages/airflow/example_dags/example_task_group_decorator.py for tasks to queue
[2026-06-16T23:38:09.968+0000] {logging_mixin.py:188} INFO - [2026-06-16T23:38:09.968+0000] {dagbag.py:545} INFO - Filling up the DagBag from /home/airflow/.local/lib/python3.12/site-packages/airflow/example_dags/example_task_group_decorator.py
[2026-06-16T23:38:09.987+0000] {processor.py:840} INFO - DAG(s) 'example_task_group_decorator' retrieved from /home/airflow/.local/lib/python3.12/site-packages/airflow/example_dags/example_task_group_decorator.py
[2026-06-16T23:38:10.026+0000] {logging_mixin.py:188} INFO - [2026-06-16T23:38:10.026+0000] {dag.py:3089} INFO - Sync 1 DAGs
[2026-06-16T23:38:10.053+0000] {logging_mixin.py:188} INFO - [2026-06-16T23:38:10.053+0000] {dag.py:3947} INFO - Setting next_dagrun for example_task_group_decorator to 2026-06-15 00:00:00+00:00, run_after=2026-06-16 00:00:00+00:00
[2026-06-16T23:38:10.073+0000] {processor.py:183} INFO - Processing /home/airflow/.local/lib/python3.12/site-packages/airflow/example_dags/example_task_group_decorator.py took 0.115 seconds
[2026-06-16T23:38:40.599+0000] {processor.py:161} INFO - Started process (PID=2764) to work on /home/airflow/.local/lib/python3.12/site-packages/airflow/example_dags/example_task_group_decorator.py
[2026-06-16T23:38:40.602+0000] {processor.py:830} INFO - Processing file /home/airflow/.local/lib/python3.12/site-packages/airflow/example_dags/example_task_group_decorator.py for tasks to queue
[2026-06-16T23:38:40.606+0000] {logging_mixin.py:188} INFO - [2026-06-16T23:38:40.603+0000] {dagbag.py:545} INFO - Filling up the DagBag from /home/airflow/.local/lib/python3.12/site-packages/airflow/example_dags/example_task_group_decorator.py
[2026-06-16T23:38:40.639+0000] {processor.py:840} INFO - DAG(s) 'example_task_group_decorator' retrieved from /home/airflow/.local/lib/python3.12/site-packages/airflow/example_dags/example_task_group_decorator.py
[2026-06-16T23:38:40.701+0000] {logging_mixin.py:188} INFO - [2026-06-16T23:38:40.701+0000] {dag.py:3089} INFO - Sync 1 DAGs
[2026-06-16T23:38:40.754+0000] {logging_mixin.py:188} INFO - [2026-06-16T23:38:40.753+0000] {dag.py:3947} INFO - Setting next_dagrun for example_task_group_decorator to 2026-06-15 00:00:00+00:00, run_after=2026-06-16 00:00:00+00:00
[2026-06-16T23:38:40.800+0000] {processor.py:183} INFO - Processing /home/airflow/.local/lib/python3.12/site-packages/airflow/example_dags/example_task_group_decorator.py took 0.213 seconds
[2026-06-16T23:39:10.907+0000] {processor.py:161} INFO - Started process (PID=2822) to work on /home/airflow/.local/lib/python3.12/site-packages/airflow/example_dags/example_task_group_decorator.py
[2026-06-16T23:39:10.908+0000] {processor.py:830} INFO - Processing file /home/airflow/.local/lib/python3.12/site-packages/airflow/example_dags/example_task_group_decorator.py for tasks to queue
[2026-06-16T23:39:10.910+0000] {logging_mixin.py:188} INFO - [2026-06-16T23:39:10.910+0000] {dagbag.py:545} INFO - Filling up the DagBag from /home/airflow/.local/lib/python3.12/site-packages/airflow/example_dags/example_task_group_decorator.py
[2026-06-16T23:39:10.928+0000] {processor.py:840} INFO - DAG(s) 'example_task_group_decorator' retrieved from /home/airflow/.local/lib/python3.12/site-packages/airflow/example_dags/example_task_group_decorator.py
[2026-06-16T23:39:10.965+0000] {logging_mixin.py:188} INFO - [2026-06-16T23:39:10.965+0000] {dag.py:3089} INFO - Sync 1 DAGs
[2026-06-16T23:39:10.991+0000] {logging_mixin.py:188} INFO - [2026-06-16T23:39:10.991+0000] {dag.py:3947} INFO - Setting next_dagrun for example_task_group_decorator to 2026-06-15 00:00:00+00:00, run_after=2026-06-16 00:00:00+00:00
[2026-06-16T23:39:11.009+0000] {processor.py:183} INFO - Processing /home/airflow/.local/lib/python3.12/site-packages/airflow/example_dags/example_task_group_decorator.py took 0.109 seconds
[2026-06-16T23:39:41.167+0000] {processor.py:161} INFO - Started process (PID=2880) to work on /home/airflow/.local/lib/python3.12/site-packages/airflow/example_dags/example_task_group_decorator.py
[2026-06-16T23:39:41.168+0000] {processor.py:830} INFO - Processing file /home/airflow/.local/lib/python3.12/site-packages/airflow/example_dags/example_task_group_decorator.py for tasks to queue
[2026-06-16T23:39:41.170+0000] {logging_mixin.py:188} INFO - [2026-06-16T23:39:41.169+0000] {dagbag.py:545} INFO - Filling up the DagBag from /home/airflow/.local/lib/python3.12/site-packages/airflow/example_dags/example_task_group_decorator.py
[2026-06-16T23:39:41.188+0000] {processor.py:840} INFO - DAG(s) 'example_task_group_decorator' retrieved from /home/airflow/.local/lib/python3.12/site-packages/airflow/example_dags/example_task_group_decorator.py
[2026-06-16T23:39:41.221+0000] {logging_mixin.py:188} INFO - [2026-06-16T23:39:41.221+0000] {dag.py:3089} INFO - Sync 1 DAGs
[2026-06-16T23:39:41.247+0000] {logging_mixin.py:188} INFO - [2026-06-16T23:39:41.247+0000] {dag.py:3947} INFO - Setting next_dagrun for example_task_group_decorator to 2026-06-15 00:00:00+00:00, run_after=2026-06-16 00:00:00+00:00
[2026-06-16T23:39:41.266+0000] {processor.py:183} INFO - Processing /home/airflow/.local/lib/python3.12/site-packages/airflow/example_dags/example_task_group_decorator.py took 0.112 seconds
[2026-06-16T23:40:11.698+0000] {processor.py:161} INFO - Started process (PID=2938) to work on /home/airflow/.local/lib/python3.12/site-packages/airflow/example_dags/example_task_group_decorator.py
[2026-06-16T23:40:11.699+0000] {processor.py:830} INFO - Processing file /home/airflow/.local/lib/python3.12/site-packages/airflow/example_dags/example_task_group_decorator.py for tasks to queue
[2026-06-16T23:40:11.701+0000] {logging_mixin.py:188} INFO - [2026-06-16T23:40:11.701+0000] {dagbag.py:545} INFO - Filling up the DagBag from /home/airflow/.local/lib/python3.12/site-packages/airflow/example_dags/example_task_group_decorator.py
[2026-06-16T23:40:11.718+0000] {processor.py:840} INFO - DAG(s) 'example_task_group_decorator' retrieved from /home/airflow/.local/lib/python3.12/site-packages/airflow/example_dags/example_task_group_decorator.py
[2026-06-16T23:40:11.749+0000] {logging_mixin.py:188} INFO - [2026-06-16T23:40:11.749+0000] {dag.py:3089} INFO - Sync 1 DAGs
[2026-06-16T23:40:11.776+0000] {logging_mixin.py:188} INFO - [2026-06-16T23:40:11.776+0000] {dag.py:3947} INFO - Setting next_dagrun for example_task_group_decorator to 2026-06-15 00:00:00+00:00, run_after=2026-06-16 00:00:00+00:00
[2026-06-16T23:40:11.796+0000] {processor.py:183} INFO - Processing /home/airflow/.local/lib/python3.12/site-packages/airflow/example_dags/example_task_group_decorator.py took 0.105 seconds
[2026-06-16T23:40:42.147+0000] {processor.py:161} INFO - Started process (PID=2995) to work on /home/airflow/.local/lib/python3.12/site-packages/airflow/example_dags/example_task_group_decorator.py
[2026-06-16T23:40:42.148+0000] {processor.py:830} INFO - Processing file /home/airflow/.local/lib/python3.12/site-packages/airflow/example_dags/example_task_group_decorator.py for tasks to queue
[2026-06-16T23:40:42.150+0000] {logging_mixin.py:188} INFO - [2026-06-16T23:40:42.149+0000] {dagbag.py:545} INFO - Filling up the DagBag from /home/airflow/.local/lib/python3.12/site-packages/airflow/example_dags/example_task_group_decorator.py
[2026-06-16T23:40:42.174+0000] {processor.py:840} INFO - DAG(s) 'example_task_group_decorator' retrieved from /home/airflow/.local/lib/python3.12/site-packages/airflow/example_dags/example_task_group_decorator.py
[2026-06-16T23:40:42.207+0000] {logging_mixin.py:188} INFO - [2026-06-16T23:40:42.207+0000] {dag.py:3089} INFO - Sync 1 DAGs
[2026-06-16T23:40:42.234+0000] {logging_mixin.py:188} INFO - [2026-06-16T23:40:42.234+0000] {dag.py:3947} INFO - Setting next_dagrun for example_task_group_decorator to 2026-06-15 00:00:00+00:00, run_after=2026-06-16 00:00:00+00:00
[2026-06-16T23:40:42.254+0000] {processor.py:183} INFO - Processing /home/airflow/.local/lib/python3.12/site-packages/airflow/example_dags/example_task_group_decorator.py took 0.114 seconds
[2026-06-16T23:41:12.643+0000] {processor.py:161} INFO - Started process (PID=3053) to work on /home/airflow/.local/lib/python3.12/site-packages/airflow/example_dags/example_task_group_decorator.py
[2026-06-16T23:41:12.644+0000] {processor.py:830} INFO - Processing file /home/airflow/.local/lib/python3.12/site-packages/airflow/example_dags/example_task_group_decorator.py for tasks to queue
[2026-06-16T23:41:12.647+0000] {logging_mixin.py:188} INFO - [2026-06-16T23:41:12.646+0000] {dagbag.py:545} INFO - Filling up the DagBag from /home/airflow/.local/lib/python3.12/site-packages/airflow/example_dags/example_task_group_decorator.py
[2026-06-16T23:41:12.666+0000] {processor.py:840} INFO - DAG(s) 'example_task_group_decorator' retrieved from /home/airflow/.local/lib/python3.12/site-packages/airflow/example_dags/example_task_group_decorator.py
[2026-06-16T23:41:12.699+0000] {logging_mixin.py:188} INFO - [2026-06-16T23:41:12.699+0000] {dag.py:3089} INFO - Sync 1 DAGs
[2026-06-16T23:41:12.727+0000] {logging_mixin.py:188} INFO - [2026-06-16T23:41:12.727+0000] {dag.py:3947} INFO - Setting next_dagrun for example_task_group_decorator to 2026-06-15 00:00:00+00:00, run_after=2026-06-16 00:00:00+00:00
[2026-06-16T23:41:12.749+0000] {processor.py:183} INFO - Processing /home/airflow/.local/lib/python3.12/site-packages/airflow/example_dags/example_task_group_decorator.py took 0.113 seconds
[2026-06-16T23:41:42.966+0000] {processor.py:161} INFO - Started process (PID=3110) to work on /home/airflow/.local/lib/python3.12/site-packages/airflow/example_dags/example_task_group_decorator.py
[2026-06-16T23:41:42.967+0000] {processor.py:830} INFO - Processing file /home/airflow/.local/lib/python3.12/site-packages/airflow/example_dags/example_task_group_decorator.py for tasks to queue
[2026-06-16T23:41:42.969+0000] {logging_mixin.py:188} INFO - [2026-06-16T23:41:42.969+0000] {dagbag.py:545} INFO - Filling up the DagBag from /home/airflow/.local/lib/python3.12/site-packages/airflow/example_dags/example_task_group_decorator.py
[2026-06-16T23:41:42.987+0000] {processor.py:840} INFO - DAG(s) 'example_task_group_decorator' retrieved from /home/airflow/.local/lib/python3.12/site-packages/airflow/example_dags/example_task_group_decorator.py
[2026-06-16T23:41:43.019+0000] {logging_mixin.py:188} INFO - [2026-06-16T23:41:43.019+0000] {dag.py:3089} INFO - Sync 1 DAGs
[2026-06-16T23:41:43.045+0000] {logging_mixin.py:188} INFO - [2026-06-16T23:41:43.045+0000] {dag.py:3947} INFO - Setting next_dagrun for example_task_group_decorator to 2026-06-15 00:00:00+00:00, run_after=2026-06-16 00:00:00+00:00
[2026-06-16T23:41:43.066+0000] {processor.py:183} INFO - Processing /home/airflow/.local/lib/python3.12/site-packages/airflow/example_dags/example_task_group_decorator.py took 0.107 seconds
[2026-06-16T23:42:13.391+0000] {processor.py:161} INFO - Started process (PID=3168) to work on /home/airflow/.local/lib/python3.12/site-packages/airflow/example_dags/example_task_group_decorator.py
[2026-06-16T23:42:13.392+0000] {processor.py:830} INFO - Processing file /home/airflow/.local/lib/python3.12/site-packages/airflow/example_dags/example_task_group_decorator.py for tasks to queue
[2026-06-16T23:42:13.394+0000] {logging_mixin.py:188} INFO - [2026-06-16T23:42:13.394+0000] {dagbag.py:545} INFO - Filling up the DagBag from /home/airflow/.local/lib/python3.12/site-packages/airflow/example_dags/example_task_group_decorator.py
[2026-06-16T23:42:13.413+0000] {processor.py:840} INFO - DAG(s) 'example_task_group_decorator' retrieved from /home/airflow/.local/lib/python3.12/site-packages/airflow/example_dags/example_task_group_decorator.py
[2026-06-16T23:42:13.445+0000] {logging_mixin.py:188} INFO - [2026-06-16T23:42:13.445+0000] {dag.py:3089} INFO - Sync 1 DAGs
[2026-06-16T23:42:13.473+0000] {logging_mixin.py:188} INFO - [2026-06-16T23:42:13.473+0000] {dag.py:3947} INFO - Setting next_dagrun for example_task_group_decorator to 2026-06-15 00:00:00+00:00, run_after=2026-06-16 00:00:00+00:00
[2026-06-16T23:42:13.494+0000] {processor.py:183} INFO - Processing /home/airflow/.local/lib/python3.12/site-packages/airflow/example_dags/example_task_group_decorator.py took 0.110 seconds
[2026-06-16T23:42:43.744+0000] {processor.py:161} INFO - Started process (PID=3226) to work on /home/airflow/.local/lib/python3.12/site-packages/airflow/example_dags/example_task_group_decorator.py
[2026-06-16T23:42:43.745+0000] {processor.py:830} INFO - Processing file /home/airflow/.local/lib/python3.12/site-packages/airflow/example_dags/example_task_group_decorator.py for tasks to queue
[2026-06-16T23:42:43.750+0000] {logging_mixin.py:188} INFO - [2026-06-16T23:42:43.750+0000] {dagbag.py:545} INFO - Filling up the DagBag from /home/airflow/.local/lib/python3.12/site-packages/airflow/example_dags/example_task_group_decorator.py
[2026-06-16T23:42:43.774+0000] {processor.py:840} INFO - DAG(s) 'example_task_group_decorator' retrieved from /home/airflow/.local/lib/python3.12/site-packages/airflow/example_dags/example_task_group_decorator.py
[2026-06-16T23:42:43.809+0000] {logging_mixin.py:188} INFO - [2026-06-16T23:42:43.809+0000] {dag.py:3089} INFO - Sync 1 DAGs
[2026-06-16T23:42:43.836+0000] {logging_mixin.py:188} INFO - [2026-06-16T23:42:43.836+0000] {dag.py:3947} INFO - Setting next_dagrun for example_task_group_decorator to 2026-06-15 00:00:00+00:00, run_after=2026-06-16 00:00:00+00:00
[2026-06-16T23:42:43.857+0000] {processor.py:183} INFO - Processing /home/airflow/.local/lib/python3.12/site-packages/airflow/example_dags/example_task_group_decorator.py took 0.128 seconds
[2026-06-16T23:43:14.069+0000] {processor.py:161} INFO - Started process (PID=3283) to work on /home/airflow/.local/lib/python3.12/site-packages/airflow/example_dags/example_task_group_decorator.py
[2026-06-16T23:43:14.070+0000] {processor.py:830} INFO - Processing file /home/airflow/.local/lib/python3.12/site-packages/airflow/example_dags/example_task_group_decorator.py for tasks to queue
[2026-06-16T23:43:14.072+0000] {logging_mixin.py:188} INFO - [2026-06-16T23:43:14.072+0000] {dagbag.py:545} INFO - Filling up the DagBag from /home/airflow/.local/lib/python3.12/site-packages/airflow/example_dags/example_task_group_decorator.py
[2026-06-16T23:43:14.091+0000] {processor.py:840} INFO - DAG(s) 'example_task_group_decorator' retrieved from /home/airflow/.local/lib/python3.12/site-packages/airflow/example_dags/example_task_group_decorator.py
[2026-06-16T23:43:14.123+0000] {logging_mixin.py:188} INFO - [2026-06-16T23:43:14.123+0000] {dag.py:3089} INFO - Sync 1 DAGs
[2026-06-16T23:43:14.150+0000] {logging_mixin.py:188} INFO - [2026-06-16T23:43:14.150+0000] {dag.py:3947} INFO - Setting next_dagrun for example_task_group_decorator to 2026-06-15 00:00:00+00:00, run_after=2026-06-16 00:00:00+00:00
[2026-06-16T23:43:14.170+0000] {processor.py:183} INFO - Processing /home/airflow/.local/lib/python3.12/site-packages/airflow/example_dags/example_task_group_decorator.py took 0.109 seconds
[2026-06-16T23:43:44.411+0000] {processor.py:161} INFO - Started process (PID=3341) to work on /home/airflow/.local/lib/python3.12/site-packages/airflow/example_dags/example_task_group_decorator.py
[2026-06-16T23:43:44.412+0000] {processor.py:830} INFO - Processing file /home/airflow/.local/lib/python3.12/site-packages/airflow/example_dags/example_task_group_decorator.py for tasks to queue
[2026-06-16T23:43:44.414+0000] {logging_mixin.py:188} INFO - [2026-06-16T23:43:44.414+0000] {dagbag.py:545} INFO - Filling up the DagBag from /home/airflow/.local/lib/python3.12/site-packages/airflow/example_dags/example_task_group_decorator.py
[2026-06-16T23:43:44.433+0000] {processor.py:840} INFO - DAG(s) 'example_task_group_decorator' retrieved from /home/airflow/.local/lib/python3.12/site-packages/airflow/example_dags/example_task_group_decorator.py
[2026-06-16T23:43:44.474+0000] {logging_mixin.py:188} INFO - [2026-06-16T23:43:44.474+0000] {dag.py:3089} INFO - Sync 1 DAGs
[2026-06-16T23:43:44.513+0000] {logging_mixin.py:188} INFO - [2026-06-16T23:43:44.513+0000] {dag.py:3947} INFO - Setting next_dagrun for example_task_group_decorator to 2026-06-15 00:00:00+00:00, run_after=2026-06-16 00:00:00+00:00
[2026-06-16T23:43:44.533+0000] {processor.py:183} INFO - Processing /home/airflow/.local/lib/python3.12/site-packages/airflow/example_dags/example_task_group_decorator.py took 0.129 seconds
