[2026-06-15T19:21:57.439+0000] {local_task_job_runner.py:120} INFO - ::group::Pre task execution logs
[2026-06-15T19:21:57.550+0000] {taskinstance.py:2076} INFO - Dependencies all met for dep_context=non-requeueable deps ti=<TaskInstance: example_bash_operator.this_will_skip scheduled__2026-06-14T00:00:00+00:00 [queued]>
[2026-06-15T19:21:57.598+0000] {taskinstance.py:2076} INFO - Dependencies all met for dep_context=requeueable deps ti=<TaskInstance: example_bash_operator.this_will_skip scheduled__2026-06-14T00:00:00+00:00 [queued]>
[2026-06-15T19:21:57.599+0000] {taskinstance.py:2306} INFO - Starting attempt 1 of 1
[2026-06-15T19:21:57.690+0000] {taskinstance.py:2330} INFO - Executing <Task(BashOperator): this_will_skip> on 2026-06-14 00:00:00+00:00
[2026-06-15T19:21:57.736+0000] {warnings.py:112} WARNING - /home/***/.local/lib/python3.12/site-packages/***/task/task_runner/standard_task_runner.py:62: DeprecationWarning: This process (pid=182) is multi-threaded, use of fork() may lead to deadlocks in the child.
  pid = os.fork()

[2026-06-15T19:21:57.754+0000] {standard_task_runner.py:64} INFO - Started process 192 to run task
[2026-06-15T19:21:57.766+0000] {standard_task_runner.py:90} INFO - Running: ['***', 'tasks', 'run', 'example_bash_operator', 'this_will_skip', 'scheduled__2026-06-14T00:00:00+00:00', '--job-id', '3', '--raw', '--subdir', '/home/***/.local/lib/python3.12/site-packages/***/example_dags/example_bash_operator.py', '--cfg-path', '/tmp/tmp1llz9fca']
[2026-06-15T19:21:57.831+0000] {standard_task_runner.py:91} INFO - Job 3: Subtask this_will_skip
[2026-06-15T19:21:58.072+0000] {task_command.py:426} INFO - Running <TaskInstance: example_bash_operator.this_will_skip scheduled__2026-06-14T00:00:00+00:00 [running]> on host b23cd512edf1
[2026-06-15T19:21:58.829+0000] {taskinstance.py:2648} INFO - Exporting env vars: AIRFLOW_CTX_DAG_OWNER='***' AIRFLOW_CTX_DAG_ID='example_bash_operator' AIRFLOW_CTX_TASK_ID='this_will_skip' AIRFLOW_CTX_EXECUTION_DATE='2026-06-14T00:00:00+00:00' AIRFLOW_CTX_TRY_NUMBER='1' AIRFLOW_CTX_DAG_RUN_ID='scheduled__2026-06-14T00:00:00+00:00'
[2026-06-15T19:21:58.848+0000] {taskinstance.py:430} INFO - ::endgroup::
[2026-06-15T19:21:58.878+0000] {subprocess.py:63} INFO - Tmp dir root location: /tmp
[2026-06-15T19:21:58.880+0000] {subprocess.py:75} INFO - Running command: ['/usr/bin/bash', '-c', 'echo "hello world"; exit 99;']
[2026-06-15T19:21:59.169+0000] {subprocess.py:86} INFO - Output:
[2026-06-15T19:21:59.213+0000] {subprocess.py:93} INFO - hello world
[2026-06-15T19:21:59.213+0000] {subprocess.py:97} INFO - Command exited with return code 99
[2026-06-15T19:21:59.214+0000] {taskinstance.py:441} INFO - ::group::Post task execution logs
[2026-06-15T19:21:59.215+0000] {taskinstance.py:2506} INFO - Bash command returned exit code 99. Skipping.
[2026-06-15T19:21:59.259+0000] {taskinstance.py:1206} INFO - Marking task as SKIPPED. dag_id=example_bash_operator, task_id=this_will_skip, run_id=scheduled__2026-06-14T00:00:00+00:00, execution_date=20260614T000000, start_date=20260615T192157, end_date=20260615T192159
[2026-06-15T19:21:59.306+0000] {local_task_job_runner.py:243} INFO - Task exited with return code 0
[2026-06-15T19:21:59.317+0000] {local_task_job_runner.py:222} INFO - ::endgroup::
