[2026-06-17T02:52:25.453+0000] {local_task_job_runner.py:120} INFO - ::group::Pre task execution logs
[2026-06-17T02:52:25.592+0000] {taskinstance.py:2076} INFO - Dependencies all met for dep_context=non-requeueable deps ti=<TaskInstance: example_bash_operator.runme_0 manual__2026-06-17T02:52:14+00:00 [queued]>
[2026-06-17T02:52:25.632+0000] {taskinstance.py:2076} INFO - Dependencies all met for dep_context=requeueable deps ti=<TaskInstance: example_bash_operator.runme_0 manual__2026-06-17T02:52:14+00:00 [queued]>
[2026-06-17T02:52:25.633+0000] {taskinstance.py:2306} INFO - Starting attempt 1 of 1
[2026-06-17T02:52:25.679+0000] {taskinstance.py:2330} INFO - Executing <Task(BashOperator): runme_0> on 2026-06-17 02:52:14+00:00
[2026-06-17T02:52:25.705+0000] {warnings.py:112} WARNING - /home/***/.local/lib/python3.12/site-packages/***/task/task_runner/standard_task_runner.py:62: DeprecationWarning: This process (pid=176) is multi-threaded, use of fork() may lead to deadlocks in the child.
  pid = os.fork()

[2026-06-17T02:52:25.710+0000] {standard_task_runner.py:64} INFO - Started process 183 to run task
[2026-06-17T02:52:25.708+0000] {standard_task_runner.py:90} INFO - Running: ['***', 'tasks', 'run', 'example_bash_operator', 'runme_0', 'manual__2026-06-17T02:52:14+00:00', '--job-id', '39', '--raw', '--subdir', '/home/***/.local/lib/python3.12/site-packages/***/example_dags/example_bash_operator.py', '--cfg-path', '/tmp/tmp1uzmosm9']
[2026-06-17T02:52:25.713+0000] {standard_task_runner.py:91} INFO - Job 39: Subtask runme_0
[2026-06-17T02:52:25.864+0000] {task_command.py:426} INFO - Running <TaskInstance: example_bash_operator.runme_0 manual__2026-06-17T02:52:14+00:00 [running]> on host b23cd512edf1
[2026-06-17T02:52:26.697+0000] {taskinstance.py:2648} INFO - Exporting env vars: AIRFLOW_CTX_DAG_OWNER='***' AIRFLOW_CTX_DAG_ID='example_bash_operator' AIRFLOW_CTX_TASK_ID='runme_0' AIRFLOW_CTX_EXECUTION_DATE='2026-06-17T02:52:14+00:00' AIRFLOW_CTX_TRY_NUMBER='1' AIRFLOW_CTX_DAG_RUN_ID='manual__2026-06-17T02:52:14+00:00'
[2026-06-17T02:52:26.706+0000] {taskinstance.py:430} INFO - ::endgroup::
[2026-06-17T02:52:26.706+0000] {subprocess.py:63} INFO - Tmp dir root location: /tmp
[2026-06-17T02:52:26.707+0000] {subprocess.py:75} INFO - Running command: ['/usr/bin/bash', '-c', 'echo "example_bash_operator__runme_0__20260617" && sleep 1']
[2026-06-17T02:52:26.813+0000] {subprocess.py:86} INFO - Output:
[2026-06-17T02:52:26.826+0000] {subprocess.py:93} INFO - example_bash_operator__runme_0__20260617
[2026-06-17T02:52:27.837+0000] {subprocess.py:97} INFO - Command exited with return code 0
[2026-06-17T02:52:27.838+0000] {taskinstance.py:441} INFO - ::group::Post task execution logs
[2026-06-17T02:52:27.867+0000] {taskinstance.py:1206} INFO - Marking task as SUCCESS. dag_id=example_bash_operator, task_id=runme_0, run_id=manual__2026-06-17T02:52:14+00:00, execution_date=20260617T025214, start_date=20260617T025225, end_date=20260617T025227
[2026-06-17T02:52:27.908+0000] {local_task_job_runner.py:243} INFO - Task exited with return code 0
[2026-06-17T02:52:27.964+0000] {taskinstance.py:3503} INFO - 0 downstream tasks scheduled from follow-on schedule check
[2026-06-17T02:52:27.965+0000] {local_task_job_runner.py:222} INFO - ::endgroup::
