[2026-06-15T19:23:52.235+0000] {local_task_job_runner.py:120} INFO - ::group::Pre task execution logs
[2026-06-15T19:23:52.355+0000] {taskinstance.py:2076} INFO - Dependencies all met for dep_context=non-requeueable deps ti=<TaskInstance: example_bash_operator.this_will_skip manual__2026-06-15T19:23:42+00:00 [queued]>
[2026-06-15T19:23:52.399+0000] {taskinstance.py:2076} INFO - Dependencies all met for dep_context=requeueable deps ti=<TaskInstance: example_bash_operator.this_will_skip manual__2026-06-15T19:23:42+00:00 [queued]>
[2026-06-15T19:23:52.401+0000] {taskinstance.py:2306} INFO - Starting attempt 1 of 1
[2026-06-15T19:23:52.475+0000] {taskinstance.py:2330} INFO - Executing <Task(BashOperator): this_will_skip> on 2026-06-15 19:23:42+00:00
[2026-06-15T19:23:52.511+0000] {warnings.py:112} WARNING - /home/***/.local/lib/python3.12/site-packages/***/task/task_runner/standard_task_runner.py:62: DeprecationWarning: This process (pid=255) is multi-threaded, use of fork() may lead to deadlocks in the child.
  pid = os.fork()

[2026-06-15T19:23:52.534+0000] {standard_task_runner.py:64} INFO - Started process 264 to run task
[2026-06-15T19:23:52.541+0000] {standard_task_runner.py:90} INFO - Running: ['***', 'tasks', 'run', 'example_bash_operator', 'this_will_skip', 'manual__2026-06-15T19:23:42+00:00', '--job-id', '18', '--raw', '--subdir', '/home/***/.local/lib/python3.12/site-packages/***/example_dags/example_bash_operator.py', '--cfg-path', '/tmp/tmpapkp08iy']
[2026-06-15T19:23:52.575+0000] {standard_task_runner.py:91} INFO - Job 18: Subtask this_will_skip
[2026-06-15T19:23:52.897+0000] {task_command.py:426} INFO - Running <TaskInstance: example_bash_operator.this_will_skip manual__2026-06-15T19:23:42+00:00 [running]> on host b23cd512edf1
[2026-06-15T19:23:53.622+0000] {taskinstance.py:2648} INFO - Exporting env vars: AIRFLOW_CTX_DAG_OWNER='***' AIRFLOW_CTX_DAG_ID='example_bash_operator' AIRFLOW_CTX_TASK_ID='this_will_skip' AIRFLOW_CTX_EXECUTION_DATE='2026-06-15T19:23:42+00:00' AIRFLOW_CTX_TRY_NUMBER='1' AIRFLOW_CTX_DAG_RUN_ID='manual__2026-06-15T19:23:42+00:00'
[2026-06-15T19:23:53.626+0000] {taskinstance.py:430} INFO - ::endgroup::
[2026-06-15T19:23:53.628+0000] {subprocess.py:63} INFO - Tmp dir root location: /tmp
[2026-06-15T19:23:53.633+0000] {subprocess.py:75} INFO - Running command: ['/usr/bin/bash', '-c', 'echo "hello world"; exit 99;']
[2026-06-15T19:23:53.677+0000] {subprocess.py:86} INFO - Output:
[2026-06-15T19:23:53.681+0000] {subprocess.py:93} INFO - hello world
[2026-06-15T19:23:53.682+0000] {subprocess.py:97} INFO - Command exited with return code 99
[2026-06-15T19:23:53.683+0000] {taskinstance.py:441} INFO - ::group::Post task execution logs
[2026-06-15T19:23:53.683+0000] {taskinstance.py:2506} INFO - Bash command returned exit code 99. Skipping.
[2026-06-15T19:23:53.730+0000] {taskinstance.py:1206} INFO - Marking task as SKIPPED. dag_id=example_bash_operator, task_id=this_will_skip, run_id=manual__2026-06-15T19:23:42+00:00, execution_date=20260615T192342, start_date=20260615T192352, end_date=20260615T192353
[2026-06-15T19:23:53.843+0000] {local_task_job_runner.py:243} INFO - Task exited with return code 0
[2026-06-15T19:23:53.882+0000] {taskinstance.py:3503} INFO - 0 downstream tasks scheduled from follow-on schedule check
[2026-06-15T19:23:53.889+0000] {local_task_job_runner.py:222} INFO - ::endgroup::
