[2026-06-17T01:57:39.403+0000] {local_task_job_runner.py:120} INFO - ::group::Pre task execution logs
[2026-06-17T01:57:39.601+0000] {taskinstance.py:2076} INFO - Dependencies all met for dep_context=non-requeueable deps ti=<TaskInstance: example_bash_operator.runme_1 scheduled__2026-06-16T00:00:00+00:00 [queued]>
[2026-06-17T01:57:39.654+0000] {taskinstance.py:2076} INFO - Dependencies all met for dep_context=requeueable deps ti=<TaskInstance: example_bash_operator.runme_1 scheduled__2026-06-16T00:00:00+00:00 [queued]>
[2026-06-17T01:57:39.656+0000] {taskinstance.py:2306} INFO - Starting attempt 1 of 1
[2026-06-17T01:57:39.705+0000] {taskinstance.py:2330} INFO - Executing <Task(BashOperator): runme_1> on 2026-06-16 00:00:00+00:00
[2026-06-17T01:57:39.741+0000] {warnings.py:112} WARNING - /home/***/.local/lib/python3.12/site-packages/***/task/task_runner/standard_task_runner.py:62: DeprecationWarning: This process (pid=63) is multi-threaded, use of fork() may lead to deadlocks in the child.
  pid = os.fork()

[2026-06-17T01:57:39.751+0000] {standard_task_runner.py:64} INFO - Started process 82 to run task
[2026-06-17T01:57:39.749+0000] {standard_task_runner.py:90} INFO - Running: ['***', 'tasks', 'run', 'example_bash_operator', 'runme_1', 'scheduled__2026-06-16T00:00:00+00:00', '--job-id', '34', '--raw', '--subdir', '/home/***/.local/lib/python3.12/site-packages/***/example_dags/example_bash_operator.py', '--cfg-path', '/tmp/tmpvy2qo4sd']
[2026-06-17T01:57:39.764+0000] {standard_task_runner.py:91} INFO - Job 34: Subtask runme_1
[2026-06-17T01:57:40.107+0000] {task_command.py:426} INFO - Running <TaskInstance: example_bash_operator.runme_1 scheduled__2026-06-16T00:00:00+00:00 [running]> on host b23cd512edf1
[2026-06-17T01:57:40.803+0000] {taskinstance.py:2648} INFO - Exporting env vars: AIRFLOW_CTX_DAG_OWNER='***' AIRFLOW_CTX_DAG_ID='example_bash_operator' AIRFLOW_CTX_TASK_ID='runme_1' AIRFLOW_CTX_EXECUTION_DATE='2026-06-16T00:00:00+00:00' AIRFLOW_CTX_TRY_NUMBER='1' AIRFLOW_CTX_DAG_RUN_ID='scheduled__2026-06-16T00:00:00+00:00'
[2026-06-17T01:57:40.822+0000] {taskinstance.py:430} INFO - ::endgroup::
[2026-06-17T01:57:40.823+0000] {subprocess.py:63} INFO - Tmp dir root location: /tmp
[2026-06-17T01:57:40.829+0000] {subprocess.py:75} INFO - Running command: ['/usr/bin/bash', '-c', 'echo "example_bash_operator__runme_1__20260616" && sleep 1']
[2026-06-17T01:57:40.935+0000] {subprocess.py:86} INFO - Output:
[2026-06-17T01:57:40.940+0000] {subprocess.py:93} INFO - example_bash_operator__runme_1__20260616
[2026-06-17T01:57:41.954+0000] {subprocess.py:97} INFO - Command exited with return code 0
[2026-06-17T01:57:41.960+0000] {taskinstance.py:441} INFO - ::group::Post task execution logs
[2026-06-17T01:57:42.086+0000] {taskinstance.py:1206} INFO - Marking task as SUCCESS. dag_id=example_bash_operator, task_id=runme_1, run_id=scheduled__2026-06-16T00:00:00+00:00, execution_date=20260616T000000, start_date=20260617T015739, end_date=20260617T015742
[2026-06-17T01:57:42.230+0000] {local_task_job_runner.py:243} INFO - Task exited with return code 0
[2026-06-17T01:57:42.325+0000] {taskinstance.py:3503} INFO - 1 downstream tasks scheduled from follow-on schedule check
[2026-06-17T01:57:42.332+0000] {local_task_job_runner.py:222} INFO - ::endgroup::
