[2026-06-16T23:15:29.325+0000] {local_task_job_runner.py:120} INFO - ::group::Pre task execution logs
[2026-06-16T23:15:29.410+0000] {taskinstance.py:2076} INFO - Dependencies all met for dep_context=non-requeueable deps ti=<TaskInstance: example_bash_operator.runme_2 scheduled__2026-06-15T00:00:00+00:00 [queued]>
[2026-06-16T23:15:29.434+0000] {taskinstance.py:2076} INFO - Dependencies all met for dep_context=requeueable deps ti=<TaskInstance: example_bash_operator.runme_2 scheduled__2026-06-15T00:00:00+00:00 [queued]>
[2026-06-16T23:15:29.438+0000] {taskinstance.py:2306} INFO - Starting attempt 1 of 1
[2026-06-16T23:15:29.478+0000] {taskinstance.py:2330} INFO - Executing <Task(BashOperator): runme_2> on 2026-06-15 00:00:00+00:00
[2026-06-16T23:15:29.514+0000] {warnings.py:112} WARNING - /home/***/.local/lib/python3.12/site-packages/***/task/task_runner/standard_task_runner.py:62: DeprecationWarning: This process (pid=67) is multi-threaded, use of fork() may lead to deadlocks in the child.
  pid = os.fork()

[2026-06-16T23:15:29.524+0000] {standard_task_runner.py:64} INFO - Started process 76 to run task
[2026-06-16T23:15:29.518+0000] {standard_task_runner.py:90} INFO - Running: ['***', 'tasks', 'run', 'example_bash_operator', 'runme_2', 'scheduled__2026-06-15T00:00:00+00:00', '--job-id', '26', '--raw', '--subdir', '/home/***/.local/lib/python3.12/site-packages/***/example_dags/example_bash_operator.py', '--cfg-path', '/tmp/tmpau5nmsxk']
[2026-06-16T23:15:29.536+0000] {standard_task_runner.py:91} INFO - Job 26: Subtask runme_2
[2026-06-16T23:15:29.698+0000] {task_command.py:426} INFO - Running <TaskInstance: example_bash_operator.runme_2 scheduled__2026-06-15T00:00:00+00:00 [running]> on host b23cd512edf1
[2026-06-16T23:15:30.100+0000] {taskinstance.py:2648} INFO - Exporting env vars: AIRFLOW_CTX_DAG_OWNER='***' AIRFLOW_CTX_DAG_ID='example_bash_operator' AIRFLOW_CTX_TASK_ID='runme_2' AIRFLOW_CTX_EXECUTION_DATE='2026-06-15T00:00:00+00:00' AIRFLOW_CTX_TRY_NUMBER='1' AIRFLOW_CTX_DAG_RUN_ID='scheduled__2026-06-15T00:00:00+00:00'
[2026-06-16T23:15:30.105+0000] {taskinstance.py:430} INFO - ::endgroup::
[2026-06-16T23:15:30.106+0000] {subprocess.py:63} INFO - Tmp dir root location: /tmp
[2026-06-16T23:15:30.107+0000] {subprocess.py:75} INFO - Running command: ['/usr/bin/bash', '-c', 'echo "example_bash_operator__runme_2__20260615" && sleep 1']
[2026-06-16T23:15:30.174+0000] {subprocess.py:86} INFO - Output:
[2026-06-16T23:15:30.178+0000] {subprocess.py:93} INFO - example_bash_operator__runme_2__20260615
[2026-06-16T23:15:31.190+0000] {subprocess.py:97} INFO - Command exited with return code 0
[2026-06-16T23:15:31.191+0000] {taskinstance.py:441} INFO - ::group::Post task execution logs
[2026-06-16T23:15:31.250+0000] {taskinstance.py:1206} INFO - Marking task as SUCCESS. dag_id=example_bash_operator, task_id=runme_2, run_id=scheduled__2026-06-15T00:00:00+00:00, execution_date=20260615T000000, start_date=20260616T231529, end_date=20260616T231531
[2026-06-16T23:15:31.335+0000] {local_task_job_runner.py:243} INFO - Task exited with return code 0
[2026-06-16T23:15:31.365+0000] {taskinstance.py:3503} INFO - 1 downstream tasks scheduled from follow-on schedule check
[2026-06-16T23:15:31.367+0000] {local_task_job_runner.py:222} INFO - ::endgroup::
