[2026-06-17T02:55:06.098+0000] {local_task_job_runner.py:120} INFO - ::group::Pre task execution logs
[2026-06-17T02:55:06.201+0000] {taskinstance.py:2076} INFO - Dependencies all met for dep_context=non-requeueable deps ti=<TaskInstance: example_bash_operator.this_will_skip manual__2026-06-17T02:54:55+00:00 [queued]>
[2026-06-17T02:55:06.232+0000] {taskinstance.py:2076} INFO - Dependencies all met for dep_context=requeueable deps ti=<TaskInstance: example_bash_operator.this_will_skip manual__2026-06-17T02:54:55+00:00 [queued]>
[2026-06-17T02:55:06.233+0000] {taskinstance.py:2306} INFO - Starting attempt 1 of 1
[2026-06-17T02:55:06.292+0000] {taskinstance.py:2330} INFO - Executing <Task(BashOperator): this_will_skip> on 2026-06-17 02:54:55+00:00
[2026-06-17T02:55:06.314+0000] {warnings.py:112} WARNING - /home/***/.local/lib/python3.12/site-packages/***/task/task_runner/standard_task_runner.py:62: DeprecationWarning: This process (pid=236) is multi-threaded, use of fork() may lead to deadlocks in the child.
  pid = os.fork()

[2026-06-17T02:55:06.317+0000] {standard_task_runner.py:64} INFO - Started process 245 to run task
[2026-06-17T02:55:06.317+0000] {standard_task_runner.py:90} INFO - Running: ['***', 'tasks', 'run', 'example_bash_operator', 'this_will_skip', 'manual__2026-06-17T02:54:55+00:00', '--job-id', '48', '--raw', '--subdir', '/home/***/.local/lib/python3.12/site-packages/***/example_dags/example_bash_operator.py', '--cfg-path', '/tmp/tmp812m0t70']
[2026-06-17T02:55:06.328+0000] {standard_task_runner.py:91} INFO - Job 48: Subtask this_will_skip
[2026-06-17T02:55:06.451+0000] {task_command.py:426} INFO - Running <TaskInstance: example_bash_operator.this_will_skip manual__2026-06-17T02:54:55+00:00 [running]> on host b23cd512edf1
[2026-06-17T02:55:06.866+0000] {taskinstance.py:2648} INFO - Exporting env vars: AIRFLOW_CTX_DAG_OWNER='***' AIRFLOW_CTX_DAG_ID='example_bash_operator' AIRFLOW_CTX_TASK_ID='this_will_skip' AIRFLOW_CTX_EXECUTION_DATE='2026-06-17T02:54:55+00:00' AIRFLOW_CTX_TRY_NUMBER='1' AIRFLOW_CTX_DAG_RUN_ID='manual__2026-06-17T02:54:55+00:00'
[2026-06-17T02:55:06.870+0000] {taskinstance.py:430} INFO - ::endgroup::
[2026-06-17T02:55:06.874+0000] {subprocess.py:63} INFO - Tmp dir root location: /tmp
[2026-06-17T02:55:06.875+0000] {subprocess.py:75} INFO - Running command: ['/usr/bin/bash', '-c', 'echo "hello world"; exit 99;']
[2026-06-17T02:55:06.920+0000] {subprocess.py:86} INFO - Output:
[2026-06-17T02:55:06.924+0000] {subprocess.py:93} INFO - hello world
[2026-06-17T02:55:06.943+0000] {subprocess.py:97} INFO - Command exited with return code 99
[2026-06-17T02:55:06.957+0000] {taskinstance.py:441} INFO - ::group::Post task execution logs
[2026-06-17T02:55:06.970+0000] {taskinstance.py:2506} INFO - Bash command returned exit code 99. Skipping.
[2026-06-17T02:55:07.041+0000] {taskinstance.py:1206} INFO - Marking task as SKIPPED. dag_id=example_bash_operator, task_id=this_will_skip, run_id=manual__2026-06-17T02:54:55+00:00, execution_date=20260617T025455, start_date=20260617T025506, end_date=20260617T025507
[2026-06-17T02:55:07.122+0000] {local_task_job_runner.py:243} INFO - Task exited with return code 0
[2026-06-17T02:55:07.171+0000] {local_task_job_runner.py:222} INFO - ::endgroup::
