[2026-06-15T19:12:02.438+0000] {processor.py:161} INFO - Started process (PID=81) to work on /home/airflow/.local/lib/python3.12/site-packages/airflow/example_dags/example_latest_only_with_trigger.py
[2026-06-15T19:12:02.443+0000] {processor.py:830} INFO - Processing file /home/airflow/.local/lib/python3.12/site-packages/airflow/example_dags/example_latest_only_with_trigger.py for tasks to queue
[2026-06-15T19:12:02.461+0000] {logging_mixin.py:188} INFO - [2026-06-15T19:12:02.461+0000] {dagbag.py:545} INFO - Filling up the DagBag from /home/airflow/.local/lib/python3.12/site-packages/airflow/example_dags/example_latest_only_with_trigger.py
[2026-06-15T19:12:02.644+0000] {processor.py:840} INFO - DAG(s) 'latest_only_with_trigger' retrieved from /home/airflow/.local/lib/python3.12/site-packages/airflow/example_dags/example_latest_only_with_trigger.py
[2026-06-15T19:12:03.176+0000] {logging_mixin.py:188} INFO - [2026-06-15T19:12:03.176+0000] {dag.py:3089} INFO - Sync 1 DAGs
[2026-06-15T19:12:03.273+0000] {logging_mixin.py:188} INFO - [2026-06-15T19:12:03.273+0000] {dag.py:3947} INFO - Setting next_dagrun for latest_only_with_trigger to 2026-06-15 12:00:00+00:00, run_after=2026-06-15 16:00:00+00:00
[2026-06-15T19:12:03.334+0000] {processor.py:183} INFO - Processing /home/airflow/.local/lib/python3.12/site-packages/airflow/example_dags/example_latest_only_with_trigger.py took 1.004 seconds
[2026-06-15T19:12:33.621+0000] {processor.py:161} INFO - Started process (PID=145) to work on /home/airflow/.local/lib/python3.12/site-packages/airflow/example_dags/example_latest_only_with_trigger.py
[2026-06-15T19:12:33.622+0000] {processor.py:830} INFO - Processing file /home/airflow/.local/lib/python3.12/site-packages/airflow/example_dags/example_latest_only_with_trigger.py for tasks to queue
[2026-06-15T19:12:33.624+0000] {logging_mixin.py:188} INFO - [2026-06-15T19:12:33.624+0000] {dagbag.py:545} INFO - Filling up the DagBag from /home/airflow/.local/lib/python3.12/site-packages/airflow/example_dags/example_latest_only_with_trigger.py
[2026-06-15T19:12:33.636+0000] {processor.py:840} INFO - DAG(s) 'latest_only_with_trigger' retrieved from /home/airflow/.local/lib/python3.12/site-packages/airflow/example_dags/example_latest_only_with_trigger.py
[2026-06-15T19:12:33.663+0000] {logging_mixin.py:188} INFO - [2026-06-15T19:12:33.663+0000] {dag.py:3089} INFO - Sync 1 DAGs
[2026-06-15T19:12:33.699+0000] {logging_mixin.py:188} INFO - [2026-06-15T19:12:33.698+0000] {dag.py:3947} INFO - Setting next_dagrun for latest_only_with_trigger to 2026-06-15 12:00:00+00:00, run_after=2026-06-15 16:00:00+00:00
[2026-06-15T19:12:33.722+0000] {processor.py:183} INFO - Processing /home/airflow/.local/lib/python3.12/site-packages/airflow/example_dags/example_latest_only_with_trigger.py took 0.109 seconds
[2026-06-15T19:13:04.554+0000] {processor.py:161} INFO - Started process (PID=203) to work on /home/airflow/.local/lib/python3.12/site-packages/airflow/example_dags/example_latest_only_with_trigger.py
[2026-06-15T19:13:04.555+0000] {processor.py:830} INFO - Processing file /home/airflow/.local/lib/python3.12/site-packages/airflow/example_dags/example_latest_only_with_trigger.py for tasks to queue
[2026-06-15T19:13:04.557+0000] {logging_mixin.py:188} INFO - [2026-06-15T19:13:04.556+0000] {dagbag.py:545} INFO - Filling up the DagBag from /home/airflow/.local/lib/python3.12/site-packages/airflow/example_dags/example_latest_only_with_trigger.py
[2026-06-15T19:13:04.564+0000] {processor.py:840} INFO - DAG(s) 'latest_only_with_trigger' retrieved from /home/airflow/.local/lib/python3.12/site-packages/airflow/example_dags/example_latest_only_with_trigger.py
[2026-06-15T19:13:04.588+0000] {logging_mixin.py:188} INFO - [2026-06-15T19:13:04.588+0000] {dag.py:3089} INFO - Sync 1 DAGs
[2026-06-15T19:13:04.616+0000] {logging_mixin.py:188} INFO - [2026-06-15T19:13:04.616+0000] {dag.py:3947} INFO - Setting next_dagrun for latest_only_with_trigger to 2026-06-15 12:00:00+00:00, run_after=2026-06-15 16:00:00+00:00
[2026-06-15T19:13:04.638+0000] {processor.py:183} INFO - Processing /home/airflow/.local/lib/python3.12/site-packages/airflow/example_dags/example_latest_only_with_trigger.py took 0.110 seconds
[2026-06-15T19:13:34.821+0000] {processor.py:161} INFO - Started process (PID=261) to work on /home/airflow/.local/lib/python3.12/site-packages/airflow/example_dags/example_latest_only_with_trigger.py
[2026-06-15T19:13:34.822+0000] {processor.py:830} INFO - Processing file /home/airflow/.local/lib/python3.12/site-packages/airflow/example_dags/example_latest_only_with_trigger.py for tasks to queue
[2026-06-15T19:13:34.824+0000] {logging_mixin.py:188} INFO - [2026-06-15T19:13:34.824+0000] {dagbag.py:545} INFO - Filling up the DagBag from /home/airflow/.local/lib/python3.12/site-packages/airflow/example_dags/example_latest_only_with_trigger.py
[2026-06-15T19:13:34.830+0000] {processor.py:840} INFO - DAG(s) 'latest_only_with_trigger' retrieved from /home/airflow/.local/lib/python3.12/site-packages/airflow/example_dags/example_latest_only_with_trigger.py
[2026-06-15T19:13:34.892+0000] {logging_mixin.py:188} INFO - [2026-06-15T19:13:34.891+0000] {dag.py:3089} INFO - Sync 1 DAGs
[2026-06-15T19:13:34.920+0000] {logging_mixin.py:188} INFO - [2026-06-15T19:13:34.920+0000] {dag.py:3947} INFO - Setting next_dagrun for latest_only_with_trigger to 2026-06-15 12:00:00+00:00, run_after=2026-06-15 16:00:00+00:00
[2026-06-15T19:13:34.941+0000] {processor.py:183} INFO - Processing /home/airflow/.local/lib/python3.12/site-packages/airflow/example_dags/example_latest_only_with_trigger.py took 0.133 seconds
[2026-06-15T19:14:05.682+0000] {processor.py:161} INFO - Started process (PID=317) to work on /home/airflow/.local/lib/python3.12/site-packages/airflow/example_dags/example_latest_only_with_trigger.py
[2026-06-15T19:14:05.686+0000] {processor.py:830} INFO - Processing file /home/airflow/.local/lib/python3.12/site-packages/airflow/example_dags/example_latest_only_with_trigger.py for tasks to queue
[2026-06-15T19:14:05.693+0000] {logging_mixin.py:188} INFO - [2026-06-15T19:14:05.693+0000] {dagbag.py:545} INFO - Filling up the DagBag from /home/airflow/.local/lib/python3.12/site-packages/airflow/example_dags/example_latest_only_with_trigger.py
[2026-06-15T19:14:05.718+0000] {processor.py:840} INFO - DAG(s) 'latest_only_with_trigger' retrieved from /home/airflow/.local/lib/python3.12/site-packages/airflow/example_dags/example_latest_only_with_trigger.py
[2026-06-15T19:14:05.844+0000] {logging_mixin.py:188} INFO - [2026-06-15T19:14:05.844+0000] {dag.py:3089} INFO - Sync 1 DAGs
[2026-06-15T19:14:05.987+0000] {logging_mixin.py:188} INFO - [2026-06-15T19:14:05.987+0000] {dag.py:3947} INFO - Setting next_dagrun for latest_only_with_trigger to 2026-06-15 12:00:00+00:00, run_after=2026-06-15 16:00:00+00:00
[2026-06-15T19:14:06.072+0000] {processor.py:183} INFO - Processing /home/airflow/.local/lib/python3.12/site-packages/airflow/example_dags/example_latest_only_with_trigger.py took 0.417 seconds
[2026-06-15T19:14:36.530+0000] {processor.py:161} INFO - Started process (PID=375) to work on /home/airflow/.local/lib/python3.12/site-packages/airflow/example_dags/example_latest_only_with_trigger.py
[2026-06-15T19:14:36.531+0000] {processor.py:830} INFO - Processing file /home/airflow/.local/lib/python3.12/site-packages/airflow/example_dags/example_latest_only_with_trigger.py for tasks to queue
[2026-06-15T19:14:36.533+0000] {logging_mixin.py:188} INFO - [2026-06-15T19:14:36.532+0000] {dagbag.py:545} INFO - Filling up the DagBag from /home/airflow/.local/lib/python3.12/site-packages/airflow/example_dags/example_latest_only_with_trigger.py
[2026-06-15T19:14:36.539+0000] {processor.py:840} INFO - DAG(s) 'latest_only_with_trigger' retrieved from /home/airflow/.local/lib/python3.12/site-packages/airflow/example_dags/example_latest_only_with_trigger.py
[2026-06-15T19:14:36.564+0000] {logging_mixin.py:188} INFO - [2026-06-15T19:14:36.564+0000] {dag.py:3089} INFO - Sync 1 DAGs
[2026-06-15T19:14:36.596+0000] {logging_mixin.py:188} INFO - [2026-06-15T19:14:36.596+0000] {dag.py:3947} INFO - Setting next_dagrun for latest_only_with_trigger to 2026-06-15 12:00:00+00:00, run_after=2026-06-15 16:00:00+00:00
[2026-06-15T19:14:36.616+0000] {processor.py:183} INFO - Processing /home/airflow/.local/lib/python3.12/site-packages/airflow/example_dags/example_latest_only_with_trigger.py took 0.093 seconds
[2026-06-15T19:15:07.173+0000] {processor.py:161} INFO - Started process (PID=433) to work on /home/airflow/.local/lib/python3.12/site-packages/airflow/example_dags/example_latest_only_with_trigger.py
[2026-06-15T19:15:07.174+0000] {processor.py:830} INFO - Processing file /home/airflow/.local/lib/python3.12/site-packages/airflow/example_dags/example_latest_only_with_trigger.py for tasks to queue
[2026-06-15T19:15:07.176+0000] {logging_mixin.py:188} INFO - [2026-06-15T19:15:07.176+0000] {dagbag.py:545} INFO - Filling up the DagBag from /home/airflow/.local/lib/python3.12/site-packages/airflow/example_dags/example_latest_only_with_trigger.py
[2026-06-15T19:15:07.183+0000] {processor.py:840} INFO - DAG(s) 'latest_only_with_trigger' retrieved from /home/airflow/.local/lib/python3.12/site-packages/airflow/example_dags/example_latest_only_with_trigger.py
[2026-06-15T19:15:07.208+0000] {logging_mixin.py:188} INFO - [2026-06-15T19:15:07.208+0000] {dag.py:3089} INFO - Sync 1 DAGs
[2026-06-15T19:15:07.239+0000] {logging_mixin.py:188} INFO - [2026-06-15T19:15:07.239+0000] {dag.py:3947} INFO - Setting next_dagrun for latest_only_with_trigger to 2026-06-15 12:00:00+00:00, run_after=2026-06-15 16:00:00+00:00
[2026-06-15T19:15:07.259+0000] {processor.py:183} INFO - Processing /home/airflow/.local/lib/python3.12/site-packages/airflow/example_dags/example_latest_only_with_trigger.py took 0.093 seconds
[2026-06-15T19:15:37.644+0000] {processor.py:161} INFO - Started process (PID=491) to work on /home/airflow/.local/lib/python3.12/site-packages/airflow/example_dags/example_latest_only_with_trigger.py
[2026-06-15T19:15:37.647+0000] {processor.py:830} INFO - Processing file /home/airflow/.local/lib/python3.12/site-packages/airflow/example_dags/example_latest_only_with_trigger.py for tasks to queue
[2026-06-15T19:15:37.653+0000] {logging_mixin.py:188} INFO - [2026-06-15T19:15:37.652+0000] {dagbag.py:545} INFO - Filling up the DagBag from /home/airflow/.local/lib/python3.12/site-packages/airflow/example_dags/example_latest_only_with_trigger.py
[2026-06-15T19:15:37.663+0000] {processor.py:840} INFO - DAG(s) 'latest_only_with_trigger' retrieved from /home/airflow/.local/lib/python3.12/site-packages/airflow/example_dags/example_latest_only_with_trigger.py
[2026-06-15T19:15:37.691+0000] {logging_mixin.py:188} INFO - [2026-06-15T19:15:37.691+0000] {dag.py:3089} INFO - Sync 1 DAGs
[2026-06-15T19:15:37.720+0000] {logging_mixin.py:188} INFO - [2026-06-15T19:15:37.719+0000] {dag.py:3947} INFO - Setting next_dagrun for latest_only_with_trigger to 2026-06-15 12:00:00+00:00, run_after=2026-06-15 16:00:00+00:00
[2026-06-15T19:15:37.742+0000] {processor.py:183} INFO - Processing /home/airflow/.local/lib/python3.12/site-packages/airflow/example_dags/example_latest_only_with_trigger.py took 0.110 seconds
[2026-06-15T19:16:08.040+0000] {processor.py:161} INFO - Started process (PID=549) to work on /home/airflow/.local/lib/python3.12/site-packages/airflow/example_dags/example_latest_only_with_trigger.py
[2026-06-15T19:16:08.042+0000] {processor.py:830} INFO - Processing file /home/airflow/.local/lib/python3.12/site-packages/airflow/example_dags/example_latest_only_with_trigger.py for tasks to queue
[2026-06-15T19:16:08.047+0000] {logging_mixin.py:188} INFO - [2026-06-15T19:16:08.047+0000] {dagbag.py:545} INFO - Filling up the DagBag from /home/airflow/.local/lib/python3.12/site-packages/airflow/example_dags/example_latest_only_with_trigger.py
[2026-06-15T19:16:08.059+0000] {processor.py:840} INFO - DAG(s) 'latest_only_with_trigger' retrieved from /home/airflow/.local/lib/python3.12/site-packages/airflow/example_dags/example_latest_only_with_trigger.py
[2026-06-15T19:16:08.091+0000] {logging_mixin.py:188} INFO - [2026-06-15T19:16:08.091+0000] {dag.py:3089} INFO - Sync 1 DAGs
[2026-06-15T19:16:08.141+0000] {logging_mixin.py:188} INFO - [2026-06-15T19:16:08.140+0000] {dag.py:3947} INFO - Setting next_dagrun for latest_only_with_trigger to 2026-06-15 12:00:00+00:00, run_after=2026-06-15 16:00:00+00:00
[2026-06-15T19:16:08.166+0000] {processor.py:183} INFO - Processing /home/airflow/.local/lib/python3.12/site-packages/airflow/example_dags/example_latest_only_with_trigger.py took 0.139 seconds
[2026-06-15T19:16:38.223+0000] {processor.py:161} INFO - Started process (PID=605) to work on /home/airflow/.local/lib/python3.12/site-packages/airflow/example_dags/example_latest_only_with_trigger.py
[2026-06-15T19:16:38.223+0000] {processor.py:830} INFO - Processing file /home/airflow/.local/lib/python3.12/site-packages/airflow/example_dags/example_latest_only_with_trigger.py for tasks to queue
[2026-06-15T19:16:38.225+0000] {logging_mixin.py:188} INFO - [2026-06-15T19:16:38.225+0000] {dagbag.py:545} INFO - Filling up the DagBag from /home/airflow/.local/lib/python3.12/site-packages/airflow/example_dags/example_latest_only_with_trigger.py
[2026-06-15T19:16:38.230+0000] {processor.py:840} INFO - DAG(s) 'latest_only_with_trigger' retrieved from /home/airflow/.local/lib/python3.12/site-packages/airflow/example_dags/example_latest_only_with_trigger.py
[2026-06-15T19:16:38.248+0000] {logging_mixin.py:188} INFO - [2026-06-15T19:16:38.248+0000] {dag.py:3089} INFO - Sync 1 DAGs
[2026-06-15T19:16:38.267+0000] {logging_mixin.py:188} INFO - [2026-06-15T19:16:38.266+0000] {dag.py:3947} INFO - Setting next_dagrun for latest_only_with_trigger to 2026-06-15 12:00:00+00:00, run_after=2026-06-15 16:00:00+00:00
[2026-06-15T19:16:38.282+0000] {processor.py:183} INFO - Processing /home/airflow/.local/lib/python3.12/site-packages/airflow/example_dags/example_latest_only_with_trigger.py took 0.064 seconds
[2026-06-15T19:17:08.445+0000] {processor.py:161} INFO - Started process (PID=663) to work on /home/airflow/.local/lib/python3.12/site-packages/airflow/example_dags/example_latest_only_with_trigger.py
[2026-06-15T19:17:08.446+0000] {processor.py:830} INFO - Processing file /home/airflow/.local/lib/python3.12/site-packages/airflow/example_dags/example_latest_only_with_trigger.py for tasks to queue
[2026-06-15T19:17:08.449+0000] {logging_mixin.py:188} INFO - [2026-06-15T19:17:08.448+0000] {dagbag.py:545} INFO - Filling up the DagBag from /home/airflow/.local/lib/python3.12/site-packages/airflow/example_dags/example_latest_only_with_trigger.py
[2026-06-15T19:17:08.455+0000] {processor.py:840} INFO - DAG(s) 'latest_only_with_trigger' retrieved from /home/airflow/.local/lib/python3.12/site-packages/airflow/example_dags/example_latest_only_with_trigger.py
[2026-06-15T19:17:08.489+0000] {logging_mixin.py:188} INFO - [2026-06-15T19:17:08.488+0000] {dag.py:3089} INFO - Sync 1 DAGs
[2026-06-15T19:17:08.540+0000] {logging_mixin.py:188} INFO - [2026-06-15T19:17:08.540+0000] {dag.py:3947} INFO - Setting next_dagrun for latest_only_with_trigger to 2026-06-15 12:00:00+00:00, run_after=2026-06-15 16:00:00+00:00
[2026-06-15T19:17:08.566+0000] {processor.py:183} INFO - Processing /home/airflow/.local/lib/python3.12/site-packages/airflow/example_dags/example_latest_only_with_trigger.py took 0.128 seconds
[2026-06-15T19:17:38.846+0000] {processor.py:161} INFO - Started process (PID=721) to work on /home/airflow/.local/lib/python3.12/site-packages/airflow/example_dags/example_latest_only_with_trigger.py
[2026-06-15T19:17:38.852+0000] {processor.py:830} INFO - Processing file /home/airflow/.local/lib/python3.12/site-packages/airflow/example_dags/example_latest_only_with_trigger.py for tasks to queue
[2026-06-15T19:17:38.860+0000] {logging_mixin.py:188} INFO - [2026-06-15T19:17:38.860+0000] {dagbag.py:545} INFO - Filling up the DagBag from /home/airflow/.local/lib/python3.12/site-packages/airflow/example_dags/example_latest_only_with_trigger.py
[2026-06-15T19:17:38.887+0000] {processor.py:840} INFO - DAG(s) 'latest_only_with_trigger' retrieved from /home/airflow/.local/lib/python3.12/site-packages/airflow/example_dags/example_latest_only_with_trigger.py
[2026-06-15T19:17:38.967+0000] {logging_mixin.py:188} INFO - [2026-06-15T19:17:38.967+0000] {dag.py:3089} INFO - Sync 1 DAGs
[2026-06-15T19:17:39.051+0000] {logging_mixin.py:188} INFO - [2026-06-15T19:17:39.051+0000] {dag.py:3947} INFO - Setting next_dagrun for latest_only_with_trigger to 2026-06-15 12:00:00+00:00, run_after=2026-06-15 16:00:00+00:00
[2026-06-15T19:17:39.119+0000] {processor.py:183} INFO - Processing /home/airflow/.local/lib/python3.12/site-packages/airflow/example_dags/example_latest_only_with_trigger.py took 0.303 seconds
[2026-06-15T19:18:09.721+0000] {processor.py:161} INFO - Started process (PID=779) to work on /home/airflow/.local/lib/python3.12/site-packages/airflow/example_dags/example_latest_only_with_trigger.py
[2026-06-15T19:18:09.724+0000] {processor.py:830} INFO - Processing file /home/airflow/.local/lib/python3.12/site-packages/airflow/example_dags/example_latest_only_with_trigger.py for tasks to queue
[2026-06-15T19:18:09.726+0000] {logging_mixin.py:188} INFO - [2026-06-15T19:18:09.725+0000] {dagbag.py:545} INFO - Filling up the DagBag from /home/airflow/.local/lib/python3.12/site-packages/airflow/example_dags/example_latest_only_with_trigger.py
[2026-06-15T19:18:09.732+0000] {processor.py:840} INFO - DAG(s) 'latest_only_with_trigger' retrieved from /home/airflow/.local/lib/python3.12/site-packages/airflow/example_dags/example_latest_only_with_trigger.py
[2026-06-15T19:18:09.755+0000] {logging_mixin.py:188} INFO - [2026-06-15T19:18:09.755+0000] {dag.py:3089} INFO - Sync 1 DAGs
[2026-06-15T19:18:09.783+0000] {logging_mixin.py:188} INFO - [2026-06-15T19:18:09.783+0000] {dag.py:3947} INFO - Setting next_dagrun for latest_only_with_trigger to 2026-06-15 12:00:00+00:00, run_after=2026-06-15 16:00:00+00:00
[2026-06-15T19:18:09.806+0000] {processor.py:183} INFO - Processing /home/airflow/.local/lib/python3.12/site-packages/airflow/example_dags/example_latest_only_with_trigger.py took 0.095 seconds
[2026-06-15T19:18:39.930+0000] {processor.py:161} INFO - Started process (PID=837) to work on /home/airflow/.local/lib/python3.12/site-packages/airflow/example_dags/example_latest_only_with_trigger.py
[2026-06-15T19:18:39.931+0000] {processor.py:830} INFO - Processing file /home/airflow/.local/lib/python3.12/site-packages/airflow/example_dags/example_latest_only_with_trigger.py for tasks to queue
[2026-06-15T19:18:39.933+0000] {logging_mixin.py:188} INFO - [2026-06-15T19:18:39.932+0000] {dagbag.py:545} INFO - Filling up the DagBag from /home/airflow/.local/lib/python3.12/site-packages/airflow/example_dags/example_latest_only_with_trigger.py
[2026-06-15T19:18:39.939+0000] {processor.py:840} INFO - DAG(s) 'latest_only_with_trigger' retrieved from /home/airflow/.local/lib/python3.12/site-packages/airflow/example_dags/example_latest_only_with_trigger.py
[2026-06-15T19:18:39.964+0000] {logging_mixin.py:188} INFO - [2026-06-15T19:18:39.964+0000] {dag.py:3089} INFO - Sync 1 DAGs
[2026-06-15T19:18:39.991+0000] {logging_mixin.py:188} INFO - [2026-06-15T19:18:39.991+0000] {dag.py:3947} INFO - Setting next_dagrun for latest_only_with_trigger to 2026-06-15 12:00:00+00:00, run_after=2026-06-15 16:00:00+00:00
[2026-06-15T19:18:40.012+0000] {processor.py:183} INFO - Processing /home/airflow/.local/lib/python3.12/site-packages/airflow/example_dags/example_latest_only_with_trigger.py took 0.088 seconds
[2026-06-15T19:19:10.473+0000] {processor.py:161} INFO - Started process (PID=895) to work on /home/airflow/.local/lib/python3.12/site-packages/airflow/example_dags/example_latest_only_with_trigger.py
[2026-06-15T19:19:10.474+0000] {processor.py:830} INFO - Processing file /home/airflow/.local/lib/python3.12/site-packages/airflow/example_dags/example_latest_only_with_trigger.py for tasks to queue
[2026-06-15T19:19:10.479+0000] {logging_mixin.py:188} INFO - [2026-06-15T19:19:10.479+0000] {dagbag.py:545} INFO - Filling up the DagBag from /home/airflow/.local/lib/python3.12/site-packages/airflow/example_dags/example_latest_only_with_trigger.py
[2026-06-15T19:19:10.487+0000] {processor.py:840} INFO - DAG(s) 'latest_only_with_trigger' retrieved from /home/airflow/.local/lib/python3.12/site-packages/airflow/example_dags/example_latest_only_with_trigger.py
[2026-06-15T19:19:10.521+0000] {logging_mixin.py:188} INFO - [2026-06-15T19:19:10.521+0000] {dag.py:3089} INFO - Sync 1 DAGs
[2026-06-15T19:19:10.570+0000] {logging_mixin.py:188} INFO - [2026-06-15T19:19:10.570+0000] {dag.py:3947} INFO - Setting next_dagrun for latest_only_with_trigger to 2026-06-15 12:00:00+00:00, run_after=2026-06-15 16:00:00+00:00
[2026-06-15T19:19:10.618+0000] {processor.py:183} INFO - Processing /home/airflow/.local/lib/python3.12/site-packages/airflow/example_dags/example_latest_only_with_trigger.py took 0.158 seconds
[2026-06-15T19:19:40.669+0000] {processor.py:161} INFO - Started process (PID=952) to work on /home/airflow/.local/lib/python3.12/site-packages/airflow/example_dags/example_latest_only_with_trigger.py
[2026-06-15T19:19:40.670+0000] {processor.py:830} INFO - Processing file /home/airflow/.local/lib/python3.12/site-packages/airflow/example_dags/example_latest_only_with_trigger.py for tasks to queue
[2026-06-15T19:19:40.671+0000] {logging_mixin.py:188} INFO - [2026-06-15T19:19:40.671+0000] {dagbag.py:545} INFO - Filling up the DagBag from /home/airflow/.local/lib/python3.12/site-packages/airflow/example_dags/example_latest_only_with_trigger.py
[2026-06-15T19:19:40.676+0000] {processor.py:840} INFO - DAG(s) 'latest_only_with_trigger' retrieved from /home/airflow/.local/lib/python3.12/site-packages/airflow/example_dags/example_latest_only_with_trigger.py
[2026-06-15T19:19:40.694+0000] {logging_mixin.py:188} INFO - [2026-06-15T19:19:40.694+0000] {dag.py:3089} INFO - Sync 1 DAGs
[2026-06-15T19:19:40.713+0000] {logging_mixin.py:188} INFO - [2026-06-15T19:19:40.713+0000] {dag.py:3947} INFO - Setting next_dagrun for latest_only_with_trigger to 2026-06-15 12:00:00+00:00, run_after=2026-06-15 16:00:00+00:00
[2026-06-15T19:19:40.728+0000] {processor.py:183} INFO - Processing /home/airflow/.local/lib/python3.12/site-packages/airflow/example_dags/example_latest_only_with_trigger.py took 0.065 seconds
[2026-06-15T19:20:11.094+0000] {processor.py:161} INFO - Started process (PID=1011) to work on /home/airflow/.local/lib/python3.12/site-packages/airflow/example_dags/example_latest_only_with_trigger.py
[2026-06-15T19:20:11.095+0000] {processor.py:830} INFO - Processing file /home/airflow/.local/lib/python3.12/site-packages/airflow/example_dags/example_latest_only_with_trigger.py for tasks to queue
[2026-06-15T19:20:11.097+0000] {logging_mixin.py:188} INFO - [2026-06-15T19:20:11.097+0000] {dagbag.py:545} INFO - Filling up the DagBag from /home/airflow/.local/lib/python3.12/site-packages/airflow/example_dags/example_latest_only_with_trigger.py
[2026-06-15T19:20:11.104+0000] {processor.py:840} INFO - DAG(s) 'latest_only_with_trigger' retrieved from /home/airflow/.local/lib/python3.12/site-packages/airflow/example_dags/example_latest_only_with_trigger.py
[2026-06-15T19:20:11.129+0000] {logging_mixin.py:188} INFO - [2026-06-15T19:20:11.129+0000] {dag.py:3089} INFO - Sync 1 DAGs
[2026-06-15T19:20:11.159+0000] {logging_mixin.py:188} INFO - [2026-06-15T19:20:11.158+0000] {dag.py:3947} INFO - Setting next_dagrun for latest_only_with_trigger to 2026-06-15 12:00:00+00:00, run_after=2026-06-15 16:00:00+00:00
[2026-06-15T19:20:11.181+0000] {processor.py:183} INFO - Processing /home/airflow/.local/lib/python3.12/site-packages/airflow/example_dags/example_latest_only_with_trigger.py took 0.094 seconds
[2026-06-15T19:20:41.712+0000] {processor.py:161} INFO - Started process (PID=1069) to work on /home/airflow/.local/lib/python3.12/site-packages/airflow/example_dags/example_latest_only_with_trigger.py
[2026-06-15T19:20:41.713+0000] {processor.py:830} INFO - Processing file /home/airflow/.local/lib/python3.12/site-packages/airflow/example_dags/example_latest_only_with_trigger.py for tasks to queue
[2026-06-15T19:20:41.715+0000] {logging_mixin.py:188} INFO - [2026-06-15T19:20:41.714+0000] {dagbag.py:545} INFO - Filling up the DagBag from /home/airflow/.local/lib/python3.12/site-packages/airflow/example_dags/example_latest_only_with_trigger.py
[2026-06-15T19:20:41.722+0000] {processor.py:840} INFO - DAG(s) 'latest_only_with_trigger' retrieved from /home/airflow/.local/lib/python3.12/site-packages/airflow/example_dags/example_latest_only_with_trigger.py
[2026-06-15T19:20:41.745+0000] {logging_mixin.py:188} INFO - [2026-06-15T19:20:41.745+0000] {dag.py:3089} INFO - Sync 1 DAGs
[2026-06-15T19:20:41.773+0000] {logging_mixin.py:188} INFO - [2026-06-15T19:20:41.772+0000] {dag.py:3947} INFO - Setting next_dagrun for latest_only_with_trigger to 2026-06-15 12:00:00+00:00, run_after=2026-06-15 16:00:00+00:00
[2026-06-15T19:20:41.794+0000] {processor.py:183} INFO - Processing /home/airflow/.local/lib/python3.12/site-packages/airflow/example_dags/example_latest_only_with_trigger.py took 0.091 seconds
[2026-06-15T19:21:12.266+0000] {processor.py:161} INFO - Started process (PID=1127) to work on /home/airflow/.local/lib/python3.12/site-packages/airflow/example_dags/example_latest_only_with_trigger.py
[2026-06-15T19:21:12.267+0000] {processor.py:830} INFO - Processing file /home/airflow/.local/lib/python3.12/site-packages/airflow/example_dags/example_latest_only_with_trigger.py for tasks to queue
[2026-06-15T19:21:12.269+0000] {logging_mixin.py:188} INFO - [2026-06-15T19:21:12.269+0000] {dagbag.py:545} INFO - Filling up the DagBag from /home/airflow/.local/lib/python3.12/site-packages/airflow/example_dags/example_latest_only_with_trigger.py
[2026-06-15T19:21:12.276+0000] {processor.py:840} INFO - DAG(s) 'latest_only_with_trigger' retrieved from /home/airflow/.local/lib/python3.12/site-packages/airflow/example_dags/example_latest_only_with_trigger.py
[2026-06-15T19:21:12.304+0000] {logging_mixin.py:188} INFO - [2026-06-15T19:21:12.304+0000] {dag.py:3089} INFO - Sync 1 DAGs
[2026-06-15T19:21:12.339+0000] {logging_mixin.py:188} INFO - [2026-06-15T19:21:12.339+0000] {dag.py:3947} INFO - Setting next_dagrun for latest_only_with_trigger to 2026-06-15 12:00:00+00:00, run_after=2026-06-15 16:00:00+00:00
[2026-06-15T19:21:12.360+0000] {processor.py:183} INFO - Processing /home/airflow/.local/lib/python3.12/site-packages/airflow/example_dags/example_latest_only_with_trigger.py took 0.101 seconds
[2026-06-15T19:21:42.523+0000] {processor.py:161} INFO - Started process (PID=1185) to work on /home/airflow/.local/lib/python3.12/site-packages/airflow/example_dags/example_latest_only_with_trigger.py
[2026-06-15T19:21:42.526+0000] {processor.py:830} INFO - Processing file /home/airflow/.local/lib/python3.12/site-packages/airflow/example_dags/example_latest_only_with_trigger.py for tasks to queue
[2026-06-15T19:21:42.530+0000] {logging_mixin.py:188} INFO - [2026-06-15T19:21:42.530+0000] {dagbag.py:545} INFO - Filling up the DagBag from /home/airflow/.local/lib/python3.12/site-packages/airflow/example_dags/example_latest_only_with_trigger.py
[2026-06-15T19:21:42.551+0000] {processor.py:840} INFO - DAG(s) 'latest_only_with_trigger' retrieved from /home/airflow/.local/lib/python3.12/site-packages/airflow/example_dags/example_latest_only_with_trigger.py
[2026-06-15T19:21:42.620+0000] {logging_mixin.py:188} INFO - [2026-06-15T19:21:42.620+0000] {dag.py:3089} INFO - Sync 1 DAGs
[2026-06-15T19:21:42.703+0000] {logging_mixin.py:188} INFO - [2026-06-15T19:21:42.702+0000] {dag.py:3947} INFO - Setting next_dagrun for latest_only_with_trigger to 2026-06-15 12:00:00+00:00, run_after=2026-06-15 16:00:00+00:00
[2026-06-15T19:21:42.829+0000] {processor.py:183} INFO - Processing /home/airflow/.local/lib/python3.12/site-packages/airflow/example_dags/example_latest_only_with_trigger.py took 0.326 seconds
[2026-06-15T19:22:13.237+0000] {processor.py:161} INFO - Started process (PID=1243) to work on /home/airflow/.local/lib/python3.12/site-packages/airflow/example_dags/example_latest_only_with_trigger.py
[2026-06-15T19:22:13.238+0000] {processor.py:830} INFO - Processing file /home/airflow/.local/lib/python3.12/site-packages/airflow/example_dags/example_latest_only_with_trigger.py for tasks to queue
[2026-06-15T19:22:13.240+0000] {logging_mixin.py:188} INFO - [2026-06-15T19:22:13.240+0000] {dagbag.py:545} INFO - Filling up the DagBag from /home/airflow/.local/lib/python3.12/site-packages/airflow/example_dags/example_latest_only_with_trigger.py
[2026-06-15T19:22:13.253+0000] {processor.py:840} INFO - DAG(s) 'latest_only_with_trigger' retrieved from /home/airflow/.local/lib/python3.12/site-packages/airflow/example_dags/example_latest_only_with_trigger.py
[2026-06-15T19:22:13.276+0000] {logging_mixin.py:188} INFO - [2026-06-15T19:22:13.276+0000] {dag.py:3089} INFO - Sync 1 DAGs
[2026-06-15T19:22:13.304+0000] {logging_mixin.py:188} INFO - [2026-06-15T19:22:13.303+0000] {dag.py:3947} INFO - Setting next_dagrun for latest_only_with_trigger to 2026-06-15 12:00:00+00:00, run_after=2026-06-15 16:00:00+00:00
[2026-06-15T19:22:13.338+0000] {processor.py:183} INFO - Processing /home/airflow/.local/lib/python3.12/site-packages/airflow/example_dags/example_latest_only_with_trigger.py took 0.108 seconds
[2026-06-15T19:22:43.819+0000] {processor.py:161} INFO - Started process (PID=1301) to work on /home/airflow/.local/lib/python3.12/site-packages/airflow/example_dags/example_latest_only_with_trigger.py
[2026-06-15T19:22:43.820+0000] {processor.py:830} INFO - Processing file /home/airflow/.local/lib/python3.12/site-packages/airflow/example_dags/example_latest_only_with_trigger.py for tasks to queue
[2026-06-15T19:22:43.822+0000] {logging_mixin.py:188} INFO - [2026-06-15T19:22:43.822+0000] {dagbag.py:545} INFO - Filling up the DagBag from /home/airflow/.local/lib/python3.12/site-packages/airflow/example_dags/example_latest_only_with_trigger.py
[2026-06-15T19:22:43.830+0000] {processor.py:840} INFO - DAG(s) 'latest_only_with_trigger' retrieved from /home/airflow/.local/lib/python3.12/site-packages/airflow/example_dags/example_latest_only_with_trigger.py
[2026-06-15T19:22:43.854+0000] {logging_mixin.py:188} INFO - [2026-06-15T19:22:43.853+0000] {dag.py:3089} INFO - Sync 1 DAGs
[2026-06-15T19:22:43.881+0000] {logging_mixin.py:188} INFO - [2026-06-15T19:22:43.881+0000] {dag.py:3947} INFO - Setting next_dagrun for latest_only_with_trigger to 2026-06-15 12:00:00+00:00, run_after=2026-06-15 16:00:00+00:00
[2026-06-15T19:22:43.901+0000] {processor.py:183} INFO - Processing /home/airflow/.local/lib/python3.12/site-packages/airflow/example_dags/example_latest_only_with_trigger.py took 0.091 seconds
[2026-06-15T19:23:14.291+0000] {processor.py:161} INFO - Started process (PID=1359) to work on /home/airflow/.local/lib/python3.12/site-packages/airflow/example_dags/example_latest_only_with_trigger.py
[2026-06-15T19:23:14.292+0000] {processor.py:830} INFO - Processing file /home/airflow/.local/lib/python3.12/site-packages/airflow/example_dags/example_latest_only_with_trigger.py for tasks to queue
[2026-06-15T19:23:14.294+0000] {logging_mixin.py:188} INFO - [2026-06-15T19:23:14.293+0000] {dagbag.py:545} INFO - Filling up the DagBag from /home/airflow/.local/lib/python3.12/site-packages/airflow/example_dags/example_latest_only_with_trigger.py
[2026-06-15T19:23:14.300+0000] {processor.py:840} INFO - DAG(s) 'latest_only_with_trigger' retrieved from /home/airflow/.local/lib/python3.12/site-packages/airflow/example_dags/example_latest_only_with_trigger.py
[2026-06-15T19:23:14.329+0000] {logging_mixin.py:188} INFO - [2026-06-15T19:23:14.329+0000] {dag.py:3089} INFO - Sync 1 DAGs
[2026-06-15T19:23:14.360+0000] {logging_mixin.py:188} INFO - [2026-06-15T19:23:14.360+0000] {dag.py:3947} INFO - Setting next_dagrun for latest_only_with_trigger to 2026-06-15 12:00:00+00:00, run_after=2026-06-15 16:00:00+00:00
[2026-06-15T19:23:14.383+0000] {processor.py:183} INFO - Processing /home/airflow/.local/lib/python3.12/site-packages/airflow/example_dags/example_latest_only_with_trigger.py took 0.100 seconds
[2026-06-15T19:23:44.959+0000] {processor.py:161} INFO - Started process (PID=1417) to work on /home/airflow/.local/lib/python3.12/site-packages/airflow/example_dags/example_latest_only_with_trigger.py
[2026-06-15T19:23:44.960+0000] {processor.py:830} INFO - Processing file /home/airflow/.local/lib/python3.12/site-packages/airflow/example_dags/example_latest_only_with_trigger.py for tasks to queue
[2026-06-15T19:23:44.962+0000] {logging_mixin.py:188} INFO - [2026-06-15T19:23:44.961+0000] {dagbag.py:545} INFO - Filling up the DagBag from /home/airflow/.local/lib/python3.12/site-packages/airflow/example_dags/example_latest_only_with_trigger.py
[2026-06-15T19:23:44.969+0000] {processor.py:840} INFO - DAG(s) 'latest_only_with_trigger' retrieved from /home/airflow/.local/lib/python3.12/site-packages/airflow/example_dags/example_latest_only_with_trigger.py
[2026-06-15T19:23:44.995+0000] {logging_mixin.py:188} INFO - [2026-06-15T19:23:44.995+0000] {dag.py:3089} INFO - Sync 1 DAGs
[2026-06-15T19:23:45.024+0000] {logging_mixin.py:188} INFO - [2026-06-15T19:23:45.024+0000] {dag.py:3947} INFO - Setting next_dagrun for latest_only_with_trigger to 2026-06-15 12:00:00+00:00, run_after=2026-06-15 16:00:00+00:00
[2026-06-15T19:23:45.048+0000] {processor.py:183} INFO - Processing /home/airflow/.local/lib/python3.12/site-packages/airflow/example_dags/example_latest_only_with_trigger.py took 0.097 seconds
[2026-06-15T19:24:15.459+0000] {processor.py:161} INFO - Started process (PID=1475) to work on /home/airflow/.local/lib/python3.12/site-packages/airflow/example_dags/example_latest_only_with_trigger.py
[2026-06-15T19:24:15.462+0000] {processor.py:830} INFO - Processing file /home/airflow/.local/lib/python3.12/site-packages/airflow/example_dags/example_latest_only_with_trigger.py for tasks to queue
[2026-06-15T19:24:15.464+0000] {logging_mixin.py:188} INFO - [2026-06-15T19:24:15.464+0000] {dagbag.py:545} INFO - Filling up the DagBag from /home/airflow/.local/lib/python3.12/site-packages/airflow/example_dags/example_latest_only_with_trigger.py
[2026-06-15T19:24:15.481+0000] {processor.py:840} INFO - DAG(s) 'latest_only_with_trigger' retrieved from /home/airflow/.local/lib/python3.12/site-packages/airflow/example_dags/example_latest_only_with_trigger.py
[2026-06-15T19:24:15.516+0000] {logging_mixin.py:188} INFO - [2026-06-15T19:24:15.516+0000] {dag.py:3089} INFO - Sync 1 DAGs
[2026-06-15T19:24:15.544+0000] {logging_mixin.py:188} INFO - [2026-06-15T19:24:15.544+0000] {dag.py:3947} INFO - Setting next_dagrun for latest_only_with_trigger to 2026-06-15 12:00:00+00:00, run_after=2026-06-15 16:00:00+00:00
[2026-06-15T19:24:15.584+0000] {processor.py:183} INFO - Processing /home/airflow/.local/lib/python3.12/site-packages/airflow/example_dags/example_latest_only_with_trigger.py took 0.136 seconds
[2026-06-15T19:24:46.135+0000] {processor.py:161} INFO - Started process (PID=1533) to work on /home/airflow/.local/lib/python3.12/site-packages/airflow/example_dags/example_latest_only_with_trigger.py
[2026-06-15T19:24:46.135+0000] {processor.py:830} INFO - Processing file /home/airflow/.local/lib/python3.12/site-packages/airflow/example_dags/example_latest_only_with_trigger.py for tasks to queue
[2026-06-15T19:24:46.137+0000] {logging_mixin.py:188} INFO - [2026-06-15T19:24:46.137+0000] {dagbag.py:545} INFO - Filling up the DagBag from /home/airflow/.local/lib/python3.12/site-packages/airflow/example_dags/example_latest_only_with_trigger.py
[2026-06-15T19:24:46.144+0000] {processor.py:840} INFO - DAG(s) 'latest_only_with_trigger' retrieved from /home/airflow/.local/lib/python3.12/site-packages/airflow/example_dags/example_latest_only_with_trigger.py
[2026-06-15T19:24:46.181+0000] {logging_mixin.py:188} INFO - [2026-06-15T19:24:46.181+0000] {dag.py:3089} INFO - Sync 1 DAGs
[2026-06-15T19:24:46.225+0000] {logging_mixin.py:188} INFO - [2026-06-15T19:24:46.225+0000] {dag.py:3947} INFO - Setting next_dagrun for latest_only_with_trigger to 2026-06-15 12:00:00+00:00, run_after=2026-06-15 16:00:00+00:00
[2026-06-15T19:24:46.610+0000] {processor.py:183} INFO - Processing /home/airflow/.local/lib/python3.12/site-packages/airflow/example_dags/example_latest_only_with_trigger.py took 0.483 seconds
[2026-06-15T19:25:17.035+0000] {processor.py:161} INFO - Started process (PID=1590) to work on /home/airflow/.local/lib/python3.12/site-packages/airflow/example_dags/example_latest_only_with_trigger.py
[2026-06-15T19:25:17.036+0000] {processor.py:830} INFO - Processing file /home/airflow/.local/lib/python3.12/site-packages/airflow/example_dags/example_latest_only_with_trigger.py for tasks to queue
[2026-06-15T19:25:17.038+0000] {logging_mixin.py:188} INFO - [2026-06-15T19:25:17.038+0000] {dagbag.py:545} INFO - Filling up the DagBag from /home/airflow/.local/lib/python3.12/site-packages/airflow/example_dags/example_latest_only_with_trigger.py
[2026-06-15T19:25:17.045+0000] {processor.py:840} INFO - DAG(s) 'latest_only_with_trigger' retrieved from /home/airflow/.local/lib/python3.12/site-packages/airflow/example_dags/example_latest_only_with_trigger.py
[2026-06-15T19:25:17.076+0000] {logging_mixin.py:188} INFO - [2026-06-15T19:25:17.076+0000] {dag.py:3089} INFO - Sync 1 DAGs
[2026-06-15T19:25:17.104+0000] {logging_mixin.py:188} INFO - [2026-06-15T19:25:17.103+0000] {dag.py:3947} INFO - Setting next_dagrun for latest_only_with_trigger to 2026-06-15 12:00:00+00:00, run_after=2026-06-15 16:00:00+00:00
[2026-06-15T19:25:17.125+0000] {processor.py:183} INFO - Processing /home/airflow/.local/lib/python3.12/site-packages/airflow/example_dags/example_latest_only_with_trigger.py took 0.097 seconds
[2026-06-15T19:25:47.684+0000] {processor.py:161} INFO - Started process (PID=1648) to work on /home/airflow/.local/lib/python3.12/site-packages/airflow/example_dags/example_latest_only_with_trigger.py
[2026-06-15T19:25:47.684+0000] {processor.py:830} INFO - Processing file /home/airflow/.local/lib/python3.12/site-packages/airflow/example_dags/example_latest_only_with_trigger.py for tasks to queue
[2026-06-15T19:25:47.687+0000] {logging_mixin.py:188} INFO - [2026-06-15T19:25:47.686+0000] {dagbag.py:545} INFO - Filling up the DagBag from /home/airflow/.local/lib/python3.12/site-packages/airflow/example_dags/example_latest_only_with_trigger.py
[2026-06-15T19:25:47.702+0000] {processor.py:840} INFO - DAG(s) 'latest_only_with_trigger' retrieved from /home/airflow/.local/lib/python3.12/site-packages/airflow/example_dags/example_latest_only_with_trigger.py
[2026-06-15T19:25:47.787+0000] {logging_mixin.py:188} INFO - [2026-06-15T19:25:47.787+0000] {dag.py:3089} INFO - Sync 1 DAGs
[2026-06-15T19:25:47.837+0000] {logging_mixin.py:188} INFO - [2026-06-15T19:25:47.837+0000] {dag.py:3947} INFO - Setting next_dagrun for latest_only_with_trigger to 2026-06-15 12:00:00+00:00, run_after=2026-06-15 16:00:00+00:00
[2026-06-15T19:25:47.871+0000] {processor.py:183} INFO - Processing /home/airflow/.local/lib/python3.12/site-packages/airflow/example_dags/example_latest_only_with_trigger.py took 0.194 seconds
[2026-06-15T19:26:18.119+0000] {processor.py:161} INFO - Started process (PID=1706) to work on /home/airflow/.local/lib/python3.12/site-packages/airflow/example_dags/example_latest_only_with_trigger.py
[2026-06-15T19:26:18.122+0000] {processor.py:830} INFO - Processing file /home/airflow/.local/lib/python3.12/site-packages/airflow/example_dags/example_latest_only_with_trigger.py for tasks to queue
[2026-06-15T19:26:18.125+0000] {logging_mixin.py:188} INFO - [2026-06-15T19:26:18.125+0000] {dagbag.py:545} INFO - Filling up the DagBag from /home/airflow/.local/lib/python3.12/site-packages/airflow/example_dags/example_latest_only_with_trigger.py
[2026-06-15T19:26:18.141+0000] {processor.py:840} INFO - DAG(s) 'latest_only_with_trigger' retrieved from /home/airflow/.local/lib/python3.12/site-packages/airflow/example_dags/example_latest_only_with_trigger.py
[2026-06-15T19:26:18.198+0000] {logging_mixin.py:188} INFO - [2026-06-15T19:26:18.197+0000] {dag.py:3089} INFO - Sync 1 DAGs
[2026-06-15T19:26:18.257+0000] {logging_mixin.py:188} INFO - [2026-06-15T19:26:18.255+0000] {dag.py:3947} INFO - Setting next_dagrun for latest_only_with_trigger to 2026-06-15 12:00:00+00:00, run_after=2026-06-15 16:00:00+00:00
[2026-06-15T19:26:18.308+0000] {processor.py:183} INFO - Processing /home/airflow/.local/lib/python3.12/site-packages/airflow/example_dags/example_latest_only_with_trigger.py took 0.207 seconds
[2026-06-15T19:26:48.456+0000] {processor.py:161} INFO - Started process (PID=1764) to work on /home/airflow/.local/lib/python3.12/site-packages/airflow/example_dags/example_latest_only_with_trigger.py
[2026-06-15T19:26:48.459+0000] {processor.py:830} INFO - Processing file /home/airflow/.local/lib/python3.12/site-packages/airflow/example_dags/example_latest_only_with_trigger.py for tasks to queue
[2026-06-15T19:26:48.465+0000] {logging_mixin.py:188} INFO - [2026-06-15T19:26:48.465+0000] {dagbag.py:545} INFO - Filling up the DagBag from /home/airflow/.local/lib/python3.12/site-packages/airflow/example_dags/example_latest_only_with_trigger.py
[2026-06-15T19:26:48.494+0000] {processor.py:840} INFO - DAG(s) 'latest_only_with_trigger' retrieved from /home/airflow/.local/lib/python3.12/site-packages/airflow/example_dags/example_latest_only_with_trigger.py
[2026-06-15T19:26:48.563+0000] {logging_mixin.py:188} INFO - [2026-06-15T19:26:48.562+0000] {dag.py:3089} INFO - Sync 1 DAGs
[2026-06-15T19:26:48.613+0000] {logging_mixin.py:188} INFO - [2026-06-15T19:26:48.613+0000] {dag.py:3947} INFO - Setting next_dagrun for latest_only_with_trigger to 2026-06-15 12:00:00+00:00, run_after=2026-06-15 16:00:00+00:00
[2026-06-15T19:26:48.635+0000] {processor.py:183} INFO - Processing /home/airflow/.local/lib/python3.12/site-packages/airflow/example_dags/example_latest_only_with_trigger.py took 0.196 seconds
[2026-06-15T19:27:19.052+0000] {processor.py:161} INFO - Started process (PID=1822) to work on /home/airflow/.local/lib/python3.12/site-packages/airflow/example_dags/example_latest_only_with_trigger.py
[2026-06-15T19:27:19.053+0000] {processor.py:830} INFO - Processing file /home/airflow/.local/lib/python3.12/site-packages/airflow/example_dags/example_latest_only_with_trigger.py for tasks to queue
[2026-06-15T19:27:19.055+0000] {logging_mixin.py:188} INFO - [2026-06-15T19:27:19.055+0000] {dagbag.py:545} INFO - Filling up the DagBag from /home/airflow/.local/lib/python3.12/site-packages/airflow/example_dags/example_latest_only_with_trigger.py
[2026-06-15T19:27:19.062+0000] {processor.py:840} INFO - DAG(s) 'latest_only_with_trigger' retrieved from /home/airflow/.local/lib/python3.12/site-packages/airflow/example_dags/example_latest_only_with_trigger.py
[2026-06-15T19:27:19.088+0000] {logging_mixin.py:188} INFO - [2026-06-15T19:27:19.088+0000] {dag.py:3089} INFO - Sync 1 DAGs
[2026-06-15T19:27:19.116+0000] {logging_mixin.py:188} INFO - [2026-06-15T19:27:19.116+0000] {dag.py:3947} INFO - Setting next_dagrun for latest_only_with_trigger to 2026-06-15 12:00:00+00:00, run_after=2026-06-15 16:00:00+00:00
[2026-06-15T19:27:19.137+0000] {processor.py:183} INFO - Processing /home/airflow/.local/lib/python3.12/site-packages/airflow/example_dags/example_latest_only_with_trigger.py took 0.092 seconds
[2026-06-15T19:27:49.391+0000] {processor.py:161} INFO - Started process (PID=1880) to work on /home/airflow/.local/lib/python3.12/site-packages/airflow/example_dags/example_latest_only_with_trigger.py
[2026-06-15T19:27:49.392+0000] {processor.py:830} INFO - Processing file /home/airflow/.local/lib/python3.12/site-packages/airflow/example_dags/example_latest_only_with_trigger.py for tasks to queue
[2026-06-15T19:27:49.398+0000] {logging_mixin.py:188} INFO - [2026-06-15T19:27:49.398+0000] {dagbag.py:545} INFO - Filling up the DagBag from /home/airflow/.local/lib/python3.12/site-packages/airflow/example_dags/example_latest_only_with_trigger.py
[2026-06-15T19:27:49.408+0000] {processor.py:840} INFO - DAG(s) 'latest_only_with_trigger' retrieved from /home/airflow/.local/lib/python3.12/site-packages/airflow/example_dags/example_latest_only_with_trigger.py
[2026-06-15T19:27:49.433+0000] {logging_mixin.py:188} INFO - [2026-06-15T19:27:49.433+0000] {dag.py:3089} INFO - Sync 1 DAGs
[2026-06-15T19:27:49.461+0000] {logging_mixin.py:188} INFO - [2026-06-15T19:27:49.461+0000] {dag.py:3947} INFO - Setting next_dagrun for latest_only_with_trigger to 2026-06-15 12:00:00+00:00, run_after=2026-06-15 16:00:00+00:00
[2026-06-15T19:27:49.482+0000] {processor.py:183} INFO - Processing /home/airflow/.local/lib/python3.12/site-packages/airflow/example_dags/example_latest_only_with_trigger.py took 0.099 seconds
[2026-06-15T19:28:20.494+0000] {processor.py:161} INFO - Started process (PID=1938) to work on /home/airflow/.local/lib/python3.12/site-packages/airflow/example_dags/example_latest_only_with_trigger.py
[2026-06-15T19:28:20.494+0000] {processor.py:830} INFO - Processing file /home/airflow/.local/lib/python3.12/site-packages/airflow/example_dags/example_latest_only_with_trigger.py for tasks to queue
[2026-06-15T19:28:20.497+0000] {logging_mixin.py:188} INFO - [2026-06-15T19:28:20.497+0000] {dagbag.py:545} INFO - Filling up the DagBag from /home/airflow/.local/lib/python3.12/site-packages/airflow/example_dags/example_latest_only_with_trigger.py
[2026-06-15T19:28:20.510+0000] {processor.py:840} INFO - DAG(s) 'latest_only_with_trigger' retrieved from /home/airflow/.local/lib/python3.12/site-packages/airflow/example_dags/example_latest_only_with_trigger.py
[2026-06-15T19:28:20.536+0000] {logging_mixin.py:188} INFO - [2026-06-15T19:28:20.536+0000] {dag.py:3089} INFO - Sync 1 DAGs
[2026-06-15T19:28:20.563+0000] {logging_mixin.py:188} INFO - [2026-06-15T19:28:20.563+0000] {dag.py:3947} INFO - Setting next_dagrun for latest_only_with_trigger to 2026-06-15 12:00:00+00:00, run_after=2026-06-15 16:00:00+00:00
[2026-06-15T19:28:20.589+0000] {processor.py:183} INFO - Processing /home/airflow/.local/lib/python3.12/site-packages/airflow/example_dags/example_latest_only_with_trigger.py took 0.104 seconds
[2026-06-15T19:28:51.667+0000] {processor.py:161} INFO - Started process (PID=1995) to work on /home/airflow/.local/lib/python3.12/site-packages/airflow/example_dags/example_latest_only_with_trigger.py
[2026-06-15T19:28:51.668+0000] {processor.py:830} INFO - Processing file /home/airflow/.local/lib/python3.12/site-packages/airflow/example_dags/example_latest_only_with_trigger.py for tasks to queue
[2026-06-15T19:28:51.670+0000] {logging_mixin.py:188} INFO - [2026-06-15T19:28:51.669+0000] {dagbag.py:545} INFO - Filling up the DagBag from /home/airflow/.local/lib/python3.12/site-packages/airflow/example_dags/example_latest_only_with_trigger.py
[2026-06-15T19:28:51.676+0000] {processor.py:840} INFO - DAG(s) 'latest_only_with_trigger' retrieved from /home/airflow/.local/lib/python3.12/site-packages/airflow/example_dags/example_latest_only_with_trigger.py
[2026-06-15T19:28:51.703+0000] {logging_mixin.py:188} INFO - [2026-06-15T19:28:51.703+0000] {dag.py:3089} INFO - Sync 1 DAGs
[2026-06-15T19:28:51.733+0000] {logging_mixin.py:188} INFO - [2026-06-15T19:28:51.733+0000] {dag.py:3947} INFO - Setting next_dagrun for latest_only_with_trigger to 2026-06-15 12:00:00+00:00, run_after=2026-06-15 16:00:00+00:00
[2026-06-15T19:28:51.754+0000] {processor.py:183} INFO - Processing /home/airflow/.local/lib/python3.12/site-packages/airflow/example_dags/example_latest_only_with_trigger.py took 0.094 seconds
[2026-06-15T19:29:22.117+0000] {processor.py:161} INFO - Started process (PID=2053) to work on /home/airflow/.local/lib/python3.12/site-packages/airflow/example_dags/example_latest_only_with_trigger.py
[2026-06-15T19:29:22.118+0000] {processor.py:830} INFO - Processing file /home/airflow/.local/lib/python3.12/site-packages/airflow/example_dags/example_latest_only_with_trigger.py for tasks to queue
[2026-06-15T19:29:22.120+0000] {logging_mixin.py:188} INFO - [2026-06-15T19:29:22.120+0000] {dagbag.py:545} INFO - Filling up the DagBag from /home/airflow/.local/lib/python3.12/site-packages/airflow/example_dags/example_latest_only_with_trigger.py
[2026-06-15T19:29:22.127+0000] {processor.py:840} INFO - DAG(s) 'latest_only_with_trigger' retrieved from /home/airflow/.local/lib/python3.12/site-packages/airflow/example_dags/example_latest_only_with_trigger.py
[2026-06-15T19:29:22.151+0000] {logging_mixin.py:188} INFO - [2026-06-15T19:29:22.151+0000] {dag.py:3089} INFO - Sync 1 DAGs
[2026-06-15T19:29:22.180+0000] {logging_mixin.py:188} INFO - [2026-06-15T19:29:22.180+0000] {dag.py:3947} INFO - Setting next_dagrun for latest_only_with_trigger to 2026-06-15 12:00:00+00:00, run_after=2026-06-15 16:00:00+00:00
[2026-06-15T19:29:22.200+0000] {processor.py:183} INFO - Processing /home/airflow/.local/lib/python3.12/site-packages/airflow/example_dags/example_latest_only_with_trigger.py took 0.091 seconds
[2026-06-15T19:29:52.473+0000] {processor.py:161} INFO - Started process (PID=2111) to work on /home/airflow/.local/lib/python3.12/site-packages/airflow/example_dags/example_latest_only_with_trigger.py
[2026-06-15T19:29:52.474+0000] {processor.py:830} INFO - Processing file /home/airflow/.local/lib/python3.12/site-packages/airflow/example_dags/example_latest_only_with_trigger.py for tasks to queue
[2026-06-15T19:29:52.476+0000] {logging_mixin.py:188} INFO - [2026-06-15T19:29:52.475+0000] {dagbag.py:545} INFO - Filling up the DagBag from /home/airflow/.local/lib/python3.12/site-packages/airflow/example_dags/example_latest_only_with_trigger.py
[2026-06-15T19:29:52.483+0000] {processor.py:840} INFO - DAG(s) 'latest_only_with_trigger' retrieved from /home/airflow/.local/lib/python3.12/site-packages/airflow/example_dags/example_latest_only_with_trigger.py
[2026-06-15T19:29:52.511+0000] {logging_mixin.py:188} INFO - [2026-06-15T19:29:52.510+0000] {dag.py:3089} INFO - Sync 1 DAGs
[2026-06-15T19:29:52.573+0000] {logging_mixin.py:188} INFO - [2026-06-15T19:29:52.572+0000] {dag.py:3947} INFO - Setting next_dagrun for latest_only_with_trigger to 2026-06-15 12:00:00+00:00, run_after=2026-06-15 16:00:00+00:00
[2026-06-15T19:29:52.596+0000] {processor.py:183} INFO - Processing /home/airflow/.local/lib/python3.12/site-packages/airflow/example_dags/example_latest_only_with_trigger.py took 0.131 seconds
[2026-06-15T19:30:22.978+0000] {processor.py:161} INFO - Started process (PID=2169) to work on /home/airflow/.local/lib/python3.12/site-packages/airflow/example_dags/example_latest_only_with_trigger.py
[2026-06-15T19:30:22.979+0000] {processor.py:830} INFO - Processing file /home/airflow/.local/lib/python3.12/site-packages/airflow/example_dags/example_latest_only_with_trigger.py for tasks to queue
[2026-06-15T19:30:22.981+0000] {logging_mixin.py:188} INFO - [2026-06-15T19:30:22.981+0000] {dagbag.py:545} INFO - Filling up the DagBag from /home/airflow/.local/lib/python3.12/site-packages/airflow/example_dags/example_latest_only_with_trigger.py
[2026-06-15T19:30:22.988+0000] {processor.py:840} INFO - DAG(s) 'latest_only_with_trigger' retrieved from /home/airflow/.local/lib/python3.12/site-packages/airflow/example_dags/example_latest_only_with_trigger.py
[2026-06-15T19:30:23.015+0000] {logging_mixin.py:188} INFO - [2026-06-15T19:30:23.015+0000] {dag.py:3089} INFO - Sync 1 DAGs
[2026-06-15T19:30:23.043+0000] {logging_mixin.py:188} INFO - [2026-06-15T19:30:23.043+0000] {dag.py:3947} INFO - Setting next_dagrun for latest_only_with_trigger to 2026-06-15 12:00:00+00:00, run_after=2026-06-15 16:00:00+00:00
[2026-06-15T19:30:23.062+0000] {processor.py:183} INFO - Processing /home/airflow/.local/lib/python3.12/site-packages/airflow/example_dags/example_latest_only_with_trigger.py took 0.091 seconds
[2026-06-15T19:30:53.330+0000] {processor.py:161} INFO - Started process (PID=2227) to work on /home/airflow/.local/lib/python3.12/site-packages/airflow/example_dags/example_latest_only_with_trigger.py
[2026-06-15T19:30:53.331+0000] {processor.py:830} INFO - Processing file /home/airflow/.local/lib/python3.12/site-packages/airflow/example_dags/example_latest_only_with_trigger.py for tasks to queue
[2026-06-15T19:30:53.333+0000] {logging_mixin.py:188} INFO - [2026-06-15T19:30:53.333+0000] {dagbag.py:545} INFO - Filling up the DagBag from /home/airflow/.local/lib/python3.12/site-packages/airflow/example_dags/example_latest_only_with_trigger.py
[2026-06-15T19:30:53.340+0000] {processor.py:840} INFO - DAG(s) 'latest_only_with_trigger' retrieved from /home/airflow/.local/lib/python3.12/site-packages/airflow/example_dags/example_latest_only_with_trigger.py
[2026-06-15T19:30:53.364+0000] {logging_mixin.py:188} INFO - [2026-06-15T19:30:53.364+0000] {dag.py:3089} INFO - Sync 1 DAGs
[2026-06-15T19:30:53.392+0000] {logging_mixin.py:188} INFO - [2026-06-15T19:30:53.392+0000] {dag.py:3947} INFO - Setting next_dagrun for latest_only_with_trigger to 2026-06-15 12:00:00+00:00, run_after=2026-06-15 16:00:00+00:00
[2026-06-15T19:30:53.429+0000] {processor.py:183} INFO - Processing /home/airflow/.local/lib/python3.12/site-packages/airflow/example_dags/example_latest_only_with_trigger.py took 0.107 seconds
[2026-06-15T19:31:23.533+0000] {processor.py:161} INFO - Started process (PID=2285) to work on /home/airflow/.local/lib/python3.12/site-packages/airflow/example_dags/example_latest_only_with_trigger.py
[2026-06-15T19:31:23.534+0000] {processor.py:830} INFO - Processing file /home/airflow/.local/lib/python3.12/site-packages/airflow/example_dags/example_latest_only_with_trigger.py for tasks to queue
[2026-06-15T19:31:23.536+0000] {logging_mixin.py:188} INFO - [2026-06-15T19:31:23.536+0000] {dagbag.py:545} INFO - Filling up the DagBag from /home/airflow/.local/lib/python3.12/site-packages/airflow/example_dags/example_latest_only_with_trigger.py
[2026-06-15T19:31:23.543+0000] {processor.py:840} INFO - DAG(s) 'latest_only_with_trigger' retrieved from /home/airflow/.local/lib/python3.12/site-packages/airflow/example_dags/example_latest_only_with_trigger.py
[2026-06-15T19:31:23.568+0000] {logging_mixin.py:188} INFO - [2026-06-15T19:31:23.568+0000] {dag.py:3089} INFO - Sync 1 DAGs
[2026-06-15T19:31:23.596+0000] {logging_mixin.py:188} INFO - [2026-06-15T19:31:23.596+0000] {dag.py:3947} INFO - Setting next_dagrun for latest_only_with_trigger to 2026-06-15 12:00:00+00:00, run_after=2026-06-15 16:00:00+00:00
[2026-06-15T19:31:23.617+0000] {processor.py:183} INFO - Processing /home/airflow/.local/lib/python3.12/site-packages/airflow/example_dags/example_latest_only_with_trigger.py took 0.091 seconds
[2026-06-15T19:31:53.865+0000] {processor.py:161} INFO - Started process (PID=2342) to work on /home/airflow/.local/lib/python3.12/site-packages/airflow/example_dags/example_latest_only_with_trigger.py
[2026-06-15T19:31:53.865+0000] {processor.py:830} INFO - Processing file /home/airflow/.local/lib/python3.12/site-packages/airflow/example_dags/example_latest_only_with_trigger.py for tasks to queue
[2026-06-15T19:31:53.868+0000] {logging_mixin.py:188} INFO - [2026-06-15T19:31:53.867+0000] {dagbag.py:545} INFO - Filling up the DagBag from /home/airflow/.local/lib/python3.12/site-packages/airflow/example_dags/example_latest_only_with_trigger.py
[2026-06-15T19:31:53.875+0000] {processor.py:840} INFO - DAG(s) 'latest_only_with_trigger' retrieved from /home/airflow/.local/lib/python3.12/site-packages/airflow/example_dags/example_latest_only_with_trigger.py
[2026-06-15T19:31:53.902+0000] {logging_mixin.py:188} INFO - [2026-06-15T19:31:53.902+0000] {dag.py:3089} INFO - Sync 1 DAGs
[2026-06-15T19:31:53.932+0000] {logging_mixin.py:188} INFO - [2026-06-15T19:31:53.932+0000] {dag.py:3947} INFO - Setting next_dagrun for latest_only_with_trigger to 2026-06-15 12:00:00+00:00, run_after=2026-06-15 16:00:00+00:00
[2026-06-15T19:31:53.952+0000] {processor.py:183} INFO - Processing /home/airflow/.local/lib/python3.12/site-packages/airflow/example_dags/example_latest_only_with_trigger.py took 0.096 seconds
[2026-06-15T19:32:24.115+0000] {processor.py:161} INFO - Started process (PID=2400) to work on /home/airflow/.local/lib/python3.12/site-packages/airflow/example_dags/example_latest_only_with_trigger.py
[2026-06-15T19:32:24.115+0000] {processor.py:830} INFO - Processing file /home/airflow/.local/lib/python3.12/site-packages/airflow/example_dags/example_latest_only_with_trigger.py for tasks to queue
[2026-06-15T19:32:24.117+0000] {logging_mixin.py:188} INFO - [2026-06-15T19:32:24.117+0000] {dagbag.py:545} INFO - Filling up the DagBag from /home/airflow/.local/lib/python3.12/site-packages/airflow/example_dags/example_latest_only_with_trigger.py
[2026-06-15T19:32:24.124+0000] {processor.py:840} INFO - DAG(s) 'latest_only_with_trigger' retrieved from /home/airflow/.local/lib/python3.12/site-packages/airflow/example_dags/example_latest_only_with_trigger.py
[2026-06-15T19:32:24.149+0000] {logging_mixin.py:188} INFO - [2026-06-15T19:32:24.149+0000] {dag.py:3089} INFO - Sync 1 DAGs
[2026-06-15T19:32:24.176+0000] {logging_mixin.py:188} INFO - [2026-06-15T19:32:24.176+0000] {dag.py:3947} INFO - Setting next_dagrun for latest_only_with_trigger to 2026-06-15 12:00:00+00:00, run_after=2026-06-15 16:00:00+00:00
[2026-06-15T19:32:24.193+0000] {processor.py:183} INFO - Processing /home/airflow/.local/lib/python3.12/site-packages/airflow/example_dags/example_latest_only_with_trigger.py took 0.086 seconds
[2026-06-15T19:32:55.072+0000] {processor.py:161} INFO - Started process (PID=2456) to work on /home/airflow/.local/lib/python3.12/site-packages/airflow/example_dags/example_latest_only_with_trigger.py
[2026-06-15T19:32:55.074+0000] {processor.py:830} INFO - Processing file /home/airflow/.local/lib/python3.12/site-packages/airflow/example_dags/example_latest_only_with_trigger.py for tasks to queue
[2026-06-15T19:32:55.078+0000] {logging_mixin.py:188} INFO - [2026-06-15T19:32:55.078+0000] {dagbag.py:545} INFO - Filling up the DagBag from /home/airflow/.local/lib/python3.12/site-packages/airflow/example_dags/example_latest_only_with_trigger.py
[2026-06-15T19:32:55.098+0000] {processor.py:840} INFO - DAG(s) 'latest_only_with_trigger' retrieved from /home/airflow/.local/lib/python3.12/site-packages/airflow/example_dags/example_latest_only_with_trigger.py
[2026-06-15T19:32:55.177+0000] {logging_mixin.py:188} INFO - [2026-06-15T19:32:55.177+0000] {dag.py:3089} INFO - Sync 1 DAGs
[2026-06-15T19:32:55.228+0000] {logging_mixin.py:188} INFO - [2026-06-15T19:32:55.228+0000] {dag.py:3947} INFO - Setting next_dagrun for latest_only_with_trigger to 2026-06-15 12:00:00+00:00, run_after=2026-06-15 16:00:00+00:00
[2026-06-15T19:32:55.271+0000] {processor.py:183} INFO - Processing /home/airflow/.local/lib/python3.12/site-packages/airflow/example_dags/example_latest_only_with_trigger.py took 0.211 seconds
[2026-06-15T19:33:26.200+0000] {processor.py:161} INFO - Started process (PID=2514) to work on /home/airflow/.local/lib/python3.12/site-packages/airflow/example_dags/example_latest_only_with_trigger.py
[2026-06-15T19:33:26.201+0000] {processor.py:830} INFO - Processing file /home/airflow/.local/lib/python3.12/site-packages/airflow/example_dags/example_latest_only_with_trigger.py for tasks to queue
[2026-06-15T19:33:26.203+0000] {logging_mixin.py:188} INFO - [2026-06-15T19:33:26.203+0000] {dagbag.py:545} INFO - Filling up the DagBag from /home/airflow/.local/lib/python3.12/site-packages/airflow/example_dags/example_latest_only_with_trigger.py
[2026-06-15T19:33:26.211+0000] {processor.py:840} INFO - DAG(s) 'latest_only_with_trigger' retrieved from /home/airflow/.local/lib/python3.12/site-packages/airflow/example_dags/example_latest_only_with_trigger.py
[2026-06-15T19:33:26.236+0000] {logging_mixin.py:188} INFO - [2026-06-15T19:33:26.236+0000] {dag.py:3089} INFO - Sync 1 DAGs
[2026-06-15T19:33:26.266+0000] {logging_mixin.py:188} INFO - [2026-06-15T19:33:26.266+0000] {dag.py:3947} INFO - Setting next_dagrun for latest_only_with_trigger to 2026-06-15 12:00:00+00:00, run_after=2026-06-15 16:00:00+00:00
[2026-06-15T19:33:26.311+0000] {processor.py:183} INFO - Processing /home/airflow/.local/lib/python3.12/site-packages/airflow/example_dags/example_latest_only_with_trigger.py took 0.119 seconds
[2026-06-15T19:33:56.986+0000] {processor.py:161} INFO - Started process (PID=2572) to work on /home/airflow/.local/lib/python3.12/site-packages/airflow/example_dags/example_latest_only_with_trigger.py
[2026-06-15T19:33:56.987+0000] {processor.py:830} INFO - Processing file /home/airflow/.local/lib/python3.12/site-packages/airflow/example_dags/example_latest_only_with_trigger.py for tasks to queue
[2026-06-15T19:33:56.989+0000] {logging_mixin.py:188} INFO - [2026-06-15T19:33:56.989+0000] {dagbag.py:545} INFO - Filling up the DagBag from /home/airflow/.local/lib/python3.12/site-packages/airflow/example_dags/example_latest_only_with_trigger.py
[2026-06-15T19:33:56.996+0000] {processor.py:840} INFO - DAG(s) 'latest_only_with_trigger' retrieved from /home/airflow/.local/lib/python3.12/site-packages/airflow/example_dags/example_latest_only_with_trigger.py
[2026-06-15T19:33:57.021+0000] {logging_mixin.py:188} INFO - [2026-06-15T19:33:57.020+0000] {dag.py:3089} INFO - Sync 1 DAGs
[2026-06-15T19:33:57.049+0000] {logging_mixin.py:188} INFO - [2026-06-15T19:33:57.049+0000] {dag.py:3947} INFO - Setting next_dagrun for latest_only_with_trigger to 2026-06-15 12:00:00+00:00, run_after=2026-06-15 16:00:00+00:00
[2026-06-15T19:33:57.069+0000] {processor.py:183} INFO - Processing /home/airflow/.local/lib/python3.12/site-packages/airflow/example_dags/example_latest_only_with_trigger.py took 0.090 seconds
[2026-06-15T19:34:27.275+0000] {processor.py:161} INFO - Started process (PID=2629) to work on /home/airflow/.local/lib/python3.12/site-packages/airflow/example_dags/example_latest_only_with_trigger.py
[2026-06-15T19:34:27.277+0000] {processor.py:830} INFO - Processing file /home/airflow/.local/lib/python3.12/site-packages/airflow/example_dags/example_latest_only_with_trigger.py for tasks to queue
[2026-06-15T19:34:27.279+0000] {logging_mixin.py:188} INFO - [2026-06-15T19:34:27.279+0000] {dagbag.py:545} INFO - Filling up the DagBag from /home/airflow/.local/lib/python3.12/site-packages/airflow/example_dags/example_latest_only_with_trigger.py
[2026-06-15T19:34:27.286+0000] {processor.py:840} INFO - DAG(s) 'latest_only_with_trigger' retrieved from /home/airflow/.local/lib/python3.12/site-packages/airflow/example_dags/example_latest_only_with_trigger.py
[2026-06-15T19:34:27.340+0000] {logging_mixin.py:188} INFO - [2026-06-15T19:34:27.340+0000] {dag.py:3089} INFO - Sync 1 DAGs
[2026-06-15T19:34:27.380+0000] {logging_mixin.py:188} INFO - [2026-06-15T19:34:27.379+0000] {dag.py:3947} INFO - Setting next_dagrun for latest_only_with_trigger to 2026-06-15 12:00:00+00:00, run_after=2026-06-15 16:00:00+00:00
[2026-06-15T19:34:27.400+0000] {processor.py:183} INFO - Processing /home/airflow/.local/lib/python3.12/site-packages/airflow/example_dags/example_latest_only_with_trigger.py took 0.132 seconds
[2026-06-15T19:34:57.790+0000] {processor.py:161} INFO - Started process (PID=2687) to work on /home/airflow/.local/lib/python3.12/site-packages/airflow/example_dags/example_latest_only_with_trigger.py
[2026-06-15T19:34:57.790+0000] {processor.py:830} INFO - Processing file /home/airflow/.local/lib/python3.12/site-packages/airflow/example_dags/example_latest_only_with_trigger.py for tasks to queue
[2026-06-15T19:34:57.793+0000] {logging_mixin.py:188} INFO - [2026-06-15T19:34:57.792+0000] {dagbag.py:545} INFO - Filling up the DagBag from /home/airflow/.local/lib/python3.12/site-packages/airflow/example_dags/example_latest_only_with_trigger.py
[2026-06-15T19:34:57.800+0000] {processor.py:840} INFO - DAG(s) 'latest_only_with_trigger' retrieved from /home/airflow/.local/lib/python3.12/site-packages/airflow/example_dags/example_latest_only_with_trigger.py
[2026-06-15T19:34:57.835+0000] {logging_mixin.py:188} INFO - [2026-06-15T19:34:57.835+0000] {dag.py:3089} INFO - Sync 1 DAGs
[2026-06-15T19:34:57.866+0000] {logging_mixin.py:188} INFO - [2026-06-15T19:34:57.866+0000] {dag.py:3947} INFO - Setting next_dagrun for latest_only_with_trigger to 2026-06-15 12:00:00+00:00, run_after=2026-06-15 16:00:00+00:00
[2026-06-15T19:34:57.887+0000] {processor.py:183} INFO - Processing /home/airflow/.local/lib/python3.12/site-packages/airflow/example_dags/example_latest_only_with_trigger.py took 0.105 seconds
[2026-06-15T19:35:28.215+0000] {processor.py:161} INFO - Started process (PID=2745) to work on /home/airflow/.local/lib/python3.12/site-packages/airflow/example_dags/example_latest_only_with_trigger.py
[2026-06-15T19:35:28.216+0000] {processor.py:830} INFO - Processing file /home/airflow/.local/lib/python3.12/site-packages/airflow/example_dags/example_latest_only_with_trigger.py for tasks to queue
[2026-06-15T19:35:28.218+0000] {logging_mixin.py:188} INFO - [2026-06-15T19:35:28.218+0000] {dagbag.py:545} INFO - Filling up the DagBag from /home/airflow/.local/lib/python3.12/site-packages/airflow/example_dags/example_latest_only_with_trigger.py
[2026-06-15T19:35:28.225+0000] {processor.py:840} INFO - DAG(s) 'latest_only_with_trigger' retrieved from /home/airflow/.local/lib/python3.12/site-packages/airflow/example_dags/example_latest_only_with_trigger.py
[2026-06-15T19:35:28.249+0000] {logging_mixin.py:188} INFO - [2026-06-15T19:35:28.249+0000] {dag.py:3089} INFO - Sync 1 DAGs
[2026-06-15T19:35:28.286+0000] {logging_mixin.py:188} INFO - [2026-06-15T19:35:28.284+0000] {dag.py:3947} INFO - Setting next_dagrun for latest_only_with_trigger to 2026-06-15 12:00:00+00:00, run_after=2026-06-15 16:00:00+00:00
[2026-06-15T19:35:28.313+0000] {processor.py:183} INFO - Processing /home/airflow/.local/lib/python3.12/site-packages/airflow/example_dags/example_latest_only_with_trigger.py took 0.106 seconds
[2026-06-15T19:35:58.664+0000] {processor.py:161} INFO - Started process (PID=2803) to work on /home/airflow/.local/lib/python3.12/site-packages/airflow/example_dags/example_latest_only_with_trigger.py
[2026-06-15T19:35:58.666+0000] {processor.py:830} INFO - Processing file /home/airflow/.local/lib/python3.12/site-packages/airflow/example_dags/example_latest_only_with_trigger.py for tasks to queue
[2026-06-15T19:35:58.667+0000] {logging_mixin.py:188} INFO - [2026-06-15T19:35:58.667+0000] {dagbag.py:545} INFO - Filling up the DagBag from /home/airflow/.local/lib/python3.12/site-packages/airflow/example_dags/example_latest_only_with_trigger.py
[2026-06-15T19:35:58.674+0000] {processor.py:840} INFO - DAG(s) 'latest_only_with_trigger' retrieved from /home/airflow/.local/lib/python3.12/site-packages/airflow/example_dags/example_latest_only_with_trigger.py
[2026-06-15T19:35:58.697+0000] {logging_mixin.py:188} INFO - [2026-06-15T19:35:58.697+0000] {dag.py:3089} INFO - Sync 1 DAGs
[2026-06-15T19:35:58.727+0000] {logging_mixin.py:188} INFO - [2026-06-15T19:35:58.726+0000] {dag.py:3947} INFO - Setting next_dagrun for latest_only_with_trigger to 2026-06-15 12:00:00+00:00, run_after=2026-06-15 16:00:00+00:00
[2026-06-15T19:35:58.746+0000] {processor.py:183} INFO - Processing /home/airflow/.local/lib/python3.12/site-packages/airflow/example_dags/example_latest_only_with_trigger.py took 0.090 seconds
[2026-06-15T19:36:29.128+0000] {processor.py:161} INFO - Started process (PID=2861) to work on /home/airflow/.local/lib/python3.12/site-packages/airflow/example_dags/example_latest_only_with_trigger.py
[2026-06-15T19:36:29.129+0000] {processor.py:830} INFO - Processing file /home/airflow/.local/lib/python3.12/site-packages/airflow/example_dags/example_latest_only_with_trigger.py for tasks to queue
[2026-06-15T19:36:29.131+0000] {logging_mixin.py:188} INFO - [2026-06-15T19:36:29.130+0000] {dagbag.py:545} INFO - Filling up the DagBag from /home/airflow/.local/lib/python3.12/site-packages/airflow/example_dags/example_latest_only_with_trigger.py
[2026-06-15T19:36:29.138+0000] {processor.py:840} INFO - DAG(s) 'latest_only_with_trigger' retrieved from /home/airflow/.local/lib/python3.12/site-packages/airflow/example_dags/example_latest_only_with_trigger.py
[2026-06-15T19:36:29.162+0000] {logging_mixin.py:188} INFO - [2026-06-15T19:36:29.162+0000] {dag.py:3089} INFO - Sync 1 DAGs
[2026-06-15T19:36:29.191+0000] {logging_mixin.py:188} INFO - [2026-06-15T19:36:29.190+0000] {dag.py:3947} INFO - Setting next_dagrun for latest_only_with_trigger to 2026-06-15 12:00:00+00:00, run_after=2026-06-15 16:00:00+00:00
[2026-06-15T19:36:29.210+0000] {processor.py:183} INFO - Processing /home/airflow/.local/lib/python3.12/site-packages/airflow/example_dags/example_latest_only_with_trigger.py took 0.090 seconds
[2026-06-15T19:36:59.507+0000] {processor.py:161} INFO - Started process (PID=2919) to work on /home/airflow/.local/lib/python3.12/site-packages/airflow/example_dags/example_latest_only_with_trigger.py
[2026-06-15T19:36:59.508+0000] {processor.py:830} INFO - Processing file /home/airflow/.local/lib/python3.12/site-packages/airflow/example_dags/example_latest_only_with_trigger.py for tasks to queue
[2026-06-15T19:36:59.510+0000] {logging_mixin.py:188} INFO - [2026-06-15T19:36:59.509+0000] {dagbag.py:545} INFO - Filling up the DagBag from /home/airflow/.local/lib/python3.12/site-packages/airflow/example_dags/example_latest_only_with_trigger.py
[2026-06-15T19:36:59.516+0000] {processor.py:840} INFO - DAG(s) 'latest_only_with_trigger' retrieved from /home/airflow/.local/lib/python3.12/site-packages/airflow/example_dags/example_latest_only_with_trigger.py
[2026-06-15T19:36:59.541+0000] {logging_mixin.py:188} INFO - [2026-06-15T19:36:59.541+0000] {dag.py:3089} INFO - Sync 1 DAGs
[2026-06-15T19:36:59.569+0000] {logging_mixin.py:188} INFO - [2026-06-15T19:36:59.569+0000] {dag.py:3947} INFO - Setting next_dagrun for latest_only_with_trigger to 2026-06-15 12:00:00+00:00, run_after=2026-06-15 16:00:00+00:00
[2026-06-15T19:36:59.589+0000] {processor.py:183} INFO - Processing /home/airflow/.local/lib/python3.12/site-packages/airflow/example_dags/example_latest_only_with_trigger.py took 0.090 seconds
[2026-06-15T19:37:29.761+0000] {processor.py:161} INFO - Started process (PID=2977) to work on /home/airflow/.local/lib/python3.12/site-packages/airflow/example_dags/example_latest_only_with_trigger.py
[2026-06-15T19:37:29.762+0000] {processor.py:830} INFO - Processing file /home/airflow/.local/lib/python3.12/site-packages/airflow/example_dags/example_latest_only_with_trigger.py for tasks to queue
[2026-06-15T19:37:29.764+0000] {logging_mixin.py:188} INFO - [2026-06-15T19:37:29.763+0000] {dagbag.py:545} INFO - Filling up the DagBag from /home/airflow/.local/lib/python3.12/site-packages/airflow/example_dags/example_latest_only_with_trigger.py
[2026-06-15T19:37:29.771+0000] {processor.py:840} INFO - DAG(s) 'latest_only_with_trigger' retrieved from /home/airflow/.local/lib/python3.12/site-packages/airflow/example_dags/example_latest_only_with_trigger.py
[2026-06-15T19:37:29.794+0000] {logging_mixin.py:188} INFO - [2026-06-15T19:37:29.794+0000] {dag.py:3089} INFO - Sync 1 DAGs
[2026-06-15T19:37:29.841+0000] {logging_mixin.py:188} INFO - [2026-06-15T19:37:29.841+0000] {dag.py:3947} INFO - Setting next_dagrun for latest_only_with_trigger to 2026-06-15 12:00:00+00:00, run_after=2026-06-15 16:00:00+00:00
[2026-06-15T19:37:29.861+0000] {processor.py:183} INFO - Processing /home/airflow/.local/lib/python3.12/site-packages/airflow/example_dags/example_latest_only_with_trigger.py took 0.108 seconds
[2026-06-15T19:38:00.157+0000] {processor.py:161} INFO - Started process (PID=3034) to work on /home/airflow/.local/lib/python3.12/site-packages/airflow/example_dags/example_latest_only_with_trigger.py
[2026-06-15T19:38:00.159+0000] {processor.py:830} INFO - Processing file /home/airflow/.local/lib/python3.12/site-packages/airflow/example_dags/example_latest_only_with_trigger.py for tasks to queue
[2026-06-15T19:38:00.161+0000] {logging_mixin.py:188} INFO - [2026-06-15T19:38:00.161+0000] {dagbag.py:545} INFO - Filling up the DagBag from /home/airflow/.local/lib/python3.12/site-packages/airflow/example_dags/example_latest_only_with_trigger.py
[2026-06-15T19:38:00.167+0000] {processor.py:840} INFO - DAG(s) 'latest_only_with_trigger' retrieved from /home/airflow/.local/lib/python3.12/site-packages/airflow/example_dags/example_latest_only_with_trigger.py
[2026-06-15T19:38:00.191+0000] {logging_mixin.py:188} INFO - [2026-06-15T19:38:00.191+0000] {dag.py:3089} INFO - Sync 1 DAGs
[2026-06-15T19:38:00.221+0000] {logging_mixin.py:188} INFO - [2026-06-15T19:38:00.221+0000] {dag.py:3947} INFO - Setting next_dagrun for latest_only_with_trigger to 2026-06-15 12:00:00+00:00, run_after=2026-06-15 16:00:00+00:00
[2026-06-15T19:38:00.241+0000] {processor.py:183} INFO - Processing /home/airflow/.local/lib/python3.12/site-packages/airflow/example_dags/example_latest_only_with_trigger.py took 0.092 seconds
[2026-06-15T19:38:30.780+0000] {processor.py:161} INFO - Started process (PID=3092) to work on /home/airflow/.local/lib/python3.12/site-packages/airflow/example_dags/example_latest_only_with_trigger.py
[2026-06-15T19:38:30.782+0000] {processor.py:830} INFO - Processing file /home/airflow/.local/lib/python3.12/site-packages/airflow/example_dags/example_latest_only_with_trigger.py for tasks to queue
[2026-06-15T19:38:30.785+0000] {logging_mixin.py:188} INFO - [2026-06-15T19:38:30.784+0000] {dagbag.py:545} INFO - Filling up the DagBag from /home/airflow/.local/lib/python3.12/site-packages/airflow/example_dags/example_latest_only_with_trigger.py
[2026-06-15T19:38:30.802+0000] {processor.py:840} INFO - DAG(s) 'latest_only_with_trigger' retrieved from /home/airflow/.local/lib/python3.12/site-packages/airflow/example_dags/example_latest_only_with_trigger.py
[2026-06-15T19:38:30.841+0000] {logging_mixin.py:188} INFO - [2026-06-15T19:38:30.841+0000] {dag.py:3089} INFO - Sync 1 DAGs
[2026-06-15T19:38:30.869+0000] {logging_mixin.py:188} INFO - [2026-06-15T19:38:30.869+0000] {dag.py:3947} INFO - Setting next_dagrun for latest_only_with_trigger to 2026-06-15 12:00:00+00:00, run_after=2026-06-15 16:00:00+00:00
[2026-06-15T19:38:30.888+0000] {processor.py:183} INFO - Processing /home/airflow/.local/lib/python3.12/site-packages/airflow/example_dags/example_latest_only_with_trigger.py took 0.122 seconds
[2026-06-15T19:39:01.345+0000] {processor.py:161} INFO - Started process (PID=3150) to work on /home/airflow/.local/lib/python3.12/site-packages/airflow/example_dags/example_latest_only_with_trigger.py
[2026-06-15T19:39:01.347+0000] {processor.py:830} INFO - Processing file /home/airflow/.local/lib/python3.12/site-packages/airflow/example_dags/example_latest_only_with_trigger.py for tasks to queue
[2026-06-15T19:39:01.350+0000] {logging_mixin.py:188} INFO - [2026-06-15T19:39:01.350+0000] {dagbag.py:545} INFO - Filling up the DagBag from /home/airflow/.local/lib/python3.12/site-packages/airflow/example_dags/example_latest_only_with_trigger.py
[2026-06-15T19:39:01.364+0000] {processor.py:840} INFO - DAG(s) 'latest_only_with_trigger' retrieved from /home/airflow/.local/lib/python3.12/site-packages/airflow/example_dags/example_latest_only_with_trigger.py
[2026-06-15T19:39:01.419+0000] {logging_mixin.py:188} INFO - [2026-06-15T19:39:01.419+0000] {dag.py:3089} INFO - Sync 1 DAGs
[2026-06-15T19:39:01.473+0000] {logging_mixin.py:188} INFO - [2026-06-15T19:39:01.473+0000] {dag.py:3947} INFO - Setting next_dagrun for latest_only_with_trigger to 2026-06-15 12:00:00+00:00, run_after=2026-06-15 16:00:00+00:00
[2026-06-15T19:39:01.532+0000] {processor.py:183} INFO - Processing /home/airflow/.local/lib/python3.12/site-packages/airflow/example_dags/example_latest_only_with_trigger.py took 0.201 seconds
[2026-06-15T19:39:32.511+0000] {processor.py:161} INFO - Started process (PID=3208) to work on /home/airflow/.local/lib/python3.12/site-packages/airflow/example_dags/example_latest_only_with_trigger.py
[2026-06-15T19:39:32.512+0000] {processor.py:830} INFO - Processing file /home/airflow/.local/lib/python3.12/site-packages/airflow/example_dags/example_latest_only_with_trigger.py for tasks to queue
[2026-06-15T19:39:32.514+0000] {logging_mixin.py:188} INFO - [2026-06-15T19:39:32.514+0000] {dagbag.py:545} INFO - Filling up the DagBag from /home/airflow/.local/lib/python3.12/site-packages/airflow/example_dags/example_latest_only_with_trigger.py
[2026-06-15T19:39:32.520+0000] {processor.py:840} INFO - DAG(s) 'latest_only_with_trigger' retrieved from /home/airflow/.local/lib/python3.12/site-packages/airflow/example_dags/example_latest_only_with_trigger.py
[2026-06-15T19:39:32.554+0000] {logging_mixin.py:188} INFO - [2026-06-15T19:39:32.553+0000] {dag.py:3089} INFO - Sync 1 DAGs
[2026-06-15T19:39:32.582+0000] {logging_mixin.py:188} INFO - [2026-06-15T19:39:32.582+0000] {dag.py:3947} INFO - Setting next_dagrun for latest_only_with_trigger to 2026-06-15 12:00:00+00:00, run_after=2026-06-15 16:00:00+00:00
[2026-06-15T19:39:32.600+0000] {processor.py:183} INFO - Processing /home/airflow/.local/lib/python3.12/site-packages/airflow/example_dags/example_latest_only_with_trigger.py took 0.096 seconds
[2026-06-15T19:40:02.977+0000] {processor.py:161} INFO - Started process (PID=3266) to work on /home/airflow/.local/lib/python3.12/site-packages/airflow/example_dags/example_latest_only_with_trigger.py
[2026-06-15T19:40:02.978+0000] {processor.py:830} INFO - Processing file /home/airflow/.local/lib/python3.12/site-packages/airflow/example_dags/example_latest_only_with_trigger.py for tasks to queue
[2026-06-15T19:40:02.981+0000] {logging_mixin.py:188} INFO - [2026-06-15T19:40:02.980+0000] {dagbag.py:545} INFO - Filling up the DagBag from /home/airflow/.local/lib/python3.12/site-packages/airflow/example_dags/example_latest_only_with_trigger.py
[2026-06-15T19:40:02.988+0000] {processor.py:840} INFO - DAG(s) 'latest_only_with_trigger' retrieved from /home/airflow/.local/lib/python3.12/site-packages/airflow/example_dags/example_latest_only_with_trigger.py
[2026-06-15T19:40:03.014+0000] {logging_mixin.py:188} INFO - [2026-06-15T19:40:03.014+0000] {dag.py:3089} INFO - Sync 1 DAGs
[2026-06-15T19:40:03.045+0000] {logging_mixin.py:188} INFO - [2026-06-15T19:40:03.045+0000] {dag.py:3947} INFO - Setting next_dagrun for latest_only_with_trigger to 2026-06-15 12:00:00+00:00, run_after=2026-06-15 16:00:00+00:00
[2026-06-15T19:40:03.075+0000] {processor.py:183} INFO - Processing /home/airflow/.local/lib/python3.12/site-packages/airflow/example_dags/example_latest_only_with_trigger.py took 0.112 seconds
[2026-06-15T19:40:33.502+0000] {processor.py:161} INFO - Started process (PID=3324) to work on /home/airflow/.local/lib/python3.12/site-packages/airflow/example_dags/example_latest_only_with_trigger.py
[2026-06-15T19:40:33.503+0000] {processor.py:830} INFO - Processing file /home/airflow/.local/lib/python3.12/site-packages/airflow/example_dags/example_latest_only_with_trigger.py for tasks to queue
[2026-06-15T19:40:33.505+0000] {logging_mixin.py:188} INFO - [2026-06-15T19:40:33.505+0000] {dagbag.py:545} INFO - Filling up the DagBag from /home/airflow/.local/lib/python3.12/site-packages/airflow/example_dags/example_latest_only_with_trigger.py
[2026-06-15T19:40:33.511+0000] {processor.py:840} INFO - DAG(s) 'latest_only_with_trigger' retrieved from /home/airflow/.local/lib/python3.12/site-packages/airflow/example_dags/example_latest_only_with_trigger.py
[2026-06-15T19:40:33.539+0000] {logging_mixin.py:188} INFO - [2026-06-15T19:40:33.539+0000] {dag.py:3089} INFO - Sync 1 DAGs
[2026-06-15T19:40:33.567+0000] {logging_mixin.py:188} INFO - [2026-06-15T19:40:33.567+0000] {dag.py:3947} INFO - Setting next_dagrun for latest_only_with_trigger to 2026-06-15 12:00:00+00:00, run_after=2026-06-15 16:00:00+00:00
[2026-06-15T19:40:33.588+0000] {processor.py:183} INFO - Processing /home/airflow/.local/lib/python3.12/site-packages/airflow/example_dags/example_latest_only_with_trigger.py took 0.093 seconds
[2026-06-15T19:41:03.809+0000] {processor.py:161} INFO - Started process (PID=3382) to work on /home/airflow/.local/lib/python3.12/site-packages/airflow/example_dags/example_latest_only_with_trigger.py
[2026-06-15T19:41:03.811+0000] {processor.py:830} INFO - Processing file /home/airflow/.local/lib/python3.12/site-packages/airflow/example_dags/example_latest_only_with_trigger.py for tasks to queue
[2026-06-15T19:41:03.813+0000] {logging_mixin.py:188} INFO - [2026-06-15T19:41:03.812+0000] {dagbag.py:545} INFO - Filling up the DagBag from /home/airflow/.local/lib/python3.12/site-packages/airflow/example_dags/example_latest_only_with_trigger.py
[2026-06-15T19:41:03.823+0000] {processor.py:840} INFO - DAG(s) 'latest_only_with_trigger' retrieved from /home/airflow/.local/lib/python3.12/site-packages/airflow/example_dags/example_latest_only_with_trigger.py
[2026-06-15T19:41:03.851+0000] {logging_mixin.py:188} INFO - [2026-06-15T19:41:03.851+0000] {dag.py:3089} INFO - Sync 1 DAGs
[2026-06-15T19:41:03.880+0000] {logging_mixin.py:188} INFO - [2026-06-15T19:41:03.880+0000] {dag.py:3947} INFO - Setting next_dagrun for latest_only_with_trigger to 2026-06-15 12:00:00+00:00, run_after=2026-06-15 16:00:00+00:00
[2026-06-15T19:41:03.903+0000] {processor.py:183} INFO - Processing /home/airflow/.local/lib/python3.12/site-packages/airflow/example_dags/example_latest_only_with_trigger.py took 0.100 seconds
[2026-06-15T19:41:34.345+0000] {processor.py:161} INFO - Started process (PID=3439) to work on /home/airflow/.local/lib/python3.12/site-packages/airflow/example_dags/example_latest_only_with_trigger.py
[2026-06-15T19:41:34.345+0000] {processor.py:830} INFO - Processing file /home/airflow/.local/lib/python3.12/site-packages/airflow/example_dags/example_latest_only_with_trigger.py for tasks to queue
[2026-06-15T19:41:34.349+0000] {logging_mixin.py:188} INFO - [2026-06-15T19:41:34.349+0000] {dagbag.py:545} INFO - Filling up the DagBag from /home/airflow/.local/lib/python3.12/site-packages/airflow/example_dags/example_latest_only_with_trigger.py
[2026-06-15T19:41:34.356+0000] {processor.py:840} INFO - DAG(s) 'latest_only_with_trigger' retrieved from /home/airflow/.local/lib/python3.12/site-packages/airflow/example_dags/example_latest_only_with_trigger.py
[2026-06-15T19:41:34.384+0000] {logging_mixin.py:188} INFO - [2026-06-15T19:41:34.384+0000] {dag.py:3089} INFO - Sync 1 DAGs
[2026-06-15T19:41:34.412+0000] {logging_mixin.py:188} INFO - [2026-06-15T19:41:34.412+0000] {dag.py:3947} INFO - Setting next_dagrun for latest_only_with_trigger to 2026-06-15 12:00:00+00:00, run_after=2026-06-15 16:00:00+00:00
[2026-06-15T19:41:34.431+0000] {processor.py:183} INFO - Processing /home/airflow/.local/lib/python3.12/site-packages/airflow/example_dags/example_latest_only_with_trigger.py took 0.093 seconds
[2026-06-15T19:42:04.646+0000] {processor.py:161} INFO - Started process (PID=3497) to work on /home/airflow/.local/lib/python3.12/site-packages/airflow/example_dags/example_latest_only_with_trigger.py
[2026-06-15T19:42:04.649+0000] {processor.py:830} INFO - Processing file /home/airflow/.local/lib/python3.12/site-packages/airflow/example_dags/example_latest_only_with_trigger.py for tasks to queue
[2026-06-15T19:42:04.654+0000] {logging_mixin.py:188} INFO - [2026-06-15T19:42:04.653+0000] {dagbag.py:545} INFO - Filling up the DagBag from /home/airflow/.local/lib/python3.12/site-packages/airflow/example_dags/example_latest_only_with_trigger.py
[2026-06-15T19:42:04.663+0000] {processor.py:840} INFO - DAG(s) 'latest_only_with_trigger' retrieved from /home/airflow/.local/lib/python3.12/site-packages/airflow/example_dags/example_latest_only_with_trigger.py
[2026-06-15T19:42:04.694+0000] {logging_mixin.py:188} INFO - [2026-06-15T19:42:04.694+0000] {dag.py:3089} INFO - Sync 1 DAGs
[2026-06-15T19:42:04.722+0000] {logging_mixin.py:188} INFO - [2026-06-15T19:42:04.722+0000] {dag.py:3947} INFO - Setting next_dagrun for latest_only_with_trigger to 2026-06-15 12:00:00+00:00, run_after=2026-06-15 16:00:00+00:00
[2026-06-15T19:42:04.741+0000] {processor.py:183} INFO - Processing /home/airflow/.local/lib/python3.12/site-packages/airflow/example_dags/example_latest_only_with_trigger.py took 0.114 seconds
[2026-06-15T19:42:35.144+0000] {processor.py:161} INFO - Started process (PID=3555) to work on /home/airflow/.local/lib/python3.12/site-packages/airflow/example_dags/example_latest_only_with_trigger.py
[2026-06-15T19:42:35.145+0000] {processor.py:830} INFO - Processing file /home/airflow/.local/lib/python3.12/site-packages/airflow/example_dags/example_latest_only_with_trigger.py for tasks to queue
[2026-06-15T19:42:35.147+0000] {logging_mixin.py:188} INFO - [2026-06-15T19:42:35.147+0000] {dagbag.py:545} INFO - Filling up the DagBag from /home/airflow/.local/lib/python3.12/site-packages/airflow/example_dags/example_latest_only_with_trigger.py
[2026-06-15T19:42:35.154+0000] {processor.py:840} INFO - DAG(s) 'latest_only_with_trigger' retrieved from /home/airflow/.local/lib/python3.12/site-packages/airflow/example_dags/example_latest_only_with_trigger.py
[2026-06-15T19:42:35.182+0000] {logging_mixin.py:188} INFO - [2026-06-15T19:42:35.182+0000] {dag.py:3089} INFO - Sync 1 DAGs
[2026-06-15T19:42:35.211+0000] {logging_mixin.py:188} INFO - [2026-06-15T19:42:35.211+0000] {dag.py:3947} INFO - Setting next_dagrun for latest_only_with_trigger to 2026-06-15 12:00:00+00:00, run_after=2026-06-15 16:00:00+00:00
[2026-06-15T19:42:35.233+0000] {processor.py:183} INFO - Processing /home/airflow/.local/lib/python3.12/site-packages/airflow/example_dags/example_latest_only_with_trigger.py took 0.095 seconds
[2026-06-15T19:43:05.588+0000] {processor.py:161} INFO - Started process (PID=3613) to work on /home/airflow/.local/lib/python3.12/site-packages/airflow/example_dags/example_latest_only_with_trigger.py
[2026-06-15T19:43:05.589+0000] {processor.py:830} INFO - Processing file /home/airflow/.local/lib/python3.12/site-packages/airflow/example_dags/example_latest_only_with_trigger.py for tasks to queue
[2026-06-15T19:43:05.591+0000] {logging_mixin.py:188} INFO - [2026-06-15T19:43:05.591+0000] {dagbag.py:545} INFO - Filling up the DagBag from /home/airflow/.local/lib/python3.12/site-packages/airflow/example_dags/example_latest_only_with_trigger.py
[2026-06-15T19:43:05.598+0000] {processor.py:840} INFO - DAG(s) 'latest_only_with_trigger' retrieved from /home/airflow/.local/lib/python3.12/site-packages/airflow/example_dags/example_latest_only_with_trigger.py
[2026-06-15T19:43:05.624+0000] {logging_mixin.py:188} INFO - [2026-06-15T19:43:05.624+0000] {dag.py:3089} INFO - Sync 1 DAGs
[2026-06-15T19:43:05.652+0000] {logging_mixin.py:188} INFO - [2026-06-15T19:43:05.651+0000] {dag.py:3947} INFO - Setting next_dagrun for latest_only_with_trigger to 2026-06-15 12:00:00+00:00, run_after=2026-06-15 16:00:00+00:00
[2026-06-15T19:43:05.672+0000] {processor.py:183} INFO - Processing /home/airflow/.local/lib/python3.12/site-packages/airflow/example_dags/example_latest_only_with_trigger.py took 0.091 seconds
[2026-06-15T19:43:35.988+0000] {processor.py:161} INFO - Started process (PID=3671) to work on /home/airflow/.local/lib/python3.12/site-packages/airflow/example_dags/example_latest_only_with_trigger.py
[2026-06-15T19:43:35.989+0000] {processor.py:830} INFO - Processing file /home/airflow/.local/lib/python3.12/site-packages/airflow/example_dags/example_latest_only_with_trigger.py for tasks to queue
[2026-06-15T19:43:35.992+0000] {logging_mixin.py:188} INFO - [2026-06-15T19:43:35.992+0000] {dagbag.py:545} INFO - Filling up the DagBag from /home/airflow/.local/lib/python3.12/site-packages/airflow/example_dags/example_latest_only_with_trigger.py
[2026-06-15T19:43:36.005+0000] {processor.py:840} INFO - DAG(s) 'latest_only_with_trigger' retrieved from /home/airflow/.local/lib/python3.12/site-packages/airflow/example_dags/example_latest_only_with_trigger.py
[2026-06-15T19:43:36.049+0000] {logging_mixin.py:188} INFO - [2026-06-15T19:43:36.049+0000] {dag.py:3089} INFO - Sync 1 DAGs
[2026-06-15T19:43:36.077+0000] {logging_mixin.py:188} INFO - [2026-06-15T19:43:36.077+0000] {dag.py:3947} INFO - Setting next_dagrun for latest_only_with_trigger to 2026-06-15 12:00:00+00:00, run_after=2026-06-15 16:00:00+00:00
[2026-06-15T19:43:36.096+0000] {processor.py:183} INFO - Processing /home/airflow/.local/lib/python3.12/site-packages/airflow/example_dags/example_latest_only_with_trigger.py took 0.115 seconds
