[2026-06-15T19:12:04.702+0000] {processor.py:161} INFO - Started process (PID=91) to work on /home/airflow/.local/lib/python3.12/site-packages/airflow/example_dags/example_display_name.py
[2026-06-15T19:12:04.707+0000] {processor.py:830} INFO - Processing file /home/airflow/.local/lib/python3.12/site-packages/airflow/example_dags/example_display_name.py for tasks to queue
[2026-06-15T19:12:04.712+0000] {logging_mixin.py:188} INFO - [2026-06-15T19:12:04.712+0000] {dagbag.py:545} INFO - Filling up the DagBag from /home/airflow/.local/lib/python3.12/site-packages/airflow/example_dags/example_display_name.py
[2026-06-15T19:12:04.733+0000] {processor.py:840} INFO - DAG(s) 'example_display_name' retrieved from /home/airflow/.local/lib/python3.12/site-packages/airflow/example_dags/example_display_name.py
[2026-06-15T19:12:05.273+0000] {logging_mixin.py:188} INFO - [2026-06-15T19:12:05.273+0000] {dag.py:3089} INFO - Sync 1 DAGs
[2026-06-15T19:12:05.335+0000] {logging_mixin.py:188} INFO - [2026-06-15T19:12:05.335+0000] {dag.py:3947} INFO - Setting next_dagrun for example_display_name to None, run_after=None
[2026-06-15T19:12:05.479+0000] {processor.py:183} INFO - Processing /home/airflow/.local/lib/python3.12/site-packages/airflow/example_dags/example_display_name.py took 0.804 seconds
[2026-06-15T19:12:36.041+0000] {processor.py:161} INFO - Started process (PID=149) to work on /home/airflow/.local/lib/python3.12/site-packages/airflow/example_dags/example_display_name.py
[2026-06-15T19:12:36.042+0000] {processor.py:830} INFO - Processing file /home/airflow/.local/lib/python3.12/site-packages/airflow/example_dags/example_display_name.py for tasks to queue
[2026-06-15T19:12:36.046+0000] {logging_mixin.py:188} INFO - [2026-06-15T19:12:36.046+0000] {dagbag.py:545} INFO - Filling up the DagBag from /home/airflow/.local/lib/python3.12/site-packages/airflow/example_dags/example_display_name.py
[2026-06-15T19:12:36.060+0000] {processor.py:840} INFO - DAG(s) 'example_display_name' retrieved from /home/airflow/.local/lib/python3.12/site-packages/airflow/example_dags/example_display_name.py
[2026-06-15T19:12:36.088+0000] {logging_mixin.py:188} INFO - [2026-06-15T19:12:36.087+0000] {dag.py:3089} INFO - Sync 1 DAGs
[2026-06-15T19:12:36.206+0000] {logging_mixin.py:188} INFO - [2026-06-15T19:12:36.202+0000] {dag.py:3947} INFO - Setting next_dagrun for example_display_name to None, run_after=None
[2026-06-15T19:12:36.289+0000] {processor.py:183} INFO - Processing /home/airflow/.local/lib/python3.12/site-packages/airflow/example_dags/example_display_name.py took 0.269 seconds
[2026-06-15T19:13:06.756+0000] {processor.py:161} INFO - Started process (PID=207) to work on /home/airflow/.local/lib/python3.12/site-packages/airflow/example_dags/example_display_name.py
[2026-06-15T19:13:06.757+0000] {processor.py:830} INFO - Processing file /home/airflow/.local/lib/python3.12/site-packages/airflow/example_dags/example_display_name.py for tasks to queue
[2026-06-15T19:13:06.759+0000] {logging_mixin.py:188} INFO - [2026-06-15T19:13:06.759+0000] {dagbag.py:545} INFO - Filling up the DagBag from /home/airflow/.local/lib/python3.12/site-packages/airflow/example_dags/example_display_name.py
[2026-06-15T19:13:06.765+0000] {processor.py:840} INFO - DAG(s) 'example_display_name' retrieved from /home/airflow/.local/lib/python3.12/site-packages/airflow/example_dags/example_display_name.py
[2026-06-15T19:13:06.807+0000] {logging_mixin.py:188} INFO - [2026-06-15T19:13:06.807+0000] {dag.py:3089} INFO - Sync 1 DAGs
[2026-06-15T19:13:06.824+0000] {logging_mixin.py:188} INFO - [2026-06-15T19:13:06.824+0000] {dag.py:3947} INFO - Setting next_dagrun for example_display_name to None, run_after=None
[2026-06-15T19:13:06.844+0000] {processor.py:183} INFO - Processing /home/airflow/.local/lib/python3.12/site-packages/airflow/example_dags/example_display_name.py took 0.095 seconds
[2026-06-15T19:13:37.118+0000] {processor.py:161} INFO - Started process (PID=265) to work on /home/airflow/.local/lib/python3.12/site-packages/airflow/example_dags/example_display_name.py
[2026-06-15T19:13:37.118+0000] {processor.py:830} INFO - Processing file /home/airflow/.local/lib/python3.12/site-packages/airflow/example_dags/example_display_name.py for tasks to queue
[2026-06-15T19:13:37.120+0000] {logging_mixin.py:188} INFO - [2026-06-15T19:13:37.120+0000] {dagbag.py:545} INFO - Filling up the DagBag from /home/airflow/.local/lib/python3.12/site-packages/airflow/example_dags/example_display_name.py
[2026-06-15T19:13:37.126+0000] {processor.py:840} INFO - DAG(s) 'example_display_name' retrieved from /home/airflow/.local/lib/python3.12/site-packages/airflow/example_dags/example_display_name.py
[2026-06-15T19:13:37.148+0000] {logging_mixin.py:188} INFO - [2026-06-15T19:13:37.148+0000] {dag.py:3089} INFO - Sync 1 DAGs
[2026-06-15T19:13:37.170+0000] {logging_mixin.py:188} INFO - [2026-06-15T19:13:37.169+0000] {dag.py:3947} INFO - Setting next_dagrun for example_display_name to None, run_after=None
[2026-06-15T19:13:37.193+0000] {processor.py:183} INFO - Processing /home/airflow/.local/lib/python3.12/site-packages/airflow/example_dags/example_display_name.py took 0.082 seconds
[2026-06-15T19:14:07.858+0000] {processor.py:161} INFO - Started process (PID=323) to work on /home/airflow/.local/lib/python3.12/site-packages/airflow/example_dags/example_display_name.py
[2026-06-15T19:14:07.863+0000] {processor.py:830} INFO - Processing file /home/airflow/.local/lib/python3.12/site-packages/airflow/example_dags/example_display_name.py for tasks to queue
[2026-06-15T19:14:07.865+0000] {logging_mixin.py:188} INFO - [2026-06-15T19:14:07.864+0000] {dagbag.py:545} INFO - Filling up the DagBag from /home/airflow/.local/lib/python3.12/site-packages/airflow/example_dags/example_display_name.py
[2026-06-15T19:14:07.891+0000] {processor.py:840} INFO - DAG(s) 'example_display_name' retrieved from /home/airflow/.local/lib/python3.12/site-packages/airflow/example_dags/example_display_name.py
[2026-06-15T19:14:07.972+0000] {logging_mixin.py:188} INFO - [2026-06-15T19:14:07.972+0000] {dag.py:3089} INFO - Sync 1 DAGs
[2026-06-15T19:14:08.085+0000] {logging_mixin.py:188} INFO - [2026-06-15T19:14:08.084+0000] {dag.py:3947} INFO - Setting next_dagrun for example_display_name to None, run_after=None
[2026-06-15T19:14:08.186+0000] {processor.py:183} INFO - Processing /home/airflow/.local/lib/python3.12/site-packages/airflow/example_dags/example_display_name.py took 0.341 seconds
[2026-06-15T19:14:38.773+0000] {processor.py:161} INFO - Started process (PID=379) to work on /home/airflow/.local/lib/python3.12/site-packages/airflow/example_dags/example_display_name.py
[2026-06-15T19:14:38.774+0000] {processor.py:830} INFO - Processing file /home/airflow/.local/lib/python3.12/site-packages/airflow/example_dags/example_display_name.py for tasks to queue
[2026-06-15T19:14:38.776+0000] {logging_mixin.py:188} INFO - [2026-06-15T19:14:38.776+0000] {dagbag.py:545} INFO - Filling up the DagBag from /home/airflow/.local/lib/python3.12/site-packages/airflow/example_dags/example_display_name.py
[2026-06-15T19:14:38.783+0000] {processor.py:840} INFO - DAG(s) 'example_display_name' retrieved from /home/airflow/.local/lib/python3.12/site-packages/airflow/example_dags/example_display_name.py
[2026-06-15T19:14:38.808+0000] {logging_mixin.py:188} INFO - [2026-06-15T19:14:38.808+0000] {dag.py:3089} INFO - Sync 1 DAGs
[2026-06-15T19:14:38.824+0000] {logging_mixin.py:188} INFO - [2026-06-15T19:14:38.824+0000] {dag.py:3947} INFO - Setting next_dagrun for example_display_name to None, run_after=None
[2026-06-15T19:14:38.844+0000] {processor.py:183} INFO - Processing /home/airflow/.local/lib/python3.12/site-packages/airflow/example_dags/example_display_name.py took 0.082 seconds
[2026-06-15T19:15:09.410+0000] {processor.py:161} INFO - Started process (PID=437) to work on /home/airflow/.local/lib/python3.12/site-packages/airflow/example_dags/example_display_name.py
[2026-06-15T19:15:09.411+0000] {processor.py:830} INFO - Processing file /home/airflow/.local/lib/python3.12/site-packages/airflow/example_dags/example_display_name.py for tasks to queue
[2026-06-15T19:15:09.413+0000] {logging_mixin.py:188} INFO - [2026-06-15T19:15:09.412+0000] {dagbag.py:545} INFO - Filling up the DagBag from /home/airflow/.local/lib/python3.12/site-packages/airflow/example_dags/example_display_name.py
[2026-06-15T19:15:09.419+0000] {processor.py:840} INFO - DAG(s) 'example_display_name' retrieved from /home/airflow/.local/lib/python3.12/site-packages/airflow/example_dags/example_display_name.py
[2026-06-15T19:15:09.458+0000] {logging_mixin.py:188} INFO - [2026-06-15T19:15:09.458+0000] {dag.py:3089} INFO - Sync 1 DAGs
[2026-06-15T19:15:09.485+0000] {logging_mixin.py:188} INFO - [2026-06-15T19:15:09.485+0000] {dag.py:3947} INFO - Setting next_dagrun for example_display_name to None, run_after=None
[2026-06-15T19:15:09.505+0000] {processor.py:183} INFO - Processing /home/airflow/.local/lib/python3.12/site-packages/airflow/example_dags/example_display_name.py took 0.103 seconds
[2026-06-15T19:15:39.863+0000] {processor.py:161} INFO - Started process (PID=495) to work on /home/airflow/.local/lib/python3.12/site-packages/airflow/example_dags/example_display_name.py
[2026-06-15T19:15:39.863+0000] {processor.py:830} INFO - Processing file /home/airflow/.local/lib/python3.12/site-packages/airflow/example_dags/example_display_name.py for tasks to queue
[2026-06-15T19:15:39.865+0000] {logging_mixin.py:188} INFO - [2026-06-15T19:15:39.865+0000] {dagbag.py:545} INFO - Filling up the DagBag from /home/airflow/.local/lib/python3.12/site-packages/airflow/example_dags/example_display_name.py
[2026-06-15T19:15:39.872+0000] {processor.py:840} INFO - DAG(s) 'example_display_name' retrieved from /home/airflow/.local/lib/python3.12/site-packages/airflow/example_dags/example_display_name.py
[2026-06-15T19:15:39.897+0000] {logging_mixin.py:188} INFO - [2026-06-15T19:15:39.897+0000] {dag.py:3089} INFO - Sync 1 DAGs
[2026-06-15T19:15:39.915+0000] {logging_mixin.py:188} INFO - [2026-06-15T19:15:39.914+0000] {dag.py:3947} INFO - Setting next_dagrun for example_display_name to None, run_after=None
[2026-06-15T19:15:39.935+0000] {processor.py:183} INFO - Processing /home/airflow/.local/lib/python3.12/site-packages/airflow/example_dags/example_display_name.py took 0.080 seconds
[2026-06-15T19:16:10.327+0000] {processor.py:161} INFO - Started process (PID=553) to work on /home/airflow/.local/lib/python3.12/site-packages/airflow/example_dags/example_display_name.py
[2026-06-15T19:16:10.328+0000] {processor.py:830} INFO - Processing file /home/airflow/.local/lib/python3.12/site-packages/airflow/example_dags/example_display_name.py for tasks to queue
[2026-06-15T19:16:10.330+0000] {logging_mixin.py:188} INFO - [2026-06-15T19:16:10.330+0000] {dagbag.py:545} INFO - Filling up the DagBag from /home/airflow/.local/lib/python3.12/site-packages/airflow/example_dags/example_display_name.py
[2026-06-15T19:16:10.337+0000] {processor.py:840} INFO - DAG(s) 'example_display_name' retrieved from /home/airflow/.local/lib/python3.12/site-packages/airflow/example_dags/example_display_name.py
[2026-06-15T19:16:10.359+0000] {logging_mixin.py:188} INFO - [2026-06-15T19:16:10.359+0000] {dag.py:3089} INFO - Sync 1 DAGs
[2026-06-15T19:16:10.383+0000] {logging_mixin.py:188} INFO - [2026-06-15T19:16:10.383+0000] {dag.py:3947} INFO - Setting next_dagrun for example_display_name to None, run_after=None
[2026-06-15T19:16:10.418+0000] {processor.py:183} INFO - Processing /home/airflow/.local/lib/python3.12/site-packages/airflow/example_dags/example_display_name.py took 0.100 seconds
[2026-06-15T19:16:40.495+0000] {processor.py:161} INFO - Started process (PID=610) to work on /home/airflow/.local/lib/python3.12/site-packages/airflow/example_dags/example_display_name.py
[2026-06-15T19:16:40.496+0000] {processor.py:830} INFO - Processing file /home/airflow/.local/lib/python3.12/site-packages/airflow/example_dags/example_display_name.py for tasks to queue
[2026-06-15T19:16:40.498+0000] {logging_mixin.py:188} INFO - [2026-06-15T19:16:40.498+0000] {dagbag.py:545} INFO - Filling up the DagBag from /home/airflow/.local/lib/python3.12/site-packages/airflow/example_dags/example_display_name.py
[2026-06-15T19:16:40.504+0000] {processor.py:840} INFO - DAG(s) 'example_display_name' retrieved from /home/airflow/.local/lib/python3.12/site-packages/airflow/example_dags/example_display_name.py
[2026-06-15T19:16:40.591+0000] {logging_mixin.py:188} INFO - [2026-06-15T19:16:40.591+0000] {dag.py:3089} INFO - Sync 1 DAGs
[2026-06-15T19:16:40.623+0000] {logging_mixin.py:188} INFO - [2026-06-15T19:16:40.623+0000] {dag.py:3947} INFO - Setting next_dagrun for example_display_name to None, run_after=None
[2026-06-15T19:16:40.669+0000] {processor.py:183} INFO - Processing /home/airflow/.local/lib/python3.12/site-packages/airflow/example_dags/example_display_name.py took 0.181 seconds
[2026-06-15T19:17:10.708+0000] {processor.py:161} INFO - Started process (PID=668) to work on /home/airflow/.local/lib/python3.12/site-packages/airflow/example_dags/example_display_name.py
[2026-06-15T19:17:10.709+0000] {processor.py:830} INFO - Processing file /home/airflow/.local/lib/python3.12/site-packages/airflow/example_dags/example_display_name.py for tasks to queue
[2026-06-15T19:17:10.711+0000] {logging_mixin.py:188} INFO - [2026-06-15T19:17:10.711+0000] {dagbag.py:545} INFO - Filling up the DagBag from /home/airflow/.local/lib/python3.12/site-packages/airflow/example_dags/example_display_name.py
[2026-06-15T19:17:10.717+0000] {processor.py:840} INFO - DAG(s) 'example_display_name' retrieved from /home/airflow/.local/lib/python3.12/site-packages/airflow/example_dags/example_display_name.py
[2026-06-15T19:17:10.739+0000] {logging_mixin.py:188} INFO - [2026-06-15T19:17:10.739+0000] {dag.py:3089} INFO - Sync 1 DAGs
[2026-06-15T19:17:10.756+0000] {logging_mixin.py:188} INFO - [2026-06-15T19:17:10.755+0000] {dag.py:3947} INFO - Setting next_dagrun for example_display_name to None, run_after=None
[2026-06-15T19:17:10.780+0000] {processor.py:183} INFO - Processing /home/airflow/.local/lib/python3.12/site-packages/airflow/example_dags/example_display_name.py took 0.079 seconds
[2026-06-15T19:17:41.331+0000] {processor.py:161} INFO - Started process (PID=725) to work on /home/airflow/.local/lib/python3.12/site-packages/airflow/example_dags/example_display_name.py
[2026-06-15T19:17:41.333+0000] {processor.py:830} INFO - Processing file /home/airflow/.local/lib/python3.12/site-packages/airflow/example_dags/example_display_name.py for tasks to queue
[2026-06-15T19:17:41.335+0000] {logging_mixin.py:188} INFO - [2026-06-15T19:17:41.335+0000] {dagbag.py:545} INFO - Filling up the DagBag from /home/airflow/.local/lib/python3.12/site-packages/airflow/example_dags/example_display_name.py
[2026-06-15T19:17:41.343+0000] {processor.py:840} INFO - DAG(s) 'example_display_name' retrieved from /home/airflow/.local/lib/python3.12/site-packages/airflow/example_dags/example_display_name.py
[2026-06-15T19:17:41.396+0000] {logging_mixin.py:188} INFO - [2026-06-15T19:17:41.395+0000] {dag.py:3089} INFO - Sync 1 DAGs
[2026-06-15T19:17:41.425+0000] {logging_mixin.py:188} INFO - [2026-06-15T19:17:41.425+0000] {dag.py:3947} INFO - Setting next_dagrun for example_display_name to None, run_after=None
[2026-06-15T19:17:41.461+0000] {processor.py:183} INFO - Processing /home/airflow/.local/lib/python3.12/site-packages/airflow/example_dags/example_display_name.py took 0.149 seconds
[2026-06-15T19:18:12.077+0000] {processor.py:161} INFO - Started process (PID=783) to work on /home/airflow/.local/lib/python3.12/site-packages/airflow/example_dags/example_display_name.py
[2026-06-15T19:18:12.082+0000] {processor.py:830} INFO - Processing file /home/airflow/.local/lib/python3.12/site-packages/airflow/example_dags/example_display_name.py for tasks to queue
[2026-06-15T19:18:12.096+0000] {logging_mixin.py:188} INFO - [2026-06-15T19:18:12.096+0000] {dagbag.py:545} INFO - Filling up the DagBag from /home/airflow/.local/lib/python3.12/site-packages/airflow/example_dags/example_display_name.py
[2026-06-15T19:18:12.136+0000] {processor.py:840} INFO - DAG(s) 'example_display_name' retrieved from /home/airflow/.local/lib/python3.12/site-packages/airflow/example_dags/example_display_name.py
[2026-06-15T19:18:12.260+0000] {logging_mixin.py:188} INFO - [2026-06-15T19:18:12.260+0000] {dag.py:3089} INFO - Sync 1 DAGs
[2026-06-15T19:18:12.338+0000] {logging_mixin.py:188} INFO - [2026-06-15T19:18:12.337+0000] {dag.py:3947} INFO - Setting next_dagrun for example_display_name to None, run_after=None
[2026-06-15T19:18:12.480+0000] {processor.py:183} INFO - Processing /home/airflow/.local/lib/python3.12/site-packages/airflow/example_dags/example_display_name.py took 0.446 seconds
[2026-06-15T19:18:43.189+0000] {processor.py:161} INFO - Started process (PID=841) to work on /home/airflow/.local/lib/python3.12/site-packages/airflow/example_dags/example_display_name.py
[2026-06-15T19:18:43.190+0000] {processor.py:830} INFO - Processing file /home/airflow/.local/lib/python3.12/site-packages/airflow/example_dags/example_display_name.py for tasks to queue
[2026-06-15T19:18:43.192+0000] {logging_mixin.py:188} INFO - [2026-06-15T19:18:43.192+0000] {dagbag.py:545} INFO - Filling up the DagBag from /home/airflow/.local/lib/python3.12/site-packages/airflow/example_dags/example_display_name.py
[2026-06-15T19:18:43.199+0000] {processor.py:840} INFO - DAG(s) 'example_display_name' retrieved from /home/airflow/.local/lib/python3.12/site-packages/airflow/example_dags/example_display_name.py
[2026-06-15T19:18:43.221+0000] {logging_mixin.py:188} INFO - [2026-06-15T19:18:43.221+0000] {dag.py:3089} INFO - Sync 1 DAGs
[2026-06-15T19:18:43.238+0000] {logging_mixin.py:188} INFO - [2026-06-15T19:18:43.238+0000] {dag.py:3947} INFO - Setting next_dagrun for example_display_name to None, run_after=None
[2026-06-15T19:18:43.259+0000] {processor.py:183} INFO - Processing /home/airflow/.local/lib/python3.12/site-packages/airflow/example_dags/example_display_name.py took 0.080 seconds
[2026-06-15T19:19:13.789+0000] {processor.py:161} INFO - Started process (PID=899) to work on /home/airflow/.local/lib/python3.12/site-packages/airflow/example_dags/example_display_name.py
[2026-06-15T19:19:13.790+0000] {processor.py:830} INFO - Processing file /home/airflow/.local/lib/python3.12/site-packages/airflow/example_dags/example_display_name.py for tasks to queue
[2026-06-15T19:19:13.792+0000] {logging_mixin.py:188} INFO - [2026-06-15T19:19:13.792+0000] {dagbag.py:545} INFO - Filling up the DagBag from /home/airflow/.local/lib/python3.12/site-packages/airflow/example_dags/example_display_name.py
[2026-06-15T19:19:13.798+0000] {processor.py:840} INFO - DAG(s) 'example_display_name' retrieved from /home/airflow/.local/lib/python3.12/site-packages/airflow/example_dags/example_display_name.py
[2026-06-15T19:19:13.822+0000] {logging_mixin.py:188} INFO - [2026-06-15T19:19:13.822+0000] {dag.py:3089} INFO - Sync 1 DAGs
[2026-06-15T19:19:13.839+0000] {logging_mixin.py:188} INFO - [2026-06-15T19:19:13.838+0000] {dag.py:3947} INFO - Setting next_dagrun for example_display_name to None, run_after=None
[2026-06-15T19:19:13.860+0000] {processor.py:183} INFO - Processing /home/airflow/.local/lib/python3.12/site-packages/airflow/example_dags/example_display_name.py took 0.078 seconds
[2026-06-15T19:19:43.963+0000] {processor.py:161} INFO - Started process (PID=957) to work on /home/airflow/.local/lib/python3.12/site-packages/airflow/example_dags/example_display_name.py
[2026-06-15T19:19:43.964+0000] {processor.py:830} INFO - Processing file /home/airflow/.local/lib/python3.12/site-packages/airflow/example_dags/example_display_name.py for tasks to queue
[2026-06-15T19:19:43.966+0000] {logging_mixin.py:188} INFO - [2026-06-15T19:19:43.966+0000] {dagbag.py:545} INFO - Filling up the DagBag from /home/airflow/.local/lib/python3.12/site-packages/airflow/example_dags/example_display_name.py
[2026-06-15T19:19:43.973+0000] {processor.py:840} INFO - DAG(s) 'example_display_name' retrieved from /home/airflow/.local/lib/python3.12/site-packages/airflow/example_dags/example_display_name.py
[2026-06-15T19:19:43.994+0000] {logging_mixin.py:188} INFO - [2026-06-15T19:19:43.994+0000] {dag.py:3089} INFO - Sync 1 DAGs
[2026-06-15T19:19:44.038+0000] {logging_mixin.py:188} INFO - [2026-06-15T19:19:44.037+0000] {dag.py:3947} INFO - Setting next_dagrun for example_display_name to None, run_after=None
[2026-06-15T19:19:44.074+0000] {processor.py:183} INFO - Processing /home/airflow/.local/lib/python3.12/site-packages/airflow/example_dags/example_display_name.py took 0.123 seconds
[2026-06-15T19:20:14.317+0000] {processor.py:161} INFO - Started process (PID=1015) to work on /home/airflow/.local/lib/python3.12/site-packages/airflow/example_dags/example_display_name.py
[2026-06-15T19:20:14.317+0000] {processor.py:830} INFO - Processing file /home/airflow/.local/lib/python3.12/site-packages/airflow/example_dags/example_display_name.py for tasks to queue
[2026-06-15T19:20:14.320+0000] {logging_mixin.py:188} INFO - [2026-06-15T19:20:14.320+0000] {dagbag.py:545} INFO - Filling up the DagBag from /home/airflow/.local/lib/python3.12/site-packages/airflow/example_dags/example_display_name.py
[2026-06-15T19:20:14.336+0000] {processor.py:840} INFO - DAG(s) 'example_display_name' retrieved from /home/airflow/.local/lib/python3.12/site-packages/airflow/example_dags/example_display_name.py
[2026-06-15T19:20:14.359+0000] {logging_mixin.py:188} INFO - [2026-06-15T19:20:14.359+0000] {dag.py:3089} INFO - Sync 1 DAGs
[2026-06-15T19:20:14.381+0000] {logging_mixin.py:188} INFO - [2026-06-15T19:20:14.381+0000] {dag.py:3947} INFO - Setting next_dagrun for example_display_name to None, run_after=None
[2026-06-15T19:20:14.412+0000] {processor.py:183} INFO - Processing /home/airflow/.local/lib/python3.12/site-packages/airflow/example_dags/example_display_name.py took 0.102 seconds
[2026-06-15T19:20:44.931+0000] {processor.py:161} INFO - Started process (PID=1073) to work on /home/airflow/.local/lib/python3.12/site-packages/airflow/example_dags/example_display_name.py
[2026-06-15T19:20:44.932+0000] {processor.py:830} INFO - Processing file /home/airflow/.local/lib/python3.12/site-packages/airflow/example_dags/example_display_name.py for tasks to queue
[2026-06-15T19:20:44.934+0000] {logging_mixin.py:188} INFO - [2026-06-15T19:20:44.934+0000] {dagbag.py:545} INFO - Filling up the DagBag from /home/airflow/.local/lib/python3.12/site-packages/airflow/example_dags/example_display_name.py
[2026-06-15T19:20:44.944+0000] {processor.py:840} INFO - DAG(s) 'example_display_name' retrieved from /home/airflow/.local/lib/python3.12/site-packages/airflow/example_dags/example_display_name.py
[2026-06-15T19:20:44.971+0000] {logging_mixin.py:188} INFO - [2026-06-15T19:20:44.970+0000] {dag.py:3089} INFO - Sync 1 DAGs
[2026-06-15T19:20:44.987+0000] {logging_mixin.py:188} INFO - [2026-06-15T19:20:44.987+0000] {dag.py:3947} INFO - Setting next_dagrun for example_display_name to None, run_after=None
[2026-06-15T19:20:45.013+0000] {processor.py:183} INFO - Processing /home/airflow/.local/lib/python3.12/site-packages/airflow/example_dags/example_display_name.py took 0.090 seconds
[2026-06-15T19:21:15.537+0000] {processor.py:161} INFO - Started process (PID=1131) to work on /home/airflow/.local/lib/python3.12/site-packages/airflow/example_dags/example_display_name.py
[2026-06-15T19:21:15.538+0000] {processor.py:830} INFO - Processing file /home/airflow/.local/lib/python3.12/site-packages/airflow/example_dags/example_display_name.py for tasks to queue
[2026-06-15T19:21:15.540+0000] {logging_mixin.py:188} INFO - [2026-06-15T19:21:15.540+0000] {dagbag.py:545} INFO - Filling up the DagBag from /home/airflow/.local/lib/python3.12/site-packages/airflow/example_dags/example_display_name.py
[2026-06-15T19:21:15.546+0000] {processor.py:840} INFO - DAG(s) 'example_display_name' retrieved from /home/airflow/.local/lib/python3.12/site-packages/airflow/example_dags/example_display_name.py
[2026-06-15T19:21:15.571+0000] {logging_mixin.py:188} INFO - [2026-06-15T19:21:15.571+0000] {dag.py:3089} INFO - Sync 1 DAGs
[2026-06-15T19:21:15.588+0000] {logging_mixin.py:188} INFO - [2026-06-15T19:21:15.588+0000] {dag.py:3947} INFO - Setting next_dagrun for example_display_name to None, run_after=None
[2026-06-15T19:21:15.608+0000] {processor.py:183} INFO - Processing /home/airflow/.local/lib/python3.12/site-packages/airflow/example_dags/example_display_name.py took 0.078 seconds
[2026-06-15T19:21:46.387+0000] {processor.py:161} INFO - Started process (PID=1189) to work on /home/airflow/.local/lib/python3.12/site-packages/airflow/example_dags/example_display_name.py
[2026-06-15T19:21:46.390+0000] {processor.py:830} INFO - Processing file /home/airflow/.local/lib/python3.12/site-packages/airflow/example_dags/example_display_name.py for tasks to queue
[2026-06-15T19:21:46.399+0000] {logging_mixin.py:188} INFO - [2026-06-15T19:21:46.398+0000] {dagbag.py:545} INFO - Filling up the DagBag from /home/airflow/.local/lib/python3.12/site-packages/airflow/example_dags/example_display_name.py
[2026-06-15T19:21:46.451+0000] {processor.py:840} INFO - DAG(s) 'example_display_name' retrieved from /home/airflow/.local/lib/python3.12/site-packages/airflow/example_dags/example_display_name.py
[2026-06-15T19:21:46.542+0000] {logging_mixin.py:188} INFO - [2026-06-15T19:21:46.542+0000] {dag.py:3089} INFO - Sync 1 DAGs
[2026-06-15T19:21:46.600+0000] {logging_mixin.py:188} INFO - [2026-06-15T19:21:46.600+0000] {dag.py:3947} INFO - Setting next_dagrun for example_display_name to None, run_after=None
[2026-06-15T19:21:46.640+0000] {processor.py:183} INFO - Processing /home/airflow/.local/lib/python3.12/site-packages/airflow/example_dags/example_display_name.py took 0.289 seconds
[2026-06-15T19:22:16.739+0000] {processor.py:161} INFO - Started process (PID=1247) to work on /home/airflow/.local/lib/python3.12/site-packages/airflow/example_dags/example_display_name.py
[2026-06-15T19:22:16.743+0000] {processor.py:830} INFO - Processing file /home/airflow/.local/lib/python3.12/site-packages/airflow/example_dags/example_display_name.py for tasks to queue
[2026-06-15T19:22:16.746+0000] {logging_mixin.py:188} INFO - [2026-06-15T19:22:16.746+0000] {dagbag.py:545} INFO - Filling up the DagBag from /home/airflow/.local/lib/python3.12/site-packages/airflow/example_dags/example_display_name.py
[2026-06-15T19:22:16.762+0000] {processor.py:840} INFO - DAG(s) 'example_display_name' retrieved from /home/airflow/.local/lib/python3.12/site-packages/airflow/example_dags/example_display_name.py
[2026-06-15T19:22:16.818+0000] {logging_mixin.py:188} INFO - [2026-06-15T19:22:16.817+0000] {dag.py:3089} INFO - Sync 1 DAGs
[2026-06-15T19:22:16.850+0000] {logging_mixin.py:188} INFO - [2026-06-15T19:22:16.850+0000] {dag.py:3947} INFO - Setting next_dagrun for example_display_name to None, run_after=None
[2026-06-15T19:22:16.896+0000] {processor.py:183} INFO - Processing /home/airflow/.local/lib/python3.12/site-packages/airflow/example_dags/example_display_name.py took 0.178 seconds
[2026-06-15T19:22:47.077+0000] {processor.py:161} INFO - Started process (PID=1305) to work on /home/airflow/.local/lib/python3.12/site-packages/airflow/example_dags/example_display_name.py
[2026-06-15T19:22:47.081+0000] {processor.py:830} INFO - Processing file /home/airflow/.local/lib/python3.12/site-packages/airflow/example_dags/example_display_name.py for tasks to queue
[2026-06-15T19:22:47.085+0000] {logging_mixin.py:188} INFO - [2026-06-15T19:22:47.085+0000] {dagbag.py:545} INFO - Filling up the DagBag from /home/airflow/.local/lib/python3.12/site-packages/airflow/example_dags/example_display_name.py
[2026-06-15T19:22:47.097+0000] {processor.py:840} INFO - DAG(s) 'example_display_name' retrieved from /home/airflow/.local/lib/python3.12/site-packages/airflow/example_dags/example_display_name.py
[2026-06-15T19:22:47.148+0000] {logging_mixin.py:188} INFO - [2026-06-15T19:22:47.148+0000] {dag.py:3089} INFO - Sync 1 DAGs
[2026-06-15T19:22:47.183+0000] {logging_mixin.py:188} INFO - [2026-06-15T19:22:47.182+0000] {dag.py:3947} INFO - Setting next_dagrun for example_display_name to None, run_after=None
[2026-06-15T19:22:47.227+0000] {processor.py:183} INFO - Processing /home/airflow/.local/lib/python3.12/site-packages/airflow/example_dags/example_display_name.py took 0.166 seconds
[2026-06-15T19:23:17.526+0000] {processor.py:161} INFO - Started process (PID=1363) to work on /home/airflow/.local/lib/python3.12/site-packages/airflow/example_dags/example_display_name.py
[2026-06-15T19:23:17.527+0000] {processor.py:830} INFO - Processing file /home/airflow/.local/lib/python3.12/site-packages/airflow/example_dags/example_display_name.py for tasks to queue
[2026-06-15T19:23:17.529+0000] {logging_mixin.py:188} INFO - [2026-06-15T19:23:17.528+0000] {dagbag.py:545} INFO - Filling up the DagBag from /home/airflow/.local/lib/python3.12/site-packages/airflow/example_dags/example_display_name.py
[2026-06-15T19:23:17.535+0000] {processor.py:840} INFO - DAG(s) 'example_display_name' retrieved from /home/airflow/.local/lib/python3.12/site-packages/airflow/example_dags/example_display_name.py
[2026-06-15T19:23:17.556+0000] {logging_mixin.py:188} INFO - [2026-06-15T19:23:17.556+0000] {dag.py:3089} INFO - Sync 1 DAGs
[2026-06-15T19:23:17.577+0000] {logging_mixin.py:188} INFO - [2026-06-15T19:23:17.577+0000] {dag.py:3947} INFO - Setting next_dagrun for example_display_name to None, run_after=None
[2026-06-15T19:23:17.598+0000] {processor.py:183} INFO - Processing /home/airflow/.local/lib/python3.12/site-packages/airflow/example_dags/example_display_name.py took 0.079 seconds
[2026-06-15T19:23:48.260+0000] {processor.py:161} INFO - Started process (PID=1421) to work on /home/airflow/.local/lib/python3.12/site-packages/airflow/example_dags/example_display_name.py
[2026-06-15T19:23:48.268+0000] {processor.py:830} INFO - Processing file /home/airflow/.local/lib/python3.12/site-packages/airflow/example_dags/example_display_name.py for tasks to queue
[2026-06-15T19:23:48.271+0000] {logging_mixin.py:188} INFO - [2026-06-15T19:23:48.270+0000] {dagbag.py:545} INFO - Filling up the DagBag from /home/airflow/.local/lib/python3.12/site-packages/airflow/example_dags/example_display_name.py
[2026-06-15T19:23:48.294+0000] {processor.py:840} INFO - DAG(s) 'example_display_name' retrieved from /home/airflow/.local/lib/python3.12/site-packages/airflow/example_dags/example_display_name.py
[2026-06-15T19:23:48.329+0000] {logging_mixin.py:188} INFO - [2026-06-15T19:23:48.329+0000] {dag.py:3089} INFO - Sync 1 DAGs
[2026-06-15T19:23:48.350+0000] {logging_mixin.py:188} INFO - [2026-06-15T19:23:48.350+0000] {dag.py:3947} INFO - Setting next_dagrun for example_display_name to None, run_after=None
[2026-06-15T19:23:48.400+0000] {processor.py:183} INFO - Processing /home/airflow/.local/lib/python3.12/site-packages/airflow/example_dags/example_display_name.py took 0.160 seconds
[2026-06-15T19:24:18.800+0000] {processor.py:161} INFO - Started process (PID=1479) to work on /home/airflow/.local/lib/python3.12/site-packages/airflow/example_dags/example_display_name.py
[2026-06-15T19:24:18.801+0000] {processor.py:830} INFO - Processing file /home/airflow/.local/lib/python3.12/site-packages/airflow/example_dags/example_display_name.py for tasks to queue
[2026-06-15T19:24:18.803+0000] {logging_mixin.py:188} INFO - [2026-06-15T19:24:18.803+0000] {dagbag.py:545} INFO - Filling up the DagBag from /home/airflow/.local/lib/python3.12/site-packages/airflow/example_dags/example_display_name.py
[2026-06-15T19:24:18.809+0000] {processor.py:840} INFO - DAG(s) 'example_display_name' retrieved from /home/airflow/.local/lib/python3.12/site-packages/airflow/example_dags/example_display_name.py
[2026-06-15T19:24:18.835+0000] {logging_mixin.py:188} INFO - [2026-06-15T19:24:18.835+0000] {dag.py:3089} INFO - Sync 1 DAGs
[2026-06-15T19:24:18.852+0000] {logging_mixin.py:188} INFO - [2026-06-15T19:24:18.852+0000] {dag.py:3947} INFO - Setting next_dagrun for example_display_name to None, run_after=None
[2026-06-15T19:24:18.873+0000] {processor.py:183} INFO - Processing /home/airflow/.local/lib/python3.12/site-packages/airflow/example_dags/example_display_name.py took 0.081 seconds
[2026-06-15T19:24:48.994+0000] {processor.py:161} INFO - Started process (PID=1537) to work on /home/airflow/.local/lib/python3.12/site-packages/airflow/example_dags/example_display_name.py
[2026-06-15T19:24:48.995+0000] {processor.py:830} INFO - Processing file /home/airflow/.local/lib/python3.12/site-packages/airflow/example_dags/example_display_name.py for tasks to queue
[2026-06-15T19:24:48.996+0000] {logging_mixin.py:188} INFO - [2026-06-15T19:24:48.996+0000] {dagbag.py:545} INFO - Filling up the DagBag from /home/airflow/.local/lib/python3.12/site-packages/airflow/example_dags/example_display_name.py
[2026-06-15T19:24:49.003+0000] {processor.py:840} INFO - DAG(s) 'example_display_name' retrieved from /home/airflow/.local/lib/python3.12/site-packages/airflow/example_dags/example_display_name.py
[2026-06-15T19:24:49.026+0000] {logging_mixin.py:188} INFO - [2026-06-15T19:24:49.025+0000] {dag.py:3089} INFO - Sync 1 DAGs
[2026-06-15T19:24:49.043+0000] {logging_mixin.py:188} INFO - [2026-06-15T19:24:49.043+0000] {dag.py:3947} INFO - Setting next_dagrun for example_display_name to None, run_after=None
[2026-06-15T19:24:49.065+0000] {processor.py:183} INFO - Processing /home/airflow/.local/lib/python3.12/site-packages/airflow/example_dags/example_display_name.py took 0.079 seconds
[2026-06-15T19:25:19.490+0000] {processor.py:161} INFO - Started process (PID=1594) to work on /home/airflow/.local/lib/python3.12/site-packages/airflow/example_dags/example_display_name.py
[2026-06-15T19:25:19.490+0000] {processor.py:830} INFO - Processing file /home/airflow/.local/lib/python3.12/site-packages/airflow/example_dags/example_display_name.py for tasks to queue
[2026-06-15T19:25:19.492+0000] {logging_mixin.py:188} INFO - [2026-06-15T19:25:19.492+0000] {dagbag.py:545} INFO - Filling up the DagBag from /home/airflow/.local/lib/python3.12/site-packages/airflow/example_dags/example_display_name.py
[2026-06-15T19:25:19.499+0000] {processor.py:840} INFO - DAG(s) 'example_display_name' retrieved from /home/airflow/.local/lib/python3.12/site-packages/airflow/example_dags/example_display_name.py
[2026-06-15T19:25:19.522+0000] {logging_mixin.py:188} INFO - [2026-06-15T19:25:19.522+0000] {dag.py:3089} INFO - Sync 1 DAGs
[2026-06-15T19:25:19.538+0000] {logging_mixin.py:188} INFO - [2026-06-15T19:25:19.538+0000] {dag.py:3947} INFO - Setting next_dagrun for example_display_name to None, run_after=None
[2026-06-15T19:25:19.558+0000] {processor.py:183} INFO - Processing /home/airflow/.local/lib/python3.12/site-packages/airflow/example_dags/example_display_name.py took 0.079 seconds
[2026-06-15T19:25:49.957+0000] {processor.py:161} INFO - Started process (PID=1652) to work on /home/airflow/.local/lib/python3.12/site-packages/airflow/example_dags/example_display_name.py
[2026-06-15T19:25:49.958+0000] {processor.py:830} INFO - Processing file /home/airflow/.local/lib/python3.12/site-packages/airflow/example_dags/example_display_name.py for tasks to queue
[2026-06-15T19:25:49.959+0000] {logging_mixin.py:188} INFO - [2026-06-15T19:25:49.959+0000] {dagbag.py:545} INFO - Filling up the DagBag from /home/airflow/.local/lib/python3.12/site-packages/airflow/example_dags/example_display_name.py
[2026-06-15T19:25:49.966+0000] {processor.py:840} INFO - DAG(s) 'example_display_name' retrieved from /home/airflow/.local/lib/python3.12/site-packages/airflow/example_dags/example_display_name.py
[2026-06-15T19:25:49.989+0000] {logging_mixin.py:188} INFO - [2026-06-15T19:25:49.989+0000] {dag.py:3089} INFO - Sync 1 DAGs
[2026-06-15T19:25:50.009+0000] {logging_mixin.py:188} INFO - [2026-06-15T19:25:50.009+0000] {dag.py:3947} INFO - Setting next_dagrun for example_display_name to None, run_after=None
[2026-06-15T19:25:50.032+0000] {processor.py:183} INFO - Processing /home/airflow/.local/lib/python3.12/site-packages/airflow/example_dags/example_display_name.py took 0.083 seconds
[2026-06-15T19:26:20.362+0000] {processor.py:161} INFO - Started process (PID=1710) to work on /home/airflow/.local/lib/python3.12/site-packages/airflow/example_dags/example_display_name.py
[2026-06-15T19:26:20.363+0000] {processor.py:830} INFO - Processing file /home/airflow/.local/lib/python3.12/site-packages/airflow/example_dags/example_display_name.py for tasks to queue
[2026-06-15T19:26:20.365+0000] {logging_mixin.py:188} INFO - [2026-06-15T19:26:20.365+0000] {dagbag.py:545} INFO - Filling up the DagBag from /home/airflow/.local/lib/python3.12/site-packages/airflow/example_dags/example_display_name.py
[2026-06-15T19:26:20.371+0000] {processor.py:840} INFO - DAG(s) 'example_display_name' retrieved from /home/airflow/.local/lib/python3.12/site-packages/airflow/example_dags/example_display_name.py
[2026-06-15T19:26:20.410+0000] {logging_mixin.py:188} INFO - [2026-06-15T19:26:20.410+0000] {dag.py:3089} INFO - Sync 1 DAGs
[2026-06-15T19:26:20.427+0000] {logging_mixin.py:188} INFO - [2026-06-15T19:26:20.426+0000] {dag.py:3947} INFO - Setting next_dagrun for example_display_name to None, run_after=None
[2026-06-15T19:26:20.447+0000] {processor.py:183} INFO - Processing /home/airflow/.local/lib/python3.12/site-packages/airflow/example_dags/example_display_name.py took 0.092 seconds
[2026-06-15T19:26:50.817+0000] {processor.py:161} INFO - Started process (PID=1768) to work on /home/airflow/.local/lib/python3.12/site-packages/airflow/example_dags/example_display_name.py
[2026-06-15T19:26:50.822+0000] {processor.py:830} INFO - Processing file /home/airflow/.local/lib/python3.12/site-packages/airflow/example_dags/example_display_name.py for tasks to queue
[2026-06-15T19:26:50.828+0000] {logging_mixin.py:188} INFO - [2026-06-15T19:26:50.823+0000] {dagbag.py:545} INFO - Filling up the DagBag from /home/airflow/.local/lib/python3.12/site-packages/airflow/example_dags/example_display_name.py
[2026-06-15T19:26:50.844+0000] {processor.py:840} INFO - DAG(s) 'example_display_name' retrieved from /home/airflow/.local/lib/python3.12/site-packages/airflow/example_dags/example_display_name.py
[2026-06-15T19:26:50.903+0000] {logging_mixin.py:188} INFO - [2026-06-15T19:26:50.903+0000] {dag.py:3089} INFO - Sync 1 DAGs
[2026-06-15T19:26:50.959+0000] {logging_mixin.py:188} INFO - [2026-06-15T19:26:50.958+0000] {dag.py:3947} INFO - Setting next_dagrun for example_display_name to None, run_after=None
[2026-06-15T19:26:51.018+0000] {processor.py:183} INFO - Processing /home/airflow/.local/lib/python3.12/site-packages/airflow/example_dags/example_display_name.py took 0.218 seconds
[2026-06-15T19:27:21.296+0000] {processor.py:161} INFO - Started process (PID=1826) to work on /home/airflow/.local/lib/python3.12/site-packages/airflow/example_dags/example_display_name.py
[2026-06-15T19:27:21.299+0000] {processor.py:830} INFO - Processing file /home/airflow/.local/lib/python3.12/site-packages/airflow/example_dags/example_display_name.py for tasks to queue
[2026-06-15T19:27:21.304+0000] {logging_mixin.py:188} INFO - [2026-06-15T19:27:21.304+0000] {dagbag.py:545} INFO - Filling up the DagBag from /home/airflow/.local/lib/python3.12/site-packages/airflow/example_dags/example_display_name.py
[2026-06-15T19:27:21.318+0000] {processor.py:840} INFO - DAG(s) 'example_display_name' retrieved from /home/airflow/.local/lib/python3.12/site-packages/airflow/example_dags/example_display_name.py
[2026-06-15T19:27:21.373+0000] {logging_mixin.py:188} INFO - [2026-06-15T19:27:21.372+0000] {dag.py:3089} INFO - Sync 1 DAGs
[2026-06-15T19:27:21.407+0000] {logging_mixin.py:188} INFO - [2026-06-15T19:27:21.406+0000] {dag.py:3947} INFO - Setting next_dagrun for example_display_name to None, run_after=None
[2026-06-15T19:27:21.450+0000] {processor.py:183} INFO - Processing /home/airflow/.local/lib/python3.12/site-packages/airflow/example_dags/example_display_name.py took 0.175 seconds
[2026-06-15T19:27:51.629+0000] {processor.py:161} INFO - Started process (PID=1884) to work on /home/airflow/.local/lib/python3.12/site-packages/airflow/example_dags/example_display_name.py
[2026-06-15T19:27:51.630+0000] {processor.py:830} INFO - Processing file /home/airflow/.local/lib/python3.12/site-packages/airflow/example_dags/example_display_name.py for tasks to queue
[2026-06-15T19:27:51.632+0000] {logging_mixin.py:188} INFO - [2026-06-15T19:27:51.632+0000] {dagbag.py:545} INFO - Filling up the DagBag from /home/airflow/.local/lib/python3.12/site-packages/airflow/example_dags/example_display_name.py
[2026-06-15T19:27:51.638+0000] {processor.py:840} INFO - DAG(s) 'example_display_name' retrieved from /home/airflow/.local/lib/python3.12/site-packages/airflow/example_dags/example_display_name.py
[2026-06-15T19:27:51.664+0000] {logging_mixin.py:188} INFO - [2026-06-15T19:27:51.664+0000] {dag.py:3089} INFO - Sync 1 DAGs
[2026-06-15T19:27:51.680+0000] {logging_mixin.py:188} INFO - [2026-06-15T19:27:51.680+0000] {dag.py:3947} INFO - Setting next_dagrun for example_display_name to None, run_after=None
[2026-06-15T19:27:51.699+0000] {processor.py:183} INFO - Processing /home/airflow/.local/lib/python3.12/site-packages/airflow/example_dags/example_display_name.py took 0.077 seconds
[2026-06-15T19:28:21.847+0000] {processor.py:161} INFO - Started process (PID=1942) to work on /home/airflow/.local/lib/python3.12/site-packages/airflow/example_dags/example_display_name.py
[2026-06-15T19:28:21.848+0000] {processor.py:830} INFO - Processing file /home/airflow/.local/lib/python3.12/site-packages/airflow/example_dags/example_display_name.py for tasks to queue
[2026-06-15T19:28:21.850+0000] {logging_mixin.py:188} INFO - [2026-06-15T19:28:21.849+0000] {dagbag.py:545} INFO - Filling up the DagBag from /home/airflow/.local/lib/python3.12/site-packages/airflow/example_dags/example_display_name.py
[2026-06-15T19:28:21.856+0000] {processor.py:840} INFO - DAG(s) 'example_display_name' retrieved from /home/airflow/.local/lib/python3.12/site-packages/airflow/example_dags/example_display_name.py
[2026-06-15T19:28:21.879+0000] {logging_mixin.py:188} INFO - [2026-06-15T19:28:21.879+0000] {dag.py:3089} INFO - Sync 1 DAGs
[2026-06-15T19:28:21.895+0000] {logging_mixin.py:188} INFO - [2026-06-15T19:28:21.895+0000] {dag.py:3947} INFO - Setting next_dagrun for example_display_name to None, run_after=None
[2026-06-15T19:28:21.916+0000] {processor.py:183} INFO - Processing /home/airflow/.local/lib/python3.12/site-packages/airflow/example_dags/example_display_name.py took 0.078 seconds
[2026-06-15T19:28:52.801+0000] {processor.py:161} INFO - Started process (PID=1999) to work on /home/airflow/.local/lib/python3.12/site-packages/airflow/example_dags/example_display_name.py
[2026-06-15T19:28:52.804+0000] {processor.py:830} INFO - Processing file /home/airflow/.local/lib/python3.12/site-packages/airflow/example_dags/example_display_name.py for tasks to queue
[2026-06-15T19:28:52.806+0000] {logging_mixin.py:188} INFO - [2026-06-15T19:28:52.805+0000] {dagbag.py:545} INFO - Filling up the DagBag from /home/airflow/.local/lib/python3.12/site-packages/airflow/example_dags/example_display_name.py
[2026-06-15T19:28:52.812+0000] {processor.py:840} INFO - DAG(s) 'example_display_name' retrieved from /home/airflow/.local/lib/python3.12/site-packages/airflow/example_dags/example_display_name.py
[2026-06-15T19:28:52.835+0000] {logging_mixin.py:188} INFO - [2026-06-15T19:28:52.835+0000] {dag.py:3089} INFO - Sync 1 DAGs
[2026-06-15T19:28:52.852+0000] {logging_mixin.py:188} INFO - [2026-06-15T19:28:52.852+0000] {dag.py:3947} INFO - Setting next_dagrun for example_display_name to None, run_after=None
[2026-06-15T19:28:52.876+0000] {processor.py:183} INFO - Processing /home/airflow/.local/lib/python3.12/site-packages/airflow/example_dags/example_display_name.py took 0.083 seconds
[2026-06-15T19:29:23.385+0000] {processor.py:161} INFO - Started process (PID=2057) to work on /home/airflow/.local/lib/python3.12/site-packages/airflow/example_dags/example_display_name.py
[2026-06-15T19:29:23.386+0000] {processor.py:830} INFO - Processing file /home/airflow/.local/lib/python3.12/site-packages/airflow/example_dags/example_display_name.py for tasks to queue
[2026-06-15T19:29:23.388+0000] {logging_mixin.py:188} INFO - [2026-06-15T19:29:23.387+0000] {dagbag.py:545} INFO - Filling up the DagBag from /home/airflow/.local/lib/python3.12/site-packages/airflow/example_dags/example_display_name.py
[2026-06-15T19:29:23.394+0000] {processor.py:840} INFO - DAG(s) 'example_display_name' retrieved from /home/airflow/.local/lib/python3.12/site-packages/airflow/example_dags/example_display_name.py
[2026-06-15T19:29:23.421+0000] {logging_mixin.py:188} INFO - [2026-06-15T19:29:23.421+0000] {dag.py:3089} INFO - Sync 1 DAGs
[2026-06-15T19:29:23.437+0000] {logging_mixin.py:188} INFO - [2026-06-15T19:29:23.436+0000] {dag.py:3947} INFO - Setting next_dagrun for example_display_name to None, run_after=None
[2026-06-15T19:29:23.457+0000] {processor.py:183} INFO - Processing /home/airflow/.local/lib/python3.12/site-packages/airflow/example_dags/example_display_name.py took 0.080 seconds
[2026-06-15T19:29:53.771+0000] {processor.py:161} INFO - Started process (PID=2115) to work on /home/airflow/.local/lib/python3.12/site-packages/airflow/example_dags/example_display_name.py
[2026-06-15T19:29:53.772+0000] {processor.py:830} INFO - Processing file /home/airflow/.local/lib/python3.12/site-packages/airflow/example_dags/example_display_name.py for tasks to queue
[2026-06-15T19:29:53.774+0000] {logging_mixin.py:188} INFO - [2026-06-15T19:29:53.773+0000] {dagbag.py:545} INFO - Filling up the DagBag from /home/airflow/.local/lib/python3.12/site-packages/airflow/example_dags/example_display_name.py
[2026-06-15T19:29:53.780+0000] {processor.py:840} INFO - DAG(s) 'example_display_name' retrieved from /home/airflow/.local/lib/python3.12/site-packages/airflow/example_dags/example_display_name.py
[2026-06-15T19:29:53.802+0000] {logging_mixin.py:188} INFO - [2026-06-15T19:29:53.802+0000] {dag.py:3089} INFO - Sync 1 DAGs
[2026-06-15T19:29:53.822+0000] {logging_mixin.py:188} INFO - [2026-06-15T19:29:53.821+0000] {dag.py:3947} INFO - Setting next_dagrun for example_display_name to None, run_after=None
[2026-06-15T19:29:53.853+0000] {processor.py:183} INFO - Processing /home/airflow/.local/lib/python3.12/site-packages/airflow/example_dags/example_display_name.py took 0.089 seconds
[2026-06-15T19:30:24.281+0000] {processor.py:161} INFO - Started process (PID=2173) to work on /home/airflow/.local/lib/python3.12/site-packages/airflow/example_dags/example_display_name.py
[2026-06-15T19:30:24.282+0000] {processor.py:830} INFO - Processing file /home/airflow/.local/lib/python3.12/site-packages/airflow/example_dags/example_display_name.py for tasks to queue
[2026-06-15T19:30:24.285+0000] {logging_mixin.py:188} INFO - [2026-06-15T19:30:24.284+0000] {dagbag.py:545} INFO - Filling up the DagBag from /home/airflow/.local/lib/python3.12/site-packages/airflow/example_dags/example_display_name.py
[2026-06-15T19:30:24.304+0000] {processor.py:840} INFO - DAG(s) 'example_display_name' retrieved from /home/airflow/.local/lib/python3.12/site-packages/airflow/example_dags/example_display_name.py
[2026-06-15T19:30:24.378+0000] {logging_mixin.py:188} INFO - [2026-06-15T19:30:24.378+0000] {dag.py:3089} INFO - Sync 1 DAGs
[2026-06-15T19:30:24.397+0000] {logging_mixin.py:188} INFO - [2026-06-15T19:30:24.396+0000] {dag.py:3947} INFO - Setting next_dagrun for example_display_name to None, run_after=None
[2026-06-15T19:30:24.438+0000] {processor.py:183} INFO - Processing /home/airflow/.local/lib/python3.12/site-packages/airflow/example_dags/example_display_name.py took 0.175 seconds
[2026-06-15T19:30:54.625+0000] {processor.py:161} INFO - Started process (PID=2231) to work on /home/airflow/.local/lib/python3.12/site-packages/airflow/example_dags/example_display_name.py
[2026-06-15T19:30:54.626+0000] {processor.py:830} INFO - Processing file /home/airflow/.local/lib/python3.12/site-packages/airflow/example_dags/example_display_name.py for tasks to queue
[2026-06-15T19:30:54.628+0000] {logging_mixin.py:188} INFO - [2026-06-15T19:30:54.627+0000] {dagbag.py:545} INFO - Filling up the DagBag from /home/airflow/.local/lib/python3.12/site-packages/airflow/example_dags/example_display_name.py
[2026-06-15T19:30:54.635+0000] {processor.py:840} INFO - DAG(s) 'example_display_name' retrieved from /home/airflow/.local/lib/python3.12/site-packages/airflow/example_dags/example_display_name.py
[2026-06-15T19:30:54.656+0000] {logging_mixin.py:188} INFO - [2026-06-15T19:30:54.656+0000] {dag.py:3089} INFO - Sync 1 DAGs
[2026-06-15T19:30:54.673+0000] {logging_mixin.py:188} INFO - [2026-06-15T19:30:54.672+0000] {dag.py:3947} INFO - Setting next_dagrun for example_display_name to None, run_after=None
[2026-06-15T19:30:54.695+0000] {processor.py:183} INFO - Processing /home/airflow/.local/lib/python3.12/site-packages/airflow/example_dags/example_display_name.py took 0.077 seconds
[2026-06-15T19:31:24.763+0000] {processor.py:161} INFO - Started process (PID=2289) to work on /home/airflow/.local/lib/python3.12/site-packages/airflow/example_dags/example_display_name.py
[2026-06-15T19:31:24.764+0000] {processor.py:830} INFO - Processing file /home/airflow/.local/lib/python3.12/site-packages/airflow/example_dags/example_display_name.py for tasks to queue
[2026-06-15T19:31:24.766+0000] {logging_mixin.py:188} INFO - [2026-06-15T19:31:24.766+0000] {dagbag.py:545} INFO - Filling up the DagBag from /home/airflow/.local/lib/python3.12/site-packages/airflow/example_dags/example_display_name.py
[2026-06-15T19:31:24.772+0000] {processor.py:840} INFO - DAG(s) 'example_display_name' retrieved from /home/airflow/.local/lib/python3.12/site-packages/airflow/example_dags/example_display_name.py
[2026-06-15T19:31:24.795+0000] {logging_mixin.py:188} INFO - [2026-06-15T19:31:24.795+0000] {dag.py:3089} INFO - Sync 1 DAGs
[2026-06-15T19:31:24.813+0000] {logging_mixin.py:188} INFO - [2026-06-15T19:31:24.813+0000] {dag.py:3947} INFO - Setting next_dagrun for example_display_name to None, run_after=None
[2026-06-15T19:31:24.839+0000] {processor.py:183} INFO - Processing /home/airflow/.local/lib/python3.12/site-packages/airflow/example_dags/example_display_name.py took 0.083 seconds
[2026-06-15T19:31:55.486+0000] {processor.py:161} INFO - Started process (PID=2347) to work on /home/airflow/.local/lib/python3.12/site-packages/airflow/example_dags/example_display_name.py
[2026-06-15T19:31:55.486+0000] {processor.py:830} INFO - Processing file /home/airflow/.local/lib/python3.12/site-packages/airflow/example_dags/example_display_name.py for tasks to queue
[2026-06-15T19:31:55.488+0000] {logging_mixin.py:188} INFO - [2026-06-15T19:31:55.488+0000] {dagbag.py:545} INFO - Filling up the DagBag from /home/airflow/.local/lib/python3.12/site-packages/airflow/example_dags/example_display_name.py
[2026-06-15T19:31:55.499+0000] {processor.py:840} INFO - DAG(s) 'example_display_name' retrieved from /home/airflow/.local/lib/python3.12/site-packages/airflow/example_dags/example_display_name.py
[2026-06-15T19:31:55.521+0000] {logging_mixin.py:188} INFO - [2026-06-15T19:31:55.521+0000] {dag.py:3089} INFO - Sync 1 DAGs
[2026-06-15T19:31:55.538+0000] {logging_mixin.py:188} INFO - [2026-06-15T19:31:55.538+0000] {dag.py:3947} INFO - Setting next_dagrun for example_display_name to None, run_after=None
[2026-06-15T19:31:55.559+0000] {processor.py:183} INFO - Processing /home/airflow/.local/lib/python3.12/site-packages/airflow/example_dags/example_display_name.py took 0.080 seconds
[2026-06-15T19:32:25.711+0000] {processor.py:161} INFO - Started process (PID=2405) to work on /home/airflow/.local/lib/python3.12/site-packages/airflow/example_dags/example_display_name.py
[2026-06-15T19:32:25.714+0000] {processor.py:830} INFO - Processing file /home/airflow/.local/lib/python3.12/site-packages/airflow/example_dags/example_display_name.py for tasks to queue
[2026-06-15T19:32:25.718+0000] {logging_mixin.py:188} INFO - [2026-06-15T19:32:25.718+0000] {dagbag.py:545} INFO - Filling up the DagBag from /home/airflow/.local/lib/python3.12/site-packages/airflow/example_dags/example_display_name.py
[2026-06-15T19:32:25.730+0000] {processor.py:840} INFO - DAG(s) 'example_display_name' retrieved from /home/airflow/.local/lib/python3.12/site-packages/airflow/example_dags/example_display_name.py
[2026-06-15T19:32:25.762+0000] {logging_mixin.py:188} INFO - [2026-06-15T19:32:25.762+0000] {dag.py:3089} INFO - Sync 1 DAGs
[2026-06-15T19:32:25.807+0000] {logging_mixin.py:188} INFO - [2026-06-15T19:32:25.807+0000] {dag.py:3947} INFO - Setting next_dagrun for example_display_name to None, run_after=None
[2026-06-15T19:32:25.851+0000] {processor.py:183} INFO - Processing /home/airflow/.local/lib/python3.12/site-packages/airflow/example_dags/example_display_name.py took 0.155 seconds
[2026-06-15T19:32:56.115+0000] {processor.py:161} INFO - Started process (PID=2462) to work on /home/airflow/.local/lib/python3.12/site-packages/airflow/example_dags/example_display_name.py
[2026-06-15T19:32:56.116+0000] {processor.py:830} INFO - Processing file /home/airflow/.local/lib/python3.12/site-packages/airflow/example_dags/example_display_name.py for tasks to queue
[2026-06-15T19:32:56.118+0000] {logging_mixin.py:188} INFO - [2026-06-15T19:32:56.117+0000] {dagbag.py:545} INFO - Filling up the DagBag from /home/airflow/.local/lib/python3.12/site-packages/airflow/example_dags/example_display_name.py
[2026-06-15T19:32:56.124+0000] {processor.py:840} INFO - DAG(s) 'example_display_name' retrieved from /home/airflow/.local/lib/python3.12/site-packages/airflow/example_dags/example_display_name.py
[2026-06-15T19:32:56.153+0000] {logging_mixin.py:188} INFO - [2026-06-15T19:32:56.152+0000] {dag.py:3089} INFO - Sync 1 DAGs
[2026-06-15T19:32:56.183+0000] {logging_mixin.py:188} INFO - [2026-06-15T19:32:56.182+0000] {dag.py:3947} INFO - Setting next_dagrun for example_display_name to None, run_after=None
[2026-06-15T19:32:56.209+0000] {processor.py:183} INFO - Processing /home/airflow/.local/lib/python3.12/site-packages/airflow/example_dags/example_display_name.py took 0.107 seconds
[2026-06-15T19:33:26.943+0000] {processor.py:161} INFO - Started process (PID=2519) to work on /home/airflow/.local/lib/python3.12/site-packages/airflow/example_dags/example_display_name.py
[2026-06-15T19:33:26.944+0000] {processor.py:830} INFO - Processing file /home/airflow/.local/lib/python3.12/site-packages/airflow/example_dags/example_display_name.py for tasks to queue
[2026-06-15T19:33:26.946+0000] {logging_mixin.py:188} INFO - [2026-06-15T19:33:26.946+0000] {dagbag.py:545} INFO - Filling up the DagBag from /home/airflow/.local/lib/python3.12/site-packages/airflow/example_dags/example_display_name.py
[2026-06-15T19:33:26.953+0000] {processor.py:840} INFO - DAG(s) 'example_display_name' retrieved from /home/airflow/.local/lib/python3.12/site-packages/airflow/example_dags/example_display_name.py
[2026-06-15T19:33:26.977+0000] {logging_mixin.py:188} INFO - [2026-06-15T19:33:26.977+0000] {dag.py:3089} INFO - Sync 1 DAGs
[2026-06-15T19:33:26.994+0000] {logging_mixin.py:188} INFO - [2026-06-15T19:33:26.994+0000] {dag.py:3947} INFO - Setting next_dagrun for example_display_name to None, run_after=None
[2026-06-15T19:33:27.014+0000] {processor.py:183} INFO - Processing /home/airflow/.local/lib/python3.12/site-packages/airflow/example_dags/example_display_name.py took 0.079 seconds
[2026-06-15T19:33:57.235+0000] {processor.py:161} INFO - Started process (PID=2576) to work on /home/airflow/.local/lib/python3.12/site-packages/airflow/example_dags/example_display_name.py
[2026-06-15T19:33:57.236+0000] {processor.py:830} INFO - Processing file /home/airflow/.local/lib/python3.12/site-packages/airflow/example_dags/example_display_name.py for tasks to queue
[2026-06-15T19:33:57.238+0000] {logging_mixin.py:188} INFO - [2026-06-15T19:33:57.238+0000] {dagbag.py:545} INFO - Filling up the DagBag from /home/airflow/.local/lib/python3.12/site-packages/airflow/example_dags/example_display_name.py
[2026-06-15T19:33:57.245+0000] {processor.py:840} INFO - DAG(s) 'example_display_name' retrieved from /home/airflow/.local/lib/python3.12/site-packages/airflow/example_dags/example_display_name.py
[2026-06-15T19:33:57.266+0000] {logging_mixin.py:188} INFO - [2026-06-15T19:33:57.266+0000] {dag.py:3089} INFO - Sync 1 DAGs
[2026-06-15T19:33:57.283+0000] {logging_mixin.py:188} INFO - [2026-06-15T19:33:57.283+0000] {dag.py:3947} INFO - Setting next_dagrun for example_display_name to None, run_after=None
[2026-06-15T19:33:57.304+0000] {processor.py:183} INFO - Processing /home/airflow/.local/lib/python3.12/site-packages/airflow/example_dags/example_display_name.py took 0.076 seconds
[2026-06-15T19:34:27.600+0000] {processor.py:161} INFO - Started process (PID=2633) to work on /home/airflow/.local/lib/python3.12/site-packages/airflow/example_dags/example_display_name.py
[2026-06-15T19:34:27.601+0000] {processor.py:830} INFO - Processing file /home/airflow/.local/lib/python3.12/site-packages/airflow/example_dags/example_display_name.py for tasks to queue
[2026-06-15T19:34:27.603+0000] {logging_mixin.py:188} INFO - [2026-06-15T19:34:27.602+0000] {dagbag.py:545} INFO - Filling up the DagBag from /home/airflow/.local/lib/python3.12/site-packages/airflow/example_dags/example_display_name.py
[2026-06-15T19:34:27.609+0000] {processor.py:840} INFO - DAG(s) 'example_display_name' retrieved from /home/airflow/.local/lib/python3.12/site-packages/airflow/example_dags/example_display_name.py
[2026-06-15T19:34:27.634+0000] {logging_mixin.py:188} INFO - [2026-06-15T19:34:27.633+0000] {dag.py:3089} INFO - Sync 1 DAGs
[2026-06-15T19:34:27.653+0000] {logging_mixin.py:188} INFO - [2026-06-15T19:34:27.653+0000] {dag.py:3947} INFO - Setting next_dagrun for example_display_name to None, run_after=None
[2026-06-15T19:34:27.676+0000] {processor.py:183} INFO - Processing /home/airflow/.local/lib/python3.12/site-packages/airflow/example_dags/example_display_name.py took 0.084 seconds
[2026-06-15T19:34:58.063+0000] {processor.py:161} INFO - Started process (PID=2691) to work on /home/airflow/.local/lib/python3.12/site-packages/airflow/example_dags/example_display_name.py
[2026-06-15T19:34:58.063+0000] {processor.py:830} INFO - Processing file /home/airflow/.local/lib/python3.12/site-packages/airflow/example_dags/example_display_name.py for tasks to queue
[2026-06-15T19:34:58.066+0000] {logging_mixin.py:188} INFO - [2026-06-15T19:34:58.065+0000] {dagbag.py:545} INFO - Filling up the DagBag from /home/airflow/.local/lib/python3.12/site-packages/airflow/example_dags/example_display_name.py
[2026-06-15T19:34:58.072+0000] {processor.py:840} INFO - DAG(s) 'example_display_name' retrieved from /home/airflow/.local/lib/python3.12/site-packages/airflow/example_dags/example_display_name.py
[2026-06-15T19:34:58.101+0000] {logging_mixin.py:188} INFO - [2026-06-15T19:34:58.101+0000] {dag.py:3089} INFO - Sync 1 DAGs
[2026-06-15T19:34:58.119+0000] {logging_mixin.py:188} INFO - [2026-06-15T19:34:58.119+0000] {dag.py:3947} INFO - Setting next_dagrun for example_display_name to None, run_after=None
[2026-06-15T19:34:58.140+0000] {processor.py:183} INFO - Processing /home/airflow/.local/lib/python3.12/site-packages/airflow/example_dags/example_display_name.py took 0.089 seconds
[2026-06-15T19:35:28.479+0000] {processor.py:161} INFO - Started process (PID=2749) to work on /home/airflow/.local/lib/python3.12/site-packages/airflow/example_dags/example_display_name.py
[2026-06-15T19:35:28.481+0000] {processor.py:830} INFO - Processing file /home/airflow/.local/lib/python3.12/site-packages/airflow/example_dags/example_display_name.py for tasks to queue
[2026-06-15T19:35:28.484+0000] {logging_mixin.py:188} INFO - [2026-06-15T19:35:28.484+0000] {dagbag.py:545} INFO - Filling up the DagBag from /home/airflow/.local/lib/python3.12/site-packages/airflow/example_dags/example_display_name.py
[2026-06-15T19:35:28.491+0000] {processor.py:840} INFO - DAG(s) 'example_display_name' retrieved from /home/airflow/.local/lib/python3.12/site-packages/airflow/example_dags/example_display_name.py
[2026-06-15T19:35:28.517+0000] {logging_mixin.py:188} INFO - [2026-06-15T19:35:28.516+0000] {dag.py:3089} INFO - Sync 1 DAGs
[2026-06-15T19:35:28.534+0000] {logging_mixin.py:188} INFO - [2026-06-15T19:35:28.533+0000] {dag.py:3947} INFO - Setting next_dagrun for example_display_name to None, run_after=None
[2026-06-15T19:35:28.554+0000] {processor.py:183} INFO - Processing /home/airflow/.local/lib/python3.12/site-packages/airflow/example_dags/example_display_name.py took 0.084 seconds
[2026-06-15T19:35:58.970+0000] {processor.py:161} INFO - Started process (PID=2807) to work on /home/airflow/.local/lib/python3.12/site-packages/airflow/example_dags/example_display_name.py
[2026-06-15T19:35:58.971+0000] {processor.py:830} INFO - Processing file /home/airflow/.local/lib/python3.12/site-packages/airflow/example_dags/example_display_name.py for tasks to queue
[2026-06-15T19:35:58.973+0000] {logging_mixin.py:188} INFO - [2026-06-15T19:35:58.972+0000] {dagbag.py:545} INFO - Filling up the DagBag from /home/airflow/.local/lib/python3.12/site-packages/airflow/example_dags/example_display_name.py
[2026-06-15T19:35:58.979+0000] {processor.py:840} INFO - DAG(s) 'example_display_name' retrieved from /home/airflow/.local/lib/python3.12/site-packages/airflow/example_dags/example_display_name.py
[2026-06-15T19:35:59.002+0000] {logging_mixin.py:188} INFO - [2026-06-15T19:35:59.002+0000] {dag.py:3089} INFO - Sync 1 DAGs
[2026-06-15T19:35:59.019+0000] {logging_mixin.py:188} INFO - [2026-06-15T19:35:59.019+0000] {dag.py:3947} INFO - Setting next_dagrun for example_display_name to None, run_after=None
[2026-06-15T19:35:59.040+0000] {processor.py:183} INFO - Processing /home/airflow/.local/lib/python3.12/site-packages/airflow/example_dags/example_display_name.py took 0.078 seconds
[2026-06-15T19:36:29.377+0000] {processor.py:161} INFO - Started process (PID=2865) to work on /home/airflow/.local/lib/python3.12/site-packages/airflow/example_dags/example_display_name.py
[2026-06-15T19:36:29.378+0000] {processor.py:830} INFO - Processing file /home/airflow/.local/lib/python3.12/site-packages/airflow/example_dags/example_display_name.py for tasks to queue
[2026-06-15T19:36:29.379+0000] {logging_mixin.py:188} INFO - [2026-06-15T19:36:29.379+0000] {dagbag.py:545} INFO - Filling up the DagBag from /home/airflow/.local/lib/python3.12/site-packages/airflow/example_dags/example_display_name.py
[2026-06-15T19:36:29.386+0000] {processor.py:840} INFO - DAG(s) 'example_display_name' retrieved from /home/airflow/.local/lib/python3.12/site-packages/airflow/example_dags/example_display_name.py
[2026-06-15T19:36:29.408+0000] {logging_mixin.py:188} INFO - [2026-06-15T19:36:29.408+0000] {dag.py:3089} INFO - Sync 1 DAGs
[2026-06-15T19:36:29.425+0000] {logging_mixin.py:188} INFO - [2026-06-15T19:36:29.425+0000] {dag.py:3947} INFO - Setting next_dagrun for example_display_name to None, run_after=None
[2026-06-15T19:36:29.446+0000] {processor.py:183} INFO - Processing /home/airflow/.local/lib/python3.12/site-packages/airflow/example_dags/example_display_name.py took 0.077 seconds
[2026-06-15T19:36:59.754+0000] {processor.py:161} INFO - Started process (PID=2923) to work on /home/airflow/.local/lib/python3.12/site-packages/airflow/example_dags/example_display_name.py
[2026-06-15T19:36:59.754+0000] {processor.py:830} INFO - Processing file /home/airflow/.local/lib/python3.12/site-packages/airflow/example_dags/example_display_name.py for tasks to queue
[2026-06-15T19:36:59.756+0000] {logging_mixin.py:188} INFO - [2026-06-15T19:36:59.756+0000] {dagbag.py:545} INFO - Filling up the DagBag from /home/airflow/.local/lib/python3.12/site-packages/airflow/example_dags/example_display_name.py
[2026-06-15T19:36:59.763+0000] {processor.py:840} INFO - DAG(s) 'example_display_name' retrieved from /home/airflow/.local/lib/python3.12/site-packages/airflow/example_dags/example_display_name.py
[2026-06-15T19:36:59.786+0000] {logging_mixin.py:188} INFO - [2026-06-15T19:36:59.786+0000] {dag.py:3089} INFO - Sync 1 DAGs
[2026-06-15T19:36:59.803+0000] {logging_mixin.py:188} INFO - [2026-06-15T19:36:59.803+0000] {dag.py:3947} INFO - Setting next_dagrun for example_display_name to None, run_after=None
[2026-06-15T19:36:59.825+0000] {processor.py:183} INFO - Processing /home/airflow/.local/lib/python3.12/site-packages/airflow/example_dags/example_display_name.py took 0.079 seconds
[2026-06-15T19:37:30.022+0000] {processor.py:161} INFO - Started process (PID=2981) to work on /home/airflow/.local/lib/python3.12/site-packages/airflow/example_dags/example_display_name.py
[2026-06-15T19:37:30.023+0000] {processor.py:830} INFO - Processing file /home/airflow/.local/lib/python3.12/site-packages/airflow/example_dags/example_display_name.py for tasks to queue
[2026-06-15T19:37:30.025+0000] {logging_mixin.py:188} INFO - [2026-06-15T19:37:30.025+0000] {dagbag.py:545} INFO - Filling up the DagBag from /home/airflow/.local/lib/python3.12/site-packages/airflow/example_dags/example_display_name.py
[2026-06-15T19:37:30.030+0000] {processor.py:840} INFO - DAG(s) 'example_display_name' retrieved from /home/airflow/.local/lib/python3.12/site-packages/airflow/example_dags/example_display_name.py
[2026-06-15T19:37:30.046+0000] {logging_mixin.py:188} INFO - [2026-06-15T19:37:30.046+0000] {dag.py:3089} INFO - Sync 1 DAGs
[2026-06-15T19:37:30.058+0000] {logging_mixin.py:188} INFO - [2026-06-15T19:37:30.058+0000] {dag.py:3947} INFO - Setting next_dagrun for example_display_name to None, run_after=None
[2026-06-15T19:37:30.073+0000] {processor.py:183} INFO - Processing /home/airflow/.local/lib/python3.12/site-packages/airflow/example_dags/example_display_name.py took 0.058 seconds
[2026-06-15T19:38:00.412+0000] {processor.py:161} INFO - Started process (PID=3038) to work on /home/airflow/.local/lib/python3.12/site-packages/airflow/example_dags/example_display_name.py
[2026-06-15T19:38:00.412+0000] {processor.py:830} INFO - Processing file /home/airflow/.local/lib/python3.12/site-packages/airflow/example_dags/example_display_name.py for tasks to queue
[2026-06-15T19:38:00.414+0000] {logging_mixin.py:188} INFO - [2026-06-15T19:38:00.413+0000] {dagbag.py:545} INFO - Filling up the DagBag from /home/airflow/.local/lib/python3.12/site-packages/airflow/example_dags/example_display_name.py
[2026-06-15T19:38:00.418+0000] {processor.py:840} INFO - DAG(s) 'example_display_name' retrieved from /home/airflow/.local/lib/python3.12/site-packages/airflow/example_dags/example_display_name.py
[2026-06-15T19:38:00.435+0000] {logging_mixin.py:188} INFO - [2026-06-15T19:38:00.434+0000] {dag.py:3089} INFO - Sync 1 DAGs
[2026-06-15T19:38:00.446+0000] {logging_mixin.py:188} INFO - [2026-06-15T19:38:00.445+0000] {dag.py:3947} INFO - Setting next_dagrun for example_display_name to None, run_after=None
[2026-06-15T19:38:00.461+0000] {processor.py:183} INFO - Processing /home/airflow/.local/lib/python3.12/site-packages/airflow/example_dags/example_display_name.py took 0.055 seconds
[2026-06-15T19:38:31.040+0000] {processor.py:161} INFO - Started process (PID=3096) to work on /home/airflow/.local/lib/python3.12/site-packages/airflow/example_dags/example_display_name.py
[2026-06-15T19:38:31.041+0000] {processor.py:830} INFO - Processing file /home/airflow/.local/lib/python3.12/site-packages/airflow/example_dags/example_display_name.py for tasks to queue
[2026-06-15T19:38:31.042+0000] {logging_mixin.py:188} INFO - [2026-06-15T19:38:31.042+0000] {dagbag.py:545} INFO - Filling up the DagBag from /home/airflow/.local/lib/python3.12/site-packages/airflow/example_dags/example_display_name.py
[2026-06-15T19:38:31.047+0000] {processor.py:840} INFO - DAG(s) 'example_display_name' retrieved from /home/airflow/.local/lib/python3.12/site-packages/airflow/example_dags/example_display_name.py
[2026-06-15T19:38:31.064+0000] {logging_mixin.py:188} INFO - [2026-06-15T19:38:31.064+0000] {dag.py:3089} INFO - Sync 1 DAGs
[2026-06-15T19:38:31.075+0000] {logging_mixin.py:188} INFO - [2026-06-15T19:38:31.075+0000] {dag.py:3947} INFO - Setting next_dagrun for example_display_name to None, run_after=None
[2026-06-15T19:38:31.090+0000] {processor.py:183} INFO - Processing /home/airflow/.local/lib/python3.12/site-packages/airflow/example_dags/example_display_name.py took 0.056 seconds
[2026-06-15T19:39:01.841+0000] {processor.py:161} INFO - Started process (PID=3154) to work on /home/airflow/.local/lib/python3.12/site-packages/airflow/example_dags/example_display_name.py
[2026-06-15T19:39:01.843+0000] {processor.py:830} INFO - Processing file /home/airflow/.local/lib/python3.12/site-packages/airflow/example_dags/example_display_name.py for tasks to queue
[2026-06-15T19:39:01.846+0000] {logging_mixin.py:188} INFO - [2026-06-15T19:39:01.846+0000] {dagbag.py:545} INFO - Filling up the DagBag from /home/airflow/.local/lib/python3.12/site-packages/airflow/example_dags/example_display_name.py
[2026-06-15T19:39:01.857+0000] {processor.py:840} INFO - DAG(s) 'example_display_name' retrieved from /home/airflow/.local/lib/python3.12/site-packages/airflow/example_dags/example_display_name.py
[2026-06-15T19:39:01.907+0000] {logging_mixin.py:188} INFO - [2026-06-15T19:39:01.907+0000] {dag.py:3089} INFO - Sync 1 DAGs
[2026-06-15T19:39:01.939+0000] {logging_mixin.py:188} INFO - [2026-06-15T19:39:01.939+0000] {dag.py:3947} INFO - Setting next_dagrun for example_display_name to None, run_after=None
[2026-06-15T19:39:01.993+0000] {processor.py:183} INFO - Processing /home/airflow/.local/lib/python3.12/site-packages/airflow/example_dags/example_display_name.py took 0.165 seconds
[2026-06-15T19:39:32.729+0000] {processor.py:161} INFO - Started process (PID=3212) to work on /home/airflow/.local/lib/python3.12/site-packages/airflow/example_dags/example_display_name.py
[2026-06-15T19:39:32.730+0000] {processor.py:830} INFO - Processing file /home/airflow/.local/lib/python3.12/site-packages/airflow/example_dags/example_display_name.py for tasks to queue
[2026-06-15T19:39:32.732+0000] {logging_mixin.py:188} INFO - [2026-06-15T19:39:32.731+0000] {dagbag.py:545} INFO - Filling up the DagBag from /home/airflow/.local/lib/python3.12/site-packages/airflow/example_dags/example_display_name.py
[2026-06-15T19:39:32.737+0000] {processor.py:840} INFO - DAG(s) 'example_display_name' retrieved from /home/airflow/.local/lib/python3.12/site-packages/airflow/example_dags/example_display_name.py
[2026-06-15T19:39:32.760+0000] {logging_mixin.py:188} INFO - [2026-06-15T19:39:32.759+0000] {dag.py:3089} INFO - Sync 1 DAGs
[2026-06-15T19:39:32.777+0000] {logging_mixin.py:188} INFO - [2026-06-15T19:39:32.776+0000] {dag.py:3947} INFO - Setting next_dagrun for example_display_name to None, run_after=None
[2026-06-15T19:39:32.797+0000] {processor.py:183} INFO - Processing /home/airflow/.local/lib/python3.12/site-packages/airflow/example_dags/example_display_name.py took 0.076 seconds
[2026-06-15T19:40:03.340+0000] {processor.py:161} INFO - Started process (PID=3270) to work on /home/airflow/.local/lib/python3.12/site-packages/airflow/example_dags/example_display_name.py
[2026-06-15T19:40:03.341+0000] {processor.py:830} INFO - Processing file /home/airflow/.local/lib/python3.12/site-packages/airflow/example_dags/example_display_name.py for tasks to queue
[2026-06-15T19:40:03.347+0000] {logging_mixin.py:188} INFO - [2026-06-15T19:40:03.346+0000] {dagbag.py:545} INFO - Filling up the DagBag from /home/airflow/.local/lib/python3.12/site-packages/airflow/example_dags/example_display_name.py
[2026-06-15T19:40:03.365+0000] {processor.py:840} INFO - DAG(s) 'example_display_name' retrieved from /home/airflow/.local/lib/python3.12/site-packages/airflow/example_dags/example_display_name.py
[2026-06-15T19:40:03.430+0000] {logging_mixin.py:188} INFO - [2026-06-15T19:40:03.430+0000] {dag.py:3089} INFO - Sync 1 DAGs
[2026-06-15T19:40:03.463+0000] {logging_mixin.py:188} INFO - [2026-06-15T19:40:03.463+0000] {dag.py:3947} INFO - Setting next_dagrun for example_display_name to None, run_after=None
[2026-06-15T19:40:03.508+0000] {processor.py:183} INFO - Processing /home/airflow/.local/lib/python3.12/site-packages/airflow/example_dags/example_display_name.py took 0.192 seconds
[2026-06-15T19:40:33.796+0000] {processor.py:161} INFO - Started process (PID=3328) to work on /home/airflow/.local/lib/python3.12/site-packages/airflow/example_dags/example_display_name.py
[2026-06-15T19:40:33.797+0000] {processor.py:830} INFO - Processing file /home/airflow/.local/lib/python3.12/site-packages/airflow/example_dags/example_display_name.py for tasks to queue
[2026-06-15T19:40:33.799+0000] {logging_mixin.py:188} INFO - [2026-06-15T19:40:33.798+0000] {dagbag.py:545} INFO - Filling up the DagBag from /home/airflow/.local/lib/python3.12/site-packages/airflow/example_dags/example_display_name.py
[2026-06-15T19:40:33.804+0000] {processor.py:840} INFO - DAG(s) 'example_display_name' retrieved from /home/airflow/.local/lib/python3.12/site-packages/airflow/example_dags/example_display_name.py
[2026-06-15T19:40:33.820+0000] {logging_mixin.py:188} INFO - [2026-06-15T19:40:33.820+0000] {dag.py:3089} INFO - Sync 1 DAGs
[2026-06-15T19:40:33.832+0000] {logging_mixin.py:188} INFO - [2026-06-15T19:40:33.832+0000] {dag.py:3947} INFO - Setting next_dagrun for example_display_name to None, run_after=None
[2026-06-15T19:40:33.847+0000] {processor.py:183} INFO - Processing /home/airflow/.local/lib/python3.12/site-packages/airflow/example_dags/example_display_name.py took 0.057 seconds
[2026-06-15T19:41:04.106+0000] {processor.py:161} INFO - Started process (PID=3386) to work on /home/airflow/.local/lib/python3.12/site-packages/airflow/example_dags/example_display_name.py
[2026-06-15T19:41:04.106+0000] {processor.py:830} INFO - Processing file /home/airflow/.local/lib/python3.12/site-packages/airflow/example_dags/example_display_name.py for tasks to queue
[2026-06-15T19:41:04.108+0000] {logging_mixin.py:188} INFO - [2026-06-15T19:41:04.107+0000] {dagbag.py:545} INFO - Filling up the DagBag from /home/airflow/.local/lib/python3.12/site-packages/airflow/example_dags/example_display_name.py
[2026-06-15T19:41:04.112+0000] {processor.py:840} INFO - DAG(s) 'example_display_name' retrieved from /home/airflow/.local/lib/python3.12/site-packages/airflow/example_dags/example_display_name.py
[2026-06-15T19:41:04.129+0000] {logging_mixin.py:188} INFO - [2026-06-15T19:41:04.129+0000] {dag.py:3089} INFO - Sync 1 DAGs
[2026-06-15T19:41:04.141+0000] {logging_mixin.py:188} INFO - [2026-06-15T19:41:04.140+0000] {dag.py:3947} INFO - Setting next_dagrun for example_display_name to None, run_after=None
[2026-06-15T19:41:04.156+0000] {processor.py:183} INFO - Processing /home/airflow/.local/lib/python3.12/site-packages/airflow/example_dags/example_display_name.py took 0.056 seconds
[2026-06-15T19:41:34.562+0000] {processor.py:161} INFO - Started process (PID=3443) to work on /home/airflow/.local/lib/python3.12/site-packages/airflow/example_dags/example_display_name.py
[2026-06-15T19:41:34.563+0000] {processor.py:830} INFO - Processing file /home/airflow/.local/lib/python3.12/site-packages/airflow/example_dags/example_display_name.py for tasks to queue
[2026-06-15T19:41:34.565+0000] {logging_mixin.py:188} INFO - [2026-06-15T19:41:34.564+0000] {dagbag.py:545} INFO - Filling up the DagBag from /home/airflow/.local/lib/python3.12/site-packages/airflow/example_dags/example_display_name.py
[2026-06-15T19:41:34.571+0000] {processor.py:840} INFO - DAG(s) 'example_display_name' retrieved from /home/airflow/.local/lib/python3.12/site-packages/airflow/example_dags/example_display_name.py
[2026-06-15T19:41:34.593+0000] {logging_mixin.py:188} INFO - [2026-06-15T19:41:34.593+0000] {dag.py:3089} INFO - Sync 1 DAGs
[2026-06-15T19:41:34.610+0000] {logging_mixin.py:188} INFO - [2026-06-15T19:41:34.610+0000] {dag.py:3947} INFO - Setting next_dagrun for example_display_name to None, run_after=None
[2026-06-15T19:41:34.631+0000] {processor.py:183} INFO - Processing /home/airflow/.local/lib/python3.12/site-packages/airflow/example_dags/example_display_name.py took 0.076 seconds
[2026-06-15T19:42:04.879+0000] {processor.py:161} INFO - Started process (PID=3501) to work on /home/airflow/.local/lib/python3.12/site-packages/airflow/example_dags/example_display_name.py
[2026-06-15T19:42:04.879+0000] {processor.py:830} INFO - Processing file /home/airflow/.local/lib/python3.12/site-packages/airflow/example_dags/example_display_name.py for tasks to queue
[2026-06-15T19:42:04.881+0000] {logging_mixin.py:188} INFO - [2026-06-15T19:42:04.881+0000] {dagbag.py:545} INFO - Filling up the DagBag from /home/airflow/.local/lib/python3.12/site-packages/airflow/example_dags/example_display_name.py
[2026-06-15T19:42:04.888+0000] {processor.py:840} INFO - DAG(s) 'example_display_name' retrieved from /home/airflow/.local/lib/python3.12/site-packages/airflow/example_dags/example_display_name.py
[2026-06-15T19:42:04.912+0000] {logging_mixin.py:188} INFO - [2026-06-15T19:42:04.911+0000] {dag.py:3089} INFO - Sync 1 DAGs
[2026-06-15T19:42:04.929+0000] {logging_mixin.py:188} INFO - [2026-06-15T19:42:04.929+0000] {dag.py:3947} INFO - Setting next_dagrun for example_display_name to None, run_after=None
[2026-06-15T19:42:04.957+0000] {processor.py:183} INFO - Processing /home/airflow/.local/lib/python3.12/site-packages/airflow/example_dags/example_display_name.py took 0.086 seconds
[2026-06-15T19:42:35.351+0000] {processor.py:161} INFO - Started process (PID=3559) to work on /home/airflow/.local/lib/python3.12/site-packages/airflow/example_dags/example_display_name.py
[2026-06-15T19:42:35.352+0000] {processor.py:830} INFO - Processing file /home/airflow/.local/lib/python3.12/site-packages/airflow/example_dags/example_display_name.py for tasks to queue
[2026-06-15T19:42:35.354+0000] {logging_mixin.py:188} INFO - [2026-06-15T19:42:35.353+0000] {dagbag.py:545} INFO - Filling up the DagBag from /home/airflow/.local/lib/python3.12/site-packages/airflow/example_dags/example_display_name.py
[2026-06-15T19:42:35.360+0000] {processor.py:840} INFO - DAG(s) 'example_display_name' retrieved from /home/airflow/.local/lib/python3.12/site-packages/airflow/example_dags/example_display_name.py
[2026-06-15T19:42:35.383+0000] {logging_mixin.py:188} INFO - [2026-06-15T19:42:35.383+0000] {dag.py:3089} INFO - Sync 1 DAGs
[2026-06-15T19:42:35.405+0000] {logging_mixin.py:188} INFO - [2026-06-15T19:42:35.405+0000] {dag.py:3947} INFO - Setting next_dagrun for example_display_name to None, run_after=None
[2026-06-15T19:42:35.433+0000] {processor.py:183} INFO - Processing /home/airflow/.local/lib/python3.12/site-packages/airflow/example_dags/example_display_name.py took 0.090 seconds
[2026-06-15T19:43:05.820+0000] {processor.py:161} INFO - Started process (PID=3617) to work on /home/airflow/.local/lib/python3.12/site-packages/airflow/example_dags/example_display_name.py
[2026-06-15T19:43:05.821+0000] {processor.py:830} INFO - Processing file /home/airflow/.local/lib/python3.12/site-packages/airflow/example_dags/example_display_name.py for tasks to queue
[2026-06-15T19:43:05.822+0000] {logging_mixin.py:188} INFO - [2026-06-15T19:43:05.822+0000] {dagbag.py:545} INFO - Filling up the DagBag from /home/airflow/.local/lib/python3.12/site-packages/airflow/example_dags/example_display_name.py
[2026-06-15T19:43:05.827+0000] {processor.py:840} INFO - DAG(s) 'example_display_name' retrieved from /home/airflow/.local/lib/python3.12/site-packages/airflow/example_dags/example_display_name.py
[2026-06-15T19:43:05.844+0000] {logging_mixin.py:188} INFO - [2026-06-15T19:43:05.843+0000] {dag.py:3089} INFO - Sync 1 DAGs
[2026-06-15T19:43:05.857+0000] {logging_mixin.py:188} INFO - [2026-06-15T19:43:05.856+0000] {dag.py:3947} INFO - Setting next_dagrun for example_display_name to None, run_after=None
[2026-06-15T19:43:05.876+0000] {processor.py:183} INFO - Processing /home/airflow/.local/lib/python3.12/site-packages/airflow/example_dags/example_display_name.py took 0.062 seconds
[2026-06-15T19:43:36.232+0000] {processor.py:161} INFO - Started process (PID=3675) to work on /home/airflow/.local/lib/python3.12/site-packages/airflow/example_dags/example_display_name.py
[2026-06-15T19:43:36.233+0000] {processor.py:830} INFO - Processing file /home/airflow/.local/lib/python3.12/site-packages/airflow/example_dags/example_display_name.py for tasks to queue
[2026-06-15T19:43:36.235+0000] {logging_mixin.py:188} INFO - [2026-06-15T19:43:36.234+0000] {dagbag.py:545} INFO - Filling up the DagBag from /home/airflow/.local/lib/python3.12/site-packages/airflow/example_dags/example_display_name.py
[2026-06-15T19:43:36.241+0000] {processor.py:840} INFO - DAG(s) 'example_display_name' retrieved from /home/airflow/.local/lib/python3.12/site-packages/airflow/example_dags/example_display_name.py
[2026-06-15T19:43:36.262+0000] {logging_mixin.py:188} INFO - [2026-06-15T19:43:36.262+0000] {dag.py:3089} INFO - Sync 1 DAGs
[2026-06-15T19:43:36.279+0000] {logging_mixin.py:188} INFO - [2026-06-15T19:43:36.279+0000] {dag.py:3947} INFO - Setting next_dagrun for example_display_name to None, run_after=None
[2026-06-15T19:43:36.300+0000] {processor.py:183} INFO - Processing /home/airflow/.local/lib/python3.12/site-packages/airflow/example_dags/example_display_name.py took 0.076 seconds
