[2026-06-15T19:11:59.580+0000] {processor.py:161} INFO - Started process (PID=75) to work on /home/airflow/.local/lib/python3.12/site-packages/airflow/example_dags/example_short_circuit_operator.py
[2026-06-15T19:11:59.583+0000] {processor.py:830} INFO - Processing file /home/airflow/.local/lib/python3.12/site-packages/airflow/example_dags/example_short_circuit_operator.py for tasks to queue
[2026-06-15T19:11:59.588+0000] {logging_mixin.py:188} INFO - [2026-06-15T19:11:59.585+0000] {dagbag.py:545} INFO - Filling up the DagBag from /home/airflow/.local/lib/python3.12/site-packages/airflow/example_dags/example_short_circuit_operator.py
[2026-06-15T19:11:59.622+0000] {processor.py:840} INFO - DAG(s) 'example_short_circuit_operator' retrieved from /home/airflow/.local/lib/python3.12/site-packages/airflow/example_dags/example_short_circuit_operator.py
[2026-06-15T19:11:59.999+0000] {logging_mixin.py:188} INFO - [2026-06-15T19:11:59.998+0000] {dag.py:3089} INFO - Sync 1 DAGs
[2026-06-15T19:12:00.049+0000] {logging_mixin.py:188} INFO - [2026-06-15T19:12:00.049+0000] {dag.py:3947} INFO - Setting next_dagrun for example_short_circuit_operator to 2026-06-14 00:00:00+00:00, run_after=2026-06-15 00:00:00+00:00
[2026-06-15T19:12:00.094+0000] {processor.py:183} INFO - Processing /home/airflow/.local/lib/python3.12/site-packages/airflow/example_dags/example_short_circuit_operator.py took 0.534 seconds
[2026-06-15T19:12:30.886+0000] {processor.py:161} INFO - Started process (PID=133) to work on /home/airflow/.local/lib/python3.12/site-packages/airflow/example_dags/example_short_circuit_operator.py
[2026-06-15T19:12:30.887+0000] {processor.py:830} INFO - Processing file /home/airflow/.local/lib/python3.12/site-packages/airflow/example_dags/example_short_circuit_operator.py for tasks to queue
[2026-06-15T19:12:30.889+0000] {logging_mixin.py:188} INFO - [2026-06-15T19:12:30.889+0000] {dagbag.py:545} INFO - Filling up the DagBag from /home/airflow/.local/lib/python3.12/site-packages/airflow/example_dags/example_short_circuit_operator.py
[2026-06-15T19:12:30.899+0000] {processor.py:840} INFO - DAG(s) 'example_short_circuit_operator' retrieved from /home/airflow/.local/lib/python3.12/site-packages/airflow/example_dags/example_short_circuit_operator.py
[2026-06-15T19:12:30.931+0000] {logging_mixin.py:188} INFO - [2026-06-15T19:12:30.931+0000] {dag.py:3089} INFO - Sync 1 DAGs
[2026-06-15T19:12:30.961+0000] {logging_mixin.py:188} INFO - [2026-06-15T19:12:30.961+0000] {dag.py:3947} INFO - Setting next_dagrun for example_short_circuit_operator to 2026-06-14 00:00:00+00:00, run_after=2026-06-15 00:00:00+00:00
[2026-06-15T19:12:30.990+0000] {processor.py:183} INFO - Processing /home/airflow/.local/lib/python3.12/site-packages/airflow/example_dags/example_short_circuit_operator.py took 0.113 seconds
[2026-06-15T19:13:01.498+0000] {processor.py:161} INFO - Started process (PID=189) to work on /home/airflow/.local/lib/python3.12/site-packages/airflow/example_dags/example_short_circuit_operator.py
[2026-06-15T19:13:01.499+0000] {processor.py:830} INFO - Processing file /home/airflow/.local/lib/python3.12/site-packages/airflow/example_dags/example_short_circuit_operator.py for tasks to queue
[2026-06-15T19:13:01.505+0000] {logging_mixin.py:188} INFO - [2026-06-15T19:13:01.504+0000] {dagbag.py:545} INFO - Filling up the DagBag from /home/airflow/.local/lib/python3.12/site-packages/airflow/example_dags/example_short_circuit_operator.py
[2026-06-15T19:13:01.519+0000] {processor.py:840} INFO - DAG(s) 'example_short_circuit_operator' retrieved from /home/airflow/.local/lib/python3.12/site-packages/airflow/example_dags/example_short_circuit_operator.py
[2026-06-15T19:13:01.552+0000] {logging_mixin.py:188} INFO - [2026-06-15T19:13:01.551+0000] {dag.py:3089} INFO - Sync 1 DAGs
[2026-06-15T19:13:01.580+0000] {logging_mixin.py:188} INFO - [2026-06-15T19:13:01.580+0000] {dag.py:3947} INFO - Setting next_dagrun for example_short_circuit_operator to 2026-06-14 00:00:00+00:00, run_after=2026-06-15 00:00:00+00:00
[2026-06-15T19:13:01.697+0000] {processor.py:183} INFO - Processing /home/airflow/.local/lib/python3.12/site-packages/airflow/example_dags/example_short_circuit_operator.py took 0.206 seconds
[2026-06-15T19:13:32.711+0000] {processor.py:161} INFO - Started process (PID=247) to work on /home/airflow/.local/lib/python3.12/site-packages/airflow/example_dags/example_short_circuit_operator.py
[2026-06-15T19:13:32.716+0000] {processor.py:830} INFO - Processing file /home/airflow/.local/lib/python3.12/site-packages/airflow/example_dags/example_short_circuit_operator.py for tasks to queue
[2026-06-15T19:13:32.719+0000] {logging_mixin.py:188} INFO - [2026-06-15T19:13:32.719+0000] {dagbag.py:545} INFO - Filling up the DagBag from /home/airflow/.local/lib/python3.12/site-packages/airflow/example_dags/example_short_circuit_operator.py
[2026-06-15T19:13:32.748+0000] {processor.py:840} INFO - DAG(s) 'example_short_circuit_operator' retrieved from /home/airflow/.local/lib/python3.12/site-packages/airflow/example_dags/example_short_circuit_operator.py
[2026-06-15T19:13:32.877+0000] {logging_mixin.py:188} INFO - [2026-06-15T19:13:32.876+0000] {dag.py:3089} INFO - Sync 1 DAGs
[2026-06-15T19:13:32.993+0000] {logging_mixin.py:188} INFO - [2026-06-15T19:13:32.993+0000] {dag.py:3947} INFO - Setting next_dagrun for example_short_circuit_operator to 2026-06-14 00:00:00+00:00, run_after=2026-06-15 00:00:00+00:00
[2026-06-15T19:13:33.022+0000] {processor.py:183} INFO - Processing /home/airflow/.local/lib/python3.12/site-packages/airflow/example_dags/example_short_circuit_operator.py took 0.332 seconds
[2026-06-15T19:14:03.972+0000] {processor.py:161} INFO - Started process (PID=311) to work on /home/airflow/.local/lib/python3.12/site-packages/airflow/example_dags/example_short_circuit_operator.py
[2026-06-15T19:14:03.974+0000] {processor.py:830} INFO - Processing file /home/airflow/.local/lib/python3.12/site-packages/airflow/example_dags/example_short_circuit_operator.py for tasks to queue
[2026-06-15T19:14:03.977+0000] {logging_mixin.py:188} INFO - [2026-06-15T19:14:03.977+0000] {dagbag.py:545} INFO - Filling up the DagBag from /home/airflow/.local/lib/python3.12/site-packages/airflow/example_dags/example_short_circuit_operator.py
[2026-06-15T19:14:03.988+0000] {processor.py:840} INFO - DAG(s) 'example_short_circuit_operator' retrieved from /home/airflow/.local/lib/python3.12/site-packages/airflow/example_dags/example_short_circuit_operator.py
[2026-06-15T19:14:04.022+0000] {logging_mixin.py:188} INFO - [2026-06-15T19:14:04.021+0000] {dag.py:3089} INFO - Sync 1 DAGs
[2026-06-15T19:14:04.109+0000] {logging_mixin.py:188} INFO - [2026-06-15T19:14:04.109+0000] {dag.py:3947} INFO - Setting next_dagrun for example_short_circuit_operator to 2026-06-14 00:00:00+00:00, run_after=2026-06-15 00:00:00+00:00
[2026-06-15T19:14:04.162+0000] {processor.py:183} INFO - Processing /home/airflow/.local/lib/python3.12/site-packages/airflow/example_dags/example_short_circuit_operator.py took 0.215 seconds
[2026-06-15T19:14:34.227+0000] {processor.py:161} INFO - Started process (PID=369) to work on /home/airflow/.local/lib/python3.12/site-packages/airflow/example_dags/example_short_circuit_operator.py
[2026-06-15T19:14:34.228+0000] {processor.py:830} INFO - Processing file /home/airflow/.local/lib/python3.12/site-packages/airflow/example_dags/example_short_circuit_operator.py for tasks to queue
[2026-06-15T19:14:34.229+0000] {logging_mixin.py:188} INFO - [2026-06-15T19:14:34.229+0000] {dagbag.py:545} INFO - Filling up the DagBag from /home/airflow/.local/lib/python3.12/site-packages/airflow/example_dags/example_short_circuit_operator.py
[2026-06-15T19:14:34.236+0000] {processor.py:840} INFO - DAG(s) 'example_short_circuit_operator' retrieved from /home/airflow/.local/lib/python3.12/site-packages/airflow/example_dags/example_short_circuit_operator.py
[2026-06-15T19:14:34.258+0000] {logging_mixin.py:188} INFO - [2026-06-15T19:14:34.258+0000] {dag.py:3089} INFO - Sync 1 DAGs
[2026-06-15T19:14:34.277+0000] {logging_mixin.py:188} INFO - [2026-06-15T19:14:34.277+0000] {dag.py:3947} INFO - Setting next_dagrun for example_short_circuit_operator to 2026-06-14 00:00:00+00:00, run_after=2026-06-15 00:00:00+00:00
[2026-06-15T19:14:34.293+0000] {processor.py:183} INFO - Processing /home/airflow/.local/lib/python3.12/site-packages/airflow/example_dags/example_short_circuit_operator.py took 0.071 seconds
[2026-06-15T19:15:04.848+0000] {processor.py:161} INFO - Started process (PID=427) to work on /home/airflow/.local/lib/python3.12/site-packages/airflow/example_dags/example_short_circuit_operator.py
[2026-06-15T19:15:04.852+0000] {processor.py:830} INFO - Processing file /home/airflow/.local/lib/python3.12/site-packages/airflow/example_dags/example_short_circuit_operator.py for tasks to queue
[2026-06-15T19:15:04.860+0000] {logging_mixin.py:188} INFO - [2026-06-15T19:15:04.860+0000] {dagbag.py:545} INFO - Filling up the DagBag from /home/airflow/.local/lib/python3.12/site-packages/airflow/example_dags/example_short_circuit_operator.py
[2026-06-15T19:15:04.899+0000] {processor.py:840} INFO - DAG(s) 'example_short_circuit_operator' retrieved from /home/airflow/.local/lib/python3.12/site-packages/airflow/example_dags/example_short_circuit_operator.py
[2026-06-15T19:15:04.944+0000] {logging_mixin.py:188} INFO - [2026-06-15T19:15:04.944+0000] {dag.py:3089} INFO - Sync 1 DAGs
[2026-06-15T19:15:04.974+0000] {logging_mixin.py:188} INFO - [2026-06-15T19:15:04.973+0000] {dag.py:3947} INFO - Setting next_dagrun for example_short_circuit_operator to 2026-06-14 00:00:00+00:00, run_after=2026-06-15 00:00:00+00:00
[2026-06-15T19:15:04.993+0000] {processor.py:183} INFO - Processing /home/airflow/.local/lib/python3.12/site-packages/airflow/example_dags/example_short_circuit_operator.py took 0.166 seconds
[2026-06-15T19:15:35.314+0000] {processor.py:161} INFO - Started process (PID=485) to work on /home/airflow/.local/lib/python3.12/site-packages/airflow/example_dags/example_short_circuit_operator.py
[2026-06-15T19:15:35.315+0000] {processor.py:830} INFO - Processing file /home/airflow/.local/lib/python3.12/site-packages/airflow/example_dags/example_short_circuit_operator.py for tasks to queue
[2026-06-15T19:15:35.317+0000] {logging_mixin.py:188} INFO - [2026-06-15T19:15:35.317+0000] {dagbag.py:545} INFO - Filling up the DagBag from /home/airflow/.local/lib/python3.12/site-packages/airflow/example_dags/example_short_circuit_operator.py
[2026-06-15T19:15:35.326+0000] {processor.py:840} INFO - DAG(s) 'example_short_circuit_operator' retrieved from /home/airflow/.local/lib/python3.12/site-packages/airflow/example_dags/example_short_circuit_operator.py
[2026-06-15T19:15:35.356+0000] {logging_mixin.py:188} INFO - [2026-06-15T19:15:35.356+0000] {dag.py:3089} INFO - Sync 1 DAGs
[2026-06-15T19:15:35.384+0000] {logging_mixin.py:188} INFO - [2026-06-15T19:15:35.384+0000] {dag.py:3947} INFO - Setting next_dagrun for example_short_circuit_operator to 2026-06-14 00:00:00+00:00, run_after=2026-06-15 00:00:00+00:00
[2026-06-15T19:15:35.405+0000] {processor.py:183} INFO - Processing /home/airflow/.local/lib/python3.12/site-packages/airflow/example_dags/example_short_circuit_operator.py took 0.097 seconds
[2026-06-15T19:16:05.718+0000] {processor.py:161} INFO - Started process (PID=543) to work on /home/airflow/.local/lib/python3.12/site-packages/airflow/example_dags/example_short_circuit_operator.py
[2026-06-15T19:16:05.720+0000] {processor.py:830} INFO - Processing file /home/airflow/.local/lib/python3.12/site-packages/airflow/example_dags/example_short_circuit_operator.py for tasks to queue
[2026-06-15T19:16:05.724+0000] {logging_mixin.py:188} INFO - [2026-06-15T19:16:05.722+0000] {dagbag.py:545} INFO - Filling up the DagBag from /home/airflow/.local/lib/python3.12/site-packages/airflow/example_dags/example_short_circuit_operator.py
[2026-06-15T19:16:05.733+0000] {processor.py:840} INFO - DAG(s) 'example_short_circuit_operator' retrieved from /home/airflow/.local/lib/python3.12/site-packages/airflow/example_dags/example_short_circuit_operator.py
[2026-06-15T19:16:05.765+0000] {logging_mixin.py:188} INFO - [2026-06-15T19:16:05.765+0000] {dag.py:3089} INFO - Sync 1 DAGs
[2026-06-15T19:16:05.792+0000] {logging_mixin.py:188} INFO - [2026-06-15T19:16:05.792+0000] {dag.py:3947} INFO - Setting next_dagrun for example_short_circuit_operator to 2026-06-14 00:00:00+00:00, run_after=2026-06-15 00:00:00+00:00
[2026-06-15T19:16:05.814+0000] {processor.py:183} INFO - Processing /home/airflow/.local/lib/python3.12/site-packages/airflow/example_dags/example_short_circuit_operator.py took 0.123 seconds
[2026-06-15T19:16:35.871+0000] {processor.py:161} INFO - Started process (PID=600) to work on /home/airflow/.local/lib/python3.12/site-packages/airflow/example_dags/example_short_circuit_operator.py
[2026-06-15T19:16:35.872+0000] {processor.py:830} INFO - Processing file /home/airflow/.local/lib/python3.12/site-packages/airflow/example_dags/example_short_circuit_operator.py for tasks to queue
[2026-06-15T19:16:35.874+0000] {logging_mixin.py:188} INFO - [2026-06-15T19:16:35.873+0000] {dagbag.py:545} INFO - Filling up the DagBag from /home/airflow/.local/lib/python3.12/site-packages/airflow/example_dags/example_short_circuit_operator.py
[2026-06-15T19:16:35.883+0000] {processor.py:840} INFO - DAG(s) 'example_short_circuit_operator' retrieved from /home/airflow/.local/lib/python3.12/site-packages/airflow/example_dags/example_short_circuit_operator.py
[2026-06-15T19:16:35.915+0000] {logging_mixin.py:188} INFO - [2026-06-15T19:16:35.915+0000] {dag.py:3089} INFO - Sync 1 DAGs
[2026-06-15T19:16:35.948+0000] {logging_mixin.py:188} INFO - [2026-06-15T19:16:35.948+0000] {dag.py:3947} INFO - Setting next_dagrun for example_short_circuit_operator to 2026-06-14 00:00:00+00:00, run_after=2026-06-15 00:00:00+00:00
[2026-06-15T19:16:35.969+0000] {processor.py:183} INFO - Processing /home/airflow/.local/lib/python3.12/site-packages/airflow/example_dags/example_short_circuit_operator.py took 0.105 seconds
[2026-06-15T19:17:06.935+0000] {processor.py:161} INFO - Started process (PID=658) to work on /home/airflow/.local/lib/python3.12/site-packages/airflow/example_dags/example_short_circuit_operator.py
[2026-06-15T19:17:06.937+0000] {processor.py:830} INFO - Processing file /home/airflow/.local/lib/python3.12/site-packages/airflow/example_dags/example_short_circuit_operator.py for tasks to queue
[2026-06-15T19:17:06.939+0000] {logging_mixin.py:188} INFO - [2026-06-15T19:17:06.938+0000] {dagbag.py:545} INFO - Filling up the DagBag from /home/airflow/.local/lib/python3.12/site-packages/airflow/example_dags/example_short_circuit_operator.py
[2026-06-15T19:17:06.951+0000] {processor.py:840} INFO - DAG(s) 'example_short_circuit_operator' retrieved from /home/airflow/.local/lib/python3.12/site-packages/airflow/example_dags/example_short_circuit_operator.py
[2026-06-15T19:17:06.990+0000] {logging_mixin.py:188} INFO - [2026-06-15T19:17:06.989+0000] {dag.py:3089} INFO - Sync 1 DAGs
[2026-06-15T19:17:07.020+0000] {logging_mixin.py:188} INFO - [2026-06-15T19:17:07.020+0000] {dag.py:3947} INFO - Setting next_dagrun for example_short_circuit_operator to 2026-06-14 00:00:00+00:00, run_after=2026-06-15 00:00:00+00:00
[2026-06-15T19:17:07.045+0000] {processor.py:183} INFO - Processing /home/airflow/.local/lib/python3.12/site-packages/airflow/example_dags/example_short_circuit_operator.py took 0.125 seconds
[2026-06-15T19:17:37.106+0000] {processor.py:161} INFO - Started process (PID=715) to work on /home/airflow/.local/lib/python3.12/site-packages/airflow/example_dags/example_short_circuit_operator.py
[2026-06-15T19:17:37.106+0000] {processor.py:830} INFO - Processing file /home/airflow/.local/lib/python3.12/site-packages/airflow/example_dags/example_short_circuit_operator.py for tasks to queue
[2026-06-15T19:17:37.109+0000] {logging_mixin.py:188} INFO - [2026-06-15T19:17:37.108+0000] {dagbag.py:545} INFO - Filling up the DagBag from /home/airflow/.local/lib/python3.12/site-packages/airflow/example_dags/example_short_circuit_operator.py
[2026-06-15T19:17:37.118+0000] {processor.py:840} INFO - DAG(s) 'example_short_circuit_operator' retrieved from /home/airflow/.local/lib/python3.12/site-packages/airflow/example_dags/example_short_circuit_operator.py
[2026-06-15T19:17:37.149+0000] {logging_mixin.py:188} INFO - [2026-06-15T19:17:37.149+0000] {dag.py:3089} INFO - Sync 1 DAGs
[2026-06-15T19:17:37.177+0000] {logging_mixin.py:188} INFO - [2026-06-15T19:17:37.177+0000] {dag.py:3947} INFO - Setting next_dagrun for example_short_circuit_operator to 2026-06-14 00:00:00+00:00, run_after=2026-06-15 00:00:00+00:00
[2026-06-15T19:17:37.197+0000] {processor.py:183} INFO - Processing /home/airflow/.local/lib/python3.12/site-packages/airflow/example_dags/example_short_circuit_operator.py took 0.099 seconds
[2026-06-15T19:18:07.372+0000] {processor.py:161} INFO - Started process (PID=773) to work on /home/airflow/.local/lib/python3.12/site-packages/airflow/example_dags/example_short_circuit_operator.py
[2026-06-15T19:18:07.373+0000] {processor.py:830} INFO - Processing file /home/airflow/.local/lib/python3.12/site-packages/airflow/example_dags/example_short_circuit_operator.py for tasks to queue
[2026-06-15T19:18:07.375+0000] {logging_mixin.py:188} INFO - [2026-06-15T19:18:07.375+0000] {dagbag.py:545} INFO - Filling up the DagBag from /home/airflow/.local/lib/python3.12/site-packages/airflow/example_dags/example_short_circuit_operator.py
[2026-06-15T19:18:07.385+0000] {processor.py:840} INFO - DAG(s) 'example_short_circuit_operator' retrieved from /home/airflow/.local/lib/python3.12/site-packages/airflow/example_dags/example_short_circuit_operator.py
[2026-06-15T19:18:07.422+0000] {logging_mixin.py:188} INFO - [2026-06-15T19:18:07.422+0000] {dag.py:3089} INFO - Sync 1 DAGs
[2026-06-15T19:18:07.456+0000] {logging_mixin.py:188} INFO - [2026-06-15T19:18:07.456+0000] {dag.py:3947} INFO - Setting next_dagrun for example_short_circuit_operator to 2026-06-14 00:00:00+00:00, run_after=2026-06-15 00:00:00+00:00
[2026-06-15T19:18:07.474+0000] {processor.py:183} INFO - Processing /home/airflow/.local/lib/python3.12/site-packages/airflow/example_dags/example_short_circuit_operator.py took 0.117 seconds
[2026-06-15T19:18:37.522+0000] {processor.py:161} INFO - Started process (PID=831) to work on /home/airflow/.local/lib/python3.12/site-packages/airflow/example_dags/example_short_circuit_operator.py
[2026-06-15T19:18:37.523+0000] {processor.py:830} INFO - Processing file /home/airflow/.local/lib/python3.12/site-packages/airflow/example_dags/example_short_circuit_operator.py for tasks to queue
[2026-06-15T19:18:37.524+0000] {logging_mixin.py:188} INFO - [2026-06-15T19:18:37.524+0000] {dagbag.py:545} INFO - Filling up the DagBag from /home/airflow/.local/lib/python3.12/site-packages/airflow/example_dags/example_short_circuit_operator.py
[2026-06-15T19:18:37.531+0000] {processor.py:840} INFO - DAG(s) 'example_short_circuit_operator' retrieved from /home/airflow/.local/lib/python3.12/site-packages/airflow/example_dags/example_short_circuit_operator.py
[2026-06-15T19:18:37.551+0000] {logging_mixin.py:188} INFO - [2026-06-15T19:18:37.551+0000] {dag.py:3089} INFO - Sync 1 DAGs
[2026-06-15T19:18:37.570+0000] {logging_mixin.py:188} INFO - [2026-06-15T19:18:37.570+0000] {dag.py:3947} INFO - Setting next_dagrun for example_short_circuit_operator to 2026-06-14 00:00:00+00:00, run_after=2026-06-15 00:00:00+00:00
[2026-06-15T19:18:37.591+0000] {processor.py:183} INFO - Processing /home/airflow/.local/lib/python3.12/site-packages/airflow/example_dags/example_short_circuit_operator.py took 0.074 seconds
[2026-06-15T19:19:08.191+0000] {processor.py:161} INFO - Started process (PID=889) to work on /home/airflow/.local/lib/python3.12/site-packages/airflow/example_dags/example_short_circuit_operator.py
[2026-06-15T19:19:08.196+0000] {processor.py:830} INFO - Processing file /home/airflow/.local/lib/python3.12/site-packages/airflow/example_dags/example_short_circuit_operator.py for tasks to queue
[2026-06-15T19:19:08.203+0000] {logging_mixin.py:188} INFO - [2026-06-15T19:19:08.201+0000] {dagbag.py:545} INFO - Filling up the DagBag from /home/airflow/.local/lib/python3.12/site-packages/airflow/example_dags/example_short_circuit_operator.py
[2026-06-15T19:19:08.212+0000] {processor.py:840} INFO - DAG(s) 'example_short_circuit_operator' retrieved from /home/airflow/.local/lib/python3.12/site-packages/airflow/example_dags/example_short_circuit_operator.py
[2026-06-15T19:19:08.252+0000] {logging_mixin.py:188} INFO - [2026-06-15T19:19:08.252+0000] {dag.py:3089} INFO - Sync 1 DAGs
[2026-06-15T19:19:08.280+0000] {logging_mixin.py:188} INFO - [2026-06-15T19:19:08.280+0000] {dag.py:3947} INFO - Setting next_dagrun for example_short_circuit_operator to 2026-06-14 00:00:00+00:00, run_after=2026-06-15 00:00:00+00:00
[2026-06-15T19:19:08.301+0000] {processor.py:183} INFO - Processing /home/airflow/.local/lib/python3.12/site-packages/airflow/example_dags/example_short_circuit_operator.py took 0.134 seconds
[2026-06-15T19:19:38.461+0000] {processor.py:161} INFO - Started process (PID=947) to work on /home/airflow/.local/lib/python3.12/site-packages/airflow/example_dags/example_short_circuit_operator.py
[2026-06-15T19:19:38.464+0000] {processor.py:830} INFO - Processing file /home/airflow/.local/lib/python3.12/site-packages/airflow/example_dags/example_short_circuit_operator.py for tasks to queue
[2026-06-15T19:19:38.467+0000] {logging_mixin.py:188} INFO - [2026-06-15T19:19:38.466+0000] {dagbag.py:545} INFO - Filling up the DagBag from /home/airflow/.local/lib/python3.12/site-packages/airflow/example_dags/example_short_circuit_operator.py
[2026-06-15T19:19:38.479+0000] {processor.py:840} INFO - DAG(s) 'example_short_circuit_operator' retrieved from /home/airflow/.local/lib/python3.12/site-packages/airflow/example_dags/example_short_circuit_operator.py
[2026-06-15T19:19:38.533+0000] {logging_mixin.py:188} INFO - [2026-06-15T19:19:38.533+0000] {dag.py:3089} INFO - Sync 1 DAGs
[2026-06-15T19:19:38.565+0000] {logging_mixin.py:188} INFO - [2026-06-15T19:19:38.564+0000] {dag.py:3947} INFO - Setting next_dagrun for example_short_circuit_operator to 2026-06-14 00:00:00+00:00, run_after=2026-06-15 00:00:00+00:00
[2026-06-15T19:19:38.609+0000] {processor.py:183} INFO - Processing /home/airflow/.local/lib/python3.12/site-packages/airflow/example_dags/example_short_circuit_operator.py took 0.168 seconds
[2026-06-15T19:20:08.785+0000] {processor.py:161} INFO - Started process (PID=1005) to work on /home/airflow/.local/lib/python3.12/site-packages/airflow/example_dags/example_short_circuit_operator.py
[2026-06-15T19:20:08.786+0000] {processor.py:830} INFO - Processing file /home/airflow/.local/lib/python3.12/site-packages/airflow/example_dags/example_short_circuit_operator.py for tasks to queue
[2026-06-15T19:20:08.789+0000] {logging_mixin.py:188} INFO - [2026-06-15T19:20:08.788+0000] {dagbag.py:545} INFO - Filling up the DagBag from /home/airflow/.local/lib/python3.12/site-packages/airflow/example_dags/example_short_circuit_operator.py
[2026-06-15T19:20:08.799+0000] {processor.py:840} INFO - DAG(s) 'example_short_circuit_operator' retrieved from /home/airflow/.local/lib/python3.12/site-packages/airflow/example_dags/example_short_circuit_operator.py
[2026-06-15T19:20:08.835+0000] {logging_mixin.py:188} INFO - [2026-06-15T19:20:08.834+0000] {dag.py:3089} INFO - Sync 1 DAGs
[2026-06-15T19:20:08.888+0000] {logging_mixin.py:188} INFO - [2026-06-15T19:20:08.887+0000] {dag.py:3947} INFO - Setting next_dagrun for example_short_circuit_operator to 2026-06-14 00:00:00+00:00, run_after=2026-06-15 00:00:00+00:00
[2026-06-15T19:20:08.917+0000] {processor.py:183} INFO - Processing /home/airflow/.local/lib/python3.12/site-packages/airflow/example_dags/example_short_circuit_operator.py took 0.142 seconds
[2026-06-15T19:20:39.393+0000] {processor.py:161} INFO - Started process (PID=1063) to work on /home/airflow/.local/lib/python3.12/site-packages/airflow/example_dags/example_short_circuit_operator.py
[2026-06-15T19:20:39.394+0000] {processor.py:830} INFO - Processing file /home/airflow/.local/lib/python3.12/site-packages/airflow/example_dags/example_short_circuit_operator.py for tasks to queue
[2026-06-15T19:20:39.396+0000] {logging_mixin.py:188} INFO - [2026-06-15T19:20:39.395+0000] {dagbag.py:545} INFO - Filling up the DagBag from /home/airflow/.local/lib/python3.12/site-packages/airflow/example_dags/example_short_circuit_operator.py
[2026-06-15T19:20:39.405+0000] {processor.py:840} INFO - DAG(s) 'example_short_circuit_operator' retrieved from /home/airflow/.local/lib/python3.12/site-packages/airflow/example_dags/example_short_circuit_operator.py
[2026-06-15T19:20:39.436+0000] {logging_mixin.py:188} INFO - [2026-06-15T19:20:39.435+0000] {dag.py:3089} INFO - Sync 1 DAGs
[2026-06-15T19:20:39.462+0000] {logging_mixin.py:188} INFO - [2026-06-15T19:20:39.462+0000] {dag.py:3947} INFO - Setting next_dagrun for example_short_circuit_operator to 2026-06-14 00:00:00+00:00, run_after=2026-06-15 00:00:00+00:00
[2026-06-15T19:20:39.483+0000] {processor.py:183} INFO - Processing /home/airflow/.local/lib/python3.12/site-packages/airflow/example_dags/example_short_circuit_operator.py took 0.104 seconds
[2026-06-15T19:21:09.873+0000] {processor.py:161} INFO - Started process (PID=1121) to work on /home/airflow/.local/lib/python3.12/site-packages/airflow/example_dags/example_short_circuit_operator.py
[2026-06-15T19:21:09.874+0000] {processor.py:830} INFO - Processing file /home/airflow/.local/lib/python3.12/site-packages/airflow/example_dags/example_short_circuit_operator.py for tasks to queue
[2026-06-15T19:21:09.876+0000] {logging_mixin.py:188} INFO - [2026-06-15T19:21:09.876+0000] {dagbag.py:545} INFO - Filling up the DagBag from /home/airflow/.local/lib/python3.12/site-packages/airflow/example_dags/example_short_circuit_operator.py
[2026-06-15T19:21:09.886+0000] {processor.py:840} INFO - DAG(s) 'example_short_circuit_operator' retrieved from /home/airflow/.local/lib/python3.12/site-packages/airflow/example_dags/example_short_circuit_operator.py
[2026-06-15T19:21:09.918+0000] {logging_mixin.py:188} INFO - [2026-06-15T19:21:09.917+0000] {dag.py:3089} INFO - Sync 1 DAGs
[2026-06-15T19:21:09.950+0000] {logging_mixin.py:188} INFO - [2026-06-15T19:21:09.949+0000] {dag.py:3947} INFO - Setting next_dagrun for example_short_circuit_operator to 2026-06-14 00:00:00+00:00, run_after=2026-06-15 00:00:00+00:00
[2026-06-15T19:21:09.993+0000] {processor.py:183} INFO - Processing /home/airflow/.local/lib/python3.12/site-packages/airflow/example_dags/example_short_circuit_operator.py took 0.133 seconds
[2026-06-15T19:21:40.873+0000] {processor.py:161} INFO - Started process (PID=1179) to work on /home/airflow/.local/lib/python3.12/site-packages/airflow/example_dags/example_short_circuit_operator.py
[2026-06-15T19:21:40.874+0000] {processor.py:830} INFO - Processing file /home/airflow/.local/lib/python3.12/site-packages/airflow/example_dags/example_short_circuit_operator.py for tasks to queue
[2026-06-15T19:21:40.876+0000] {logging_mixin.py:188} INFO - [2026-06-15T19:21:40.876+0000] {dagbag.py:545} INFO - Filling up the DagBag from /home/airflow/.local/lib/python3.12/site-packages/airflow/example_dags/example_short_circuit_operator.py
[2026-06-15T19:21:40.886+0000] {processor.py:840} INFO - DAG(s) 'example_short_circuit_operator' retrieved from /home/airflow/.local/lib/python3.12/site-packages/airflow/example_dags/example_short_circuit_operator.py
[2026-06-15T19:21:40.918+0000] {logging_mixin.py:188} INFO - [2026-06-15T19:21:40.918+0000] {dag.py:3089} INFO - Sync 1 DAGs
[2026-06-15T19:21:40.968+0000] {logging_mixin.py:188} INFO - [2026-06-15T19:21:40.968+0000] {dag.py:3947} INFO - Setting next_dagrun for example_short_circuit_operator to 2026-06-14 00:00:00+00:00, run_after=2026-06-15 00:00:00+00:00
[2026-06-15T19:21:41.014+0000] {processor.py:183} INFO - Processing /home/airflow/.local/lib/python3.12/site-packages/airflow/example_dags/example_short_circuit_operator.py took 0.156 seconds
[2026-06-15T19:22:11.914+0000] {processor.py:161} INFO - Started process (PID=1237) to work on /home/airflow/.local/lib/python3.12/site-packages/airflow/example_dags/example_short_circuit_operator.py
[2026-06-15T19:22:11.915+0000] {processor.py:830} INFO - Processing file /home/airflow/.local/lib/python3.12/site-packages/airflow/example_dags/example_short_circuit_operator.py for tasks to queue
[2026-06-15T19:22:11.917+0000] {logging_mixin.py:188} INFO - [2026-06-15T19:22:11.916+0000] {dagbag.py:545} INFO - Filling up the DagBag from /home/airflow/.local/lib/python3.12/site-packages/airflow/example_dags/example_short_circuit_operator.py
[2026-06-15T19:22:11.925+0000] {processor.py:840} INFO - DAG(s) 'example_short_circuit_operator' retrieved from /home/airflow/.local/lib/python3.12/site-packages/airflow/example_dags/example_short_circuit_operator.py
[2026-06-15T19:22:11.958+0000] {logging_mixin.py:188} INFO - [2026-06-15T19:22:11.958+0000] {dag.py:3089} INFO - Sync 1 DAGs
[2026-06-15T19:22:11.986+0000] {logging_mixin.py:188} INFO - [2026-06-15T19:22:11.986+0000] {dag.py:3947} INFO - Setting next_dagrun for example_short_circuit_operator to 2026-06-14 00:00:00+00:00, run_after=2026-06-15 00:00:00+00:00
[2026-06-15T19:22:12.008+0000] {processor.py:183} INFO - Processing /home/airflow/.local/lib/python3.12/site-packages/airflow/example_dags/example_short_circuit_operator.py took 0.101 seconds
[2026-06-15T19:22:42.412+0000] {processor.py:161} INFO - Started process (PID=1295) to work on /home/airflow/.local/lib/python3.12/site-packages/airflow/example_dags/example_short_circuit_operator.py
[2026-06-15T19:22:42.413+0000] {processor.py:830} INFO - Processing file /home/airflow/.local/lib/python3.12/site-packages/airflow/example_dags/example_short_circuit_operator.py for tasks to queue
[2026-06-15T19:22:42.415+0000] {logging_mixin.py:188} INFO - [2026-06-15T19:22:42.414+0000] {dagbag.py:545} INFO - Filling up the DagBag from /home/airflow/.local/lib/python3.12/site-packages/airflow/example_dags/example_short_circuit_operator.py
[2026-06-15T19:22:42.423+0000] {processor.py:840} INFO - DAG(s) 'example_short_circuit_operator' retrieved from /home/airflow/.local/lib/python3.12/site-packages/airflow/example_dags/example_short_circuit_operator.py
[2026-06-15T19:22:42.456+0000] {logging_mixin.py:188} INFO - [2026-06-15T19:22:42.455+0000] {dag.py:3089} INFO - Sync 1 DAGs
[2026-06-15T19:22:42.488+0000] {logging_mixin.py:188} INFO - [2026-06-15T19:22:42.485+0000] {dag.py:3947} INFO - Setting next_dagrun for example_short_circuit_operator to 2026-06-14 00:00:00+00:00, run_after=2026-06-15 00:00:00+00:00
[2026-06-15T19:22:42.526+0000] {processor.py:183} INFO - Processing /home/airflow/.local/lib/python3.12/site-packages/airflow/example_dags/example_short_circuit_operator.py took 0.121 seconds
[2026-06-15T19:23:12.943+0000] {processor.py:161} INFO - Started process (PID=1353) to work on /home/airflow/.local/lib/python3.12/site-packages/airflow/example_dags/example_short_circuit_operator.py
[2026-06-15T19:23:12.945+0000] {processor.py:830} INFO - Processing file /home/airflow/.local/lib/python3.12/site-packages/airflow/example_dags/example_short_circuit_operator.py for tasks to queue
[2026-06-15T19:23:12.947+0000] {logging_mixin.py:188} INFO - [2026-06-15T19:23:12.947+0000] {dagbag.py:545} INFO - Filling up the DagBag from /home/airflow/.local/lib/python3.12/site-packages/airflow/example_dags/example_short_circuit_operator.py
[2026-06-15T19:23:12.956+0000] {processor.py:840} INFO - DAG(s) 'example_short_circuit_operator' retrieved from /home/airflow/.local/lib/python3.12/site-packages/airflow/example_dags/example_short_circuit_operator.py
[2026-06-15T19:23:12.988+0000] {logging_mixin.py:188} INFO - [2026-06-15T19:23:12.987+0000] {dag.py:3089} INFO - Sync 1 DAGs
[2026-06-15T19:23:13.016+0000] {logging_mixin.py:188} INFO - [2026-06-15T19:23:13.016+0000] {dag.py:3947} INFO - Setting next_dagrun for example_short_circuit_operator to 2026-06-14 00:00:00+00:00, run_after=2026-06-15 00:00:00+00:00
[2026-06-15T19:23:13.050+0000] {processor.py:183} INFO - Processing /home/airflow/.local/lib/python3.12/site-packages/airflow/example_dags/example_short_circuit_operator.py took 0.113 seconds
[2026-06-15T19:23:43.633+0000] {processor.py:161} INFO - Started process (PID=1411) to work on /home/airflow/.local/lib/python3.12/site-packages/airflow/example_dags/example_short_circuit_operator.py
[2026-06-15T19:23:43.634+0000] {processor.py:830} INFO - Processing file /home/airflow/.local/lib/python3.12/site-packages/airflow/example_dags/example_short_circuit_operator.py for tasks to queue
[2026-06-15T19:23:43.636+0000] {logging_mixin.py:188} INFO - [2026-06-15T19:23:43.636+0000] {dagbag.py:545} INFO - Filling up the DagBag from /home/airflow/.local/lib/python3.12/site-packages/airflow/example_dags/example_short_circuit_operator.py
[2026-06-15T19:23:43.645+0000] {processor.py:840} INFO - DAG(s) 'example_short_circuit_operator' retrieved from /home/airflow/.local/lib/python3.12/site-packages/airflow/example_dags/example_short_circuit_operator.py
[2026-06-15T19:23:43.679+0000] {logging_mixin.py:188} INFO - [2026-06-15T19:23:43.678+0000] {dag.py:3089} INFO - Sync 1 DAGs
[2026-06-15T19:23:43.708+0000] {logging_mixin.py:188} INFO - [2026-06-15T19:23:43.708+0000] {dag.py:3947} INFO - Setting next_dagrun for example_short_circuit_operator to 2026-06-14 00:00:00+00:00, run_after=2026-06-15 00:00:00+00:00
[2026-06-15T19:23:43.734+0000] {processor.py:183} INFO - Processing /home/airflow/.local/lib/python3.12/site-packages/airflow/example_dags/example_short_circuit_operator.py took 0.108 seconds
[2026-06-15T19:24:14.066+0000] {processor.py:161} INFO - Started process (PID=1469) to work on /home/airflow/.local/lib/python3.12/site-packages/airflow/example_dags/example_short_circuit_operator.py
[2026-06-15T19:24:14.067+0000] {processor.py:830} INFO - Processing file /home/airflow/.local/lib/python3.12/site-packages/airflow/example_dags/example_short_circuit_operator.py for tasks to queue
[2026-06-15T19:24:14.069+0000] {logging_mixin.py:188} INFO - [2026-06-15T19:24:14.068+0000] {dagbag.py:545} INFO - Filling up the DagBag from /home/airflow/.local/lib/python3.12/site-packages/airflow/example_dags/example_short_circuit_operator.py
[2026-06-15T19:24:14.078+0000] {processor.py:840} INFO - DAG(s) 'example_short_circuit_operator' retrieved from /home/airflow/.local/lib/python3.12/site-packages/airflow/example_dags/example_short_circuit_operator.py
[2026-06-15T19:24:14.109+0000] {logging_mixin.py:188} INFO - [2026-06-15T19:24:14.109+0000] {dag.py:3089} INFO - Sync 1 DAGs
[2026-06-15T19:24:14.137+0000] {logging_mixin.py:188} INFO - [2026-06-15T19:24:14.137+0000] {dag.py:3947} INFO - Setting next_dagrun for example_short_circuit_operator to 2026-06-14 00:00:00+00:00, run_after=2026-06-15 00:00:00+00:00
[2026-06-15T19:24:14.159+0000] {processor.py:183} INFO - Processing /home/airflow/.local/lib/python3.12/site-packages/airflow/example_dags/example_short_circuit_operator.py took 0.099 seconds
[2026-06-15T19:24:44.323+0000] {processor.py:161} INFO - Started process (PID=1527) to work on /home/airflow/.local/lib/python3.12/site-packages/airflow/example_dags/example_short_circuit_operator.py
[2026-06-15T19:24:44.324+0000] {processor.py:830} INFO - Processing file /home/airflow/.local/lib/python3.12/site-packages/airflow/example_dags/example_short_circuit_operator.py for tasks to queue
[2026-06-15T19:24:44.326+0000] {logging_mixin.py:188} INFO - [2026-06-15T19:24:44.326+0000] {dagbag.py:545} INFO - Filling up the DagBag from /home/airflow/.local/lib/python3.12/site-packages/airflow/example_dags/example_short_circuit_operator.py
[2026-06-15T19:24:44.336+0000] {processor.py:840} INFO - DAG(s) 'example_short_circuit_operator' retrieved from /home/airflow/.local/lib/python3.12/site-packages/airflow/example_dags/example_short_circuit_operator.py
[2026-06-15T19:24:44.368+0000] {logging_mixin.py:188} INFO - [2026-06-15T19:24:44.367+0000] {dag.py:3089} INFO - Sync 1 DAGs
[2026-06-15T19:24:44.410+0000] {logging_mixin.py:188} INFO - [2026-06-15T19:24:44.409+0000] {dag.py:3947} INFO - Setting next_dagrun for example_short_circuit_operator to 2026-06-14 00:00:00+00:00, run_after=2026-06-15 00:00:00+00:00
[2026-06-15T19:24:44.640+0000] {processor.py:183} INFO - Processing /home/airflow/.local/lib/python3.12/site-packages/airflow/example_dags/example_short_circuit_operator.py took 0.324 seconds
[2026-06-15T19:25:14.734+0000] {processor.py:161} INFO - Started process (PID=1584) to work on /home/airflow/.local/lib/python3.12/site-packages/airflow/example_dags/example_short_circuit_operator.py
[2026-06-15T19:25:14.735+0000] {processor.py:830} INFO - Processing file /home/airflow/.local/lib/python3.12/site-packages/airflow/example_dags/example_short_circuit_operator.py for tasks to queue
[2026-06-15T19:25:14.736+0000] {logging_mixin.py:188} INFO - [2026-06-15T19:25:14.736+0000] {dagbag.py:545} INFO - Filling up the DagBag from /home/airflow/.local/lib/python3.12/site-packages/airflow/example_dags/example_short_circuit_operator.py
[2026-06-15T19:25:14.742+0000] {processor.py:840} INFO - DAG(s) 'example_short_circuit_operator' retrieved from /home/airflow/.local/lib/python3.12/site-packages/airflow/example_dags/example_short_circuit_operator.py
[2026-06-15T19:25:14.763+0000] {logging_mixin.py:188} INFO - [2026-06-15T19:25:14.763+0000] {dag.py:3089} INFO - Sync 1 DAGs
[2026-06-15T19:25:14.782+0000] {logging_mixin.py:188} INFO - [2026-06-15T19:25:14.781+0000] {dag.py:3947} INFO - Setting next_dagrun for example_short_circuit_operator to 2026-06-14 00:00:00+00:00, run_after=2026-06-15 00:00:00+00:00
[2026-06-15T19:25:14.798+0000] {processor.py:183} INFO - Processing /home/airflow/.local/lib/python3.12/site-packages/airflow/example_dags/example_short_circuit_operator.py took 0.069 seconds
[2026-06-15T19:25:45.328+0000] {processor.py:161} INFO - Started process (PID=1642) to work on /home/airflow/.local/lib/python3.12/site-packages/airflow/example_dags/example_short_circuit_operator.py
[2026-06-15T19:25:45.328+0000] {processor.py:830} INFO - Processing file /home/airflow/.local/lib/python3.12/site-packages/airflow/example_dags/example_short_circuit_operator.py for tasks to queue
[2026-06-15T19:25:45.331+0000] {logging_mixin.py:188} INFO - [2026-06-15T19:25:45.330+0000] {dagbag.py:545} INFO - Filling up the DagBag from /home/airflow/.local/lib/python3.12/site-packages/airflow/example_dags/example_short_circuit_operator.py
[2026-06-15T19:25:45.340+0000] {processor.py:840} INFO - DAG(s) 'example_short_circuit_operator' retrieved from /home/airflow/.local/lib/python3.12/site-packages/airflow/example_dags/example_short_circuit_operator.py
[2026-06-15T19:25:45.372+0000] {logging_mixin.py:188} INFO - [2026-06-15T19:25:45.372+0000] {dag.py:3089} INFO - Sync 1 DAGs
[2026-06-15T19:25:45.402+0000] {logging_mixin.py:188} INFO - [2026-06-15T19:25:45.402+0000] {dag.py:3947} INFO - Setting next_dagrun for example_short_circuit_operator to 2026-06-14 00:00:00+00:00, run_after=2026-06-15 00:00:00+00:00
[2026-06-15T19:25:45.468+0000] {processor.py:183} INFO - Processing /home/airflow/.local/lib/python3.12/site-packages/airflow/example_dags/example_short_circuit_operator.py took 0.148 seconds
[2026-06-15T19:26:16.040+0000] {processor.py:161} INFO - Started process (PID=1700) to work on /home/airflow/.local/lib/python3.12/site-packages/airflow/example_dags/example_short_circuit_operator.py
[2026-06-15T19:26:16.046+0000] {processor.py:830} INFO - Processing file /home/airflow/.local/lib/python3.12/site-packages/airflow/example_dags/example_short_circuit_operator.py for tasks to queue
[2026-06-15T19:26:16.052+0000] {logging_mixin.py:188} INFO - [2026-06-15T19:26:16.052+0000] {dagbag.py:545} INFO - Filling up the DagBag from /home/airflow/.local/lib/python3.12/site-packages/airflow/example_dags/example_short_circuit_operator.py
[2026-06-15T19:26:16.090+0000] {processor.py:840} INFO - DAG(s) 'example_short_circuit_operator' retrieved from /home/airflow/.local/lib/python3.12/site-packages/airflow/example_dags/example_short_circuit_operator.py
[2026-06-15T19:26:16.190+0000] {logging_mixin.py:188} INFO - [2026-06-15T19:26:16.190+0000] {dag.py:3089} INFO - Sync 1 DAGs
[2026-06-15T19:26:16.298+0000] {logging_mixin.py:188} INFO - [2026-06-15T19:26:16.298+0000] {dag.py:3947} INFO - Setting next_dagrun for example_short_circuit_operator to 2026-06-14 00:00:00+00:00, run_after=2026-06-15 00:00:00+00:00
[2026-06-15T19:26:16.352+0000] {processor.py:183} INFO - Processing /home/airflow/.local/lib/python3.12/site-packages/airflow/example_dags/example_short_circuit_operator.py took 0.328 seconds
[2026-06-15T19:26:46.551+0000] {processor.py:161} INFO - Started process (PID=1758) to work on /home/airflow/.local/lib/python3.12/site-packages/airflow/example_dags/example_short_circuit_operator.py
[2026-06-15T19:26:46.552+0000] {processor.py:830} INFO - Processing file /home/airflow/.local/lib/python3.12/site-packages/airflow/example_dags/example_short_circuit_operator.py for tasks to queue
[2026-06-15T19:26:46.554+0000] {logging_mixin.py:188} INFO - [2026-06-15T19:26:46.554+0000] {dagbag.py:545} INFO - Filling up the DagBag from /home/airflow/.local/lib/python3.12/site-packages/airflow/example_dags/example_short_circuit_operator.py
[2026-06-15T19:26:46.563+0000] {processor.py:840} INFO - DAG(s) 'example_short_circuit_operator' retrieved from /home/airflow/.local/lib/python3.12/site-packages/airflow/example_dags/example_short_circuit_operator.py
[2026-06-15T19:26:46.604+0000] {logging_mixin.py:188} INFO - [2026-06-15T19:26:46.603+0000] {dag.py:3089} INFO - Sync 1 DAGs
[2026-06-15T19:26:46.636+0000] {logging_mixin.py:188} INFO - [2026-06-15T19:26:46.636+0000] {dag.py:3947} INFO - Setting next_dagrun for example_short_circuit_operator to 2026-06-14 00:00:00+00:00, run_after=2026-06-15 00:00:00+00:00
[2026-06-15T19:26:46.657+0000] {processor.py:183} INFO - Processing /home/airflow/.local/lib/python3.12/site-packages/airflow/example_dags/example_short_circuit_operator.py took 0.113 seconds
[2026-06-15T19:27:16.741+0000] {processor.py:161} INFO - Started process (PID=1816) to work on /home/airflow/.local/lib/python3.12/site-packages/airflow/example_dags/example_short_circuit_operator.py
[2026-06-15T19:27:16.742+0000] {processor.py:830} INFO - Processing file /home/airflow/.local/lib/python3.12/site-packages/airflow/example_dags/example_short_circuit_operator.py for tasks to queue
[2026-06-15T19:27:16.744+0000] {logging_mixin.py:188} INFO - [2026-06-15T19:27:16.744+0000] {dagbag.py:545} INFO - Filling up the DagBag from /home/airflow/.local/lib/python3.12/site-packages/airflow/example_dags/example_short_circuit_operator.py
[2026-06-15T19:27:16.753+0000] {processor.py:840} INFO - DAG(s) 'example_short_circuit_operator' retrieved from /home/airflow/.local/lib/python3.12/site-packages/airflow/example_dags/example_short_circuit_operator.py
[2026-06-15T19:27:16.785+0000] {logging_mixin.py:188} INFO - [2026-06-15T19:27:16.784+0000] {dag.py:3089} INFO - Sync 1 DAGs
[2026-06-15T19:27:16.817+0000] {logging_mixin.py:188} INFO - [2026-06-15T19:27:16.817+0000] {dag.py:3947} INFO - Setting next_dagrun for example_short_circuit_operator to 2026-06-14 00:00:00+00:00, run_after=2026-06-15 00:00:00+00:00
[2026-06-15T19:27:16.845+0000] {processor.py:183} INFO - Processing /home/airflow/.local/lib/python3.12/site-packages/airflow/example_dags/example_short_circuit_operator.py took 0.110 seconds
[2026-06-15T19:27:47.037+0000] {processor.py:161} INFO - Started process (PID=1873) to work on /home/airflow/.local/lib/python3.12/site-packages/airflow/example_dags/example_short_circuit_operator.py
[2026-06-15T19:27:47.038+0000] {processor.py:830} INFO - Processing file /home/airflow/.local/lib/python3.12/site-packages/airflow/example_dags/example_short_circuit_operator.py for tasks to queue
[2026-06-15T19:27:47.040+0000] {logging_mixin.py:188} INFO - [2026-06-15T19:27:47.039+0000] {dagbag.py:545} INFO - Filling up the DagBag from /home/airflow/.local/lib/python3.12/site-packages/airflow/example_dags/example_short_circuit_operator.py
[2026-06-15T19:27:47.049+0000] {processor.py:840} INFO - DAG(s) 'example_short_circuit_operator' retrieved from /home/airflow/.local/lib/python3.12/site-packages/airflow/example_dags/example_short_circuit_operator.py
[2026-06-15T19:27:47.080+0000] {logging_mixin.py:188} INFO - [2026-06-15T19:27:47.080+0000] {dag.py:3089} INFO - Sync 1 DAGs
[2026-06-15T19:27:47.109+0000] {logging_mixin.py:188} INFO - [2026-06-15T19:27:47.109+0000] {dag.py:3947} INFO - Setting next_dagrun for example_short_circuit_operator to 2026-06-14 00:00:00+00:00, run_after=2026-06-15 00:00:00+00:00
[2026-06-15T19:27:47.129+0000] {processor.py:183} INFO - Processing /home/airflow/.local/lib/python3.12/site-packages/airflow/example_dags/example_short_circuit_operator.py took 0.100 seconds
[2026-06-15T19:28:17.760+0000] {processor.py:161} INFO - Started process (PID=1930) to work on /home/airflow/.local/lib/python3.12/site-packages/airflow/example_dags/example_short_circuit_operator.py
[2026-06-15T19:28:17.760+0000] {processor.py:830} INFO - Processing file /home/airflow/.local/lib/python3.12/site-packages/airflow/example_dags/example_short_circuit_operator.py for tasks to queue
[2026-06-15T19:28:17.762+0000] {logging_mixin.py:188} INFO - [2026-06-15T19:28:17.762+0000] {dagbag.py:545} INFO - Filling up the DagBag from /home/airflow/.local/lib/python3.12/site-packages/airflow/example_dags/example_short_circuit_operator.py
[2026-06-15T19:28:17.779+0000] {processor.py:840} INFO - DAG(s) 'example_short_circuit_operator' retrieved from /home/airflow/.local/lib/python3.12/site-packages/airflow/example_dags/example_short_circuit_operator.py
[2026-06-15T19:28:17.828+0000] {logging_mixin.py:188} INFO - [2026-06-15T19:28:17.828+0000] {dag.py:3089} INFO - Sync 1 DAGs
[2026-06-15T19:28:17.883+0000] {logging_mixin.py:188} INFO - [2026-06-15T19:28:17.883+0000] {dag.py:3947} INFO - Setting next_dagrun for example_short_circuit_operator to 2026-06-14 00:00:00+00:00, run_after=2026-06-15 00:00:00+00:00
[2026-06-15T19:28:17.906+0000] {processor.py:183} INFO - Processing /home/airflow/.local/lib/python3.12/site-packages/airflow/example_dags/example_short_circuit_operator.py took 0.153 seconds
[2026-06-15T19:28:47.957+0000] {processor.py:161} INFO - Started process (PID=1986) to work on /home/airflow/.local/lib/python3.12/site-packages/airflow/example_dags/example_short_circuit_operator.py
[2026-06-15T19:28:47.958+0000] {processor.py:830} INFO - Processing file /home/airflow/.local/lib/python3.12/site-packages/airflow/example_dags/example_short_circuit_operator.py for tasks to queue
[2026-06-15T19:28:47.960+0000] {logging_mixin.py:188} INFO - [2026-06-15T19:28:47.959+0000] {dagbag.py:545} INFO - Filling up the DagBag from /home/airflow/.local/lib/python3.12/site-packages/airflow/example_dags/example_short_circuit_operator.py
[2026-06-15T19:28:47.969+0000] {processor.py:840} INFO - DAG(s) 'example_short_circuit_operator' retrieved from /home/airflow/.local/lib/python3.12/site-packages/airflow/example_dags/example_short_circuit_operator.py
[2026-06-15T19:28:47.996+0000] {logging_mixin.py:188} INFO - [2026-06-15T19:28:47.996+0000] {dag.py:3089} INFO - Sync 1 DAGs
[2026-06-15T19:28:48.016+0000] {logging_mixin.py:188} INFO - [2026-06-15T19:28:48.015+0000] {dag.py:3947} INFO - Setting next_dagrun for example_short_circuit_operator to 2026-06-14 00:00:00+00:00, run_after=2026-06-15 00:00:00+00:00
[2026-06-15T19:28:48.031+0000] {processor.py:183} INFO - Processing /home/airflow/.local/lib/python3.12/site-packages/airflow/example_dags/example_short_circuit_operator.py took 0.080 seconds
[2026-06-15T19:29:18.453+0000] {processor.py:161} INFO - Started process (PID=2045) to work on /home/airflow/.local/lib/python3.12/site-packages/airflow/example_dags/example_short_circuit_operator.py
[2026-06-15T19:29:18.454+0000] {processor.py:830} INFO - Processing file /home/airflow/.local/lib/python3.12/site-packages/airflow/example_dags/example_short_circuit_operator.py for tasks to queue
[2026-06-15T19:29:18.456+0000] {logging_mixin.py:188} INFO - [2026-06-15T19:29:18.456+0000] {dagbag.py:545} INFO - Filling up the DagBag from /home/airflow/.local/lib/python3.12/site-packages/airflow/example_dags/example_short_circuit_operator.py
[2026-06-15T19:29:18.465+0000] {processor.py:840} INFO - DAG(s) 'example_short_circuit_operator' retrieved from /home/airflow/.local/lib/python3.12/site-packages/airflow/example_dags/example_short_circuit_operator.py
[2026-06-15T19:29:18.542+0000] {logging_mixin.py:188} INFO - [2026-06-15T19:29:18.542+0000] {dag.py:3089} INFO - Sync 1 DAGs
[2026-06-15T19:29:18.608+0000] {logging_mixin.py:188} INFO - [2026-06-15T19:29:18.607+0000] {dag.py:3947} INFO - Setting next_dagrun for example_short_circuit_operator to 2026-06-14 00:00:00+00:00, run_after=2026-06-15 00:00:00+00:00
[2026-06-15T19:29:18.674+0000] {processor.py:183} INFO - Processing /home/airflow/.local/lib/python3.12/site-packages/airflow/example_dags/example_short_circuit_operator.py took 0.228 seconds
[2026-06-15T19:29:48.828+0000] {processor.py:161} INFO - Started process (PID=2103) to work on /home/airflow/.local/lib/python3.12/site-packages/airflow/example_dags/example_short_circuit_operator.py
[2026-06-15T19:29:48.828+0000] {processor.py:830} INFO - Processing file /home/airflow/.local/lib/python3.12/site-packages/airflow/example_dags/example_short_circuit_operator.py for tasks to queue
[2026-06-15T19:29:48.830+0000] {logging_mixin.py:188} INFO - [2026-06-15T19:29:48.830+0000] {dagbag.py:545} INFO - Filling up the DagBag from /home/airflow/.local/lib/python3.12/site-packages/airflow/example_dags/example_short_circuit_operator.py
[2026-06-15T19:29:48.839+0000] {processor.py:840} INFO - DAG(s) 'example_short_circuit_operator' retrieved from /home/airflow/.local/lib/python3.12/site-packages/airflow/example_dags/example_short_circuit_operator.py
[2026-06-15T19:29:48.867+0000] {logging_mixin.py:188} INFO - [2026-06-15T19:29:48.866+0000] {dag.py:3089} INFO - Sync 1 DAGs
[2026-06-15T19:29:48.895+0000] {logging_mixin.py:188} INFO - [2026-06-15T19:29:48.895+0000] {dag.py:3947} INFO - Setting next_dagrun for example_short_circuit_operator to 2026-06-14 00:00:00+00:00, run_after=2026-06-15 00:00:00+00:00
[2026-06-15T19:29:48.916+0000] {processor.py:183} INFO - Processing /home/airflow/.local/lib/python3.12/site-packages/airflow/example_dags/example_short_circuit_operator.py took 0.096 seconds
[2026-06-15T19:30:19.427+0000] {processor.py:161} INFO - Started process (PID=2161) to work on /home/airflow/.local/lib/python3.12/site-packages/airflow/example_dags/example_short_circuit_operator.py
[2026-06-15T19:30:19.427+0000] {processor.py:830} INFO - Processing file /home/airflow/.local/lib/python3.12/site-packages/airflow/example_dags/example_short_circuit_operator.py for tasks to queue
[2026-06-15T19:30:19.429+0000] {logging_mixin.py:188} INFO - [2026-06-15T19:30:19.429+0000] {dagbag.py:545} INFO - Filling up the DagBag from /home/airflow/.local/lib/python3.12/site-packages/airflow/example_dags/example_short_circuit_operator.py
[2026-06-15T19:30:19.438+0000] {processor.py:840} INFO - DAG(s) 'example_short_circuit_operator' retrieved from /home/airflow/.local/lib/python3.12/site-packages/airflow/example_dags/example_short_circuit_operator.py
[2026-06-15T19:30:19.469+0000] {logging_mixin.py:188} INFO - [2026-06-15T19:30:19.469+0000] {dag.py:3089} INFO - Sync 1 DAGs
[2026-06-15T19:30:19.496+0000] {logging_mixin.py:188} INFO - [2026-06-15T19:30:19.496+0000] {dag.py:3947} INFO - Setting next_dagrun for example_short_circuit_operator to 2026-06-14 00:00:00+00:00, run_after=2026-06-15 00:00:00+00:00
[2026-06-15T19:30:19.517+0000] {processor.py:183} INFO - Processing /home/airflow/.local/lib/python3.12/site-packages/airflow/example_dags/example_short_circuit_operator.py took 0.097 seconds
[2026-06-15T19:30:49.644+0000] {processor.py:161} INFO - Started process (PID=2219) to work on /home/airflow/.local/lib/python3.12/site-packages/airflow/example_dags/example_short_circuit_operator.py
[2026-06-15T19:30:49.645+0000] {processor.py:830} INFO - Processing file /home/airflow/.local/lib/python3.12/site-packages/airflow/example_dags/example_short_circuit_operator.py for tasks to queue
[2026-06-15T19:30:49.647+0000] {logging_mixin.py:188} INFO - [2026-06-15T19:30:49.647+0000] {dagbag.py:545} INFO - Filling up the DagBag from /home/airflow/.local/lib/python3.12/site-packages/airflow/example_dags/example_short_circuit_operator.py
[2026-06-15T19:30:49.656+0000] {processor.py:840} INFO - DAG(s) 'example_short_circuit_operator' retrieved from /home/airflow/.local/lib/python3.12/site-packages/airflow/example_dags/example_short_circuit_operator.py
[2026-06-15T19:30:49.686+0000] {logging_mixin.py:188} INFO - [2026-06-15T19:30:49.686+0000] {dag.py:3089} INFO - Sync 1 DAGs
[2026-06-15T19:30:49.714+0000] {logging_mixin.py:188} INFO - [2026-06-15T19:30:49.714+0000] {dag.py:3947} INFO - Setting next_dagrun for example_short_circuit_operator to 2026-06-14 00:00:00+00:00, run_after=2026-06-15 00:00:00+00:00
[2026-06-15T19:30:49.734+0000] {processor.py:183} INFO - Processing /home/airflow/.local/lib/python3.12/site-packages/airflow/example_dags/example_short_circuit_operator.py took 0.097 seconds
[2026-06-15T19:31:19.881+0000] {processor.py:161} INFO - Started process (PID=2277) to work on /home/airflow/.local/lib/python3.12/site-packages/airflow/example_dags/example_short_circuit_operator.py
[2026-06-15T19:31:19.887+0000] {processor.py:830} INFO - Processing file /home/airflow/.local/lib/python3.12/site-packages/airflow/example_dags/example_short_circuit_operator.py for tasks to queue
[2026-06-15T19:31:19.893+0000] {logging_mixin.py:188} INFO - [2026-06-15T19:31:19.889+0000] {dagbag.py:545} INFO - Filling up the DagBag from /home/airflow/.local/lib/python3.12/site-packages/airflow/example_dags/example_short_circuit_operator.py
[2026-06-15T19:31:19.912+0000] {processor.py:840} INFO - DAG(s) 'example_short_circuit_operator' retrieved from /home/airflow/.local/lib/python3.12/site-packages/airflow/example_dags/example_short_circuit_operator.py
[2026-06-15T19:31:19.969+0000] {logging_mixin.py:188} INFO - [2026-06-15T19:31:19.968+0000] {dag.py:3089} INFO - Sync 1 DAGs
[2026-06-15T19:31:19.999+0000] {logging_mixin.py:188} INFO - [2026-06-15T19:31:19.999+0000] {dag.py:3947} INFO - Setting next_dagrun for example_short_circuit_operator to 2026-06-14 00:00:00+00:00, run_after=2026-06-15 00:00:00+00:00
[2026-06-15T19:31:20.042+0000] {processor.py:183} INFO - Processing /home/airflow/.local/lib/python3.12/site-packages/airflow/example_dags/example_short_circuit_operator.py took 0.187 seconds
[2026-06-15T19:31:50.889+0000] {processor.py:161} INFO - Started process (PID=2335) to work on /home/airflow/.local/lib/python3.12/site-packages/airflow/example_dags/example_short_circuit_operator.py
[2026-06-15T19:31:50.890+0000] {processor.py:830} INFO - Processing file /home/airflow/.local/lib/python3.12/site-packages/airflow/example_dags/example_short_circuit_operator.py for tasks to queue
[2026-06-15T19:31:50.892+0000] {logging_mixin.py:188} INFO - [2026-06-15T19:31:50.892+0000] {dagbag.py:545} INFO - Filling up the DagBag from /home/airflow/.local/lib/python3.12/site-packages/airflow/example_dags/example_short_circuit_operator.py
[2026-06-15T19:31:50.901+0000] {processor.py:840} INFO - DAG(s) 'example_short_circuit_operator' retrieved from /home/airflow/.local/lib/python3.12/site-packages/airflow/example_dags/example_short_circuit_operator.py
[2026-06-15T19:31:50.930+0000] {logging_mixin.py:188} INFO - [2026-06-15T19:31:50.930+0000] {dag.py:3089} INFO - Sync 1 DAGs
[2026-06-15T19:31:50.960+0000] {logging_mixin.py:188} INFO - [2026-06-15T19:31:50.959+0000] {dag.py:3947} INFO - Setting next_dagrun for example_short_circuit_operator to 2026-06-14 00:00:00+00:00, run_after=2026-06-15 00:00:00+00:00
[2026-06-15T19:31:51.009+0000] {processor.py:183} INFO - Processing /home/airflow/.local/lib/python3.12/site-packages/airflow/example_dags/example_short_circuit_operator.py took 0.130 seconds
[2026-06-15T19:32:21.278+0000] {processor.py:161} INFO - Started process (PID=2393) to work on /home/airflow/.local/lib/python3.12/site-packages/airflow/example_dags/example_short_circuit_operator.py
[2026-06-15T19:32:21.284+0000] {processor.py:830} INFO - Processing file /home/airflow/.local/lib/python3.12/site-packages/airflow/example_dags/example_short_circuit_operator.py for tasks to queue
[2026-06-15T19:32:21.288+0000] {logging_mixin.py:188} INFO - [2026-06-15T19:32:21.287+0000] {dagbag.py:545} INFO - Filling up the DagBag from /home/airflow/.local/lib/python3.12/site-packages/airflow/example_dags/example_short_circuit_operator.py
[2026-06-15T19:32:21.310+0000] {processor.py:840} INFO - DAG(s) 'example_short_circuit_operator' retrieved from /home/airflow/.local/lib/python3.12/site-packages/airflow/example_dags/example_short_circuit_operator.py
[2026-06-15T19:32:21.374+0000] {logging_mixin.py:188} INFO - [2026-06-15T19:32:21.374+0000] {dag.py:3089} INFO - Sync 1 DAGs
[2026-06-15T19:32:21.428+0000] {logging_mixin.py:188} INFO - [2026-06-15T19:32:21.427+0000] {dag.py:3947} INFO - Setting next_dagrun for example_short_circuit_operator to 2026-06-14 00:00:00+00:00, run_after=2026-06-15 00:00:00+00:00
[2026-06-15T19:32:21.462+0000] {processor.py:183} INFO - Processing /home/airflow/.local/lib/python3.12/site-packages/airflow/example_dags/example_short_circuit_operator.py took 0.208 seconds
[2026-06-15T19:32:51.555+0000] {processor.py:161} INFO - Started process (PID=2450) to work on /home/airflow/.local/lib/python3.12/site-packages/airflow/example_dags/example_short_circuit_operator.py
[2026-06-15T19:32:51.556+0000] {processor.py:830} INFO - Processing file /home/airflow/.local/lib/python3.12/site-packages/airflow/example_dags/example_short_circuit_operator.py for tasks to queue
[2026-06-15T19:32:51.557+0000] {logging_mixin.py:188} INFO - [2026-06-15T19:32:51.557+0000] {dagbag.py:545} INFO - Filling up the DagBag from /home/airflow/.local/lib/python3.12/site-packages/airflow/example_dags/example_short_circuit_operator.py
[2026-06-15T19:32:51.567+0000] {processor.py:840} INFO - DAG(s) 'example_short_circuit_operator' retrieved from /home/airflow/.local/lib/python3.12/site-packages/airflow/example_dags/example_short_circuit_operator.py
[2026-06-15T19:32:51.597+0000] {logging_mixin.py:188} INFO - [2026-06-15T19:32:51.597+0000] {dag.py:3089} INFO - Sync 1 DAGs
[2026-06-15T19:32:51.626+0000] {logging_mixin.py:188} INFO - [2026-06-15T19:32:51.626+0000] {dag.py:3947} INFO - Setting next_dagrun for example_short_circuit_operator to 2026-06-14 00:00:00+00:00, run_after=2026-06-15 00:00:00+00:00
[2026-06-15T19:32:51.647+0000] {processor.py:183} INFO - Processing /home/airflow/.local/lib/python3.12/site-packages/airflow/example_dags/example_short_circuit_operator.py took 0.103 seconds
[2026-06-15T19:33:21.757+0000] {processor.py:161} INFO - Started process (PID=2507) to work on /home/airflow/.local/lib/python3.12/site-packages/airflow/example_dags/example_short_circuit_operator.py
[2026-06-15T19:33:21.759+0000] {processor.py:830} INFO - Processing file /home/airflow/.local/lib/python3.12/site-packages/airflow/example_dags/example_short_circuit_operator.py for tasks to queue
[2026-06-15T19:33:21.761+0000] {logging_mixin.py:188} INFO - [2026-06-15T19:33:21.761+0000] {dagbag.py:545} INFO - Filling up the DagBag from /home/airflow/.local/lib/python3.12/site-packages/airflow/example_dags/example_short_circuit_operator.py
[2026-06-15T19:33:21.770+0000] {processor.py:840} INFO - DAG(s) 'example_short_circuit_operator' retrieved from /home/airflow/.local/lib/python3.12/site-packages/airflow/example_dags/example_short_circuit_operator.py
[2026-06-15T19:33:21.802+0000] {logging_mixin.py:188} INFO - [2026-06-15T19:33:21.802+0000] {dag.py:3089} INFO - Sync 1 DAGs
[2026-06-15T19:33:21.831+0000] {logging_mixin.py:188} INFO - [2026-06-15T19:33:21.831+0000] {dag.py:3947} INFO - Setting next_dagrun for example_short_circuit_operator to 2026-06-14 00:00:00+00:00, run_after=2026-06-15 00:00:00+00:00
[2026-06-15T19:33:21.854+0000] {processor.py:183} INFO - Processing /home/airflow/.local/lib/python3.12/site-packages/airflow/example_dags/example_short_circuit_operator.py took 0.104 seconds
[2026-06-15T19:33:52.479+0000] {processor.py:161} INFO - Started process (PID=2565) to work on /home/airflow/.local/lib/python3.12/site-packages/airflow/example_dags/example_short_circuit_operator.py
[2026-06-15T19:33:52.480+0000] {processor.py:830} INFO - Processing file /home/airflow/.local/lib/python3.12/site-packages/airflow/example_dags/example_short_circuit_operator.py for tasks to queue
[2026-06-15T19:33:52.482+0000] {logging_mixin.py:188} INFO - [2026-06-15T19:33:52.482+0000] {dagbag.py:545} INFO - Filling up the DagBag from /home/airflow/.local/lib/python3.12/site-packages/airflow/example_dags/example_short_circuit_operator.py
[2026-06-15T19:33:52.493+0000] {processor.py:840} INFO - DAG(s) 'example_short_circuit_operator' retrieved from /home/airflow/.local/lib/python3.12/site-packages/airflow/example_dags/example_short_circuit_operator.py
[2026-06-15T19:33:52.526+0000] {logging_mixin.py:188} INFO - [2026-06-15T19:33:52.526+0000] {dag.py:3089} INFO - Sync 1 DAGs
[2026-06-15T19:33:52.555+0000] {logging_mixin.py:188} INFO - [2026-06-15T19:33:52.554+0000] {dag.py:3947} INFO - Setting next_dagrun for example_short_circuit_operator to 2026-06-14 00:00:00+00:00, run_after=2026-06-15 00:00:00+00:00
[2026-06-15T19:33:52.582+0000] {processor.py:183} INFO - Processing /home/airflow/.local/lib/python3.12/site-packages/airflow/example_dags/example_short_circuit_operator.py took 0.110 seconds
[2026-06-15T19:34:22.867+0000] {processor.py:161} INFO - Started process (PID=2622) to work on /home/airflow/.local/lib/python3.12/site-packages/airflow/example_dags/example_short_circuit_operator.py
[2026-06-15T19:34:22.868+0000] {processor.py:830} INFO - Processing file /home/airflow/.local/lib/python3.12/site-packages/airflow/example_dags/example_short_circuit_operator.py for tasks to queue
[2026-06-15T19:34:22.870+0000] {logging_mixin.py:188} INFO - [2026-06-15T19:34:22.869+0000] {dagbag.py:545} INFO - Filling up the DagBag from /home/airflow/.local/lib/python3.12/site-packages/airflow/example_dags/example_short_circuit_operator.py
[2026-06-15T19:34:22.878+0000] {processor.py:840} INFO - DAG(s) 'example_short_circuit_operator' retrieved from /home/airflow/.local/lib/python3.12/site-packages/airflow/example_dags/example_short_circuit_operator.py
[2026-06-15T19:34:22.911+0000] {logging_mixin.py:188} INFO - [2026-06-15T19:34:22.911+0000] {dag.py:3089} INFO - Sync 1 DAGs
[2026-06-15T19:34:22.939+0000] {logging_mixin.py:188} INFO - [2026-06-15T19:34:22.939+0000] {dag.py:3947} INFO - Setting next_dagrun for example_short_circuit_operator to 2026-06-14 00:00:00+00:00, run_after=2026-06-15 00:00:00+00:00
[2026-06-15T19:34:22.975+0000] {processor.py:183} INFO - Processing /home/airflow/.local/lib/python3.12/site-packages/airflow/example_dags/example_short_circuit_operator.py took 0.115 seconds
[2026-06-15T19:34:53.283+0000] {processor.py:161} INFO - Started process (PID=2680) to work on /home/airflow/.local/lib/python3.12/site-packages/airflow/example_dags/example_short_circuit_operator.py
[2026-06-15T19:34:53.284+0000] {processor.py:830} INFO - Processing file /home/airflow/.local/lib/python3.12/site-packages/airflow/example_dags/example_short_circuit_operator.py for tasks to queue
[2026-06-15T19:34:53.286+0000] {logging_mixin.py:188} INFO - [2026-06-15T19:34:53.286+0000] {dagbag.py:545} INFO - Filling up the DagBag from /home/airflow/.local/lib/python3.12/site-packages/airflow/example_dags/example_short_circuit_operator.py
[2026-06-15T19:34:53.294+0000] {processor.py:840} INFO - DAG(s) 'example_short_circuit_operator' retrieved from /home/airflow/.local/lib/python3.12/site-packages/airflow/example_dags/example_short_circuit_operator.py
[2026-06-15T19:34:53.326+0000] {logging_mixin.py:188} INFO - [2026-06-15T19:34:53.325+0000] {dag.py:3089} INFO - Sync 1 DAGs
[2026-06-15T19:34:53.353+0000] {logging_mixin.py:188} INFO - [2026-06-15T19:34:53.353+0000] {dag.py:3947} INFO - Setting next_dagrun for example_short_circuit_operator to 2026-06-14 00:00:00+00:00, run_after=2026-06-15 00:00:00+00:00
[2026-06-15T19:34:53.373+0000] {processor.py:183} INFO - Processing /home/airflow/.local/lib/python3.12/site-packages/airflow/example_dags/example_short_circuit_operator.py took 0.097 seconds
[2026-06-15T19:35:23.704+0000] {processor.py:161} INFO - Started process (PID=2738) to work on /home/airflow/.local/lib/python3.12/site-packages/airflow/example_dags/example_short_circuit_operator.py
[2026-06-15T19:35:23.706+0000] {processor.py:830} INFO - Processing file /home/airflow/.local/lib/python3.12/site-packages/airflow/example_dags/example_short_circuit_operator.py for tasks to queue
[2026-06-15T19:35:23.708+0000] {logging_mixin.py:188} INFO - [2026-06-15T19:35:23.708+0000] {dagbag.py:545} INFO - Filling up the DagBag from /home/airflow/.local/lib/python3.12/site-packages/airflow/example_dags/example_short_circuit_operator.py
[2026-06-15T19:35:23.717+0000] {processor.py:840} INFO - DAG(s) 'example_short_circuit_operator' retrieved from /home/airflow/.local/lib/python3.12/site-packages/airflow/example_dags/example_short_circuit_operator.py
[2026-06-15T19:35:23.754+0000] {logging_mixin.py:188} INFO - [2026-06-15T19:35:23.754+0000] {dag.py:3089} INFO - Sync 1 DAGs
[2026-06-15T19:35:23.783+0000] {logging_mixin.py:188} INFO - [2026-06-15T19:35:23.782+0000] {dag.py:3947} INFO - Setting next_dagrun for example_short_circuit_operator to 2026-06-14 00:00:00+00:00, run_after=2026-06-15 00:00:00+00:00
[2026-06-15T19:35:23.803+0000] {processor.py:183} INFO - Processing /home/airflow/.local/lib/python3.12/site-packages/airflow/example_dags/example_short_circuit_operator.py took 0.106 seconds
[2026-06-15T19:35:54.079+0000] {processor.py:161} INFO - Started process (PID=2796) to work on /home/airflow/.local/lib/python3.12/site-packages/airflow/example_dags/example_short_circuit_operator.py
[2026-06-15T19:35:54.080+0000] {processor.py:830} INFO - Processing file /home/airflow/.local/lib/python3.12/site-packages/airflow/example_dags/example_short_circuit_operator.py for tasks to queue
[2026-06-15T19:35:54.082+0000] {logging_mixin.py:188} INFO - [2026-06-15T19:35:54.082+0000] {dagbag.py:545} INFO - Filling up the DagBag from /home/airflow/.local/lib/python3.12/site-packages/airflow/example_dags/example_short_circuit_operator.py
[2026-06-15T19:35:54.091+0000] {processor.py:840} INFO - DAG(s) 'example_short_circuit_operator' retrieved from /home/airflow/.local/lib/python3.12/site-packages/airflow/example_dags/example_short_circuit_operator.py
[2026-06-15T19:35:54.143+0000] {logging_mixin.py:188} INFO - [2026-06-15T19:35:54.143+0000] {dag.py:3089} INFO - Sync 1 DAGs
[2026-06-15T19:35:54.202+0000] {logging_mixin.py:188} INFO - [2026-06-15T19:35:54.199+0000] {dag.py:3947} INFO - Setting next_dagrun for example_short_circuit_operator to 2026-06-14 00:00:00+00:00, run_after=2026-06-15 00:00:00+00:00
[2026-06-15T19:35:54.236+0000] {processor.py:183} INFO - Processing /home/airflow/.local/lib/python3.12/site-packages/airflow/example_dags/example_short_circuit_operator.py took 0.164 seconds
[2026-06-15T19:36:24.582+0000] {processor.py:161} INFO - Started process (PID=2854) to work on /home/airflow/.local/lib/python3.12/site-packages/airflow/example_dags/example_short_circuit_operator.py
[2026-06-15T19:36:24.583+0000] {processor.py:830} INFO - Processing file /home/airflow/.local/lib/python3.12/site-packages/airflow/example_dags/example_short_circuit_operator.py for tasks to queue
[2026-06-15T19:36:24.585+0000] {logging_mixin.py:188} INFO - [2026-06-15T19:36:24.584+0000] {dagbag.py:545} INFO - Filling up the DagBag from /home/airflow/.local/lib/python3.12/site-packages/airflow/example_dags/example_short_circuit_operator.py
[2026-06-15T19:36:24.593+0000] {processor.py:840} INFO - DAG(s) 'example_short_circuit_operator' retrieved from /home/airflow/.local/lib/python3.12/site-packages/airflow/example_dags/example_short_circuit_operator.py
[2026-06-15T19:36:24.622+0000] {logging_mixin.py:188} INFO - [2026-06-15T19:36:24.622+0000] {dag.py:3089} INFO - Sync 1 DAGs
[2026-06-15T19:36:24.650+0000] {logging_mixin.py:188} INFO - [2026-06-15T19:36:24.650+0000] {dag.py:3947} INFO - Setting next_dagrun for example_short_circuit_operator to 2026-06-14 00:00:00+00:00, run_after=2026-06-15 00:00:00+00:00
[2026-06-15T19:36:24.696+0000] {processor.py:183} INFO - Processing /home/airflow/.local/lib/python3.12/site-packages/airflow/example_dags/example_short_circuit_operator.py took 0.125 seconds
[2026-06-15T19:36:55.013+0000] {processor.py:161} INFO - Started process (PID=2912) to work on /home/airflow/.local/lib/python3.12/site-packages/airflow/example_dags/example_short_circuit_operator.py
[2026-06-15T19:36:55.014+0000] {processor.py:830} INFO - Processing file /home/airflow/.local/lib/python3.12/site-packages/airflow/example_dags/example_short_circuit_operator.py for tasks to queue
[2026-06-15T19:36:55.016+0000] {logging_mixin.py:188} INFO - [2026-06-15T19:36:55.016+0000] {dagbag.py:545} INFO - Filling up the DagBag from /home/airflow/.local/lib/python3.12/site-packages/airflow/example_dags/example_short_circuit_operator.py
[2026-06-15T19:36:55.026+0000] {processor.py:840} INFO - DAG(s) 'example_short_circuit_operator' retrieved from /home/airflow/.local/lib/python3.12/site-packages/airflow/example_dags/example_short_circuit_operator.py
[2026-06-15T19:36:55.057+0000] {logging_mixin.py:188} INFO - [2026-06-15T19:36:55.057+0000] {dag.py:3089} INFO - Sync 1 DAGs
[2026-06-15T19:36:55.088+0000] {logging_mixin.py:188} INFO - [2026-06-15T19:36:55.087+0000] {dag.py:3947} INFO - Setting next_dagrun for example_short_circuit_operator to 2026-06-14 00:00:00+00:00, run_after=2026-06-15 00:00:00+00:00
[2026-06-15T19:36:55.108+0000] {processor.py:183} INFO - Processing /home/airflow/.local/lib/python3.12/site-packages/airflow/example_dags/example_short_circuit_operator.py took 0.105 seconds
[2026-06-15T19:37:25.284+0000] {processor.py:161} INFO - Started process (PID=2970) to work on /home/airflow/.local/lib/python3.12/site-packages/airflow/example_dags/example_short_circuit_operator.py
[2026-06-15T19:37:25.285+0000] {processor.py:830} INFO - Processing file /home/airflow/.local/lib/python3.12/site-packages/airflow/example_dags/example_short_circuit_operator.py for tasks to queue
[2026-06-15T19:37:25.287+0000] {logging_mixin.py:188} INFO - [2026-06-15T19:37:25.286+0000] {dagbag.py:545} INFO - Filling up the DagBag from /home/airflow/.local/lib/python3.12/site-packages/airflow/example_dags/example_short_circuit_operator.py
[2026-06-15T19:37:25.296+0000] {processor.py:840} INFO - DAG(s) 'example_short_circuit_operator' retrieved from /home/airflow/.local/lib/python3.12/site-packages/airflow/example_dags/example_short_circuit_operator.py
[2026-06-15T19:37:25.330+0000] {logging_mixin.py:188} INFO - [2026-06-15T19:37:25.329+0000] {dag.py:3089} INFO - Sync 1 DAGs
[2026-06-15T19:37:25.361+0000] {logging_mixin.py:188} INFO - [2026-06-15T19:37:25.360+0000] {dag.py:3947} INFO - Setting next_dagrun for example_short_circuit_operator to 2026-06-14 00:00:00+00:00, run_after=2026-06-15 00:00:00+00:00
[2026-06-15T19:37:25.381+0000] {processor.py:183} INFO - Processing /home/airflow/.local/lib/python3.12/site-packages/airflow/example_dags/example_short_circuit_operator.py took 0.104 seconds
[2026-06-15T19:37:55.611+0000] {processor.py:161} INFO - Started process (PID=3027) to work on /home/airflow/.local/lib/python3.12/site-packages/airflow/example_dags/example_short_circuit_operator.py
[2026-06-15T19:37:55.615+0000] {processor.py:830} INFO - Processing file /home/airflow/.local/lib/python3.12/site-packages/airflow/example_dags/example_short_circuit_operator.py for tasks to queue
[2026-06-15T19:37:55.617+0000] {logging_mixin.py:188} INFO - [2026-06-15T19:37:55.616+0000] {dagbag.py:545} INFO - Filling up the DagBag from /home/airflow/.local/lib/python3.12/site-packages/airflow/example_dags/example_short_circuit_operator.py
[2026-06-15T19:37:55.634+0000] {processor.py:840} INFO - DAG(s) 'example_short_circuit_operator' retrieved from /home/airflow/.local/lib/python3.12/site-packages/airflow/example_dags/example_short_circuit_operator.py
[2026-06-15T19:37:55.714+0000] {logging_mixin.py:188} INFO - [2026-06-15T19:37:55.713+0000] {dag.py:3089} INFO - Sync 1 DAGs
[2026-06-15T19:37:55.770+0000] {logging_mixin.py:188} INFO - [2026-06-15T19:37:55.770+0000] {dag.py:3947} INFO - Setting next_dagrun for example_short_circuit_operator to 2026-06-14 00:00:00+00:00, run_after=2026-06-15 00:00:00+00:00
[2026-06-15T19:37:55.790+0000] {processor.py:183} INFO - Processing /home/airflow/.local/lib/python3.12/site-packages/airflow/example_dags/example_short_circuit_operator.py took 0.210 seconds
[2026-06-15T19:38:26.169+0000] {processor.py:161} INFO - Started process (PID=3085) to work on /home/airflow/.local/lib/python3.12/site-packages/airflow/example_dags/example_short_circuit_operator.py
[2026-06-15T19:38:26.170+0000] {processor.py:830} INFO - Processing file /home/airflow/.local/lib/python3.12/site-packages/airflow/example_dags/example_short_circuit_operator.py for tasks to queue
[2026-06-15T19:38:26.172+0000] {logging_mixin.py:188} INFO - [2026-06-15T19:38:26.172+0000] {dagbag.py:545} INFO - Filling up the DagBag from /home/airflow/.local/lib/python3.12/site-packages/airflow/example_dags/example_short_circuit_operator.py
[2026-06-15T19:38:26.182+0000] {processor.py:840} INFO - DAG(s) 'example_short_circuit_operator' retrieved from /home/airflow/.local/lib/python3.12/site-packages/airflow/example_dags/example_short_circuit_operator.py
[2026-06-15T19:38:26.213+0000] {logging_mixin.py:188} INFO - [2026-06-15T19:38:26.212+0000] {dag.py:3089} INFO - Sync 1 DAGs
[2026-06-15T19:38:26.240+0000] {logging_mixin.py:188} INFO - [2026-06-15T19:38:26.240+0000] {dag.py:3947} INFO - Setting next_dagrun for example_short_circuit_operator to 2026-06-14 00:00:00+00:00, run_after=2026-06-15 00:00:00+00:00
[2026-06-15T19:38:26.260+0000] {processor.py:183} INFO - Processing /home/airflow/.local/lib/python3.12/site-packages/airflow/example_dags/example_short_circuit_operator.py took 0.098 seconds
[2026-06-15T19:38:56.808+0000] {processor.py:161} INFO - Started process (PID=3143) to work on /home/airflow/.local/lib/python3.12/site-packages/airflow/example_dags/example_short_circuit_operator.py
[2026-06-15T19:38:56.810+0000] {processor.py:830} INFO - Processing file /home/airflow/.local/lib/python3.12/site-packages/airflow/example_dags/example_short_circuit_operator.py for tasks to queue
[2026-06-15T19:38:56.813+0000] {logging_mixin.py:188} INFO - [2026-06-15T19:38:56.813+0000] {dagbag.py:545} INFO - Filling up the DagBag from /home/airflow/.local/lib/python3.12/site-packages/airflow/example_dags/example_short_circuit_operator.py
[2026-06-15T19:38:56.832+0000] {processor.py:840} INFO - DAG(s) 'example_short_circuit_operator' retrieved from /home/airflow/.local/lib/python3.12/site-packages/airflow/example_dags/example_short_circuit_operator.py
[2026-06-15T19:38:56.892+0000] {logging_mixin.py:188} INFO - [2026-06-15T19:38:56.891+0000] {dag.py:3089} INFO - Sync 1 DAGs
[2026-06-15T19:38:56.944+0000] {logging_mixin.py:188} INFO - [2026-06-15T19:38:56.943+0000] {dag.py:3947} INFO - Setting next_dagrun for example_short_circuit_operator to 2026-06-14 00:00:00+00:00, run_after=2026-06-15 00:00:00+00:00
[2026-06-15T19:38:56.986+0000] {processor.py:183} INFO - Processing /home/airflow/.local/lib/python3.12/site-packages/airflow/example_dags/example_short_circuit_operator.py took 0.206 seconds
[2026-06-15T19:39:27.068+0000] {processor.py:161} INFO - Started process (PID=3201) to work on /home/airflow/.local/lib/python3.12/site-packages/airflow/example_dags/example_short_circuit_operator.py
[2026-06-15T19:39:27.069+0000] {processor.py:830} INFO - Processing file /home/airflow/.local/lib/python3.12/site-packages/airflow/example_dags/example_short_circuit_operator.py for tasks to queue
[2026-06-15T19:39:27.071+0000] {logging_mixin.py:188} INFO - [2026-06-15T19:39:27.071+0000] {dagbag.py:545} INFO - Filling up the DagBag from /home/airflow/.local/lib/python3.12/site-packages/airflow/example_dags/example_short_circuit_operator.py
[2026-06-15T19:39:27.080+0000] {processor.py:840} INFO - DAG(s) 'example_short_circuit_operator' retrieved from /home/airflow/.local/lib/python3.12/site-packages/airflow/example_dags/example_short_circuit_operator.py
[2026-06-15T19:39:27.111+0000] {logging_mixin.py:188} INFO - [2026-06-15T19:39:27.111+0000] {dag.py:3089} INFO - Sync 1 DAGs
[2026-06-15T19:39:27.141+0000] {logging_mixin.py:188} INFO - [2026-06-15T19:39:27.141+0000] {dag.py:3947} INFO - Setting next_dagrun for example_short_circuit_operator to 2026-06-14 00:00:00+00:00, run_after=2026-06-15 00:00:00+00:00
[2026-06-15T19:39:27.164+0000] {processor.py:183} INFO - Processing /home/airflow/.local/lib/python3.12/site-packages/airflow/example_dags/example_short_circuit_operator.py took 0.103 seconds
[2026-06-15T19:39:57.436+0000] {processor.py:161} INFO - Started process (PID=3259) to work on /home/airflow/.local/lib/python3.12/site-packages/airflow/example_dags/example_short_circuit_operator.py
[2026-06-15T19:39:57.437+0000] {processor.py:830} INFO - Processing file /home/airflow/.local/lib/python3.12/site-packages/airflow/example_dags/example_short_circuit_operator.py for tasks to queue
[2026-06-15T19:39:57.439+0000] {logging_mixin.py:188} INFO - [2026-06-15T19:39:57.438+0000] {dagbag.py:545} INFO - Filling up the DagBag from /home/airflow/.local/lib/python3.12/site-packages/airflow/example_dags/example_short_circuit_operator.py
[2026-06-15T19:39:57.447+0000] {processor.py:840} INFO - DAG(s) 'example_short_circuit_operator' retrieved from /home/airflow/.local/lib/python3.12/site-packages/airflow/example_dags/example_short_circuit_operator.py
[2026-06-15T19:39:57.480+0000] {logging_mixin.py:188} INFO - [2026-06-15T19:39:57.480+0000] {dag.py:3089} INFO - Sync 1 DAGs
[2026-06-15T19:39:57.508+0000] {logging_mixin.py:188} INFO - [2026-06-15T19:39:57.508+0000] {dag.py:3947} INFO - Setting next_dagrun for example_short_circuit_operator to 2026-06-14 00:00:00+00:00, run_after=2026-06-15 00:00:00+00:00
[2026-06-15T19:39:57.531+0000] {processor.py:183} INFO - Processing /home/airflow/.local/lib/python3.12/site-packages/airflow/example_dags/example_short_circuit_operator.py took 0.102 seconds
[2026-06-15T19:40:28.008+0000] {processor.py:161} INFO - Started process (PID=3317) to work on /home/airflow/.local/lib/python3.12/site-packages/airflow/example_dags/example_short_circuit_operator.py
[2026-06-15T19:40:28.009+0000] {processor.py:830} INFO - Processing file /home/airflow/.local/lib/python3.12/site-packages/airflow/example_dags/example_short_circuit_operator.py for tasks to queue
[2026-06-15T19:40:28.011+0000] {logging_mixin.py:188} INFO - [2026-06-15T19:40:28.011+0000] {dagbag.py:545} INFO - Filling up the DagBag from /home/airflow/.local/lib/python3.12/site-packages/airflow/example_dags/example_short_circuit_operator.py
[2026-06-15T19:40:28.020+0000] {processor.py:840} INFO - DAG(s) 'example_short_circuit_operator' retrieved from /home/airflow/.local/lib/python3.12/site-packages/airflow/example_dags/example_short_circuit_operator.py
[2026-06-15T19:40:28.051+0000] {logging_mixin.py:188} INFO - [2026-06-15T19:40:28.051+0000] {dag.py:3089} INFO - Sync 1 DAGs
[2026-06-15T19:40:28.081+0000] {logging_mixin.py:188} INFO - [2026-06-15T19:40:28.080+0000] {dag.py:3947} INFO - Setting next_dagrun for example_short_circuit_operator to 2026-06-14 00:00:00+00:00, run_after=2026-06-15 00:00:00+00:00
[2026-06-15T19:40:28.100+0000] {processor.py:183} INFO - Processing /home/airflow/.local/lib/python3.12/site-packages/airflow/example_dags/example_short_circuit_operator.py took 0.100 seconds
[2026-06-15T19:40:58.307+0000] {processor.py:161} INFO - Started process (PID=3375) to work on /home/airflow/.local/lib/python3.12/site-packages/airflow/example_dags/example_short_circuit_operator.py
[2026-06-15T19:40:58.308+0000] {processor.py:830} INFO - Processing file /home/airflow/.local/lib/python3.12/site-packages/airflow/example_dags/example_short_circuit_operator.py for tasks to queue
[2026-06-15T19:40:58.310+0000] {logging_mixin.py:188} INFO - [2026-06-15T19:40:58.310+0000] {dagbag.py:545} INFO - Filling up the DagBag from /home/airflow/.local/lib/python3.12/site-packages/airflow/example_dags/example_short_circuit_operator.py
[2026-06-15T19:40:58.319+0000] {processor.py:840} INFO - DAG(s) 'example_short_circuit_operator' retrieved from /home/airflow/.local/lib/python3.12/site-packages/airflow/example_dags/example_short_circuit_operator.py
[2026-06-15T19:40:58.349+0000] {logging_mixin.py:188} INFO - [2026-06-15T19:40:58.349+0000] {dag.py:3089} INFO - Sync 1 DAGs
[2026-06-15T19:40:58.377+0000] {logging_mixin.py:188} INFO - [2026-06-15T19:40:58.376+0000] {dag.py:3947} INFO - Setting next_dagrun for example_short_circuit_operator to 2026-06-14 00:00:00+00:00, run_after=2026-06-15 00:00:00+00:00
[2026-06-15T19:40:58.396+0000] {processor.py:183} INFO - Processing /home/airflow/.local/lib/python3.12/site-packages/airflow/example_dags/example_short_circuit_operator.py took 0.096 seconds
[2026-06-15T19:41:28.927+0000] {processor.py:161} INFO - Started process (PID=3432) to work on /home/airflow/.local/lib/python3.12/site-packages/airflow/example_dags/example_short_circuit_operator.py
[2026-06-15T19:41:28.928+0000] {processor.py:830} INFO - Processing file /home/airflow/.local/lib/python3.12/site-packages/airflow/example_dags/example_short_circuit_operator.py for tasks to queue
[2026-06-15T19:41:28.930+0000] {logging_mixin.py:188} INFO - [2026-06-15T19:41:28.929+0000] {dagbag.py:545} INFO - Filling up the DagBag from /home/airflow/.local/lib/python3.12/site-packages/airflow/example_dags/example_short_circuit_operator.py
[2026-06-15T19:41:28.938+0000] {processor.py:840} INFO - DAG(s) 'example_short_circuit_operator' retrieved from /home/airflow/.local/lib/python3.12/site-packages/airflow/example_dags/example_short_circuit_operator.py
[2026-06-15T19:41:28.969+0000] {logging_mixin.py:188} INFO - [2026-06-15T19:41:28.969+0000] {dag.py:3089} INFO - Sync 1 DAGs
[2026-06-15T19:41:28.998+0000] {logging_mixin.py:188} INFO - [2026-06-15T19:41:28.998+0000] {dag.py:3947} INFO - Setting next_dagrun for example_short_circuit_operator to 2026-06-14 00:00:00+00:00, run_after=2026-06-15 00:00:00+00:00
[2026-06-15T19:41:29.021+0000] {processor.py:183} INFO - Processing /home/airflow/.local/lib/python3.12/site-packages/airflow/example_dags/example_short_circuit_operator.py took 0.101 seconds
[2026-06-15T19:41:59.344+0000] {processor.py:161} INFO - Started process (PID=3490) to work on /home/airflow/.local/lib/python3.12/site-packages/airflow/example_dags/example_short_circuit_operator.py
[2026-06-15T19:41:59.345+0000] {processor.py:830} INFO - Processing file /home/airflow/.local/lib/python3.12/site-packages/airflow/example_dags/example_short_circuit_operator.py for tasks to queue
[2026-06-15T19:41:59.347+0000] {logging_mixin.py:188} INFO - [2026-06-15T19:41:59.347+0000] {dagbag.py:545} INFO - Filling up the DagBag from /home/airflow/.local/lib/python3.12/site-packages/airflow/example_dags/example_short_circuit_operator.py
[2026-06-15T19:41:59.356+0000] {processor.py:840} INFO - DAG(s) 'example_short_circuit_operator' retrieved from /home/airflow/.local/lib/python3.12/site-packages/airflow/example_dags/example_short_circuit_operator.py
[2026-06-15T19:41:59.386+0000] {logging_mixin.py:188} INFO - [2026-06-15T19:41:59.386+0000] {dag.py:3089} INFO - Sync 1 DAGs
[2026-06-15T19:41:59.416+0000] {logging_mixin.py:188} INFO - [2026-06-15T19:41:59.416+0000] {dag.py:3947} INFO - Setting next_dagrun for example_short_circuit_operator to 2026-06-14 00:00:00+00:00, run_after=2026-06-15 00:00:00+00:00
[2026-06-15T19:41:59.438+0000] {processor.py:183} INFO - Processing /home/airflow/.local/lib/python3.12/site-packages/airflow/example_dags/example_short_circuit_operator.py took 0.100 seconds
[2026-06-15T19:42:29.644+0000] {processor.py:161} INFO - Started process (PID=3548) to work on /home/airflow/.local/lib/python3.12/site-packages/airflow/example_dags/example_short_circuit_operator.py
[2026-06-15T19:42:29.645+0000] {processor.py:830} INFO - Processing file /home/airflow/.local/lib/python3.12/site-packages/airflow/example_dags/example_short_circuit_operator.py for tasks to queue
[2026-06-15T19:42:29.647+0000] {logging_mixin.py:188} INFO - [2026-06-15T19:42:29.646+0000] {dagbag.py:545} INFO - Filling up the DagBag from /home/airflow/.local/lib/python3.12/site-packages/airflow/example_dags/example_short_circuit_operator.py
[2026-06-15T19:42:29.656+0000] {processor.py:840} INFO - DAG(s) 'example_short_circuit_operator' retrieved from /home/airflow/.local/lib/python3.12/site-packages/airflow/example_dags/example_short_circuit_operator.py
[2026-06-15T19:42:29.687+0000] {logging_mixin.py:188} INFO - [2026-06-15T19:42:29.687+0000] {dag.py:3089} INFO - Sync 1 DAGs
[2026-06-15T19:42:29.715+0000] {logging_mixin.py:188} INFO - [2026-06-15T19:42:29.715+0000] {dag.py:3947} INFO - Setting next_dagrun for example_short_circuit_operator to 2026-06-14 00:00:00+00:00, run_after=2026-06-15 00:00:00+00:00
[2026-06-15T19:42:29.734+0000] {processor.py:183} INFO - Processing /home/airflow/.local/lib/python3.12/site-packages/airflow/example_dags/example_short_circuit_operator.py took 0.098 seconds
[2026-06-15T19:43:00.086+0000] {processor.py:161} INFO - Started process (PID=3606) to work on /home/airflow/.local/lib/python3.12/site-packages/airflow/example_dags/example_short_circuit_operator.py
[2026-06-15T19:43:00.086+0000] {processor.py:830} INFO - Processing file /home/airflow/.local/lib/python3.12/site-packages/airflow/example_dags/example_short_circuit_operator.py for tasks to queue
[2026-06-15T19:43:00.088+0000] {logging_mixin.py:188} INFO - [2026-06-15T19:43:00.088+0000] {dagbag.py:545} INFO - Filling up the DagBag from /home/airflow/.local/lib/python3.12/site-packages/airflow/example_dags/example_short_circuit_operator.py
[2026-06-15T19:43:00.097+0000] {processor.py:840} INFO - DAG(s) 'example_short_circuit_operator' retrieved from /home/airflow/.local/lib/python3.12/site-packages/airflow/example_dags/example_short_circuit_operator.py
[2026-06-15T19:43:00.132+0000] {logging_mixin.py:188} INFO - [2026-06-15T19:43:00.132+0000] {dag.py:3089} INFO - Sync 1 DAGs
[2026-06-15T19:43:00.161+0000] {logging_mixin.py:188} INFO - [2026-06-15T19:43:00.161+0000] {dag.py:3947} INFO - Setting next_dagrun for example_short_circuit_operator to 2026-06-14 00:00:00+00:00, run_after=2026-06-15 00:00:00+00:00
[2026-06-15T19:43:00.181+0000] {processor.py:183} INFO - Processing /home/airflow/.local/lib/python3.12/site-packages/airflow/example_dags/example_short_circuit_operator.py took 0.103 seconds
[2026-06-15T19:43:30.494+0000] {processor.py:161} INFO - Started process (PID=3664) to work on /home/airflow/.local/lib/python3.12/site-packages/airflow/example_dags/example_short_circuit_operator.py
[2026-06-15T19:43:30.495+0000] {processor.py:830} INFO - Processing file /home/airflow/.local/lib/python3.12/site-packages/airflow/example_dags/example_short_circuit_operator.py for tasks to queue
[2026-06-15T19:43:30.498+0000] {logging_mixin.py:188} INFO - [2026-06-15T19:43:30.497+0000] {dagbag.py:545} INFO - Filling up the DagBag from /home/airflow/.local/lib/python3.12/site-packages/airflow/example_dags/example_short_circuit_operator.py
[2026-06-15T19:43:30.506+0000] {processor.py:840} INFO - DAG(s) 'example_short_circuit_operator' retrieved from /home/airflow/.local/lib/python3.12/site-packages/airflow/example_dags/example_short_circuit_operator.py
[2026-06-15T19:43:30.537+0000] {logging_mixin.py:188} INFO - [2026-06-15T19:43:30.536+0000] {dag.py:3089} INFO - Sync 1 DAGs
[2026-06-15T19:43:30.568+0000] {logging_mixin.py:188} INFO - [2026-06-15T19:43:30.567+0000] {dag.py:3947} INFO - Setting next_dagrun for example_short_circuit_operator to 2026-06-14 00:00:00+00:00, run_after=2026-06-15 00:00:00+00:00
[2026-06-15T19:43:30.589+0000] {processor.py:183} INFO - Processing /home/airflow/.local/lib/python3.12/site-packages/airflow/example_dags/example_short_circuit_operator.py took 0.102 seconds
