[2026-06-15T19:11:57.584+0000] {processor.py:161} INFO - Started process (PID=72) to work on /home/airflow/.local/lib/python3.12/site-packages/airflow/example_dags/example_xcomargs.py
[2026-06-15T19:11:57.597+0000] {processor.py:830} INFO - Processing file /home/airflow/.local/lib/python3.12/site-packages/airflow/example_dags/example_xcomargs.py for tasks to queue
[2026-06-15T19:11:57.607+0000] {logging_mixin.py:188} INFO - [2026-06-15T19:11:57.606+0000] {dagbag.py:545} INFO - Filling up the DagBag from /home/airflow/.local/lib/python3.12/site-packages/airflow/example_dags/example_xcomargs.py
[2026-06-15T19:11:57.688+0000] {processor.py:840} INFO - DAG(s) 'example_xcom_args_with_operators', 'example_xcom_args' retrieved from /home/airflow/.local/lib/python3.12/site-packages/airflow/example_dags/example_xcomargs.py
[2026-06-15T19:11:58.629+0000] {logging_mixin.py:188} INFO - [2026-06-15T19:11:58.629+0000] {dag.py:3089} INFO - Sync 2 DAGs
[2026-06-15T19:11:58.697+0000] {logging_mixin.py:188} INFO - [2026-06-15T19:11:58.695+0000] {dag.py:3947} INFO - Setting next_dagrun for example_xcom_args to None, run_after=None
[2026-06-15T19:11:58.720+0000] {logging_mixin.py:188} INFO - [2026-06-15T19:11:58.719+0000] {dag.py:3947} INFO - Setting next_dagrun for example_xcom_args_with_operators to None, run_after=None
[2026-06-15T19:11:58.790+0000] {processor.py:183} INFO - Processing /home/airflow/.local/lib/python3.12/site-packages/airflow/example_dags/example_xcomargs.py took 1.253 seconds
[2026-06-15T19:12:29.537+0000] {processor.py:161} INFO - Started process (PID=130) to work on /home/airflow/.local/lib/python3.12/site-packages/airflow/example_dags/example_xcomargs.py
[2026-06-15T19:12:29.540+0000] {processor.py:830} INFO - Processing file /home/airflow/.local/lib/python3.12/site-packages/airflow/example_dags/example_xcomargs.py for tasks to queue
[2026-06-15T19:12:29.545+0000] {logging_mixin.py:188} INFO - [2026-06-15T19:12:29.545+0000] {dagbag.py:545} INFO - Filling up the DagBag from /home/airflow/.local/lib/python3.12/site-packages/airflow/example_dags/example_xcomargs.py
[2026-06-15T19:12:29.582+0000] {processor.py:840} INFO - DAG(s) 'example_xcom_args_with_operators', 'example_xcom_args' retrieved from /home/airflow/.local/lib/python3.12/site-packages/airflow/example_dags/example_xcomargs.py
[2026-06-15T19:12:29.758+0000] {logging_mixin.py:188} INFO - [2026-06-15T19:12:29.758+0000] {dag.py:3089} INFO - Sync 2 DAGs
[2026-06-15T19:12:29.778+0000] {logging_mixin.py:188} INFO - [2026-06-15T19:12:29.777+0000] {dag.py:3947} INFO - Setting next_dagrun for example_xcom_args to None, run_after=None
[2026-06-15T19:12:29.783+0000] {logging_mixin.py:188} INFO - [2026-06-15T19:12:29.783+0000] {dag.py:3947} INFO - Setting next_dagrun for example_xcom_args_with_operators to None, run_after=None
[2026-06-15T19:12:29.834+0000] {processor.py:183} INFO - Processing /home/airflow/.local/lib/python3.12/site-packages/airflow/example_dags/example_xcomargs.py took 0.307 seconds
[2026-06-15T19:13:00.290+0000] {processor.py:161} INFO - Started process (PID=186) to work on /home/airflow/.local/lib/python3.12/site-packages/airflow/example_dags/example_xcomargs.py
[2026-06-15T19:13:00.290+0000] {processor.py:830} INFO - Processing file /home/airflow/.local/lib/python3.12/site-packages/airflow/example_dags/example_xcomargs.py for tasks to queue
[2026-06-15T19:13:00.292+0000] {logging_mixin.py:188} INFO - [2026-06-15T19:13:00.292+0000] {dagbag.py:545} INFO - Filling up the DagBag from /home/airflow/.local/lib/python3.12/site-packages/airflow/example_dags/example_xcomargs.py
[2026-06-15T19:13:00.299+0000] {processor.py:840} INFO - DAG(s) 'example_xcom_args', 'example_xcom_args_with_operators' retrieved from /home/airflow/.local/lib/python3.12/site-packages/airflow/example_dags/example_xcomargs.py
[2026-06-15T19:13:00.322+0000] {logging_mixin.py:188} INFO - [2026-06-15T19:13:00.321+0000] {dag.py:3089} INFO - Sync 2 DAGs
[2026-06-15T19:13:00.333+0000] {logging_mixin.py:188} INFO - [2026-06-15T19:13:00.333+0000] {dag.py:3947} INFO - Setting next_dagrun for example_xcom_args to None, run_after=None
[2026-06-15T19:13:00.336+0000] {logging_mixin.py:188} INFO - [2026-06-15T19:13:00.336+0000] {dag.py:3947} INFO - Setting next_dagrun for example_xcom_args_with_operators to None, run_after=None
[2026-06-15T19:13:00.350+0000] {processor.py:183} INFO - Processing /home/airflow/.local/lib/python3.12/site-packages/airflow/example_dags/example_xcomargs.py took 0.066 seconds
[2026-06-15T19:13:31.098+0000] {processor.py:161} INFO - Started process (PID=244) to work on /home/airflow/.local/lib/python3.12/site-packages/airflow/example_dags/example_xcomargs.py
[2026-06-15T19:13:31.100+0000] {processor.py:830} INFO - Processing file /home/airflow/.local/lib/python3.12/site-packages/airflow/example_dags/example_xcomargs.py for tasks to queue
[2026-06-15T19:13:31.104+0000] {logging_mixin.py:188} INFO - [2026-06-15T19:13:31.104+0000] {dagbag.py:545} INFO - Filling up the DagBag from /home/airflow/.local/lib/python3.12/site-packages/airflow/example_dags/example_xcomargs.py
[2026-06-15T19:13:31.127+0000] {processor.py:840} INFO - DAG(s) 'example_xcom_args', 'example_xcom_args_with_operators' retrieved from /home/airflow/.local/lib/python3.12/site-packages/airflow/example_dags/example_xcomargs.py
[2026-06-15T19:13:31.172+0000] {logging_mixin.py:188} INFO - [2026-06-15T19:13:31.172+0000] {dag.py:3089} INFO - Sync 2 DAGs
[2026-06-15T19:13:31.190+0000] {logging_mixin.py:188} INFO - [2026-06-15T19:13:31.190+0000] {dag.py:3947} INFO - Setting next_dagrun for example_xcom_args to None, run_after=None
[2026-06-15T19:13:31.195+0000] {logging_mixin.py:188} INFO - [2026-06-15T19:13:31.194+0000] {dag.py:3947} INFO - Setting next_dagrun for example_xcom_args_with_operators to None, run_after=None
[2026-06-15T19:13:31.212+0000] {processor.py:183} INFO - Processing /home/airflow/.local/lib/python3.12/site-packages/airflow/example_dags/example_xcomargs.py took 0.133 seconds
[2026-06-15T19:14:01.715+0000] {processor.py:161} INFO - Started process (PID=302) to work on /home/airflow/.local/lib/python3.12/site-packages/airflow/example_dags/example_xcomargs.py
[2026-06-15T19:14:01.717+0000] {processor.py:830} INFO - Processing file /home/airflow/.local/lib/python3.12/site-packages/airflow/example_dags/example_xcomargs.py for tasks to queue
[2026-06-15T19:14:01.720+0000] {logging_mixin.py:188} INFO - [2026-06-15T19:14:01.719+0000] {dagbag.py:545} INFO - Filling up the DagBag from /home/airflow/.local/lib/python3.12/site-packages/airflow/example_dags/example_xcomargs.py
[2026-06-15T19:14:01.731+0000] {processor.py:840} INFO - DAG(s) 'example_xcom_args', 'example_xcom_args_with_operators' retrieved from /home/airflow/.local/lib/python3.12/site-packages/airflow/example_dags/example_xcomargs.py
[2026-06-15T19:14:01.765+0000] {logging_mixin.py:188} INFO - [2026-06-15T19:14:01.764+0000] {dag.py:3089} INFO - Sync 2 DAGs
[2026-06-15T19:14:01.780+0000] {logging_mixin.py:188} INFO - [2026-06-15T19:14:01.780+0000] {dag.py:3947} INFO - Setting next_dagrun for example_xcom_args to None, run_after=None
[2026-06-15T19:14:01.783+0000] {logging_mixin.py:188} INFO - [2026-06-15T19:14:01.783+0000] {dag.py:3947} INFO - Setting next_dagrun for example_xcom_args_with_operators to None, run_after=None
[2026-06-15T19:14:01.796+0000] {processor.py:183} INFO - Processing /home/airflow/.local/lib/python3.12/site-packages/airflow/example_dags/example_xcomargs.py took 0.105 seconds
[2026-06-15T19:14:32.010+0000] {processor.py:161} INFO - Started process (PID=360) to work on /home/airflow/.local/lib/python3.12/site-packages/airflow/example_dags/example_xcomargs.py
[2026-06-15T19:14:32.010+0000] {processor.py:830} INFO - Processing file /home/airflow/.local/lib/python3.12/site-packages/airflow/example_dags/example_xcomargs.py for tasks to queue
[2026-06-15T19:14:32.012+0000] {logging_mixin.py:188} INFO - [2026-06-15T19:14:32.011+0000] {dagbag.py:545} INFO - Filling up the DagBag from /home/airflow/.local/lib/python3.12/site-packages/airflow/example_dags/example_xcomargs.py
[2026-06-15T19:14:32.019+0000] {processor.py:840} INFO - DAG(s) 'example_xcom_args_with_operators', 'example_xcom_args' retrieved from /home/airflow/.local/lib/python3.12/site-packages/airflow/example_dags/example_xcomargs.py
[2026-06-15T19:14:32.040+0000] {logging_mixin.py:188} INFO - [2026-06-15T19:14:32.040+0000] {dag.py:3089} INFO - Sync 2 DAGs
[2026-06-15T19:14:32.054+0000] {logging_mixin.py:188} INFO - [2026-06-15T19:14:32.054+0000] {dag.py:3947} INFO - Setting next_dagrun for example_xcom_args to None, run_after=None
[2026-06-15T19:14:32.058+0000] {logging_mixin.py:188} INFO - [2026-06-15T19:14:32.058+0000] {dag.py:3947} INFO - Setting next_dagrun for example_xcom_args_with_operators to None, run_after=None
[2026-06-15T19:14:32.073+0000] {processor.py:183} INFO - Processing /home/airflow/.local/lib/python3.12/site-packages/airflow/example_dags/example_xcomargs.py took 0.069 seconds
[2026-06-15T19:15:02.559+0000] {processor.py:161} INFO - Started process (PID=418) to work on /home/airflow/.local/lib/python3.12/site-packages/airflow/example_dags/example_xcomargs.py
[2026-06-15T19:15:02.560+0000] {processor.py:830} INFO - Processing file /home/airflow/.local/lib/python3.12/site-packages/airflow/example_dags/example_xcomargs.py for tasks to queue
[2026-06-15T19:15:02.562+0000] {logging_mixin.py:188} INFO - [2026-06-15T19:15:02.561+0000] {dagbag.py:545} INFO - Filling up the DagBag from /home/airflow/.local/lib/python3.12/site-packages/airflow/example_dags/example_xcomargs.py
[2026-06-15T19:15:02.569+0000] {processor.py:840} INFO - DAG(s) 'example_xcom_args_with_operators', 'example_xcom_args' retrieved from /home/airflow/.local/lib/python3.12/site-packages/airflow/example_dags/example_xcomargs.py
[2026-06-15T19:15:02.591+0000] {logging_mixin.py:188} INFO - [2026-06-15T19:15:02.590+0000] {dag.py:3089} INFO - Sync 2 DAGs
[2026-06-15T19:15:02.602+0000] {logging_mixin.py:188} INFO - [2026-06-15T19:15:02.602+0000] {dag.py:3947} INFO - Setting next_dagrun for example_xcom_args to None, run_after=None
[2026-06-15T19:15:02.606+0000] {logging_mixin.py:188} INFO - [2026-06-15T19:15:02.605+0000] {dag.py:3947} INFO - Setting next_dagrun for example_xcom_args_with_operators to None, run_after=None
[2026-06-15T19:15:02.619+0000] {processor.py:183} INFO - Processing /home/airflow/.local/lib/python3.12/site-packages/airflow/example_dags/example_xcomargs.py took 0.065 seconds
[2026-06-15T19:15:33.207+0000] {processor.py:161} INFO - Started process (PID=476) to work on /home/airflow/.local/lib/python3.12/site-packages/airflow/example_dags/example_xcomargs.py
[2026-06-15T19:15:33.207+0000] {processor.py:830} INFO - Processing file /home/airflow/.local/lib/python3.12/site-packages/airflow/example_dags/example_xcomargs.py for tasks to queue
[2026-06-15T19:15:33.209+0000] {logging_mixin.py:188} INFO - [2026-06-15T19:15:33.209+0000] {dagbag.py:545} INFO - Filling up the DagBag from /home/airflow/.local/lib/python3.12/site-packages/airflow/example_dags/example_xcomargs.py
[2026-06-15T19:15:33.216+0000] {processor.py:840} INFO - DAG(s) 'example_xcom_args', 'example_xcom_args_with_operators' retrieved from /home/airflow/.local/lib/python3.12/site-packages/airflow/example_dags/example_xcomargs.py
[2026-06-15T19:15:33.235+0000] {logging_mixin.py:188} INFO - [2026-06-15T19:15:33.235+0000] {dag.py:3089} INFO - Sync 2 DAGs
[2026-06-15T19:15:33.246+0000] {logging_mixin.py:188} INFO - [2026-06-15T19:15:33.246+0000] {dag.py:3947} INFO - Setting next_dagrun for example_xcom_args to None, run_after=None
[2026-06-15T19:15:33.249+0000] {logging_mixin.py:188} INFO - [2026-06-15T19:15:33.249+0000] {dag.py:3947} INFO - Setting next_dagrun for example_xcom_args_with_operators to None, run_after=None
[2026-06-15T19:15:33.263+0000] {processor.py:183} INFO - Processing /home/airflow/.local/lib/python3.12/site-packages/airflow/example_dags/example_xcomargs.py took 0.063 seconds
[2026-06-15T19:16:03.443+0000] {processor.py:161} INFO - Started process (PID=534) to work on /home/airflow/.local/lib/python3.12/site-packages/airflow/example_dags/example_xcomargs.py
[2026-06-15T19:16:03.444+0000] {processor.py:830} INFO - Processing file /home/airflow/.local/lib/python3.12/site-packages/airflow/example_dags/example_xcomargs.py for tasks to queue
[2026-06-15T19:16:03.445+0000] {logging_mixin.py:188} INFO - [2026-06-15T19:16:03.445+0000] {dagbag.py:545} INFO - Filling up the DagBag from /home/airflow/.local/lib/python3.12/site-packages/airflow/example_dags/example_xcomargs.py
[2026-06-15T19:16:03.452+0000] {processor.py:840} INFO - DAG(s) 'example_xcom_args_with_operators', 'example_xcom_args' retrieved from /home/airflow/.local/lib/python3.12/site-packages/airflow/example_dags/example_xcomargs.py
[2026-06-15T19:16:03.472+0000] {logging_mixin.py:188} INFO - [2026-06-15T19:16:03.472+0000] {dag.py:3089} INFO - Sync 2 DAGs
[2026-06-15T19:16:03.483+0000] {logging_mixin.py:188} INFO - [2026-06-15T19:16:03.483+0000] {dag.py:3947} INFO - Setting next_dagrun for example_xcom_args to None, run_after=None
[2026-06-15T19:16:03.488+0000] {logging_mixin.py:188} INFO - [2026-06-15T19:16:03.487+0000] {dag.py:3947} INFO - Setting next_dagrun for example_xcom_args_with_operators to None, run_after=None
[2026-06-15T19:16:03.515+0000] {processor.py:183} INFO - Processing /home/airflow/.local/lib/python3.12/site-packages/airflow/example_dags/example_xcomargs.py took 0.077 seconds
[2026-06-15T19:16:33.772+0000] {processor.py:161} INFO - Started process (PID=592) to work on /home/airflow/.local/lib/python3.12/site-packages/airflow/example_dags/example_xcomargs.py
[2026-06-15T19:16:33.773+0000] {processor.py:830} INFO - Processing file /home/airflow/.local/lib/python3.12/site-packages/airflow/example_dags/example_xcomargs.py for tasks to queue
[2026-06-15T19:16:33.774+0000] {logging_mixin.py:188} INFO - [2026-06-15T19:16:33.774+0000] {dagbag.py:545} INFO - Filling up the DagBag from /home/airflow/.local/lib/python3.12/site-packages/airflow/example_dags/example_xcomargs.py
[2026-06-15T19:16:33.781+0000] {processor.py:840} INFO - DAG(s) 'example_xcom_args', 'example_xcom_args_with_operators' retrieved from /home/airflow/.local/lib/python3.12/site-packages/airflow/example_dags/example_xcomargs.py
[2026-06-15T19:16:33.801+0000] {logging_mixin.py:188} INFO - [2026-06-15T19:16:33.801+0000] {dag.py:3089} INFO - Sync 2 DAGs
[2026-06-15T19:16:33.813+0000] {logging_mixin.py:188} INFO - [2026-06-15T19:16:33.813+0000] {dag.py:3947} INFO - Setting next_dagrun for example_xcom_args to None, run_after=None
[2026-06-15T19:16:33.816+0000] {logging_mixin.py:188} INFO - [2026-06-15T19:16:33.816+0000] {dag.py:3947} INFO - Setting next_dagrun for example_xcom_args_with_operators to None, run_after=None
[2026-06-15T19:16:33.830+0000] {processor.py:183} INFO - Processing /home/airflow/.local/lib/python3.12/site-packages/airflow/example_dags/example_xcomargs.py took 0.064 seconds
[2026-06-15T19:17:04.372+0000] {processor.py:161} INFO - Started process (PID=655) to work on /home/airflow/.local/lib/python3.12/site-packages/airflow/example_dags/example_xcomargs.py
[2026-06-15T19:17:04.375+0000] {processor.py:830} INFO - Processing file /home/airflow/.local/lib/python3.12/site-packages/airflow/example_dags/example_xcomargs.py for tasks to queue
[2026-06-15T19:17:04.379+0000] {logging_mixin.py:188} INFO - [2026-06-15T19:17:04.379+0000] {dagbag.py:545} INFO - Filling up the DagBag from /home/airflow/.local/lib/python3.12/site-packages/airflow/example_dags/example_xcomargs.py
[2026-06-15T19:17:04.404+0000] {processor.py:840} INFO - DAG(s) 'example_xcom_args_with_operators', 'example_xcom_args' retrieved from /home/airflow/.local/lib/python3.12/site-packages/airflow/example_dags/example_xcomargs.py
[2026-06-15T19:17:04.466+0000] {logging_mixin.py:188} INFO - [2026-06-15T19:17:04.466+0000] {dag.py:3089} INFO - Sync 2 DAGs
[2026-06-15T19:17:04.504+0000] {logging_mixin.py:188} INFO - [2026-06-15T19:17:04.503+0000] {dag.py:3947} INFO - Setting next_dagrun for example_xcom_args to None, run_after=None
[2026-06-15T19:17:04.512+0000] {logging_mixin.py:188} INFO - [2026-06-15T19:17:04.512+0000] {dag.py:3947} INFO - Setting next_dagrun for example_xcom_args_with_operators to None, run_after=None
[2026-06-15T19:17:04.551+0000] {processor.py:183} INFO - Processing /home/airflow/.local/lib/python3.12/site-packages/airflow/example_dags/example_xcomargs.py took 0.195 seconds
[2026-06-15T19:17:34.893+0000] {processor.py:161} INFO - Started process (PID=712) to work on /home/airflow/.local/lib/python3.12/site-packages/airflow/example_dags/example_xcomargs.py
[2026-06-15T19:17:34.894+0000] {processor.py:830} INFO - Processing file /home/airflow/.local/lib/python3.12/site-packages/airflow/example_dags/example_xcomargs.py for tasks to queue
[2026-06-15T19:17:34.896+0000] {logging_mixin.py:188} INFO - [2026-06-15T19:17:34.895+0000] {dagbag.py:545} INFO - Filling up the DagBag from /home/airflow/.local/lib/python3.12/site-packages/airflow/example_dags/example_xcomargs.py
[2026-06-15T19:17:34.902+0000] {processor.py:840} INFO - DAG(s) 'example_xcom_args', 'example_xcom_args_with_operators' retrieved from /home/airflow/.local/lib/python3.12/site-packages/airflow/example_dags/example_xcomargs.py
[2026-06-15T19:17:34.923+0000] {logging_mixin.py:188} INFO - [2026-06-15T19:17:34.923+0000] {dag.py:3089} INFO - Sync 2 DAGs
[2026-06-15T19:17:34.934+0000] {logging_mixin.py:188} INFO - [2026-06-15T19:17:34.934+0000] {dag.py:3947} INFO - Setting next_dagrun for example_xcom_args to None, run_after=None
[2026-06-15T19:17:34.937+0000] {logging_mixin.py:188} INFO - [2026-06-15T19:17:34.937+0000] {dag.py:3947} INFO - Setting next_dagrun for example_xcom_args_with_operators to None, run_after=None
[2026-06-15T19:17:34.953+0000] {processor.py:183} INFO - Processing /home/airflow/.local/lib/python3.12/site-packages/airflow/example_dags/example_xcomargs.py took 0.065 seconds
[2026-06-15T19:18:05.165+0000] {processor.py:161} INFO - Started process (PID=770) to work on /home/airflow/.local/lib/python3.12/site-packages/airflow/example_dags/example_xcomargs.py
[2026-06-15T19:18:05.166+0000] {processor.py:830} INFO - Processing file /home/airflow/.local/lib/python3.12/site-packages/airflow/example_dags/example_xcomargs.py for tasks to queue
[2026-06-15T19:18:05.168+0000] {logging_mixin.py:188} INFO - [2026-06-15T19:18:05.167+0000] {dagbag.py:545} INFO - Filling up the DagBag from /home/airflow/.local/lib/python3.12/site-packages/airflow/example_dags/example_xcomargs.py
[2026-06-15T19:18:05.175+0000] {processor.py:840} INFO - DAG(s) 'example_xcom_args_with_operators', 'example_xcom_args' retrieved from /home/airflow/.local/lib/python3.12/site-packages/airflow/example_dags/example_xcomargs.py
[2026-06-15T19:18:05.195+0000] {logging_mixin.py:188} INFO - [2026-06-15T19:18:05.195+0000] {dag.py:3089} INFO - Sync 2 DAGs
[2026-06-15T19:18:05.206+0000] {logging_mixin.py:188} INFO - [2026-06-15T19:18:05.206+0000] {dag.py:3947} INFO - Setting next_dagrun for example_xcom_args to None, run_after=None
[2026-06-15T19:18:05.209+0000] {logging_mixin.py:188} INFO - [2026-06-15T19:18:05.209+0000] {dag.py:3947} INFO - Setting next_dagrun for example_xcom_args_with_operators to None, run_after=None
[2026-06-15T19:18:05.228+0000] {processor.py:183} INFO - Processing /home/airflow/.local/lib/python3.12/site-packages/airflow/example_dags/example_xcomargs.py took 0.069 seconds
[2026-06-15T19:18:35.330+0000] {processor.py:161} INFO - Started process (PID=828) to work on /home/airflow/.local/lib/python3.12/site-packages/airflow/example_dags/example_xcomargs.py
[2026-06-15T19:18:35.330+0000] {processor.py:830} INFO - Processing file /home/airflow/.local/lib/python3.12/site-packages/airflow/example_dags/example_xcomargs.py for tasks to queue
[2026-06-15T19:18:35.332+0000] {logging_mixin.py:188} INFO - [2026-06-15T19:18:35.332+0000] {dagbag.py:545} INFO - Filling up the DagBag from /home/airflow/.local/lib/python3.12/site-packages/airflow/example_dags/example_xcomargs.py
[2026-06-15T19:18:35.339+0000] {processor.py:840} INFO - DAG(s) 'example_xcom_args', 'example_xcom_args_with_operators' retrieved from /home/airflow/.local/lib/python3.12/site-packages/airflow/example_dags/example_xcomargs.py
[2026-06-15T19:18:35.359+0000] {logging_mixin.py:188} INFO - [2026-06-15T19:18:35.359+0000] {dag.py:3089} INFO - Sync 2 DAGs
[2026-06-15T19:18:35.371+0000] {logging_mixin.py:188} INFO - [2026-06-15T19:18:35.370+0000] {dag.py:3947} INFO - Setting next_dagrun for example_xcom_args to None, run_after=None
[2026-06-15T19:18:35.374+0000] {logging_mixin.py:188} INFO - [2026-06-15T19:18:35.374+0000] {dag.py:3947} INFO - Setting next_dagrun for example_xcom_args_with_operators to None, run_after=None
[2026-06-15T19:18:35.393+0000] {processor.py:183} INFO - Processing /home/airflow/.local/lib/python3.12/site-packages/airflow/example_dags/example_xcomargs.py took 0.070 seconds
[2026-06-15T19:19:05.716+0000] {processor.py:161} INFO - Started process (PID=884) to work on /home/airflow/.local/lib/python3.12/site-packages/airflow/example_dags/example_xcomargs.py
[2026-06-15T19:19:05.717+0000] {processor.py:830} INFO - Processing file /home/airflow/.local/lib/python3.12/site-packages/airflow/example_dags/example_xcomargs.py for tasks to queue
[2026-06-15T19:19:05.719+0000] {logging_mixin.py:188} INFO - [2026-06-15T19:19:05.719+0000] {dagbag.py:545} INFO - Filling up the DagBag from /home/airflow/.local/lib/python3.12/site-packages/airflow/example_dags/example_xcomargs.py
[2026-06-15T19:19:05.729+0000] {processor.py:840} INFO - DAG(s) 'example_xcom_args_with_operators', 'example_xcom_args' retrieved from /home/airflow/.local/lib/python3.12/site-packages/airflow/example_dags/example_xcomargs.py
[2026-06-15T19:19:05.793+0000] {logging_mixin.py:188} INFO - [2026-06-15T19:19:05.793+0000] {dag.py:3089} INFO - Sync 2 DAGs
[2026-06-15T19:19:05.840+0000] {logging_mixin.py:188} INFO - [2026-06-15T19:19:05.840+0000] {dag.py:3947} INFO - Setting next_dagrun for example_xcom_args to None, run_after=None
[2026-06-15T19:19:05.850+0000] {logging_mixin.py:188} INFO - [2026-06-15T19:19:05.850+0000] {dag.py:3947} INFO - Setting next_dagrun for example_xcom_args_with_operators to None, run_after=None
[2026-06-15T19:19:05.884+0000] {processor.py:183} INFO - Processing /home/airflow/.local/lib/python3.12/site-packages/airflow/example_dags/example_xcomargs.py took 0.175 seconds
[2026-06-15T19:19:36.033+0000] {processor.py:161} INFO - Started process (PID=942) to work on /home/airflow/.local/lib/python3.12/site-packages/airflow/example_dags/example_xcomargs.py
[2026-06-15T19:19:36.034+0000] {processor.py:830} INFO - Processing file /home/airflow/.local/lib/python3.12/site-packages/airflow/example_dags/example_xcomargs.py for tasks to queue
[2026-06-15T19:19:36.036+0000] {logging_mixin.py:188} INFO - [2026-06-15T19:19:36.035+0000] {dagbag.py:545} INFO - Filling up the DagBag from /home/airflow/.local/lib/python3.12/site-packages/airflow/example_dags/example_xcomargs.py
[2026-06-15T19:19:36.045+0000] {processor.py:840} INFO - DAG(s) 'example_xcom_args', 'example_xcom_args_with_operators' retrieved from /home/airflow/.local/lib/python3.12/site-packages/airflow/example_dags/example_xcomargs.py
[2026-06-15T19:19:36.078+0000] {logging_mixin.py:188} INFO - [2026-06-15T19:19:36.078+0000] {dag.py:3089} INFO - Sync 2 DAGs
[2026-06-15T19:19:36.095+0000] {logging_mixin.py:188} INFO - [2026-06-15T19:19:36.094+0000] {dag.py:3947} INFO - Setting next_dagrun for example_xcom_args to None, run_after=None
[2026-06-15T19:19:36.099+0000] {logging_mixin.py:188} INFO - [2026-06-15T19:19:36.099+0000] {dag.py:3947} INFO - Setting next_dagrun for example_xcom_args_with_operators to None, run_after=None
[2026-06-15T19:19:36.117+0000] {processor.py:183} INFO - Processing /home/airflow/.local/lib/python3.12/site-packages/airflow/example_dags/example_xcomargs.py took 0.090 seconds
[2026-06-15T19:20:06.415+0000] {processor.py:161} INFO - Started process (PID=1000) to work on /home/airflow/.local/lib/python3.12/site-packages/airflow/example_dags/example_xcomargs.py
[2026-06-15T19:20:06.416+0000] {processor.py:830} INFO - Processing file /home/airflow/.local/lib/python3.12/site-packages/airflow/example_dags/example_xcomargs.py for tasks to queue
[2026-06-15T19:20:06.418+0000] {logging_mixin.py:188} INFO - [2026-06-15T19:20:06.418+0000] {dagbag.py:545} INFO - Filling up the DagBag from /home/airflow/.local/lib/python3.12/site-packages/airflow/example_dags/example_xcomargs.py
[2026-06-15T19:20:06.438+0000] {processor.py:840} INFO - DAG(s) 'example_xcom_args_with_operators', 'example_xcom_args' retrieved from /home/airflow/.local/lib/python3.12/site-packages/airflow/example_dags/example_xcomargs.py
[2026-06-15T19:20:06.468+0000] {logging_mixin.py:188} INFO - [2026-06-15T19:20:06.468+0000] {dag.py:3089} INFO - Sync 2 DAGs
[2026-06-15T19:20:06.489+0000] {logging_mixin.py:188} INFO - [2026-06-15T19:20:06.488+0000] {dag.py:3947} INFO - Setting next_dagrun for example_xcom_args to None, run_after=None
[2026-06-15T19:20:06.498+0000] {logging_mixin.py:188} INFO - [2026-06-15T19:20:06.498+0000] {dag.py:3947} INFO - Setting next_dagrun for example_xcom_args_with_operators to None, run_after=None
[2026-06-15T19:20:06.516+0000] {processor.py:183} INFO - Processing /home/airflow/.local/lib/python3.12/site-packages/airflow/example_dags/example_xcomargs.py took 0.109 seconds
[2026-06-15T19:20:37.048+0000] {processor.py:161} INFO - Started process (PID=1058) to work on /home/airflow/.local/lib/python3.12/site-packages/airflow/example_dags/example_xcomargs.py
[2026-06-15T19:20:37.049+0000] {processor.py:830} INFO - Processing file /home/airflow/.local/lib/python3.12/site-packages/airflow/example_dags/example_xcomargs.py for tasks to queue
[2026-06-15T19:20:37.051+0000] {logging_mixin.py:188} INFO - [2026-06-15T19:20:37.051+0000] {dagbag.py:545} INFO - Filling up the DagBag from /home/airflow/.local/lib/python3.12/site-packages/airflow/example_dags/example_xcomargs.py
[2026-06-15T19:20:37.061+0000] {processor.py:840} INFO - DAG(s) 'example_xcom_args', 'example_xcom_args_with_operators' retrieved from /home/airflow/.local/lib/python3.12/site-packages/airflow/example_dags/example_xcomargs.py
[2026-06-15T19:20:37.089+0000] {logging_mixin.py:188} INFO - [2026-06-15T19:20:37.089+0000] {dag.py:3089} INFO - Sync 2 DAGs
[2026-06-15T19:20:37.105+0000] {logging_mixin.py:188} INFO - [2026-06-15T19:20:37.105+0000] {dag.py:3947} INFO - Setting next_dagrun for example_xcom_args to None, run_after=None
[2026-06-15T19:20:37.109+0000] {logging_mixin.py:188} INFO - [2026-06-15T19:20:37.109+0000] {dag.py:3947} INFO - Setting next_dagrun for example_xcom_args_with_operators to None, run_after=None
[2026-06-15T19:20:37.127+0000] {processor.py:183} INFO - Processing /home/airflow/.local/lib/python3.12/site-packages/airflow/example_dags/example_xcomargs.py took 0.086 seconds
[2026-06-15T19:21:07.985+0000] {processor.py:161} INFO - Started process (PID=1116) to work on /home/airflow/.local/lib/python3.12/site-packages/airflow/example_dags/example_xcomargs.py
[2026-06-15T19:21:07.985+0000] {processor.py:830} INFO - Processing file /home/airflow/.local/lib/python3.12/site-packages/airflow/example_dags/example_xcomargs.py for tasks to queue
[2026-06-15T19:21:07.987+0000] {logging_mixin.py:188} INFO - [2026-06-15T19:21:07.987+0000] {dagbag.py:545} INFO - Filling up the DagBag from /home/airflow/.local/lib/python3.12/site-packages/airflow/example_dags/example_xcomargs.py
[2026-06-15T19:21:08.005+0000] {processor.py:840} INFO - DAG(s) 'example_xcom_args', 'example_xcom_args_with_operators' retrieved from /home/airflow/.local/lib/python3.12/site-packages/airflow/example_dags/example_xcomargs.py
[2026-06-15T19:21:08.103+0000] {logging_mixin.py:188} INFO - [2026-06-15T19:21:08.103+0000] {dag.py:3089} INFO - Sync 2 DAGs
[2026-06-15T19:21:08.164+0000] {logging_mixin.py:188} INFO - [2026-06-15T19:21:08.164+0000] {dag.py:3947} INFO - Setting next_dagrun for example_xcom_args to None, run_after=None
[2026-06-15T19:21:08.174+0000] {logging_mixin.py:188} INFO - [2026-06-15T19:21:08.174+0000] {dag.py:3947} INFO - Setting next_dagrun for example_xcom_args_with_operators to None, run_after=None
[2026-06-15T19:21:08.215+0000] {processor.py:183} INFO - Processing /home/airflow/.local/lib/python3.12/site-packages/airflow/example_dags/example_xcomargs.py took 0.238 seconds
[2026-06-15T19:21:38.374+0000] {processor.py:161} INFO - Started process (PID=1174) to work on /home/airflow/.local/lib/python3.12/site-packages/airflow/example_dags/example_xcomargs.py
[2026-06-15T19:21:38.375+0000] {processor.py:830} INFO - Processing file /home/airflow/.local/lib/python3.12/site-packages/airflow/example_dags/example_xcomargs.py for tasks to queue
[2026-06-15T19:21:38.379+0000] {logging_mixin.py:188} INFO - [2026-06-15T19:21:38.378+0000] {dagbag.py:545} INFO - Filling up the DagBag from /home/airflow/.local/lib/python3.12/site-packages/airflow/example_dags/example_xcomargs.py
[2026-06-15T19:21:38.394+0000] {processor.py:840} INFO - DAG(s) 'example_xcom_args', 'example_xcom_args_with_operators' retrieved from /home/airflow/.local/lib/python3.12/site-packages/airflow/example_dags/example_xcomargs.py
[2026-06-15T19:21:38.421+0000] {logging_mixin.py:188} INFO - [2026-06-15T19:21:38.421+0000] {dag.py:3089} INFO - Sync 2 DAGs
[2026-06-15T19:21:38.445+0000] {logging_mixin.py:188} INFO - [2026-06-15T19:21:38.444+0000] {dag.py:3947} INFO - Setting next_dagrun for example_xcom_args to None, run_after=None
[2026-06-15T19:21:38.451+0000] {logging_mixin.py:188} INFO - [2026-06-15T19:21:38.451+0000] {dag.py:3947} INFO - Setting next_dagrun for example_xcom_args_with_operators to None, run_after=None
[2026-06-15T19:21:38.467+0000] {processor.py:183} INFO - Processing /home/airflow/.local/lib/python3.12/site-packages/airflow/example_dags/example_xcomargs.py took 0.107 seconds
[2026-06-15T19:22:08.639+0000] {processor.py:161} INFO - Started process (PID=1232) to work on /home/airflow/.local/lib/python3.12/site-packages/airflow/example_dags/example_xcomargs.py
[2026-06-15T19:22:08.640+0000] {processor.py:830} INFO - Processing file /home/airflow/.local/lib/python3.12/site-packages/airflow/example_dags/example_xcomargs.py for tasks to queue
[2026-06-15T19:22:08.642+0000] {logging_mixin.py:188} INFO - [2026-06-15T19:22:08.642+0000] {dagbag.py:545} INFO - Filling up the DagBag from /home/airflow/.local/lib/python3.12/site-packages/airflow/example_dags/example_xcomargs.py
[2026-06-15T19:22:08.653+0000] {processor.py:840} INFO - DAG(s) 'example_xcom_args_with_operators', 'example_xcom_args' retrieved from /home/airflow/.local/lib/python3.12/site-packages/airflow/example_dags/example_xcomargs.py
[2026-06-15T19:22:08.700+0000] {logging_mixin.py:188} INFO - [2026-06-15T19:22:08.699+0000] {dag.py:3089} INFO - Sync 2 DAGs
[2026-06-15T19:22:08.717+0000] {logging_mixin.py:188} INFO - [2026-06-15T19:22:08.717+0000] {dag.py:3947} INFO - Setting next_dagrun for example_xcom_args to None, run_after=None
[2026-06-15T19:22:08.727+0000] {logging_mixin.py:188} INFO - [2026-06-15T19:22:08.727+0000] {dag.py:3947} INFO - Setting next_dagrun for example_xcom_args_with_operators to None, run_after=None
[2026-06-15T19:22:08.756+0000] {processor.py:183} INFO - Processing /home/airflow/.local/lib/python3.12/site-packages/airflow/example_dags/example_xcomargs.py took 0.124 seconds
[2026-06-15T19:22:39.180+0000] {processor.py:161} INFO - Started process (PID=1290) to work on /home/airflow/.local/lib/python3.12/site-packages/airflow/example_dags/example_xcomargs.py
[2026-06-15T19:22:39.181+0000] {processor.py:830} INFO - Processing file /home/airflow/.local/lib/python3.12/site-packages/airflow/example_dags/example_xcomargs.py for tasks to queue
[2026-06-15T19:22:39.183+0000] {logging_mixin.py:188} INFO - [2026-06-15T19:22:39.183+0000] {dagbag.py:545} INFO - Filling up the DagBag from /home/airflow/.local/lib/python3.12/site-packages/airflow/example_dags/example_xcomargs.py
[2026-06-15T19:22:39.194+0000] {processor.py:840} INFO - DAG(s) 'example_xcom_args_with_operators', 'example_xcom_args' retrieved from /home/airflow/.local/lib/python3.12/site-packages/airflow/example_dags/example_xcomargs.py
[2026-06-15T19:22:39.221+0000] {logging_mixin.py:188} INFO - [2026-06-15T19:22:39.221+0000] {dag.py:3089} INFO - Sync 2 DAGs
[2026-06-15T19:22:39.239+0000] {logging_mixin.py:188} INFO - [2026-06-15T19:22:39.238+0000] {dag.py:3947} INFO - Setting next_dagrun for example_xcom_args to None, run_after=None
[2026-06-15T19:22:39.243+0000] {logging_mixin.py:188} INFO - [2026-06-15T19:22:39.243+0000] {dag.py:3947} INFO - Setting next_dagrun for example_xcom_args_with_operators to None, run_after=None
[2026-06-15T19:22:39.261+0000] {processor.py:183} INFO - Processing /home/airflow/.local/lib/python3.12/site-packages/airflow/example_dags/example_xcomargs.py took 0.089 seconds
[2026-06-15T19:23:09.709+0000] {processor.py:161} INFO - Started process (PID=1348) to work on /home/airflow/.local/lib/python3.12/site-packages/airflow/example_dags/example_xcomargs.py
[2026-06-15T19:23:09.710+0000] {processor.py:830} INFO - Processing file /home/airflow/.local/lib/python3.12/site-packages/airflow/example_dags/example_xcomargs.py for tasks to queue
[2026-06-15T19:23:09.715+0000] {logging_mixin.py:188} INFO - [2026-06-15T19:23:09.711+0000] {dagbag.py:545} INFO - Filling up the DagBag from /home/airflow/.local/lib/python3.12/site-packages/airflow/example_dags/example_xcomargs.py
[2026-06-15T19:23:09.726+0000] {processor.py:840} INFO - DAG(s) 'example_xcom_args_with_operators', 'example_xcom_args' retrieved from /home/airflow/.local/lib/python3.12/site-packages/airflow/example_dags/example_xcomargs.py
[2026-06-15T19:23:09.754+0000] {logging_mixin.py:188} INFO - [2026-06-15T19:23:09.754+0000] {dag.py:3089} INFO - Sync 2 DAGs
[2026-06-15T19:23:09.771+0000] {logging_mixin.py:188} INFO - [2026-06-15T19:23:09.771+0000] {dag.py:3947} INFO - Setting next_dagrun for example_xcom_args to None, run_after=None
[2026-06-15T19:23:09.776+0000] {logging_mixin.py:188} INFO - [2026-06-15T19:23:09.775+0000] {dag.py:3947} INFO - Setting next_dagrun for example_xcom_args_with_operators to None, run_after=None
[2026-06-15T19:23:09.810+0000] {processor.py:183} INFO - Processing /home/airflow/.local/lib/python3.12/site-packages/airflow/example_dags/example_xcomargs.py took 0.108 seconds
[2026-06-15T19:23:40.190+0000] {processor.py:161} INFO - Started process (PID=1406) to work on /home/airflow/.local/lib/python3.12/site-packages/airflow/example_dags/example_xcomargs.py
[2026-06-15T19:23:40.192+0000] {processor.py:830} INFO - Processing file /home/airflow/.local/lib/python3.12/site-packages/airflow/example_dags/example_xcomargs.py for tasks to queue
[2026-06-15T19:23:40.196+0000] {logging_mixin.py:188} INFO - [2026-06-15T19:23:40.195+0000] {dagbag.py:545} INFO - Filling up the DagBag from /home/airflow/.local/lib/python3.12/site-packages/airflow/example_dags/example_xcomargs.py
[2026-06-15T19:23:40.208+0000] {processor.py:840} INFO - DAG(s) 'example_xcom_args', 'example_xcom_args_with_operators' retrieved from /home/airflow/.local/lib/python3.12/site-packages/airflow/example_dags/example_xcomargs.py
[2026-06-15T19:23:40.238+0000] {logging_mixin.py:188} INFO - [2026-06-15T19:23:40.237+0000] {dag.py:3089} INFO - Sync 2 DAGs
[2026-06-15T19:23:40.255+0000] {logging_mixin.py:188} INFO - [2026-06-15T19:23:40.255+0000] {dag.py:3947} INFO - Setting next_dagrun for example_xcom_args to None, run_after=None
[2026-06-15T19:23:40.260+0000] {logging_mixin.py:188} INFO - [2026-06-15T19:23:40.260+0000] {dag.py:3947} INFO - Setting next_dagrun for example_xcom_args_with_operators to None, run_after=None
[2026-06-15T19:23:40.277+0000] {processor.py:183} INFO - Processing /home/airflow/.local/lib/python3.12/site-packages/airflow/example_dags/example_xcomargs.py took 0.097 seconds
[2026-06-15T19:24:10.323+0000] {processor.py:161} INFO - Started process (PID=1463) to work on /home/airflow/.local/lib/python3.12/site-packages/airflow/example_dags/example_xcomargs.py
[2026-06-15T19:24:10.324+0000] {processor.py:830} INFO - Processing file /home/airflow/.local/lib/python3.12/site-packages/airflow/example_dags/example_xcomargs.py for tasks to queue
[2026-06-15T19:24:10.326+0000] {logging_mixin.py:188} INFO - [2026-06-15T19:24:10.325+0000] {dagbag.py:545} INFO - Filling up the DagBag from /home/airflow/.local/lib/python3.12/site-packages/airflow/example_dags/example_xcomargs.py
[2026-06-15T19:24:10.336+0000] {processor.py:840} INFO - DAG(s) 'example_xcom_args', 'example_xcom_args_with_operators' retrieved from /home/airflow/.local/lib/python3.12/site-packages/airflow/example_dags/example_xcomargs.py
[2026-06-15T19:24:10.364+0000] {logging_mixin.py:188} INFO - [2026-06-15T19:24:10.364+0000] {dag.py:3089} INFO - Sync 2 DAGs
[2026-06-15T19:24:10.382+0000] {logging_mixin.py:188} INFO - [2026-06-15T19:24:10.382+0000] {dag.py:3947} INFO - Setting next_dagrun for example_xcom_args to None, run_after=None
[2026-06-15T19:24:10.387+0000] {logging_mixin.py:188} INFO - [2026-06-15T19:24:10.387+0000] {dag.py:3947} INFO - Setting next_dagrun for example_xcom_args_with_operators to None, run_after=None
[2026-06-15T19:24:10.404+0000] {processor.py:183} INFO - Processing /home/airflow/.local/lib/python3.12/site-packages/airflow/example_dags/example_xcomargs.py took 0.088 seconds
[2026-06-15T19:24:40.776+0000] {processor.py:161} INFO - Started process (PID=1521) to work on /home/airflow/.local/lib/python3.12/site-packages/airflow/example_dags/example_xcomargs.py
[2026-06-15T19:24:40.777+0000] {processor.py:830} INFO - Processing file /home/airflow/.local/lib/python3.12/site-packages/airflow/example_dags/example_xcomargs.py for tasks to queue
[2026-06-15T19:24:40.779+0000] {logging_mixin.py:188} INFO - [2026-06-15T19:24:40.778+0000] {dagbag.py:545} INFO - Filling up the DagBag from /home/airflow/.local/lib/python3.12/site-packages/airflow/example_dags/example_xcomargs.py
[2026-06-15T19:24:40.789+0000] {processor.py:840} INFO - DAG(s) 'example_xcom_args_with_operators', 'example_xcom_args' retrieved from /home/airflow/.local/lib/python3.12/site-packages/airflow/example_dags/example_xcomargs.py
[2026-06-15T19:24:40.831+0000] {logging_mixin.py:188} INFO - [2026-06-15T19:24:40.830+0000] {dag.py:3089} INFO - Sync 2 DAGs
[2026-06-15T19:24:40.892+0000] {logging_mixin.py:188} INFO - [2026-06-15T19:24:40.892+0000] {dag.py:3947} INFO - Setting next_dagrun for example_xcom_args to None, run_after=None
[2026-06-15T19:24:40.898+0000] {logging_mixin.py:188} INFO - [2026-06-15T19:24:40.898+0000] {dag.py:3947} INFO - Setting next_dagrun for example_xcom_args_with_operators to None, run_after=None
[2026-06-15T19:24:40.921+0000] {processor.py:183} INFO - Processing /home/airflow/.local/lib/python3.12/site-packages/airflow/example_dags/example_xcomargs.py took 0.153 seconds
[2026-06-15T19:25:11.678+0000] {processor.py:161} INFO - Started process (PID=1578) to work on /home/airflow/.local/lib/python3.12/site-packages/airflow/example_dags/example_xcomargs.py
[2026-06-15T19:25:11.679+0000] {processor.py:830} INFO - Processing file /home/airflow/.local/lib/python3.12/site-packages/airflow/example_dags/example_xcomargs.py for tasks to queue
[2026-06-15T19:25:11.681+0000] {logging_mixin.py:188} INFO - [2026-06-15T19:25:11.680+0000] {dagbag.py:545} INFO - Filling up the DagBag from /home/airflow/.local/lib/python3.12/site-packages/airflow/example_dags/example_xcomargs.py
[2026-06-15T19:25:11.691+0000] {processor.py:840} INFO - DAG(s) 'example_xcom_args_with_operators', 'example_xcom_args' retrieved from /home/airflow/.local/lib/python3.12/site-packages/airflow/example_dags/example_xcomargs.py
[2026-06-15T19:25:11.721+0000] {logging_mixin.py:188} INFO - [2026-06-15T19:25:11.721+0000] {dag.py:3089} INFO - Sync 2 DAGs
[2026-06-15T19:25:11.739+0000] {logging_mixin.py:188} INFO - [2026-06-15T19:25:11.738+0000] {dag.py:3947} INFO - Setting next_dagrun for example_xcom_args to None, run_after=None
[2026-06-15T19:25:11.743+0000] {logging_mixin.py:188} INFO - [2026-06-15T19:25:11.743+0000] {dag.py:3947} INFO - Setting next_dagrun for example_xcom_args_with_operators to None, run_after=None
[2026-06-15T19:25:11.761+0000] {processor.py:183} INFO - Processing /home/airflow/.local/lib/python3.12/site-packages/airflow/example_dags/example_xcomargs.py took 0.091 seconds
[2026-06-15T19:25:42.069+0000] {processor.py:161} INFO - Started process (PID=1636) to work on /home/airflow/.local/lib/python3.12/site-packages/airflow/example_dags/example_xcomargs.py
[2026-06-15T19:25:42.084+0000] {processor.py:830} INFO - Processing file /home/airflow/.local/lib/python3.12/site-packages/airflow/example_dags/example_xcomargs.py for tasks to queue
[2026-06-15T19:25:42.088+0000] {logging_mixin.py:188} INFO - [2026-06-15T19:25:42.088+0000] {dagbag.py:545} INFO - Filling up the DagBag from /home/airflow/.local/lib/python3.12/site-packages/airflow/example_dags/example_xcomargs.py
[2026-06-15T19:25:42.124+0000] {processor.py:840} INFO - DAG(s) 'example_xcom_args', 'example_xcom_args_with_operators' retrieved from /home/airflow/.local/lib/python3.12/site-packages/airflow/example_dags/example_xcomargs.py
[2026-06-15T19:25:42.240+0000] {logging_mixin.py:188} INFO - [2026-06-15T19:25:42.240+0000] {dag.py:3089} INFO - Sync 2 DAGs
[2026-06-15T19:25:42.297+0000] {logging_mixin.py:188} INFO - [2026-06-15T19:25:42.296+0000] {dag.py:3947} INFO - Setting next_dagrun for example_xcom_args to None, run_after=None
[2026-06-15T19:25:42.312+0000] {logging_mixin.py:188} INFO - [2026-06-15T19:25:42.312+0000] {dag.py:3947} INFO - Setting next_dagrun for example_xcom_args_with_operators to None, run_after=None
[2026-06-15T19:25:42.371+0000] {processor.py:183} INFO - Processing /home/airflow/.local/lib/python3.12/site-packages/airflow/example_dags/example_xcomargs.py took 0.319 seconds
[2026-06-15T19:26:13.075+0000] {processor.py:161} INFO - Started process (PID=1694) to work on /home/airflow/.local/lib/python3.12/site-packages/airflow/example_dags/example_xcomargs.py
[2026-06-15T19:26:13.080+0000] {processor.py:830} INFO - Processing file /home/airflow/.local/lib/python3.12/site-packages/airflow/example_dags/example_xcomargs.py for tasks to queue
[2026-06-15T19:26:13.089+0000] {logging_mixin.py:188} INFO - [2026-06-15T19:26:13.088+0000] {dagbag.py:545} INFO - Filling up the DagBag from /home/airflow/.local/lib/python3.12/site-packages/airflow/example_dags/example_xcomargs.py
[2026-06-15T19:26:13.135+0000] {processor.py:840} INFO - DAG(s) 'example_xcom_args', 'example_xcom_args_with_operators' retrieved from /home/airflow/.local/lib/python3.12/site-packages/airflow/example_dags/example_xcomargs.py
[2026-06-15T19:26:13.188+0000] {logging_mixin.py:188} INFO - [2026-06-15T19:26:13.188+0000] {dag.py:3089} INFO - Sync 2 DAGs
[2026-06-15T19:26:13.222+0000] {logging_mixin.py:188} INFO - [2026-06-15T19:26:13.222+0000] {dag.py:3947} INFO - Setting next_dagrun for example_xcom_args to None, run_after=None
[2026-06-15T19:26:13.244+0000] {logging_mixin.py:188} INFO - [2026-06-15T19:26:13.239+0000] {dag.py:3947} INFO - Setting next_dagrun for example_xcom_args_with_operators to None, run_after=None
[2026-06-15T19:26:13.292+0000] {processor.py:183} INFO - Processing /home/airflow/.local/lib/python3.12/site-packages/airflow/example_dags/example_xcomargs.py took 0.255 seconds
[2026-06-15T19:26:43.797+0000] {processor.py:161} INFO - Started process (PID=1752) to work on /home/airflow/.local/lib/python3.12/site-packages/airflow/example_dags/example_xcomargs.py
[2026-06-15T19:26:43.798+0000] {processor.py:830} INFO - Processing file /home/airflow/.local/lib/python3.12/site-packages/airflow/example_dags/example_xcomargs.py for tasks to queue
[2026-06-15T19:26:43.800+0000] {logging_mixin.py:188} INFO - [2026-06-15T19:26:43.800+0000] {dagbag.py:545} INFO - Filling up the DagBag from /home/airflow/.local/lib/python3.12/site-packages/airflow/example_dags/example_xcomargs.py
[2026-06-15T19:26:43.809+0000] {processor.py:840} INFO - DAG(s) 'example_xcom_args', 'example_xcom_args_with_operators' retrieved from /home/airflow/.local/lib/python3.12/site-packages/airflow/example_dags/example_xcomargs.py
[2026-06-15T19:26:43.836+0000] {logging_mixin.py:188} INFO - [2026-06-15T19:26:43.836+0000] {dag.py:3089} INFO - Sync 2 DAGs
[2026-06-15T19:26:43.854+0000] {logging_mixin.py:188} INFO - [2026-06-15T19:26:43.853+0000] {dag.py:3947} INFO - Setting next_dagrun for example_xcom_args to None, run_after=None
[2026-06-15T19:26:43.858+0000] {logging_mixin.py:188} INFO - [2026-06-15T19:26:43.858+0000] {dag.py:3947} INFO - Setting next_dagrun for example_xcom_args_with_operators to None, run_after=None
[2026-06-15T19:26:43.876+0000] {processor.py:183} INFO - Processing /home/airflow/.local/lib/python3.12/site-packages/airflow/example_dags/example_xcomargs.py took 0.088 seconds
[2026-06-15T19:27:14.015+0000] {processor.py:161} INFO - Started process (PID=1810) to work on /home/airflow/.local/lib/python3.12/site-packages/airflow/example_dags/example_xcomargs.py
[2026-06-15T19:27:14.016+0000] {processor.py:830} INFO - Processing file /home/airflow/.local/lib/python3.12/site-packages/airflow/example_dags/example_xcomargs.py for tasks to queue
[2026-06-15T19:27:14.018+0000] {logging_mixin.py:188} INFO - [2026-06-15T19:27:14.018+0000] {dagbag.py:545} INFO - Filling up the DagBag from /home/airflow/.local/lib/python3.12/site-packages/airflow/example_dags/example_xcomargs.py
[2026-06-15T19:27:14.028+0000] {processor.py:840} INFO - DAG(s) 'example_xcom_args', 'example_xcom_args_with_operators' retrieved from /home/airflow/.local/lib/python3.12/site-packages/airflow/example_dags/example_xcomargs.py
[2026-06-15T19:27:14.055+0000] {logging_mixin.py:188} INFO - [2026-06-15T19:27:14.055+0000] {dag.py:3089} INFO - Sync 2 DAGs
[2026-06-15T19:27:14.073+0000] {logging_mixin.py:188} INFO - [2026-06-15T19:27:14.073+0000] {dag.py:3947} INFO - Setting next_dagrun for example_xcom_args to None, run_after=None
[2026-06-15T19:27:14.078+0000] {logging_mixin.py:188} INFO - [2026-06-15T19:27:14.078+0000] {dag.py:3947} INFO - Setting next_dagrun for example_xcom_args_with_operators to None, run_after=None
[2026-06-15T19:27:14.096+0000] {processor.py:183} INFO - Processing /home/airflow/.local/lib/python3.12/site-packages/airflow/example_dags/example_xcomargs.py took 0.090 seconds
[2026-06-15T19:27:44.165+0000] {processor.py:161} INFO - Started process (PID=1867) to work on /home/airflow/.local/lib/python3.12/site-packages/airflow/example_dags/example_xcomargs.py
[2026-06-15T19:27:44.166+0000] {processor.py:830} INFO - Processing file /home/airflow/.local/lib/python3.12/site-packages/airflow/example_dags/example_xcomargs.py for tasks to queue
[2026-06-15T19:27:44.167+0000] {logging_mixin.py:188} INFO - [2026-06-15T19:27:44.167+0000] {dagbag.py:545} INFO - Filling up the DagBag from /home/airflow/.local/lib/python3.12/site-packages/airflow/example_dags/example_xcomargs.py
[2026-06-15T19:27:44.176+0000] {processor.py:840} INFO - DAG(s) 'example_xcom_args', 'example_xcom_args_with_operators' retrieved from /home/airflow/.local/lib/python3.12/site-packages/airflow/example_dags/example_xcomargs.py
[2026-06-15T19:27:44.314+0000] {logging_mixin.py:188} INFO - [2026-06-15T19:27:44.314+0000] {dag.py:3089} INFO - Sync 2 DAGs
[2026-06-15T19:27:44.327+0000] {logging_mixin.py:188} INFO - [2026-06-15T19:27:44.327+0000] {dag.py:3947} INFO - Setting next_dagrun for example_xcom_args to None, run_after=None
[2026-06-15T19:27:44.331+0000] {logging_mixin.py:188} INFO - [2026-06-15T19:27:44.330+0000] {dag.py:3947} INFO - Setting next_dagrun for example_xcom_args_with_operators to None, run_after=None
[2026-06-15T19:27:44.344+0000] {processor.py:183} INFO - Processing /home/airflow/.local/lib/python3.12/site-packages/airflow/example_dags/example_xcomargs.py took 0.183 seconds
[2026-06-15T19:28:15.378+0000] {processor.py:161} INFO - Started process (PID=1926) to work on /home/airflow/.local/lib/python3.12/site-packages/airflow/example_dags/example_xcomargs.py
[2026-06-15T19:28:15.379+0000] {processor.py:830} INFO - Processing file /home/airflow/.local/lib/python3.12/site-packages/airflow/example_dags/example_xcomargs.py for tasks to queue
[2026-06-15T19:28:15.381+0000] {logging_mixin.py:188} INFO - [2026-06-15T19:28:15.381+0000] {dagbag.py:545} INFO - Filling up the DagBag from /home/airflow/.local/lib/python3.12/site-packages/airflow/example_dags/example_xcomargs.py
[2026-06-15T19:28:15.391+0000] {processor.py:840} INFO - DAG(s) 'example_xcom_args_with_operators', 'example_xcom_args' retrieved from /home/airflow/.local/lib/python3.12/site-packages/airflow/example_dags/example_xcomargs.py
[2026-06-15T19:28:15.426+0000] {logging_mixin.py:188} INFO - [2026-06-15T19:28:15.426+0000] {dag.py:3089} INFO - Sync 2 DAGs
[2026-06-15T19:28:15.450+0000] {logging_mixin.py:188} INFO - [2026-06-15T19:28:15.449+0000] {dag.py:3947} INFO - Setting next_dagrun for example_xcom_args to None, run_after=None
[2026-06-15T19:28:15.455+0000] {logging_mixin.py:188} INFO - [2026-06-15T19:28:15.455+0000] {dag.py:3947} INFO - Setting next_dagrun for example_xcom_args_with_operators to None, run_after=None
[2026-06-15T19:28:15.529+0000] {processor.py:183} INFO - Processing /home/airflow/.local/lib/python3.12/site-packages/airflow/example_dags/example_xcomargs.py took 0.160 seconds
[2026-06-15T19:28:45.757+0000] {processor.py:161} INFO - Started process (PID=1983) to work on /home/airflow/.local/lib/python3.12/site-packages/airflow/example_dags/example_xcomargs.py
[2026-06-15T19:28:45.757+0000] {processor.py:830} INFO - Processing file /home/airflow/.local/lib/python3.12/site-packages/airflow/example_dags/example_xcomargs.py for tasks to queue
[2026-06-15T19:28:45.760+0000] {logging_mixin.py:188} INFO - [2026-06-15T19:28:45.759+0000] {dagbag.py:545} INFO - Filling up the DagBag from /home/airflow/.local/lib/python3.12/site-packages/airflow/example_dags/example_xcomargs.py
[2026-06-15T19:28:45.770+0000] {processor.py:840} INFO - DAG(s) 'example_xcom_args_with_operators', 'example_xcom_args' retrieved from /home/airflow/.local/lib/python3.12/site-packages/airflow/example_dags/example_xcomargs.py
[2026-06-15T19:28:45.797+0000] {logging_mixin.py:188} INFO - [2026-06-15T19:28:45.797+0000] {dag.py:3089} INFO - Sync 2 DAGs
[2026-06-15T19:28:45.815+0000] {logging_mixin.py:188} INFO - [2026-06-15T19:28:45.814+0000] {dag.py:3947} INFO - Setting next_dagrun for example_xcom_args to None, run_after=None
[2026-06-15T19:28:45.825+0000] {logging_mixin.py:188} INFO - [2026-06-15T19:28:45.825+0000] {dag.py:3947} INFO - Setting next_dagrun for example_xcom_args_with_operators to None, run_after=None
[2026-06-15T19:28:45.856+0000] {processor.py:183} INFO - Processing /home/airflow/.local/lib/python3.12/site-packages/airflow/example_dags/example_xcomargs.py took 0.107 seconds
[2026-06-15T19:29:16.110+0000] {processor.py:161} INFO - Started process (PID=2041) to work on /home/airflow/.local/lib/python3.12/site-packages/airflow/example_dags/example_xcomargs.py
[2026-06-15T19:29:16.112+0000] {processor.py:830} INFO - Processing file /home/airflow/.local/lib/python3.12/site-packages/airflow/example_dags/example_xcomargs.py for tasks to queue
[2026-06-15T19:29:16.116+0000] {logging_mixin.py:188} INFO - [2026-06-15T19:29:16.115+0000] {dagbag.py:545} INFO - Filling up the DagBag from /home/airflow/.local/lib/python3.12/site-packages/airflow/example_dags/example_xcomargs.py
[2026-06-15T19:29:16.134+0000] {processor.py:840} INFO - DAG(s) 'example_xcom_args_with_operators', 'example_xcom_args' retrieved from /home/airflow/.local/lib/python3.12/site-packages/airflow/example_dags/example_xcomargs.py
[2026-06-15T19:29:16.164+0000] {logging_mixin.py:188} INFO - [2026-06-15T19:29:16.164+0000] {dag.py:3089} INFO - Sync 2 DAGs
[2026-06-15T19:29:16.192+0000] {logging_mixin.py:188} INFO - [2026-06-15T19:29:16.191+0000] {dag.py:3947} INFO - Setting next_dagrun for example_xcom_args to None, run_after=None
[2026-06-15T19:29:16.198+0000] {logging_mixin.py:188} INFO - [2026-06-15T19:29:16.197+0000] {dag.py:3947} INFO - Setting next_dagrun for example_xcom_args_with_operators to None, run_after=None
[2026-06-15T19:29:16.223+0000] {processor.py:183} INFO - Processing /home/airflow/.local/lib/python3.12/site-packages/airflow/example_dags/example_xcomargs.py took 0.131 seconds
[2026-06-15T19:29:46.546+0000] {processor.py:161} INFO - Started process (PID=2099) to work on /home/airflow/.local/lib/python3.12/site-packages/airflow/example_dags/example_xcomargs.py
[2026-06-15T19:29:46.546+0000] {processor.py:830} INFO - Processing file /home/airflow/.local/lib/python3.12/site-packages/airflow/example_dags/example_xcomargs.py for tasks to queue
[2026-06-15T19:29:46.548+0000] {logging_mixin.py:188} INFO - [2026-06-15T19:29:46.548+0000] {dagbag.py:545} INFO - Filling up the DagBag from /home/airflow/.local/lib/python3.12/site-packages/airflow/example_dags/example_xcomargs.py
[2026-06-15T19:29:46.558+0000] {processor.py:840} INFO - DAG(s) 'example_xcom_args_with_operators', 'example_xcom_args' retrieved from /home/airflow/.local/lib/python3.12/site-packages/airflow/example_dags/example_xcomargs.py
[2026-06-15T19:29:46.585+0000] {logging_mixin.py:188} INFO - [2026-06-15T19:29:46.585+0000] {dag.py:3089} INFO - Sync 2 DAGs
[2026-06-15T19:29:46.603+0000] {logging_mixin.py:188} INFO - [2026-06-15T19:29:46.603+0000] {dag.py:3947} INFO - Setting next_dagrun for example_xcom_args to None, run_after=None
[2026-06-15T19:29:46.608+0000] {logging_mixin.py:188} INFO - [2026-06-15T19:29:46.608+0000] {dag.py:3947} INFO - Setting next_dagrun for example_xcom_args_with_operators to None, run_after=None
[2026-06-15T19:29:46.626+0000] {processor.py:183} INFO - Processing /home/airflow/.local/lib/python3.12/site-packages/airflow/example_dags/example_xcomargs.py took 0.092 seconds
[2026-06-15T19:30:17.112+0000] {processor.py:161} INFO - Started process (PID=2157) to work on /home/airflow/.local/lib/python3.12/site-packages/airflow/example_dags/example_xcomargs.py
[2026-06-15T19:30:17.113+0000] {processor.py:830} INFO - Processing file /home/airflow/.local/lib/python3.12/site-packages/airflow/example_dags/example_xcomargs.py for tasks to queue
[2026-06-15T19:30:17.115+0000] {logging_mixin.py:188} INFO - [2026-06-15T19:30:17.115+0000] {dagbag.py:545} INFO - Filling up the DagBag from /home/airflow/.local/lib/python3.12/site-packages/airflow/example_dags/example_xcomargs.py
[2026-06-15T19:30:17.125+0000] {processor.py:840} INFO - DAG(s) 'example_xcom_args', 'example_xcom_args_with_operators' retrieved from /home/airflow/.local/lib/python3.12/site-packages/airflow/example_dags/example_xcomargs.py
[2026-06-15T19:30:17.164+0000] {logging_mixin.py:188} INFO - [2026-06-15T19:30:17.164+0000] {dag.py:3089} INFO - Sync 2 DAGs
[2026-06-15T19:30:17.184+0000] {logging_mixin.py:188} INFO - [2026-06-15T19:30:17.183+0000] {dag.py:3947} INFO - Setting next_dagrun for example_xcom_args to None, run_after=None
[2026-06-15T19:30:17.189+0000] {logging_mixin.py:188} INFO - [2026-06-15T19:30:17.189+0000] {dag.py:3947} INFO - Setting next_dagrun for example_xcom_args_with_operators to None, run_after=None
[2026-06-15T19:30:17.209+0000] {processor.py:183} INFO - Processing /home/airflow/.local/lib/python3.12/site-packages/airflow/example_dags/example_xcomargs.py took 0.104 seconds
[2026-06-15T19:30:47.271+0000] {processor.py:161} INFO - Started process (PID=2214) to work on /home/airflow/.local/lib/python3.12/site-packages/airflow/example_dags/example_xcomargs.py
[2026-06-15T19:30:47.273+0000] {processor.py:830} INFO - Processing file /home/airflow/.local/lib/python3.12/site-packages/airflow/example_dags/example_xcomargs.py for tasks to queue
[2026-06-15T19:30:47.275+0000] {logging_mixin.py:188} INFO - [2026-06-15T19:30:47.275+0000] {dagbag.py:545} INFO - Filling up the DagBag from /home/airflow/.local/lib/python3.12/site-packages/airflow/example_dags/example_xcomargs.py
[2026-06-15T19:30:47.285+0000] {processor.py:840} INFO - DAG(s) 'example_xcom_args', 'example_xcom_args_with_operators' retrieved from /home/airflow/.local/lib/python3.12/site-packages/airflow/example_dags/example_xcomargs.py
[2026-06-15T19:30:47.314+0000] {logging_mixin.py:188} INFO - [2026-06-15T19:30:47.314+0000] {dag.py:3089} INFO - Sync 2 DAGs
[2026-06-15T19:30:47.332+0000] {logging_mixin.py:188} INFO - [2026-06-15T19:30:47.332+0000] {dag.py:3947} INFO - Setting next_dagrun for example_xcom_args to None, run_after=None
[2026-06-15T19:30:47.337+0000] {logging_mixin.py:188} INFO - [2026-06-15T19:30:47.337+0000] {dag.py:3947} INFO - Setting next_dagrun for example_xcom_args_with_operators to None, run_after=None
[2026-06-15T19:30:47.354+0000] {processor.py:183} INFO - Processing /home/airflow/.local/lib/python3.12/site-packages/airflow/example_dags/example_xcomargs.py took 0.092 seconds
[2026-06-15T19:31:18.357+0000] {processor.py:161} INFO - Started process (PID=2273) to work on /home/airflow/.local/lib/python3.12/site-packages/airflow/example_dags/example_xcomargs.py
[2026-06-15T19:31:18.360+0000] {processor.py:830} INFO - Processing file /home/airflow/.local/lib/python3.12/site-packages/airflow/example_dags/example_xcomargs.py for tasks to queue
[2026-06-15T19:31:18.368+0000] {logging_mixin.py:188} INFO - [2026-06-15T19:31:18.368+0000] {dagbag.py:545} INFO - Filling up the DagBag from /home/airflow/.local/lib/python3.12/site-packages/airflow/example_dags/example_xcomargs.py
[2026-06-15T19:31:18.403+0000] {processor.py:840} INFO - DAG(s) 'example_xcom_args', 'example_xcom_args_with_operators' retrieved from /home/airflow/.local/lib/python3.12/site-packages/airflow/example_dags/example_xcomargs.py
[2026-06-15T19:31:18.493+0000] {logging_mixin.py:188} INFO - [2026-06-15T19:31:18.493+0000] {dag.py:3089} INFO - Sync 2 DAGs
[2026-06-15T19:31:18.545+0000] {logging_mixin.py:188} INFO - [2026-06-15T19:31:18.539+0000] {dag.py:3947} INFO - Setting next_dagrun for example_xcom_args to None, run_after=None
[2026-06-15T19:31:18.562+0000] {logging_mixin.py:188} INFO - [2026-06-15T19:31:18.562+0000] {dag.py:3947} INFO - Setting next_dagrun for example_xcom_args_with_operators to None, run_after=None
[2026-06-15T19:31:18.594+0000] {processor.py:183} INFO - Processing /home/airflow/.local/lib/python3.12/site-packages/airflow/example_dags/example_xcomargs.py took 0.266 seconds
[2026-06-15T19:31:49.594+0000] {processor.py:161} INFO - Started process (PID=2331) to work on /home/airflow/.local/lib/python3.12/site-packages/airflow/example_dags/example_xcomargs.py
[2026-06-15T19:31:49.597+0000] {processor.py:830} INFO - Processing file /home/airflow/.local/lib/python3.12/site-packages/airflow/example_dags/example_xcomargs.py for tasks to queue
[2026-06-15T19:31:49.599+0000] {logging_mixin.py:188} INFO - [2026-06-15T19:31:49.598+0000] {dagbag.py:545} INFO - Filling up the DagBag from /home/airflow/.local/lib/python3.12/site-packages/airflow/example_dags/example_xcomargs.py
[2026-06-15T19:31:49.618+0000] {processor.py:840} INFO - DAG(s) 'example_xcom_args_with_operators', 'example_xcom_args' retrieved from /home/airflow/.local/lib/python3.12/site-packages/airflow/example_dags/example_xcomargs.py
[2026-06-15T19:31:49.661+0000] {logging_mixin.py:188} INFO - [2026-06-15T19:31:49.661+0000] {dag.py:3089} INFO - Sync 2 DAGs
[2026-06-15T19:31:49.678+0000] {logging_mixin.py:188} INFO - [2026-06-15T19:31:49.677+0000] {dag.py:3947} INFO - Setting next_dagrun for example_xcom_args to None, run_after=None
[2026-06-15T19:31:49.683+0000] {logging_mixin.py:188} INFO - [2026-06-15T19:31:49.682+0000] {dag.py:3947} INFO - Setting next_dagrun for example_xcom_args_with_operators to None, run_after=None
[2026-06-15T19:31:49.706+0000] {processor.py:183} INFO - Processing /home/airflow/.local/lib/python3.12/site-packages/airflow/example_dags/example_xcomargs.py took 0.128 seconds
[2026-06-15T19:32:19.748+0000] {processor.py:161} INFO - Started process (PID=2388) to work on /home/airflow/.local/lib/python3.12/site-packages/airflow/example_dags/example_xcomargs.py
[2026-06-15T19:32:19.749+0000] {processor.py:830} INFO - Processing file /home/airflow/.local/lib/python3.12/site-packages/airflow/example_dags/example_xcomargs.py for tasks to queue
[2026-06-15T19:32:19.751+0000] {logging_mixin.py:188} INFO - [2026-06-15T19:32:19.750+0000] {dagbag.py:545} INFO - Filling up the DagBag from /home/airflow/.local/lib/python3.12/site-packages/airflow/example_dags/example_xcomargs.py
[2026-06-15T19:32:19.761+0000] {processor.py:840} INFO - DAG(s) 'example_xcom_args_with_operators', 'example_xcom_args' retrieved from /home/airflow/.local/lib/python3.12/site-packages/airflow/example_dags/example_xcomargs.py
[2026-06-15T19:32:19.791+0000] {logging_mixin.py:188} INFO - [2026-06-15T19:32:19.790+0000] {dag.py:3089} INFO - Sync 2 DAGs
[2026-06-15T19:32:19.810+0000] {logging_mixin.py:188} INFO - [2026-06-15T19:32:19.809+0000] {dag.py:3947} INFO - Setting next_dagrun for example_xcom_args to None, run_after=None
[2026-06-15T19:32:19.814+0000] {logging_mixin.py:188} INFO - [2026-06-15T19:32:19.814+0000] {dag.py:3947} INFO - Setting next_dagrun for example_xcom_args_with_operators to None, run_after=None
[2026-06-15T19:32:19.834+0000] {processor.py:183} INFO - Processing /home/airflow/.local/lib/python3.12/site-packages/airflow/example_dags/example_xcomargs.py took 0.094 seconds
[2026-06-15T19:32:50.272+0000] {processor.py:161} INFO - Started process (PID=2446) to work on /home/airflow/.local/lib/python3.12/site-packages/airflow/example_dags/example_xcomargs.py
[2026-06-15T19:32:50.273+0000] {processor.py:830} INFO - Processing file /home/airflow/.local/lib/python3.12/site-packages/airflow/example_dags/example_xcomargs.py for tasks to queue
[2026-06-15T19:32:50.275+0000] {logging_mixin.py:188} INFO - [2026-06-15T19:32:50.275+0000] {dagbag.py:545} INFO - Filling up the DagBag from /home/airflow/.local/lib/python3.12/site-packages/airflow/example_dags/example_xcomargs.py
[2026-06-15T19:32:50.285+0000] {processor.py:840} INFO - DAG(s) 'example_xcom_args', 'example_xcom_args_with_operators' retrieved from /home/airflow/.local/lib/python3.12/site-packages/airflow/example_dags/example_xcomargs.py
[2026-06-15T19:32:50.311+0000] {logging_mixin.py:188} INFO - [2026-06-15T19:32:50.311+0000] {dag.py:3089} INFO - Sync 2 DAGs
[2026-06-15T19:32:50.329+0000] {logging_mixin.py:188} INFO - [2026-06-15T19:32:50.329+0000] {dag.py:3947} INFO - Setting next_dagrun for example_xcom_args to None, run_after=None
[2026-06-15T19:32:50.334+0000] {logging_mixin.py:188} INFO - [2026-06-15T19:32:50.334+0000] {dag.py:3947} INFO - Setting next_dagrun for example_xcom_args_with_operators to None, run_after=None
[2026-06-15T19:32:50.352+0000] {processor.py:183} INFO - Processing /home/airflow/.local/lib/python3.12/site-packages/airflow/example_dags/example_xcomargs.py took 0.090 seconds
[2026-06-15T19:33:20.544+0000] {processor.py:161} INFO - Started process (PID=2503) to work on /home/airflow/.local/lib/python3.12/site-packages/airflow/example_dags/example_xcomargs.py
[2026-06-15T19:33:20.545+0000] {processor.py:830} INFO - Processing file /home/airflow/.local/lib/python3.12/site-packages/airflow/example_dags/example_xcomargs.py for tasks to queue
[2026-06-15T19:33:20.547+0000] {logging_mixin.py:188} INFO - [2026-06-15T19:33:20.547+0000] {dagbag.py:545} INFO - Filling up the DagBag from /home/airflow/.local/lib/python3.12/site-packages/airflow/example_dags/example_xcomargs.py
[2026-06-15T19:33:20.557+0000] {processor.py:840} INFO - DAG(s) 'example_xcom_args', 'example_xcom_args_with_operators' retrieved from /home/airflow/.local/lib/python3.12/site-packages/airflow/example_dags/example_xcomargs.py
[2026-06-15T19:33:20.583+0000] {logging_mixin.py:188} INFO - [2026-06-15T19:33:20.583+0000] {dag.py:3089} INFO - Sync 2 DAGs
[2026-06-15T19:33:20.601+0000] {logging_mixin.py:188} INFO - [2026-06-15T19:33:20.601+0000] {dag.py:3947} INFO - Setting next_dagrun for example_xcom_args to None, run_after=None
[2026-06-15T19:33:20.606+0000] {logging_mixin.py:188} INFO - [2026-06-15T19:33:20.606+0000] {dag.py:3947} INFO - Setting next_dagrun for example_xcom_args_with_operators to None, run_after=None
[2026-06-15T19:33:20.626+0000] {processor.py:183} INFO - Processing /home/airflow/.local/lib/python3.12/site-packages/airflow/example_dags/example_xcomargs.py took 0.092 seconds
[2026-06-15T19:33:51.219+0000] {processor.py:161} INFO - Started process (PID=2561) to work on /home/airflow/.local/lib/python3.12/site-packages/airflow/example_dags/example_xcomargs.py
[2026-06-15T19:33:51.220+0000] {processor.py:830} INFO - Processing file /home/airflow/.local/lib/python3.12/site-packages/airflow/example_dags/example_xcomargs.py for tasks to queue
[2026-06-15T19:33:51.222+0000] {logging_mixin.py:188} INFO - [2026-06-15T19:33:51.221+0000] {dagbag.py:545} INFO - Filling up the DagBag from /home/airflow/.local/lib/python3.12/site-packages/airflow/example_dags/example_xcomargs.py
[2026-06-15T19:33:51.231+0000] {processor.py:840} INFO - DAG(s) 'example_xcom_args_with_operators', 'example_xcom_args' retrieved from /home/airflow/.local/lib/python3.12/site-packages/airflow/example_dags/example_xcomargs.py
[2026-06-15T19:33:51.258+0000] {logging_mixin.py:188} INFO - [2026-06-15T19:33:51.258+0000] {dag.py:3089} INFO - Sync 2 DAGs
[2026-06-15T19:33:51.276+0000] {logging_mixin.py:188} INFO - [2026-06-15T19:33:51.276+0000] {dag.py:3947} INFO - Setting next_dagrun for example_xcom_args to None, run_after=None
[2026-06-15T19:33:51.280+0000] {logging_mixin.py:188} INFO - [2026-06-15T19:33:51.280+0000] {dag.py:3947} INFO - Setting next_dagrun for example_xcom_args_with_operators to None, run_after=None
[2026-06-15T19:33:51.298+0000] {processor.py:183} INFO - Processing /home/airflow/.local/lib/python3.12/site-packages/airflow/example_dags/example_xcomargs.py took 0.086 seconds
[2026-06-15T19:34:21.647+0000] {processor.py:161} INFO - Started process (PID=2618) to work on /home/airflow/.local/lib/python3.12/site-packages/airflow/example_dags/example_xcomargs.py
[2026-06-15T19:34:21.648+0000] {processor.py:830} INFO - Processing file /home/airflow/.local/lib/python3.12/site-packages/airflow/example_dags/example_xcomargs.py for tasks to queue
[2026-06-15T19:34:21.650+0000] {logging_mixin.py:188} INFO - [2026-06-15T19:34:21.649+0000] {dagbag.py:545} INFO - Filling up the DagBag from /home/airflow/.local/lib/python3.12/site-packages/airflow/example_dags/example_xcomargs.py
[2026-06-15T19:34:21.662+0000] {processor.py:840} INFO - DAG(s) 'example_xcom_args_with_operators', 'example_xcom_args' retrieved from /home/airflow/.local/lib/python3.12/site-packages/airflow/example_dags/example_xcomargs.py
[2026-06-15T19:34:21.689+0000] {logging_mixin.py:188} INFO - [2026-06-15T19:34:21.688+0000] {dag.py:3089} INFO - Sync 2 DAGs
[2026-06-15T19:34:21.707+0000] {logging_mixin.py:188} INFO - [2026-06-15T19:34:21.706+0000] {dag.py:3947} INFO - Setting next_dagrun for example_xcom_args to None, run_after=None
[2026-06-15T19:34:21.711+0000] {logging_mixin.py:188} INFO - [2026-06-15T19:34:21.711+0000] {dag.py:3947} INFO - Setting next_dagrun for example_xcom_args_with_operators to None, run_after=None
[2026-06-15T19:34:21.730+0000] {processor.py:183} INFO - Processing /home/airflow/.local/lib/python3.12/site-packages/airflow/example_dags/example_xcomargs.py took 0.094 seconds
[2026-06-15T19:34:52.018+0000] {processor.py:161} INFO - Started process (PID=2676) to work on /home/airflow/.local/lib/python3.12/site-packages/airflow/example_dags/example_xcomargs.py
[2026-06-15T19:34:52.019+0000] {processor.py:830} INFO - Processing file /home/airflow/.local/lib/python3.12/site-packages/airflow/example_dags/example_xcomargs.py for tasks to queue
[2026-06-15T19:34:52.021+0000] {logging_mixin.py:188} INFO - [2026-06-15T19:34:52.021+0000] {dagbag.py:545} INFO - Filling up the DagBag from /home/airflow/.local/lib/python3.12/site-packages/airflow/example_dags/example_xcomargs.py
[2026-06-15T19:34:52.030+0000] {processor.py:840} INFO - DAG(s) 'example_xcom_args', 'example_xcom_args_with_operators' retrieved from /home/airflow/.local/lib/python3.12/site-packages/airflow/example_dags/example_xcomargs.py
[2026-06-15T19:34:52.057+0000] {logging_mixin.py:188} INFO - [2026-06-15T19:34:52.057+0000] {dag.py:3089} INFO - Sync 2 DAGs
[2026-06-15T19:34:52.075+0000] {logging_mixin.py:188} INFO - [2026-06-15T19:34:52.075+0000] {dag.py:3947} INFO - Setting next_dagrun for example_xcom_args to None, run_after=None
[2026-06-15T19:34:52.080+0000] {logging_mixin.py:188} INFO - [2026-06-15T19:34:52.080+0000] {dag.py:3947} INFO - Setting next_dagrun for example_xcom_args_with_operators to None, run_after=None
[2026-06-15T19:34:52.101+0000] {processor.py:183} INFO - Processing /home/airflow/.local/lib/python3.12/site-packages/airflow/example_dags/example_xcomargs.py took 0.094 seconds
[2026-06-15T19:35:22.480+0000] {processor.py:161} INFO - Started process (PID=2734) to work on /home/airflow/.local/lib/python3.12/site-packages/airflow/example_dags/example_xcomargs.py
[2026-06-15T19:35:22.481+0000] {processor.py:830} INFO - Processing file /home/airflow/.local/lib/python3.12/site-packages/airflow/example_dags/example_xcomargs.py for tasks to queue
[2026-06-15T19:35:22.483+0000] {logging_mixin.py:188} INFO - [2026-06-15T19:35:22.483+0000] {dagbag.py:545} INFO - Filling up the DagBag from /home/airflow/.local/lib/python3.12/site-packages/airflow/example_dags/example_xcomargs.py
[2026-06-15T19:35:22.493+0000] {processor.py:840} INFO - DAG(s) 'example_xcom_args', 'example_xcom_args_with_operators' retrieved from /home/airflow/.local/lib/python3.12/site-packages/airflow/example_dags/example_xcomargs.py
[2026-06-15T19:35:22.522+0000] {logging_mixin.py:188} INFO - [2026-06-15T19:35:22.522+0000] {dag.py:3089} INFO - Sync 2 DAGs
[2026-06-15T19:35:22.540+0000] {logging_mixin.py:188} INFO - [2026-06-15T19:35:22.539+0000] {dag.py:3947} INFO - Setting next_dagrun for example_xcom_args to None, run_after=None
[2026-06-15T19:35:22.544+0000] {logging_mixin.py:188} INFO - [2026-06-15T19:35:22.544+0000] {dag.py:3947} INFO - Setting next_dagrun for example_xcom_args_with_operators to None, run_after=None
[2026-06-15T19:35:22.562+0000] {processor.py:183} INFO - Processing /home/airflow/.local/lib/python3.12/site-packages/airflow/example_dags/example_xcomargs.py took 0.089 seconds
[2026-06-15T19:35:52.797+0000] {processor.py:161} INFO - Started process (PID=2792) to work on /home/airflow/.local/lib/python3.12/site-packages/airflow/example_dags/example_xcomargs.py
[2026-06-15T19:35:52.798+0000] {processor.py:830} INFO - Processing file /home/airflow/.local/lib/python3.12/site-packages/airflow/example_dags/example_xcomargs.py for tasks to queue
[2026-06-15T19:35:52.800+0000] {logging_mixin.py:188} INFO - [2026-06-15T19:35:52.799+0000] {dagbag.py:545} INFO - Filling up the DagBag from /home/airflow/.local/lib/python3.12/site-packages/airflow/example_dags/example_xcomargs.py
[2026-06-15T19:35:52.812+0000] {processor.py:840} INFO - DAG(s) 'example_xcom_args', 'example_xcom_args_with_operators' retrieved from /home/airflow/.local/lib/python3.12/site-packages/airflow/example_dags/example_xcomargs.py
[2026-06-15T19:35:52.840+0000] {logging_mixin.py:188} INFO - [2026-06-15T19:35:52.840+0000] {dag.py:3089} INFO - Sync 2 DAGs
[2026-06-15T19:35:52.858+0000] {logging_mixin.py:188} INFO - [2026-06-15T19:35:52.857+0000] {dag.py:3947} INFO - Setting next_dagrun for example_xcom_args to None, run_after=None
[2026-06-15T19:35:52.862+0000] {logging_mixin.py:188} INFO - [2026-06-15T19:35:52.862+0000] {dag.py:3947} INFO - Setting next_dagrun for example_xcom_args_with_operators to None, run_after=None
[2026-06-15T19:35:52.886+0000] {processor.py:183} INFO - Processing /home/airflow/.local/lib/python3.12/site-packages/airflow/example_dags/example_xcomargs.py took 0.097 seconds
[2026-06-15T19:36:23.267+0000] {processor.py:161} INFO - Started process (PID=2850) to work on /home/airflow/.local/lib/python3.12/site-packages/airflow/example_dags/example_xcomargs.py
[2026-06-15T19:36:23.268+0000] {processor.py:830} INFO - Processing file /home/airflow/.local/lib/python3.12/site-packages/airflow/example_dags/example_xcomargs.py for tasks to queue
[2026-06-15T19:36:23.270+0000] {logging_mixin.py:188} INFO - [2026-06-15T19:36:23.269+0000] {dagbag.py:545} INFO - Filling up the DagBag from /home/airflow/.local/lib/python3.12/site-packages/airflow/example_dags/example_xcomargs.py
[2026-06-15T19:36:23.280+0000] {processor.py:840} INFO - DAG(s) 'example_xcom_args_with_operators', 'example_xcom_args' retrieved from /home/airflow/.local/lib/python3.12/site-packages/airflow/example_dags/example_xcomargs.py
[2026-06-15T19:36:23.347+0000] {logging_mixin.py:188} INFO - [2026-06-15T19:36:23.347+0000] {dag.py:3089} INFO - Sync 2 DAGs
[2026-06-15T19:36:23.374+0000] {logging_mixin.py:188} INFO - [2026-06-15T19:36:23.373+0000] {dag.py:3947} INFO - Setting next_dagrun for example_xcom_args to None, run_after=None
[2026-06-15T19:36:23.379+0000] {logging_mixin.py:188} INFO - [2026-06-15T19:36:23.379+0000] {dag.py:3947} INFO - Setting next_dagrun for example_xcom_args_with_operators to None, run_after=None
[2026-06-15T19:36:23.397+0000] {processor.py:183} INFO - Processing /home/airflow/.local/lib/python3.12/site-packages/airflow/example_dags/example_xcomargs.py took 0.138 seconds
[2026-06-15T19:36:53.703+0000] {processor.py:161} INFO - Started process (PID=2908) to work on /home/airflow/.local/lib/python3.12/site-packages/airflow/example_dags/example_xcomargs.py
[2026-06-15T19:36:53.703+0000] {processor.py:830} INFO - Processing file /home/airflow/.local/lib/python3.12/site-packages/airflow/example_dags/example_xcomargs.py for tasks to queue
[2026-06-15T19:36:53.705+0000] {logging_mixin.py:188} INFO - [2026-06-15T19:36:53.705+0000] {dagbag.py:545} INFO - Filling up the DagBag from /home/airflow/.local/lib/python3.12/site-packages/airflow/example_dags/example_xcomargs.py
[2026-06-15T19:36:53.716+0000] {processor.py:840} INFO - DAG(s) 'example_xcom_args_with_operators', 'example_xcom_args' retrieved from /home/airflow/.local/lib/python3.12/site-packages/airflow/example_dags/example_xcomargs.py
[2026-06-15T19:36:53.743+0000] {logging_mixin.py:188} INFO - [2026-06-15T19:36:53.743+0000] {dag.py:3089} INFO - Sync 2 DAGs
[2026-06-15T19:36:53.763+0000] {logging_mixin.py:188} INFO - [2026-06-15T19:36:53.763+0000] {dag.py:3947} INFO - Setting next_dagrun for example_xcom_args to None, run_after=None
[2026-06-15T19:36:53.768+0000] {logging_mixin.py:188} INFO - [2026-06-15T19:36:53.767+0000] {dag.py:3947} INFO - Setting next_dagrun for example_xcom_args_with_operators to None, run_after=None
[2026-06-15T19:36:53.785+0000] {processor.py:183} INFO - Processing /home/airflow/.local/lib/python3.12/site-packages/airflow/example_dags/example_xcomargs.py took 0.093 seconds
[2026-06-15T19:37:23.856+0000] {processor.py:161} INFO - Started process (PID=2965) to work on /home/airflow/.local/lib/python3.12/site-packages/airflow/example_dags/example_xcomargs.py
[2026-06-15T19:37:23.857+0000] {processor.py:830} INFO - Processing file /home/airflow/.local/lib/python3.12/site-packages/airflow/example_dags/example_xcomargs.py for tasks to queue
[2026-06-15T19:37:23.859+0000] {logging_mixin.py:188} INFO - [2026-06-15T19:37:23.858+0000] {dagbag.py:545} INFO - Filling up the DagBag from /home/airflow/.local/lib/python3.12/site-packages/airflow/example_dags/example_xcomargs.py
[2026-06-15T19:37:23.869+0000] {processor.py:840} INFO - DAG(s) 'example_xcom_args', 'example_xcom_args_with_operators' retrieved from /home/airflow/.local/lib/python3.12/site-packages/airflow/example_dags/example_xcomargs.py
[2026-06-15T19:37:23.900+0000] {logging_mixin.py:188} INFO - [2026-06-15T19:37:23.900+0000] {dag.py:3089} INFO - Sync 2 DAGs
[2026-06-15T19:37:23.920+0000] {logging_mixin.py:188} INFO - [2026-06-15T19:37:23.920+0000] {dag.py:3947} INFO - Setting next_dagrun for example_xcom_args to None, run_after=None
[2026-06-15T19:37:23.925+0000] {logging_mixin.py:188} INFO - [2026-06-15T19:37:23.925+0000] {dag.py:3947} INFO - Setting next_dagrun for example_xcom_args_with_operators to None, run_after=None
[2026-06-15T19:37:23.942+0000] {processor.py:183} INFO - Processing /home/airflow/.local/lib/python3.12/site-packages/airflow/example_dags/example_xcomargs.py took 0.094 seconds
[2026-06-15T19:37:54.312+0000] {processor.py:161} INFO - Started process (PID=3022) to work on /home/airflow/.local/lib/python3.12/site-packages/airflow/example_dags/example_xcomargs.py
[2026-06-15T19:37:54.313+0000] {processor.py:830} INFO - Processing file /home/airflow/.local/lib/python3.12/site-packages/airflow/example_dags/example_xcomargs.py for tasks to queue
[2026-06-15T19:37:54.315+0000] {logging_mixin.py:188} INFO - [2026-06-15T19:37:54.315+0000] {dagbag.py:545} INFO - Filling up the DagBag from /home/airflow/.local/lib/python3.12/site-packages/airflow/example_dags/example_xcomargs.py
[2026-06-15T19:37:54.325+0000] {processor.py:840} INFO - DAG(s) 'example_xcom_args_with_operators', 'example_xcom_args' retrieved from /home/airflow/.local/lib/python3.12/site-packages/airflow/example_dags/example_xcomargs.py
[2026-06-15T19:37:54.355+0000] {logging_mixin.py:188} INFO - [2026-06-15T19:37:54.355+0000] {dag.py:3089} INFO - Sync 2 DAGs
[2026-06-15T19:37:54.373+0000] {logging_mixin.py:188} INFO - [2026-06-15T19:37:54.373+0000] {dag.py:3947} INFO - Setting next_dagrun for example_xcom_args to None, run_after=None
[2026-06-15T19:37:54.378+0000] {logging_mixin.py:188} INFO - [2026-06-15T19:37:54.377+0000] {dag.py:3947} INFO - Setting next_dagrun for example_xcom_args_with_operators to None, run_after=None
[2026-06-15T19:37:54.395+0000] {processor.py:183} INFO - Processing /home/airflow/.local/lib/python3.12/site-packages/airflow/example_dags/example_xcomargs.py took 0.090 seconds
[2026-06-15T19:38:24.717+0000] {processor.py:161} INFO - Started process (PID=3081) to work on /home/airflow/.local/lib/python3.12/site-packages/airflow/example_dags/example_xcomargs.py
[2026-06-15T19:38:24.722+0000] {processor.py:830} INFO - Processing file /home/airflow/.local/lib/python3.12/site-packages/airflow/example_dags/example_xcomargs.py for tasks to queue
[2026-06-15T19:38:24.726+0000] {logging_mixin.py:188} INFO - [2026-06-15T19:38:24.725+0000] {dagbag.py:545} INFO - Filling up the DagBag from /home/airflow/.local/lib/python3.12/site-packages/airflow/example_dags/example_xcomargs.py
[2026-06-15T19:38:24.753+0000] {processor.py:840} INFO - DAG(s) 'example_xcom_args_with_operators', 'example_xcom_args' retrieved from /home/airflow/.local/lib/python3.12/site-packages/airflow/example_dags/example_xcomargs.py
[2026-06-15T19:38:24.814+0000] {logging_mixin.py:188} INFO - [2026-06-15T19:38:24.814+0000] {dag.py:3089} INFO - Sync 2 DAGs
[2026-06-15T19:38:24.847+0000] {logging_mixin.py:188} INFO - [2026-06-15T19:38:24.847+0000] {dag.py:3947} INFO - Setting next_dagrun for example_xcom_args to None, run_after=None
[2026-06-15T19:38:24.856+0000] {logging_mixin.py:188} INFO - [2026-06-15T19:38:24.856+0000] {dag.py:3947} INFO - Setting next_dagrun for example_xcom_args_with_operators to None, run_after=None
[2026-06-15T19:38:24.890+0000] {processor.py:183} INFO - Processing /home/airflow/.local/lib/python3.12/site-packages/airflow/example_dags/example_xcomargs.py took 0.214 seconds
[2026-06-15T19:38:55.276+0000] {processor.py:161} INFO - Started process (PID=3139) to work on /home/airflow/.local/lib/python3.12/site-packages/airflow/example_dags/example_xcomargs.py
[2026-06-15T19:38:55.279+0000] {processor.py:830} INFO - Processing file /home/airflow/.local/lib/python3.12/site-packages/airflow/example_dags/example_xcomargs.py for tasks to queue
[2026-06-15T19:38:55.283+0000] {logging_mixin.py:188} INFO - [2026-06-15T19:38:55.283+0000] {dagbag.py:545} INFO - Filling up the DagBag from /home/airflow/.local/lib/python3.12/site-packages/airflow/example_dags/example_xcomargs.py
[2026-06-15T19:38:55.304+0000] {processor.py:840} INFO - DAG(s) 'example_xcom_args_with_operators', 'example_xcom_args' retrieved from /home/airflow/.local/lib/python3.12/site-packages/airflow/example_dags/example_xcomargs.py
[2026-06-15T19:38:55.378+0000] {logging_mixin.py:188} INFO - [2026-06-15T19:38:55.378+0000] {dag.py:3089} INFO - Sync 2 DAGs
[2026-06-15T19:38:55.421+0000] {logging_mixin.py:188} INFO - [2026-06-15T19:38:55.421+0000] {dag.py:3947} INFO - Setting next_dagrun for example_xcom_args to None, run_after=None
[2026-06-15T19:38:55.435+0000] {logging_mixin.py:188} INFO - [2026-06-15T19:38:55.435+0000] {dag.py:3947} INFO - Setting next_dagrun for example_xcom_args_with_operators to None, run_after=None
[2026-06-15T19:38:55.476+0000] {processor.py:183} INFO - Processing /home/airflow/.local/lib/python3.12/site-packages/airflow/example_dags/example_xcomargs.py took 0.214 seconds
[2026-06-15T19:39:25.722+0000] {processor.py:161} INFO - Started process (PID=3197) to work on /home/airflow/.local/lib/python3.12/site-packages/airflow/example_dags/example_xcomargs.py
[2026-06-15T19:39:25.723+0000] {processor.py:830} INFO - Processing file /home/airflow/.local/lib/python3.12/site-packages/airflow/example_dags/example_xcomargs.py for tasks to queue
[2026-06-15T19:39:25.725+0000] {logging_mixin.py:188} INFO - [2026-06-15T19:39:25.725+0000] {dagbag.py:545} INFO - Filling up the DagBag from /home/airflow/.local/lib/python3.12/site-packages/airflow/example_dags/example_xcomargs.py
[2026-06-15T19:39:25.735+0000] {processor.py:840} INFO - DAG(s) 'example_xcom_args_with_operators', 'example_xcom_args' retrieved from /home/airflow/.local/lib/python3.12/site-packages/airflow/example_dags/example_xcomargs.py
[2026-06-15T19:39:25.762+0000] {logging_mixin.py:188} INFO - [2026-06-15T19:39:25.762+0000] {dag.py:3089} INFO - Sync 2 DAGs
[2026-06-15T19:39:25.782+0000] {logging_mixin.py:188} INFO - [2026-06-15T19:39:25.782+0000] {dag.py:3947} INFO - Setting next_dagrun for example_xcom_args to None, run_after=None
[2026-06-15T19:39:25.788+0000] {logging_mixin.py:188} INFO - [2026-06-15T19:39:25.787+0000] {dag.py:3947} INFO - Setting next_dagrun for example_xcom_args_with_operators to None, run_after=None
[2026-06-15T19:39:25.807+0000] {processor.py:183} INFO - Processing /home/airflow/.local/lib/python3.12/site-packages/airflow/example_dags/example_xcomargs.py took 0.092 seconds
[2026-06-15T19:39:56.095+0000] {processor.py:161} INFO - Started process (PID=3255) to work on /home/airflow/.local/lib/python3.12/site-packages/airflow/example_dags/example_xcomargs.py
[2026-06-15T19:39:56.096+0000] {processor.py:830} INFO - Processing file /home/airflow/.local/lib/python3.12/site-packages/airflow/example_dags/example_xcomargs.py for tasks to queue
[2026-06-15T19:39:56.097+0000] {logging_mixin.py:188} INFO - [2026-06-15T19:39:56.097+0000] {dagbag.py:545} INFO - Filling up the DagBag from /home/airflow/.local/lib/python3.12/site-packages/airflow/example_dags/example_xcomargs.py
[2026-06-15T19:39:56.107+0000] {processor.py:840} INFO - DAG(s) 'example_xcom_args', 'example_xcom_args_with_operators' retrieved from /home/airflow/.local/lib/python3.12/site-packages/airflow/example_dags/example_xcomargs.py
[2026-06-15T19:39:56.140+0000] {logging_mixin.py:188} INFO - [2026-06-15T19:39:56.140+0000] {dag.py:3089} INFO - Sync 2 DAGs
[2026-06-15T19:39:56.168+0000] {logging_mixin.py:188} INFO - [2026-06-15T19:39:56.168+0000] {dag.py:3947} INFO - Setting next_dagrun for example_xcom_args to None, run_after=None
[2026-06-15T19:39:56.179+0000] {logging_mixin.py:188} INFO - [2026-06-15T19:39:56.179+0000] {dag.py:3947} INFO - Setting next_dagrun for example_xcom_args_with_operators to None, run_after=None
[2026-06-15T19:39:56.221+0000] {processor.py:183} INFO - Processing /home/airflow/.local/lib/python3.12/site-packages/airflow/example_dags/example_xcomargs.py took 0.134 seconds
[2026-06-15T19:40:26.685+0000] {processor.py:161} INFO - Started process (PID=3311) to work on /home/airflow/.local/lib/python3.12/site-packages/airflow/example_dags/example_xcomargs.py
[2026-06-15T19:40:26.686+0000] {processor.py:830} INFO - Processing file /home/airflow/.local/lib/python3.12/site-packages/airflow/example_dags/example_xcomargs.py for tasks to queue
[2026-06-15T19:40:26.688+0000] {logging_mixin.py:188} INFO - [2026-06-15T19:40:26.688+0000] {dagbag.py:545} INFO - Filling up the DagBag from /home/airflow/.local/lib/python3.12/site-packages/airflow/example_dags/example_xcomargs.py
[2026-06-15T19:40:26.699+0000] {processor.py:840} INFO - DAG(s) 'example_xcom_args', 'example_xcom_args_with_operators' retrieved from /home/airflow/.local/lib/python3.12/site-packages/airflow/example_dags/example_xcomargs.py
[2026-06-15T19:40:26.729+0000] {logging_mixin.py:188} INFO - [2026-06-15T19:40:26.728+0000] {dag.py:3089} INFO - Sync 2 DAGs
[2026-06-15T19:40:26.746+0000] {logging_mixin.py:188} INFO - [2026-06-15T19:40:26.746+0000] {dag.py:3947} INFO - Setting next_dagrun for example_xcom_args to None, run_after=None
[2026-06-15T19:40:26.751+0000] {logging_mixin.py:188} INFO - [2026-06-15T19:40:26.751+0000] {dag.py:3947} INFO - Setting next_dagrun for example_xcom_args_with_operators to None, run_after=None
[2026-06-15T19:40:26.769+0000] {processor.py:183} INFO - Processing /home/airflow/.local/lib/python3.12/site-packages/airflow/example_dags/example_xcomargs.py took 0.100 seconds
[2026-06-15T19:40:57.038+0000] {processor.py:161} INFO - Started process (PID=3369) to work on /home/airflow/.local/lib/python3.12/site-packages/airflow/example_dags/example_xcomargs.py
[2026-06-15T19:40:57.038+0000] {processor.py:830} INFO - Processing file /home/airflow/.local/lib/python3.12/site-packages/airflow/example_dags/example_xcomargs.py for tasks to queue
[2026-06-15T19:40:57.041+0000] {logging_mixin.py:188} INFO - [2026-06-15T19:40:57.040+0000] {dagbag.py:545} INFO - Filling up the DagBag from /home/airflow/.local/lib/python3.12/site-packages/airflow/example_dags/example_xcomargs.py
[2026-06-15T19:40:57.055+0000] {processor.py:840} INFO - DAG(s) 'example_xcom_args_with_operators', 'example_xcom_args' retrieved from /home/airflow/.local/lib/python3.12/site-packages/airflow/example_dags/example_xcomargs.py
[2026-06-15T19:40:57.082+0000] {logging_mixin.py:188} INFO - [2026-06-15T19:40:57.082+0000] {dag.py:3089} INFO - Sync 2 DAGs
[2026-06-15T19:40:57.099+0000] {logging_mixin.py:188} INFO - [2026-06-15T19:40:57.099+0000] {dag.py:3947} INFO - Setting next_dagrun for example_xcom_args to None, run_after=None
[2026-06-15T19:40:57.104+0000] {logging_mixin.py:188} INFO - [2026-06-15T19:40:57.104+0000] {dag.py:3947} INFO - Setting next_dagrun for example_xcom_args_with_operators to None, run_after=None
[2026-06-15T19:40:57.122+0000] {processor.py:183} INFO - Processing /home/airflow/.local/lib/python3.12/site-packages/airflow/example_dags/example_xcomargs.py took 0.092 seconds
[2026-06-15T19:41:27.441+0000] {processor.py:161} INFO - Started process (PID=3426) to work on /home/airflow/.local/lib/python3.12/site-packages/airflow/example_dags/example_xcomargs.py
[2026-06-15T19:41:27.442+0000] {processor.py:830} INFO - Processing file /home/airflow/.local/lib/python3.12/site-packages/airflow/example_dags/example_xcomargs.py for tasks to queue
[2026-06-15T19:41:27.444+0000] {logging_mixin.py:188} INFO - [2026-06-15T19:41:27.443+0000] {dagbag.py:545} INFO - Filling up the DagBag from /home/airflow/.local/lib/python3.12/site-packages/airflow/example_dags/example_xcomargs.py
[2026-06-15T19:41:27.455+0000] {processor.py:840} INFO - DAG(s) 'example_xcom_args', 'example_xcom_args_with_operators' retrieved from /home/airflow/.local/lib/python3.12/site-packages/airflow/example_dags/example_xcomargs.py
[2026-06-15T19:41:27.497+0000] {logging_mixin.py:188} INFO - [2026-06-15T19:41:27.496+0000] {dag.py:3089} INFO - Sync 2 DAGs
[2026-06-15T19:41:27.531+0000] {logging_mixin.py:188} INFO - [2026-06-15T19:41:27.530+0000] {dag.py:3947} INFO - Setting next_dagrun for example_xcom_args to None, run_after=None
[2026-06-15T19:41:27.537+0000] {logging_mixin.py:188} INFO - [2026-06-15T19:41:27.537+0000] {dag.py:3947} INFO - Setting next_dagrun for example_xcom_args_with_operators to None, run_after=None
[2026-06-15T19:41:27.569+0000] {processor.py:183} INFO - Processing /home/airflow/.local/lib/python3.12/site-packages/airflow/example_dags/example_xcomargs.py took 0.137 seconds
[2026-06-15T19:41:57.937+0000] {processor.py:161} INFO - Started process (PID=3484) to work on /home/airflow/.local/lib/python3.12/site-packages/airflow/example_dags/example_xcomargs.py
[2026-06-15T19:41:57.940+0000] {processor.py:830} INFO - Processing file /home/airflow/.local/lib/python3.12/site-packages/airflow/example_dags/example_xcomargs.py for tasks to queue
[2026-06-15T19:41:57.943+0000] {logging_mixin.py:188} INFO - [2026-06-15T19:41:57.943+0000] {dagbag.py:545} INFO - Filling up the DagBag from /home/airflow/.local/lib/python3.12/site-packages/airflow/example_dags/example_xcomargs.py
[2026-06-15T19:41:57.962+0000] {processor.py:840} INFO - DAG(s) 'example_xcom_args', 'example_xcom_args_with_operators' retrieved from /home/airflow/.local/lib/python3.12/site-packages/airflow/example_dags/example_xcomargs.py
[2026-06-15T19:41:58.020+0000] {logging_mixin.py:188} INFO - [2026-06-15T19:41:58.018+0000] {dag.py:3089} INFO - Sync 2 DAGs
[2026-06-15T19:41:58.050+0000] {logging_mixin.py:188} INFO - [2026-06-15T19:41:58.050+0000] {dag.py:3947} INFO - Setting next_dagrun for example_xcom_args to None, run_after=None
[2026-06-15T19:41:58.055+0000] {logging_mixin.py:188} INFO - [2026-06-15T19:41:58.055+0000] {dag.py:3947} INFO - Setting next_dagrun for example_xcom_args_with_operators to None, run_after=None
[2026-06-15T19:41:58.082+0000] {processor.py:183} INFO - Processing /home/airflow/.local/lib/python3.12/site-packages/airflow/example_dags/example_xcomargs.py took 0.157 seconds
[2026-06-15T19:42:28.123+0000] {processor.py:161} INFO - Started process (PID=3541) to work on /home/airflow/.local/lib/python3.12/site-packages/airflow/example_dags/example_xcomargs.py
[2026-06-15T19:42:28.124+0000] {processor.py:830} INFO - Processing file /home/airflow/.local/lib/python3.12/site-packages/airflow/example_dags/example_xcomargs.py for tasks to queue
[2026-06-15T19:42:28.125+0000] {logging_mixin.py:188} INFO - [2026-06-15T19:42:28.125+0000] {dagbag.py:545} INFO - Filling up the DagBag from /home/airflow/.local/lib/python3.12/site-packages/airflow/example_dags/example_xcomargs.py
[2026-06-15T19:42:28.133+0000] {processor.py:840} INFO - DAG(s) 'example_xcom_args', 'example_xcom_args_with_operators' retrieved from /home/airflow/.local/lib/python3.12/site-packages/airflow/example_dags/example_xcomargs.py
[2026-06-15T19:42:28.153+0000] {logging_mixin.py:188} INFO - [2026-06-15T19:42:28.153+0000] {dag.py:3089} INFO - Sync 2 DAGs
[2026-06-15T19:42:28.164+0000] {logging_mixin.py:188} INFO - [2026-06-15T19:42:28.164+0000] {dag.py:3947} INFO - Setting next_dagrun for example_xcom_args to None, run_after=None
[2026-06-15T19:42:28.167+0000] {logging_mixin.py:188} INFO - [2026-06-15T19:42:28.167+0000] {dag.py:3947} INFO - Setting next_dagrun for example_xcom_args_with_operators to None, run_after=None
[2026-06-15T19:42:28.181+0000] {processor.py:183} INFO - Processing /home/airflow/.local/lib/python3.12/site-packages/airflow/example_dags/example_xcomargs.py took 0.063 seconds
[2026-06-15T19:42:58.541+0000] {processor.py:161} INFO - Started process (PID=3599) to work on /home/airflow/.local/lib/python3.12/site-packages/airflow/example_dags/example_xcomargs.py
[2026-06-15T19:42:58.542+0000] {processor.py:830} INFO - Processing file /home/airflow/.local/lib/python3.12/site-packages/airflow/example_dags/example_xcomargs.py for tasks to queue
[2026-06-15T19:42:58.543+0000] {logging_mixin.py:188} INFO - [2026-06-15T19:42:58.543+0000] {dagbag.py:545} INFO - Filling up the DagBag from /home/airflow/.local/lib/python3.12/site-packages/airflow/example_dags/example_xcomargs.py
[2026-06-15T19:42:58.550+0000] {processor.py:840} INFO - DAG(s) 'example_xcom_args_with_operators', 'example_xcom_args' retrieved from /home/airflow/.local/lib/python3.12/site-packages/airflow/example_dags/example_xcomargs.py
[2026-06-15T19:42:58.570+0000] {logging_mixin.py:188} INFO - [2026-06-15T19:42:58.569+0000] {dag.py:3089} INFO - Sync 2 DAGs
[2026-06-15T19:42:58.581+0000] {logging_mixin.py:188} INFO - [2026-06-15T19:42:58.581+0000] {dag.py:3947} INFO - Setting next_dagrun for example_xcom_args to None, run_after=None
[2026-06-15T19:42:58.584+0000] {logging_mixin.py:188} INFO - [2026-06-15T19:42:58.584+0000] {dag.py:3947} INFO - Setting next_dagrun for example_xcom_args_with_operators to None, run_after=None
[2026-06-15T19:42:58.597+0000] {processor.py:183} INFO - Processing /home/airflow/.local/lib/python3.12/site-packages/airflow/example_dags/example_xcomargs.py took 0.062 seconds
[2026-06-15T19:43:28.777+0000] {processor.py:161} INFO - Started process (PID=3657) to work on /home/airflow/.local/lib/python3.12/site-packages/airflow/example_dags/example_xcomargs.py
[2026-06-15T19:43:28.778+0000] {processor.py:830} INFO - Processing file /home/airflow/.local/lib/python3.12/site-packages/airflow/example_dags/example_xcomargs.py for tasks to queue
[2026-06-15T19:43:28.779+0000] {logging_mixin.py:188} INFO - [2026-06-15T19:43:28.779+0000] {dagbag.py:545} INFO - Filling up the DagBag from /home/airflow/.local/lib/python3.12/site-packages/airflow/example_dags/example_xcomargs.py
[2026-06-15T19:43:28.786+0000] {processor.py:840} INFO - DAG(s) 'example_xcom_args', 'example_xcom_args_with_operators' retrieved from /home/airflow/.local/lib/python3.12/site-packages/airflow/example_dags/example_xcomargs.py
[2026-06-15T19:43:28.807+0000] {logging_mixin.py:188} INFO - [2026-06-15T19:43:28.807+0000] {dag.py:3089} INFO - Sync 2 DAGs
[2026-06-15T19:43:28.821+0000] {logging_mixin.py:188} INFO - [2026-06-15T19:43:28.821+0000] {dag.py:3947} INFO - Setting next_dagrun for example_xcom_args to None, run_after=None
[2026-06-15T19:43:28.825+0000] {logging_mixin.py:188} INFO - [2026-06-15T19:43:28.824+0000] {dag.py:3947} INFO - Setting next_dagrun for example_xcom_args_with_operators to None, run_after=None
[2026-06-15T19:43:28.838+0000] {processor.py:183} INFO - Processing /home/airflow/.local/lib/python3.12/site-packages/airflow/example_dags/example_xcomargs.py took 0.066 seconds
