[2026-06-15T19:11:58.533+0000] {processor.py:161} INFO - Started process (PID=73) to work on /home/airflow/.local/lib/python3.12/site-packages/airflow/example_dags/example_branch_operator.py
[2026-06-15T19:11:58.534+0000] {processor.py:830} INFO - Processing file /home/airflow/.local/lib/python3.12/site-packages/airflow/example_dags/example_branch_operator.py for tasks to queue
[2026-06-15T19:11:58.544+0000] {logging_mixin.py:188} INFO - [2026-06-15T19:11:58.543+0000] {dagbag.py:545} INFO - Filling up the DagBag from /home/airflow/.local/lib/python3.12/site-packages/airflow/example_dags/example_branch_operator.py
[2026-06-15T19:11:58.743+0000] {processor.py:840} INFO - DAG(s) 'example_branch_operator' retrieved from /home/airflow/.local/lib/python3.12/site-packages/airflow/example_dags/example_branch_operator.py
[2026-06-15T19:11:59.287+0000] {logging_mixin.py:188} INFO - [2026-06-15T19:11:59.287+0000] {dag.py:3089} INFO - Sync 1 DAGs
[2026-06-15T19:11:59.341+0000] {logging_mixin.py:188} INFO - [2026-06-15T19:11:59.339+0000] {dag.py:3947} INFO - Setting next_dagrun for example_branch_operator to 2026-06-14 00:00:00+00:00, run_after=2026-06-15 00:00:00+00:00
[2026-06-15T19:11:59.495+0000] {processor.py:183} INFO - Processing /home/airflow/.local/lib/python3.12/site-packages/airflow/example_dags/example_branch_operator.py took 1.010 seconds
[2026-06-15T19:12:29.933+0000] {processor.py:161} INFO - Started process (PID=131) to work on /home/airflow/.local/lib/python3.12/site-packages/airflow/example_dags/example_branch_operator.py
[2026-06-15T19:12:29.936+0000] {processor.py:830} INFO - Processing file /home/airflow/.local/lib/python3.12/site-packages/airflow/example_dags/example_branch_operator.py for tasks to queue
[2026-06-15T19:12:29.940+0000] {logging_mixin.py:188} INFO - [2026-06-15T19:12:29.940+0000] {dagbag.py:545} INFO - Filling up the DagBag from /home/airflow/.local/lib/python3.12/site-packages/airflow/example_dags/example_branch_operator.py
[2026-06-15T19:12:29.986+0000] {processor.py:840} INFO - DAG(s) 'example_branch_operator' retrieved from /home/airflow/.local/lib/python3.12/site-packages/airflow/example_dags/example_branch_operator.py
[2026-06-15T19:12:30.171+0000] {logging_mixin.py:188} INFO - [2026-06-15T19:12:30.171+0000] {dag.py:3089} INFO - Sync 1 DAGs
[2026-06-15T19:12:30.369+0000] {logging_mixin.py:188} INFO - [2026-06-15T19:12:30.362+0000] {dag.py:3947} INFO - Setting next_dagrun for example_branch_operator to 2026-06-14 00:00:00+00:00, run_after=2026-06-15 00:00:00+00:00
[2026-06-15T19:12:30.558+0000] {processor.py:183} INFO - Processing /home/airflow/.local/lib/python3.12/site-packages/airflow/example_dags/example_branch_operator.py took 0.642 seconds
[2026-06-15T19:13:01.347+0000] {processor.py:161} INFO - Started process (PID=187) to work on /home/airflow/.local/lib/python3.12/site-packages/airflow/example_dags/example_branch_operator.py
[2026-06-15T19:13:01.348+0000] {processor.py:830} INFO - Processing file /home/airflow/.local/lib/python3.12/site-packages/airflow/example_dags/example_branch_operator.py for tasks to queue
[2026-06-15T19:13:01.352+0000] {logging_mixin.py:188} INFO - [2026-06-15T19:13:01.352+0000] {dagbag.py:545} INFO - Filling up the DagBag from /home/airflow/.local/lib/python3.12/site-packages/airflow/example_dags/example_branch_operator.py
[2026-06-15T19:13:01.381+0000] {processor.py:840} INFO - DAG(s) 'example_branch_operator' retrieved from /home/airflow/.local/lib/python3.12/site-packages/airflow/example_dags/example_branch_operator.py
[2026-06-15T19:13:01.419+0000] {logging_mixin.py:188} INFO - [2026-06-15T19:13:01.419+0000] {dag.py:3089} INFO - Sync 1 DAGs
[2026-06-15T19:13:01.456+0000] {logging_mixin.py:188} INFO - [2026-06-15T19:13:01.455+0000] {dag.py:3947} INFO - Setting next_dagrun for example_branch_operator to 2026-06-14 00:00:00+00:00, run_after=2026-06-15 00:00:00+00:00
[2026-06-15T19:13:01.478+0000] {processor.py:183} INFO - Processing /home/airflow/.local/lib/python3.12/site-packages/airflow/example_dags/example_branch_operator.py took 0.147 seconds
[2026-06-15T19:13:32.217+0000] {processor.py:161} INFO - Started process (PID=245) to work on /home/airflow/.local/lib/python3.12/site-packages/airflow/example_dags/example_branch_operator.py
[2026-06-15T19:13:32.220+0000] {processor.py:830} INFO - Processing file /home/airflow/.local/lib/python3.12/site-packages/airflow/example_dags/example_branch_operator.py for tasks to queue
[2026-06-15T19:13:32.226+0000] {logging_mixin.py:188} INFO - [2026-06-15T19:13:32.221+0000] {dagbag.py:545} INFO - Filling up the DagBag from /home/airflow/.local/lib/python3.12/site-packages/airflow/example_dags/example_branch_operator.py
[2026-06-15T19:13:32.331+0000] {processor.py:840} INFO - DAG(s) 'example_branch_operator' retrieved from /home/airflow/.local/lib/python3.12/site-packages/airflow/example_dags/example_branch_operator.py
[2026-06-15T19:13:32.455+0000] {logging_mixin.py:188} INFO - [2026-06-15T19:13:32.455+0000] {dag.py:3089} INFO - Sync 1 DAGs
[2026-06-15T19:13:32.555+0000] {logging_mixin.py:188} INFO - [2026-06-15T19:13:32.552+0000] {dag.py:3947} INFO - Setting next_dagrun for example_branch_operator to 2026-06-14 00:00:00+00:00, run_after=2026-06-15 00:00:00+00:00
[2026-06-15T19:13:32.614+0000] {processor.py:183} INFO - Processing /home/airflow/.local/lib/python3.12/site-packages/airflow/example_dags/example_branch_operator.py took 0.416 seconds
[2026-06-15T19:14:02.768+0000] {processor.py:161} INFO - Started process (PID=303) to work on /home/airflow/.local/lib/python3.12/site-packages/airflow/example_dags/example_branch_operator.py
[2026-06-15T19:14:02.771+0000] {processor.py:830} INFO - Processing file /home/airflow/.local/lib/python3.12/site-packages/airflow/example_dags/example_branch_operator.py for tasks to queue
[2026-06-15T19:14:02.778+0000] {logging_mixin.py:188} INFO - [2026-06-15T19:14:02.775+0000] {dagbag.py:545} INFO - Filling up the DagBag from /home/airflow/.local/lib/python3.12/site-packages/airflow/example_dags/example_branch_operator.py
[2026-06-15T19:14:02.810+0000] {processor.py:840} INFO - DAG(s) 'example_branch_operator' retrieved from /home/airflow/.local/lib/python3.12/site-packages/airflow/example_dags/example_branch_operator.py
[2026-06-15T19:14:02.857+0000] {logging_mixin.py:188} INFO - [2026-06-15T19:14:02.857+0000] {dag.py:3089} INFO - Sync 1 DAGs
[2026-06-15T19:14:02.887+0000] {logging_mixin.py:188} INFO - [2026-06-15T19:14:02.887+0000] {dag.py:3947} INFO - Setting next_dagrun for example_branch_operator to 2026-06-14 00:00:00+00:00, run_after=2026-06-15 00:00:00+00:00
[2026-06-15T19:14:02.916+0000] {processor.py:183} INFO - Processing /home/airflow/.local/lib/python3.12/site-packages/airflow/example_dags/example_branch_operator.py took 0.171 seconds
[2026-06-15T19:14:33.082+0000] {processor.py:161} INFO - Started process (PID=361) to work on /home/airflow/.local/lib/python3.12/site-packages/airflow/example_dags/example_branch_operator.py
[2026-06-15T19:14:33.083+0000] {processor.py:830} INFO - Processing file /home/airflow/.local/lib/python3.12/site-packages/airflow/example_dags/example_branch_operator.py for tasks to queue
[2026-06-15T19:14:33.085+0000] {logging_mixin.py:188} INFO - [2026-06-15T19:14:33.084+0000] {dagbag.py:545} INFO - Filling up the DagBag from /home/airflow/.local/lib/python3.12/site-packages/airflow/example_dags/example_branch_operator.py
[2026-06-15T19:14:33.116+0000] {processor.py:840} INFO - DAG(s) 'example_branch_operator' retrieved from /home/airflow/.local/lib/python3.12/site-packages/airflow/example_dags/example_branch_operator.py
[2026-06-15T19:14:33.177+0000] {logging_mixin.py:188} INFO - [2026-06-15T19:14:33.177+0000] {dag.py:3089} INFO - Sync 1 DAGs
[2026-06-15T19:14:33.207+0000] {logging_mixin.py:188} INFO - [2026-06-15T19:14:33.207+0000] {dag.py:3947} INFO - Setting next_dagrun for example_branch_operator to 2026-06-14 00:00:00+00:00, run_after=2026-06-15 00:00:00+00:00
[2026-06-15T19:14:33.224+0000] {processor.py:183} INFO - Processing /home/airflow/.local/lib/python3.12/site-packages/airflow/example_dags/example_branch_operator.py took 0.156 seconds
[2026-06-15T19:15:03.597+0000] {processor.py:161} INFO - Started process (PID=419) to work on /home/airflow/.local/lib/python3.12/site-packages/airflow/example_dags/example_branch_operator.py
[2026-06-15T19:15:03.598+0000] {processor.py:830} INFO - Processing file /home/airflow/.local/lib/python3.12/site-packages/airflow/example_dags/example_branch_operator.py for tasks to queue
[2026-06-15T19:15:03.600+0000] {logging_mixin.py:188} INFO - [2026-06-15T19:15:03.599+0000] {dagbag.py:545} INFO - Filling up the DagBag from /home/airflow/.local/lib/python3.12/site-packages/airflow/example_dags/example_branch_operator.py
[2026-06-15T19:15:03.622+0000] {processor.py:840} INFO - DAG(s) 'example_branch_operator' retrieved from /home/airflow/.local/lib/python3.12/site-packages/airflow/example_dags/example_branch_operator.py
[2026-06-15T19:15:03.690+0000] {logging_mixin.py:188} INFO - [2026-06-15T19:15:03.689+0000] {dag.py:3089} INFO - Sync 1 DAGs
[2026-06-15T19:15:03.774+0000] {logging_mixin.py:188} INFO - [2026-06-15T19:15:03.774+0000] {dag.py:3947} INFO - Setting next_dagrun for example_branch_operator to 2026-06-14 00:00:00+00:00, run_after=2026-06-15 00:00:00+00:00
[2026-06-15T19:15:03.812+0000] {processor.py:183} INFO - Processing /home/airflow/.local/lib/python3.12/site-packages/airflow/example_dags/example_branch_operator.py took 0.222 seconds
[2026-06-15T19:15:34.224+0000] {processor.py:161} INFO - Started process (PID=483) to work on /home/airflow/.local/lib/python3.12/site-packages/airflow/example_dags/example_branch_operator.py
[2026-06-15T19:15:34.225+0000] {processor.py:830} INFO - Processing file /home/airflow/.local/lib/python3.12/site-packages/airflow/example_dags/example_branch_operator.py for tasks to queue
[2026-06-15T19:15:34.227+0000] {logging_mixin.py:188} INFO - [2026-06-15T19:15:34.227+0000] {dagbag.py:545} INFO - Filling up the DagBag from /home/airflow/.local/lib/python3.12/site-packages/airflow/example_dags/example_branch_operator.py
[2026-06-15T19:15:34.249+0000] {processor.py:840} INFO - DAG(s) 'example_branch_operator' retrieved from /home/airflow/.local/lib/python3.12/site-packages/airflow/example_dags/example_branch_operator.py
[2026-06-15T19:15:34.316+0000] {logging_mixin.py:188} INFO - [2026-06-15T19:15:34.316+0000] {dag.py:3089} INFO - Sync 1 DAGs
[2026-06-15T19:15:34.348+0000] {logging_mixin.py:188} INFO - [2026-06-15T19:15:34.347+0000] {dag.py:3947} INFO - Setting next_dagrun for example_branch_operator to 2026-06-14 00:00:00+00:00, run_after=2026-06-15 00:00:00+00:00
[2026-06-15T19:15:34.371+0000] {processor.py:183} INFO - Processing /home/airflow/.local/lib/python3.12/site-packages/airflow/example_dags/example_branch_operator.py took 0.153 seconds
[2026-06-15T19:16:04.518+0000] {processor.py:161} INFO - Started process (PID=541) to work on /home/airflow/.local/lib/python3.12/site-packages/airflow/example_dags/example_branch_operator.py
[2026-06-15T19:16:04.520+0000] {processor.py:830} INFO - Processing file /home/airflow/.local/lib/python3.12/site-packages/airflow/example_dags/example_branch_operator.py for tasks to queue
[2026-06-15T19:16:04.522+0000] {logging_mixin.py:188} INFO - [2026-06-15T19:16:04.522+0000] {dagbag.py:545} INFO - Filling up the DagBag from /home/airflow/.local/lib/python3.12/site-packages/airflow/example_dags/example_branch_operator.py
[2026-06-15T19:16:04.547+0000] {processor.py:840} INFO - DAG(s) 'example_branch_operator' retrieved from /home/airflow/.local/lib/python3.12/site-packages/airflow/example_dags/example_branch_operator.py
[2026-06-15T19:16:04.588+0000] {logging_mixin.py:188} INFO - [2026-06-15T19:16:04.588+0000] {dag.py:3089} INFO - Sync 1 DAGs
[2026-06-15T19:16:04.617+0000] {logging_mixin.py:188} INFO - [2026-06-15T19:16:04.617+0000] {dag.py:3947} INFO - Setting next_dagrun for example_branch_operator to 2026-06-14 00:00:00+00:00, run_after=2026-06-15 00:00:00+00:00
[2026-06-15T19:16:04.639+0000] {processor.py:183} INFO - Processing /home/airflow/.local/lib/python3.12/site-packages/airflow/example_dags/example_branch_operator.py took 0.128 seconds
[2026-06-15T19:16:34.789+0000] {processor.py:161} INFO - Started process (PID=598) to work on /home/airflow/.local/lib/python3.12/site-packages/airflow/example_dags/example_branch_operator.py
[2026-06-15T19:16:34.790+0000] {processor.py:830} INFO - Processing file /home/airflow/.local/lib/python3.12/site-packages/airflow/example_dags/example_branch_operator.py for tasks to queue
[2026-06-15T19:16:34.792+0000] {logging_mixin.py:188} INFO - [2026-06-15T19:16:34.791+0000] {dagbag.py:545} INFO - Filling up the DagBag from /home/airflow/.local/lib/python3.12/site-packages/airflow/example_dags/example_branch_operator.py
[2026-06-15T19:16:34.816+0000] {processor.py:840} INFO - DAG(s) 'example_branch_operator' retrieved from /home/airflow/.local/lib/python3.12/site-packages/airflow/example_dags/example_branch_operator.py
[2026-06-15T19:16:34.855+0000] {logging_mixin.py:188} INFO - [2026-06-15T19:16:34.855+0000] {dag.py:3089} INFO - Sync 1 DAGs
[2026-06-15T19:16:34.885+0000] {logging_mixin.py:188} INFO - [2026-06-15T19:16:34.885+0000] {dag.py:3947} INFO - Setting next_dagrun for example_branch_operator to 2026-06-14 00:00:00+00:00, run_after=2026-06-15 00:00:00+00:00
[2026-06-15T19:16:34.904+0000] {processor.py:183} INFO - Processing /home/airflow/.local/lib/python3.12/site-packages/airflow/example_dags/example_branch_operator.py took 0.122 seconds
[2026-06-15T19:17:05.401+0000] {processor.py:161} INFO - Started process (PID=656) to work on /home/airflow/.local/lib/python3.12/site-packages/airflow/example_dags/example_branch_operator.py
[2026-06-15T19:17:05.404+0000] {processor.py:830} INFO - Processing file /home/airflow/.local/lib/python3.12/site-packages/airflow/example_dags/example_branch_operator.py for tasks to queue
[2026-06-15T19:17:05.410+0000] {logging_mixin.py:188} INFO - [2026-06-15T19:17:05.410+0000] {dagbag.py:545} INFO - Filling up the DagBag from /home/airflow/.local/lib/python3.12/site-packages/airflow/example_dags/example_branch_operator.py
[2026-06-15T19:17:05.491+0000] {processor.py:840} INFO - DAG(s) 'example_branch_operator' retrieved from /home/airflow/.local/lib/python3.12/site-packages/airflow/example_dags/example_branch_operator.py
[2026-06-15T19:17:05.628+0000] {logging_mixin.py:188} INFO - [2026-06-15T19:17:05.627+0000] {dag.py:3089} INFO - Sync 1 DAGs
[2026-06-15T19:17:05.761+0000] {logging_mixin.py:188} INFO - [2026-06-15T19:17:05.761+0000] {dag.py:3947} INFO - Setting next_dagrun for example_branch_operator to 2026-06-14 00:00:00+00:00, run_after=2026-06-15 00:00:00+00:00
[2026-06-15T19:17:05.897+0000] {processor.py:183} INFO - Processing /home/airflow/.local/lib/python3.12/site-packages/airflow/example_dags/example_branch_operator.py took 0.515 seconds
[2026-06-15T19:17:35.992+0000] {processor.py:161} INFO - Started process (PID=714) to work on /home/airflow/.local/lib/python3.12/site-packages/airflow/example_dags/example_branch_operator.py
[2026-06-15T19:17:35.992+0000] {processor.py:830} INFO - Processing file /home/airflow/.local/lib/python3.12/site-packages/airflow/example_dags/example_branch_operator.py for tasks to queue
[2026-06-15T19:17:35.994+0000] {logging_mixin.py:188} INFO - [2026-06-15T19:17:35.994+0000] {dagbag.py:545} INFO - Filling up the DagBag from /home/airflow/.local/lib/python3.12/site-packages/airflow/example_dags/example_branch_operator.py
[2026-06-15T19:17:36.008+0000] {processor.py:840} INFO - DAG(s) 'example_branch_operator' retrieved from /home/airflow/.local/lib/python3.12/site-packages/airflow/example_dags/example_branch_operator.py
[2026-06-15T19:17:36.033+0000] {logging_mixin.py:188} INFO - [2026-06-15T19:17:36.033+0000] {dag.py:3089} INFO - Sync 1 DAGs
[2026-06-15T19:17:36.054+0000] {logging_mixin.py:188} INFO - [2026-06-15T19:17:36.054+0000] {dag.py:3947} INFO - Setting next_dagrun for example_branch_operator to 2026-06-14 00:00:00+00:00, run_after=2026-06-15 00:00:00+00:00
[2026-06-15T19:17:36.069+0000] {processor.py:183} INFO - Processing /home/airflow/.local/lib/python3.12/site-packages/airflow/example_dags/example_branch_operator.py took 0.083 seconds
[2026-06-15T19:18:06.176+0000] {processor.py:161} INFO - Started process (PID=771) to work on /home/airflow/.local/lib/python3.12/site-packages/airflow/example_dags/example_branch_operator.py
[2026-06-15T19:18:06.177+0000] {processor.py:830} INFO - Processing file /home/airflow/.local/lib/python3.12/site-packages/airflow/example_dags/example_branch_operator.py for tasks to queue
[2026-06-15T19:18:06.179+0000] {logging_mixin.py:188} INFO - [2026-06-15T19:18:06.179+0000] {dagbag.py:545} INFO - Filling up the DagBag from /home/airflow/.local/lib/python3.12/site-packages/airflow/example_dags/example_branch_operator.py
[2026-06-15T19:18:06.201+0000] {processor.py:840} INFO - DAG(s) 'example_branch_operator' retrieved from /home/airflow/.local/lib/python3.12/site-packages/airflow/example_dags/example_branch_operator.py
[2026-06-15T19:18:06.239+0000] {logging_mixin.py:188} INFO - [2026-06-15T19:18:06.239+0000] {dag.py:3089} INFO - Sync 1 DAGs
[2026-06-15T19:18:06.272+0000] {logging_mixin.py:188} INFO - [2026-06-15T19:18:06.272+0000] {dag.py:3947} INFO - Setting next_dagrun for example_branch_operator to 2026-06-14 00:00:00+00:00, run_after=2026-06-15 00:00:00+00:00
[2026-06-15T19:18:06.292+0000] {processor.py:183} INFO - Processing /home/airflow/.local/lib/python3.12/site-packages/airflow/example_dags/example_branch_operator.py took 0.122 seconds
[2026-06-15T19:18:36.349+0000] {processor.py:161} INFO - Started process (PID=829) to work on /home/airflow/.local/lib/python3.12/site-packages/airflow/example_dags/example_branch_operator.py
[2026-06-15T19:18:36.350+0000] {processor.py:830} INFO - Processing file /home/airflow/.local/lib/python3.12/site-packages/airflow/example_dags/example_branch_operator.py for tasks to queue
[2026-06-15T19:18:36.352+0000] {logging_mixin.py:188} INFO - [2026-06-15T19:18:36.352+0000] {dagbag.py:545} INFO - Filling up the DagBag from /home/airflow/.local/lib/python3.12/site-packages/airflow/example_dags/example_branch_operator.py
[2026-06-15T19:18:36.374+0000] {processor.py:840} INFO - DAG(s) 'example_branch_operator' retrieved from /home/airflow/.local/lib/python3.12/site-packages/airflow/example_dags/example_branch_operator.py
[2026-06-15T19:18:36.451+0000] {logging_mixin.py:188} INFO - [2026-06-15T19:18:36.450+0000] {dag.py:3089} INFO - Sync 1 DAGs
[2026-06-15T19:18:36.481+0000] {logging_mixin.py:188} INFO - [2026-06-15T19:18:36.480+0000] {dag.py:3947} INFO - Setting next_dagrun for example_branch_operator to 2026-06-14 00:00:00+00:00, run_after=2026-06-15 00:00:00+00:00
[2026-06-15T19:18:36.495+0000] {processor.py:183} INFO - Processing /home/airflow/.local/lib/python3.12/site-packages/airflow/example_dags/example_branch_operator.py took 0.153 seconds
[2026-06-15T19:19:07.015+0000] {processor.py:161} INFO - Started process (PID=887) to work on /home/airflow/.local/lib/python3.12/site-packages/airflow/example_dags/example_branch_operator.py
[2026-06-15T19:19:07.018+0000] {processor.py:830} INFO - Processing file /home/airflow/.local/lib/python3.12/site-packages/airflow/example_dags/example_branch_operator.py for tasks to queue
[2026-06-15T19:19:07.020+0000] {logging_mixin.py:188} INFO - [2026-06-15T19:19:07.020+0000] {dagbag.py:545} INFO - Filling up the DagBag from /home/airflow/.local/lib/python3.12/site-packages/airflow/example_dags/example_branch_operator.py
[2026-06-15T19:19:07.047+0000] {processor.py:840} INFO - DAG(s) 'example_branch_operator' retrieved from /home/airflow/.local/lib/python3.12/site-packages/airflow/example_dags/example_branch_operator.py
[2026-06-15T19:19:07.086+0000] {logging_mixin.py:188} INFO - [2026-06-15T19:19:07.086+0000] {dag.py:3089} INFO - Sync 1 DAGs
[2026-06-15T19:19:07.116+0000] {logging_mixin.py:188} INFO - [2026-06-15T19:19:07.115+0000] {dag.py:3947} INFO - Setting next_dagrun for example_branch_operator to 2026-06-14 00:00:00+00:00, run_after=2026-06-15 00:00:00+00:00
[2026-06-15T19:19:07.134+0000] {processor.py:183} INFO - Processing /home/airflow/.local/lib/python3.12/site-packages/airflow/example_dags/example_branch_operator.py took 0.126 seconds
[2026-06-15T19:19:37.200+0000] {processor.py:161} INFO - Started process (PID=945) to work on /home/airflow/.local/lib/python3.12/site-packages/airflow/example_dags/example_branch_operator.py
[2026-06-15T19:19:37.204+0000] {processor.py:830} INFO - Processing file /home/airflow/.local/lib/python3.12/site-packages/airflow/example_dags/example_branch_operator.py for tasks to queue
[2026-06-15T19:19:37.210+0000] {logging_mixin.py:188} INFO - [2026-06-15T19:19:37.210+0000] {dagbag.py:545} INFO - Filling up the DagBag from /home/airflow/.local/lib/python3.12/site-packages/airflow/example_dags/example_branch_operator.py
[2026-06-15T19:19:37.261+0000] {processor.py:840} INFO - DAG(s) 'example_branch_operator' retrieved from /home/airflow/.local/lib/python3.12/site-packages/airflow/example_dags/example_branch_operator.py
[2026-06-15T19:19:37.356+0000] {logging_mixin.py:188} INFO - [2026-06-15T19:19:37.356+0000] {dag.py:3089} INFO - Sync 1 DAGs
[2026-06-15T19:19:37.392+0000] {logging_mixin.py:188} INFO - [2026-06-15T19:19:37.392+0000] {dag.py:3947} INFO - Setting next_dagrun for example_branch_operator to 2026-06-14 00:00:00+00:00, run_after=2026-06-15 00:00:00+00:00
[2026-06-15T19:19:37.412+0000] {processor.py:183} INFO - Processing /home/airflow/.local/lib/python3.12/site-packages/airflow/example_dags/example_branch_operator.py took 0.231 seconds
[2026-06-15T19:20:07.615+0000] {processor.py:161} INFO - Started process (PID=1003) to work on /home/airflow/.local/lib/python3.12/site-packages/airflow/example_dags/example_branch_operator.py
[2026-06-15T19:20:07.616+0000] {processor.py:830} INFO - Processing file /home/airflow/.local/lib/python3.12/site-packages/airflow/example_dags/example_branch_operator.py for tasks to queue
[2026-06-15T19:20:07.618+0000] {logging_mixin.py:188} INFO - [2026-06-15T19:20:07.618+0000] {dagbag.py:545} INFO - Filling up the DagBag from /home/airflow/.local/lib/python3.12/site-packages/airflow/example_dags/example_branch_operator.py
[2026-06-15T19:20:07.646+0000] {processor.py:840} INFO - DAG(s) 'example_branch_operator' retrieved from /home/airflow/.local/lib/python3.12/site-packages/airflow/example_dags/example_branch_operator.py
[2026-06-15T19:20:07.688+0000] {logging_mixin.py:188} INFO - [2026-06-15T19:20:07.687+0000] {dag.py:3089} INFO - Sync 1 DAGs
[2026-06-15T19:20:07.720+0000] {logging_mixin.py:188} INFO - [2026-06-15T19:20:07.720+0000] {dag.py:3947} INFO - Setting next_dagrun for example_branch_operator to 2026-06-14 00:00:00+00:00, run_after=2026-06-15 00:00:00+00:00
[2026-06-15T19:20:07.741+0000] {processor.py:183} INFO - Processing /home/airflow/.local/lib/python3.12/site-packages/airflow/example_dags/example_branch_operator.py took 0.133 seconds
[2026-06-15T19:20:38.225+0000] {processor.py:161} INFO - Started process (PID=1061) to work on /home/airflow/.local/lib/python3.12/site-packages/airflow/example_dags/example_branch_operator.py
[2026-06-15T19:20:38.227+0000] {processor.py:830} INFO - Processing file /home/airflow/.local/lib/python3.12/site-packages/airflow/example_dags/example_branch_operator.py for tasks to queue
[2026-06-15T19:20:38.228+0000] {logging_mixin.py:188} INFO - [2026-06-15T19:20:38.228+0000] {dagbag.py:545} INFO - Filling up the DagBag from /home/airflow/.local/lib/python3.12/site-packages/airflow/example_dags/example_branch_operator.py
[2026-06-15T19:20:38.256+0000] {processor.py:840} INFO - DAG(s) 'example_branch_operator' retrieved from /home/airflow/.local/lib/python3.12/site-packages/airflow/example_dags/example_branch_operator.py
[2026-06-15T19:20:38.292+0000] {logging_mixin.py:188} INFO - [2026-06-15T19:20:38.292+0000] {dag.py:3089} INFO - Sync 1 DAGs
[2026-06-15T19:20:38.322+0000] {logging_mixin.py:188} INFO - [2026-06-15T19:20:38.322+0000] {dag.py:3947} INFO - Setting next_dagrun for example_branch_operator to 2026-06-14 00:00:00+00:00, run_after=2026-06-15 00:00:00+00:00
[2026-06-15T19:20:38.350+0000] {processor.py:183} INFO - Processing /home/airflow/.local/lib/python3.12/site-packages/airflow/example_dags/example_branch_operator.py took 0.131 seconds
[2026-06-15T19:21:08.552+0000] {processor.py:161} INFO - Started process (PID=1119) to work on /home/airflow/.local/lib/python3.12/site-packages/airflow/example_dags/example_branch_operator.py
[2026-06-15T19:21:08.556+0000] {processor.py:830} INFO - Processing file /home/airflow/.local/lib/python3.12/site-packages/airflow/example_dags/example_branch_operator.py for tasks to queue
[2026-06-15T19:21:08.560+0000] {logging_mixin.py:188} INFO - [2026-06-15T19:21:08.560+0000] {dagbag.py:545} INFO - Filling up the DagBag from /home/airflow/.local/lib/python3.12/site-packages/airflow/example_dags/example_branch_operator.py
[2026-06-15T19:21:08.620+0000] {processor.py:840} INFO - DAG(s) 'example_branch_operator' retrieved from /home/airflow/.local/lib/python3.12/site-packages/airflow/example_dags/example_branch_operator.py
[2026-06-15T19:21:08.705+0000] {logging_mixin.py:188} INFO - [2026-06-15T19:21:08.705+0000] {dag.py:3089} INFO - Sync 1 DAGs
[2026-06-15T19:21:08.740+0000] {logging_mixin.py:188} INFO - [2026-06-15T19:21:08.740+0000] {dag.py:3947} INFO - Setting next_dagrun for example_branch_operator to 2026-06-14 00:00:00+00:00, run_after=2026-06-15 00:00:00+00:00
[2026-06-15T19:21:08.782+0000] {processor.py:183} INFO - Processing /home/airflow/.local/lib/python3.12/site-packages/airflow/example_dags/example_branch_operator.py took 0.248 seconds
[2026-06-15T19:21:39.533+0000] {processor.py:161} INFO - Started process (PID=1176) to work on /home/airflow/.local/lib/python3.12/site-packages/airflow/example_dags/example_branch_operator.py
[2026-06-15T19:21:39.538+0000] {processor.py:830} INFO - Processing file /home/airflow/.local/lib/python3.12/site-packages/airflow/example_dags/example_branch_operator.py for tasks to queue
[2026-06-15T19:21:39.542+0000] {logging_mixin.py:188} INFO - [2026-06-15T19:21:39.542+0000] {dagbag.py:545} INFO - Filling up the DagBag from /home/airflow/.local/lib/python3.12/site-packages/airflow/example_dags/example_branch_operator.py
[2026-06-15T19:21:39.589+0000] {processor.py:840} INFO - DAG(s) 'example_branch_operator' retrieved from /home/airflow/.local/lib/python3.12/site-packages/airflow/example_dags/example_branch_operator.py
[2026-06-15T19:21:39.671+0000] {logging_mixin.py:188} INFO - [2026-06-15T19:21:39.671+0000] {dag.py:3089} INFO - Sync 1 DAGs
[2026-06-15T19:21:39.766+0000] {logging_mixin.py:188} INFO - [2026-06-15T19:21:39.766+0000] {dag.py:3947} INFO - Setting next_dagrun for example_branch_operator to 2026-06-14 00:00:00+00:00, run_after=2026-06-15 00:00:00+00:00
[2026-06-15T19:21:39.800+0000] {processor.py:183} INFO - Processing /home/airflow/.local/lib/python3.12/site-packages/airflow/example_dags/example_branch_operator.py took 0.285 seconds
[2026-06-15T19:22:10.753+0000] {processor.py:161} INFO - Started process (PID=1234) to work on /home/airflow/.local/lib/python3.12/site-packages/airflow/example_dags/example_branch_operator.py
[2026-06-15T19:22:10.754+0000] {processor.py:830} INFO - Processing file /home/airflow/.local/lib/python3.12/site-packages/airflow/example_dags/example_branch_operator.py for tasks to queue
[2026-06-15T19:22:10.756+0000] {logging_mixin.py:188} INFO - [2026-06-15T19:22:10.756+0000] {dagbag.py:545} INFO - Filling up the DagBag from /home/airflow/.local/lib/python3.12/site-packages/airflow/example_dags/example_branch_operator.py
[2026-06-15T19:22:10.778+0000] {processor.py:840} INFO - DAG(s) 'example_branch_operator' retrieved from /home/airflow/.local/lib/python3.12/site-packages/airflow/example_dags/example_branch_operator.py
[2026-06-15T19:22:10.822+0000] {logging_mixin.py:188} INFO - [2026-06-15T19:22:10.821+0000] {dag.py:3089} INFO - Sync 1 DAGs
[2026-06-15T19:22:10.853+0000] {logging_mixin.py:188} INFO - [2026-06-15T19:22:10.852+0000] {dag.py:3947} INFO - Setting next_dagrun for example_branch_operator to 2026-06-14 00:00:00+00:00, run_after=2026-06-15 00:00:00+00:00
[2026-06-15T19:22:10.873+0000] {processor.py:183} INFO - Processing /home/airflow/.local/lib/python3.12/site-packages/airflow/example_dags/example_branch_operator.py took 0.127 seconds
[2026-06-15T19:22:41.255+0000] {processor.py:161} INFO - Started process (PID=1292) to work on /home/airflow/.local/lib/python3.12/site-packages/airflow/example_dags/example_branch_operator.py
[2026-06-15T19:22:41.256+0000] {processor.py:830} INFO - Processing file /home/airflow/.local/lib/python3.12/site-packages/airflow/example_dags/example_branch_operator.py for tasks to queue
[2026-06-15T19:22:41.258+0000] {logging_mixin.py:188} INFO - [2026-06-15T19:22:41.258+0000] {dagbag.py:545} INFO - Filling up the DagBag from /home/airflow/.local/lib/python3.12/site-packages/airflow/example_dags/example_branch_operator.py
[2026-06-15T19:22:41.280+0000] {processor.py:840} INFO - DAG(s) 'example_branch_operator' retrieved from /home/airflow/.local/lib/python3.12/site-packages/airflow/example_dags/example_branch_operator.py
[2026-06-15T19:22:41.325+0000] {logging_mixin.py:188} INFO - [2026-06-15T19:22:41.324+0000] {dag.py:3089} INFO - Sync 1 DAGs
[2026-06-15T19:22:41.354+0000] {logging_mixin.py:188} INFO - [2026-06-15T19:22:41.354+0000] {dag.py:3947} INFO - Setting next_dagrun for example_branch_operator to 2026-06-14 00:00:00+00:00, run_after=2026-06-15 00:00:00+00:00
[2026-06-15T19:22:41.376+0000] {processor.py:183} INFO - Processing /home/airflow/.local/lib/python3.12/site-packages/airflow/example_dags/example_branch_operator.py took 0.127 seconds
[2026-06-15T19:23:11.786+0000] {processor.py:161} INFO - Started process (PID=1350) to work on /home/airflow/.local/lib/python3.12/site-packages/airflow/example_dags/example_branch_operator.py
[2026-06-15T19:23:11.787+0000] {processor.py:830} INFO - Processing file /home/airflow/.local/lib/python3.12/site-packages/airflow/example_dags/example_branch_operator.py for tasks to queue
[2026-06-15T19:23:11.789+0000] {logging_mixin.py:188} INFO - [2026-06-15T19:23:11.789+0000] {dagbag.py:545} INFO - Filling up the DagBag from /home/airflow/.local/lib/python3.12/site-packages/airflow/example_dags/example_branch_operator.py
[2026-06-15T19:23:11.813+0000] {processor.py:840} INFO - DAG(s) 'example_branch_operator' retrieved from /home/airflow/.local/lib/python3.12/site-packages/airflow/example_dags/example_branch_operator.py
[2026-06-15T19:23:11.854+0000] {logging_mixin.py:188} INFO - [2026-06-15T19:23:11.853+0000] {dag.py:3089} INFO - Sync 1 DAGs
[2026-06-15T19:23:11.885+0000] {logging_mixin.py:188} INFO - [2026-06-15T19:23:11.884+0000] {dag.py:3947} INFO - Setting next_dagrun for example_branch_operator to 2026-06-14 00:00:00+00:00, run_after=2026-06-15 00:00:00+00:00
[2026-06-15T19:23:11.906+0000] {processor.py:183} INFO - Processing /home/airflow/.local/lib/python3.12/site-packages/airflow/example_dags/example_branch_operator.py took 0.127 seconds
[2026-06-15T19:23:42.380+0000] {processor.py:161} INFO - Started process (PID=1408) to work on /home/airflow/.local/lib/python3.12/site-packages/airflow/example_dags/example_branch_operator.py
[2026-06-15T19:23:42.381+0000] {processor.py:830} INFO - Processing file /home/airflow/.local/lib/python3.12/site-packages/airflow/example_dags/example_branch_operator.py for tasks to queue
[2026-06-15T19:23:42.383+0000] {logging_mixin.py:188} INFO - [2026-06-15T19:23:42.382+0000] {dagbag.py:545} INFO - Filling up the DagBag from /home/airflow/.local/lib/python3.12/site-packages/airflow/example_dags/example_branch_operator.py
[2026-06-15T19:23:42.433+0000] {processor.py:840} INFO - DAG(s) 'example_branch_operator' retrieved from /home/airflow/.local/lib/python3.12/site-packages/airflow/example_dags/example_branch_operator.py
[2026-06-15T19:23:42.493+0000] {logging_mixin.py:188} INFO - [2026-06-15T19:23:42.492+0000] {dag.py:3089} INFO - Sync 1 DAGs
[2026-06-15T19:23:42.530+0000] {logging_mixin.py:188} INFO - [2026-06-15T19:23:42.529+0000] {dag.py:3947} INFO - Setting next_dagrun for example_branch_operator to 2026-06-14 00:00:00+00:00, run_after=2026-06-15 00:00:00+00:00
[2026-06-15T19:23:42.588+0000] {processor.py:183} INFO - Processing /home/airflow/.local/lib/python3.12/site-packages/airflow/example_dags/example_branch_operator.py took 0.215 seconds
[2026-06-15T19:24:12.786+0000] {processor.py:161} INFO - Started process (PID=1466) to work on /home/airflow/.local/lib/python3.12/site-packages/airflow/example_dags/example_branch_operator.py
[2026-06-15T19:24:12.787+0000] {processor.py:830} INFO - Processing file /home/airflow/.local/lib/python3.12/site-packages/airflow/example_dags/example_branch_operator.py for tasks to queue
[2026-06-15T19:24:12.789+0000] {logging_mixin.py:188} INFO - [2026-06-15T19:24:12.789+0000] {dagbag.py:545} INFO - Filling up the DagBag from /home/airflow/.local/lib/python3.12/site-packages/airflow/example_dags/example_branch_operator.py
[2026-06-15T19:24:12.813+0000] {processor.py:840} INFO - DAG(s) 'example_branch_operator' retrieved from /home/airflow/.local/lib/python3.12/site-packages/airflow/example_dags/example_branch_operator.py
[2026-06-15T19:24:12.852+0000] {logging_mixin.py:188} INFO - [2026-06-15T19:24:12.852+0000] {dag.py:3089} INFO - Sync 1 DAGs
[2026-06-15T19:24:12.880+0000] {logging_mixin.py:188} INFO - [2026-06-15T19:24:12.880+0000] {dag.py:3947} INFO - Setting next_dagrun for example_branch_operator to 2026-06-14 00:00:00+00:00, run_after=2026-06-15 00:00:00+00:00
[2026-06-15T19:24:13.079+0000] {processor.py:183} INFO - Processing /home/airflow/.local/lib/python3.12/site-packages/airflow/example_dags/example_branch_operator.py took 0.300 seconds
[2026-06-15T19:24:43.116+0000] {processor.py:161} INFO - Started process (PID=1525) to work on /home/airflow/.local/lib/python3.12/site-packages/airflow/example_dags/example_branch_operator.py
[2026-06-15T19:24:43.117+0000] {processor.py:830} INFO - Processing file /home/airflow/.local/lib/python3.12/site-packages/airflow/example_dags/example_branch_operator.py for tasks to queue
[2026-06-15T19:24:43.118+0000] {logging_mixin.py:188} INFO - [2026-06-15T19:24:43.118+0000] {dagbag.py:545} INFO - Filling up the DagBag from /home/airflow/.local/lib/python3.12/site-packages/airflow/example_dags/example_branch_operator.py
[2026-06-15T19:24:43.141+0000] {processor.py:840} INFO - DAG(s) 'example_branch_operator' retrieved from /home/airflow/.local/lib/python3.12/site-packages/airflow/example_dags/example_branch_operator.py
[2026-06-15T19:24:43.180+0000] {logging_mixin.py:188} INFO - [2026-06-15T19:24:43.180+0000] {dag.py:3089} INFO - Sync 1 DAGs
[2026-06-15T19:24:43.256+0000] {logging_mixin.py:188} INFO - [2026-06-15T19:24:43.255+0000] {dag.py:3947} INFO - Setting next_dagrun for example_branch_operator to 2026-06-14 00:00:00+00:00, run_after=2026-06-15 00:00:00+00:00
[2026-06-15T19:24:43.423+0000] {processor.py:183} INFO - Processing /home/airflow/.local/lib/python3.12/site-packages/airflow/example_dags/example_branch_operator.py took 0.314 seconds
[2026-06-15T19:25:13.491+0000] {processor.py:161} INFO - Started process (PID=1583) to work on /home/airflow/.local/lib/python3.12/site-packages/airflow/example_dags/example_branch_operator.py
[2026-06-15T19:25:13.492+0000] {processor.py:830} INFO - Processing file /home/airflow/.local/lib/python3.12/site-packages/airflow/example_dags/example_branch_operator.py for tasks to queue
[2026-06-15T19:25:13.493+0000] {logging_mixin.py:188} INFO - [2026-06-15T19:25:13.493+0000] {dagbag.py:545} INFO - Filling up the DagBag from /home/airflow/.local/lib/python3.12/site-packages/airflow/example_dags/example_branch_operator.py
[2026-06-15T19:25:13.508+0000] {processor.py:840} INFO - DAG(s) 'example_branch_operator' retrieved from /home/airflow/.local/lib/python3.12/site-packages/airflow/example_dags/example_branch_operator.py
[2026-06-15T19:25:13.534+0000] {logging_mixin.py:188} INFO - [2026-06-15T19:25:13.534+0000] {dag.py:3089} INFO - Sync 1 DAGs
[2026-06-15T19:25:13.555+0000] {logging_mixin.py:188} INFO - [2026-06-15T19:25:13.555+0000] {dag.py:3947} INFO - Setting next_dagrun for example_branch_operator to 2026-06-14 00:00:00+00:00, run_after=2026-06-15 00:00:00+00:00
[2026-06-15T19:25:13.701+0000] {processor.py:183} INFO - Processing /home/airflow/.local/lib/python3.12/site-packages/airflow/example_dags/example_branch_operator.py took 0.216 seconds
[2026-06-15T19:25:44.019+0000] {processor.py:161} INFO - Started process (PID=1639) to work on /home/airflow/.local/lib/python3.12/site-packages/airflow/example_dags/example_branch_operator.py
[2026-06-15T19:25:44.020+0000] {processor.py:830} INFO - Processing file /home/airflow/.local/lib/python3.12/site-packages/airflow/example_dags/example_branch_operator.py for tasks to queue
[2026-06-15T19:25:44.032+0000] {logging_mixin.py:188} INFO - [2026-06-15T19:25:44.032+0000] {dagbag.py:545} INFO - Filling up the DagBag from /home/airflow/.local/lib/python3.12/site-packages/airflow/example_dags/example_branch_operator.py
[2026-06-15T19:25:44.092+0000] {processor.py:840} INFO - DAG(s) 'example_branch_operator' retrieved from /home/airflow/.local/lib/python3.12/site-packages/airflow/example_dags/example_branch_operator.py
[2026-06-15T19:25:44.150+0000] {logging_mixin.py:188} INFO - [2026-06-15T19:25:44.149+0000] {dag.py:3089} INFO - Sync 1 DAGs
[2026-06-15T19:25:44.206+0000] {logging_mixin.py:188} INFO - [2026-06-15T19:25:44.206+0000] {dag.py:3947} INFO - Setting next_dagrun for example_branch_operator to 2026-06-14 00:00:00+00:00, run_after=2026-06-15 00:00:00+00:00
[2026-06-15T19:25:44.247+0000] {processor.py:183} INFO - Processing /home/airflow/.local/lib/python3.12/site-packages/airflow/example_dags/example_branch_operator.py took 0.286 seconds
[2026-06-15T19:26:14.627+0000] {processor.py:161} INFO - Started process (PID=1697) to work on /home/airflow/.local/lib/python3.12/site-packages/airflow/example_dags/example_branch_operator.py
[2026-06-15T19:26:14.630+0000] {processor.py:830} INFO - Processing file /home/airflow/.local/lib/python3.12/site-packages/airflow/example_dags/example_branch_operator.py for tasks to queue
[2026-06-15T19:26:14.636+0000] {logging_mixin.py:188} INFO - [2026-06-15T19:26:14.636+0000] {dagbag.py:545} INFO - Filling up the DagBag from /home/airflow/.local/lib/python3.12/site-packages/airflow/example_dags/example_branch_operator.py
[2026-06-15T19:26:14.691+0000] {processor.py:840} INFO - DAG(s) 'example_branch_operator' retrieved from /home/airflow/.local/lib/python3.12/site-packages/airflow/example_dags/example_branch_operator.py
[2026-06-15T19:26:14.800+0000] {logging_mixin.py:188} INFO - [2026-06-15T19:26:14.800+0000] {dag.py:3089} INFO - Sync 1 DAGs
[2026-06-15T19:26:14.889+0000] {logging_mixin.py:188} INFO - [2026-06-15T19:26:14.889+0000] {dag.py:3947} INFO - Setting next_dagrun for example_branch_operator to 2026-06-14 00:00:00+00:00, run_after=2026-06-15 00:00:00+00:00
[2026-06-15T19:26:14.949+0000] {processor.py:183} INFO - Processing /home/airflow/.local/lib/python3.12/site-packages/airflow/example_dags/example_branch_operator.py took 0.345 seconds
[2026-06-15T19:26:45.193+0000] {processor.py:161} INFO - Started process (PID=1756) to work on /home/airflow/.local/lib/python3.12/site-packages/airflow/example_dags/example_branch_operator.py
[2026-06-15T19:26:45.194+0000] {processor.py:830} INFO - Processing file /home/airflow/.local/lib/python3.12/site-packages/airflow/example_dags/example_branch_operator.py for tasks to queue
[2026-06-15T19:26:45.199+0000] {logging_mixin.py:188} INFO - [2026-06-15T19:26:45.199+0000] {dagbag.py:545} INFO - Filling up the DagBag from /home/airflow/.local/lib/python3.12/site-packages/airflow/example_dags/example_branch_operator.py
[2026-06-15T19:26:45.231+0000] {processor.py:840} INFO - DAG(s) 'example_branch_operator' retrieved from /home/airflow/.local/lib/python3.12/site-packages/airflow/example_dags/example_branch_operator.py
[2026-06-15T19:26:45.270+0000] {logging_mixin.py:188} INFO - [2026-06-15T19:26:45.269+0000] {dag.py:3089} INFO - Sync 1 DAGs
[2026-06-15T19:26:45.298+0000] {logging_mixin.py:188} INFO - [2026-06-15T19:26:45.298+0000] {dag.py:3947} INFO - Setting next_dagrun for example_branch_operator to 2026-06-14 00:00:00+00:00, run_after=2026-06-15 00:00:00+00:00
[2026-06-15T19:26:45.317+0000] {processor.py:183} INFO - Processing /home/airflow/.local/lib/python3.12/site-packages/airflow/example_dags/example_branch_operator.py took 0.159 seconds
[2026-06-15T19:27:16.206+0000] {processor.py:161} INFO - Started process (PID=1813) to work on /home/airflow/.local/lib/python3.12/site-packages/airflow/example_dags/example_branch_operator.py
[2026-06-15T19:27:16.207+0000] {processor.py:830} INFO - Processing file /home/airflow/.local/lib/python3.12/site-packages/airflow/example_dags/example_branch_operator.py for tasks to queue
[2026-06-15T19:27:16.209+0000] {logging_mixin.py:188} INFO - [2026-06-15T19:27:16.208+0000] {dagbag.py:545} INFO - Filling up the DagBag from /home/airflow/.local/lib/python3.12/site-packages/airflow/example_dags/example_branch_operator.py
[2026-06-15T19:27:16.231+0000] {processor.py:840} INFO - DAG(s) 'example_branch_operator' retrieved from /home/airflow/.local/lib/python3.12/site-packages/airflow/example_dags/example_branch_operator.py
[2026-06-15T19:27:16.272+0000] {logging_mixin.py:188} INFO - [2026-06-15T19:27:16.272+0000] {dag.py:3089} INFO - Sync 1 DAGs
[2026-06-15T19:27:16.308+0000] {logging_mixin.py:188} INFO - [2026-06-15T19:27:16.307+0000] {dag.py:3947} INFO - Setting next_dagrun for example_branch_operator to 2026-06-14 00:00:00+00:00, run_after=2026-06-15 00:00:00+00:00
[2026-06-15T19:27:16.328+0000] {processor.py:183} INFO - Processing /home/airflow/.local/lib/python3.12/site-packages/airflow/example_dags/example_branch_operator.py took 0.129 seconds
[2026-06-15T19:27:46.692+0000] {processor.py:161} INFO - Started process (PID=1871) to work on /home/airflow/.local/lib/python3.12/site-packages/airflow/example_dags/example_branch_operator.py
[2026-06-15T19:27:46.695+0000] {processor.py:830} INFO - Processing file /home/airflow/.local/lib/python3.12/site-packages/airflow/example_dags/example_branch_operator.py for tasks to queue
[2026-06-15T19:27:46.698+0000] {logging_mixin.py:188} INFO - [2026-06-15T19:27:46.698+0000] {dagbag.py:545} INFO - Filling up the DagBag from /home/airflow/.local/lib/python3.12/site-packages/airflow/example_dags/example_branch_operator.py
[2026-06-15T19:27:46.906+0000] {processor.py:840} INFO - DAG(s) 'example_branch_operator' retrieved from /home/airflow/.local/lib/python3.12/site-packages/airflow/example_dags/example_branch_operator.py
[2026-06-15T19:27:46.947+0000] {logging_mixin.py:188} INFO - [2026-06-15T19:27:46.947+0000] {dag.py:3089} INFO - Sync 1 DAGs
[2026-06-15T19:27:46.975+0000] {logging_mixin.py:188} INFO - [2026-06-15T19:27:46.974+0000] {dag.py:3947} INFO - Setting next_dagrun for example_branch_operator to 2026-06-14 00:00:00+00:00, run_after=2026-06-15 00:00:00+00:00
[2026-06-15T19:27:46.993+0000] {processor.py:183} INFO - Processing /home/airflow/.local/lib/python3.12/site-packages/airflow/example_dags/example_branch_operator.py took 0.317 seconds
[2026-06-15T19:28:17.751+0000] {processor.py:161} INFO - Started process (PID=1929) to work on /home/airflow/.local/lib/python3.12/site-packages/airflow/example_dags/example_branch_operator.py
[2026-06-15T19:28:17.755+0000] {processor.py:830} INFO - Processing file /home/airflow/.local/lib/python3.12/site-packages/airflow/example_dags/example_branch_operator.py for tasks to queue
[2026-06-15T19:28:17.762+0000] {logging_mixin.py:188} INFO - [2026-06-15T19:28:17.761+0000] {dagbag.py:545} INFO - Filling up the DagBag from /home/airflow/.local/lib/python3.12/site-packages/airflow/example_dags/example_branch_operator.py
[2026-06-15T19:28:17.835+0000] {processor.py:840} INFO - DAG(s) 'example_branch_operator' retrieved from /home/airflow/.local/lib/python3.12/site-packages/airflow/example_dags/example_branch_operator.py
[2026-06-15T19:28:17.900+0000] {logging_mixin.py:188} INFO - [2026-06-15T19:28:17.899+0000] {dag.py:3089} INFO - Sync 1 DAGs
[2026-06-15T19:28:17.932+0000] {logging_mixin.py:188} INFO - [2026-06-15T19:28:17.932+0000] {dag.py:3947} INFO - Setting next_dagrun for example_branch_operator to 2026-06-14 00:00:00+00:00, run_after=2026-06-15 00:00:00+00:00
[2026-06-15T19:28:17.952+0000] {processor.py:183} INFO - Processing /home/airflow/.local/lib/python3.12/site-packages/airflow/example_dags/example_branch_operator.py took 0.210 seconds
[2026-06-15T19:28:48.053+0000] {processor.py:161} INFO - Started process (PID=1987) to work on /home/airflow/.local/lib/python3.12/site-packages/airflow/example_dags/example_branch_operator.py
[2026-06-15T19:28:48.053+0000] {processor.py:830} INFO - Processing file /home/airflow/.local/lib/python3.12/site-packages/airflow/example_dags/example_branch_operator.py for tasks to queue
[2026-06-15T19:28:48.055+0000] {logging_mixin.py:188} INFO - [2026-06-15T19:28:48.054+0000] {dagbag.py:545} INFO - Filling up the DagBag from /home/airflow/.local/lib/python3.12/site-packages/airflow/example_dags/example_branch_operator.py
[2026-06-15T19:28:48.069+0000] {processor.py:840} INFO - DAG(s) 'example_branch_operator' retrieved from /home/airflow/.local/lib/python3.12/site-packages/airflow/example_dags/example_branch_operator.py
[2026-06-15T19:28:48.095+0000] {logging_mixin.py:188} INFO - [2026-06-15T19:28:48.095+0000] {dag.py:3089} INFO - Sync 1 DAGs
[2026-06-15T19:28:48.115+0000] {logging_mixin.py:188} INFO - [2026-06-15T19:28:48.115+0000] {dag.py:3947} INFO - Setting next_dagrun for example_branch_operator to 2026-06-14 00:00:00+00:00, run_after=2026-06-15 00:00:00+00:00
[2026-06-15T19:28:48.130+0000] {processor.py:183} INFO - Processing /home/airflow/.local/lib/python3.12/site-packages/airflow/example_dags/example_branch_operator.py took 0.084 seconds
[2026-06-15T19:29:18.442+0000] {processor.py:161} INFO - Started process (PID=2044) to work on /home/airflow/.local/lib/python3.12/site-packages/airflow/example_dags/example_branch_operator.py
[2026-06-15T19:29:18.443+0000] {processor.py:830} INFO - Processing file /home/airflow/.local/lib/python3.12/site-packages/airflow/example_dags/example_branch_operator.py for tasks to queue
[2026-06-15T19:29:18.445+0000] {logging_mixin.py:188} INFO - [2026-06-15T19:29:18.444+0000] {dagbag.py:545} INFO - Filling up the DagBag from /home/airflow/.local/lib/python3.12/site-packages/airflow/example_dags/example_branch_operator.py
[2026-06-15T19:29:18.467+0000] {processor.py:840} INFO - DAG(s) 'example_branch_operator' retrieved from /home/airflow/.local/lib/python3.12/site-packages/airflow/example_dags/example_branch_operator.py
[2026-06-15T19:29:18.552+0000] {logging_mixin.py:188} INFO - [2026-06-15T19:29:18.552+0000] {dag.py:3089} INFO - Sync 1 DAGs
[2026-06-15T19:29:18.648+0000] {logging_mixin.py:188} INFO - [2026-06-15T19:29:18.647+0000] {dag.py:3947} INFO - Setting next_dagrun for example_branch_operator to 2026-06-14 00:00:00+00:00, run_after=2026-06-15 00:00:00+00:00
[2026-06-15T19:29:18.688+0000] {processor.py:183} INFO - Processing /home/airflow/.local/lib/python3.12/site-packages/airflow/example_dags/example_branch_operator.py took 0.253 seconds
[2026-06-15T19:29:48.806+0000] {processor.py:161} INFO - Started process (PID=2102) to work on /home/airflow/.local/lib/python3.12/site-packages/airflow/example_dags/example_branch_operator.py
[2026-06-15T19:29:48.806+0000] {processor.py:830} INFO - Processing file /home/airflow/.local/lib/python3.12/site-packages/airflow/example_dags/example_branch_operator.py for tasks to queue
[2026-06-15T19:29:48.809+0000] {logging_mixin.py:188} INFO - [2026-06-15T19:29:48.808+0000] {dagbag.py:545} INFO - Filling up the DagBag from /home/airflow/.local/lib/python3.12/site-packages/airflow/example_dags/example_branch_operator.py
[2026-06-15T19:29:48.835+0000] {processor.py:840} INFO - DAG(s) 'example_branch_operator' retrieved from /home/airflow/.local/lib/python3.12/site-packages/airflow/example_dags/example_branch_operator.py
[2026-06-15T19:29:48.875+0000] {logging_mixin.py:188} INFO - [2026-06-15T19:29:48.874+0000] {dag.py:3089} INFO - Sync 1 DAGs
[2026-06-15T19:29:48.904+0000] {logging_mixin.py:188} INFO - [2026-06-15T19:29:48.904+0000] {dag.py:3947} INFO - Setting next_dagrun for example_branch_operator to 2026-06-14 00:00:00+00:00, run_after=2026-06-15 00:00:00+00:00
[2026-06-15T19:29:48.923+0000] {processor.py:183} INFO - Processing /home/airflow/.local/lib/python3.12/site-packages/airflow/example_dags/example_branch_operator.py took 0.124 seconds
[2026-06-15T19:30:19.416+0000] {processor.py:161} INFO - Started process (PID=2160) to work on /home/airflow/.local/lib/python3.12/site-packages/airflow/example_dags/example_branch_operator.py
[2026-06-15T19:30:19.418+0000] {processor.py:830} INFO - Processing file /home/airflow/.local/lib/python3.12/site-packages/airflow/example_dags/example_branch_operator.py for tasks to queue
[2026-06-15T19:30:19.419+0000] {logging_mixin.py:188} INFO - [2026-06-15T19:30:19.419+0000] {dagbag.py:545} INFO - Filling up the DagBag from /home/airflow/.local/lib/python3.12/site-packages/airflow/example_dags/example_branch_operator.py
[2026-06-15T19:30:19.447+0000] {processor.py:840} INFO - DAG(s) 'example_branch_operator' retrieved from /home/airflow/.local/lib/python3.12/site-packages/airflow/example_dags/example_branch_operator.py
[2026-06-15T19:30:19.484+0000] {logging_mixin.py:188} INFO - [2026-06-15T19:30:19.484+0000] {dag.py:3089} INFO - Sync 1 DAGs
[2026-06-15T19:30:19.513+0000] {logging_mixin.py:188} INFO - [2026-06-15T19:30:19.513+0000] {dag.py:3947} INFO - Setting next_dagrun for example_branch_operator to 2026-06-14 00:00:00+00:00, run_after=2026-06-15 00:00:00+00:00
[2026-06-15T19:30:19.531+0000] {processor.py:183} INFO - Processing /home/airflow/.local/lib/python3.12/site-packages/airflow/example_dags/example_branch_operator.py took 0.122 seconds
[2026-06-15T19:30:49.633+0000] {processor.py:161} INFO - Started process (PID=2218) to work on /home/airflow/.local/lib/python3.12/site-packages/airflow/example_dags/example_branch_operator.py
[2026-06-15T19:30:49.634+0000] {processor.py:830} INFO - Processing file /home/airflow/.local/lib/python3.12/site-packages/airflow/example_dags/example_branch_operator.py for tasks to queue
[2026-06-15T19:30:49.636+0000] {logging_mixin.py:188} INFO - [2026-06-15T19:30:49.635+0000] {dagbag.py:545} INFO - Filling up the DagBag from /home/airflow/.local/lib/python3.12/site-packages/airflow/example_dags/example_branch_operator.py
[2026-06-15T19:30:49.657+0000] {processor.py:840} INFO - DAG(s) 'example_branch_operator' retrieved from /home/airflow/.local/lib/python3.12/site-packages/airflow/example_dags/example_branch_operator.py
[2026-06-15T19:30:49.695+0000] {logging_mixin.py:188} INFO - [2026-06-15T19:30:49.694+0000] {dag.py:3089} INFO - Sync 1 DAGs
[2026-06-15T19:30:49.724+0000] {logging_mixin.py:188} INFO - [2026-06-15T19:30:49.723+0000] {dag.py:3947} INFO - Setting next_dagrun for example_branch_operator to 2026-06-14 00:00:00+00:00, run_after=2026-06-15 00:00:00+00:00
[2026-06-15T19:30:49.747+0000] {processor.py:183} INFO - Processing /home/airflow/.local/lib/python3.12/site-packages/airflow/example_dags/example_branch_operator.py took 0.120 seconds
[2026-06-15T19:31:19.842+0000] {processor.py:161} INFO - Started process (PID=2276) to work on /home/airflow/.local/lib/python3.12/site-packages/airflow/example_dags/example_branch_operator.py
[2026-06-15T19:31:19.849+0000] {processor.py:830} INFO - Processing file /home/airflow/.local/lib/python3.12/site-packages/airflow/example_dags/example_branch_operator.py for tasks to queue
[2026-06-15T19:31:19.865+0000] {logging_mixin.py:188} INFO - [2026-06-15T19:31:19.864+0000] {dagbag.py:545} INFO - Filling up the DagBag from /home/airflow/.local/lib/python3.12/site-packages/airflow/example_dags/example_branch_operator.py
[2026-06-15T19:31:19.900+0000] {processor.py:840} INFO - DAG(s) 'example_branch_operator' retrieved from /home/airflow/.local/lib/python3.12/site-packages/airflow/example_dags/example_branch_operator.py
[2026-06-15T19:31:19.945+0000] {logging_mixin.py:188} INFO - [2026-06-15T19:31:19.945+0000] {dag.py:3089} INFO - Sync 1 DAGs
[2026-06-15T19:31:20.016+0000] {logging_mixin.py:188} INFO - [2026-06-15T19:31:20.013+0000] {dag.py:3947} INFO - Setting next_dagrun for example_branch_operator to 2026-06-14 00:00:00+00:00, run_after=2026-06-15 00:00:00+00:00
[2026-06-15T19:31:20.063+0000] {processor.py:183} INFO - Processing /home/airflow/.local/lib/python3.12/site-packages/airflow/example_dags/example_branch_operator.py took 0.234 seconds
[2026-06-15T19:31:50.873+0000] {processor.py:161} INFO - Started process (PID=2334) to work on /home/airflow/.local/lib/python3.12/site-packages/airflow/example_dags/example_branch_operator.py
[2026-06-15T19:31:50.874+0000] {processor.py:830} INFO - Processing file /home/airflow/.local/lib/python3.12/site-packages/airflow/example_dags/example_branch_operator.py for tasks to queue
[2026-06-15T19:31:50.876+0000] {logging_mixin.py:188} INFO - [2026-06-15T19:31:50.875+0000] {dagbag.py:545} INFO - Filling up the DagBag from /home/airflow/.local/lib/python3.12/site-packages/airflow/example_dags/example_branch_operator.py
[2026-06-15T19:31:50.898+0000] {processor.py:840} INFO - DAG(s) 'example_branch_operator' retrieved from /home/airflow/.local/lib/python3.12/site-packages/airflow/example_dags/example_branch_operator.py
[2026-06-15T19:31:50.940+0000] {logging_mixin.py:188} INFO - [2026-06-15T19:31:50.939+0000] {dag.py:3089} INFO - Sync 1 DAGs
[2026-06-15T19:31:50.972+0000] {logging_mixin.py:188} INFO - [2026-06-15T19:31:50.972+0000] {dag.py:3947} INFO - Setting next_dagrun for example_branch_operator to 2026-06-14 00:00:00+00:00, run_after=2026-06-15 00:00:00+00:00
[2026-06-15T19:31:51.002+0000] {processor.py:183} INFO - Processing /home/airflow/.local/lib/python3.12/site-packages/airflow/example_dags/example_branch_operator.py took 0.136 seconds
[2026-06-15T19:32:21.248+0000] {processor.py:161} INFO - Started process (PID=2392) to work on /home/airflow/.local/lib/python3.12/site-packages/airflow/example_dags/example_branch_operator.py
[2026-06-15T19:32:21.250+0000] {processor.py:830} INFO - Processing file /home/airflow/.local/lib/python3.12/site-packages/airflow/example_dags/example_branch_operator.py for tasks to queue
[2026-06-15T19:32:21.254+0000] {logging_mixin.py:188} INFO - [2026-06-15T19:32:21.253+0000] {dagbag.py:545} INFO - Filling up the DagBag from /home/airflow/.local/lib/python3.12/site-packages/airflow/example_dags/example_branch_operator.py
[2026-06-15T19:32:21.278+0000] {processor.py:840} INFO - DAG(s) 'example_branch_operator' retrieved from /home/airflow/.local/lib/python3.12/site-packages/airflow/example_dags/example_branch_operator.py
[2026-06-15T19:32:21.323+0000] {logging_mixin.py:188} INFO - [2026-06-15T19:32:21.323+0000] {dag.py:3089} INFO - Sync 1 DAGs
[2026-06-15T19:32:21.386+0000] {logging_mixin.py:188} INFO - [2026-06-15T19:32:21.386+0000] {dag.py:3947} INFO - Setting next_dagrun for example_branch_operator to 2026-06-14 00:00:00+00:00, run_after=2026-06-15 00:00:00+00:00
[2026-06-15T19:32:21.431+0000] {processor.py:183} INFO - Processing /home/airflow/.local/lib/python3.12/site-packages/airflow/example_dags/example_branch_operator.py took 0.201 seconds
[2026-06-15T19:32:51.537+0000] {processor.py:161} INFO - Started process (PID=2449) to work on /home/airflow/.local/lib/python3.12/site-packages/airflow/example_dags/example_branch_operator.py
[2026-06-15T19:32:51.538+0000] {processor.py:830} INFO - Processing file /home/airflow/.local/lib/python3.12/site-packages/airflow/example_dags/example_branch_operator.py for tasks to queue
[2026-06-15T19:32:51.540+0000] {logging_mixin.py:188} INFO - [2026-06-15T19:32:51.540+0000] {dagbag.py:545} INFO - Filling up the DagBag from /home/airflow/.local/lib/python3.12/site-packages/airflow/example_dags/example_branch_operator.py
[2026-06-15T19:32:51.563+0000] {processor.py:840} INFO - DAG(s) 'example_branch_operator' retrieved from /home/airflow/.local/lib/python3.12/site-packages/airflow/example_dags/example_branch_operator.py
[2026-06-15T19:32:51.603+0000] {logging_mixin.py:188} INFO - [2026-06-15T19:32:51.602+0000] {dag.py:3089} INFO - Sync 1 DAGs
[2026-06-15T19:32:51.632+0000] {logging_mixin.py:188} INFO - [2026-06-15T19:32:51.632+0000] {dag.py:3947} INFO - Setting next_dagrun for example_branch_operator to 2026-06-14 00:00:00+00:00, run_after=2026-06-15 00:00:00+00:00
[2026-06-15T19:32:51.653+0000] {processor.py:183} INFO - Processing /home/airflow/.local/lib/python3.12/site-packages/airflow/example_dags/example_branch_operator.py took 0.122 seconds
[2026-06-15T19:33:21.746+0000] {processor.py:161} INFO - Started process (PID=2506) to work on /home/airflow/.local/lib/python3.12/site-packages/airflow/example_dags/example_branch_operator.py
[2026-06-15T19:33:21.747+0000] {processor.py:830} INFO - Processing file /home/airflow/.local/lib/python3.12/site-packages/airflow/example_dags/example_branch_operator.py for tasks to queue
[2026-06-15T19:33:21.749+0000] {logging_mixin.py:188} INFO - [2026-06-15T19:33:21.748+0000] {dagbag.py:545} INFO - Filling up the DagBag from /home/airflow/.local/lib/python3.12/site-packages/airflow/example_dags/example_branch_operator.py
[2026-06-15T19:33:21.770+0000] {processor.py:840} INFO - DAG(s) 'example_branch_operator' retrieved from /home/airflow/.local/lib/python3.12/site-packages/airflow/example_dags/example_branch_operator.py
[2026-06-15T19:33:21.814+0000] {logging_mixin.py:188} INFO - [2026-06-15T19:33:21.813+0000] {dag.py:3089} INFO - Sync 1 DAGs
[2026-06-15T19:33:21.845+0000] {logging_mixin.py:188} INFO - [2026-06-15T19:33:21.845+0000] {dag.py:3947} INFO - Setting next_dagrun for example_branch_operator to 2026-06-14 00:00:00+00:00, run_after=2026-06-15 00:00:00+00:00
[2026-06-15T19:33:21.874+0000] {processor.py:183} INFO - Processing /home/airflow/.local/lib/python3.12/site-packages/airflow/example_dags/example_branch_operator.py took 0.134 seconds
[2026-06-15T19:33:52.468+0000] {processor.py:161} INFO - Started process (PID=2564) to work on /home/airflow/.local/lib/python3.12/site-packages/airflow/example_dags/example_branch_operator.py
[2026-06-15T19:33:52.473+0000] {processor.py:830} INFO - Processing file /home/airflow/.local/lib/python3.12/site-packages/airflow/example_dags/example_branch_operator.py for tasks to queue
[2026-06-15T19:33:52.478+0000] {logging_mixin.py:188} INFO - [2026-06-15T19:33:52.477+0000] {dagbag.py:545} INFO - Filling up the DagBag from /home/airflow/.local/lib/python3.12/site-packages/airflow/example_dags/example_branch_operator.py
[2026-06-15T19:33:52.506+0000] {processor.py:840} INFO - DAG(s) 'example_branch_operator' retrieved from /home/airflow/.local/lib/python3.12/site-packages/airflow/example_dags/example_branch_operator.py
[2026-06-15T19:33:52.545+0000] {logging_mixin.py:188} INFO - [2026-06-15T19:33:52.545+0000] {dag.py:3089} INFO - Sync 1 DAGs
[2026-06-15T19:33:52.577+0000] {logging_mixin.py:188} INFO - [2026-06-15T19:33:52.577+0000] {dag.py:3947} INFO - Setting next_dagrun for example_branch_operator to 2026-06-14 00:00:00+00:00, run_after=2026-06-15 00:00:00+00:00
[2026-06-15T19:33:52.596+0000] {processor.py:183} INFO - Processing /home/airflow/.local/lib/python3.12/site-packages/airflow/example_dags/example_branch_operator.py took 0.140 seconds
[2026-06-15T19:34:22.855+0000] {processor.py:161} INFO - Started process (PID=2621) to work on /home/airflow/.local/lib/python3.12/site-packages/airflow/example_dags/example_branch_operator.py
[2026-06-15T19:34:22.856+0000] {processor.py:830} INFO - Processing file /home/airflow/.local/lib/python3.12/site-packages/airflow/example_dags/example_branch_operator.py for tasks to queue
[2026-06-15T19:34:22.858+0000] {logging_mixin.py:188} INFO - [2026-06-15T19:34:22.858+0000] {dagbag.py:545} INFO - Filling up the DagBag from /home/airflow/.local/lib/python3.12/site-packages/airflow/example_dags/example_branch_operator.py
[2026-06-15T19:34:22.880+0000] {processor.py:840} INFO - DAG(s) 'example_branch_operator' retrieved from /home/airflow/.local/lib/python3.12/site-packages/airflow/example_dags/example_branch_operator.py
[2026-06-15T19:34:22.920+0000] {logging_mixin.py:188} INFO - [2026-06-15T19:34:22.920+0000] {dag.py:3089} INFO - Sync 1 DAGs
[2026-06-15T19:34:22.952+0000] {logging_mixin.py:188} INFO - [2026-06-15T19:34:22.952+0000] {dag.py:3947} INFO - Setting next_dagrun for example_branch_operator to 2026-06-14 00:00:00+00:00, run_after=2026-06-15 00:00:00+00:00
[2026-06-15T19:34:22.978+0000] {processor.py:183} INFO - Processing /home/airflow/.local/lib/python3.12/site-packages/airflow/example_dags/example_branch_operator.py took 0.129 seconds
[2026-06-15T19:34:53.273+0000] {processor.py:161} INFO - Started process (PID=2679) to work on /home/airflow/.local/lib/python3.12/site-packages/airflow/example_dags/example_branch_operator.py
[2026-06-15T19:34:53.276+0000] {processor.py:830} INFO - Processing file /home/airflow/.local/lib/python3.12/site-packages/airflow/example_dags/example_branch_operator.py for tasks to queue
[2026-06-15T19:34:53.278+0000] {logging_mixin.py:188} INFO - [2026-06-15T19:34:53.278+0000] {dagbag.py:545} INFO - Filling up the DagBag from /home/airflow/.local/lib/python3.12/site-packages/airflow/example_dags/example_branch_operator.py
[2026-06-15T19:34:53.304+0000] {processor.py:840} INFO - DAG(s) 'example_branch_operator' retrieved from /home/airflow/.local/lib/python3.12/site-packages/airflow/example_dags/example_branch_operator.py
[2026-06-15T19:34:53.341+0000] {logging_mixin.py:188} INFO - [2026-06-15T19:34:53.340+0000] {dag.py:3089} INFO - Sync 1 DAGs
[2026-06-15T19:34:53.370+0000] {logging_mixin.py:188} INFO - [2026-06-15T19:34:53.370+0000] {dag.py:3947} INFO - Setting next_dagrun for example_branch_operator to 2026-06-14 00:00:00+00:00, run_after=2026-06-15 00:00:00+00:00
[2026-06-15T19:34:53.391+0000] {processor.py:183} INFO - Processing /home/airflow/.local/lib/python3.12/site-packages/airflow/example_dags/example_branch_operator.py took 0.125 seconds
[2026-06-15T19:35:23.691+0000] {processor.py:161} INFO - Started process (PID=2737) to work on /home/airflow/.local/lib/python3.12/site-packages/airflow/example_dags/example_branch_operator.py
[2026-06-15T19:35:23.691+0000] {processor.py:830} INFO - Processing file /home/airflow/.local/lib/python3.12/site-packages/airflow/example_dags/example_branch_operator.py for tasks to queue
[2026-06-15T19:35:23.693+0000] {logging_mixin.py:188} INFO - [2026-06-15T19:35:23.693+0000] {dagbag.py:545} INFO - Filling up the DagBag from /home/airflow/.local/lib/python3.12/site-packages/airflow/example_dags/example_branch_operator.py
[2026-06-15T19:35:23.717+0000] {processor.py:840} INFO - DAG(s) 'example_branch_operator' retrieved from /home/airflow/.local/lib/python3.12/site-packages/airflow/example_dags/example_branch_operator.py
[2026-06-15T19:35:23.762+0000] {logging_mixin.py:188} INFO - [2026-06-15T19:35:23.762+0000] {dag.py:3089} INFO - Sync 1 DAGs
[2026-06-15T19:35:23.791+0000] {logging_mixin.py:188} INFO - [2026-06-15T19:35:23.791+0000] {dag.py:3947} INFO - Setting next_dagrun for example_branch_operator to 2026-06-14 00:00:00+00:00, run_after=2026-06-15 00:00:00+00:00
[2026-06-15T19:35:23.817+0000] {processor.py:183} INFO - Processing /home/airflow/.local/lib/python3.12/site-packages/airflow/example_dags/example_branch_operator.py took 0.134 seconds
[2026-06-15T19:35:54.069+0000] {processor.py:161} INFO - Started process (PID=2795) to work on /home/airflow/.local/lib/python3.12/site-packages/airflow/example_dags/example_branch_operator.py
[2026-06-15T19:35:54.072+0000] {processor.py:830} INFO - Processing file /home/airflow/.local/lib/python3.12/site-packages/airflow/example_dags/example_branch_operator.py for tasks to queue
[2026-06-15T19:35:54.076+0000] {logging_mixin.py:188} INFO - [2026-06-15T19:35:54.073+0000] {dagbag.py:545} INFO - Filling up the DagBag from /home/airflow/.local/lib/python3.12/site-packages/airflow/example_dags/example_branch_operator.py
[2026-06-15T19:35:54.104+0000] {processor.py:840} INFO - DAG(s) 'example_branch_operator' retrieved from /home/airflow/.local/lib/python3.12/site-packages/airflow/example_dags/example_branch_operator.py
[2026-06-15T19:35:54.188+0000] {logging_mixin.py:188} INFO - [2026-06-15T19:35:54.188+0000] {dag.py:3089} INFO - Sync 1 DAGs
[2026-06-15T19:35:54.240+0000] {logging_mixin.py:188} INFO - [2026-06-15T19:35:54.239+0000] {dag.py:3947} INFO - Setting next_dagrun for example_branch_operator to 2026-06-14 00:00:00+00:00, run_after=2026-06-15 00:00:00+00:00
[2026-06-15T19:35:54.258+0000] {processor.py:183} INFO - Processing /home/airflow/.local/lib/python3.12/site-packages/airflow/example_dags/example_branch_operator.py took 0.195 seconds
[2026-06-15T19:36:24.567+0000] {processor.py:161} INFO - Started process (PID=2853) to work on /home/airflow/.local/lib/python3.12/site-packages/airflow/example_dags/example_branch_operator.py
[2026-06-15T19:36:24.568+0000] {processor.py:830} INFO - Processing file /home/airflow/.local/lib/python3.12/site-packages/airflow/example_dags/example_branch_operator.py for tasks to queue
[2026-06-15T19:36:24.570+0000] {logging_mixin.py:188} INFO - [2026-06-15T19:36:24.569+0000] {dagbag.py:545} INFO - Filling up the DagBag from /home/airflow/.local/lib/python3.12/site-packages/airflow/example_dags/example_branch_operator.py
[2026-06-15T19:36:24.592+0000] {processor.py:840} INFO - DAG(s) 'example_branch_operator' retrieved from /home/airflow/.local/lib/python3.12/site-packages/airflow/example_dags/example_branch_operator.py
[2026-06-15T19:36:24.631+0000] {logging_mixin.py:188} INFO - [2026-06-15T19:36:24.631+0000] {dag.py:3089} INFO - Sync 1 DAGs
[2026-06-15T19:36:24.662+0000] {logging_mixin.py:188} INFO - [2026-06-15T19:36:24.661+0000] {dag.py:3947} INFO - Setting next_dagrun for example_branch_operator to 2026-06-14 00:00:00+00:00, run_after=2026-06-15 00:00:00+00:00
[2026-06-15T19:36:24.705+0000] {processor.py:183} INFO - Processing /home/airflow/.local/lib/python3.12/site-packages/airflow/example_dags/example_branch_operator.py took 0.145 seconds
[2026-06-15T19:36:54.993+0000] {processor.py:161} INFO - Started process (PID=2911) to work on /home/airflow/.local/lib/python3.12/site-packages/airflow/example_dags/example_branch_operator.py
[2026-06-15T19:36:54.994+0000] {processor.py:830} INFO - Processing file /home/airflow/.local/lib/python3.12/site-packages/airflow/example_dags/example_branch_operator.py for tasks to queue
[2026-06-15T19:36:54.995+0000] {logging_mixin.py:188} INFO - [2026-06-15T19:36:54.995+0000] {dagbag.py:545} INFO - Filling up the DagBag from /home/airflow/.local/lib/python3.12/site-packages/airflow/example_dags/example_branch_operator.py
[2026-06-15T19:36:55.018+0000] {processor.py:840} INFO - DAG(s) 'example_branch_operator' retrieved from /home/airflow/.local/lib/python3.12/site-packages/airflow/example_dags/example_branch_operator.py
[2026-06-15T19:36:55.067+0000] {logging_mixin.py:188} INFO - [2026-06-15T19:36:55.067+0000] {dag.py:3089} INFO - Sync 1 DAGs
[2026-06-15T19:36:55.104+0000] {logging_mixin.py:188} INFO - [2026-06-15T19:36:55.103+0000] {dag.py:3947} INFO - Setting next_dagrun for example_branch_operator to 2026-06-14 00:00:00+00:00, run_after=2026-06-15 00:00:00+00:00
[2026-06-15T19:36:55.122+0000] {processor.py:183} INFO - Processing /home/airflow/.local/lib/python3.12/site-packages/airflow/example_dags/example_branch_operator.py took 0.136 seconds
[2026-06-15T19:37:25.272+0000] {processor.py:161} INFO - Started process (PID=2969) to work on /home/airflow/.local/lib/python3.12/site-packages/airflow/example_dags/example_branch_operator.py
[2026-06-15T19:37:25.273+0000] {processor.py:830} INFO - Processing file /home/airflow/.local/lib/python3.12/site-packages/airflow/example_dags/example_branch_operator.py for tasks to queue
[2026-06-15T19:37:25.275+0000] {logging_mixin.py:188} INFO - [2026-06-15T19:37:25.275+0000] {dagbag.py:545} INFO - Filling up the DagBag from /home/airflow/.local/lib/python3.12/site-packages/airflow/example_dags/example_branch_operator.py
[2026-06-15T19:37:25.297+0000] {processor.py:840} INFO - DAG(s) 'example_branch_operator' retrieved from /home/airflow/.local/lib/python3.12/site-packages/airflow/example_dags/example_branch_operator.py
[2026-06-15T19:37:25.337+0000] {logging_mixin.py:188} INFO - [2026-06-15T19:37:25.337+0000] {dag.py:3089} INFO - Sync 1 DAGs
[2026-06-15T19:37:25.366+0000] {logging_mixin.py:188} INFO - [2026-06-15T19:37:25.366+0000] {dag.py:3947} INFO - Setting next_dagrun for example_branch_operator to 2026-06-14 00:00:00+00:00, run_after=2026-06-15 00:00:00+00:00
[2026-06-15T19:37:25.385+0000] {processor.py:183} INFO - Processing /home/airflow/.local/lib/python3.12/site-packages/airflow/example_dags/example_branch_operator.py took 0.120 seconds
[2026-06-15T19:37:55.567+0000] {processor.py:161} INFO - Started process (PID=3026) to work on /home/airflow/.local/lib/python3.12/site-packages/airflow/example_dags/example_branch_operator.py
[2026-06-15T19:37:55.568+0000] {processor.py:830} INFO - Processing file /home/airflow/.local/lib/python3.12/site-packages/airflow/example_dags/example_branch_operator.py for tasks to queue
[2026-06-15T19:37:55.573+0000] {logging_mixin.py:188} INFO - [2026-06-15T19:37:55.571+0000] {dagbag.py:545} INFO - Filling up the DagBag from /home/airflow/.local/lib/python3.12/site-packages/airflow/example_dags/example_branch_operator.py
[2026-06-15T19:37:55.603+0000] {processor.py:840} INFO - DAG(s) 'example_branch_operator' retrieved from /home/airflow/.local/lib/python3.12/site-packages/airflow/example_dags/example_branch_operator.py
[2026-06-15T19:37:55.684+0000] {logging_mixin.py:188} INFO - [2026-06-15T19:37:55.684+0000] {dag.py:3089} INFO - Sync 1 DAGs
[2026-06-15T19:37:55.719+0000] {logging_mixin.py:188} INFO - [2026-06-15T19:37:55.718+0000] {dag.py:3947} INFO - Setting next_dagrun for example_branch_operator to 2026-06-14 00:00:00+00:00, run_after=2026-06-15 00:00:00+00:00
[2026-06-15T19:37:55.738+0000] {processor.py:183} INFO - Processing /home/airflow/.local/lib/python3.12/site-packages/airflow/example_dags/example_branch_operator.py took 0.197 seconds
[2026-06-15T19:38:26.158+0000] {processor.py:161} INFO - Started process (PID=3084) to work on /home/airflow/.local/lib/python3.12/site-packages/airflow/example_dags/example_branch_operator.py
[2026-06-15T19:38:26.159+0000] {processor.py:830} INFO - Processing file /home/airflow/.local/lib/python3.12/site-packages/airflow/example_dags/example_branch_operator.py for tasks to queue
[2026-06-15T19:38:26.161+0000] {logging_mixin.py:188} INFO - [2026-06-15T19:38:26.161+0000] {dagbag.py:545} INFO - Filling up the DagBag from /home/airflow/.local/lib/python3.12/site-packages/airflow/example_dags/example_branch_operator.py
[2026-06-15T19:38:26.188+0000] {processor.py:840} INFO - DAG(s) 'example_branch_operator' retrieved from /home/airflow/.local/lib/python3.12/site-packages/airflow/example_dags/example_branch_operator.py
[2026-06-15T19:38:26.226+0000] {logging_mixin.py:188} INFO - [2026-06-15T19:38:26.226+0000] {dag.py:3089} INFO - Sync 1 DAGs
[2026-06-15T19:38:26.256+0000] {logging_mixin.py:188} INFO - [2026-06-15T19:38:26.255+0000] {dag.py:3947} INFO - Setting next_dagrun for example_branch_operator to 2026-06-14 00:00:00+00:00, run_after=2026-06-15 00:00:00+00:00
[2026-06-15T19:38:26.274+0000] {processor.py:183} INFO - Processing /home/airflow/.local/lib/python3.12/site-packages/airflow/example_dags/example_branch_operator.py took 0.123 seconds
[2026-06-15T19:38:56.775+0000] {processor.py:161} INFO - Started process (PID=3142) to work on /home/airflow/.local/lib/python3.12/site-packages/airflow/example_dags/example_branch_operator.py
[2026-06-15T19:38:56.775+0000] {processor.py:830} INFO - Processing file /home/airflow/.local/lib/python3.12/site-packages/airflow/example_dags/example_branch_operator.py for tasks to queue
[2026-06-15T19:38:56.777+0000] {logging_mixin.py:188} INFO - [2026-06-15T19:38:56.777+0000] {dagbag.py:545} INFO - Filling up the DagBag from /home/airflow/.local/lib/python3.12/site-packages/airflow/example_dags/example_branch_operator.py
[2026-06-15T19:38:56.820+0000] {processor.py:840} INFO - DAG(s) 'example_branch_operator' retrieved from /home/airflow/.local/lib/python3.12/site-packages/airflow/example_dags/example_branch_operator.py
[2026-06-15T19:38:56.895+0000] {logging_mixin.py:188} INFO - [2026-06-15T19:38:56.895+0000] {dag.py:3089} INFO - Sync 1 DAGs
[2026-06-15T19:38:56.956+0000] {logging_mixin.py:188} INFO - [2026-06-15T19:38:56.955+0000] {dag.py:3947} INFO - Setting next_dagrun for example_branch_operator to 2026-06-14 00:00:00+00:00, run_after=2026-06-15 00:00:00+00:00
[2026-06-15T19:38:56.987+0000] {processor.py:183} INFO - Processing /home/airflow/.local/lib/python3.12/site-packages/airflow/example_dags/example_branch_operator.py took 0.228 seconds
[2026-06-15T19:39:27.057+0000] {processor.py:161} INFO - Started process (PID=3200) to work on /home/airflow/.local/lib/python3.12/site-packages/airflow/example_dags/example_branch_operator.py
[2026-06-15T19:39:27.058+0000] {processor.py:830} INFO - Processing file /home/airflow/.local/lib/python3.12/site-packages/airflow/example_dags/example_branch_operator.py for tasks to queue
[2026-06-15T19:39:27.060+0000] {logging_mixin.py:188} INFO - [2026-06-15T19:39:27.059+0000] {dagbag.py:545} INFO - Filling up the DagBag from /home/airflow/.local/lib/python3.12/site-packages/airflow/example_dags/example_branch_operator.py
[2026-06-15T19:39:27.082+0000] {processor.py:840} INFO - DAG(s) 'example_branch_operator' retrieved from /home/airflow/.local/lib/python3.12/site-packages/airflow/example_dags/example_branch_operator.py
[2026-06-15T19:39:27.121+0000] {logging_mixin.py:188} INFO - [2026-06-15T19:39:27.121+0000] {dag.py:3089} INFO - Sync 1 DAGs
[2026-06-15T19:39:27.150+0000] {logging_mixin.py:188} INFO - [2026-06-15T19:39:27.150+0000] {dag.py:3947} INFO - Setting next_dagrun for example_branch_operator to 2026-06-14 00:00:00+00:00, run_after=2026-06-15 00:00:00+00:00
[2026-06-15T19:39:27.170+0000] {processor.py:183} INFO - Processing /home/airflow/.local/lib/python3.12/site-packages/airflow/example_dags/example_branch_operator.py took 0.120 seconds
[2026-06-15T19:39:57.424+0000] {processor.py:161} INFO - Started process (PID=3258) to work on /home/airflow/.local/lib/python3.12/site-packages/airflow/example_dags/example_branch_operator.py
[2026-06-15T19:39:57.425+0000] {processor.py:830} INFO - Processing file /home/airflow/.local/lib/python3.12/site-packages/airflow/example_dags/example_branch_operator.py for tasks to queue
[2026-06-15T19:39:57.427+0000] {logging_mixin.py:188} INFO - [2026-06-15T19:39:57.427+0000] {dagbag.py:545} INFO - Filling up the DagBag from /home/airflow/.local/lib/python3.12/site-packages/airflow/example_dags/example_branch_operator.py
[2026-06-15T19:39:57.449+0000] {processor.py:840} INFO - DAG(s) 'example_branch_operator' retrieved from /home/airflow/.local/lib/python3.12/site-packages/airflow/example_dags/example_branch_operator.py
[2026-06-15T19:39:57.491+0000] {logging_mixin.py:188} INFO - [2026-06-15T19:39:57.491+0000] {dag.py:3089} INFO - Sync 1 DAGs
[2026-06-15T19:39:57.521+0000] {logging_mixin.py:188} INFO - [2026-06-15T19:39:57.520+0000] {dag.py:3947} INFO - Setting next_dagrun for example_branch_operator to 2026-06-14 00:00:00+00:00, run_after=2026-06-15 00:00:00+00:00
[2026-06-15T19:39:57.541+0000] {processor.py:183} INFO - Processing /home/airflow/.local/lib/python3.12/site-packages/airflow/example_dags/example_branch_operator.py took 0.124 seconds
[2026-06-15T19:40:27.996+0000] {processor.py:161} INFO - Started process (PID=3316) to work on /home/airflow/.local/lib/python3.12/site-packages/airflow/example_dags/example_branch_operator.py
[2026-06-15T19:40:27.997+0000] {processor.py:830} INFO - Processing file /home/airflow/.local/lib/python3.12/site-packages/airflow/example_dags/example_branch_operator.py for tasks to queue
[2026-06-15T19:40:27.999+0000] {logging_mixin.py:188} INFO - [2026-06-15T19:40:27.999+0000] {dagbag.py:545} INFO - Filling up the DagBag from /home/airflow/.local/lib/python3.12/site-packages/airflow/example_dags/example_branch_operator.py
[2026-06-15T19:40:28.021+0000] {processor.py:840} INFO - DAG(s) 'example_branch_operator' retrieved from /home/airflow/.local/lib/python3.12/site-packages/airflow/example_dags/example_branch_operator.py
[2026-06-15T19:40:28.059+0000] {logging_mixin.py:188} INFO - [2026-06-15T19:40:28.059+0000] {dag.py:3089} INFO - Sync 1 DAGs
[2026-06-15T19:40:28.089+0000] {logging_mixin.py:188} INFO - [2026-06-15T19:40:28.089+0000] {dag.py:3947} INFO - Setting next_dagrun for example_branch_operator to 2026-06-14 00:00:00+00:00, run_after=2026-06-15 00:00:00+00:00
[2026-06-15T19:40:28.108+0000] {processor.py:183} INFO - Processing /home/airflow/.local/lib/python3.12/site-packages/airflow/example_dags/example_branch_operator.py took 0.118 seconds
[2026-06-15T19:40:58.296+0000] {processor.py:161} INFO - Started process (PID=3374) to work on /home/airflow/.local/lib/python3.12/site-packages/airflow/example_dags/example_branch_operator.py
[2026-06-15T19:40:58.297+0000] {processor.py:830} INFO - Processing file /home/airflow/.local/lib/python3.12/site-packages/airflow/example_dags/example_branch_operator.py for tasks to queue
[2026-06-15T19:40:58.299+0000] {logging_mixin.py:188} INFO - [2026-06-15T19:40:58.298+0000] {dagbag.py:545} INFO - Filling up the DagBag from /home/airflow/.local/lib/python3.12/site-packages/airflow/example_dags/example_branch_operator.py
[2026-06-15T19:40:58.321+0000] {processor.py:840} INFO - DAG(s) 'example_branch_operator' retrieved from /home/airflow/.local/lib/python3.12/site-packages/airflow/example_dags/example_branch_operator.py
[2026-06-15T19:40:58.360+0000] {logging_mixin.py:188} INFO - [2026-06-15T19:40:58.359+0000] {dag.py:3089} INFO - Sync 1 DAGs
[2026-06-15T19:40:58.389+0000] {logging_mixin.py:188} INFO - [2026-06-15T19:40:58.389+0000] {dag.py:3947} INFO - Setting next_dagrun for example_branch_operator to 2026-06-14 00:00:00+00:00, run_after=2026-06-15 00:00:00+00:00
[2026-06-15T19:40:58.408+0000] {processor.py:183} INFO - Processing /home/airflow/.local/lib/python3.12/site-packages/airflow/example_dags/example_branch_operator.py took 0.119 seconds
[2026-06-15T19:41:28.917+0000] {processor.py:161} INFO - Started process (PID=3431) to work on /home/airflow/.local/lib/python3.12/site-packages/airflow/example_dags/example_branch_operator.py
[2026-06-15T19:41:28.918+0000] {processor.py:830} INFO - Processing file /home/airflow/.local/lib/python3.12/site-packages/airflow/example_dags/example_branch_operator.py for tasks to queue
[2026-06-15T19:41:28.920+0000] {logging_mixin.py:188} INFO - [2026-06-15T19:41:28.920+0000] {dagbag.py:545} INFO - Filling up the DagBag from /home/airflow/.local/lib/python3.12/site-packages/airflow/example_dags/example_branch_operator.py
[2026-06-15T19:41:28.945+0000] {processor.py:840} INFO - DAG(s) 'example_branch_operator' retrieved from /home/airflow/.local/lib/python3.12/site-packages/airflow/example_dags/example_branch_operator.py
[2026-06-15T19:41:28.983+0000] {logging_mixin.py:188} INFO - [2026-06-15T19:41:28.983+0000] {dag.py:3089} INFO - Sync 1 DAGs
[2026-06-15T19:41:29.013+0000] {logging_mixin.py:188} INFO - [2026-06-15T19:41:29.013+0000] {dag.py:3947} INFO - Setting next_dagrun for example_branch_operator to 2026-06-14 00:00:00+00:00, run_after=2026-06-15 00:00:00+00:00
[2026-06-15T19:41:29.032+0000] {processor.py:183} INFO - Processing /home/airflow/.local/lib/python3.12/site-packages/airflow/example_dags/example_branch_operator.py took 0.123 seconds
[2026-06-15T19:41:59.334+0000] {processor.py:161} INFO - Started process (PID=3489) to work on /home/airflow/.local/lib/python3.12/site-packages/airflow/example_dags/example_branch_operator.py
[2026-06-15T19:41:59.335+0000] {processor.py:830} INFO - Processing file /home/airflow/.local/lib/python3.12/site-packages/airflow/example_dags/example_branch_operator.py for tasks to queue
[2026-06-15T19:41:59.337+0000] {logging_mixin.py:188} INFO - [2026-06-15T19:41:59.336+0000] {dagbag.py:545} INFO - Filling up the DagBag from /home/airflow/.local/lib/python3.12/site-packages/airflow/example_dags/example_branch_operator.py
[2026-06-15T19:41:59.359+0000] {processor.py:840} INFO - DAG(s) 'example_branch_operator' retrieved from /home/airflow/.local/lib/python3.12/site-packages/airflow/example_dags/example_branch_operator.py
[2026-06-15T19:41:59.396+0000] {logging_mixin.py:188} INFO - [2026-06-15T19:41:59.395+0000] {dag.py:3089} INFO - Sync 1 DAGs
[2026-06-15T19:41:59.425+0000] {logging_mixin.py:188} INFO - [2026-06-15T19:41:59.425+0000] {dag.py:3947} INFO - Setting next_dagrun for example_branch_operator to 2026-06-14 00:00:00+00:00, run_after=2026-06-15 00:00:00+00:00
[2026-06-15T19:41:59.444+0000] {processor.py:183} INFO - Processing /home/airflow/.local/lib/python3.12/site-packages/airflow/example_dags/example_branch_operator.py took 0.117 seconds
[2026-06-15T19:42:29.633+0000] {processor.py:161} INFO - Started process (PID=3547) to work on /home/airflow/.local/lib/python3.12/site-packages/airflow/example_dags/example_branch_operator.py
[2026-06-15T19:42:29.634+0000] {processor.py:830} INFO - Processing file /home/airflow/.local/lib/python3.12/site-packages/airflow/example_dags/example_branch_operator.py for tasks to queue
[2026-06-15T19:42:29.636+0000] {logging_mixin.py:188} INFO - [2026-06-15T19:42:29.636+0000] {dagbag.py:545} INFO - Filling up the DagBag from /home/airflow/.local/lib/python3.12/site-packages/airflow/example_dags/example_branch_operator.py
[2026-06-15T19:42:29.659+0000] {processor.py:840} INFO - DAG(s) 'example_branch_operator' retrieved from /home/airflow/.local/lib/python3.12/site-packages/airflow/example_dags/example_branch_operator.py
[2026-06-15T19:42:29.697+0000] {logging_mixin.py:188} INFO - [2026-06-15T19:42:29.696+0000] {dag.py:3089} INFO - Sync 1 DAGs
[2026-06-15T19:42:29.726+0000] {logging_mixin.py:188} INFO - [2026-06-15T19:42:29.725+0000] {dag.py:3947} INFO - Setting next_dagrun for example_branch_operator to 2026-06-14 00:00:00+00:00, run_after=2026-06-15 00:00:00+00:00
[2026-06-15T19:42:29.745+0000] {processor.py:183} INFO - Processing /home/airflow/.local/lib/python3.12/site-packages/airflow/example_dags/example_branch_operator.py took 0.119 seconds
[2026-06-15T19:43:00.076+0000] {processor.py:161} INFO - Started process (PID=3605) to work on /home/airflow/.local/lib/python3.12/site-packages/airflow/example_dags/example_branch_operator.py
[2026-06-15T19:43:00.077+0000] {processor.py:830} INFO - Processing file /home/airflow/.local/lib/python3.12/site-packages/airflow/example_dags/example_branch_operator.py for tasks to queue
[2026-06-15T19:43:00.079+0000] {logging_mixin.py:188} INFO - [2026-06-15T19:43:00.078+0000] {dagbag.py:545} INFO - Filling up the DagBag from /home/airflow/.local/lib/python3.12/site-packages/airflow/example_dags/example_branch_operator.py
[2026-06-15T19:43:00.104+0000] {processor.py:840} INFO - DAG(s) 'example_branch_operator' retrieved from /home/airflow/.local/lib/python3.12/site-packages/airflow/example_dags/example_branch_operator.py
[2026-06-15T19:43:00.141+0000] {logging_mixin.py:188} INFO - [2026-06-15T19:43:00.141+0000] {dag.py:3089} INFO - Sync 1 DAGs
[2026-06-15T19:43:00.170+0000] {logging_mixin.py:188} INFO - [2026-06-15T19:43:00.170+0000] {dag.py:3947} INFO - Setting next_dagrun for example_branch_operator to 2026-06-14 00:00:00+00:00, run_after=2026-06-15 00:00:00+00:00
[2026-06-15T19:43:00.193+0000] {processor.py:183} INFO - Processing /home/airflow/.local/lib/python3.12/site-packages/airflow/example_dags/example_branch_operator.py took 0.124 seconds
[2026-06-15T19:43:30.484+0000] {processor.py:161} INFO - Started process (PID=3663) to work on /home/airflow/.local/lib/python3.12/site-packages/airflow/example_dags/example_branch_operator.py
[2026-06-15T19:43:30.485+0000] {processor.py:830} INFO - Processing file /home/airflow/.local/lib/python3.12/site-packages/airflow/example_dags/example_branch_operator.py for tasks to queue
[2026-06-15T19:43:30.487+0000] {logging_mixin.py:188} INFO - [2026-06-15T19:43:30.487+0000] {dagbag.py:545} INFO - Filling up the DagBag from /home/airflow/.local/lib/python3.12/site-packages/airflow/example_dags/example_branch_operator.py
[2026-06-15T19:43:30.509+0000] {processor.py:840} INFO - DAG(s) 'example_branch_operator' retrieved from /home/airflow/.local/lib/python3.12/site-packages/airflow/example_dags/example_branch_operator.py
[2026-06-15T19:43:30.546+0000] {logging_mixin.py:188} INFO - [2026-06-15T19:43:30.546+0000] {dag.py:3089} INFO - Sync 1 DAGs
[2026-06-15T19:43:30.590+0000] {logging_mixin.py:188} INFO - [2026-06-15T19:43:30.590+0000] {dag.py:3947} INFO - Setting next_dagrun for example_branch_operator to 2026-06-14 00:00:00+00:00, run_after=2026-06-15 00:00:00+00:00
[2026-06-15T19:43:30.609+0000] {processor.py:183} INFO - Processing /home/airflow/.local/lib/python3.12/site-packages/airflow/example_dags/example_branch_operator.py took 0.132 seconds
