[2026-06-15T19:12:04.499+0000] {processor.py:161} INFO - Started process (PID=90) to work on /home/airflow/.local/lib/python3.12/site-packages/airflow/example_dags/example_python_operator.py
[2026-06-15T19:12:04.505+0000] {processor.py:830} INFO - Processing file /home/airflow/.local/lib/python3.12/site-packages/airflow/example_dags/example_python_operator.py for tasks to queue
[2026-06-15T19:12:04.509+0000] {logging_mixin.py:188} INFO - [2026-06-15T19:12:04.509+0000] {dagbag.py:545} INFO - Filling up the DagBag from /home/airflow/.local/lib/python3.12/site-packages/airflow/example_dags/example_python_operator.py
[2026-06-15T19:12:04.526+0000] {processor.py:840} INFO - DAG(s) 'example_python_operator' retrieved from /home/airflow/.local/lib/python3.12/site-packages/airflow/example_dags/example_python_operator.py
[2026-06-15T19:12:05.200+0000] {logging_mixin.py:188} INFO - [2026-06-15T19:12:05.200+0000] {dag.py:3089} INFO - Sync 1 DAGs
[2026-06-15T19:12:05.277+0000] {logging_mixin.py:188} INFO - [2026-06-15T19:12:05.271+0000] {dag.py:3947} INFO - Setting next_dagrun for example_python_operator to None, run_after=None
[2026-06-15T19:12:05.436+0000] {processor.py:183} INFO - Processing /home/airflow/.local/lib/python3.12/site-packages/airflow/example_dags/example_python_operator.py took 0.973 seconds
[2026-06-15T19:12:36.016+0000] {processor.py:161} INFO - Started process (PID=148) to work on /home/airflow/.local/lib/python3.12/site-packages/airflow/example_dags/example_python_operator.py
[2026-06-15T19:12:36.022+0000] {processor.py:830} INFO - Processing file /home/airflow/.local/lib/python3.12/site-packages/airflow/example_dags/example_python_operator.py for tasks to queue
[2026-06-15T19:12:36.028+0000] {logging_mixin.py:188} INFO - [2026-06-15T19:12:36.028+0000] {dagbag.py:545} INFO - Filling up the DagBag from /home/airflow/.local/lib/python3.12/site-packages/airflow/example_dags/example_python_operator.py
[2026-06-15T19:12:36.055+0000] {processor.py:840} INFO - DAG(s) 'example_python_operator' retrieved from /home/airflow/.local/lib/python3.12/site-packages/airflow/example_dags/example_python_operator.py
[2026-06-15T19:12:36.183+0000] {logging_mixin.py:188} INFO - [2026-06-15T19:12:36.175+0000] {dag.py:3089} INFO - Sync 1 DAGs
[2026-06-15T19:12:36.221+0000] {logging_mixin.py:188} INFO - [2026-06-15T19:12:36.221+0000] {dag.py:3947} INFO - Setting next_dagrun for example_python_operator to None, run_after=None
[2026-06-15T19:12:36.280+0000] {processor.py:183} INFO - Processing /home/airflow/.local/lib/python3.12/site-packages/airflow/example_dags/example_python_operator.py took 0.289 seconds
[2026-06-15T19:13:06.789+0000] {processor.py:161} INFO - Started process (PID=206) to work on /home/airflow/.local/lib/python3.12/site-packages/airflow/example_dags/example_python_operator.py
[2026-06-15T19:13:06.790+0000] {processor.py:830} INFO - Processing file /home/airflow/.local/lib/python3.12/site-packages/airflow/example_dags/example_python_operator.py for tasks to queue
[2026-06-15T19:13:06.792+0000] {logging_mixin.py:188} INFO - [2026-06-15T19:13:06.791+0000] {dagbag.py:545} INFO - Filling up the DagBag from /home/airflow/.local/lib/python3.12/site-packages/airflow/example_dags/example_python_operator.py
[2026-06-15T19:13:06.807+0000] {processor.py:840} INFO - DAG(s) 'example_python_operator' retrieved from /home/airflow/.local/lib/python3.12/site-packages/airflow/example_dags/example_python_operator.py
[2026-06-15T19:13:06.835+0000] {logging_mixin.py:188} INFO - [2026-06-15T19:13:06.834+0000] {dag.py:3089} INFO - Sync 1 DAGs
[2026-06-15T19:13:06.851+0000] {logging_mixin.py:188} INFO - [2026-06-15T19:13:06.851+0000] {dag.py:3947} INFO - Setting next_dagrun for example_python_operator to None, run_after=None
[2026-06-15T19:13:06.870+0000] {processor.py:183} INFO - Processing /home/airflow/.local/lib/python3.12/site-packages/airflow/example_dags/example_python_operator.py took 0.093 seconds
[2026-06-15T19:13:37.108+0000] {processor.py:161} INFO - Started process (PID=264) to work on /home/airflow/.local/lib/python3.12/site-packages/airflow/example_dags/example_python_operator.py
[2026-06-15T19:13:37.109+0000] {processor.py:830} INFO - Processing file /home/airflow/.local/lib/python3.12/site-packages/airflow/example_dags/example_python_operator.py for tasks to queue
[2026-06-15T19:13:37.111+0000] {logging_mixin.py:188} INFO - [2026-06-15T19:13:37.110+0000] {dagbag.py:545} INFO - Filling up the DagBag from /home/airflow/.local/lib/python3.12/site-packages/airflow/example_dags/example_python_operator.py
[2026-06-15T19:13:37.126+0000] {processor.py:840} INFO - DAG(s) 'example_python_operator' retrieved from /home/airflow/.local/lib/python3.12/site-packages/airflow/example_dags/example_python_operator.py
[2026-06-15T19:13:37.153+0000] {logging_mixin.py:188} INFO - [2026-06-15T19:13:37.153+0000] {dag.py:3089} INFO - Sync 1 DAGs
[2026-06-15T19:13:37.171+0000] {logging_mixin.py:188} INFO - [2026-06-15T19:13:37.171+0000] {dag.py:3947} INFO - Setting next_dagrun for example_python_operator to None, run_after=None
[2026-06-15T19:13:37.193+0000] {processor.py:183} INFO - Processing /home/airflow/.local/lib/python3.12/site-packages/airflow/example_dags/example_python_operator.py took 0.092 seconds
[2026-06-15T19:14:07.648+0000] {processor.py:161} INFO - Started process (PID=322) to work on /home/airflow/.local/lib/python3.12/site-packages/airflow/example_dags/example_python_operator.py
[2026-06-15T19:14:07.689+0000] {processor.py:830} INFO - Processing file /home/airflow/.local/lib/python3.12/site-packages/airflow/example_dags/example_python_operator.py for tasks to queue
[2026-06-15T19:14:07.699+0000] {logging_mixin.py:188} INFO - [2026-06-15T19:14:07.699+0000] {dagbag.py:545} INFO - Filling up the DagBag from /home/airflow/.local/lib/python3.12/site-packages/airflow/example_dags/example_python_operator.py
[2026-06-15T19:14:07.751+0000] {processor.py:840} INFO - DAG(s) 'example_python_operator' retrieved from /home/airflow/.local/lib/python3.12/site-packages/airflow/example_dags/example_python_operator.py
[2026-06-15T19:14:07.810+0000] {logging_mixin.py:188} INFO - [2026-06-15T19:14:07.810+0000] {dag.py:3089} INFO - Sync 1 DAGs
[2026-06-15T19:14:07.847+0000] {logging_mixin.py:188} INFO - [2026-06-15T19:14:07.847+0000] {dag.py:3947} INFO - Setting next_dagrun for example_python_operator to None, run_after=None
[2026-06-15T19:14:07.953+0000] {processor.py:183} INFO - Processing /home/airflow/.local/lib/python3.12/site-packages/airflow/example_dags/example_python_operator.py took 0.328 seconds
[2026-06-15T19:14:38.760+0000] {processor.py:161} INFO - Started process (PID=378) to work on /home/airflow/.local/lib/python3.12/site-packages/airflow/example_dags/example_python_operator.py
[2026-06-15T19:14:38.761+0000] {processor.py:830} INFO - Processing file /home/airflow/.local/lib/python3.12/site-packages/airflow/example_dags/example_python_operator.py for tasks to queue
[2026-06-15T19:14:38.765+0000] {logging_mixin.py:188} INFO - [2026-06-15T19:14:38.764+0000] {dagbag.py:545} INFO - Filling up the DagBag from /home/airflow/.local/lib/python3.12/site-packages/airflow/example_dags/example_python_operator.py
[2026-06-15T19:14:38.779+0000] {processor.py:840} INFO - DAG(s) 'example_python_operator' retrieved from /home/airflow/.local/lib/python3.12/site-packages/airflow/example_dags/example_python_operator.py
[2026-06-15T19:14:38.808+0000] {logging_mixin.py:188} INFO - [2026-06-15T19:14:38.808+0000] {dag.py:3089} INFO - Sync 1 DAGs
[2026-06-15T19:14:38.824+0000] {logging_mixin.py:188} INFO - [2026-06-15T19:14:38.824+0000] {dag.py:3947} INFO - Setting next_dagrun for example_python_operator to None, run_after=None
[2026-06-15T19:14:38.845+0000] {processor.py:183} INFO - Processing /home/airflow/.local/lib/python3.12/site-packages/airflow/example_dags/example_python_operator.py took 0.105 seconds
[2026-06-15T19:15:09.398+0000] {processor.py:161} INFO - Started process (PID=436) to work on /home/airflow/.local/lib/python3.12/site-packages/airflow/example_dags/example_python_operator.py
[2026-06-15T19:15:09.399+0000] {processor.py:830} INFO - Processing file /home/airflow/.local/lib/python3.12/site-packages/airflow/example_dags/example_python_operator.py for tasks to queue
[2026-06-15T19:15:09.401+0000] {logging_mixin.py:188} INFO - [2026-06-15T19:15:09.400+0000] {dagbag.py:545} INFO - Filling up the DagBag from /home/airflow/.local/lib/python3.12/site-packages/airflow/example_dags/example_python_operator.py
[2026-06-15T19:15:09.414+0000] {processor.py:840} INFO - DAG(s) 'example_python_operator' retrieved from /home/airflow/.local/lib/python3.12/site-packages/airflow/example_dags/example_python_operator.py
[2026-06-15T19:15:09.443+0000] {logging_mixin.py:188} INFO - [2026-06-15T19:15:09.443+0000] {dag.py:3089} INFO - Sync 1 DAGs
[2026-06-15T19:15:09.461+0000] {logging_mixin.py:188} INFO - [2026-06-15T19:15:09.460+0000] {dag.py:3947} INFO - Setting next_dagrun for example_python_operator to None, run_after=None
[2026-06-15T19:15:09.483+0000] {processor.py:183} INFO - Processing /home/airflow/.local/lib/python3.12/site-packages/airflow/example_dags/example_python_operator.py took 0.092 seconds
[2026-06-15T19:15:39.852+0000] {processor.py:161} INFO - Started process (PID=494) to work on /home/airflow/.local/lib/python3.12/site-packages/airflow/example_dags/example_python_operator.py
[2026-06-15T19:15:39.853+0000] {processor.py:830} INFO - Processing file /home/airflow/.local/lib/python3.12/site-packages/airflow/example_dags/example_python_operator.py for tasks to queue
[2026-06-15T19:15:39.855+0000] {logging_mixin.py:188} INFO - [2026-06-15T19:15:39.854+0000] {dagbag.py:545} INFO - Filling up the DagBag from /home/airflow/.local/lib/python3.12/site-packages/airflow/example_dags/example_python_operator.py
[2026-06-15T19:15:39.874+0000] {processor.py:840} INFO - DAG(s) 'example_python_operator' retrieved from /home/airflow/.local/lib/python3.12/site-packages/airflow/example_dags/example_python_operator.py
[2026-06-15T19:15:39.903+0000] {logging_mixin.py:188} INFO - [2026-06-15T19:15:39.902+0000] {dag.py:3089} INFO - Sync 1 DAGs
[2026-06-15T19:15:39.921+0000] {logging_mixin.py:188} INFO - [2026-06-15T19:15:39.920+0000] {dag.py:3947} INFO - Setting next_dagrun for example_python_operator to None, run_after=None
[2026-06-15T19:15:39.940+0000] {processor.py:183} INFO - Processing /home/airflow/.local/lib/python3.12/site-packages/airflow/example_dags/example_python_operator.py took 0.096 seconds
[2026-06-15T19:16:10.313+0000] {processor.py:161} INFO - Started process (PID=552) to work on /home/airflow/.local/lib/python3.12/site-packages/airflow/example_dags/example_python_operator.py
[2026-06-15T19:16:10.314+0000] {processor.py:830} INFO - Processing file /home/airflow/.local/lib/python3.12/site-packages/airflow/example_dags/example_python_operator.py for tasks to queue
[2026-06-15T19:16:10.316+0000] {logging_mixin.py:188} INFO - [2026-06-15T19:16:10.315+0000] {dagbag.py:545} INFO - Filling up the DagBag from /home/airflow/.local/lib/python3.12/site-packages/airflow/example_dags/example_python_operator.py
[2026-06-15T19:16:10.329+0000] {processor.py:840} INFO - DAG(s) 'example_python_operator' retrieved from /home/airflow/.local/lib/python3.12/site-packages/airflow/example_dags/example_python_operator.py
[2026-06-15T19:16:10.358+0000] {logging_mixin.py:188} INFO - [2026-06-15T19:16:10.358+0000] {dag.py:3089} INFO - Sync 1 DAGs
[2026-06-15T19:16:10.383+0000] {logging_mixin.py:188} INFO - [2026-06-15T19:16:10.383+0000] {dag.py:3947} INFO - Setting next_dagrun for example_python_operator to None, run_after=None
[2026-06-15T19:16:10.417+0000] {processor.py:183} INFO - Processing /home/airflow/.local/lib/python3.12/site-packages/airflow/example_dags/example_python_operator.py took 0.110 seconds
[2026-06-15T19:16:40.486+0000] {processor.py:161} INFO - Started process (PID=609) to work on /home/airflow/.local/lib/python3.12/site-packages/airflow/example_dags/example_python_operator.py
[2026-06-15T19:16:40.487+0000] {processor.py:830} INFO - Processing file /home/airflow/.local/lib/python3.12/site-packages/airflow/example_dags/example_python_operator.py for tasks to queue
[2026-06-15T19:16:40.489+0000] {logging_mixin.py:188} INFO - [2026-06-15T19:16:40.488+0000] {dagbag.py:545} INFO - Filling up the DagBag from /home/airflow/.local/lib/python3.12/site-packages/airflow/example_dags/example_python_operator.py
[2026-06-15T19:16:40.502+0000] {processor.py:840} INFO - DAG(s) 'example_python_operator' retrieved from /home/airflow/.local/lib/python3.12/site-packages/airflow/example_dags/example_python_operator.py
[2026-06-15T19:16:40.543+0000] {logging_mixin.py:188} INFO - [2026-06-15T19:16:40.542+0000] {dag.py:3089} INFO - Sync 1 DAGs
[2026-06-15T19:16:40.587+0000] {logging_mixin.py:188} INFO - [2026-06-15T19:16:40.587+0000] {dag.py:3947} INFO - Setting next_dagrun for example_python_operator to None, run_after=None
[2026-06-15T19:16:40.617+0000] {processor.py:183} INFO - Processing /home/airflow/.local/lib/python3.12/site-packages/airflow/example_dags/example_python_operator.py took 0.138 seconds
[2026-06-15T19:17:10.699+0000] {processor.py:161} INFO - Started process (PID=667) to work on /home/airflow/.local/lib/python3.12/site-packages/airflow/example_dags/example_python_operator.py
[2026-06-15T19:17:10.700+0000] {processor.py:830} INFO - Processing file /home/airflow/.local/lib/python3.12/site-packages/airflow/example_dags/example_python_operator.py for tasks to queue
[2026-06-15T19:17:10.702+0000] {logging_mixin.py:188} INFO - [2026-06-15T19:17:10.701+0000] {dagbag.py:545} INFO - Filling up the DagBag from /home/airflow/.local/lib/python3.12/site-packages/airflow/example_dags/example_python_operator.py
[2026-06-15T19:17:10.714+0000] {processor.py:840} INFO - DAG(s) 'example_python_operator' retrieved from /home/airflow/.local/lib/python3.12/site-packages/airflow/example_dags/example_python_operator.py
[2026-06-15T19:17:10.743+0000] {logging_mixin.py:188} INFO - [2026-06-15T19:17:10.743+0000] {dag.py:3089} INFO - Sync 1 DAGs
[2026-06-15T19:17:10.759+0000] {logging_mixin.py:188} INFO - [2026-06-15T19:17:10.759+0000] {dag.py:3947} INFO - Setting next_dagrun for example_python_operator to None, run_after=None
[2026-06-15T19:17:10.787+0000] {processor.py:183} INFO - Processing /home/airflow/.local/lib/python3.12/site-packages/airflow/example_dags/example_python_operator.py took 0.095 seconds
[2026-06-15T19:17:41.305+0000] {processor.py:161} INFO - Started process (PID=724) to work on /home/airflow/.local/lib/python3.12/site-packages/airflow/example_dags/example_python_operator.py
[2026-06-15T19:17:41.306+0000] {processor.py:830} INFO - Processing file /home/airflow/.local/lib/python3.12/site-packages/airflow/example_dags/example_python_operator.py for tasks to queue
[2026-06-15T19:17:41.308+0000] {logging_mixin.py:188} INFO - [2026-06-15T19:17:41.308+0000] {dagbag.py:545} INFO - Filling up the DagBag from /home/airflow/.local/lib/python3.12/site-packages/airflow/example_dags/example_python_operator.py
[2026-06-15T19:17:41.324+0000] {processor.py:840} INFO - DAG(s) 'example_python_operator' retrieved from /home/airflow/.local/lib/python3.12/site-packages/airflow/example_dags/example_python_operator.py
[2026-06-15T19:17:41.380+0000] {logging_mixin.py:188} INFO - [2026-06-15T19:17:41.380+0000] {dag.py:3089} INFO - Sync 1 DAGs
[2026-06-15T19:17:41.416+0000] {logging_mixin.py:188} INFO - [2026-06-15T19:17:41.416+0000] {dag.py:3947} INFO - Setting next_dagrun for example_python_operator to None, run_after=None
[2026-06-15T19:17:41.475+0000] {processor.py:183} INFO - Processing /home/airflow/.local/lib/python3.12/site-packages/airflow/example_dags/example_python_operator.py took 0.185 seconds
[2026-06-15T19:18:12.011+0000] {processor.py:161} INFO - Started process (PID=782) to work on /home/airflow/.local/lib/python3.12/site-packages/airflow/example_dags/example_python_operator.py
[2026-06-15T19:18:12.012+0000] {processor.py:830} INFO - Processing file /home/airflow/.local/lib/python3.12/site-packages/airflow/example_dags/example_python_operator.py for tasks to queue
[2026-06-15T19:18:12.024+0000] {logging_mixin.py:188} INFO - [2026-06-15T19:18:12.022+0000] {dagbag.py:545} INFO - Filling up the DagBag from /home/airflow/.local/lib/python3.12/site-packages/airflow/example_dags/example_python_operator.py
[2026-06-15T19:18:12.063+0000] {processor.py:840} INFO - DAG(s) 'example_python_operator' retrieved from /home/airflow/.local/lib/python3.12/site-packages/airflow/example_dags/example_python_operator.py
[2026-06-15T19:18:12.204+0000] {logging_mixin.py:188} INFO - [2026-06-15T19:18:12.203+0000] {dag.py:3089} INFO - Sync 1 DAGs
[2026-06-15T19:18:12.242+0000] {logging_mixin.py:188} INFO - [2026-06-15T19:18:12.242+0000] {dag.py:3947} INFO - Setting next_dagrun for example_python_operator to None, run_after=None
[2026-06-15T19:18:12.289+0000] {processor.py:183} INFO - Processing /home/airflow/.local/lib/python3.12/site-packages/airflow/example_dags/example_python_operator.py took 0.302 seconds
[2026-06-15T19:18:43.176+0000] {processor.py:161} INFO - Started process (PID=840) to work on /home/airflow/.local/lib/python3.12/site-packages/airflow/example_dags/example_python_operator.py
[2026-06-15T19:18:43.178+0000] {processor.py:830} INFO - Processing file /home/airflow/.local/lib/python3.12/site-packages/airflow/example_dags/example_python_operator.py for tasks to queue
[2026-06-15T19:18:43.180+0000] {logging_mixin.py:188} INFO - [2026-06-15T19:18:43.179+0000] {dagbag.py:545} INFO - Filling up the DagBag from /home/airflow/.local/lib/python3.12/site-packages/airflow/example_dags/example_python_operator.py
[2026-06-15T19:18:43.193+0000] {processor.py:840} INFO - DAG(s) 'example_python_operator' retrieved from /home/airflow/.local/lib/python3.12/site-packages/airflow/example_dags/example_python_operator.py
[2026-06-15T19:18:43.224+0000] {logging_mixin.py:188} INFO - [2026-06-15T19:18:43.223+0000] {dag.py:3089} INFO - Sync 1 DAGs
[2026-06-15T19:18:43.240+0000] {logging_mixin.py:188} INFO - [2026-06-15T19:18:43.240+0000] {dag.py:3947} INFO - Setting next_dagrun for example_python_operator to None, run_after=None
[2026-06-15T19:18:43.260+0000] {processor.py:183} INFO - Processing /home/airflow/.local/lib/python3.12/site-packages/airflow/example_dags/example_python_operator.py took 0.099 seconds
[2026-06-15T19:19:13.779+0000] {processor.py:161} INFO - Started process (PID=898) to work on /home/airflow/.local/lib/python3.12/site-packages/airflow/example_dags/example_python_operator.py
[2026-06-15T19:19:13.779+0000] {processor.py:830} INFO - Processing file /home/airflow/.local/lib/python3.12/site-packages/airflow/example_dags/example_python_operator.py for tasks to queue
[2026-06-15T19:19:13.782+0000] {logging_mixin.py:188} INFO - [2026-06-15T19:19:13.781+0000] {dagbag.py:545} INFO - Filling up the DagBag from /home/airflow/.local/lib/python3.12/site-packages/airflow/example_dags/example_python_operator.py
[2026-06-15T19:19:13.795+0000] {processor.py:840} INFO - DAG(s) 'example_python_operator' retrieved from /home/airflow/.local/lib/python3.12/site-packages/airflow/example_dags/example_python_operator.py
[2026-06-15T19:19:13.831+0000] {logging_mixin.py:188} INFO - [2026-06-15T19:19:13.831+0000] {dag.py:3089} INFO - Sync 1 DAGs
[2026-06-15T19:19:13.848+0000] {logging_mixin.py:188} INFO - [2026-06-15T19:19:13.847+0000] {dag.py:3947} INFO - Setting next_dagrun for example_python_operator to None, run_after=None
[2026-06-15T19:19:13.867+0000] {processor.py:183} INFO - Processing /home/airflow/.local/lib/python3.12/site-packages/airflow/example_dags/example_python_operator.py took 0.095 seconds
[2026-06-15T19:19:43.949+0000] {processor.py:161} INFO - Started process (PID=956) to work on /home/airflow/.local/lib/python3.12/site-packages/airflow/example_dags/example_python_operator.py
[2026-06-15T19:19:43.950+0000] {processor.py:830} INFO - Processing file /home/airflow/.local/lib/python3.12/site-packages/airflow/example_dags/example_python_operator.py for tasks to queue
[2026-06-15T19:19:43.952+0000] {logging_mixin.py:188} INFO - [2026-06-15T19:19:43.951+0000] {dagbag.py:545} INFO - Filling up the DagBag from /home/airflow/.local/lib/python3.12/site-packages/airflow/example_dags/example_python_operator.py
[2026-06-15T19:19:43.965+0000] {processor.py:840} INFO - DAG(s) 'example_python_operator' retrieved from /home/airflow/.local/lib/python3.12/site-packages/airflow/example_dags/example_python_operator.py
[2026-06-15T19:19:43.995+0000] {logging_mixin.py:188} INFO - [2026-06-15T19:19:43.995+0000] {dag.py:3089} INFO - Sync 1 DAGs
[2026-06-15T19:19:44.012+0000] {logging_mixin.py:188} INFO - [2026-06-15T19:19:44.012+0000] {dag.py:3947} INFO - Setting next_dagrun for example_python_operator to None, run_after=None
[2026-06-15T19:19:44.038+0000] {processor.py:183} INFO - Processing /home/airflow/.local/lib/python3.12/site-packages/airflow/example_dags/example_python_operator.py took 0.097 seconds
[2026-06-15T19:20:14.299+0000] {processor.py:161} INFO - Started process (PID=1014) to work on /home/airflow/.local/lib/python3.12/site-packages/airflow/example_dags/example_python_operator.py
[2026-06-15T19:20:14.300+0000] {processor.py:830} INFO - Processing file /home/airflow/.local/lib/python3.12/site-packages/airflow/example_dags/example_python_operator.py for tasks to queue
[2026-06-15T19:20:14.302+0000] {logging_mixin.py:188} INFO - [2026-06-15T19:20:14.301+0000] {dagbag.py:545} INFO - Filling up the DagBag from /home/airflow/.local/lib/python3.12/site-packages/airflow/example_dags/example_python_operator.py
[2026-06-15T19:20:14.315+0000] {processor.py:840} INFO - DAG(s) 'example_python_operator' retrieved from /home/airflow/.local/lib/python3.12/site-packages/airflow/example_dags/example_python_operator.py
[2026-06-15T19:20:14.347+0000] {logging_mixin.py:188} INFO - [2026-06-15T19:20:14.347+0000] {dag.py:3089} INFO - Sync 1 DAGs
[2026-06-15T19:20:14.364+0000] {logging_mixin.py:188} INFO - [2026-06-15T19:20:14.364+0000] {dag.py:3947} INFO - Setting next_dagrun for example_python_operator to None, run_after=None
[2026-06-15T19:20:14.386+0000] {processor.py:183} INFO - Processing /home/airflow/.local/lib/python3.12/site-packages/airflow/example_dags/example_python_operator.py took 0.095 seconds
[2026-06-15T19:20:44.921+0000] {processor.py:161} INFO - Started process (PID=1072) to work on /home/airflow/.local/lib/python3.12/site-packages/airflow/example_dags/example_python_operator.py
[2026-06-15T19:20:44.922+0000] {processor.py:830} INFO - Processing file /home/airflow/.local/lib/python3.12/site-packages/airflow/example_dags/example_python_operator.py for tasks to queue
[2026-06-15T19:20:44.924+0000] {logging_mixin.py:188} INFO - [2026-06-15T19:20:44.924+0000] {dagbag.py:545} INFO - Filling up the DagBag from /home/airflow/.local/lib/python3.12/site-packages/airflow/example_dags/example_python_operator.py
[2026-06-15T19:20:44.942+0000] {processor.py:840} INFO - DAG(s) 'example_python_operator' retrieved from /home/airflow/.local/lib/python3.12/site-packages/airflow/example_dags/example_python_operator.py
[2026-06-15T19:20:44.985+0000] {logging_mixin.py:188} INFO - [2026-06-15T19:20:44.985+0000] {dag.py:3089} INFO - Sync 1 DAGs
[2026-06-15T19:20:45.003+0000] {logging_mixin.py:188} INFO - [2026-06-15T19:20:45.002+0000] {dag.py:3947} INFO - Setting next_dagrun for example_python_operator to None, run_after=None
[2026-06-15T19:20:45.022+0000] {processor.py:183} INFO - Processing /home/airflow/.local/lib/python3.12/site-packages/airflow/example_dags/example_python_operator.py took 0.108 seconds
[2026-06-15T19:21:15.528+0000] {processor.py:161} INFO - Started process (PID=1130) to work on /home/airflow/.local/lib/python3.12/site-packages/airflow/example_dags/example_python_operator.py
[2026-06-15T19:21:15.529+0000] {processor.py:830} INFO - Processing file /home/airflow/.local/lib/python3.12/site-packages/airflow/example_dags/example_python_operator.py for tasks to queue
[2026-06-15T19:21:15.531+0000] {logging_mixin.py:188} INFO - [2026-06-15T19:21:15.531+0000] {dagbag.py:545} INFO - Filling up the DagBag from /home/airflow/.local/lib/python3.12/site-packages/airflow/example_dags/example_python_operator.py
[2026-06-15T19:21:15.544+0000] {processor.py:840} INFO - DAG(s) 'example_python_operator' retrieved from /home/airflow/.local/lib/python3.12/site-packages/airflow/example_dags/example_python_operator.py
[2026-06-15T19:21:15.574+0000] {logging_mixin.py:188} INFO - [2026-06-15T19:21:15.574+0000] {dag.py:3089} INFO - Sync 1 DAGs
[2026-06-15T19:21:15.590+0000] {logging_mixin.py:188} INFO - [2026-06-15T19:21:15.589+0000] {dag.py:3947} INFO - Setting next_dagrun for example_python_operator to None, run_after=None
[2026-06-15T19:21:15.609+0000] {processor.py:183} INFO - Processing /home/airflow/.local/lib/python3.12/site-packages/airflow/example_dags/example_python_operator.py took 0.088 seconds
[2026-06-15T19:21:46.334+0000] {processor.py:161} INFO - Started process (PID=1188) to work on /home/airflow/.local/lib/python3.12/site-packages/airflow/example_dags/example_python_operator.py
[2026-06-15T19:21:46.337+0000] {processor.py:830} INFO - Processing file /home/airflow/.local/lib/python3.12/site-packages/airflow/example_dags/example_python_operator.py for tasks to queue
[2026-06-15T19:21:46.347+0000] {logging_mixin.py:188} INFO - [2026-06-15T19:21:46.346+0000] {dagbag.py:545} INFO - Filling up the DagBag from /home/airflow/.local/lib/python3.12/site-packages/airflow/example_dags/example_python_operator.py
[2026-06-15T19:21:46.480+0000] {processor.py:840} INFO - DAG(s) 'example_python_operator' retrieved from /home/airflow/.local/lib/python3.12/site-packages/airflow/example_dags/example_python_operator.py
[2026-06-15T19:21:46.514+0000] {logging_mixin.py:188} INFO - [2026-06-15T19:21:46.514+0000] {dag.py:3089} INFO - Sync 1 DAGs
[2026-06-15T19:21:46.537+0000] {logging_mixin.py:188} INFO - [2026-06-15T19:21:46.537+0000] {dag.py:3947} INFO - Setting next_dagrun for example_python_operator to None, run_after=None
[2026-06-15T19:21:46.573+0000] {processor.py:183} INFO - Processing /home/airflow/.local/lib/python3.12/site-packages/airflow/example_dags/example_python_operator.py took 0.279 seconds
[2026-06-15T19:22:16.711+0000] {processor.py:161} INFO - Started process (PID=1246) to work on /home/airflow/.local/lib/python3.12/site-packages/airflow/example_dags/example_python_operator.py
[2026-06-15T19:22:16.712+0000] {processor.py:830} INFO - Processing file /home/airflow/.local/lib/python3.12/site-packages/airflow/example_dags/example_python_operator.py for tasks to queue
[2026-06-15T19:22:16.714+0000] {logging_mixin.py:188} INFO - [2026-06-15T19:22:16.714+0000] {dagbag.py:545} INFO - Filling up the DagBag from /home/airflow/.local/lib/python3.12/site-packages/airflow/example_dags/example_python_operator.py
[2026-06-15T19:22:16.727+0000] {processor.py:840} INFO - DAG(s) 'example_python_operator' retrieved from /home/airflow/.local/lib/python3.12/site-packages/airflow/example_dags/example_python_operator.py
[2026-06-15T19:22:16.786+0000] {logging_mixin.py:188} INFO - [2026-06-15T19:22:16.786+0000] {dag.py:3089} INFO - Sync 1 DAGs
[2026-06-15T19:22:16.819+0000] {logging_mixin.py:188} INFO - [2026-06-15T19:22:16.818+0000] {dag.py:3947} INFO - Setting next_dagrun for example_python_operator to None, run_after=None
[2026-06-15T19:22:16.861+0000] {processor.py:183} INFO - Processing /home/airflow/.local/lib/python3.12/site-packages/airflow/example_dags/example_python_operator.py took 0.163 seconds
[2026-06-15T19:22:47.060+0000] {processor.py:161} INFO - Started process (PID=1304) to work on /home/airflow/.local/lib/python3.12/site-packages/airflow/example_dags/example_python_operator.py
[2026-06-15T19:22:47.063+0000] {processor.py:830} INFO - Processing file /home/airflow/.local/lib/python3.12/site-packages/airflow/example_dags/example_python_operator.py for tasks to queue
[2026-06-15T19:22:47.069+0000] {logging_mixin.py:188} INFO - [2026-06-15T19:22:47.068+0000] {dagbag.py:545} INFO - Filling up the DagBag from /home/airflow/.local/lib/python3.12/site-packages/airflow/example_dags/example_python_operator.py
[2026-06-15T19:22:47.097+0000] {processor.py:840} INFO - DAG(s) 'example_python_operator' retrieved from /home/airflow/.local/lib/python3.12/site-packages/airflow/example_dags/example_python_operator.py
[2026-06-15T19:22:47.141+0000] {logging_mixin.py:188} INFO - [2026-06-15T19:22:47.141+0000] {dag.py:3089} INFO - Sync 1 DAGs
[2026-06-15T19:22:47.173+0000] {logging_mixin.py:188} INFO - [2026-06-15T19:22:47.171+0000] {dag.py:3947} INFO - Setting next_dagrun for example_python_operator to None, run_after=None
[2026-06-15T19:22:47.210+0000] {processor.py:183} INFO - Processing /home/airflow/.local/lib/python3.12/site-packages/airflow/example_dags/example_python_operator.py took 0.169 seconds
[2026-06-15T19:23:17.516+0000] {processor.py:161} INFO - Started process (PID=1362) to work on /home/airflow/.local/lib/python3.12/site-packages/airflow/example_dags/example_python_operator.py
[2026-06-15T19:23:17.517+0000] {processor.py:830} INFO - Processing file /home/airflow/.local/lib/python3.12/site-packages/airflow/example_dags/example_python_operator.py for tasks to queue
[2026-06-15T19:23:17.520+0000] {logging_mixin.py:188} INFO - [2026-06-15T19:23:17.519+0000] {dagbag.py:545} INFO - Filling up the DagBag from /home/airflow/.local/lib/python3.12/site-packages/airflow/example_dags/example_python_operator.py
[2026-06-15T19:23:17.533+0000] {processor.py:840} INFO - DAG(s) 'example_python_operator' retrieved from /home/airflow/.local/lib/python3.12/site-packages/airflow/example_dags/example_python_operator.py
[2026-06-15T19:23:17.563+0000] {logging_mixin.py:188} INFO - [2026-06-15T19:23:17.563+0000] {dag.py:3089} INFO - Sync 1 DAGs
[2026-06-15T19:23:17.580+0000] {logging_mixin.py:188} INFO - [2026-06-15T19:23:17.580+0000] {dag.py:3947} INFO - Setting next_dagrun for example_python_operator to None, run_after=None
[2026-06-15T19:23:17.599+0000] {processor.py:183} INFO - Processing /home/airflow/.local/lib/python3.12/site-packages/airflow/example_dags/example_python_operator.py took 0.090 seconds
[2026-06-15T19:23:48.233+0000] {processor.py:161} INFO - Started process (PID=1420) to work on /home/airflow/.local/lib/python3.12/site-packages/airflow/example_dags/example_python_operator.py
[2026-06-15T19:23:48.238+0000] {processor.py:830} INFO - Processing file /home/airflow/.local/lib/python3.12/site-packages/airflow/example_dags/example_python_operator.py for tasks to queue
[2026-06-15T19:23:48.245+0000] {logging_mixin.py:188} INFO - [2026-06-15T19:23:48.245+0000] {dagbag.py:545} INFO - Filling up the DagBag from /home/airflow/.local/lib/python3.12/site-packages/airflow/example_dags/example_python_operator.py
[2026-06-15T19:23:48.288+0000] {processor.py:840} INFO - DAG(s) 'example_python_operator' retrieved from /home/airflow/.local/lib/python3.12/site-packages/airflow/example_dags/example_python_operator.py
[2026-06-15T19:23:48.401+0000] {logging_mixin.py:188} INFO - [2026-06-15T19:23:48.401+0000] {dag.py:3089} INFO - Sync 1 DAGs
[2026-06-15T19:23:48.444+0000] {logging_mixin.py:188} INFO - [2026-06-15T19:23:48.443+0000] {dag.py:3947} INFO - Setting next_dagrun for example_python_operator to None, run_after=None
[2026-06-15T19:23:48.475+0000] {processor.py:183} INFO - Processing /home/airflow/.local/lib/python3.12/site-packages/airflow/example_dags/example_python_operator.py took 0.254 seconds
[2026-06-15T19:24:18.790+0000] {processor.py:161} INFO - Started process (PID=1478) to work on /home/airflow/.local/lib/python3.12/site-packages/airflow/example_dags/example_python_operator.py
[2026-06-15T19:24:18.792+0000] {processor.py:830} INFO - Processing file /home/airflow/.local/lib/python3.12/site-packages/airflow/example_dags/example_python_operator.py for tasks to queue
[2026-06-15T19:24:18.794+0000] {logging_mixin.py:188} INFO - [2026-06-15T19:24:18.794+0000] {dagbag.py:545} INFO - Filling up the DagBag from /home/airflow/.local/lib/python3.12/site-packages/airflow/example_dags/example_python_operator.py
[2026-06-15T19:24:18.814+0000] {processor.py:840} INFO - DAG(s) 'example_python_operator' retrieved from /home/airflow/.local/lib/python3.12/site-packages/airflow/example_dags/example_python_operator.py
[2026-06-15T19:24:18.842+0000] {logging_mixin.py:188} INFO - [2026-06-15T19:24:18.842+0000] {dag.py:3089} INFO - Sync 1 DAGs
[2026-06-15T19:24:18.859+0000] {logging_mixin.py:188} INFO - [2026-06-15T19:24:18.859+0000] {dag.py:3947} INFO - Setting next_dagrun for example_python_operator to None, run_after=None
[2026-06-15T19:24:18.879+0000] {processor.py:183} INFO - Processing /home/airflow/.local/lib/python3.12/site-packages/airflow/example_dags/example_python_operator.py took 0.096 seconds
[2026-06-15T19:24:48.983+0000] {processor.py:161} INFO - Started process (PID=1536) to work on /home/airflow/.local/lib/python3.12/site-packages/airflow/example_dags/example_python_operator.py
[2026-06-15T19:24:48.984+0000] {processor.py:830} INFO - Processing file /home/airflow/.local/lib/python3.12/site-packages/airflow/example_dags/example_python_operator.py for tasks to queue
[2026-06-15T19:24:48.986+0000] {logging_mixin.py:188} INFO - [2026-06-15T19:24:48.986+0000] {dagbag.py:545} INFO - Filling up the DagBag from /home/airflow/.local/lib/python3.12/site-packages/airflow/example_dags/example_python_operator.py
[2026-06-15T19:24:48.999+0000] {processor.py:840} INFO - DAG(s) 'example_python_operator' retrieved from /home/airflow/.local/lib/python3.12/site-packages/airflow/example_dags/example_python_operator.py
[2026-06-15T19:24:49.028+0000] {logging_mixin.py:188} INFO - [2026-06-15T19:24:49.028+0000] {dag.py:3089} INFO - Sync 1 DAGs
[2026-06-15T19:24:49.046+0000] {logging_mixin.py:188} INFO - [2026-06-15T19:24:49.045+0000] {dag.py:3947} INFO - Setting next_dagrun for example_python_operator to None, run_after=None
[2026-06-15T19:24:49.065+0000] {processor.py:183} INFO - Processing /home/airflow/.local/lib/python3.12/site-packages/airflow/example_dags/example_python_operator.py took 0.089 seconds
[2026-06-15T19:25:19.457+0000] {processor.py:161} INFO - Started process (PID=1593) to work on /home/airflow/.local/lib/python3.12/site-packages/airflow/example_dags/example_python_operator.py
[2026-06-15T19:25:19.458+0000] {processor.py:830} INFO - Processing file /home/airflow/.local/lib/python3.12/site-packages/airflow/example_dags/example_python_operator.py for tasks to queue
[2026-06-15T19:25:19.460+0000] {logging_mixin.py:188} INFO - [2026-06-15T19:25:19.460+0000] {dagbag.py:545} INFO - Filling up the DagBag from /home/airflow/.local/lib/python3.12/site-packages/airflow/example_dags/example_python_operator.py
[2026-06-15T19:25:19.474+0000] {processor.py:840} INFO - DAG(s) 'example_python_operator' retrieved from /home/airflow/.local/lib/python3.12/site-packages/airflow/example_dags/example_python_operator.py
[2026-06-15T19:25:19.512+0000] {logging_mixin.py:188} INFO - [2026-06-15T19:25:19.511+0000] {dag.py:3089} INFO - Sync 1 DAGs
[2026-06-15T19:25:19.529+0000] {logging_mixin.py:188} INFO - [2026-06-15T19:25:19.528+0000] {dag.py:3947} INFO - Setting next_dagrun for example_python_operator to None, run_after=None
[2026-06-15T19:25:19.550+0000] {processor.py:183} INFO - Processing /home/airflow/.local/lib/python3.12/site-packages/airflow/example_dags/example_python_operator.py took 0.100 seconds
[2026-06-15T19:25:49.946+0000] {processor.py:161} INFO - Started process (PID=1651) to work on /home/airflow/.local/lib/python3.12/site-packages/airflow/example_dags/example_python_operator.py
[2026-06-15T19:25:49.947+0000] {processor.py:830} INFO - Processing file /home/airflow/.local/lib/python3.12/site-packages/airflow/example_dags/example_python_operator.py for tasks to queue
[2026-06-15T19:25:49.949+0000] {logging_mixin.py:188} INFO - [2026-06-15T19:25:49.949+0000] {dagbag.py:545} INFO - Filling up the DagBag from /home/airflow/.local/lib/python3.12/site-packages/airflow/example_dags/example_python_operator.py
[2026-06-15T19:25:49.962+0000] {processor.py:840} INFO - DAG(s) 'example_python_operator' retrieved from /home/airflow/.local/lib/python3.12/site-packages/airflow/example_dags/example_python_operator.py
[2026-06-15T19:25:49.993+0000] {logging_mixin.py:188} INFO - [2026-06-15T19:25:49.993+0000] {dag.py:3089} INFO - Sync 1 DAGs
[2026-06-15T19:25:50.009+0000] {logging_mixin.py:188} INFO - [2026-06-15T19:25:50.009+0000] {dag.py:3947} INFO - Setting next_dagrun for example_python_operator to None, run_after=None
[2026-06-15T19:25:50.031+0000] {processor.py:183} INFO - Processing /home/airflow/.local/lib/python3.12/site-packages/airflow/example_dags/example_python_operator.py took 0.092 seconds
[2026-06-15T19:26:20.353+0000] {processor.py:161} INFO - Started process (PID=1709) to work on /home/airflow/.local/lib/python3.12/site-packages/airflow/example_dags/example_python_operator.py
[2026-06-15T19:26:20.357+0000] {processor.py:830} INFO - Processing file /home/airflow/.local/lib/python3.12/site-packages/airflow/example_dags/example_python_operator.py for tasks to queue
[2026-06-15T19:26:20.360+0000] {logging_mixin.py:188} INFO - [2026-06-15T19:26:20.359+0000] {dagbag.py:545} INFO - Filling up the DagBag from /home/airflow/.local/lib/python3.12/site-packages/airflow/example_dags/example_python_operator.py
[2026-06-15T19:26:20.373+0000] {processor.py:840} INFO - DAG(s) 'example_python_operator' retrieved from /home/airflow/.local/lib/python3.12/site-packages/airflow/example_dags/example_python_operator.py
[2026-06-15T19:26:20.413+0000] {logging_mixin.py:188} INFO - [2026-06-15T19:26:20.412+0000] {dag.py:3089} INFO - Sync 1 DAGs
[2026-06-15T19:26:20.428+0000] {logging_mixin.py:188} INFO - [2026-06-15T19:26:20.428+0000] {dag.py:3947} INFO - Setting next_dagrun for example_python_operator to None, run_after=None
[2026-06-15T19:26:20.448+0000] {processor.py:183} INFO - Processing /home/airflow/.local/lib/python3.12/site-packages/airflow/example_dags/example_python_operator.py took 0.102 seconds
[2026-06-15T19:26:50.784+0000] {processor.py:161} INFO - Started process (PID=1767) to work on /home/airflow/.local/lib/python3.12/site-packages/airflow/example_dags/example_python_operator.py
[2026-06-15T19:26:50.786+0000] {processor.py:830} INFO - Processing file /home/airflow/.local/lib/python3.12/site-packages/airflow/example_dags/example_python_operator.py for tasks to queue
[2026-06-15T19:26:50.793+0000] {logging_mixin.py:188} INFO - [2026-06-15T19:26:50.793+0000] {dagbag.py:545} INFO - Filling up the DagBag from /home/airflow/.local/lib/python3.12/site-packages/airflow/example_dags/example_python_operator.py
[2026-06-15T19:26:50.846+0000] {processor.py:840} INFO - DAG(s) 'example_python_operator' retrieved from /home/airflow/.local/lib/python3.12/site-packages/airflow/example_dags/example_python_operator.py
[2026-06-15T19:26:50.932+0000] {logging_mixin.py:188} INFO - [2026-06-15T19:26:50.931+0000] {dag.py:3089} INFO - Sync 1 DAGs
[2026-06-15T19:26:50.988+0000] {logging_mixin.py:188} INFO - [2026-06-15T19:26:50.988+0000] {dag.py:3947} INFO - Setting next_dagrun for example_python_operator to None, run_after=None
[2026-06-15T19:26:51.052+0000] {processor.py:183} INFO - Processing /home/airflow/.local/lib/python3.12/site-packages/airflow/example_dags/example_python_operator.py took 0.285 seconds
[2026-06-15T19:27:21.270+0000] {processor.py:161} INFO - Started process (PID=1825) to work on /home/airflow/.local/lib/python3.12/site-packages/airflow/example_dags/example_python_operator.py
[2026-06-15T19:27:21.272+0000] {processor.py:830} INFO - Processing file /home/airflow/.local/lib/python3.12/site-packages/airflow/example_dags/example_python_operator.py for tasks to queue
[2026-06-15T19:27:21.275+0000] {logging_mixin.py:188} INFO - [2026-06-15T19:27:21.275+0000] {dagbag.py:545} INFO - Filling up the DagBag from /home/airflow/.local/lib/python3.12/site-packages/airflow/example_dags/example_python_operator.py
[2026-06-15T19:27:21.292+0000] {processor.py:840} INFO - DAG(s) 'example_python_operator' retrieved from /home/airflow/.local/lib/python3.12/site-packages/airflow/example_dags/example_python_operator.py
[2026-06-15T19:27:21.346+0000] {logging_mixin.py:188} INFO - [2026-06-15T19:27:21.346+0000] {dag.py:3089} INFO - Sync 1 DAGs
[2026-06-15T19:27:21.376+0000] {logging_mixin.py:188} INFO - [2026-06-15T19:27:21.376+0000] {dag.py:3947} INFO - Setting next_dagrun for example_python_operator to None, run_after=None
[2026-06-15T19:27:21.416+0000] {processor.py:183} INFO - Processing /home/airflow/.local/lib/python3.12/site-packages/airflow/example_dags/example_python_operator.py took 0.162 seconds
[2026-06-15T19:27:51.619+0000] {processor.py:161} INFO - Started process (PID=1883) to work on /home/airflow/.local/lib/python3.12/site-packages/airflow/example_dags/example_python_operator.py
[2026-06-15T19:27:51.620+0000] {processor.py:830} INFO - Processing file /home/airflow/.local/lib/python3.12/site-packages/airflow/example_dags/example_python_operator.py for tasks to queue
[2026-06-15T19:27:51.622+0000] {logging_mixin.py:188} INFO - [2026-06-15T19:27:51.622+0000] {dagbag.py:545} INFO - Filling up the DagBag from /home/airflow/.local/lib/python3.12/site-packages/airflow/example_dags/example_python_operator.py
[2026-06-15T19:27:51.635+0000] {processor.py:840} INFO - DAG(s) 'example_python_operator' retrieved from /home/airflow/.local/lib/python3.12/site-packages/airflow/example_dags/example_python_operator.py
[2026-06-15T19:27:51.665+0000] {logging_mixin.py:188} INFO - [2026-06-15T19:27:51.665+0000] {dag.py:3089} INFO - Sync 1 DAGs
[2026-06-15T19:27:51.680+0000] {logging_mixin.py:188} INFO - [2026-06-15T19:27:51.680+0000] {dag.py:3947} INFO - Setting next_dagrun for example_python_operator to None, run_after=None
[2026-06-15T19:27:51.699+0000] {processor.py:183} INFO - Processing /home/airflow/.local/lib/python3.12/site-packages/airflow/example_dags/example_python_operator.py took 0.087 seconds
[2026-06-15T19:28:21.835+0000] {processor.py:161} INFO - Started process (PID=1941) to work on /home/airflow/.local/lib/python3.12/site-packages/airflow/example_dags/example_python_operator.py
[2026-06-15T19:28:21.836+0000] {processor.py:830} INFO - Processing file /home/airflow/.local/lib/python3.12/site-packages/airflow/example_dags/example_python_operator.py for tasks to queue
[2026-06-15T19:28:21.838+0000] {logging_mixin.py:188} INFO - [2026-06-15T19:28:21.838+0000] {dagbag.py:545} INFO - Filling up the DagBag from /home/airflow/.local/lib/python3.12/site-packages/airflow/example_dags/example_python_operator.py
[2026-06-15T19:28:21.851+0000] {processor.py:840} INFO - DAG(s) 'example_python_operator' retrieved from /home/airflow/.local/lib/python3.12/site-packages/airflow/example_dags/example_python_operator.py
[2026-06-15T19:28:21.881+0000] {logging_mixin.py:188} INFO - [2026-06-15T19:28:21.881+0000] {dag.py:3089} INFO - Sync 1 DAGs
[2026-06-15T19:28:21.897+0000] {logging_mixin.py:188} INFO - [2026-06-15T19:28:21.897+0000] {dag.py:3947} INFO - Setting next_dagrun for example_python_operator to None, run_after=None
[2026-06-15T19:28:21.917+0000] {processor.py:183} INFO - Processing /home/airflow/.local/lib/python3.12/site-packages/airflow/example_dags/example_python_operator.py took 0.089 seconds
[2026-06-15T19:28:52.789+0000] {processor.py:161} INFO - Started process (PID=1998) to work on /home/airflow/.local/lib/python3.12/site-packages/airflow/example_dags/example_python_operator.py
[2026-06-15T19:28:52.790+0000] {processor.py:830} INFO - Processing file /home/airflow/.local/lib/python3.12/site-packages/airflow/example_dags/example_python_operator.py for tasks to queue
[2026-06-15T19:28:52.791+0000] {logging_mixin.py:188} INFO - [2026-06-15T19:28:52.791+0000] {dagbag.py:545} INFO - Filling up the DagBag from /home/airflow/.local/lib/python3.12/site-packages/airflow/example_dags/example_python_operator.py
[2026-06-15T19:28:52.806+0000] {processor.py:840} INFO - DAG(s) 'example_python_operator' retrieved from /home/airflow/.local/lib/python3.12/site-packages/airflow/example_dags/example_python_operator.py
[2026-06-15T19:28:52.837+0000] {logging_mixin.py:188} INFO - [2026-06-15T19:28:52.836+0000] {dag.py:3089} INFO - Sync 1 DAGs
[2026-06-15T19:28:52.854+0000] {logging_mixin.py:188} INFO - [2026-06-15T19:28:52.854+0000] {dag.py:3947} INFO - Setting next_dagrun for example_python_operator to None, run_after=None
[2026-06-15T19:28:52.879+0000] {processor.py:183} INFO - Processing /home/airflow/.local/lib/python3.12/site-packages/airflow/example_dags/example_python_operator.py took 0.097 seconds
[2026-06-15T19:29:23.375+0000] {processor.py:161} INFO - Started process (PID=2056) to work on /home/airflow/.local/lib/python3.12/site-packages/airflow/example_dags/example_python_operator.py
[2026-06-15T19:29:23.376+0000] {processor.py:830} INFO - Processing file /home/airflow/.local/lib/python3.12/site-packages/airflow/example_dags/example_python_operator.py for tasks to queue
[2026-06-15T19:29:23.378+0000] {logging_mixin.py:188} INFO - [2026-06-15T19:29:23.377+0000] {dagbag.py:545} INFO - Filling up the DagBag from /home/airflow/.local/lib/python3.12/site-packages/airflow/example_dags/example_python_operator.py
[2026-06-15T19:29:23.390+0000] {processor.py:840} INFO - DAG(s) 'example_python_operator' retrieved from /home/airflow/.local/lib/python3.12/site-packages/airflow/example_dags/example_python_operator.py
[2026-06-15T19:29:23.420+0000] {logging_mixin.py:188} INFO - [2026-06-15T19:29:23.420+0000] {dag.py:3089} INFO - Sync 1 DAGs
[2026-06-15T19:29:23.437+0000] {logging_mixin.py:188} INFO - [2026-06-15T19:29:23.436+0000] {dag.py:3947} INFO - Setting next_dagrun for example_python_operator to None, run_after=None
[2026-06-15T19:29:23.457+0000] {processor.py:183} INFO - Processing /home/airflow/.local/lib/python3.12/site-packages/airflow/example_dags/example_python_operator.py took 0.089 seconds
[2026-06-15T19:29:53.760+0000] {processor.py:161} INFO - Started process (PID=2114) to work on /home/airflow/.local/lib/python3.12/site-packages/airflow/example_dags/example_python_operator.py
[2026-06-15T19:29:53.761+0000] {processor.py:830} INFO - Processing file /home/airflow/.local/lib/python3.12/site-packages/airflow/example_dags/example_python_operator.py for tasks to queue
[2026-06-15T19:29:53.763+0000] {logging_mixin.py:188} INFO - [2026-06-15T19:29:53.763+0000] {dagbag.py:545} INFO - Filling up the DagBag from /home/airflow/.local/lib/python3.12/site-packages/airflow/example_dags/example_python_operator.py
[2026-06-15T19:29:53.776+0000] {processor.py:840} INFO - DAG(s) 'example_python_operator' retrieved from /home/airflow/.local/lib/python3.12/site-packages/airflow/example_dags/example_python_operator.py
[2026-06-15T19:29:53.808+0000] {logging_mixin.py:188} INFO - [2026-06-15T19:29:53.808+0000] {dag.py:3089} INFO - Sync 1 DAGs
[2026-06-15T19:29:53.829+0000] {logging_mixin.py:188} INFO - [2026-06-15T19:29:53.829+0000] {dag.py:3947} INFO - Setting next_dagrun for example_python_operator to None, run_after=None
[2026-06-15T19:29:53.856+0000] {processor.py:183} INFO - Processing /home/airflow/.local/lib/python3.12/site-packages/airflow/example_dags/example_python_operator.py took 0.102 seconds
[2026-06-15T19:30:24.237+0000] {processor.py:161} INFO - Started process (PID=2172) to work on /home/airflow/.local/lib/python3.12/site-packages/airflow/example_dags/example_python_operator.py
[2026-06-15T19:30:24.237+0000] {processor.py:830} INFO - Processing file /home/airflow/.local/lib/python3.12/site-packages/airflow/example_dags/example_python_operator.py for tasks to queue
[2026-06-15T19:30:24.240+0000] {logging_mixin.py:188} INFO - [2026-06-15T19:30:24.239+0000] {dagbag.py:545} INFO - Filling up the DagBag from /home/airflow/.local/lib/python3.12/site-packages/airflow/example_dags/example_python_operator.py
[2026-06-15T19:30:24.267+0000] {processor.py:840} INFO - DAG(s) 'example_python_operator' retrieved from /home/airflow/.local/lib/python3.12/site-packages/airflow/example_dags/example_python_operator.py
[2026-06-15T19:30:24.351+0000] {logging_mixin.py:188} INFO - [2026-06-15T19:30:24.350+0000] {dag.py:3089} INFO - Sync 1 DAGs
[2026-06-15T19:30:24.402+0000] {logging_mixin.py:188} INFO - [2026-06-15T19:30:24.402+0000] {dag.py:3947} INFO - Setting next_dagrun for example_python_operator to None, run_after=None
[2026-06-15T19:30:24.442+0000] {processor.py:183} INFO - Processing /home/airflow/.local/lib/python3.12/site-packages/airflow/example_dags/example_python_operator.py took 0.214 seconds
[2026-06-15T19:30:54.614+0000] {processor.py:161} INFO - Started process (PID=2230) to work on /home/airflow/.local/lib/python3.12/site-packages/airflow/example_dags/example_python_operator.py
[2026-06-15T19:30:54.615+0000] {processor.py:830} INFO - Processing file /home/airflow/.local/lib/python3.12/site-packages/airflow/example_dags/example_python_operator.py for tasks to queue
[2026-06-15T19:30:54.617+0000] {logging_mixin.py:188} INFO - [2026-06-15T19:30:54.617+0000] {dagbag.py:545} INFO - Filling up the DagBag from /home/airflow/.local/lib/python3.12/site-packages/airflow/example_dags/example_python_operator.py
[2026-06-15T19:30:54.630+0000] {processor.py:840} INFO - DAG(s) 'example_python_operator' retrieved from /home/airflow/.local/lib/python3.12/site-packages/airflow/example_dags/example_python_operator.py
[2026-06-15T19:30:54.659+0000] {logging_mixin.py:188} INFO - [2026-06-15T19:30:54.659+0000] {dag.py:3089} INFO - Sync 1 DAGs
[2026-06-15T19:30:54.675+0000] {logging_mixin.py:188} INFO - [2026-06-15T19:30:54.675+0000] {dag.py:3947} INFO - Setting next_dagrun for example_python_operator to None, run_after=None
[2026-06-15T19:30:54.699+0000] {processor.py:183} INFO - Processing /home/airflow/.local/lib/python3.12/site-packages/airflow/example_dags/example_python_operator.py took 0.091 seconds
[2026-06-15T19:31:24.753+0000] {processor.py:161} INFO - Started process (PID=2288) to work on /home/airflow/.local/lib/python3.12/site-packages/airflow/example_dags/example_python_operator.py
[2026-06-15T19:31:24.754+0000] {processor.py:830} INFO - Processing file /home/airflow/.local/lib/python3.12/site-packages/airflow/example_dags/example_python_operator.py for tasks to queue
[2026-06-15T19:31:24.756+0000] {logging_mixin.py:188} INFO - [2026-06-15T19:31:24.756+0000] {dagbag.py:545} INFO - Filling up the DagBag from /home/airflow/.local/lib/python3.12/site-packages/airflow/example_dags/example_python_operator.py
[2026-06-15T19:31:24.769+0000] {processor.py:840} INFO - DAG(s) 'example_python_operator' retrieved from /home/airflow/.local/lib/python3.12/site-packages/airflow/example_dags/example_python_operator.py
[2026-06-15T19:31:24.798+0000] {logging_mixin.py:188} INFO - [2026-06-15T19:31:24.797+0000] {dag.py:3089} INFO - Sync 1 DAGs
[2026-06-15T19:31:24.813+0000] {logging_mixin.py:188} INFO - [2026-06-15T19:31:24.813+0000] {dag.py:3947} INFO - Setting next_dagrun for example_python_operator to None, run_after=None
[2026-06-15T19:31:24.833+0000] {processor.py:183} INFO - Processing /home/airflow/.local/lib/python3.12/site-packages/airflow/example_dags/example_python_operator.py took 0.087 seconds
[2026-06-15T19:31:55.475+0000] {processor.py:161} INFO - Started process (PID=2346) to work on /home/airflow/.local/lib/python3.12/site-packages/airflow/example_dags/example_python_operator.py
[2026-06-15T19:31:55.476+0000] {processor.py:830} INFO - Processing file /home/airflow/.local/lib/python3.12/site-packages/airflow/example_dags/example_python_operator.py for tasks to queue
[2026-06-15T19:31:55.478+0000] {logging_mixin.py:188} INFO - [2026-06-15T19:31:55.478+0000] {dagbag.py:545} INFO - Filling up the DagBag from /home/airflow/.local/lib/python3.12/site-packages/airflow/example_dags/example_python_operator.py
[2026-06-15T19:31:55.491+0000] {processor.py:840} INFO - DAG(s) 'example_python_operator' retrieved from /home/airflow/.local/lib/python3.12/site-packages/airflow/example_dags/example_python_operator.py
[2026-06-15T19:31:55.540+0000] {logging_mixin.py:188} INFO - [2026-06-15T19:31:55.539+0000] {dag.py:3089} INFO - Sync 1 DAGs
[2026-06-15T19:31:55.559+0000] {logging_mixin.py:188} INFO - [2026-06-15T19:31:55.559+0000] {dag.py:3947} INFO - Setting next_dagrun for example_python_operator to None, run_after=None
[2026-06-15T19:31:55.577+0000] {processor.py:183} INFO - Processing /home/airflow/.local/lib/python3.12/site-packages/airflow/example_dags/example_python_operator.py took 0.109 seconds
[2026-06-15T19:32:25.697+0000] {processor.py:161} INFO - Started process (PID=2404) to work on /home/airflow/.local/lib/python3.12/site-packages/airflow/example_dags/example_python_operator.py
[2026-06-15T19:32:25.700+0000] {processor.py:830} INFO - Processing file /home/airflow/.local/lib/python3.12/site-packages/airflow/example_dags/example_python_operator.py for tasks to queue
[2026-06-15T19:32:25.704+0000] {logging_mixin.py:188} INFO - [2026-06-15T19:32:25.702+0000] {dagbag.py:545} INFO - Filling up the DagBag from /home/airflow/.local/lib/python3.12/site-packages/airflow/example_dags/example_python_operator.py
[2026-06-15T19:32:25.729+0000] {processor.py:840} INFO - DAG(s) 'example_python_operator' retrieved from /home/airflow/.local/lib/python3.12/site-packages/airflow/example_dags/example_python_operator.py
[2026-06-15T19:32:25.809+0000] {logging_mixin.py:188} INFO - [2026-06-15T19:32:25.809+0000] {dag.py:3089} INFO - Sync 1 DAGs
[2026-06-15T19:32:25.840+0000] {logging_mixin.py:188} INFO - [2026-06-15T19:32:25.840+0000] {dag.py:3947} INFO - Setting next_dagrun for example_python_operator to None, run_after=None
[2026-06-15T19:32:25.883+0000] {processor.py:183} INFO - Processing /home/airflow/.local/lib/python3.12/site-packages/airflow/example_dags/example_python_operator.py took 0.202 seconds
[2026-06-15T19:32:55.930+0000] {processor.py:161} INFO - Started process (PID=2461) to work on /home/airflow/.local/lib/python3.12/site-packages/airflow/example_dags/example_python_operator.py
[2026-06-15T19:32:55.931+0000] {processor.py:830} INFO - Processing file /home/airflow/.local/lib/python3.12/site-packages/airflow/example_dags/example_python_operator.py for tasks to queue
[2026-06-15T19:32:55.933+0000] {logging_mixin.py:188} INFO - [2026-06-15T19:32:55.932+0000] {dagbag.py:545} INFO - Filling up the DagBag from /home/airflow/.local/lib/python3.12/site-packages/airflow/example_dags/example_python_operator.py
[2026-06-15T19:32:55.947+0000] {processor.py:840} INFO - DAG(s) 'example_python_operator' retrieved from /home/airflow/.local/lib/python3.12/site-packages/airflow/example_dags/example_python_operator.py
[2026-06-15T19:32:56.014+0000] {logging_mixin.py:188} INFO - [2026-06-15T19:32:56.014+0000] {dag.py:3089} INFO - Sync 1 DAGs
[2026-06-15T19:32:56.043+0000] {logging_mixin.py:188} INFO - [2026-06-15T19:32:56.043+0000] {dag.py:3947} INFO - Setting next_dagrun for example_python_operator to None, run_after=None
[2026-06-15T19:32:56.089+0000] {processor.py:183} INFO - Processing /home/airflow/.local/lib/python3.12/site-packages/airflow/example_dags/example_python_operator.py took 0.167 seconds
[2026-06-15T19:33:26.815+0000] {processor.py:161} INFO - Started process (PID=2518) to work on /home/airflow/.local/lib/python3.12/site-packages/airflow/example_dags/example_python_operator.py
[2026-06-15T19:33:26.818+0000] {processor.py:830} INFO - Processing file /home/airflow/.local/lib/python3.12/site-packages/airflow/example_dags/example_python_operator.py for tasks to queue
[2026-06-15T19:33:26.822+0000] {logging_mixin.py:188} INFO - [2026-06-15T19:33:26.822+0000] {dagbag.py:545} INFO - Filling up the DagBag from /home/airflow/.local/lib/python3.12/site-packages/airflow/example_dags/example_python_operator.py
[2026-06-15T19:33:26.850+0000] {processor.py:840} INFO - DAG(s) 'example_python_operator' retrieved from /home/airflow/.local/lib/python3.12/site-packages/airflow/example_dags/example_python_operator.py
[2026-06-15T19:33:26.912+0000] {logging_mixin.py:188} INFO - [2026-06-15T19:33:26.912+0000] {dag.py:3089} INFO - Sync 1 DAGs
[2026-06-15T19:33:26.942+0000] {logging_mixin.py:188} INFO - [2026-06-15T19:33:26.942+0000] {dag.py:3947} INFO - Setting next_dagrun for example_python_operator to None, run_after=None
[2026-06-15T19:33:27.005+0000] {processor.py:183} INFO - Processing /home/airflow/.local/lib/python3.12/site-packages/airflow/example_dags/example_python_operator.py took 0.209 seconds
[2026-06-15T19:33:57.156+0000] {processor.py:161} INFO - Started process (PID=2575) to work on /home/airflow/.local/lib/python3.12/site-packages/airflow/example_dags/example_python_operator.py
[2026-06-15T19:33:57.157+0000] {processor.py:830} INFO - Processing file /home/airflow/.local/lib/python3.12/site-packages/airflow/example_dags/example_python_operator.py for tasks to queue
[2026-06-15T19:33:57.159+0000] {logging_mixin.py:188} INFO - [2026-06-15T19:33:57.159+0000] {dagbag.py:545} INFO - Filling up the DagBag from /home/airflow/.local/lib/python3.12/site-packages/airflow/example_dags/example_python_operator.py
[2026-06-15T19:33:57.173+0000] {processor.py:840} INFO - DAG(s) 'example_python_operator' retrieved from /home/airflow/.local/lib/python3.12/site-packages/airflow/example_dags/example_python_operator.py
[2026-06-15T19:33:57.201+0000] {logging_mixin.py:188} INFO - [2026-06-15T19:33:57.201+0000] {dag.py:3089} INFO - Sync 1 DAGs
[2026-06-15T19:33:57.217+0000] {logging_mixin.py:188} INFO - [2026-06-15T19:33:57.217+0000] {dag.py:3947} INFO - Setting next_dagrun for example_python_operator to None, run_after=None
[2026-06-15T19:33:57.237+0000] {processor.py:183} INFO - Processing /home/airflow/.local/lib/python3.12/site-packages/airflow/example_dags/example_python_operator.py took 0.088 seconds
[2026-06-15T19:34:27.553+0000] {processor.py:161} INFO - Started process (PID=2632) to work on /home/airflow/.local/lib/python3.12/site-packages/airflow/example_dags/example_python_operator.py
[2026-06-15T19:34:27.555+0000] {processor.py:830} INFO - Processing file /home/airflow/.local/lib/python3.12/site-packages/airflow/example_dags/example_python_operator.py for tasks to queue
[2026-06-15T19:34:27.560+0000] {logging_mixin.py:188} INFO - [2026-06-15T19:34:27.558+0000] {dagbag.py:545} INFO - Filling up the DagBag from /home/airflow/.local/lib/python3.12/site-packages/airflow/example_dags/example_python_operator.py
[2026-06-15T19:34:27.578+0000] {processor.py:840} INFO - DAG(s) 'example_python_operator' retrieved from /home/airflow/.local/lib/python3.12/site-packages/airflow/example_dags/example_python_operator.py
[2026-06-15T19:34:27.609+0000] {logging_mixin.py:188} INFO - [2026-06-15T19:34:27.608+0000] {dag.py:3089} INFO - Sync 1 DAGs
[2026-06-15T19:34:27.627+0000] {logging_mixin.py:188} INFO - [2026-06-15T19:34:27.626+0000] {dag.py:3947} INFO - Setting next_dagrun for example_python_operator to None, run_after=None
[2026-06-15T19:34:27.647+0000] {processor.py:183} INFO - Processing /home/airflow/.local/lib/python3.12/site-packages/airflow/example_dags/example_python_operator.py took 0.102 seconds
[2026-06-15T19:34:57.961+0000] {processor.py:161} INFO - Started process (PID=2690) to work on /home/airflow/.local/lib/python3.12/site-packages/airflow/example_dags/example_python_operator.py
[2026-06-15T19:34:57.962+0000] {processor.py:830} INFO - Processing file /home/airflow/.local/lib/python3.12/site-packages/airflow/example_dags/example_python_operator.py for tasks to queue
[2026-06-15T19:34:57.964+0000] {logging_mixin.py:188} INFO - [2026-06-15T19:34:57.964+0000] {dagbag.py:545} INFO - Filling up the DagBag from /home/airflow/.local/lib/python3.12/site-packages/airflow/example_dags/example_python_operator.py
[2026-06-15T19:34:57.978+0000] {processor.py:840} INFO - DAG(s) 'example_python_operator' retrieved from /home/airflow/.local/lib/python3.12/site-packages/airflow/example_dags/example_python_operator.py
[2026-06-15T19:34:58.007+0000] {logging_mixin.py:188} INFO - [2026-06-15T19:34:58.006+0000] {dag.py:3089} INFO - Sync 1 DAGs
[2026-06-15T19:34:58.023+0000] {logging_mixin.py:188} INFO - [2026-06-15T19:34:58.023+0000] {dag.py:3947} INFO - Setting next_dagrun for example_python_operator to None, run_after=None
[2026-06-15T19:34:58.054+0000] {processor.py:183} INFO - Processing /home/airflow/.local/lib/python3.12/site-packages/airflow/example_dags/example_python_operator.py took 0.101 seconds
[2026-06-15T19:35:28.401+0000] {processor.py:161} INFO - Started process (PID=2748) to work on /home/airflow/.local/lib/python3.12/site-packages/airflow/example_dags/example_python_operator.py
[2026-06-15T19:35:28.402+0000] {processor.py:830} INFO - Processing file /home/airflow/.local/lib/python3.12/site-packages/airflow/example_dags/example_python_operator.py for tasks to queue
[2026-06-15T19:35:28.404+0000] {logging_mixin.py:188} INFO - [2026-06-15T19:35:28.404+0000] {dagbag.py:545} INFO - Filling up the DagBag from /home/airflow/.local/lib/python3.12/site-packages/airflow/example_dags/example_python_operator.py
[2026-06-15T19:35:28.418+0000] {processor.py:840} INFO - DAG(s) 'example_python_operator' retrieved from /home/airflow/.local/lib/python3.12/site-packages/airflow/example_dags/example_python_operator.py
[2026-06-15T19:35:28.447+0000] {logging_mixin.py:188} INFO - [2026-06-15T19:35:28.446+0000] {dag.py:3089} INFO - Sync 1 DAGs
[2026-06-15T19:35:28.462+0000] {logging_mixin.py:188} INFO - [2026-06-15T19:35:28.462+0000] {dag.py:3947} INFO - Setting next_dagrun for example_python_operator to None, run_after=None
[2026-06-15T19:35:28.486+0000] {processor.py:183} INFO - Processing /home/airflow/.local/lib/python3.12/site-packages/airflow/example_dags/example_python_operator.py took 0.092 seconds
[2026-06-15T19:35:58.877+0000] {processor.py:161} INFO - Started process (PID=2806) to work on /home/airflow/.local/lib/python3.12/site-packages/airflow/example_dags/example_python_operator.py
[2026-06-15T19:35:58.877+0000] {processor.py:830} INFO - Processing file /home/airflow/.local/lib/python3.12/site-packages/airflow/example_dags/example_python_operator.py for tasks to queue
[2026-06-15T19:35:58.879+0000] {logging_mixin.py:188} INFO - [2026-06-15T19:35:58.879+0000] {dagbag.py:545} INFO - Filling up the DagBag from /home/airflow/.local/lib/python3.12/site-packages/airflow/example_dags/example_python_operator.py
[2026-06-15T19:35:58.890+0000] {processor.py:840} INFO - DAG(s) 'example_python_operator' retrieved from /home/airflow/.local/lib/python3.12/site-packages/airflow/example_dags/example_python_operator.py
[2026-06-15T19:35:58.912+0000] {logging_mixin.py:188} INFO - [2026-06-15T19:35:58.911+0000] {dag.py:3089} INFO - Sync 1 DAGs
[2026-06-15T19:35:58.923+0000] {logging_mixin.py:188} INFO - [2026-06-15T19:35:58.923+0000] {dag.py:3947} INFO - Setting next_dagrun for example_python_operator to None, run_after=None
[2026-06-15T19:35:58.941+0000] {processor.py:183} INFO - Processing /home/airflow/.local/lib/python3.12/site-packages/airflow/example_dags/example_python_operator.py took 0.070 seconds
[2026-06-15T19:36:29.287+0000] {processor.py:161} INFO - Started process (PID=2864) to work on /home/airflow/.local/lib/python3.12/site-packages/airflow/example_dags/example_python_operator.py
[2026-06-15T19:36:29.288+0000] {processor.py:830} INFO - Processing file /home/airflow/.local/lib/python3.12/site-packages/airflow/example_dags/example_python_operator.py for tasks to queue
[2026-06-15T19:36:29.290+0000] {logging_mixin.py:188} INFO - [2026-06-15T19:36:29.290+0000] {dagbag.py:545} INFO - Filling up the DagBag from /home/airflow/.local/lib/python3.12/site-packages/airflow/example_dags/example_python_operator.py
[2026-06-15T19:36:29.303+0000] {processor.py:840} INFO - DAG(s) 'example_python_operator' retrieved from /home/airflow/.local/lib/python3.12/site-packages/airflow/example_dags/example_python_operator.py
[2026-06-15T19:36:29.333+0000] {logging_mixin.py:188} INFO - [2026-06-15T19:36:29.332+0000] {dag.py:3089} INFO - Sync 1 DAGs
[2026-06-15T19:36:29.348+0000] {logging_mixin.py:188} INFO - [2026-06-15T19:36:29.348+0000] {dag.py:3947} INFO - Setting next_dagrun for example_python_operator to None, run_after=None
[2026-06-15T19:36:29.368+0000] {processor.py:183} INFO - Processing /home/airflow/.local/lib/python3.12/site-packages/airflow/example_dags/example_python_operator.py took 0.088 seconds
[2026-06-15T19:36:59.658+0000] {processor.py:161} INFO - Started process (PID=2922) to work on /home/airflow/.local/lib/python3.12/site-packages/airflow/example_dags/example_python_operator.py
[2026-06-15T19:36:59.659+0000] {processor.py:830} INFO - Processing file /home/airflow/.local/lib/python3.12/site-packages/airflow/example_dags/example_python_operator.py for tasks to queue
[2026-06-15T19:36:59.660+0000] {logging_mixin.py:188} INFO - [2026-06-15T19:36:59.660+0000] {dagbag.py:545} INFO - Filling up the DagBag from /home/airflow/.local/lib/python3.12/site-packages/airflow/example_dags/example_python_operator.py
[2026-06-15T19:36:59.673+0000] {processor.py:840} INFO - DAG(s) 'example_python_operator' retrieved from /home/airflow/.local/lib/python3.12/site-packages/airflow/example_dags/example_python_operator.py
[2026-06-15T19:36:59.702+0000] {logging_mixin.py:188} INFO - [2026-06-15T19:36:59.702+0000] {dag.py:3089} INFO - Sync 1 DAGs
[2026-06-15T19:36:59.719+0000] {logging_mixin.py:188} INFO - [2026-06-15T19:36:59.719+0000] {dag.py:3947} INFO - Setting next_dagrun for example_python_operator to None, run_after=None
[2026-06-15T19:36:59.737+0000] {processor.py:183} INFO - Processing /home/airflow/.local/lib/python3.12/site-packages/airflow/example_dags/example_python_operator.py took 0.087 seconds
[2026-06-15T19:37:29.926+0000] {processor.py:161} INFO - Started process (PID=2980) to work on /home/airflow/.local/lib/python3.12/site-packages/airflow/example_dags/example_python_operator.py
[2026-06-15T19:37:29.927+0000] {processor.py:830} INFO - Processing file /home/airflow/.local/lib/python3.12/site-packages/airflow/example_dags/example_python_operator.py for tasks to queue
[2026-06-15T19:37:29.929+0000] {logging_mixin.py:188} INFO - [2026-06-15T19:37:29.929+0000] {dagbag.py:545} INFO - Filling up the DagBag from /home/airflow/.local/lib/python3.12/site-packages/airflow/example_dags/example_python_operator.py
[2026-06-15T19:37:29.943+0000] {processor.py:840} INFO - DAG(s) 'example_python_operator' retrieved from /home/airflow/.local/lib/python3.12/site-packages/airflow/example_dags/example_python_operator.py
[2026-06-15T19:37:29.972+0000] {logging_mixin.py:188} INFO - [2026-06-15T19:37:29.972+0000] {dag.py:3089} INFO - Sync 1 DAGs
[2026-06-15T19:37:29.990+0000] {logging_mixin.py:188} INFO - [2026-06-15T19:37:29.989+0000] {dag.py:3947} INFO - Setting next_dagrun for example_python_operator to None, run_after=None
[2026-06-15T19:37:30.009+0000] {processor.py:183} INFO - Processing /home/airflow/.local/lib/python3.12/site-packages/airflow/example_dags/example_python_operator.py took 0.091 seconds
[2026-06-15T19:38:00.303+0000] {processor.py:161} INFO - Started process (PID=3037) to work on /home/airflow/.local/lib/python3.12/site-packages/airflow/example_dags/example_python_operator.py
[2026-06-15T19:38:00.303+0000] {processor.py:830} INFO - Processing file /home/airflow/.local/lib/python3.12/site-packages/airflow/example_dags/example_python_operator.py for tasks to queue
[2026-06-15T19:38:00.305+0000] {logging_mixin.py:188} INFO - [2026-06-15T19:38:00.305+0000] {dagbag.py:545} INFO - Filling up the DagBag from /home/airflow/.local/lib/python3.12/site-packages/airflow/example_dags/example_python_operator.py
[2026-06-15T19:38:00.318+0000] {processor.py:840} INFO - DAG(s) 'example_python_operator' retrieved from /home/airflow/.local/lib/python3.12/site-packages/airflow/example_dags/example_python_operator.py
[2026-06-15T19:38:00.346+0000] {logging_mixin.py:188} INFO - [2026-06-15T19:38:00.346+0000] {dag.py:3089} INFO - Sync 1 DAGs
[2026-06-15T19:38:00.363+0000] {logging_mixin.py:188} INFO - [2026-06-15T19:38:00.362+0000] {dag.py:3947} INFO - Setting next_dagrun for example_python_operator to None, run_after=None
[2026-06-15T19:38:00.383+0000] {processor.py:183} INFO - Processing /home/airflow/.local/lib/python3.12/site-packages/airflow/example_dags/example_python_operator.py took 0.088 seconds
[2026-06-15T19:38:30.929+0000] {processor.py:161} INFO - Started process (PID=3095) to work on /home/airflow/.local/lib/python3.12/site-packages/airflow/example_dags/example_python_operator.py
[2026-06-15T19:38:30.930+0000] {processor.py:830} INFO - Processing file /home/airflow/.local/lib/python3.12/site-packages/airflow/example_dags/example_python_operator.py for tasks to queue
[2026-06-15T19:38:30.932+0000] {logging_mixin.py:188} INFO - [2026-06-15T19:38:30.932+0000] {dagbag.py:545} INFO - Filling up the DagBag from /home/airflow/.local/lib/python3.12/site-packages/airflow/example_dags/example_python_operator.py
[2026-06-15T19:38:30.946+0000] {processor.py:840} INFO - DAG(s) 'example_python_operator' retrieved from /home/airflow/.local/lib/python3.12/site-packages/airflow/example_dags/example_python_operator.py
[2026-06-15T19:38:30.975+0000] {logging_mixin.py:188} INFO - [2026-06-15T19:38:30.975+0000] {dag.py:3089} INFO - Sync 1 DAGs
[2026-06-15T19:38:30.992+0000] {logging_mixin.py:188} INFO - [2026-06-15T19:38:30.992+0000] {dag.py:3947} INFO - Setting next_dagrun for example_python_operator to None, run_after=None
[2026-06-15T19:38:31.017+0000] {processor.py:183} INFO - Processing /home/airflow/.local/lib/python3.12/site-packages/airflow/example_dags/example_python_operator.py took 0.096 seconds
[2026-06-15T19:39:01.684+0000] {processor.py:161} INFO - Started process (PID=3153) to work on /home/airflow/.local/lib/python3.12/site-packages/airflow/example_dags/example_python_operator.py
[2026-06-15T19:39:01.685+0000] {processor.py:830} INFO - Processing file /home/airflow/.local/lib/python3.12/site-packages/airflow/example_dags/example_python_operator.py for tasks to queue
[2026-06-15T19:39:01.689+0000] {logging_mixin.py:188} INFO - [2026-06-15T19:39:01.689+0000] {dagbag.py:545} INFO - Filling up the DagBag from /home/airflow/.local/lib/python3.12/site-packages/airflow/example_dags/example_python_operator.py
[2026-06-15T19:39:01.720+0000] {processor.py:840} INFO - DAG(s) 'example_python_operator' retrieved from /home/airflow/.local/lib/python3.12/site-packages/airflow/example_dags/example_python_operator.py
[2026-06-15T19:39:01.788+0000] {logging_mixin.py:188} INFO - [2026-06-15T19:39:01.788+0000] {dag.py:3089} INFO - Sync 1 DAGs
[2026-06-15T19:39:01.823+0000] {logging_mixin.py:188} INFO - [2026-06-15T19:39:01.822+0000] {dag.py:3947} INFO - Setting next_dagrun for example_python_operator to None, run_after=None
[2026-06-15T19:39:01.867+0000] {processor.py:183} INFO - Processing /home/airflow/.local/lib/python3.12/site-packages/airflow/example_dags/example_python_operator.py took 0.201 seconds
[2026-06-15T19:39:32.717+0000] {processor.py:161} INFO - Started process (PID=3211) to work on /home/airflow/.local/lib/python3.12/site-packages/airflow/example_dags/example_python_operator.py
[2026-06-15T19:39:32.718+0000] {processor.py:830} INFO - Processing file /home/airflow/.local/lib/python3.12/site-packages/airflow/example_dags/example_python_operator.py for tasks to queue
[2026-06-15T19:39:32.720+0000] {logging_mixin.py:188} INFO - [2026-06-15T19:39:32.720+0000] {dagbag.py:545} INFO - Filling up the DagBag from /home/airflow/.local/lib/python3.12/site-packages/airflow/example_dags/example_python_operator.py
[2026-06-15T19:39:32.733+0000] {processor.py:840} INFO - DAG(s) 'example_python_operator' retrieved from /home/airflow/.local/lib/python3.12/site-packages/airflow/example_dags/example_python_operator.py
[2026-06-15T19:39:32.762+0000] {logging_mixin.py:188} INFO - [2026-06-15T19:39:32.762+0000] {dag.py:3089} INFO - Sync 1 DAGs
[2026-06-15T19:39:32.778+0000] {logging_mixin.py:188} INFO - [2026-06-15T19:39:32.778+0000] {dag.py:3947} INFO - Setting next_dagrun for example_python_operator to None, run_after=None
[2026-06-15T19:39:32.798+0000] {processor.py:183} INFO - Processing /home/airflow/.local/lib/python3.12/site-packages/airflow/example_dags/example_python_operator.py took 0.093 seconds
[2026-06-15T19:40:03.307+0000] {processor.py:161} INFO - Started process (PID=3269) to work on /home/airflow/.local/lib/python3.12/site-packages/airflow/example_dags/example_python_operator.py
[2026-06-15T19:40:03.308+0000] {processor.py:830} INFO - Processing file /home/airflow/.local/lib/python3.12/site-packages/airflow/example_dags/example_python_operator.py for tasks to queue
[2026-06-15T19:40:03.310+0000] {logging_mixin.py:188} INFO - [2026-06-15T19:40:03.310+0000] {dagbag.py:545} INFO - Filling up the DagBag from /home/airflow/.local/lib/python3.12/site-packages/airflow/example_dags/example_python_operator.py
[2026-06-15T19:40:03.322+0000] {processor.py:840} INFO - DAG(s) 'example_python_operator' retrieved from /home/airflow/.local/lib/python3.12/site-packages/airflow/example_dags/example_python_operator.py
[2026-06-15T19:40:03.351+0000] {logging_mixin.py:188} INFO - [2026-06-15T19:40:03.351+0000] {dag.py:3089} INFO - Sync 1 DAGs
[2026-06-15T19:40:03.366+0000] {logging_mixin.py:188} INFO - [2026-06-15T19:40:03.366+0000] {dag.py:3947} INFO - Setting next_dagrun for example_python_operator to None, run_after=None
[2026-06-15T19:40:03.401+0000] {processor.py:183} INFO - Processing /home/airflow/.local/lib/python3.12/site-packages/airflow/example_dags/example_python_operator.py took 0.105 seconds
[2026-06-15T19:40:33.713+0000] {processor.py:161} INFO - Started process (PID=3327) to work on /home/airflow/.local/lib/python3.12/site-packages/airflow/example_dags/example_python_operator.py
[2026-06-15T19:40:33.714+0000] {processor.py:830} INFO - Processing file /home/airflow/.local/lib/python3.12/site-packages/airflow/example_dags/example_python_operator.py for tasks to queue
[2026-06-15T19:40:33.715+0000] {logging_mixin.py:188} INFO - [2026-06-15T19:40:33.715+0000] {dagbag.py:545} INFO - Filling up the DagBag from /home/airflow/.local/lib/python3.12/site-packages/airflow/example_dags/example_python_operator.py
[2026-06-15T19:40:33.724+0000] {processor.py:840} INFO - DAG(s) 'example_python_operator' retrieved from /home/airflow/.local/lib/python3.12/site-packages/airflow/example_dags/example_python_operator.py
[2026-06-15T19:40:33.744+0000] {logging_mixin.py:188} INFO - [2026-06-15T19:40:33.744+0000] {dag.py:3089} INFO - Sync 1 DAGs
[2026-06-15T19:40:33.755+0000] {logging_mixin.py:188} INFO - [2026-06-15T19:40:33.755+0000] {dag.py:3947} INFO - Setting next_dagrun for example_python_operator to None, run_after=None
[2026-06-15T19:40:33.771+0000] {processor.py:183} INFO - Processing /home/airflow/.local/lib/python3.12/site-packages/airflow/example_dags/example_python_operator.py took 0.063 seconds
[2026-06-15T19:41:04.016+0000] {processor.py:161} INFO - Started process (PID=3385) to work on /home/airflow/.local/lib/python3.12/site-packages/airflow/example_dags/example_python_operator.py
[2026-06-15T19:41:04.017+0000] {processor.py:830} INFO - Processing file /home/airflow/.local/lib/python3.12/site-packages/airflow/example_dags/example_python_operator.py for tasks to queue
[2026-06-15T19:41:04.018+0000] {logging_mixin.py:188} INFO - [2026-06-15T19:41:04.018+0000] {dagbag.py:545} INFO - Filling up the DagBag from /home/airflow/.local/lib/python3.12/site-packages/airflow/example_dags/example_python_operator.py
[2026-06-15T19:41:04.027+0000] {processor.py:840} INFO - DAG(s) 'example_python_operator' retrieved from /home/airflow/.local/lib/python3.12/site-packages/airflow/example_dags/example_python_operator.py
[2026-06-15T19:41:04.047+0000] {logging_mixin.py:188} INFO - [2026-06-15T19:41:04.047+0000] {dag.py:3089} INFO - Sync 1 DAGs
[2026-06-15T19:41:04.058+0000] {logging_mixin.py:188} INFO - [2026-06-15T19:41:04.058+0000] {dag.py:3947} INFO - Setting next_dagrun for example_python_operator to None, run_after=None
[2026-06-15T19:41:04.081+0000] {processor.py:183} INFO - Processing /home/airflow/.local/lib/python3.12/site-packages/airflow/example_dags/example_python_operator.py took 0.071 seconds
[2026-06-15T19:41:34.554+0000] {processor.py:161} INFO - Started process (PID=3442) to work on /home/airflow/.local/lib/python3.12/site-packages/airflow/example_dags/example_python_operator.py
[2026-06-15T19:41:34.555+0000] {processor.py:830} INFO - Processing file /home/airflow/.local/lib/python3.12/site-packages/airflow/example_dags/example_python_operator.py for tasks to queue
[2026-06-15T19:41:34.557+0000] {logging_mixin.py:188} INFO - [2026-06-15T19:41:34.556+0000] {dagbag.py:545} INFO - Filling up the DagBag from /home/airflow/.local/lib/python3.12/site-packages/airflow/example_dags/example_python_operator.py
[2026-06-15T19:41:34.569+0000] {processor.py:840} INFO - DAG(s) 'example_python_operator' retrieved from /home/airflow/.local/lib/python3.12/site-packages/airflow/example_dags/example_python_operator.py
[2026-06-15T19:41:34.598+0000] {logging_mixin.py:188} INFO - [2026-06-15T19:41:34.598+0000] {dag.py:3089} INFO - Sync 1 DAGs
[2026-06-15T19:41:34.614+0000] {logging_mixin.py:188} INFO - [2026-06-15T19:41:34.614+0000] {dag.py:3947} INFO - Setting next_dagrun for example_python_operator to None, run_after=None
[2026-06-15T19:41:34.634+0000] {processor.py:183} INFO - Processing /home/airflow/.local/lib/python3.12/site-packages/airflow/example_dags/example_python_operator.py took 0.088 seconds
[2026-06-15T19:42:04.868+0000] {processor.py:161} INFO - Started process (PID=3500) to work on /home/airflow/.local/lib/python3.12/site-packages/airflow/example_dags/example_python_operator.py
[2026-06-15T19:42:04.869+0000] {processor.py:830} INFO - Processing file /home/airflow/.local/lib/python3.12/site-packages/airflow/example_dags/example_python_operator.py for tasks to queue
[2026-06-15T19:42:04.871+0000] {logging_mixin.py:188} INFO - [2026-06-15T19:42:04.871+0000] {dagbag.py:545} INFO - Filling up the DagBag from /home/airflow/.local/lib/python3.12/site-packages/airflow/example_dags/example_python_operator.py
[2026-06-15T19:42:04.884+0000] {processor.py:840} INFO - DAG(s) 'example_python_operator' retrieved from /home/airflow/.local/lib/python3.12/site-packages/airflow/example_dags/example_python_operator.py
[2026-06-15T19:42:04.917+0000] {logging_mixin.py:188} INFO - [2026-06-15T19:42:04.916+0000] {dag.py:3089} INFO - Sync 1 DAGs
[2026-06-15T19:42:04.934+0000] {logging_mixin.py:188} INFO - [2026-06-15T19:42:04.934+0000] {dag.py:3947} INFO - Setting next_dagrun for example_python_operator to None, run_after=None
[2026-06-15T19:42:04.973+0000] {processor.py:183} INFO - Processing /home/airflow/.local/lib/python3.12/site-packages/airflow/example_dags/example_python_operator.py took 0.111 seconds
[2026-06-15T19:42:35.341+0000] {processor.py:161} INFO - Started process (PID=3558) to work on /home/airflow/.local/lib/python3.12/site-packages/airflow/example_dags/example_python_operator.py
[2026-06-15T19:42:35.342+0000] {processor.py:830} INFO - Processing file /home/airflow/.local/lib/python3.12/site-packages/airflow/example_dags/example_python_operator.py for tasks to queue
[2026-06-15T19:42:35.344+0000] {logging_mixin.py:188} INFO - [2026-06-15T19:42:35.343+0000] {dagbag.py:545} INFO - Filling up the DagBag from /home/airflow/.local/lib/python3.12/site-packages/airflow/example_dags/example_python_operator.py
[2026-06-15T19:42:35.357+0000] {processor.py:840} INFO - DAG(s) 'example_python_operator' retrieved from /home/airflow/.local/lib/python3.12/site-packages/airflow/example_dags/example_python_operator.py
[2026-06-15T19:42:35.386+0000] {logging_mixin.py:188} INFO - [2026-06-15T19:42:35.386+0000] {dag.py:3089} INFO - Sync 1 DAGs
[2026-06-15T19:42:35.405+0000] {logging_mixin.py:188} INFO - [2026-06-15T19:42:35.405+0000] {dag.py:3947} INFO - Setting next_dagrun for example_python_operator to None, run_after=None
[2026-06-15T19:42:35.433+0000] {processor.py:183} INFO - Processing /home/airflow/.local/lib/python3.12/site-packages/airflow/example_dags/example_python_operator.py took 0.100 seconds
[2026-06-15T19:43:05.710+0000] {processor.py:161} INFO - Started process (PID=3616) to work on /home/airflow/.local/lib/python3.12/site-packages/airflow/example_dags/example_python_operator.py
[2026-06-15T19:43:05.711+0000] {processor.py:830} INFO - Processing file /home/airflow/.local/lib/python3.12/site-packages/airflow/example_dags/example_python_operator.py for tasks to queue
[2026-06-15T19:43:05.713+0000] {logging_mixin.py:188} INFO - [2026-06-15T19:43:05.713+0000] {dagbag.py:545} INFO - Filling up the DagBag from /home/airflow/.local/lib/python3.12/site-packages/airflow/example_dags/example_python_operator.py
[2026-06-15T19:43:05.726+0000] {processor.py:840} INFO - DAG(s) 'example_python_operator' retrieved from /home/airflow/.local/lib/python3.12/site-packages/airflow/example_dags/example_python_operator.py
[2026-06-15T19:43:05.755+0000] {logging_mixin.py:188} INFO - [2026-06-15T19:43:05.755+0000] {dag.py:3089} INFO - Sync 1 DAGs
[2026-06-15T19:43:05.772+0000] {logging_mixin.py:188} INFO - [2026-06-15T19:43:05.772+0000] {dag.py:3947} INFO - Setting next_dagrun for example_python_operator to None, run_after=None
[2026-06-15T19:43:05.793+0000] {processor.py:183} INFO - Processing /home/airflow/.local/lib/python3.12/site-packages/airflow/example_dags/example_python_operator.py took 0.091 seconds
[2026-06-15T19:43:36.222+0000] {processor.py:161} INFO - Started process (PID=3674) to work on /home/airflow/.local/lib/python3.12/site-packages/airflow/example_dags/example_python_operator.py
[2026-06-15T19:43:36.223+0000] {processor.py:830} INFO - Processing file /home/airflow/.local/lib/python3.12/site-packages/airflow/example_dags/example_python_operator.py for tasks to queue
[2026-06-15T19:43:36.225+0000] {logging_mixin.py:188} INFO - [2026-06-15T19:43:36.225+0000] {dagbag.py:545} INFO - Filling up the DagBag from /home/airflow/.local/lib/python3.12/site-packages/airflow/example_dags/example_python_operator.py
[2026-06-15T19:43:36.238+0000] {processor.py:840} INFO - DAG(s) 'example_python_operator' retrieved from /home/airflow/.local/lib/python3.12/site-packages/airflow/example_dags/example_python_operator.py
[2026-06-15T19:43:36.269+0000] {logging_mixin.py:188} INFO - [2026-06-15T19:43:36.269+0000] {dag.py:3089} INFO - Sync 1 DAGs
[2026-06-15T19:43:36.286+0000] {logging_mixin.py:188} INFO - [2026-06-15T19:43:36.285+0000] {dag.py:3947} INFO - Setting next_dagrun for example_python_operator to None, run_after=None
[2026-06-15T19:43:36.309+0000] {processor.py:183} INFO - Processing /home/airflow/.local/lib/python3.12/site-packages/airflow/example_dags/example_python_operator.py took 0.094 seconds
