[2026-06-15T19:12:20.323+0000] {processor.py:161} INFO - Started process (PID=114) to work on /home/airflow/.local/lib/python3.12/site-packages/airflow/example_dags/example_task_group_decorator.py
[2026-06-15T19:12:20.328+0000] {processor.py:830} INFO - Processing file /home/airflow/.local/lib/python3.12/site-packages/airflow/example_dags/example_task_group_decorator.py for tasks to queue
[2026-06-15T19:12:20.331+0000] {logging_mixin.py:188} INFO - [2026-06-15T19:12:20.331+0000] {dagbag.py:545} INFO - Filling up the DagBag from /home/airflow/.local/lib/python3.12/site-packages/airflow/example_dags/example_task_group_decorator.py
[2026-06-15T19:12:20.445+0000] {processor.py:840} INFO - DAG(s) 'example_task_group_decorator' retrieved from /home/airflow/.local/lib/python3.12/site-packages/airflow/example_dags/example_task_group_decorator.py
[2026-06-15T19:12:21.371+0000] {logging_mixin.py:188} INFO - [2026-06-15T19:12:21.371+0000] {dag.py:3089} INFO - Sync 1 DAGs
[2026-06-15T19:12:21.536+0000] {logging_mixin.py:188} INFO - [2026-06-15T19:12:21.531+0000] {dag.py:3947} INFO - Setting next_dagrun for example_task_group_decorator to 2026-06-14 00:00:00+00:00, run_after=2026-06-15 00:00:00+00:00
[2026-06-15T19:12:21.619+0000] {processor.py:183} INFO - Processing /home/airflow/.local/lib/python3.12/site-packages/airflow/example_dags/example_task_group_decorator.py took 1.311 seconds
[2026-06-15T19:12:51.890+0000] {processor.py:161} INFO - Started process (PID=172) to work on /home/airflow/.local/lib/python3.12/site-packages/airflow/example_dags/example_task_group_decorator.py
[2026-06-15T19:12:51.900+0000] {processor.py:830} INFO - Processing file /home/airflow/.local/lib/python3.12/site-packages/airflow/example_dags/example_task_group_decorator.py for tasks to queue
[2026-06-15T19:12:51.905+0000] {logging_mixin.py:188} INFO - [2026-06-15T19:12:51.904+0000] {dagbag.py:545} INFO - Filling up the DagBag from /home/airflow/.local/lib/python3.12/site-packages/airflow/example_dags/example_task_group_decorator.py
[2026-06-15T19:12:51.929+0000] {processor.py:840} INFO - DAG(s) 'example_task_group_decorator' retrieved from /home/airflow/.local/lib/python3.12/site-packages/airflow/example_dags/example_task_group_decorator.py
[2026-06-15T19:12:52.039+0000] {logging_mixin.py:188} INFO - [2026-06-15T19:12:52.039+0000] {dag.py:3089} INFO - Sync 1 DAGs
[2026-06-15T19:12:52.187+0000] {logging_mixin.py:188} INFO - [2026-06-15T19:12:52.187+0000] {dag.py:3947} INFO - Setting next_dagrun for example_task_group_decorator to 2026-06-14 00:00:00+00:00, run_after=2026-06-15 00:00:00+00:00
[2026-06-15T19:12:52.236+0000] {processor.py:183} INFO - Processing /home/airflow/.local/lib/python3.12/site-packages/airflow/example_dags/example_task_group_decorator.py took 0.392 seconds
[2026-06-15T19:13:22.657+0000] {processor.py:161} INFO - Started process (PID=230) to work on /home/airflow/.local/lib/python3.12/site-packages/airflow/example_dags/example_task_group_decorator.py
[2026-06-15T19:13:22.659+0000] {processor.py:830} INFO - Processing file /home/airflow/.local/lib/python3.12/site-packages/airflow/example_dags/example_task_group_decorator.py for tasks to queue
[2026-06-15T19:13:22.662+0000] {logging_mixin.py:188} INFO - [2026-06-15T19:13:22.662+0000] {dagbag.py:545} INFO - Filling up the DagBag from /home/airflow/.local/lib/python3.12/site-packages/airflow/example_dags/example_task_group_decorator.py
[2026-06-15T19:13:22.685+0000] {processor.py:840} INFO - DAG(s) 'example_task_group_decorator' retrieved from /home/airflow/.local/lib/python3.12/site-packages/airflow/example_dags/example_task_group_decorator.py
[2026-06-15T19:13:22.723+0000] {logging_mixin.py:188} INFO - [2026-06-15T19:13:22.723+0000] {dag.py:3089} INFO - Sync 1 DAGs
[2026-06-15T19:13:22.752+0000] {logging_mixin.py:188} INFO - [2026-06-15T19:13:22.751+0000] {dag.py:3947} INFO - Setting next_dagrun for example_task_group_decorator to 2026-06-14 00:00:00+00:00, run_after=2026-06-15 00:00:00+00:00
[2026-06-15T19:13:22.771+0000] {processor.py:183} INFO - Processing /home/airflow/.local/lib/python3.12/site-packages/airflow/example_dags/example_task_group_decorator.py took 0.129 seconds
[2026-06-15T19:13:53.567+0000] {processor.py:161} INFO - Started process (PID=288) to work on /home/airflow/.local/lib/python3.12/site-packages/airflow/example_dags/example_task_group_decorator.py
[2026-06-15T19:13:53.568+0000] {processor.py:830} INFO - Processing file /home/airflow/.local/lib/python3.12/site-packages/airflow/example_dags/example_task_group_decorator.py for tasks to queue
[2026-06-15T19:13:53.570+0000] {logging_mixin.py:188} INFO - [2026-06-15T19:13:53.570+0000] {dagbag.py:545} INFO - Filling up the DagBag from /home/airflow/.local/lib/python3.12/site-packages/airflow/example_dags/example_task_group_decorator.py
[2026-06-15T19:13:53.589+0000] {processor.py:840} INFO - DAG(s) 'example_task_group_decorator' retrieved from /home/airflow/.local/lib/python3.12/site-packages/airflow/example_dags/example_task_group_decorator.py
[2026-06-15T19:13:53.622+0000] {logging_mixin.py:188} INFO - [2026-06-15T19:13:53.622+0000] {dag.py:3089} INFO - Sync 1 DAGs
[2026-06-15T19:13:53.652+0000] {logging_mixin.py:188} INFO - [2026-06-15T19:13:53.652+0000] {dag.py:3947} INFO - Setting next_dagrun for example_task_group_decorator to 2026-06-14 00:00:00+00:00, run_after=2026-06-15 00:00:00+00:00
[2026-06-15T19:13:53.670+0000] {processor.py:183} INFO - Processing /home/airflow/.local/lib/python3.12/site-packages/airflow/example_dags/example_task_group_decorator.py took 0.110 seconds
[2026-06-15T19:14:24.351+0000] {processor.py:161} INFO - Started process (PID=346) to work on /home/airflow/.local/lib/python3.12/site-packages/airflow/example_dags/example_task_group_decorator.py
[2026-06-15T19:14:24.352+0000] {processor.py:830} INFO - Processing file /home/airflow/.local/lib/python3.12/site-packages/airflow/example_dags/example_task_group_decorator.py for tasks to queue
[2026-06-15T19:14:24.354+0000] {logging_mixin.py:188} INFO - [2026-06-15T19:14:24.354+0000] {dagbag.py:545} INFO - Filling up the DagBag from /home/airflow/.local/lib/python3.12/site-packages/airflow/example_dags/example_task_group_decorator.py
[2026-06-15T19:14:24.381+0000] {processor.py:840} INFO - DAG(s) 'example_task_group_decorator' retrieved from /home/airflow/.local/lib/python3.12/site-packages/airflow/example_dags/example_task_group_decorator.py
[2026-06-15T19:14:24.414+0000] {logging_mixin.py:188} INFO - [2026-06-15T19:14:24.414+0000] {dag.py:3089} INFO - Sync 1 DAGs
[2026-06-15T19:14:24.442+0000] {logging_mixin.py:188} INFO - [2026-06-15T19:14:24.442+0000] {dag.py:3947} INFO - Setting next_dagrun for example_task_group_decorator to 2026-06-14 00:00:00+00:00, run_after=2026-06-15 00:00:00+00:00
[2026-06-15T19:14:24.459+0000] {processor.py:183} INFO - Processing /home/airflow/.local/lib/python3.12/site-packages/airflow/example_dags/example_task_group_decorator.py took 0.114 seconds
[2026-06-15T19:14:54.732+0000] {processor.py:161} INFO - Started process (PID=404) to work on /home/airflow/.local/lib/python3.12/site-packages/airflow/example_dags/example_task_group_decorator.py
[2026-06-15T19:14:54.733+0000] {processor.py:830} INFO - Processing file /home/airflow/.local/lib/python3.12/site-packages/airflow/example_dags/example_task_group_decorator.py for tasks to queue
[2026-06-15T19:14:54.735+0000] {logging_mixin.py:188} INFO - [2026-06-15T19:14:54.735+0000] {dagbag.py:545} INFO - Filling up the DagBag from /home/airflow/.local/lib/python3.12/site-packages/airflow/example_dags/example_task_group_decorator.py
[2026-06-15T19:14:54.755+0000] {processor.py:840} INFO - DAG(s) 'example_task_group_decorator' retrieved from /home/airflow/.local/lib/python3.12/site-packages/airflow/example_dags/example_task_group_decorator.py
[2026-06-15T19:14:54.807+0000] {logging_mixin.py:188} INFO - [2026-06-15T19:14:54.806+0000] {dag.py:3089} INFO - Sync 1 DAGs
[2026-06-15T19:14:54.835+0000] {logging_mixin.py:188} INFO - [2026-06-15T19:14:54.835+0000] {dag.py:3947} INFO - Setting next_dagrun for example_task_group_decorator to 2026-06-14 00:00:00+00:00, run_after=2026-06-15 00:00:00+00:00
[2026-06-15T19:14:54.852+0000] {processor.py:183} INFO - Processing /home/airflow/.local/lib/python3.12/site-packages/airflow/example_dags/example_task_group_decorator.py took 0.128 seconds
[2026-06-15T19:15:25.417+0000] {processor.py:161} INFO - Started process (PID=462) to work on /home/airflow/.local/lib/python3.12/site-packages/airflow/example_dags/example_task_group_decorator.py
[2026-06-15T19:15:25.418+0000] {processor.py:830} INFO - Processing file /home/airflow/.local/lib/python3.12/site-packages/airflow/example_dags/example_task_group_decorator.py for tasks to queue
[2026-06-15T19:15:25.420+0000] {logging_mixin.py:188} INFO - [2026-06-15T19:15:25.420+0000] {dagbag.py:545} INFO - Filling up the DagBag from /home/airflow/.local/lib/python3.12/site-packages/airflow/example_dags/example_task_group_decorator.py
[2026-06-15T19:15:25.441+0000] {processor.py:840} INFO - DAG(s) 'example_task_group_decorator' retrieved from /home/airflow/.local/lib/python3.12/site-packages/airflow/example_dags/example_task_group_decorator.py
[2026-06-15T19:15:25.498+0000] {logging_mixin.py:188} INFO - [2026-06-15T19:15:25.497+0000] {dag.py:3089} INFO - Sync 1 DAGs
[2026-06-15T19:15:25.521+0000] {logging_mixin.py:188} INFO - [2026-06-15T19:15:25.521+0000] {dag.py:3947} INFO - Setting next_dagrun for example_task_group_decorator to 2026-06-14 00:00:00+00:00, run_after=2026-06-15 00:00:00+00:00
[2026-06-15T19:15:25.536+0000] {processor.py:183} INFO - Processing /home/airflow/.local/lib/python3.12/site-packages/airflow/example_dags/example_task_group_decorator.py took 0.126 seconds
[2026-06-15T19:15:55.737+0000] {processor.py:161} INFO - Started process (PID=520) to work on /home/airflow/.local/lib/python3.12/site-packages/airflow/example_dags/example_task_group_decorator.py
[2026-06-15T19:15:55.738+0000] {processor.py:830} INFO - Processing file /home/airflow/.local/lib/python3.12/site-packages/airflow/example_dags/example_task_group_decorator.py for tasks to queue
[2026-06-15T19:15:55.741+0000] {logging_mixin.py:188} INFO - [2026-06-15T19:15:55.740+0000] {dagbag.py:545} INFO - Filling up the DagBag from /home/airflow/.local/lib/python3.12/site-packages/airflow/example_dags/example_task_group_decorator.py
[2026-06-15T19:15:55.779+0000] {processor.py:840} INFO - DAG(s) 'example_task_group_decorator' retrieved from /home/airflow/.local/lib/python3.12/site-packages/airflow/example_dags/example_task_group_decorator.py
[2026-06-15T19:15:55.858+0000] {logging_mixin.py:188} INFO - [2026-06-15T19:15:55.858+0000] {dag.py:3089} INFO - Sync 1 DAGs
[2026-06-15T19:15:55.926+0000] {logging_mixin.py:188} INFO - [2026-06-15T19:15:55.926+0000] {dag.py:3947} INFO - Setting next_dagrun for example_task_group_decorator to 2026-06-14 00:00:00+00:00, run_after=2026-06-15 00:00:00+00:00
[2026-06-15T19:15:55.945+0000] {processor.py:183} INFO - Processing /home/airflow/.local/lib/python3.12/site-packages/airflow/example_dags/example_task_group_decorator.py took 0.215 seconds
[2026-06-15T19:16:26.650+0000] {processor.py:161} INFO - Started process (PID=578) to work on /home/airflow/.local/lib/python3.12/site-packages/airflow/example_dags/example_task_group_decorator.py
[2026-06-15T19:16:26.661+0000] {processor.py:830} INFO - Processing file /home/airflow/.local/lib/python3.12/site-packages/airflow/example_dags/example_task_group_decorator.py for tasks to queue
[2026-06-15T19:16:26.672+0000] {logging_mixin.py:188} INFO - [2026-06-15T19:16:26.671+0000] {dagbag.py:545} INFO - Filling up the DagBag from /home/airflow/.local/lib/python3.12/site-packages/airflow/example_dags/example_task_group_decorator.py
[2026-06-15T19:16:26.773+0000] {processor.py:840} INFO - DAG(s) 'example_task_group_decorator' retrieved from /home/airflow/.local/lib/python3.12/site-packages/airflow/example_dags/example_task_group_decorator.py
[2026-06-15T19:16:26.953+0000] {logging_mixin.py:188} INFO - [2026-06-15T19:16:26.953+0000] {dag.py:3089} INFO - Sync 1 DAGs
[2026-06-15T19:16:27.086+0000] {logging_mixin.py:188} INFO - [2026-06-15T19:16:27.086+0000] {dag.py:3947} INFO - Setting next_dagrun for example_task_group_decorator to 2026-06-14 00:00:00+00:00, run_after=2026-06-15 00:00:00+00:00
[2026-06-15T19:16:27.287+0000] {processor.py:183} INFO - Processing /home/airflow/.local/lib/python3.12/site-packages/airflow/example_dags/example_task_group_decorator.py took 0.703 seconds
[2026-06-15T19:16:57.817+0000] {processor.py:161} INFO - Started process (PID=635) to work on /home/airflow/.local/lib/python3.12/site-packages/airflow/example_dags/example_task_group_decorator.py
[2026-06-15T19:16:57.818+0000] {processor.py:830} INFO - Processing file /home/airflow/.local/lib/python3.12/site-packages/airflow/example_dags/example_task_group_decorator.py for tasks to queue
[2026-06-15T19:16:57.821+0000] {logging_mixin.py:188} INFO - [2026-06-15T19:16:57.820+0000] {dagbag.py:545} INFO - Filling up the DagBag from /home/airflow/.local/lib/python3.12/site-packages/airflow/example_dags/example_task_group_decorator.py
[2026-06-15T19:16:57.841+0000] {processor.py:840} INFO - DAG(s) 'example_task_group_decorator' retrieved from /home/airflow/.local/lib/python3.12/site-packages/airflow/example_dags/example_task_group_decorator.py
[2026-06-15T19:16:57.874+0000] {logging_mixin.py:188} INFO - [2026-06-15T19:16:57.874+0000] {dag.py:3089} INFO - Sync 1 DAGs
[2026-06-15T19:16:57.902+0000] {logging_mixin.py:188} INFO - [2026-06-15T19:16:57.902+0000] {dag.py:3947} INFO - Setting next_dagrun for example_task_group_decorator to 2026-06-14 00:00:00+00:00, run_after=2026-06-15 00:00:00+00:00
[2026-06-15T19:16:57.921+0000] {processor.py:183} INFO - Processing /home/airflow/.local/lib/python3.12/site-packages/airflow/example_dags/example_task_group_decorator.py took 0.120 seconds
[2026-06-15T19:17:28.100+0000] {processor.py:161} INFO - Started process (PID=693) to work on /home/airflow/.local/lib/python3.12/site-packages/airflow/example_dags/example_task_group_decorator.py
[2026-06-15T19:17:28.103+0000] {processor.py:830} INFO - Processing file /home/airflow/.local/lib/python3.12/site-packages/airflow/example_dags/example_task_group_decorator.py for tasks to queue
[2026-06-15T19:17:28.105+0000] {logging_mixin.py:188} INFO - [2026-06-15T19:17:28.105+0000] {dagbag.py:545} INFO - Filling up the DagBag from /home/airflow/.local/lib/python3.12/site-packages/airflow/example_dags/example_task_group_decorator.py
[2026-06-15T19:17:28.127+0000] {processor.py:840} INFO - DAG(s) 'example_task_group_decorator' retrieved from /home/airflow/.local/lib/python3.12/site-packages/airflow/example_dags/example_task_group_decorator.py
[2026-06-15T19:17:28.161+0000] {logging_mixin.py:188} INFO - [2026-06-15T19:17:28.161+0000] {dag.py:3089} INFO - Sync 1 DAGs
[2026-06-15T19:17:28.206+0000] {logging_mixin.py:188} INFO - [2026-06-15T19:17:28.206+0000] {dag.py:3947} INFO - Setting next_dagrun for example_task_group_decorator to 2026-06-14 00:00:00+00:00, run_after=2026-06-15 00:00:00+00:00
[2026-06-15T19:17:28.236+0000] {processor.py:183} INFO - Processing /home/airflow/.local/lib/python3.12/site-packages/airflow/example_dags/example_task_group_decorator.py took 0.146 seconds
[2026-06-15T19:17:58.370+0000] {processor.py:161} INFO - Started process (PID=750) to work on /home/airflow/.local/lib/python3.12/site-packages/airflow/example_dags/example_task_group_decorator.py
[2026-06-15T19:17:58.371+0000] {processor.py:830} INFO - Processing file /home/airflow/.local/lib/python3.12/site-packages/airflow/example_dags/example_task_group_decorator.py for tasks to queue
[2026-06-15T19:17:58.373+0000] {logging_mixin.py:188} INFO - [2026-06-15T19:17:58.372+0000] {dagbag.py:545} INFO - Filling up the DagBag from /home/airflow/.local/lib/python3.12/site-packages/airflow/example_dags/example_task_group_decorator.py
[2026-06-15T19:17:58.392+0000] {processor.py:840} INFO - DAG(s) 'example_task_group_decorator' retrieved from /home/airflow/.local/lib/python3.12/site-packages/airflow/example_dags/example_task_group_decorator.py
[2026-06-15T19:17:58.428+0000] {logging_mixin.py:188} INFO - [2026-06-15T19:17:58.427+0000] {dag.py:3089} INFO - Sync 1 DAGs
[2026-06-15T19:17:58.456+0000] {logging_mixin.py:188} INFO - [2026-06-15T19:17:58.456+0000] {dag.py:3947} INFO - Setting next_dagrun for example_task_group_decorator to 2026-06-14 00:00:00+00:00, run_after=2026-06-15 00:00:00+00:00
[2026-06-15T19:17:58.477+0000] {processor.py:183} INFO - Processing /home/airflow/.local/lib/python3.12/site-packages/airflow/example_dags/example_task_group_decorator.py took 0.114 seconds
[2026-06-15T19:18:28.531+0000] {processor.py:161} INFO - Started process (PID=808) to work on /home/airflow/.local/lib/python3.12/site-packages/airflow/example_dags/example_task_group_decorator.py
[2026-06-15T19:18:28.534+0000] {processor.py:830} INFO - Processing file /home/airflow/.local/lib/python3.12/site-packages/airflow/example_dags/example_task_group_decorator.py for tasks to queue
[2026-06-15T19:18:28.537+0000] {logging_mixin.py:188} INFO - [2026-06-15T19:18:28.537+0000] {dagbag.py:545} INFO - Filling up the DagBag from /home/airflow/.local/lib/python3.12/site-packages/airflow/example_dags/example_task_group_decorator.py
[2026-06-15T19:18:28.556+0000] {processor.py:840} INFO - DAG(s) 'example_task_group_decorator' retrieved from /home/airflow/.local/lib/python3.12/site-packages/airflow/example_dags/example_task_group_decorator.py
[2026-06-15T19:18:28.591+0000] {logging_mixin.py:188} INFO - [2026-06-15T19:18:28.590+0000] {dag.py:3089} INFO - Sync 1 DAGs
[2026-06-15T19:18:28.618+0000] {logging_mixin.py:188} INFO - [2026-06-15T19:18:28.618+0000] {dag.py:3947} INFO - Setting next_dagrun for example_task_group_decorator to 2026-06-14 00:00:00+00:00, run_after=2026-06-15 00:00:00+00:00
[2026-06-15T19:18:28.638+0000] {processor.py:183} INFO - Processing /home/airflow/.local/lib/python3.12/site-packages/airflow/example_dags/example_task_group_decorator.py took 0.121 seconds
[2026-06-15T19:18:58.900+0000] {processor.py:161} INFO - Started process (PID=866) to work on /home/airflow/.local/lib/python3.12/site-packages/airflow/example_dags/example_task_group_decorator.py
[2026-06-15T19:18:58.901+0000] {processor.py:830} INFO - Processing file /home/airflow/.local/lib/python3.12/site-packages/airflow/example_dags/example_task_group_decorator.py for tasks to queue
[2026-06-15T19:18:58.903+0000] {logging_mixin.py:188} INFO - [2026-06-15T19:18:58.902+0000] {dagbag.py:545} INFO - Filling up the DagBag from /home/airflow/.local/lib/python3.12/site-packages/airflow/example_dags/example_task_group_decorator.py
[2026-06-15T19:18:58.928+0000] {processor.py:840} INFO - DAG(s) 'example_task_group_decorator' retrieved from /home/airflow/.local/lib/python3.12/site-packages/airflow/example_dags/example_task_group_decorator.py
[2026-06-15T19:18:58.967+0000] {logging_mixin.py:188} INFO - [2026-06-15T19:18:58.966+0000] {dag.py:3089} INFO - Sync 1 DAGs
[2026-06-15T19:18:58.995+0000] {logging_mixin.py:188} INFO - [2026-06-15T19:18:58.995+0000] {dag.py:3947} INFO - Setting next_dagrun for example_task_group_decorator to 2026-06-14 00:00:00+00:00, run_after=2026-06-15 00:00:00+00:00
[2026-06-15T19:18:59.029+0000] {processor.py:183} INFO - Processing /home/airflow/.local/lib/python3.12/site-packages/airflow/example_dags/example_task_group_decorator.py took 0.136 seconds
[2026-06-15T19:19:29.933+0000] {processor.py:161} INFO - Started process (PID=924) to work on /home/airflow/.local/lib/python3.12/site-packages/airflow/example_dags/example_task_group_decorator.py
[2026-06-15T19:19:29.933+0000] {processor.py:830} INFO - Processing file /home/airflow/.local/lib/python3.12/site-packages/airflow/example_dags/example_task_group_decorator.py for tasks to queue
[2026-06-15T19:19:29.936+0000] {logging_mixin.py:188} INFO - [2026-06-15T19:19:29.935+0000] {dagbag.py:545} INFO - Filling up the DagBag from /home/airflow/.local/lib/python3.12/site-packages/airflow/example_dags/example_task_group_decorator.py
[2026-06-15T19:19:29.955+0000] {processor.py:840} INFO - DAG(s) 'example_task_group_decorator' retrieved from /home/airflow/.local/lib/python3.12/site-packages/airflow/example_dags/example_task_group_decorator.py
[2026-06-15T19:19:29.991+0000] {logging_mixin.py:188} INFO - [2026-06-15T19:19:29.991+0000] {dag.py:3089} INFO - Sync 1 DAGs
[2026-06-15T19:19:30.021+0000] {logging_mixin.py:188} INFO - [2026-06-15T19:19:30.020+0000] {dag.py:3947} INFO - Setting next_dagrun for example_task_group_decorator to 2026-06-14 00:00:00+00:00, run_after=2026-06-15 00:00:00+00:00
[2026-06-15T19:19:30.042+0000] {processor.py:183} INFO - Processing /home/airflow/.local/lib/python3.12/site-packages/airflow/example_dags/example_task_group_decorator.py took 0.116 seconds
[2026-06-15T19:20:00.141+0000] {processor.py:161} INFO - Started process (PID=981) to work on /home/airflow/.local/lib/python3.12/site-packages/airflow/example_dags/example_task_group_decorator.py
[2026-06-15T19:20:00.142+0000] {processor.py:830} INFO - Processing file /home/airflow/.local/lib/python3.12/site-packages/airflow/example_dags/example_task_group_decorator.py for tasks to queue
[2026-06-15T19:20:00.155+0000] {logging_mixin.py:188} INFO - [2026-06-15T19:20:00.154+0000] {dagbag.py:545} INFO - Filling up the DagBag from /home/airflow/.local/lib/python3.12/site-packages/airflow/example_dags/example_task_group_decorator.py
[2026-06-15T19:20:00.232+0000] {processor.py:840} INFO - DAG(s) 'example_task_group_decorator' retrieved from /home/airflow/.local/lib/python3.12/site-packages/airflow/example_dags/example_task_group_decorator.py
[2026-06-15T19:20:00.306+0000] {logging_mixin.py:188} INFO - [2026-06-15T19:20:00.305+0000] {dag.py:3089} INFO - Sync 1 DAGs
[2026-06-15T19:20:00.368+0000] {logging_mixin.py:188} INFO - [2026-06-15T19:20:00.365+0000] {dag.py:3947} INFO - Setting next_dagrun for example_task_group_decorator to 2026-06-14 00:00:00+00:00, run_after=2026-06-15 00:00:00+00:00
[2026-06-15T19:20:00.460+0000] {processor.py:183} INFO - Processing /home/airflow/.local/lib/python3.12/site-packages/airflow/example_dags/example_task_group_decorator.py took 0.339 seconds
[2026-06-15T19:20:31.297+0000] {processor.py:161} INFO - Started process (PID=1039) to work on /home/airflow/.local/lib/python3.12/site-packages/airflow/example_dags/example_task_group_decorator.py
[2026-06-15T19:20:31.302+0000] {processor.py:830} INFO - Processing file /home/airflow/.local/lib/python3.12/site-packages/airflow/example_dags/example_task_group_decorator.py for tasks to queue
[2026-06-15T19:20:31.308+0000] {logging_mixin.py:188} INFO - [2026-06-15T19:20:31.304+0000] {dagbag.py:545} INFO - Filling up the DagBag from /home/airflow/.local/lib/python3.12/site-packages/airflow/example_dags/example_task_group_decorator.py
[2026-06-15T19:20:31.349+0000] {processor.py:840} INFO - DAG(s) 'example_task_group_decorator' retrieved from /home/airflow/.local/lib/python3.12/site-packages/airflow/example_dags/example_task_group_decorator.py
[2026-06-15T19:20:31.440+0000] {logging_mixin.py:188} INFO - [2026-06-15T19:20:31.440+0000] {dag.py:3089} INFO - Sync 1 DAGs
[2026-06-15T19:20:31.496+0000] {logging_mixin.py:188} INFO - [2026-06-15T19:20:31.496+0000] {dag.py:3947} INFO - Setting next_dagrun for example_task_group_decorator to 2026-06-14 00:00:00+00:00, run_after=2026-06-15 00:00:00+00:00
[2026-06-15T19:20:31.532+0000] {processor.py:183} INFO - Processing /home/airflow/.local/lib/python3.12/site-packages/airflow/example_dags/example_task_group_decorator.py took 0.251 seconds
[2026-06-15T19:21:02.511+0000] {processor.py:161} INFO - Started process (PID=1097) to work on /home/airflow/.local/lib/python3.12/site-packages/airflow/example_dags/example_task_group_decorator.py
[2026-06-15T19:21:02.512+0000] {processor.py:830} INFO - Processing file /home/airflow/.local/lib/python3.12/site-packages/airflow/example_dags/example_task_group_decorator.py for tasks to queue
[2026-06-15T19:21:02.514+0000] {logging_mixin.py:188} INFO - [2026-06-15T19:21:02.514+0000] {dagbag.py:545} INFO - Filling up the DagBag from /home/airflow/.local/lib/python3.12/site-packages/airflow/example_dags/example_task_group_decorator.py
[2026-06-15T19:21:02.534+0000] {processor.py:840} INFO - DAG(s) 'example_task_group_decorator' retrieved from /home/airflow/.local/lib/python3.12/site-packages/airflow/example_dags/example_task_group_decorator.py
[2026-06-15T19:21:02.569+0000] {logging_mixin.py:188} INFO - [2026-06-15T19:21:02.569+0000] {dag.py:3089} INFO - Sync 1 DAGs
[2026-06-15T19:21:02.596+0000] {logging_mixin.py:188} INFO - [2026-06-15T19:21:02.596+0000] {dag.py:3947} INFO - Setting next_dagrun for example_task_group_decorator to 2026-06-14 00:00:00+00:00, run_after=2026-06-15 00:00:00+00:00
[2026-06-15T19:21:02.617+0000] {processor.py:183} INFO - Processing /home/airflow/.local/lib/python3.12/site-packages/airflow/example_dags/example_task_group_decorator.py took 0.112 seconds
[2026-06-15T19:21:32.729+0000] {processor.py:161} INFO - Started process (PID=1155) to work on /home/airflow/.local/lib/python3.12/site-packages/airflow/example_dags/example_task_group_decorator.py
[2026-06-15T19:21:32.729+0000] {processor.py:830} INFO - Processing file /home/airflow/.local/lib/python3.12/site-packages/airflow/example_dags/example_task_group_decorator.py for tasks to queue
[2026-06-15T19:21:32.731+0000] {logging_mixin.py:188} INFO - [2026-06-15T19:21:32.731+0000] {dagbag.py:545} INFO - Filling up the DagBag from /home/airflow/.local/lib/python3.12/site-packages/airflow/example_dags/example_task_group_decorator.py
[2026-06-15T19:21:32.751+0000] {processor.py:840} INFO - DAG(s) 'example_task_group_decorator' retrieved from /home/airflow/.local/lib/python3.12/site-packages/airflow/example_dags/example_task_group_decorator.py
[2026-06-15T19:21:32.806+0000] {logging_mixin.py:188} INFO - [2026-06-15T19:21:32.806+0000] {dag.py:3089} INFO - Sync 1 DAGs
[2026-06-15T19:21:32.835+0000] {logging_mixin.py:188} INFO - [2026-06-15T19:21:32.835+0000] {dag.py:3947} INFO - Setting next_dagrun for example_task_group_decorator to 2026-06-14 00:00:00+00:00, run_after=2026-06-15 00:00:00+00:00
[2026-06-15T19:21:32.854+0000] {processor.py:183} INFO - Processing /home/airflow/.local/lib/python3.12/site-packages/airflow/example_dags/example_task_group_decorator.py took 0.132 seconds
[2026-06-15T19:22:03.823+0000] {processor.py:161} INFO - Started process (PID=1213) to work on /home/airflow/.local/lib/python3.12/site-packages/airflow/example_dags/example_task_group_decorator.py
[2026-06-15T19:22:03.824+0000] {processor.py:830} INFO - Processing file /home/airflow/.local/lib/python3.12/site-packages/airflow/example_dags/example_task_group_decorator.py for tasks to queue
[2026-06-15T19:22:03.826+0000] {logging_mixin.py:188} INFO - [2026-06-15T19:22:03.825+0000] {dagbag.py:545} INFO - Filling up the DagBag from /home/airflow/.local/lib/python3.12/site-packages/airflow/example_dags/example_task_group_decorator.py
[2026-06-15T19:22:03.845+0000] {processor.py:840} INFO - DAG(s) 'example_task_group_decorator' retrieved from /home/airflow/.local/lib/python3.12/site-packages/airflow/example_dags/example_task_group_decorator.py
[2026-06-15T19:22:03.910+0000] {logging_mixin.py:188} INFO - [2026-06-15T19:22:03.910+0000] {dag.py:3089} INFO - Sync 1 DAGs
[2026-06-15T19:22:03.950+0000] {logging_mixin.py:188} INFO - [2026-06-15T19:22:03.950+0000] {dag.py:3947} INFO - Setting next_dagrun for example_task_group_decorator to 2026-06-14 00:00:00+00:00, run_after=2026-06-15 00:00:00+00:00
[2026-06-15T19:22:03.976+0000] {processor.py:183} INFO - Processing /home/airflow/.local/lib/python3.12/site-packages/airflow/example_dags/example_task_group_decorator.py took 0.167 seconds
[2026-06-15T19:22:34.042+0000] {processor.py:161} INFO - Started process (PID=1271) to work on /home/airflow/.local/lib/python3.12/site-packages/airflow/example_dags/example_task_group_decorator.py
[2026-06-15T19:22:34.043+0000] {processor.py:830} INFO - Processing file /home/airflow/.local/lib/python3.12/site-packages/airflow/example_dags/example_task_group_decorator.py for tasks to queue
[2026-06-15T19:22:34.045+0000] {logging_mixin.py:188} INFO - [2026-06-15T19:22:34.045+0000] {dagbag.py:545} INFO - Filling up the DagBag from /home/airflow/.local/lib/python3.12/site-packages/airflow/example_dags/example_task_group_decorator.py
[2026-06-15T19:22:34.064+0000] {processor.py:840} INFO - DAG(s) 'example_task_group_decorator' retrieved from /home/airflow/.local/lib/python3.12/site-packages/airflow/example_dags/example_task_group_decorator.py
[2026-06-15T19:22:34.098+0000] {logging_mixin.py:188} INFO - [2026-06-15T19:22:34.098+0000] {dag.py:3089} INFO - Sync 1 DAGs
[2026-06-15T19:22:34.125+0000] {logging_mixin.py:188} INFO - [2026-06-15T19:22:34.125+0000] {dag.py:3947} INFO - Setting next_dagrun for example_task_group_decorator to 2026-06-14 00:00:00+00:00, run_after=2026-06-15 00:00:00+00:00
[2026-06-15T19:22:34.147+0000] {processor.py:183} INFO - Processing /home/airflow/.local/lib/python3.12/site-packages/airflow/example_dags/example_task_group_decorator.py took 0.112 seconds
[2026-06-15T19:23:04.758+0000] {processor.py:161} INFO - Started process (PID=1329) to work on /home/airflow/.local/lib/python3.12/site-packages/airflow/example_dags/example_task_group_decorator.py
[2026-06-15T19:23:04.762+0000] {processor.py:830} INFO - Processing file /home/airflow/.local/lib/python3.12/site-packages/airflow/example_dags/example_task_group_decorator.py for tasks to queue
[2026-06-15T19:23:04.766+0000] {logging_mixin.py:188} INFO - [2026-06-15T19:23:04.766+0000] {dagbag.py:545} INFO - Filling up the DagBag from /home/airflow/.local/lib/python3.12/site-packages/airflow/example_dags/example_task_group_decorator.py
[2026-06-15T19:23:04.809+0000] {processor.py:840} INFO - DAG(s) 'example_task_group_decorator' retrieved from /home/airflow/.local/lib/python3.12/site-packages/airflow/example_dags/example_task_group_decorator.py
[2026-06-15T19:23:04.857+0000] {logging_mixin.py:188} INFO - [2026-06-15T19:23:04.857+0000] {dag.py:3089} INFO - Sync 1 DAGs
[2026-06-15T19:23:04.902+0000] {logging_mixin.py:188} INFO - [2026-06-15T19:23:04.901+0000] {dag.py:3947} INFO - Setting next_dagrun for example_task_group_decorator to 2026-06-14 00:00:00+00:00, run_after=2026-06-15 00:00:00+00:00
[2026-06-15T19:23:04.924+0000] {processor.py:183} INFO - Processing /home/airflow/.local/lib/python3.12/site-packages/airflow/example_dags/example_task_group_decorator.py took 0.185 seconds
[2026-06-15T19:23:35.802+0000] {processor.py:161} INFO - Started process (PID=1393) to work on /home/airflow/.local/lib/python3.12/site-packages/airflow/example_dags/example_task_group_decorator.py
[2026-06-15T19:23:35.804+0000] {processor.py:830} INFO - Processing file /home/airflow/.local/lib/python3.12/site-packages/airflow/example_dags/example_task_group_decorator.py for tasks to queue
[2026-06-15T19:23:35.806+0000] {logging_mixin.py:188} INFO - [2026-06-15T19:23:35.806+0000] {dagbag.py:545} INFO - Filling up the DagBag from /home/airflow/.local/lib/python3.12/site-packages/airflow/example_dags/example_task_group_decorator.py
[2026-06-15T19:23:35.826+0000] {processor.py:840} INFO - DAG(s) 'example_task_group_decorator' retrieved from /home/airflow/.local/lib/python3.12/site-packages/airflow/example_dags/example_task_group_decorator.py
[2026-06-15T19:23:35.863+0000] {logging_mixin.py:188} INFO - [2026-06-15T19:23:35.862+0000] {dag.py:3089} INFO - Sync 1 DAGs
[2026-06-15T19:23:35.891+0000] {logging_mixin.py:188} INFO - [2026-06-15T19:23:35.891+0000] {dag.py:3947} INFO - Setting next_dagrun for example_task_group_decorator to 2026-06-14 00:00:00+00:00, run_after=2026-06-15 00:00:00+00:00
[2026-06-15T19:23:35.911+0000] {processor.py:183} INFO - Processing /home/airflow/.local/lib/python3.12/site-packages/airflow/example_dags/example_task_group_decorator.py took 0.116 seconds
[2026-06-15T19:24:06.374+0000] {processor.py:161} INFO - Started process (PID=1451) to work on /home/airflow/.local/lib/python3.12/site-packages/airflow/example_dags/example_task_group_decorator.py
[2026-06-15T19:24:06.375+0000] {processor.py:830} INFO - Processing file /home/airflow/.local/lib/python3.12/site-packages/airflow/example_dags/example_task_group_decorator.py for tasks to queue
[2026-06-15T19:24:06.377+0000] {logging_mixin.py:188} INFO - [2026-06-15T19:24:06.377+0000] {dagbag.py:545} INFO - Filling up the DagBag from /home/airflow/.local/lib/python3.12/site-packages/airflow/example_dags/example_task_group_decorator.py
[2026-06-15T19:24:06.402+0000] {processor.py:840} INFO - DAG(s) 'example_task_group_decorator' retrieved from /home/airflow/.local/lib/python3.12/site-packages/airflow/example_dags/example_task_group_decorator.py
[2026-06-15T19:24:06.445+0000] {logging_mixin.py:188} INFO - [2026-06-15T19:24:06.445+0000] {dag.py:3089} INFO - Sync 1 DAGs
[2026-06-15T19:24:06.491+0000] {logging_mixin.py:188} INFO - [2026-06-15T19:24:06.491+0000] {dag.py:3947} INFO - Setting next_dagrun for example_task_group_decorator to 2026-06-14 00:00:00+00:00, run_after=2026-06-15 00:00:00+00:00
[2026-06-15T19:24:06.517+0000] {processor.py:183} INFO - Processing /home/airflow/.local/lib/python3.12/site-packages/airflow/example_dags/example_task_group_decorator.py took 0.149 seconds
[2026-06-15T19:24:36.846+0000] {processor.py:161} INFO - Started process (PID=1509) to work on /home/airflow/.local/lib/python3.12/site-packages/airflow/example_dags/example_task_group_decorator.py
[2026-06-15T19:24:36.847+0000] {processor.py:830} INFO - Processing file /home/airflow/.local/lib/python3.12/site-packages/airflow/example_dags/example_task_group_decorator.py for tasks to queue
[2026-06-15T19:24:36.849+0000] {logging_mixin.py:188} INFO - [2026-06-15T19:24:36.848+0000] {dagbag.py:545} INFO - Filling up the DagBag from /home/airflow/.local/lib/python3.12/site-packages/airflow/example_dags/example_task_group_decorator.py
[2026-06-15T19:24:36.868+0000] {processor.py:840} INFO - DAG(s) 'example_task_group_decorator' retrieved from /home/airflow/.local/lib/python3.12/site-packages/airflow/example_dags/example_task_group_decorator.py
[2026-06-15T19:24:36.902+0000] {logging_mixin.py:188} INFO - [2026-06-15T19:24:36.902+0000] {dag.py:3089} INFO - Sync 1 DAGs
[2026-06-15T19:24:36.930+0000] {logging_mixin.py:188} INFO - [2026-06-15T19:24:36.930+0000] {dag.py:3947} INFO - Setting next_dagrun for example_task_group_decorator to 2026-06-14 00:00:00+00:00, run_after=2026-06-15 00:00:00+00:00
[2026-06-15T19:24:36.950+0000] {processor.py:183} INFO - Processing /home/airflow/.local/lib/python3.12/site-packages/airflow/example_dags/example_task_group_decorator.py took 0.111 seconds
[2026-06-15T19:25:07.141+0000] {processor.py:161} INFO - Started process (PID=1566) to work on /home/airflow/.local/lib/python3.12/site-packages/airflow/example_dags/example_task_group_decorator.py
[2026-06-15T19:25:07.152+0000] {processor.py:830} INFO - Processing file /home/airflow/.local/lib/python3.12/site-packages/airflow/example_dags/example_task_group_decorator.py for tasks to queue
[2026-06-15T19:25:07.162+0000] {logging_mixin.py:188} INFO - [2026-06-15T19:25:07.162+0000] {dagbag.py:545} INFO - Filling up the DagBag from /home/airflow/.local/lib/python3.12/site-packages/airflow/example_dags/example_task_group_decorator.py
[2026-06-15T19:25:07.304+0000] {processor.py:840} INFO - DAG(s) 'example_task_group_decorator' retrieved from /home/airflow/.local/lib/python3.12/site-packages/airflow/example_dags/example_task_group_decorator.py
[2026-06-15T19:25:07.391+0000] {logging_mixin.py:188} INFO - [2026-06-15T19:25:07.390+0000] {dag.py:3089} INFO - Sync 1 DAGs
[2026-06-15T19:25:07.482+0000] {logging_mixin.py:188} INFO - [2026-06-15T19:25:07.473+0000] {dag.py:3947} INFO - Setting next_dagrun for example_task_group_decorator to 2026-06-14 00:00:00+00:00, run_after=2026-06-15 00:00:00+00:00
[2026-06-15T19:25:07.552+0000] {processor.py:183} INFO - Processing /home/airflow/.local/lib/python3.12/site-packages/airflow/example_dags/example_task_group_decorator.py took 0.478 seconds
[2026-06-15T19:25:38.152+0000] {processor.py:161} INFO - Started process (PID=1624) to work on /home/airflow/.local/lib/python3.12/site-packages/airflow/example_dags/example_task_group_decorator.py
[2026-06-15T19:25:38.155+0000] {processor.py:830} INFO - Processing file /home/airflow/.local/lib/python3.12/site-packages/airflow/example_dags/example_task_group_decorator.py for tasks to queue
[2026-06-15T19:25:38.159+0000] {logging_mixin.py:188} INFO - [2026-06-15T19:25:38.157+0000] {dagbag.py:545} INFO - Filling up the DagBag from /home/airflow/.local/lib/python3.12/site-packages/airflow/example_dags/example_task_group_decorator.py
[2026-06-15T19:25:38.178+0000] {processor.py:840} INFO - DAG(s) 'example_task_group_decorator' retrieved from /home/airflow/.local/lib/python3.12/site-packages/airflow/example_dags/example_task_group_decorator.py
[2026-06-15T19:25:38.211+0000] {logging_mixin.py:188} INFO - [2026-06-15T19:25:38.211+0000] {dag.py:3089} INFO - Sync 1 DAGs
[2026-06-15T19:25:38.240+0000] {logging_mixin.py:188} INFO - [2026-06-15T19:25:38.239+0000] {dag.py:3947} INFO - Setting next_dagrun for example_task_group_decorator to 2026-06-14 00:00:00+00:00, run_after=2026-06-15 00:00:00+00:00
[2026-06-15T19:25:38.264+0000] {processor.py:183} INFO - Processing /home/airflow/.local/lib/python3.12/site-packages/airflow/example_dags/example_task_group_decorator.py took 0.119 seconds
[2026-06-15T19:26:08.395+0000] {processor.py:161} INFO - Started process (PID=1682) to work on /home/airflow/.local/lib/python3.12/site-packages/airflow/example_dags/example_task_group_decorator.py
[2026-06-15T19:26:08.396+0000] {processor.py:830} INFO - Processing file /home/airflow/.local/lib/python3.12/site-packages/airflow/example_dags/example_task_group_decorator.py for tasks to queue
[2026-06-15T19:26:08.398+0000] {logging_mixin.py:188} INFO - [2026-06-15T19:26:08.398+0000] {dagbag.py:545} INFO - Filling up the DagBag from /home/airflow/.local/lib/python3.12/site-packages/airflow/example_dags/example_task_group_decorator.py
[2026-06-15T19:26:08.424+0000] {processor.py:840} INFO - DAG(s) 'example_task_group_decorator' retrieved from /home/airflow/.local/lib/python3.12/site-packages/airflow/example_dags/example_task_group_decorator.py
[2026-06-15T19:26:08.471+0000] {logging_mixin.py:188} INFO - [2026-06-15T19:26:08.471+0000] {dag.py:3089} INFO - Sync 1 DAGs
[2026-06-15T19:26:08.514+0000] {logging_mixin.py:188} INFO - [2026-06-15T19:26:08.514+0000] {dag.py:3947} INFO - Setting next_dagrun for example_task_group_decorator to 2026-06-14 00:00:00+00:00, run_after=2026-06-15 00:00:00+00:00
[2026-06-15T19:26:08.572+0000] {processor.py:183} INFO - Processing /home/airflow/.local/lib/python3.12/site-packages/airflow/example_dags/example_task_group_decorator.py took 0.190 seconds
[2026-06-15T19:26:39.025+0000] {processor.py:161} INFO - Started process (PID=1740) to work on /home/airflow/.local/lib/python3.12/site-packages/airflow/example_dags/example_task_group_decorator.py
[2026-06-15T19:26:39.028+0000] {processor.py:830} INFO - Processing file /home/airflow/.local/lib/python3.12/site-packages/airflow/example_dags/example_task_group_decorator.py for tasks to queue
[2026-06-15T19:26:39.033+0000] {logging_mixin.py:188} INFO - [2026-06-15T19:26:39.032+0000] {dagbag.py:545} INFO - Filling up the DagBag from /home/airflow/.local/lib/python3.12/site-packages/airflow/example_dags/example_task_group_decorator.py
[2026-06-15T19:26:39.053+0000] {processor.py:840} INFO - DAG(s) 'example_task_group_decorator' retrieved from /home/airflow/.local/lib/python3.12/site-packages/airflow/example_dags/example_task_group_decorator.py
[2026-06-15T19:26:39.086+0000] {logging_mixin.py:188} INFO - [2026-06-15T19:26:39.086+0000] {dag.py:3089} INFO - Sync 1 DAGs
[2026-06-15T19:26:39.146+0000] {logging_mixin.py:188} INFO - [2026-06-15T19:26:39.146+0000] {dag.py:3947} INFO - Setting next_dagrun for example_task_group_decorator to 2026-06-14 00:00:00+00:00, run_after=2026-06-15 00:00:00+00:00
[2026-06-15T19:26:39.178+0000] {processor.py:183} INFO - Processing /home/airflow/.local/lib/python3.12/site-packages/airflow/example_dags/example_task_group_decorator.py took 0.159 seconds
[2026-06-15T19:27:09.667+0000] {processor.py:161} INFO - Started process (PID=1798) to work on /home/airflow/.local/lib/python3.12/site-packages/airflow/example_dags/example_task_group_decorator.py
[2026-06-15T19:27:09.668+0000] {processor.py:830} INFO - Processing file /home/airflow/.local/lib/python3.12/site-packages/airflow/example_dags/example_task_group_decorator.py for tasks to queue
[2026-06-15T19:27:09.670+0000] {logging_mixin.py:188} INFO - [2026-06-15T19:27:09.670+0000] {dagbag.py:545} INFO - Filling up the DagBag from /home/airflow/.local/lib/python3.12/site-packages/airflow/example_dags/example_task_group_decorator.py
[2026-06-15T19:27:09.691+0000] {processor.py:840} INFO - DAG(s) 'example_task_group_decorator' retrieved from /home/airflow/.local/lib/python3.12/site-packages/airflow/example_dags/example_task_group_decorator.py
[2026-06-15T19:27:10.032+0000] {logging_mixin.py:188} INFO - [2026-06-15T19:27:10.032+0000] {dag.py:3089} INFO - Sync 1 DAGs
[2026-06-15T19:27:10.069+0000] {logging_mixin.py:188} INFO - [2026-06-15T19:27:10.069+0000] {dag.py:3947} INFO - Setting next_dagrun for example_task_group_decorator to 2026-06-14 00:00:00+00:00, run_after=2026-06-15 00:00:00+00:00
[2026-06-15T19:27:10.095+0000] {processor.py:183} INFO - Processing /home/airflow/.local/lib/python3.12/site-packages/airflow/example_dags/example_task_group_decorator.py took 0.435 seconds
[2026-06-15T19:27:40.342+0000] {processor.py:161} INFO - Started process (PID=1856) to work on /home/airflow/.local/lib/python3.12/site-packages/airflow/example_dags/example_task_group_decorator.py
[2026-06-15T19:27:40.343+0000] {processor.py:830} INFO - Processing file /home/airflow/.local/lib/python3.12/site-packages/airflow/example_dags/example_task_group_decorator.py for tasks to queue
[2026-06-15T19:27:40.345+0000] {logging_mixin.py:188} INFO - [2026-06-15T19:27:40.345+0000] {dagbag.py:545} INFO - Filling up the DagBag from /home/airflow/.local/lib/python3.12/site-packages/airflow/example_dags/example_task_group_decorator.py
[2026-06-15T19:27:40.371+0000] {processor.py:840} INFO - DAG(s) 'example_task_group_decorator' retrieved from /home/airflow/.local/lib/python3.12/site-packages/airflow/example_dags/example_task_group_decorator.py
[2026-06-15T19:27:40.575+0000] {logging_mixin.py:188} INFO - [2026-06-15T19:27:40.575+0000] {dag.py:3089} INFO - Sync 1 DAGs
[2026-06-15T19:27:40.598+0000] {logging_mixin.py:188} INFO - [2026-06-15T19:27:40.598+0000] {dag.py:3947} INFO - Setting next_dagrun for example_task_group_decorator to 2026-06-14 00:00:00+00:00, run_after=2026-06-15 00:00:00+00:00
[2026-06-15T19:27:40.630+0000] {processor.py:183} INFO - Processing /home/airflow/.local/lib/python3.12/site-packages/airflow/example_dags/example_task_group_decorator.py took 0.294 seconds
[2026-06-15T19:28:10.794+0000] {processor.py:161} INFO - Started process (PID=1914) to work on /home/airflow/.local/lib/python3.12/site-packages/airflow/example_dags/example_task_group_decorator.py
[2026-06-15T19:28:10.796+0000] {processor.py:830} INFO - Processing file /home/airflow/.local/lib/python3.12/site-packages/airflow/example_dags/example_task_group_decorator.py for tasks to queue
[2026-06-15T19:28:10.798+0000] {logging_mixin.py:188} INFO - [2026-06-15T19:28:10.798+0000] {dagbag.py:545} INFO - Filling up the DagBag from /home/airflow/.local/lib/python3.12/site-packages/airflow/example_dags/example_task_group_decorator.py
[2026-06-15T19:28:10.820+0000] {processor.py:840} INFO - DAG(s) 'example_task_group_decorator' retrieved from /home/airflow/.local/lib/python3.12/site-packages/airflow/example_dags/example_task_group_decorator.py
[2026-06-15T19:28:10.858+0000] {logging_mixin.py:188} INFO - [2026-06-15T19:28:10.858+0000] {dag.py:3089} INFO - Sync 1 DAGs
[2026-06-15T19:28:10.888+0000] {logging_mixin.py:188} INFO - [2026-06-15T19:28:10.888+0000] {dag.py:3947} INFO - Setting next_dagrun for example_task_group_decorator to 2026-06-14 00:00:00+00:00, run_after=2026-06-15 00:00:00+00:00
[2026-06-15T19:28:10.909+0000] {processor.py:183} INFO - Processing /home/airflow/.local/lib/python3.12/site-packages/airflow/example_dags/example_task_group_decorator.py took 0.121 seconds
[2026-06-15T19:28:41.279+0000] {processor.py:161} INFO - Started process (PID=1971) to work on /home/airflow/.local/lib/python3.12/site-packages/airflow/example_dags/example_task_group_decorator.py
[2026-06-15T19:28:41.281+0000] {processor.py:830} INFO - Processing file /home/airflow/.local/lib/python3.12/site-packages/airflow/example_dags/example_task_group_decorator.py for tasks to queue
[2026-06-15T19:28:41.283+0000] {logging_mixin.py:188} INFO - [2026-06-15T19:28:41.283+0000] {dagbag.py:545} INFO - Filling up the DagBag from /home/airflow/.local/lib/python3.12/site-packages/airflow/example_dags/example_task_group_decorator.py
[2026-06-15T19:28:41.302+0000] {processor.py:840} INFO - DAG(s) 'example_task_group_decorator' retrieved from /home/airflow/.local/lib/python3.12/site-packages/airflow/example_dags/example_task_group_decorator.py
[2026-06-15T19:28:41.336+0000] {logging_mixin.py:188} INFO - [2026-06-15T19:28:41.335+0000] {dag.py:3089} INFO - Sync 1 DAGs
[2026-06-15T19:28:41.364+0000] {logging_mixin.py:188} INFO - [2026-06-15T19:28:41.364+0000] {dag.py:3947} INFO - Setting next_dagrun for example_task_group_decorator to 2026-06-14 00:00:00+00:00, run_after=2026-06-15 00:00:00+00:00
[2026-06-15T19:28:41.383+0000] {processor.py:183} INFO - Processing /home/airflow/.local/lib/python3.12/site-packages/airflow/example_dags/example_task_group_decorator.py took 0.111 seconds
[2026-06-15T19:29:11.495+0000] {processor.py:161} INFO - Started process (PID=2029) to work on /home/airflow/.local/lib/python3.12/site-packages/airflow/example_dags/example_task_group_decorator.py
[2026-06-15T19:29:11.496+0000] {processor.py:830} INFO - Processing file /home/airflow/.local/lib/python3.12/site-packages/airflow/example_dags/example_task_group_decorator.py for tasks to queue
[2026-06-15T19:29:11.499+0000] {logging_mixin.py:188} INFO - [2026-06-15T19:29:11.498+0000] {dagbag.py:545} INFO - Filling up the DagBag from /home/airflow/.local/lib/python3.12/site-packages/airflow/example_dags/example_task_group_decorator.py
[2026-06-15T19:29:11.519+0000] {processor.py:840} INFO - DAG(s) 'example_task_group_decorator' retrieved from /home/airflow/.local/lib/python3.12/site-packages/airflow/example_dags/example_task_group_decorator.py
[2026-06-15T19:29:11.553+0000] {logging_mixin.py:188} INFO - [2026-06-15T19:29:11.553+0000] {dag.py:3089} INFO - Sync 1 DAGs
[2026-06-15T19:29:11.594+0000] {logging_mixin.py:188} INFO - [2026-06-15T19:29:11.593+0000] {dag.py:3947} INFO - Setting next_dagrun for example_task_group_decorator to 2026-06-14 00:00:00+00:00, run_after=2026-06-15 00:00:00+00:00
[2026-06-15T19:29:11.620+0000] {processor.py:183} INFO - Processing /home/airflow/.local/lib/python3.12/site-packages/airflow/example_dags/example_task_group_decorator.py took 0.131 seconds
[2026-06-15T19:29:41.901+0000] {processor.py:161} INFO - Started process (PID=2087) to work on /home/airflow/.local/lib/python3.12/site-packages/airflow/example_dags/example_task_group_decorator.py
[2026-06-15T19:29:41.902+0000] {processor.py:830} INFO - Processing file /home/airflow/.local/lib/python3.12/site-packages/airflow/example_dags/example_task_group_decorator.py for tasks to queue
[2026-06-15T19:29:41.904+0000] {logging_mixin.py:188} INFO - [2026-06-15T19:29:41.904+0000] {dagbag.py:545} INFO - Filling up the DagBag from /home/airflow/.local/lib/python3.12/site-packages/airflow/example_dags/example_task_group_decorator.py
[2026-06-15T19:29:41.923+0000] {processor.py:840} INFO - DAG(s) 'example_task_group_decorator' retrieved from /home/airflow/.local/lib/python3.12/site-packages/airflow/example_dags/example_task_group_decorator.py
[2026-06-15T19:29:41.955+0000] {logging_mixin.py:188} INFO - [2026-06-15T19:29:41.955+0000] {dag.py:3089} INFO - Sync 1 DAGs
[2026-06-15T19:29:41.983+0000] {logging_mixin.py:188} INFO - [2026-06-15T19:29:41.983+0000] {dag.py:3947} INFO - Setting next_dagrun for example_task_group_decorator to 2026-06-14 00:00:00+00:00, run_after=2026-06-15 00:00:00+00:00
[2026-06-15T19:29:42.002+0000] {processor.py:183} INFO - Processing /home/airflow/.local/lib/python3.12/site-packages/airflow/example_dags/example_task_group_decorator.py took 0.108 seconds
[2026-06-15T19:30:12.076+0000] {processor.py:161} INFO - Started process (PID=2145) to work on /home/airflow/.local/lib/python3.12/site-packages/airflow/example_dags/example_task_group_decorator.py
[2026-06-15T19:30:12.081+0000] {processor.py:830} INFO - Processing file /home/airflow/.local/lib/python3.12/site-packages/airflow/example_dags/example_task_group_decorator.py for tasks to queue
[2026-06-15T19:30:12.085+0000] {logging_mixin.py:188} INFO - [2026-06-15T19:30:12.084+0000] {dagbag.py:545} INFO - Filling up the DagBag from /home/airflow/.local/lib/python3.12/site-packages/airflow/example_dags/example_task_group_decorator.py
[2026-06-15T19:30:12.155+0000] {processor.py:840} INFO - DAG(s) 'example_task_group_decorator' retrieved from /home/airflow/.local/lib/python3.12/site-packages/airflow/example_dags/example_task_group_decorator.py
[2026-06-15T19:30:12.258+0000] {logging_mixin.py:188} INFO - [2026-06-15T19:30:12.258+0000] {dag.py:3089} INFO - Sync 1 DAGs
[2026-06-15T19:30:12.327+0000] {logging_mixin.py:188} INFO - [2026-06-15T19:30:12.327+0000] {dag.py:3947} INFO - Setting next_dagrun for example_task_group_decorator to 2026-06-14 00:00:00+00:00, run_after=2026-06-15 00:00:00+00:00
[2026-06-15T19:30:12.390+0000] {processor.py:183} INFO - Processing /home/airflow/.local/lib/python3.12/site-packages/airflow/example_dags/example_task_group_decorator.py took 0.329 seconds
[2026-06-15T19:30:42.617+0000] {processor.py:161} INFO - Started process (PID=2203) to work on /home/airflow/.local/lib/python3.12/site-packages/airflow/example_dags/example_task_group_decorator.py
[2026-06-15T19:30:42.622+0000] {processor.py:830} INFO - Processing file /home/airflow/.local/lib/python3.12/site-packages/airflow/example_dags/example_task_group_decorator.py for tasks to queue
[2026-06-15T19:30:42.626+0000] {logging_mixin.py:188} INFO - [2026-06-15T19:30:42.626+0000] {dagbag.py:545} INFO - Filling up the DagBag from /home/airflow/.local/lib/python3.12/site-packages/airflow/example_dags/example_task_group_decorator.py
[2026-06-15T19:30:42.667+0000] {processor.py:840} INFO - DAG(s) 'example_task_group_decorator' retrieved from /home/airflow/.local/lib/python3.12/site-packages/airflow/example_dags/example_task_group_decorator.py
[2026-06-15T19:30:42.733+0000] {logging_mixin.py:188} INFO - [2026-06-15T19:30:42.733+0000] {dag.py:3089} INFO - Sync 1 DAGs
[2026-06-15T19:30:42.783+0000] {logging_mixin.py:188} INFO - [2026-06-15T19:30:42.783+0000] {dag.py:3947} INFO - Setting next_dagrun for example_task_group_decorator to 2026-06-14 00:00:00+00:00, run_after=2026-06-15 00:00:00+00:00
[2026-06-15T19:30:42.830+0000] {processor.py:183} INFO - Processing /home/airflow/.local/lib/python3.12/site-packages/airflow/example_dags/example_task_group_decorator.py took 0.228 seconds
[2026-06-15T19:31:13.364+0000] {processor.py:161} INFO - Started process (PID=2261) to work on /home/airflow/.local/lib/python3.12/site-packages/airflow/example_dags/example_task_group_decorator.py
[2026-06-15T19:31:13.365+0000] {processor.py:830} INFO - Processing file /home/airflow/.local/lib/python3.12/site-packages/airflow/example_dags/example_task_group_decorator.py for tasks to queue
[2026-06-15T19:31:13.367+0000] {logging_mixin.py:188} INFO - [2026-06-15T19:31:13.366+0000] {dagbag.py:545} INFO - Filling up the DagBag from /home/airflow/.local/lib/python3.12/site-packages/airflow/example_dags/example_task_group_decorator.py
[2026-06-15T19:31:13.387+0000] {processor.py:840} INFO - DAG(s) 'example_task_group_decorator' retrieved from /home/airflow/.local/lib/python3.12/site-packages/airflow/example_dags/example_task_group_decorator.py
[2026-06-15T19:31:13.423+0000] {logging_mixin.py:188} INFO - [2026-06-15T19:31:13.423+0000] {dag.py:3089} INFO - Sync 1 DAGs
[2026-06-15T19:31:13.452+0000] {logging_mixin.py:188} INFO - [2026-06-15T19:31:13.452+0000] {dag.py:3947} INFO - Setting next_dagrun for example_task_group_decorator to 2026-06-14 00:00:00+00:00, run_after=2026-06-15 00:00:00+00:00
[2026-06-15T19:31:13.472+0000] {processor.py:183} INFO - Processing /home/airflow/.local/lib/python3.12/site-packages/airflow/example_dags/example_task_group_decorator.py took 0.115 seconds
[2026-06-15T19:31:43.744+0000] {processor.py:161} INFO - Started process (PID=2319) to work on /home/airflow/.local/lib/python3.12/site-packages/airflow/example_dags/example_task_group_decorator.py
[2026-06-15T19:31:43.745+0000] {processor.py:830} INFO - Processing file /home/airflow/.local/lib/python3.12/site-packages/airflow/example_dags/example_task_group_decorator.py for tasks to queue
[2026-06-15T19:31:43.750+0000] {logging_mixin.py:188} INFO - [2026-06-15T19:31:43.748+0000] {dagbag.py:545} INFO - Filling up the DagBag from /home/airflow/.local/lib/python3.12/site-packages/airflow/example_dags/example_task_group_decorator.py
[2026-06-15T19:31:43.774+0000] {processor.py:840} INFO - DAG(s) 'example_task_group_decorator' retrieved from /home/airflow/.local/lib/python3.12/site-packages/airflow/example_dags/example_task_group_decorator.py
[2026-06-15T19:31:43.806+0000] {logging_mixin.py:188} INFO - [2026-06-15T19:31:43.806+0000] {dag.py:3089} INFO - Sync 1 DAGs
[2026-06-15T19:31:43.834+0000] {logging_mixin.py:188} INFO - [2026-06-15T19:31:43.834+0000] {dag.py:3947} INFO - Setting next_dagrun for example_task_group_decorator to 2026-06-14 00:00:00+00:00, run_after=2026-06-15 00:00:00+00:00
[2026-06-15T19:31:43.854+0000] {processor.py:183} INFO - Processing /home/airflow/.local/lib/python3.12/site-packages/airflow/example_dags/example_task_group_decorator.py took 0.124 seconds
[2026-06-15T19:32:13.950+0000] {processor.py:161} INFO - Started process (PID=2375) to work on /home/airflow/.local/lib/python3.12/site-packages/airflow/example_dags/example_task_group_decorator.py
[2026-06-15T19:32:13.951+0000] {processor.py:830} INFO - Processing file /home/airflow/.local/lib/python3.12/site-packages/airflow/example_dags/example_task_group_decorator.py for tasks to queue
[2026-06-15T19:32:13.954+0000] {logging_mixin.py:188} INFO - [2026-06-15T19:32:13.953+0000] {dagbag.py:545} INFO - Filling up the DagBag from /home/airflow/.local/lib/python3.12/site-packages/airflow/example_dags/example_task_group_decorator.py
[2026-06-15T19:32:13.974+0000] {processor.py:840} INFO - DAG(s) 'example_task_group_decorator' retrieved from /home/airflow/.local/lib/python3.12/site-packages/airflow/example_dags/example_task_group_decorator.py
[2026-06-15T19:32:14.014+0000] {logging_mixin.py:188} INFO - [2026-06-15T19:32:14.014+0000] {dag.py:3089} INFO - Sync 1 DAGs
[2026-06-15T19:32:14.043+0000] {logging_mixin.py:188} INFO - [2026-06-15T19:32:14.043+0000] {dag.py:3947} INFO - Setting next_dagrun for example_task_group_decorator to 2026-06-14 00:00:00+00:00, run_after=2026-06-15 00:00:00+00:00
[2026-06-15T19:32:14.063+0000] {processor.py:183} INFO - Processing /home/airflow/.local/lib/python3.12/site-packages/airflow/example_dags/example_task_group_decorator.py took 0.129 seconds
[2026-06-15T19:32:44.635+0000] {processor.py:161} INFO - Started process (PID=2432) to work on /home/airflow/.local/lib/python3.12/site-packages/airflow/example_dags/example_task_group_decorator.py
[2026-06-15T19:32:44.636+0000] {processor.py:830} INFO - Processing file /home/airflow/.local/lib/python3.12/site-packages/airflow/example_dags/example_task_group_decorator.py for tasks to queue
[2026-06-15T19:32:44.638+0000] {logging_mixin.py:188} INFO - [2026-06-15T19:32:44.638+0000] {dagbag.py:545} INFO - Filling up the DagBag from /home/airflow/.local/lib/python3.12/site-packages/airflow/example_dags/example_task_group_decorator.py
[2026-06-15T19:32:44.658+0000] {processor.py:840} INFO - DAG(s) 'example_task_group_decorator' retrieved from /home/airflow/.local/lib/python3.12/site-packages/airflow/example_dags/example_task_group_decorator.py
[2026-06-15T19:32:44.692+0000] {logging_mixin.py:188} INFO - [2026-06-15T19:32:44.692+0000] {dag.py:3089} INFO - Sync 1 DAGs
[2026-06-15T19:32:44.720+0000] {logging_mixin.py:188} INFO - [2026-06-15T19:32:44.720+0000] {dag.py:3947} INFO - Setting next_dagrun for example_task_group_decorator to 2026-06-14 00:00:00+00:00, run_after=2026-06-15 00:00:00+00:00
[2026-06-15T19:32:44.740+0000] {processor.py:183} INFO - Processing /home/airflow/.local/lib/python3.12/site-packages/airflow/example_dags/example_task_group_decorator.py took 0.112 seconds
[2026-06-15T19:33:14.842+0000] {processor.py:161} INFO - Started process (PID=2489) to work on /home/airflow/.local/lib/python3.12/site-packages/airflow/example_dags/example_task_group_decorator.py
[2026-06-15T19:33:14.844+0000] {processor.py:830} INFO - Processing file /home/airflow/.local/lib/python3.12/site-packages/airflow/example_dags/example_task_group_decorator.py for tasks to queue
[2026-06-15T19:33:14.847+0000] {logging_mixin.py:188} INFO - [2026-06-15T19:33:14.846+0000] {dagbag.py:545} INFO - Filling up the DagBag from /home/airflow/.local/lib/python3.12/site-packages/airflow/example_dags/example_task_group_decorator.py
[2026-06-15T19:33:14.867+0000] {processor.py:840} INFO - DAG(s) 'example_task_group_decorator' retrieved from /home/airflow/.local/lib/python3.12/site-packages/airflow/example_dags/example_task_group_decorator.py
[2026-06-15T19:33:14.903+0000] {logging_mixin.py:188} INFO - [2026-06-15T19:33:14.902+0000] {dag.py:3089} INFO - Sync 1 DAGs
[2026-06-15T19:33:14.932+0000] {logging_mixin.py:188} INFO - [2026-06-15T19:33:14.931+0000] {dag.py:3947} INFO - Setting next_dagrun for example_task_group_decorator to 2026-06-14 00:00:00+00:00, run_after=2026-06-15 00:00:00+00:00
[2026-06-15T19:33:14.953+0000] {processor.py:183} INFO - Processing /home/airflow/.local/lib/python3.12/site-packages/airflow/example_dags/example_task_group_decorator.py took 0.119 seconds
[2026-06-15T19:33:45.575+0000] {processor.py:161} INFO - Started process (PID=2547) to work on /home/airflow/.local/lib/python3.12/site-packages/airflow/example_dags/example_task_group_decorator.py
[2026-06-15T19:33:45.576+0000] {processor.py:830} INFO - Processing file /home/airflow/.local/lib/python3.12/site-packages/airflow/example_dags/example_task_group_decorator.py for tasks to queue
[2026-06-15T19:33:45.578+0000] {logging_mixin.py:188} INFO - [2026-06-15T19:33:45.578+0000] {dagbag.py:545} INFO - Filling up the DagBag from /home/airflow/.local/lib/python3.12/site-packages/airflow/example_dags/example_task_group_decorator.py
[2026-06-15T19:33:45.599+0000] {processor.py:840} INFO - DAG(s) 'example_task_group_decorator' retrieved from /home/airflow/.local/lib/python3.12/site-packages/airflow/example_dags/example_task_group_decorator.py
[2026-06-15T19:33:45.635+0000] {logging_mixin.py:188} INFO - [2026-06-15T19:33:45.635+0000] {dag.py:3089} INFO - Sync 1 DAGs
[2026-06-15T19:33:45.664+0000] {logging_mixin.py:188} INFO - [2026-06-15T19:33:45.663+0000] {dag.py:3947} INFO - Setting next_dagrun for example_task_group_decorator to 2026-06-14 00:00:00+00:00, run_after=2026-06-15 00:00:00+00:00
[2026-06-15T19:33:45.683+0000] {processor.py:183} INFO - Processing /home/airflow/.local/lib/python3.12/site-packages/airflow/example_dags/example_task_group_decorator.py took 0.117 seconds
[2026-06-15T19:34:15.943+0000] {processor.py:161} INFO - Started process (PID=2604) to work on /home/airflow/.local/lib/python3.12/site-packages/airflow/example_dags/example_task_group_decorator.py
[2026-06-15T19:34:15.944+0000] {processor.py:830} INFO - Processing file /home/airflow/.local/lib/python3.12/site-packages/airflow/example_dags/example_task_group_decorator.py for tasks to queue
[2026-06-15T19:34:15.946+0000] {logging_mixin.py:188} INFO - [2026-06-15T19:34:15.946+0000] {dagbag.py:545} INFO - Filling up the DagBag from /home/airflow/.local/lib/python3.12/site-packages/airflow/example_dags/example_task_group_decorator.py
[2026-06-15T19:34:15.966+0000] {processor.py:840} INFO - DAG(s) 'example_task_group_decorator' retrieved from /home/airflow/.local/lib/python3.12/site-packages/airflow/example_dags/example_task_group_decorator.py
[2026-06-15T19:34:16.000+0000] {logging_mixin.py:188} INFO - [2026-06-15T19:34:15.999+0000] {dag.py:3089} INFO - Sync 1 DAGs
[2026-06-15T19:34:16.031+0000] {logging_mixin.py:188} INFO - [2026-06-15T19:34:16.030+0000] {dag.py:3947} INFO - Setting next_dagrun for example_task_group_decorator to 2026-06-14 00:00:00+00:00, run_after=2026-06-15 00:00:00+00:00
[2026-06-15T19:34:16.054+0000] {processor.py:183} INFO - Processing /home/airflow/.local/lib/python3.12/site-packages/airflow/example_dags/example_task_group_decorator.py took 0.117 seconds
[2026-06-15T19:34:46.361+0000] {processor.py:161} INFO - Started process (PID=2662) to work on /home/airflow/.local/lib/python3.12/site-packages/airflow/example_dags/example_task_group_decorator.py
[2026-06-15T19:34:46.361+0000] {processor.py:830} INFO - Processing file /home/airflow/.local/lib/python3.12/site-packages/airflow/example_dags/example_task_group_decorator.py for tasks to queue
[2026-06-15T19:34:46.363+0000] {logging_mixin.py:188} INFO - [2026-06-15T19:34:46.363+0000] {dagbag.py:545} INFO - Filling up the DagBag from /home/airflow/.local/lib/python3.12/site-packages/airflow/example_dags/example_task_group_decorator.py
[2026-06-15T19:34:46.383+0000] {processor.py:840} INFO - DAG(s) 'example_task_group_decorator' retrieved from /home/airflow/.local/lib/python3.12/site-packages/airflow/example_dags/example_task_group_decorator.py
[2026-06-15T19:34:46.416+0000] {logging_mixin.py:188} INFO - [2026-06-15T19:34:46.416+0000] {dag.py:3089} INFO - Sync 1 DAGs
[2026-06-15T19:34:46.445+0000] {logging_mixin.py:188} INFO - [2026-06-15T19:34:46.444+0000] {dag.py:3947} INFO - Setting next_dagrun for example_task_group_decorator to 2026-06-14 00:00:00+00:00, run_after=2026-06-15 00:00:00+00:00
[2026-06-15T19:34:46.468+0000] {processor.py:183} INFO - Processing /home/airflow/.local/lib/python3.12/site-packages/airflow/example_dags/example_task_group_decorator.py took 0.116 seconds
[2026-06-15T19:35:16.898+0000] {processor.py:161} INFO - Started process (PID=2720) to work on /home/airflow/.local/lib/python3.12/site-packages/airflow/example_dags/example_task_group_decorator.py
[2026-06-15T19:35:16.899+0000] {processor.py:830} INFO - Processing file /home/airflow/.local/lib/python3.12/site-packages/airflow/example_dags/example_task_group_decorator.py for tasks to queue
[2026-06-15T19:35:16.903+0000] {logging_mixin.py:188} INFO - [2026-06-15T19:35:16.903+0000] {dagbag.py:545} INFO - Filling up the DagBag from /home/airflow/.local/lib/python3.12/site-packages/airflow/example_dags/example_task_group_decorator.py
[2026-06-15T19:35:16.928+0000] {processor.py:840} INFO - DAG(s) 'example_task_group_decorator' retrieved from /home/airflow/.local/lib/python3.12/site-packages/airflow/example_dags/example_task_group_decorator.py
[2026-06-15T19:35:16.960+0000] {logging_mixin.py:188} INFO - [2026-06-15T19:35:16.960+0000] {dag.py:3089} INFO - Sync 1 DAGs
[2026-06-15T19:35:16.988+0000] {logging_mixin.py:188} INFO - [2026-06-15T19:35:16.988+0000] {dag.py:3947} INFO - Setting next_dagrun for example_task_group_decorator to 2026-06-14 00:00:00+00:00, run_after=2026-06-15 00:00:00+00:00
[2026-06-15T19:35:17.010+0000] {processor.py:183} INFO - Processing /home/airflow/.local/lib/python3.12/site-packages/airflow/example_dags/example_task_group_decorator.py took 0.119 seconds
[2026-06-15T19:35:47.128+0000] {processor.py:161} INFO - Started process (PID=2778) to work on /home/airflow/.local/lib/python3.12/site-packages/airflow/example_dags/example_task_group_decorator.py
[2026-06-15T19:35:47.129+0000] {processor.py:830} INFO - Processing file /home/airflow/.local/lib/python3.12/site-packages/airflow/example_dags/example_task_group_decorator.py for tasks to queue
[2026-06-15T19:35:47.130+0000] {logging_mixin.py:188} INFO - [2026-06-15T19:35:47.130+0000] {dagbag.py:545} INFO - Filling up the DagBag from /home/airflow/.local/lib/python3.12/site-packages/airflow/example_dags/example_task_group_decorator.py
[2026-06-15T19:35:47.150+0000] {processor.py:840} INFO - DAG(s) 'example_task_group_decorator' retrieved from /home/airflow/.local/lib/python3.12/site-packages/airflow/example_dags/example_task_group_decorator.py
[2026-06-15T19:35:47.183+0000] {logging_mixin.py:188} INFO - [2026-06-15T19:35:47.183+0000] {dag.py:3089} INFO - Sync 1 DAGs
[2026-06-15T19:35:47.212+0000] {logging_mixin.py:188} INFO - [2026-06-15T19:35:47.212+0000] {dag.py:3947} INFO - Setting next_dagrun for example_task_group_decorator to 2026-06-14 00:00:00+00:00, run_after=2026-06-15 00:00:00+00:00
[2026-06-15T19:35:47.232+0000] {processor.py:183} INFO - Processing /home/airflow/.local/lib/python3.12/site-packages/airflow/example_dags/example_task_group_decorator.py took 0.111 seconds
[2026-06-15T19:36:17.640+0000] {processor.py:161} INFO - Started process (PID=2836) to work on /home/airflow/.local/lib/python3.12/site-packages/airflow/example_dags/example_task_group_decorator.py
[2026-06-15T19:36:17.645+0000] {processor.py:830} INFO - Processing file /home/airflow/.local/lib/python3.12/site-packages/airflow/example_dags/example_task_group_decorator.py for tasks to queue
[2026-06-15T19:36:17.650+0000] {logging_mixin.py:188} INFO - [2026-06-15T19:36:17.650+0000] {dagbag.py:545} INFO - Filling up the DagBag from /home/airflow/.local/lib/python3.12/site-packages/airflow/example_dags/example_task_group_decorator.py
[2026-06-15T19:36:17.710+0000] {processor.py:840} INFO - DAG(s) 'example_task_group_decorator' retrieved from /home/airflow/.local/lib/python3.12/site-packages/airflow/example_dags/example_task_group_decorator.py
[2026-06-15T19:36:17.817+0000] {logging_mixin.py:188} INFO - [2026-06-15T19:36:17.816+0000] {dag.py:3089} INFO - Sync 1 DAGs
[2026-06-15T19:36:17.847+0000] {logging_mixin.py:188} INFO - [2026-06-15T19:36:17.847+0000] {dag.py:3947} INFO - Setting next_dagrun for example_task_group_decorator to 2026-06-14 00:00:00+00:00, run_after=2026-06-15 00:00:00+00:00
[2026-06-15T19:36:17.867+0000] {processor.py:183} INFO - Processing /home/airflow/.local/lib/python3.12/site-packages/airflow/example_dags/example_task_group_decorator.py took 0.255 seconds
[2026-06-15T19:36:47.901+0000] {processor.py:161} INFO - Started process (PID=2894) to work on /home/airflow/.local/lib/python3.12/site-packages/airflow/example_dags/example_task_group_decorator.py
[2026-06-15T19:36:47.902+0000] {processor.py:830} INFO - Processing file /home/airflow/.local/lib/python3.12/site-packages/airflow/example_dags/example_task_group_decorator.py for tasks to queue
[2026-06-15T19:36:47.903+0000] {logging_mixin.py:188} INFO - [2026-06-15T19:36:47.903+0000] {dagbag.py:545} INFO - Filling up the DagBag from /home/airflow/.local/lib/python3.12/site-packages/airflow/example_dags/example_task_group_decorator.py
[2026-06-15T19:36:47.923+0000] {processor.py:840} INFO - DAG(s) 'example_task_group_decorator' retrieved from /home/airflow/.local/lib/python3.12/site-packages/airflow/example_dags/example_task_group_decorator.py
[2026-06-15T19:36:47.965+0000] {logging_mixin.py:188} INFO - [2026-06-15T19:36:47.965+0000] {dag.py:3089} INFO - Sync 1 DAGs
[2026-06-15T19:36:48.016+0000] {logging_mixin.py:188} INFO - [2026-06-15T19:36:48.015+0000] {dag.py:3947} INFO - Setting next_dagrun for example_task_group_decorator to 2026-06-14 00:00:00+00:00, run_after=2026-06-15 00:00:00+00:00
[2026-06-15T19:36:48.033+0000] {processor.py:183} INFO - Processing /home/airflow/.local/lib/python3.12/site-packages/airflow/example_dags/example_task_group_decorator.py took 0.139 seconds
[2026-06-15T19:37:18.382+0000] {processor.py:161} INFO - Started process (PID=2952) to work on /home/airflow/.local/lib/python3.12/site-packages/airflow/example_dags/example_task_group_decorator.py
[2026-06-15T19:37:18.383+0000] {processor.py:830} INFO - Processing file /home/airflow/.local/lib/python3.12/site-packages/airflow/example_dags/example_task_group_decorator.py for tasks to queue
[2026-06-15T19:37:18.385+0000] {logging_mixin.py:188} INFO - [2026-06-15T19:37:18.385+0000] {dagbag.py:545} INFO - Filling up the DagBag from /home/airflow/.local/lib/python3.12/site-packages/airflow/example_dags/example_task_group_decorator.py
[2026-06-15T19:37:18.409+0000] {processor.py:840} INFO - DAG(s) 'example_task_group_decorator' retrieved from /home/airflow/.local/lib/python3.12/site-packages/airflow/example_dags/example_task_group_decorator.py
[2026-06-15T19:37:18.449+0000] {logging_mixin.py:188} INFO - [2026-06-15T19:37:18.449+0000] {dag.py:3089} INFO - Sync 1 DAGs
[2026-06-15T19:37:18.488+0000] {logging_mixin.py:188} INFO - [2026-06-15T19:37:18.488+0000] {dag.py:3947} INFO - Setting next_dagrun for example_task_group_decorator to 2026-06-14 00:00:00+00:00, run_after=2026-06-15 00:00:00+00:00
[2026-06-15T19:37:18.510+0000] {processor.py:183} INFO - Processing /home/airflow/.local/lib/python3.12/site-packages/airflow/example_dags/example_task_group_decorator.py took 0.148 seconds
[2026-06-15T19:37:49.388+0000] {processor.py:161} INFO - Started process (PID=3009) to work on /home/airflow/.local/lib/python3.12/site-packages/airflow/example_dags/example_task_group_decorator.py
[2026-06-15T19:37:49.389+0000] {processor.py:830} INFO - Processing file /home/airflow/.local/lib/python3.12/site-packages/airflow/example_dags/example_task_group_decorator.py for tasks to queue
[2026-06-15T19:37:49.394+0000] {logging_mixin.py:188} INFO - [2026-06-15T19:37:49.394+0000] {dagbag.py:545} INFO - Filling up the DagBag from /home/airflow/.local/lib/python3.12/site-packages/airflow/example_dags/example_task_group_decorator.py
[2026-06-15T19:37:49.461+0000] {processor.py:840} INFO - DAG(s) 'example_task_group_decorator' retrieved from /home/airflow/.local/lib/python3.12/site-packages/airflow/example_dags/example_task_group_decorator.py
[2026-06-15T19:37:49.529+0000] {logging_mixin.py:188} INFO - [2026-06-15T19:37:49.528+0000] {dag.py:3089} INFO - Sync 1 DAGs
[2026-06-15T19:37:49.585+0000] {logging_mixin.py:188} INFO - [2026-06-15T19:37:49.584+0000] {dag.py:3947} INFO - Setting next_dagrun for example_task_group_decorator to 2026-06-14 00:00:00+00:00, run_after=2026-06-15 00:00:00+00:00
[2026-06-15T19:37:49.623+0000] {processor.py:183} INFO - Processing /home/airflow/.local/lib/python3.12/site-packages/airflow/example_dags/example_task_group_decorator.py took 0.258 seconds
[2026-06-15T19:38:19.772+0000] {processor.py:161} INFO - Started process (PID=3067) to work on /home/airflow/.local/lib/python3.12/site-packages/airflow/example_dags/example_task_group_decorator.py
[2026-06-15T19:38:19.773+0000] {processor.py:830} INFO - Processing file /home/airflow/.local/lib/python3.12/site-packages/airflow/example_dags/example_task_group_decorator.py for tasks to queue
[2026-06-15T19:38:19.775+0000] {logging_mixin.py:188} INFO - [2026-06-15T19:38:19.775+0000] {dagbag.py:545} INFO - Filling up the DagBag from /home/airflow/.local/lib/python3.12/site-packages/airflow/example_dags/example_task_group_decorator.py
[2026-06-15T19:38:19.796+0000] {processor.py:840} INFO - DAG(s) 'example_task_group_decorator' retrieved from /home/airflow/.local/lib/python3.12/site-packages/airflow/example_dags/example_task_group_decorator.py
[2026-06-15T19:38:19.830+0000] {logging_mixin.py:188} INFO - [2026-06-15T19:38:19.830+0000] {dag.py:3089} INFO - Sync 1 DAGs
[2026-06-15T19:38:19.858+0000] {logging_mixin.py:188} INFO - [2026-06-15T19:38:19.857+0000] {dag.py:3947} INFO - Setting next_dagrun for example_task_group_decorator to 2026-06-14 00:00:00+00:00, run_after=2026-06-15 00:00:00+00:00
[2026-06-15T19:38:19.878+0000] {processor.py:183} INFO - Processing /home/airflow/.local/lib/python3.12/site-packages/airflow/example_dags/example_task_group_decorator.py took 0.113 seconds
[2026-06-15T19:38:50.372+0000] {processor.py:161} INFO - Started process (PID=3125) to work on /home/airflow/.local/lib/python3.12/site-packages/airflow/example_dags/example_task_group_decorator.py
[2026-06-15T19:38:50.373+0000] {processor.py:830} INFO - Processing file /home/airflow/.local/lib/python3.12/site-packages/airflow/example_dags/example_task_group_decorator.py for tasks to queue
[2026-06-15T19:38:50.375+0000] {logging_mixin.py:188} INFO - [2026-06-15T19:38:50.375+0000] {dagbag.py:545} INFO - Filling up the DagBag from /home/airflow/.local/lib/python3.12/site-packages/airflow/example_dags/example_task_group_decorator.py
[2026-06-15T19:38:50.394+0000] {processor.py:840} INFO - DAG(s) 'example_task_group_decorator' retrieved from /home/airflow/.local/lib/python3.12/site-packages/airflow/example_dags/example_task_group_decorator.py
[2026-06-15T19:38:50.431+0000] {logging_mixin.py:188} INFO - [2026-06-15T19:38:50.431+0000] {dag.py:3089} INFO - Sync 1 DAGs
[2026-06-15T19:38:50.460+0000] {logging_mixin.py:188} INFO - [2026-06-15T19:38:50.460+0000] {dag.py:3947} INFO - Setting next_dagrun for example_task_group_decorator to 2026-06-14 00:00:00+00:00, run_after=2026-06-15 00:00:00+00:00
[2026-06-15T19:38:50.480+0000] {processor.py:183} INFO - Processing /home/airflow/.local/lib/python3.12/site-packages/airflow/example_dags/example_task_group_decorator.py took 0.114 seconds
[2026-06-15T19:39:20.865+0000] {processor.py:161} INFO - Started process (PID=3183) to work on /home/airflow/.local/lib/python3.12/site-packages/airflow/example_dags/example_task_group_decorator.py
[2026-06-15T19:39:20.866+0000] {processor.py:830} INFO - Processing file /home/airflow/.local/lib/python3.12/site-packages/airflow/example_dags/example_task_group_decorator.py for tasks to queue
[2026-06-15T19:39:20.868+0000] {logging_mixin.py:188} INFO - [2026-06-15T19:39:20.868+0000] {dagbag.py:545} INFO - Filling up the DagBag from /home/airflow/.local/lib/python3.12/site-packages/airflow/example_dags/example_task_group_decorator.py
[2026-06-15T19:39:20.887+0000] {processor.py:840} INFO - DAG(s) 'example_task_group_decorator' retrieved from /home/airflow/.local/lib/python3.12/site-packages/airflow/example_dags/example_task_group_decorator.py
[2026-06-15T19:39:20.924+0000] {logging_mixin.py:188} INFO - [2026-06-15T19:39:20.924+0000] {dag.py:3089} INFO - Sync 1 DAGs
[2026-06-15T19:39:20.953+0000] {logging_mixin.py:188} INFO - [2026-06-15T19:39:20.953+0000] {dag.py:3947} INFO - Setting next_dagrun for example_task_group_decorator to 2026-06-14 00:00:00+00:00, run_after=2026-06-15 00:00:00+00:00
[2026-06-15T19:39:20.974+0000] {processor.py:183} INFO - Processing /home/airflow/.local/lib/python3.12/site-packages/airflow/example_dags/example_task_group_decorator.py took 0.116 seconds
[2026-06-15T19:39:51.228+0000] {processor.py:161} INFO - Started process (PID=3241) to work on /home/airflow/.local/lib/python3.12/site-packages/airflow/example_dags/example_task_group_decorator.py
[2026-06-15T19:39:51.229+0000] {processor.py:830} INFO - Processing file /home/airflow/.local/lib/python3.12/site-packages/airflow/example_dags/example_task_group_decorator.py for tasks to queue
[2026-06-15T19:39:51.230+0000] {logging_mixin.py:188} INFO - [2026-06-15T19:39:51.230+0000] {dagbag.py:545} INFO - Filling up the DagBag from /home/airflow/.local/lib/python3.12/site-packages/airflow/example_dags/example_task_group_decorator.py
[2026-06-15T19:39:51.251+0000] {processor.py:840} INFO - DAG(s) 'example_task_group_decorator' retrieved from /home/airflow/.local/lib/python3.12/site-packages/airflow/example_dags/example_task_group_decorator.py
[2026-06-15T19:39:51.288+0000] {logging_mixin.py:188} INFO - [2026-06-15T19:39:51.287+0000] {dag.py:3089} INFO - Sync 1 DAGs
[2026-06-15T19:39:51.317+0000] {logging_mixin.py:188} INFO - [2026-06-15T19:39:51.316+0000] {dag.py:3947} INFO - Setting next_dagrun for example_task_group_decorator to 2026-06-14 00:00:00+00:00, run_after=2026-06-15 00:00:00+00:00
[2026-06-15T19:39:51.336+0000] {processor.py:183} INFO - Processing /home/airflow/.local/lib/python3.12/site-packages/airflow/example_dags/example_task_group_decorator.py took 0.115 seconds
[2026-06-15T19:40:22.040+0000] {processor.py:161} INFO - Started process (PID=3299) to work on /home/airflow/.local/lib/python3.12/site-packages/airflow/example_dags/example_task_group_decorator.py
[2026-06-15T19:40:22.041+0000] {processor.py:830} INFO - Processing file /home/airflow/.local/lib/python3.12/site-packages/airflow/example_dags/example_task_group_decorator.py for tasks to queue
[2026-06-15T19:40:22.045+0000] {logging_mixin.py:188} INFO - [2026-06-15T19:40:22.045+0000] {dagbag.py:545} INFO - Filling up the DagBag from /home/airflow/.local/lib/python3.12/site-packages/airflow/example_dags/example_task_group_decorator.py
[2026-06-15T19:40:22.064+0000] {processor.py:840} INFO - DAG(s) 'example_task_group_decorator' retrieved from /home/airflow/.local/lib/python3.12/site-packages/airflow/example_dags/example_task_group_decorator.py
[2026-06-15T19:40:22.102+0000] {logging_mixin.py:188} INFO - [2026-06-15T19:40:22.102+0000] {dag.py:3089} INFO - Sync 1 DAGs
[2026-06-15T19:40:22.131+0000] {logging_mixin.py:188} INFO - [2026-06-15T19:40:22.131+0000] {dag.py:3947} INFO - Setting next_dagrun for example_task_group_decorator to 2026-06-14 00:00:00+00:00, run_after=2026-06-15 00:00:00+00:00
[2026-06-15T19:40:22.151+0000] {processor.py:183} INFO - Processing /home/airflow/.local/lib/python3.12/site-packages/airflow/example_dags/example_task_group_decorator.py took 0.118 seconds
[2026-06-15T19:40:52.491+0000] {processor.py:161} INFO - Started process (PID=3357) to work on /home/airflow/.local/lib/python3.12/site-packages/airflow/example_dags/example_task_group_decorator.py
[2026-06-15T19:40:52.492+0000] {processor.py:830} INFO - Processing file /home/airflow/.local/lib/python3.12/site-packages/airflow/example_dags/example_task_group_decorator.py for tasks to queue
[2026-06-15T19:40:52.494+0000] {logging_mixin.py:188} INFO - [2026-06-15T19:40:52.493+0000] {dagbag.py:545} INFO - Filling up the DagBag from /home/airflow/.local/lib/python3.12/site-packages/airflow/example_dags/example_task_group_decorator.py
[2026-06-15T19:40:52.514+0000] {processor.py:840} INFO - DAG(s) 'example_task_group_decorator' retrieved from /home/airflow/.local/lib/python3.12/site-packages/airflow/example_dags/example_task_group_decorator.py
[2026-06-15T19:40:52.547+0000] {logging_mixin.py:188} INFO - [2026-06-15T19:40:52.547+0000] {dag.py:3089} INFO - Sync 1 DAGs
[2026-06-15T19:40:52.576+0000] {logging_mixin.py:188} INFO - [2026-06-15T19:40:52.575+0000] {dag.py:3947} INFO - Setting next_dagrun for example_task_group_decorator to 2026-06-14 00:00:00+00:00, run_after=2026-06-15 00:00:00+00:00
[2026-06-15T19:40:52.595+0000] {processor.py:183} INFO - Processing /home/airflow/.local/lib/python3.12/site-packages/airflow/example_dags/example_task_group_decorator.py took 0.111 seconds
[2026-06-15T19:41:22.774+0000] {processor.py:161} INFO - Started process (PID=3414) to work on /home/airflow/.local/lib/python3.12/site-packages/airflow/example_dags/example_task_group_decorator.py
[2026-06-15T19:41:22.775+0000] {processor.py:830} INFO - Processing file /home/airflow/.local/lib/python3.12/site-packages/airflow/example_dags/example_task_group_decorator.py for tasks to queue
[2026-06-15T19:41:22.777+0000] {logging_mixin.py:188} INFO - [2026-06-15T19:41:22.776+0000] {dagbag.py:545} INFO - Filling up the DagBag from /home/airflow/.local/lib/python3.12/site-packages/airflow/example_dags/example_task_group_decorator.py
[2026-06-15T19:41:22.796+0000] {processor.py:840} INFO - DAG(s) 'example_task_group_decorator' retrieved from /home/airflow/.local/lib/python3.12/site-packages/airflow/example_dags/example_task_group_decorator.py
[2026-06-15T19:41:22.835+0000] {logging_mixin.py:188} INFO - [2026-06-15T19:41:22.834+0000] {dag.py:3089} INFO - Sync 1 DAGs
[2026-06-15T19:41:22.866+0000] {logging_mixin.py:188} INFO - [2026-06-15T19:41:22.866+0000] {dag.py:3947} INFO - Setting next_dagrun for example_task_group_decorator to 2026-06-14 00:00:00+00:00, run_after=2026-06-15 00:00:00+00:00
[2026-06-15T19:41:22.885+0000] {processor.py:183} INFO - Processing /home/airflow/.local/lib/python3.12/site-packages/airflow/example_dags/example_task_group_decorator.py took 0.119 seconds
[2026-06-15T19:41:53.341+0000] {processor.py:161} INFO - Started process (PID=3472) to work on /home/airflow/.local/lib/python3.12/site-packages/airflow/example_dags/example_task_group_decorator.py
[2026-06-15T19:41:53.342+0000] {processor.py:830} INFO - Processing file /home/airflow/.local/lib/python3.12/site-packages/airflow/example_dags/example_task_group_decorator.py for tasks to queue
[2026-06-15T19:41:53.344+0000] {logging_mixin.py:188} INFO - [2026-06-15T19:41:53.343+0000] {dagbag.py:545} INFO - Filling up the DagBag from /home/airflow/.local/lib/python3.12/site-packages/airflow/example_dags/example_task_group_decorator.py
[2026-06-15T19:41:53.363+0000] {processor.py:840} INFO - DAG(s) 'example_task_group_decorator' retrieved from /home/airflow/.local/lib/python3.12/site-packages/airflow/example_dags/example_task_group_decorator.py
[2026-06-15T19:41:53.399+0000] {logging_mixin.py:188} INFO - [2026-06-15T19:41:53.398+0000] {dag.py:3089} INFO - Sync 1 DAGs
[2026-06-15T19:41:53.427+0000] {logging_mixin.py:188} INFO - [2026-06-15T19:41:53.426+0000] {dag.py:3947} INFO - Setting next_dagrun for example_task_group_decorator to 2026-06-14 00:00:00+00:00, run_after=2026-06-15 00:00:00+00:00
[2026-06-15T19:41:53.447+0000] {processor.py:183} INFO - Processing /home/airflow/.local/lib/python3.12/site-packages/airflow/example_dags/example_task_group_decorator.py took 0.113 seconds
[2026-06-15T19:42:23.518+0000] {processor.py:161} INFO - Started process (PID=3530) to work on /home/airflow/.local/lib/python3.12/site-packages/airflow/example_dags/example_task_group_decorator.py
[2026-06-15T19:42:23.519+0000] {processor.py:830} INFO - Processing file /home/airflow/.local/lib/python3.12/site-packages/airflow/example_dags/example_task_group_decorator.py for tasks to queue
[2026-06-15T19:42:23.521+0000] {logging_mixin.py:188} INFO - [2026-06-15T19:42:23.521+0000] {dagbag.py:545} INFO - Filling up the DagBag from /home/airflow/.local/lib/python3.12/site-packages/airflow/example_dags/example_task_group_decorator.py
[2026-06-15T19:42:23.541+0000] {processor.py:840} INFO - DAG(s) 'example_task_group_decorator' retrieved from /home/airflow/.local/lib/python3.12/site-packages/airflow/example_dags/example_task_group_decorator.py
[2026-06-15T19:42:23.574+0000] {logging_mixin.py:188} INFO - [2026-06-15T19:42:23.574+0000] {dag.py:3089} INFO - Sync 1 DAGs
[2026-06-15T19:42:23.607+0000] {logging_mixin.py:188} INFO - [2026-06-15T19:42:23.606+0000] {dag.py:3947} INFO - Setting next_dagrun for example_task_group_decorator to 2026-06-14 00:00:00+00:00, run_after=2026-06-15 00:00:00+00:00
[2026-06-15T19:42:23.628+0000] {processor.py:183} INFO - Processing /home/airflow/.local/lib/python3.12/site-packages/airflow/example_dags/example_task_group_decorator.py took 0.117 seconds
[2026-06-15T19:42:53.902+0000] {processor.py:161} INFO - Started process (PID=3588) to work on /home/airflow/.local/lib/python3.12/site-packages/airflow/example_dags/example_task_group_decorator.py
[2026-06-15T19:42:53.903+0000] {processor.py:830} INFO - Processing file /home/airflow/.local/lib/python3.12/site-packages/airflow/example_dags/example_task_group_decorator.py for tasks to queue
[2026-06-15T19:42:53.905+0000] {logging_mixin.py:188} INFO - [2026-06-15T19:42:53.905+0000] {dagbag.py:545} INFO - Filling up the DagBag from /home/airflow/.local/lib/python3.12/site-packages/airflow/example_dags/example_task_group_decorator.py
[2026-06-15T19:42:53.924+0000] {processor.py:840} INFO - DAG(s) 'example_task_group_decorator' retrieved from /home/airflow/.local/lib/python3.12/site-packages/airflow/example_dags/example_task_group_decorator.py
[2026-06-15T19:42:53.959+0000] {logging_mixin.py:188} INFO - [2026-06-15T19:42:53.959+0000] {dag.py:3089} INFO - Sync 1 DAGs
[2026-06-15T19:42:53.986+0000] {logging_mixin.py:188} INFO - [2026-06-15T19:42:53.986+0000] {dag.py:3947} INFO - Setting next_dagrun for example_task_group_decorator to 2026-06-14 00:00:00+00:00, run_after=2026-06-15 00:00:00+00:00
[2026-06-15T19:42:54.005+0000] {processor.py:183} INFO - Processing /home/airflow/.local/lib/python3.12/site-packages/airflow/example_dags/example_task_group_decorator.py took 0.110 seconds
[2026-06-15T19:43:24.074+0000] {processor.py:161} INFO - Started process (PID=3646) to work on /home/airflow/.local/lib/python3.12/site-packages/airflow/example_dags/example_task_group_decorator.py
[2026-06-15T19:43:24.074+0000] {processor.py:830} INFO - Processing file /home/airflow/.local/lib/python3.12/site-packages/airflow/example_dags/example_task_group_decorator.py for tasks to queue
[2026-06-15T19:43:24.078+0000] {logging_mixin.py:188} INFO - [2026-06-15T19:43:24.077+0000] {dagbag.py:545} INFO - Filling up the DagBag from /home/airflow/.local/lib/python3.12/site-packages/airflow/example_dags/example_task_group_decorator.py
[2026-06-15T19:43:24.126+0000] {processor.py:840} INFO - DAG(s) 'example_task_group_decorator' retrieved from /home/airflow/.local/lib/python3.12/site-packages/airflow/example_dags/example_task_group_decorator.py
[2026-06-15T19:43:24.222+0000] {logging_mixin.py:188} INFO - [2026-06-15T19:43:24.222+0000] {dag.py:3089} INFO - Sync 1 DAGs
[2026-06-15T19:43:24.275+0000] {logging_mixin.py:188} INFO - [2026-06-15T19:43:24.274+0000] {dag.py:3947} INFO - Setting next_dagrun for example_task_group_decorator to 2026-06-14 00:00:00+00:00, run_after=2026-06-15 00:00:00+00:00
[2026-06-15T19:43:24.294+0000] {processor.py:183} INFO - Processing /home/airflow/.local/lib/python3.12/site-packages/airflow/example_dags/example_task_group_decorator.py took 0.235 seconds
[2026-06-15T19:43:54.761+0000] {processor.py:161} INFO - Started process (PID=3704) to work on /home/airflow/.local/lib/python3.12/site-packages/airflow/example_dags/example_task_group_decorator.py
[2026-06-15T19:43:54.762+0000] {processor.py:830} INFO - Processing file /home/airflow/.local/lib/python3.12/site-packages/airflow/example_dags/example_task_group_decorator.py for tasks to queue
[2026-06-15T19:43:54.764+0000] {logging_mixin.py:188} INFO - [2026-06-15T19:43:54.763+0000] {dagbag.py:545} INFO - Filling up the DagBag from /home/airflow/.local/lib/python3.12/site-packages/airflow/example_dags/example_task_group_decorator.py
[2026-06-15T19:43:54.783+0000] {processor.py:840} INFO - DAG(s) 'example_task_group_decorator' retrieved from /home/airflow/.local/lib/python3.12/site-packages/airflow/example_dags/example_task_group_decorator.py
[2026-06-15T19:43:54.816+0000] {logging_mixin.py:188} INFO - [2026-06-15T19:43:54.816+0000] {dag.py:3089} INFO - Sync 1 DAGs
[2026-06-15T19:43:54.846+0000] {logging_mixin.py:188} INFO - [2026-06-15T19:43:54.845+0000] {dag.py:3947} INFO - Setting next_dagrun for example_task_group_decorator to 2026-06-14 00:00:00+00:00, run_after=2026-06-15 00:00:00+00:00
[2026-06-15T19:43:54.865+0000] {processor.py:183} INFO - Processing /home/airflow/.local/lib/python3.12/site-packages/airflow/example_dags/example_task_group_decorator.py took 0.111 seconds
