[2026-06-15T19:12:12.009+0000] {processor.py:161} INFO - Started process (PID=104) to work on /home/airflow/.local/lib/python3.12/site-packages/airflow/example_dags/tutorial_objectstorage.py
[2026-06-15T19:12:12.012+0000] {processor.py:830} INFO - Processing file /home/airflow/.local/lib/python3.12/site-packages/airflow/example_dags/tutorial_objectstorage.py for tasks to queue
[2026-06-15T19:12:12.018+0000] {logging_mixin.py:188} INFO - [2026-06-15T19:12:12.018+0000] {dagbag.py:545} INFO - Filling up the DagBag from /home/airflow/.local/lib/python3.12/site-packages/airflow/example_dags/tutorial_objectstorage.py
[2026-06-15T19:12:12.067+0000] {processor.py:840} INFO - DAG(s) 'tutorial_objectstorage' retrieved from /home/airflow/.local/lib/python3.12/site-packages/airflow/example_dags/tutorial_objectstorage.py
[2026-06-15T19:12:12.920+0000] {logging_mixin.py:188} INFO - [2026-06-15T19:12:12.919+0000] {dag.py:3089} INFO - Sync 1 DAGs
[2026-06-15T19:12:13.172+0000] {logging_mixin.py:188} INFO - [2026-06-15T19:12:13.171+0000] {dag.py:3947} INFO - Setting next_dagrun for tutorial_objectstorage to None, run_after=None
[2026-06-15T19:12:13.390+0000] {processor.py:183} INFO - Processing /home/airflow/.local/lib/python3.12/site-packages/airflow/example_dags/tutorial_objectstorage.py took 1.406 seconds
[2026-06-15T19:12:43.574+0000] {processor.py:161} INFO - Started process (PID=162) to work on /home/airflow/.local/lib/python3.12/site-packages/airflow/example_dags/tutorial_objectstorage.py
[2026-06-15T19:12:43.575+0000] {processor.py:830} INFO - Processing file /home/airflow/.local/lib/python3.12/site-packages/airflow/example_dags/tutorial_objectstorage.py for tasks to queue
[2026-06-15T19:12:43.577+0000] {logging_mixin.py:188} INFO - [2026-06-15T19:12:43.577+0000] {dagbag.py:545} INFO - Filling up the DagBag from /home/airflow/.local/lib/python3.12/site-packages/airflow/example_dags/tutorial_objectstorage.py
[2026-06-15T19:12:43.585+0000] {processor.py:840} INFO - DAG(s) 'tutorial_objectstorage' retrieved from /home/airflow/.local/lib/python3.12/site-packages/airflow/example_dags/tutorial_objectstorage.py
[2026-06-15T19:12:43.622+0000] {logging_mixin.py:188} INFO - [2026-06-15T19:12:43.621+0000] {dag.py:3089} INFO - Sync 1 DAGs
[2026-06-15T19:12:43.638+0000] {logging_mixin.py:188} INFO - [2026-06-15T19:12:43.638+0000] {dag.py:3947} INFO - Setting next_dagrun for tutorial_objectstorage to None, run_after=None
[2026-06-15T19:12:44.153+0000] {processor.py:183} INFO - Processing /home/airflow/.local/lib/python3.12/site-packages/airflow/example_dags/tutorial_objectstorage.py took 0.586 seconds
[2026-06-15T19:13:14.868+0000] {processor.py:161} INFO - Started process (PID=220) to work on /home/airflow/.local/lib/python3.12/site-packages/airflow/example_dags/tutorial_objectstorage.py
[2026-06-15T19:13:14.873+0000] {processor.py:830} INFO - Processing file /home/airflow/.local/lib/python3.12/site-packages/airflow/example_dags/tutorial_objectstorage.py for tasks to queue
[2026-06-15T19:13:14.879+0000] {logging_mixin.py:188} INFO - [2026-06-15T19:13:14.874+0000] {dagbag.py:545} INFO - Filling up the DagBag from /home/airflow/.local/lib/python3.12/site-packages/airflow/example_dags/tutorial_objectstorage.py
[2026-06-15T19:13:14.910+0000] {processor.py:840} INFO - DAG(s) 'tutorial_objectstorage' retrieved from /home/airflow/.local/lib/python3.12/site-packages/airflow/example_dags/tutorial_objectstorage.py
[2026-06-15T19:13:14.973+0000] {logging_mixin.py:188} INFO - [2026-06-15T19:13:14.973+0000] {dag.py:3089} INFO - Sync 1 DAGs
[2026-06-15T19:13:14.995+0000] {logging_mixin.py:188} INFO - [2026-06-15T19:13:14.995+0000] {dag.py:3947} INFO - Setting next_dagrun for tutorial_objectstorage to None, run_after=None
[2026-06-15T19:13:15.017+0000] {processor.py:183} INFO - Processing /home/airflow/.local/lib/python3.12/site-packages/airflow/example_dags/tutorial_objectstorage.py took 0.169 seconds
[2026-06-15T19:13:45.957+0000] {processor.py:161} INFO - Started process (PID=278) to work on /home/airflow/.local/lib/python3.12/site-packages/airflow/example_dags/tutorial_objectstorage.py
[2026-06-15T19:13:45.958+0000] {processor.py:830} INFO - Processing file /home/airflow/.local/lib/python3.12/site-packages/airflow/example_dags/tutorial_objectstorage.py for tasks to queue
[2026-06-15T19:13:45.960+0000] {logging_mixin.py:188} INFO - [2026-06-15T19:13:45.959+0000] {dagbag.py:545} INFO - Filling up the DagBag from /home/airflow/.local/lib/python3.12/site-packages/airflow/example_dags/tutorial_objectstorage.py
[2026-06-15T19:13:45.967+0000] {processor.py:840} INFO - DAG(s) 'tutorial_objectstorage' retrieved from /home/airflow/.local/lib/python3.12/site-packages/airflow/example_dags/tutorial_objectstorage.py
[2026-06-15T19:13:45.991+0000] {logging_mixin.py:188} INFO - [2026-06-15T19:13:45.991+0000] {dag.py:3089} INFO - Sync 1 DAGs
[2026-06-15T19:13:46.008+0000] {logging_mixin.py:188} INFO - [2026-06-15T19:13:46.007+0000] {dag.py:3947} INFO - Setting next_dagrun for tutorial_objectstorage to None, run_after=None
[2026-06-15T19:13:46.031+0000] {processor.py:183} INFO - Processing /home/airflow/.local/lib/python3.12/site-packages/airflow/example_dags/tutorial_objectstorage.py took 0.081 seconds
[2026-06-15T19:14:16.760+0000] {processor.py:161} INFO - Started process (PID=336) to work on /home/airflow/.local/lib/python3.12/site-packages/airflow/example_dags/tutorial_objectstorage.py
[2026-06-15T19:14:16.761+0000] {processor.py:830} INFO - Processing file /home/airflow/.local/lib/python3.12/site-packages/airflow/example_dags/tutorial_objectstorage.py for tasks to queue
[2026-06-15T19:14:16.763+0000] {logging_mixin.py:188} INFO - [2026-06-15T19:14:16.762+0000] {dagbag.py:545} INFO - Filling up the DagBag from /home/airflow/.local/lib/python3.12/site-packages/airflow/example_dags/tutorial_objectstorage.py
[2026-06-15T19:14:16.772+0000] {processor.py:840} INFO - DAG(s) 'tutorial_objectstorage' retrieved from /home/airflow/.local/lib/python3.12/site-packages/airflow/example_dags/tutorial_objectstorage.py
[2026-06-15T19:14:16.796+0000] {logging_mixin.py:188} INFO - [2026-06-15T19:14:16.795+0000] {dag.py:3089} INFO - Sync 1 DAGs
[2026-06-15T19:14:16.812+0000] {logging_mixin.py:188} INFO - [2026-06-15T19:14:16.812+0000] {dag.py:3947} INFO - Setting next_dagrun for tutorial_objectstorage to None, run_after=None
[2026-06-15T19:14:16.834+0000] {processor.py:183} INFO - Processing /home/airflow/.local/lib/python3.12/site-packages/airflow/example_dags/tutorial_objectstorage.py took 0.081 seconds
[2026-06-15T19:14:47.250+0000] {processor.py:161} INFO - Started process (PID=394) to work on /home/airflow/.local/lib/python3.12/site-packages/airflow/example_dags/tutorial_objectstorage.py
[2026-06-15T19:14:47.252+0000] {processor.py:830} INFO - Processing file /home/airflow/.local/lib/python3.12/site-packages/airflow/example_dags/tutorial_objectstorage.py for tasks to queue
[2026-06-15T19:14:47.256+0000] {logging_mixin.py:188} INFO - [2026-06-15T19:14:47.256+0000] {dagbag.py:545} INFO - Filling up the DagBag from /home/airflow/.local/lib/python3.12/site-packages/airflow/example_dags/tutorial_objectstorage.py
[2026-06-15T19:14:47.272+0000] {processor.py:840} INFO - DAG(s) 'tutorial_objectstorage' retrieved from /home/airflow/.local/lib/python3.12/site-packages/airflow/example_dags/tutorial_objectstorage.py
[2026-06-15T19:14:47.297+0000] {logging_mixin.py:188} INFO - [2026-06-15T19:14:47.296+0000] {dag.py:3089} INFO - Sync 1 DAGs
[2026-06-15T19:14:47.314+0000] {logging_mixin.py:188} INFO - [2026-06-15T19:14:47.314+0000] {dag.py:3947} INFO - Setting next_dagrun for tutorial_objectstorage to None, run_after=None
[2026-06-15T19:14:47.335+0000] {processor.py:183} INFO - Processing /home/airflow/.local/lib/python3.12/site-packages/airflow/example_dags/tutorial_objectstorage.py took 0.095 seconds
[2026-06-15T19:15:17.900+0000] {processor.py:161} INFO - Started process (PID=452) to work on /home/airflow/.local/lib/python3.12/site-packages/airflow/example_dags/tutorial_objectstorage.py
[2026-06-15T19:15:17.902+0000] {processor.py:830} INFO - Processing file /home/airflow/.local/lib/python3.12/site-packages/airflow/example_dags/tutorial_objectstorage.py for tasks to queue
[2026-06-15T19:15:17.908+0000] {logging_mixin.py:188} INFO - [2026-06-15T19:15:17.908+0000] {dagbag.py:545} INFO - Filling up the DagBag from /home/airflow/.local/lib/python3.12/site-packages/airflow/example_dags/tutorial_objectstorage.py
[2026-06-15T19:15:17.934+0000] {processor.py:840} INFO - DAG(s) 'tutorial_objectstorage' retrieved from /home/airflow/.local/lib/python3.12/site-packages/airflow/example_dags/tutorial_objectstorage.py
[2026-06-15T19:15:18.000+0000] {logging_mixin.py:188} INFO - [2026-06-15T19:15:18.000+0000] {dag.py:3089} INFO - Sync 1 DAGs
[2026-06-15T19:15:18.048+0000] {logging_mixin.py:188} INFO - [2026-06-15T19:15:18.048+0000] {dag.py:3947} INFO - Setting next_dagrun for tutorial_objectstorage to None, run_after=None
[2026-06-15T19:15:18.117+0000] {processor.py:183} INFO - Processing /home/airflow/.local/lib/python3.12/site-packages/airflow/example_dags/tutorial_objectstorage.py took 0.295 seconds
[2026-06-15T19:15:48.992+0000] {processor.py:161} INFO - Started process (PID=510) to work on /home/airflow/.local/lib/python3.12/site-packages/airflow/example_dags/tutorial_objectstorage.py
[2026-06-15T19:15:48.993+0000] {processor.py:830} INFO - Processing file /home/airflow/.local/lib/python3.12/site-packages/airflow/example_dags/tutorial_objectstorage.py for tasks to queue
[2026-06-15T19:15:48.995+0000] {logging_mixin.py:188} INFO - [2026-06-15T19:15:48.995+0000] {dagbag.py:545} INFO - Filling up the DagBag from /home/airflow/.local/lib/python3.12/site-packages/airflow/example_dags/tutorial_objectstorage.py
[2026-06-15T19:15:49.004+0000] {processor.py:840} INFO - DAG(s) 'tutorial_objectstorage' retrieved from /home/airflow/.local/lib/python3.12/site-packages/airflow/example_dags/tutorial_objectstorage.py
[2026-06-15T19:15:49.027+0000] {logging_mixin.py:188} INFO - [2026-06-15T19:15:49.026+0000] {dag.py:3089} INFO - Sync 1 DAGs
[2026-06-15T19:15:49.043+0000] {logging_mixin.py:188} INFO - [2026-06-15T19:15:49.043+0000] {dag.py:3947} INFO - Setting next_dagrun for tutorial_objectstorage to None, run_after=None
[2026-06-15T19:15:49.064+0000] {processor.py:183} INFO - Processing /home/airflow/.local/lib/python3.12/site-packages/airflow/example_dags/tutorial_objectstorage.py took 0.078 seconds
[2026-06-15T19:16:19.623+0000] {processor.py:161} INFO - Started process (PID=568) to work on /home/airflow/.local/lib/python3.12/site-packages/airflow/example_dags/tutorial_objectstorage.py
[2026-06-15T19:16:19.624+0000] {processor.py:830} INFO - Processing file /home/airflow/.local/lib/python3.12/site-packages/airflow/example_dags/tutorial_objectstorage.py for tasks to queue
[2026-06-15T19:16:19.626+0000] {logging_mixin.py:188} INFO - [2026-06-15T19:16:19.626+0000] {dagbag.py:545} INFO - Filling up the DagBag from /home/airflow/.local/lib/python3.12/site-packages/airflow/example_dags/tutorial_objectstorage.py
[2026-06-15T19:16:19.634+0000] {processor.py:840} INFO - DAG(s) 'tutorial_objectstorage' retrieved from /home/airflow/.local/lib/python3.12/site-packages/airflow/example_dags/tutorial_objectstorage.py
[2026-06-15T19:16:19.659+0000] {logging_mixin.py:188} INFO - [2026-06-15T19:16:19.659+0000] {dag.py:3089} INFO - Sync 1 DAGs
[2026-06-15T19:16:19.675+0000] {logging_mixin.py:188} INFO - [2026-06-15T19:16:19.675+0000] {dag.py:3947} INFO - Setting next_dagrun for tutorial_objectstorage to None, run_after=None
[2026-06-15T19:16:19.699+0000] {processor.py:183} INFO - Processing /home/airflow/.local/lib/python3.12/site-packages/airflow/example_dags/tutorial_objectstorage.py took 0.083 seconds
[2026-06-15T19:16:49.990+0000] {processor.py:161} INFO - Started process (PID=625) to work on /home/airflow/.local/lib/python3.12/site-packages/airflow/example_dags/tutorial_objectstorage.py
[2026-06-15T19:16:49.991+0000] {processor.py:830} INFO - Processing file /home/airflow/.local/lib/python3.12/site-packages/airflow/example_dags/tutorial_objectstorage.py for tasks to queue
[2026-06-15T19:16:49.993+0000] {logging_mixin.py:188} INFO - [2026-06-15T19:16:49.993+0000] {dagbag.py:545} INFO - Filling up the DagBag from /home/airflow/.local/lib/python3.12/site-packages/airflow/example_dags/tutorial_objectstorage.py
[2026-06-15T19:16:50.002+0000] {processor.py:840} INFO - DAG(s) 'tutorial_objectstorage' retrieved from /home/airflow/.local/lib/python3.12/site-packages/airflow/example_dags/tutorial_objectstorage.py
[2026-06-15T19:16:50.025+0000] {logging_mixin.py:188} INFO - [2026-06-15T19:16:50.025+0000] {dag.py:3089} INFO - Sync 1 DAGs
[2026-06-15T19:16:50.042+0000] {logging_mixin.py:188} INFO - [2026-06-15T19:16:50.042+0000] {dag.py:3947} INFO - Setting next_dagrun for tutorial_objectstorage to None, run_after=None
[2026-06-15T19:16:50.069+0000] {processor.py:183} INFO - Processing /home/airflow/.local/lib/python3.12/site-packages/airflow/example_dags/tutorial_objectstorage.py took 0.085 seconds
[2026-06-15T19:17:20.539+0000] {processor.py:161} INFO - Started process (PID=683) to work on /home/airflow/.local/lib/python3.12/site-packages/airflow/example_dags/tutorial_objectstorage.py
[2026-06-15T19:17:20.541+0000] {processor.py:830} INFO - Processing file /home/airflow/.local/lib/python3.12/site-packages/airflow/example_dags/tutorial_objectstorage.py for tasks to queue
[2026-06-15T19:17:20.543+0000] {logging_mixin.py:188} INFO - [2026-06-15T19:17:20.543+0000] {dagbag.py:545} INFO - Filling up the DagBag from /home/airflow/.local/lib/python3.12/site-packages/airflow/example_dags/tutorial_objectstorage.py
[2026-06-15T19:17:20.551+0000] {processor.py:840} INFO - DAG(s) 'tutorial_objectstorage' retrieved from /home/airflow/.local/lib/python3.12/site-packages/airflow/example_dags/tutorial_objectstorage.py
[2026-06-15T19:17:20.576+0000] {logging_mixin.py:188} INFO - [2026-06-15T19:17:20.576+0000] {dag.py:3089} INFO - Sync 1 DAGs
[2026-06-15T19:17:20.594+0000] {logging_mixin.py:188} INFO - [2026-06-15T19:17:20.594+0000] {dag.py:3947} INFO - Setting next_dagrun for tutorial_objectstorage to None, run_after=None
[2026-06-15T19:17:20.614+0000] {processor.py:183} INFO - Processing /home/airflow/.local/lib/python3.12/site-packages/airflow/example_dags/tutorial_objectstorage.py took 0.082 seconds
[2026-06-15T19:17:51.225+0000] {processor.py:161} INFO - Started process (PID=740) to work on /home/airflow/.local/lib/python3.12/site-packages/airflow/example_dags/tutorial_objectstorage.py
[2026-06-15T19:17:51.226+0000] {processor.py:830} INFO - Processing file /home/airflow/.local/lib/python3.12/site-packages/airflow/example_dags/tutorial_objectstorage.py for tasks to queue
[2026-06-15T19:17:51.228+0000] {logging_mixin.py:188} INFO - [2026-06-15T19:17:51.227+0000] {dagbag.py:545} INFO - Filling up the DagBag from /home/airflow/.local/lib/python3.12/site-packages/airflow/example_dags/tutorial_objectstorage.py
[2026-06-15T19:17:51.236+0000] {processor.py:840} INFO - DAG(s) 'tutorial_objectstorage' retrieved from /home/airflow/.local/lib/python3.12/site-packages/airflow/example_dags/tutorial_objectstorage.py
[2026-06-15T19:17:51.267+0000] {logging_mixin.py:188} INFO - [2026-06-15T19:17:51.267+0000] {dag.py:3089} INFO - Sync 1 DAGs
[2026-06-15T19:17:51.285+0000] {logging_mixin.py:188} INFO - [2026-06-15T19:17:51.285+0000] {dag.py:3947} INFO - Setting next_dagrun for tutorial_objectstorage to None, run_after=None
[2026-06-15T19:17:51.311+0000] {processor.py:183} INFO - Processing /home/airflow/.local/lib/python3.12/site-packages/airflow/example_dags/tutorial_objectstorage.py took 0.093 seconds
[2026-06-15T19:18:21.712+0000] {processor.py:161} INFO - Started process (PID=798) to work on /home/airflow/.local/lib/python3.12/site-packages/airflow/example_dags/tutorial_objectstorage.py
[2026-06-15T19:18:21.713+0000] {processor.py:830} INFO - Processing file /home/airflow/.local/lib/python3.12/site-packages/airflow/example_dags/tutorial_objectstorage.py for tasks to queue
[2026-06-15T19:18:21.715+0000] {logging_mixin.py:188} INFO - [2026-06-15T19:18:21.715+0000] {dagbag.py:545} INFO - Filling up the DagBag from /home/airflow/.local/lib/python3.12/site-packages/airflow/example_dags/tutorial_objectstorage.py
[2026-06-15T19:18:21.724+0000] {processor.py:840} INFO - DAG(s) 'tutorial_objectstorage' retrieved from /home/airflow/.local/lib/python3.12/site-packages/airflow/example_dags/tutorial_objectstorage.py
[2026-06-15T19:18:21.748+0000] {logging_mixin.py:188} INFO - [2026-06-15T19:18:21.748+0000] {dag.py:3089} INFO - Sync 1 DAGs
[2026-06-15T19:18:21.774+0000] {logging_mixin.py:188} INFO - [2026-06-15T19:18:21.773+0000] {dag.py:3947} INFO - Setting next_dagrun for tutorial_objectstorage to None, run_after=None
[2026-06-15T19:18:21.808+0000] {processor.py:183} INFO - Processing /home/airflow/.local/lib/python3.12/site-packages/airflow/example_dags/tutorial_objectstorage.py took 0.103 seconds
[2026-06-15T19:18:52.129+0000] {processor.py:161} INFO - Started process (PID=856) to work on /home/airflow/.local/lib/python3.12/site-packages/airflow/example_dags/tutorial_objectstorage.py
[2026-06-15T19:18:52.134+0000] {processor.py:830} INFO - Processing file /home/airflow/.local/lib/python3.12/site-packages/airflow/example_dags/tutorial_objectstorage.py for tasks to queue
[2026-06-15T19:18:52.138+0000] {logging_mixin.py:188} INFO - [2026-06-15T19:18:52.138+0000] {dagbag.py:545} INFO - Filling up the DagBag from /home/airflow/.local/lib/python3.12/site-packages/airflow/example_dags/tutorial_objectstorage.py
[2026-06-15T19:18:52.156+0000] {processor.py:840} INFO - DAG(s) 'tutorial_objectstorage' retrieved from /home/airflow/.local/lib/python3.12/site-packages/airflow/example_dags/tutorial_objectstorage.py
[2026-06-15T19:18:52.221+0000] {logging_mixin.py:188} INFO - [2026-06-15T19:18:52.220+0000] {dag.py:3089} INFO - Sync 1 DAGs
[2026-06-15T19:18:52.243+0000] {logging_mixin.py:188} INFO - [2026-06-15T19:18:52.243+0000] {dag.py:3947} INFO - Setting next_dagrun for tutorial_objectstorage to None, run_after=None
[2026-06-15T19:18:52.290+0000] {processor.py:183} INFO - Processing /home/airflow/.local/lib/python3.12/site-packages/airflow/example_dags/tutorial_objectstorage.py took 0.177 seconds
[2026-06-15T19:19:22.920+0000] {processor.py:161} INFO - Started process (PID=914) to work on /home/airflow/.local/lib/python3.12/site-packages/airflow/example_dags/tutorial_objectstorage.py
[2026-06-15T19:19:22.926+0000] {processor.py:830} INFO - Processing file /home/airflow/.local/lib/python3.12/site-packages/airflow/example_dags/tutorial_objectstorage.py for tasks to queue
[2026-06-15T19:19:22.932+0000] {logging_mixin.py:188} INFO - [2026-06-15T19:19:22.932+0000] {dagbag.py:545} INFO - Filling up the DagBag from /home/airflow/.local/lib/python3.12/site-packages/airflow/example_dags/tutorial_objectstorage.py
[2026-06-15T19:19:22.962+0000] {processor.py:840} INFO - DAG(s) 'tutorial_objectstorage' retrieved from /home/airflow/.local/lib/python3.12/site-packages/airflow/example_dags/tutorial_objectstorage.py
[2026-06-15T19:19:23.036+0000] {logging_mixin.py:188} INFO - [2026-06-15T19:19:23.035+0000] {dag.py:3089} INFO - Sync 1 DAGs
[2026-06-15T19:19:23.083+0000] {logging_mixin.py:188} INFO - [2026-06-15T19:19:23.083+0000] {dag.py:3947} INFO - Setting next_dagrun for tutorial_objectstorage to None, run_after=None
[2026-06-15T19:19:23.142+0000] {processor.py:183} INFO - Processing /home/airflow/.local/lib/python3.12/site-packages/airflow/example_dags/tutorial_objectstorage.py took 0.240 seconds
[2026-06-15T19:19:53.393+0000] {processor.py:161} INFO - Started process (PID=972) to work on /home/airflow/.local/lib/python3.12/site-packages/airflow/example_dags/tutorial_objectstorage.py
[2026-06-15T19:19:53.394+0000] {processor.py:830} INFO - Processing file /home/airflow/.local/lib/python3.12/site-packages/airflow/example_dags/tutorial_objectstorage.py for tasks to queue
[2026-06-15T19:19:53.396+0000] {logging_mixin.py:188} INFO - [2026-06-15T19:19:53.396+0000] {dagbag.py:545} INFO - Filling up the DagBag from /home/airflow/.local/lib/python3.12/site-packages/airflow/example_dags/tutorial_objectstorage.py
[2026-06-15T19:19:53.404+0000] {processor.py:840} INFO - DAG(s) 'tutorial_objectstorage' retrieved from /home/airflow/.local/lib/python3.12/site-packages/airflow/example_dags/tutorial_objectstorage.py
[2026-06-15T19:19:53.428+0000] {logging_mixin.py:188} INFO - [2026-06-15T19:19:53.427+0000] {dag.py:3089} INFO - Sync 1 DAGs
[2026-06-15T19:19:53.444+0000] {logging_mixin.py:188} INFO - [2026-06-15T19:19:53.444+0000] {dag.py:3947} INFO - Setting next_dagrun for tutorial_objectstorage to None, run_after=None
[2026-06-15T19:19:53.465+0000] {processor.py:183} INFO - Processing /home/airflow/.local/lib/python3.12/site-packages/airflow/example_dags/tutorial_objectstorage.py took 0.078 seconds
[2026-06-15T19:20:23.729+0000] {processor.py:161} INFO - Started process (PID=1030) to work on /home/airflow/.local/lib/python3.12/site-packages/airflow/example_dags/tutorial_objectstorage.py
[2026-06-15T19:20:23.730+0000] {processor.py:830} INFO - Processing file /home/airflow/.local/lib/python3.12/site-packages/airflow/example_dags/tutorial_objectstorage.py for tasks to queue
[2026-06-15T19:20:23.732+0000] {logging_mixin.py:188} INFO - [2026-06-15T19:20:23.731+0000] {dagbag.py:545} INFO - Filling up the DagBag from /home/airflow/.local/lib/python3.12/site-packages/airflow/example_dags/tutorial_objectstorage.py
[2026-06-15T19:20:23.740+0000] {processor.py:840} INFO - DAG(s) 'tutorial_objectstorage' retrieved from /home/airflow/.local/lib/python3.12/site-packages/airflow/example_dags/tutorial_objectstorage.py
[2026-06-15T19:20:23.764+0000] {logging_mixin.py:188} INFO - [2026-06-15T19:20:23.764+0000] {dag.py:3089} INFO - Sync 1 DAGs
[2026-06-15T19:20:23.781+0000] {logging_mixin.py:188} INFO - [2026-06-15T19:20:23.780+0000] {dag.py:3947} INFO - Setting next_dagrun for tutorial_objectstorage to None, run_after=None
[2026-06-15T19:20:23.803+0000] {processor.py:183} INFO - Processing /home/airflow/.local/lib/python3.12/site-packages/airflow/example_dags/tutorial_objectstorage.py took 0.081 seconds
[2026-06-15T19:20:53.864+0000] {processor.py:161} INFO - Started process (PID=1088) to work on /home/airflow/.local/lib/python3.12/site-packages/airflow/example_dags/tutorial_objectstorage.py
[2026-06-15T19:20:53.865+0000] {processor.py:830} INFO - Processing file /home/airflow/.local/lib/python3.12/site-packages/airflow/example_dags/tutorial_objectstorage.py for tasks to queue
[2026-06-15T19:20:53.867+0000] {logging_mixin.py:188} INFO - [2026-06-15T19:20:53.867+0000] {dagbag.py:545} INFO - Filling up the DagBag from /home/airflow/.local/lib/python3.12/site-packages/airflow/example_dags/tutorial_objectstorage.py
[2026-06-15T19:20:53.876+0000] {processor.py:840} INFO - DAG(s) 'tutorial_objectstorage' retrieved from /home/airflow/.local/lib/python3.12/site-packages/airflow/example_dags/tutorial_objectstorage.py
[2026-06-15T19:20:53.905+0000] {logging_mixin.py:188} INFO - [2026-06-15T19:20:53.904+0000] {dag.py:3089} INFO - Sync 1 DAGs
[2026-06-15T19:20:53.922+0000] {logging_mixin.py:188} INFO - [2026-06-15T19:20:53.921+0000] {dag.py:3947} INFO - Setting next_dagrun for tutorial_objectstorage to None, run_after=None
[2026-06-15T19:20:53.944+0000] {processor.py:183} INFO - Processing /home/airflow/.local/lib/python3.12/site-packages/airflow/example_dags/tutorial_objectstorage.py took 0.088 seconds
[2026-06-15T19:21:24.317+0000] {processor.py:161} INFO - Started process (PID=1144) to work on /home/airflow/.local/lib/python3.12/site-packages/airflow/example_dags/tutorial_objectstorage.py
[2026-06-15T19:21:24.318+0000] {processor.py:830} INFO - Processing file /home/airflow/.local/lib/python3.12/site-packages/airflow/example_dags/tutorial_objectstorage.py for tasks to queue
[2026-06-15T19:21:24.320+0000] {logging_mixin.py:188} INFO - [2026-06-15T19:21:24.320+0000] {dagbag.py:545} INFO - Filling up the DagBag from /home/airflow/.local/lib/python3.12/site-packages/airflow/example_dags/tutorial_objectstorage.py
[2026-06-15T19:21:24.333+0000] {processor.py:840} INFO - DAG(s) 'tutorial_objectstorage' retrieved from /home/airflow/.local/lib/python3.12/site-packages/airflow/example_dags/tutorial_objectstorage.py
[2026-06-15T19:21:24.387+0000] {logging_mixin.py:188} INFO - [2026-06-15T19:21:24.387+0000] {dag.py:3089} INFO - Sync 1 DAGs
[2026-06-15T19:21:24.411+0000] {logging_mixin.py:188} INFO - [2026-06-15T19:21:24.410+0000] {dag.py:3947} INFO - Setting next_dagrun for tutorial_objectstorage to None, run_after=None
[2026-06-15T19:21:24.433+0000] {processor.py:183} INFO - Processing /home/airflow/.local/lib/python3.12/site-packages/airflow/example_dags/tutorial_objectstorage.py took 0.125 seconds
[2026-06-15T19:21:54.989+0000] {processor.py:161} INFO - Started process (PID=1202) to work on /home/airflow/.local/lib/python3.12/site-packages/airflow/example_dags/tutorial_objectstorage.py
[2026-06-15T19:21:55.008+0000] {processor.py:830} INFO - Processing file /home/airflow/.local/lib/python3.12/site-packages/airflow/example_dags/tutorial_objectstorage.py for tasks to queue
[2026-06-15T19:21:55.022+0000] {logging_mixin.py:188} INFO - [2026-06-15T19:21:55.022+0000] {dagbag.py:545} INFO - Filling up the DagBag from /home/airflow/.local/lib/python3.12/site-packages/airflow/example_dags/tutorial_objectstorage.py
[2026-06-15T19:21:55.051+0000] {processor.py:840} INFO - DAG(s) 'tutorial_objectstorage' retrieved from /home/airflow/.local/lib/python3.12/site-packages/airflow/example_dags/tutorial_objectstorage.py
[2026-06-15T19:21:55.085+0000] {logging_mixin.py:188} INFO - [2026-06-15T19:21:55.085+0000] {dag.py:3089} INFO - Sync 1 DAGs
[2026-06-15T19:21:55.121+0000] {logging_mixin.py:188} INFO - [2026-06-15T19:21:55.121+0000] {dag.py:3947} INFO - Setting next_dagrun for tutorial_objectstorage to None, run_after=None
[2026-06-15T19:21:55.185+0000] {processor.py:183} INFO - Processing /home/airflow/.local/lib/python3.12/site-packages/airflow/example_dags/tutorial_objectstorage.py took 0.218 seconds
[2026-06-15T19:22:25.349+0000] {processor.py:161} INFO - Started process (PID=1260) to work on /home/airflow/.local/lib/python3.12/site-packages/airflow/example_dags/tutorial_objectstorage.py
[2026-06-15T19:22:25.354+0000] {processor.py:830} INFO - Processing file /home/airflow/.local/lib/python3.12/site-packages/airflow/example_dags/tutorial_objectstorage.py for tasks to queue
[2026-06-15T19:22:25.372+0000] {logging_mixin.py:188} INFO - [2026-06-15T19:22:25.362+0000] {dagbag.py:545} INFO - Filling up the DagBag from /home/airflow/.local/lib/python3.12/site-packages/airflow/example_dags/tutorial_objectstorage.py
[2026-06-15T19:22:25.418+0000] {processor.py:840} INFO - DAG(s) 'tutorial_objectstorage' retrieved from /home/airflow/.local/lib/python3.12/site-packages/airflow/example_dags/tutorial_objectstorage.py
[2026-06-15T19:22:25.472+0000] {logging_mixin.py:188} INFO - [2026-06-15T19:22:25.472+0000] {dag.py:3089} INFO - Sync 1 DAGs
[2026-06-15T19:22:25.506+0000] {logging_mixin.py:188} INFO - [2026-06-15T19:22:25.505+0000] {dag.py:3947} INFO - Setting next_dagrun for tutorial_objectstorage to None, run_after=None
[2026-06-15T19:22:25.604+0000] {processor.py:183} INFO - Processing /home/airflow/.local/lib/python3.12/site-packages/airflow/example_dags/tutorial_objectstorage.py took 0.309 seconds
[2026-06-15T19:22:56.176+0000] {processor.py:161} INFO - Started process (PID=1318) to work on /home/airflow/.local/lib/python3.12/site-packages/airflow/example_dags/tutorial_objectstorage.py
[2026-06-15T19:22:56.177+0000] {processor.py:830} INFO - Processing file /home/airflow/.local/lib/python3.12/site-packages/airflow/example_dags/tutorial_objectstorage.py for tasks to queue
[2026-06-15T19:22:56.179+0000] {logging_mixin.py:188} INFO - [2026-06-15T19:22:56.179+0000] {dagbag.py:545} INFO - Filling up the DagBag from /home/airflow/.local/lib/python3.12/site-packages/airflow/example_dags/tutorial_objectstorage.py
[2026-06-15T19:22:56.187+0000] {processor.py:840} INFO - DAG(s) 'tutorial_objectstorage' retrieved from /home/airflow/.local/lib/python3.12/site-packages/airflow/example_dags/tutorial_objectstorage.py
[2026-06-15T19:22:56.211+0000] {logging_mixin.py:188} INFO - [2026-06-15T19:22:56.211+0000] {dag.py:3089} INFO - Sync 1 DAGs
[2026-06-15T19:22:56.228+0000] {logging_mixin.py:188} INFO - [2026-06-15T19:22:56.228+0000] {dag.py:3947} INFO - Setting next_dagrun for tutorial_objectstorage to None, run_after=None
[2026-06-15T19:22:56.248+0000] {processor.py:183} INFO - Processing /home/airflow/.local/lib/python3.12/site-packages/airflow/example_dags/tutorial_objectstorage.py took 0.079 seconds
[2026-06-15T19:23:26.863+0000] {processor.py:161} INFO - Started process (PID=1376) to work on /home/airflow/.local/lib/python3.12/site-packages/airflow/example_dags/tutorial_objectstorage.py
[2026-06-15T19:23:26.864+0000] {processor.py:830} INFO - Processing file /home/airflow/.local/lib/python3.12/site-packages/airflow/example_dags/tutorial_objectstorage.py for tasks to queue
[2026-06-15T19:23:26.867+0000] {logging_mixin.py:188} INFO - [2026-06-15T19:23:26.866+0000] {dagbag.py:545} INFO - Filling up the DagBag from /home/airflow/.local/lib/python3.12/site-packages/airflow/example_dags/tutorial_objectstorage.py
[2026-06-15T19:23:26.875+0000] {processor.py:840} INFO - DAG(s) 'tutorial_objectstorage' retrieved from /home/airflow/.local/lib/python3.12/site-packages/airflow/example_dags/tutorial_objectstorage.py
[2026-06-15T19:23:26.901+0000] {logging_mixin.py:188} INFO - [2026-06-15T19:23:26.901+0000] {dag.py:3089} INFO - Sync 1 DAGs
[2026-06-15T19:23:26.919+0000] {logging_mixin.py:188} INFO - [2026-06-15T19:23:26.918+0000] {dag.py:3947} INFO - Setting next_dagrun for tutorial_objectstorage to None, run_after=None
[2026-06-15T19:23:26.939+0000] {processor.py:183} INFO - Processing /home/airflow/.local/lib/python3.12/site-packages/airflow/example_dags/tutorial_objectstorage.py took 0.083 seconds
[2026-06-15T19:23:57.035+0000] {processor.py:161} INFO - Started process (PID=1434) to work on /home/airflow/.local/lib/python3.12/site-packages/airflow/example_dags/tutorial_objectstorage.py
[2026-06-15T19:23:57.038+0000] {processor.py:830} INFO - Processing file /home/airflow/.local/lib/python3.12/site-packages/airflow/example_dags/tutorial_objectstorage.py for tasks to queue
[2026-06-15T19:23:57.043+0000] {logging_mixin.py:188} INFO - [2026-06-15T19:23:57.042+0000] {dagbag.py:545} INFO - Filling up the DagBag from /home/airflow/.local/lib/python3.12/site-packages/airflow/example_dags/tutorial_objectstorage.py
[2026-06-15T19:23:57.068+0000] {processor.py:840} INFO - DAG(s) 'tutorial_objectstorage' retrieved from /home/airflow/.local/lib/python3.12/site-packages/airflow/example_dags/tutorial_objectstorage.py
[2026-06-15T19:23:57.117+0000] {logging_mixin.py:188} INFO - [2026-06-15T19:23:57.117+0000] {dag.py:3089} INFO - Sync 1 DAGs
[2026-06-15T19:23:57.162+0000] {logging_mixin.py:188} INFO - [2026-06-15T19:23:57.158+0000] {dag.py:3947} INFO - Setting next_dagrun for tutorial_objectstorage to None, run_after=None
[2026-06-15T19:23:57.212+0000] {processor.py:183} INFO - Processing /home/airflow/.local/lib/python3.12/site-packages/airflow/example_dags/tutorial_objectstorage.py took 0.192 seconds
[2026-06-15T19:24:27.614+0000] {processor.py:161} INFO - Started process (PID=1492) to work on /home/airflow/.local/lib/python3.12/site-packages/airflow/example_dags/tutorial_objectstorage.py
[2026-06-15T19:24:27.615+0000] {processor.py:830} INFO - Processing file /home/airflow/.local/lib/python3.12/site-packages/airflow/example_dags/tutorial_objectstorage.py for tasks to queue
[2026-06-15T19:24:27.617+0000] {logging_mixin.py:188} INFO - [2026-06-15T19:24:27.617+0000] {dagbag.py:545} INFO - Filling up the DagBag from /home/airflow/.local/lib/python3.12/site-packages/airflow/example_dags/tutorial_objectstorage.py
[2026-06-15T19:24:27.625+0000] {processor.py:840} INFO - DAG(s) 'tutorial_objectstorage' retrieved from /home/airflow/.local/lib/python3.12/site-packages/airflow/example_dags/tutorial_objectstorage.py
[2026-06-15T19:24:27.650+0000] {logging_mixin.py:188} INFO - [2026-06-15T19:24:27.649+0000] {dag.py:3089} INFO - Sync 1 DAGs
[2026-06-15T19:24:27.667+0000] {logging_mixin.py:188} INFO - [2026-06-15T19:24:27.667+0000] {dag.py:3947} INFO - Setting next_dagrun for tutorial_objectstorage to None, run_after=None
[2026-06-15T19:24:27.694+0000] {processor.py:183} INFO - Processing /home/airflow/.local/lib/python3.12/site-packages/airflow/example_dags/tutorial_objectstorage.py took 0.087 seconds
[2026-06-15T19:24:57.779+0000] {processor.py:161} INFO - Started process (PID=1550) to work on /home/airflow/.local/lib/python3.12/site-packages/airflow/example_dags/tutorial_objectstorage.py
[2026-06-15T19:24:57.780+0000] {processor.py:830} INFO - Processing file /home/airflow/.local/lib/python3.12/site-packages/airflow/example_dags/tutorial_objectstorage.py for tasks to queue
[2026-06-15T19:24:57.782+0000] {logging_mixin.py:188} INFO - [2026-06-15T19:24:57.781+0000] {dagbag.py:545} INFO - Filling up the DagBag from /home/airflow/.local/lib/python3.12/site-packages/airflow/example_dags/tutorial_objectstorage.py
[2026-06-15T19:24:57.790+0000] {processor.py:840} INFO - DAG(s) 'tutorial_objectstorage' retrieved from /home/airflow/.local/lib/python3.12/site-packages/airflow/example_dags/tutorial_objectstorage.py
[2026-06-15T19:24:57.838+0000] {logging_mixin.py:188} INFO - [2026-06-15T19:24:57.837+0000] {dag.py:3089} INFO - Sync 1 DAGs
[2026-06-15T19:24:57.873+0000] {logging_mixin.py:188} INFO - [2026-06-15T19:24:57.873+0000] {dag.py:3947} INFO - Setting next_dagrun for tutorial_objectstorage to None, run_after=None
[2026-06-15T19:24:57.935+0000] {processor.py:183} INFO - Processing /home/airflow/.local/lib/python3.12/site-packages/airflow/example_dags/tutorial_objectstorage.py took 0.163 seconds
[2026-06-15T19:25:28.509+0000] {processor.py:161} INFO - Started process (PID=1607) to work on /home/airflow/.local/lib/python3.12/site-packages/airflow/example_dags/tutorial_objectstorage.py
[2026-06-15T19:25:28.510+0000] {processor.py:830} INFO - Processing file /home/airflow/.local/lib/python3.12/site-packages/airflow/example_dags/tutorial_objectstorage.py for tasks to queue
[2026-06-15T19:25:28.512+0000] {logging_mixin.py:188} INFO - [2026-06-15T19:25:28.511+0000] {dagbag.py:545} INFO - Filling up the DagBag from /home/airflow/.local/lib/python3.12/site-packages/airflow/example_dags/tutorial_objectstorage.py
[2026-06-15T19:25:28.521+0000] {processor.py:840} INFO - DAG(s) 'tutorial_objectstorage' retrieved from /home/airflow/.local/lib/python3.12/site-packages/airflow/example_dags/tutorial_objectstorage.py
[2026-06-15T19:25:28.564+0000] {logging_mixin.py:188} INFO - [2026-06-15T19:25:28.564+0000] {dag.py:3089} INFO - Sync 1 DAGs
[2026-06-15T19:25:28.601+0000] {logging_mixin.py:188} INFO - [2026-06-15T19:25:28.601+0000] {dag.py:3947} INFO - Setting next_dagrun for tutorial_objectstorage to None, run_after=None
[2026-06-15T19:25:28.651+0000] {processor.py:183} INFO - Processing /home/airflow/.local/lib/python3.12/site-packages/airflow/example_dags/tutorial_objectstorage.py took 0.149 seconds
[2026-06-15T19:25:59.313+0000] {processor.py:161} INFO - Started process (PID=1665) to work on /home/airflow/.local/lib/python3.12/site-packages/airflow/example_dags/tutorial_objectstorage.py
[2026-06-15T19:25:59.314+0000] {processor.py:830} INFO - Processing file /home/airflow/.local/lib/python3.12/site-packages/airflow/example_dags/tutorial_objectstorage.py for tasks to queue
[2026-06-15T19:25:59.316+0000] {logging_mixin.py:188} INFO - [2026-06-15T19:25:59.315+0000] {dagbag.py:545} INFO - Filling up the DagBag from /home/airflow/.local/lib/python3.12/site-packages/airflow/example_dags/tutorial_objectstorage.py
[2026-06-15T19:25:59.325+0000] {processor.py:840} INFO - DAG(s) 'tutorial_objectstorage' retrieved from /home/airflow/.local/lib/python3.12/site-packages/airflow/example_dags/tutorial_objectstorage.py
[2026-06-15T19:25:59.350+0000] {logging_mixin.py:188} INFO - [2026-06-15T19:25:59.350+0000] {dag.py:3089} INFO - Sync 1 DAGs
[2026-06-15T19:25:59.367+0000] {logging_mixin.py:188} INFO - [2026-06-15T19:25:59.367+0000] {dag.py:3947} INFO - Setting next_dagrun for tutorial_objectstorage to None, run_after=None
[2026-06-15T19:25:59.388+0000] {processor.py:183} INFO - Processing /home/airflow/.local/lib/python3.12/site-packages/airflow/example_dags/tutorial_objectstorage.py took 0.090 seconds
[2026-06-15T19:26:29.529+0000] {processor.py:161} INFO - Started process (PID=1723) to work on /home/airflow/.local/lib/python3.12/site-packages/airflow/example_dags/tutorial_objectstorage.py
[2026-06-15T19:26:29.530+0000] {processor.py:830} INFO - Processing file /home/airflow/.local/lib/python3.12/site-packages/airflow/example_dags/tutorial_objectstorage.py for tasks to queue
[2026-06-15T19:26:29.532+0000] {logging_mixin.py:188} INFO - [2026-06-15T19:26:29.531+0000] {dagbag.py:545} INFO - Filling up the DagBag from /home/airflow/.local/lib/python3.12/site-packages/airflow/example_dags/tutorial_objectstorage.py
[2026-06-15T19:26:29.540+0000] {processor.py:840} INFO - DAG(s) 'tutorial_objectstorage' retrieved from /home/airflow/.local/lib/python3.12/site-packages/airflow/example_dags/tutorial_objectstorage.py
[2026-06-15T19:26:29.563+0000] {logging_mixin.py:188} INFO - [2026-06-15T19:26:29.563+0000] {dag.py:3089} INFO - Sync 1 DAGs
[2026-06-15T19:26:29.750+0000] {logging_mixin.py:188} INFO - [2026-06-15T19:26:29.750+0000] {dag.py:3947} INFO - Setting next_dagrun for tutorial_objectstorage to None, run_after=None
[2026-06-15T19:26:29.770+0000] {processor.py:183} INFO - Processing /home/airflow/.local/lib/python3.12/site-packages/airflow/example_dags/tutorial_objectstorage.py took 0.248 seconds
[2026-06-15T19:27:00.329+0000] {processor.py:161} INFO - Started process (PID=1781) to work on /home/airflow/.local/lib/python3.12/site-packages/airflow/example_dags/tutorial_objectstorage.py
[2026-06-15T19:27:00.330+0000] {processor.py:830} INFO - Processing file /home/airflow/.local/lib/python3.12/site-packages/airflow/example_dags/tutorial_objectstorage.py for tasks to queue
[2026-06-15T19:27:00.332+0000] {logging_mixin.py:188} INFO - [2026-06-15T19:27:00.331+0000] {dagbag.py:545} INFO - Filling up the DagBag from /home/airflow/.local/lib/python3.12/site-packages/airflow/example_dags/tutorial_objectstorage.py
[2026-06-15T19:27:00.340+0000] {processor.py:840} INFO - DAG(s) 'tutorial_objectstorage' retrieved from /home/airflow/.local/lib/python3.12/site-packages/airflow/example_dags/tutorial_objectstorage.py
[2026-06-15T19:27:00.366+0000] {logging_mixin.py:188} INFO - [2026-06-15T19:27:00.366+0000] {dag.py:3089} INFO - Sync 1 DAGs
[2026-06-15T19:27:00.659+0000] {logging_mixin.py:188} INFO - [2026-06-15T19:27:00.659+0000] {dag.py:3947} INFO - Setting next_dagrun for tutorial_objectstorage to None, run_after=None
[2026-06-15T19:27:00.675+0000] {processor.py:183} INFO - Processing /home/airflow/.local/lib/python3.12/site-packages/airflow/example_dags/tutorial_objectstorage.py took 0.353 seconds
[2026-06-15T19:27:31.399+0000] {processor.py:161} INFO - Started process (PID=1839) to work on /home/airflow/.local/lib/python3.12/site-packages/airflow/example_dags/tutorial_objectstorage.py
[2026-06-15T19:27:31.400+0000] {processor.py:830} INFO - Processing file /home/airflow/.local/lib/python3.12/site-packages/airflow/example_dags/tutorial_objectstorage.py for tasks to queue
[2026-06-15T19:27:31.402+0000] {logging_mixin.py:188} INFO - [2026-06-15T19:27:31.402+0000] {dagbag.py:545} INFO - Filling up the DagBag from /home/airflow/.local/lib/python3.12/site-packages/airflow/example_dags/tutorial_objectstorage.py
[2026-06-15T19:27:31.411+0000] {processor.py:840} INFO - DAG(s) 'tutorial_objectstorage' retrieved from /home/airflow/.local/lib/python3.12/site-packages/airflow/example_dags/tutorial_objectstorage.py
[2026-06-15T19:27:31.435+0000] {logging_mixin.py:188} INFO - [2026-06-15T19:27:31.435+0000] {dag.py:3089} INFO - Sync 1 DAGs
[2026-06-15T19:27:31.453+0000] {logging_mixin.py:188} INFO - [2026-06-15T19:27:31.452+0000] {dag.py:3947} INFO - Setting next_dagrun for tutorial_objectstorage to None, run_after=None
[2026-06-15T19:27:31.673+0000] {processor.py:183} INFO - Processing /home/airflow/.local/lib/python3.12/site-packages/airflow/example_dags/tutorial_objectstorage.py took 0.281 seconds
[2026-06-15T19:28:01.784+0000] {processor.py:161} INFO - Started process (PID=1897) to work on /home/airflow/.local/lib/python3.12/site-packages/airflow/example_dags/tutorial_objectstorage.py
[2026-06-15T19:28:01.785+0000] {processor.py:830} INFO - Processing file /home/airflow/.local/lib/python3.12/site-packages/airflow/example_dags/tutorial_objectstorage.py for tasks to queue
[2026-06-15T19:28:01.787+0000] {logging_mixin.py:188} INFO - [2026-06-15T19:28:01.787+0000] {dagbag.py:545} INFO - Filling up the DagBag from /home/airflow/.local/lib/python3.12/site-packages/airflow/example_dags/tutorial_objectstorage.py
[2026-06-15T19:28:01.795+0000] {processor.py:840} INFO - DAG(s) 'tutorial_objectstorage' retrieved from /home/airflow/.local/lib/python3.12/site-packages/airflow/example_dags/tutorial_objectstorage.py
[2026-06-15T19:28:01.821+0000] {logging_mixin.py:188} INFO - [2026-06-15T19:28:01.821+0000] {dag.py:3089} INFO - Sync 1 DAGs
[2026-06-15T19:28:01.838+0000] {logging_mixin.py:188} INFO - [2026-06-15T19:28:01.837+0000] {dag.py:3947} INFO - Setting next_dagrun for tutorial_objectstorage to None, run_after=None
[2026-06-15T19:28:01.864+0000] {processor.py:183} INFO - Processing /home/airflow/.local/lib/python3.12/site-packages/airflow/example_dags/tutorial_objectstorage.py took 0.086 seconds
[2026-06-15T19:28:32.230+0000] {processor.py:161} INFO - Started process (PID=1955) to work on /home/airflow/.local/lib/python3.12/site-packages/airflow/example_dags/tutorial_objectstorage.py
[2026-06-15T19:28:32.231+0000] {processor.py:830} INFO - Processing file /home/airflow/.local/lib/python3.12/site-packages/airflow/example_dags/tutorial_objectstorage.py for tasks to queue
[2026-06-15T19:28:32.235+0000] {logging_mixin.py:188} INFO - [2026-06-15T19:28:32.234+0000] {dagbag.py:545} INFO - Filling up the DagBag from /home/airflow/.local/lib/python3.12/site-packages/airflow/example_dags/tutorial_objectstorage.py
[2026-06-15T19:28:32.247+0000] {processor.py:840} INFO - DAG(s) 'tutorial_objectstorage' retrieved from /home/airflow/.local/lib/python3.12/site-packages/airflow/example_dags/tutorial_objectstorage.py
[2026-06-15T19:28:32.271+0000] {logging_mixin.py:188} INFO - [2026-06-15T19:28:32.270+0000] {dag.py:3089} INFO - Sync 1 DAGs
[2026-06-15T19:28:32.288+0000] {logging_mixin.py:188} INFO - [2026-06-15T19:28:32.288+0000] {dag.py:3947} INFO - Setting next_dagrun for tutorial_objectstorage to None, run_after=None
[2026-06-15T19:28:32.310+0000] {processor.py:183} INFO - Processing /home/airflow/.local/lib/python3.12/site-packages/airflow/example_dags/tutorial_objectstorage.py took 0.092 seconds
[2026-06-15T19:29:02.868+0000] {processor.py:161} INFO - Started process (PID=2012) to work on /home/airflow/.local/lib/python3.12/site-packages/airflow/example_dags/tutorial_objectstorage.py
[2026-06-15T19:29:02.869+0000] {processor.py:830} INFO - Processing file /home/airflow/.local/lib/python3.12/site-packages/airflow/example_dags/tutorial_objectstorage.py for tasks to queue
[2026-06-15T19:29:02.876+0000] {logging_mixin.py:188} INFO - [2026-06-15T19:29:02.876+0000] {dagbag.py:545} INFO - Filling up the DagBag from /home/airflow/.local/lib/python3.12/site-packages/airflow/example_dags/tutorial_objectstorage.py
[2026-06-15T19:29:02.911+0000] {processor.py:840} INFO - DAG(s) 'tutorial_objectstorage' retrieved from /home/airflow/.local/lib/python3.12/site-packages/airflow/example_dags/tutorial_objectstorage.py
[2026-06-15T19:29:02.962+0000] {logging_mixin.py:188} INFO - [2026-06-15T19:29:02.961+0000] {dag.py:3089} INFO - Sync 1 DAGs
[2026-06-15T19:29:03.008+0000] {logging_mixin.py:188} INFO - [2026-06-15T19:29:03.008+0000] {dag.py:3947} INFO - Setting next_dagrun for tutorial_objectstorage to None, run_after=None
[2026-06-15T19:29:03.059+0000] {processor.py:183} INFO - Processing /home/airflow/.local/lib/python3.12/site-packages/airflow/example_dags/tutorial_objectstorage.py took 0.220 seconds
[2026-06-15T19:29:33.239+0000] {processor.py:161} INFO - Started process (PID=2070) to work on /home/airflow/.local/lib/python3.12/site-packages/airflow/example_dags/tutorial_objectstorage.py
[2026-06-15T19:29:33.240+0000] {processor.py:830} INFO - Processing file /home/airflow/.local/lib/python3.12/site-packages/airflow/example_dags/tutorial_objectstorage.py for tasks to queue
[2026-06-15T19:29:33.242+0000] {logging_mixin.py:188} INFO - [2026-06-15T19:29:33.242+0000] {dagbag.py:545} INFO - Filling up the DagBag from /home/airflow/.local/lib/python3.12/site-packages/airflow/example_dags/tutorial_objectstorage.py
[2026-06-15T19:29:33.251+0000] {processor.py:840} INFO - DAG(s) 'tutorial_objectstorage' retrieved from /home/airflow/.local/lib/python3.12/site-packages/airflow/example_dags/tutorial_objectstorage.py
[2026-06-15T19:29:33.285+0000] {logging_mixin.py:188} INFO - [2026-06-15T19:29:33.284+0000] {dag.py:3089} INFO - Sync 1 DAGs
[2026-06-15T19:29:33.323+0000] {logging_mixin.py:188} INFO - [2026-06-15T19:29:33.322+0000] {dag.py:3947} INFO - Setting next_dagrun for tutorial_objectstorage to None, run_after=None
[2026-06-15T19:29:33.343+0000] {processor.py:183} INFO - Processing /home/airflow/.local/lib/python3.12/site-packages/airflow/example_dags/tutorial_objectstorage.py took 0.111 seconds
[2026-06-15T19:30:03.716+0000] {processor.py:161} INFO - Started process (PID=2128) to work on /home/airflow/.local/lib/python3.12/site-packages/airflow/example_dags/tutorial_objectstorage.py
[2026-06-15T19:30:03.717+0000] {processor.py:830} INFO - Processing file /home/airflow/.local/lib/python3.12/site-packages/airflow/example_dags/tutorial_objectstorage.py for tasks to queue
[2026-06-15T19:30:03.719+0000] {logging_mixin.py:188} INFO - [2026-06-15T19:30:03.718+0000] {dagbag.py:545} INFO - Filling up the DagBag from /home/airflow/.local/lib/python3.12/site-packages/airflow/example_dags/tutorial_objectstorage.py
[2026-06-15T19:30:03.734+0000] {processor.py:840} INFO - DAG(s) 'tutorial_objectstorage' retrieved from /home/airflow/.local/lib/python3.12/site-packages/airflow/example_dags/tutorial_objectstorage.py
[2026-06-15T19:30:03.800+0000] {logging_mixin.py:188} INFO - [2026-06-15T19:30:03.799+0000] {dag.py:3089} INFO - Sync 1 DAGs
[2026-06-15T19:30:03.840+0000] {logging_mixin.py:188} INFO - [2026-06-15T19:30:03.840+0000] {dag.py:3947} INFO - Setting next_dagrun for tutorial_objectstorage to None, run_after=None
[2026-06-15T19:30:03.897+0000] {processor.py:183} INFO - Processing /home/airflow/.local/lib/python3.12/site-packages/airflow/example_dags/tutorial_objectstorage.py took 0.200 seconds
[2026-06-15T19:30:34.010+0000] {processor.py:161} INFO - Started process (PID=2186) to work on /home/airflow/.local/lib/python3.12/site-packages/airflow/example_dags/tutorial_objectstorage.py
[2026-06-15T19:30:34.011+0000] {processor.py:830} INFO - Processing file /home/airflow/.local/lib/python3.12/site-packages/airflow/example_dags/tutorial_objectstorage.py for tasks to queue
[2026-06-15T19:30:34.013+0000] {logging_mixin.py:188} INFO - [2026-06-15T19:30:34.013+0000] {dagbag.py:545} INFO - Filling up the DagBag from /home/airflow/.local/lib/python3.12/site-packages/airflow/example_dags/tutorial_objectstorage.py
[2026-06-15T19:30:34.021+0000] {processor.py:840} INFO - DAG(s) 'tutorial_objectstorage' retrieved from /home/airflow/.local/lib/python3.12/site-packages/airflow/example_dags/tutorial_objectstorage.py
[2026-06-15T19:30:34.055+0000] {logging_mixin.py:188} INFO - [2026-06-15T19:30:34.055+0000] {dag.py:3089} INFO - Sync 1 DAGs
[2026-06-15T19:30:34.072+0000] {logging_mixin.py:188} INFO - [2026-06-15T19:30:34.071+0000] {dag.py:3947} INFO - Setting next_dagrun for tutorial_objectstorage to None, run_after=None
[2026-06-15T19:30:34.097+0000] {processor.py:183} INFO - Processing /home/airflow/.local/lib/python3.12/site-packages/airflow/example_dags/tutorial_objectstorage.py took 0.094 seconds
[2026-06-15T19:31:04.707+0000] {processor.py:161} INFO - Started process (PID=2244) to work on /home/airflow/.local/lib/python3.12/site-packages/airflow/example_dags/tutorial_objectstorage.py
[2026-06-15T19:31:04.708+0000] {processor.py:830} INFO - Processing file /home/airflow/.local/lib/python3.12/site-packages/airflow/example_dags/tutorial_objectstorage.py for tasks to queue
[2026-06-15T19:31:04.716+0000] {logging_mixin.py:188} INFO - [2026-06-15T19:31:04.715+0000] {dagbag.py:545} INFO - Filling up the DagBag from /home/airflow/.local/lib/python3.12/site-packages/airflow/example_dags/tutorial_objectstorage.py
[2026-06-15T19:31:04.743+0000] {processor.py:840} INFO - DAG(s) 'tutorial_objectstorage' retrieved from /home/airflow/.local/lib/python3.12/site-packages/airflow/example_dags/tutorial_objectstorage.py
[2026-06-15T19:31:04.767+0000] {logging_mixin.py:188} INFO - [2026-06-15T19:31:04.767+0000] {dag.py:3089} INFO - Sync 1 DAGs
[2026-06-15T19:31:04.782+0000] {logging_mixin.py:188} INFO - [2026-06-15T19:31:04.782+0000] {dag.py:3947} INFO - Setting next_dagrun for tutorial_objectstorage to None, run_after=None
[2026-06-15T19:31:04.807+0000] {processor.py:183} INFO - Processing /home/airflow/.local/lib/python3.12/site-packages/airflow/example_dags/tutorial_objectstorage.py took 0.147 seconds
[2026-06-15T19:31:34.863+0000] {processor.py:161} INFO - Started process (PID=2302) to work on /home/airflow/.local/lib/python3.12/site-packages/airflow/example_dags/tutorial_objectstorage.py
[2026-06-15T19:31:34.864+0000] {processor.py:830} INFO - Processing file /home/airflow/.local/lib/python3.12/site-packages/airflow/example_dags/tutorial_objectstorage.py for tasks to queue
[2026-06-15T19:31:34.865+0000] {logging_mixin.py:188} INFO - [2026-06-15T19:31:34.865+0000] {dagbag.py:545} INFO - Filling up the DagBag from /home/airflow/.local/lib/python3.12/site-packages/airflow/example_dags/tutorial_objectstorage.py
[2026-06-15T19:31:34.874+0000] {processor.py:840} INFO - DAG(s) 'tutorial_objectstorage' retrieved from /home/airflow/.local/lib/python3.12/site-packages/airflow/example_dags/tutorial_objectstorage.py
[2026-06-15T19:31:34.897+0000] {logging_mixin.py:188} INFO - [2026-06-15T19:31:34.896+0000] {dag.py:3089} INFO - Sync 1 DAGs
[2026-06-15T19:31:34.908+0000] {logging_mixin.py:188} INFO - [2026-06-15T19:31:34.907+0000] {dag.py:3947} INFO - Setting next_dagrun for tutorial_objectstorage to None, run_after=None
[2026-06-15T19:31:34.924+0000] {processor.py:183} INFO - Processing /home/airflow/.local/lib/python3.12/site-packages/airflow/example_dags/tutorial_objectstorage.py took 0.070 seconds
[2026-06-15T19:32:05.424+0000] {processor.py:161} INFO - Started process (PID=2360) to work on /home/airflow/.local/lib/python3.12/site-packages/airflow/example_dags/tutorial_objectstorage.py
[2026-06-15T19:32:05.425+0000] {processor.py:830} INFO - Processing file /home/airflow/.local/lib/python3.12/site-packages/airflow/example_dags/tutorial_objectstorage.py for tasks to queue
[2026-06-15T19:32:05.427+0000] {logging_mixin.py:188} INFO - [2026-06-15T19:32:05.427+0000] {dagbag.py:545} INFO - Filling up the DagBag from /home/airflow/.local/lib/python3.12/site-packages/airflow/example_dags/tutorial_objectstorage.py
[2026-06-15T19:32:05.436+0000] {processor.py:840} INFO - DAG(s) 'tutorial_objectstorage' retrieved from /home/airflow/.local/lib/python3.12/site-packages/airflow/example_dags/tutorial_objectstorage.py
[2026-06-15T19:32:05.460+0000] {logging_mixin.py:188} INFO - [2026-06-15T19:32:05.460+0000] {dag.py:3089} INFO - Sync 1 DAGs
[2026-06-15T19:32:05.477+0000] {logging_mixin.py:188} INFO - [2026-06-15T19:32:05.476+0000] {dag.py:3947} INFO - Setting next_dagrun for tutorial_objectstorage to None, run_after=None
[2026-06-15T19:32:05.498+0000] {processor.py:183} INFO - Processing /home/airflow/.local/lib/python3.12/site-packages/airflow/example_dags/tutorial_objectstorage.py took 0.081 seconds
[2026-06-15T19:32:35.985+0000] {processor.py:161} INFO - Started process (PID=2418) to work on /home/airflow/.local/lib/python3.12/site-packages/airflow/example_dags/tutorial_objectstorage.py
[2026-06-15T19:32:35.986+0000] {processor.py:830} INFO - Processing file /home/airflow/.local/lib/python3.12/site-packages/airflow/example_dags/tutorial_objectstorage.py for tasks to queue
[2026-06-15T19:32:35.988+0000] {logging_mixin.py:188} INFO - [2026-06-15T19:32:35.988+0000] {dagbag.py:545} INFO - Filling up the DagBag from /home/airflow/.local/lib/python3.12/site-packages/airflow/example_dags/tutorial_objectstorage.py
[2026-06-15T19:32:35.997+0000] {processor.py:840} INFO - DAG(s) 'tutorial_objectstorage' retrieved from /home/airflow/.local/lib/python3.12/site-packages/airflow/example_dags/tutorial_objectstorage.py
[2026-06-15T19:32:36.021+0000] {logging_mixin.py:188} INFO - [2026-06-15T19:32:36.021+0000] {dag.py:3089} INFO - Sync 1 DAGs
[2026-06-15T19:32:36.037+0000] {logging_mixin.py:188} INFO - [2026-06-15T19:32:36.037+0000] {dag.py:3947} INFO - Setting next_dagrun for tutorial_objectstorage to None, run_after=None
[2026-06-15T19:32:36.097+0000] {processor.py:183} INFO - Processing /home/airflow/.local/lib/python3.12/site-packages/airflow/example_dags/tutorial_objectstorage.py took 0.118 seconds
[2026-06-15T19:33:06.220+0000] {processor.py:161} INFO - Started process (PID=2475) to work on /home/airflow/.local/lib/python3.12/site-packages/airflow/example_dags/tutorial_objectstorage.py
[2026-06-15T19:33:06.220+0000] {processor.py:830} INFO - Processing file /home/airflow/.local/lib/python3.12/site-packages/airflow/example_dags/tutorial_objectstorage.py for tasks to queue
[2026-06-15T19:33:06.222+0000] {logging_mixin.py:188} INFO - [2026-06-15T19:33:06.222+0000] {dagbag.py:545} INFO - Filling up the DagBag from /home/airflow/.local/lib/python3.12/site-packages/airflow/example_dags/tutorial_objectstorage.py
[2026-06-15T19:33:06.231+0000] {processor.py:840} INFO - DAG(s) 'tutorial_objectstorage' retrieved from /home/airflow/.local/lib/python3.12/site-packages/airflow/example_dags/tutorial_objectstorage.py
[2026-06-15T19:33:06.254+0000] {logging_mixin.py:188} INFO - [2026-06-15T19:33:06.254+0000] {dag.py:3089} INFO - Sync 1 DAGs
[2026-06-15T19:33:06.272+0000] {logging_mixin.py:188} INFO - [2026-06-15T19:33:06.271+0000] {dag.py:3947} INFO - Setting next_dagrun for tutorial_objectstorage to None, run_after=None
[2026-06-15T19:33:06.294+0000] {processor.py:183} INFO - Processing /home/airflow/.local/lib/python3.12/site-packages/airflow/example_dags/tutorial_objectstorage.py took 0.082 seconds
[2026-06-15T19:33:37.042+0000] {processor.py:161} INFO - Started process (PID=2538) to work on /home/airflow/.local/lib/python3.12/site-packages/airflow/example_dags/tutorial_objectstorage.py
[2026-06-15T19:33:37.043+0000] {processor.py:830} INFO - Processing file /home/airflow/.local/lib/python3.12/site-packages/airflow/example_dags/tutorial_objectstorage.py for tasks to queue
[2026-06-15T19:33:37.045+0000] {logging_mixin.py:188} INFO - [2026-06-15T19:33:37.044+0000] {dagbag.py:545} INFO - Filling up the DagBag from /home/airflow/.local/lib/python3.12/site-packages/airflow/example_dags/tutorial_objectstorage.py
[2026-06-15T19:33:37.053+0000] {processor.py:840} INFO - DAG(s) 'tutorial_objectstorage' retrieved from /home/airflow/.local/lib/python3.12/site-packages/airflow/example_dags/tutorial_objectstorage.py
[2026-06-15T19:33:37.079+0000] {logging_mixin.py:188} INFO - [2026-06-15T19:33:37.079+0000] {dag.py:3089} INFO - Sync 1 DAGs
[2026-06-15T19:33:37.096+0000] {logging_mixin.py:188} INFO - [2026-06-15T19:33:37.095+0000] {dag.py:3947} INFO - Setting next_dagrun for tutorial_objectstorage to None, run_after=None
[2026-06-15T19:33:37.116+0000] {processor.py:183} INFO - Processing /home/airflow/.local/lib/python3.12/site-packages/airflow/example_dags/tutorial_objectstorage.py took 0.081 seconds
[2026-06-15T19:34:07.426+0000] {processor.py:161} INFO - Started process (PID=2595) to work on /home/airflow/.local/lib/python3.12/site-packages/airflow/example_dags/tutorial_objectstorage.py
[2026-06-15T19:34:07.427+0000] {processor.py:830} INFO - Processing file /home/airflow/.local/lib/python3.12/site-packages/airflow/example_dags/tutorial_objectstorage.py for tasks to queue
[2026-06-15T19:34:07.429+0000] {logging_mixin.py:188} INFO - [2026-06-15T19:34:07.429+0000] {dagbag.py:545} INFO - Filling up the DagBag from /home/airflow/.local/lib/python3.12/site-packages/airflow/example_dags/tutorial_objectstorage.py
[2026-06-15T19:34:07.437+0000] {processor.py:840} INFO - DAG(s) 'tutorial_objectstorage' retrieved from /home/airflow/.local/lib/python3.12/site-packages/airflow/example_dags/tutorial_objectstorage.py
[2026-06-15T19:34:07.462+0000] {logging_mixin.py:188} INFO - [2026-06-15T19:34:07.462+0000] {dag.py:3089} INFO - Sync 1 DAGs
[2026-06-15T19:34:07.482+0000] {logging_mixin.py:188} INFO - [2026-06-15T19:34:07.482+0000] {dag.py:3947} INFO - Setting next_dagrun for tutorial_objectstorage to None, run_after=None
[2026-06-15T19:34:07.510+0000] {processor.py:183} INFO - Processing /home/airflow/.local/lib/python3.12/site-packages/airflow/example_dags/tutorial_objectstorage.py took 0.090 seconds
[2026-06-15T19:34:37.725+0000] {processor.py:161} INFO - Started process (PID=2653) to work on /home/airflow/.local/lib/python3.12/site-packages/airflow/example_dags/tutorial_objectstorage.py
[2026-06-15T19:34:37.726+0000] {processor.py:830} INFO - Processing file /home/airflow/.local/lib/python3.12/site-packages/airflow/example_dags/tutorial_objectstorage.py for tasks to queue
[2026-06-15T19:34:37.728+0000] {logging_mixin.py:188} INFO - [2026-06-15T19:34:37.727+0000] {dagbag.py:545} INFO - Filling up the DagBag from /home/airflow/.local/lib/python3.12/site-packages/airflow/example_dags/tutorial_objectstorage.py
[2026-06-15T19:34:37.737+0000] {processor.py:840} INFO - DAG(s) 'tutorial_objectstorage' retrieved from /home/airflow/.local/lib/python3.12/site-packages/airflow/example_dags/tutorial_objectstorage.py
[2026-06-15T19:34:37.783+0000] {logging_mixin.py:188} INFO - [2026-06-15T19:34:37.783+0000] {dag.py:3089} INFO - Sync 1 DAGs
[2026-06-15T19:34:37.818+0000] {logging_mixin.py:188} INFO - [2026-06-15T19:34:37.815+0000] {dag.py:3947} INFO - Setting next_dagrun for tutorial_objectstorage to None, run_after=None
[2026-06-15T19:34:37.866+0000] {processor.py:183} INFO - Processing /home/airflow/.local/lib/python3.12/site-packages/airflow/example_dags/tutorial_objectstorage.py took 0.156 seconds
[2026-06-15T19:35:08.315+0000] {processor.py:161} INFO - Started process (PID=2711) to work on /home/airflow/.local/lib/python3.12/site-packages/airflow/example_dags/tutorial_objectstorage.py
[2026-06-15T19:35:08.316+0000] {processor.py:830} INFO - Processing file /home/airflow/.local/lib/python3.12/site-packages/airflow/example_dags/tutorial_objectstorage.py for tasks to queue
[2026-06-15T19:35:08.318+0000] {logging_mixin.py:188} INFO - [2026-06-15T19:35:08.318+0000] {dagbag.py:545} INFO - Filling up the DagBag from /home/airflow/.local/lib/python3.12/site-packages/airflow/example_dags/tutorial_objectstorage.py
[2026-06-15T19:35:08.326+0000] {processor.py:840} INFO - DAG(s) 'tutorial_objectstorage' retrieved from /home/airflow/.local/lib/python3.12/site-packages/airflow/example_dags/tutorial_objectstorage.py
[2026-06-15T19:35:08.351+0000] {logging_mixin.py:188} INFO - [2026-06-15T19:35:08.351+0000] {dag.py:3089} INFO - Sync 1 DAGs
[2026-06-15T19:35:08.368+0000] {logging_mixin.py:188} INFO - [2026-06-15T19:35:08.367+0000] {dag.py:3947} INFO - Setting next_dagrun for tutorial_objectstorage to None, run_after=None
[2026-06-15T19:35:08.388+0000] {processor.py:183} INFO - Processing /home/airflow/.local/lib/python3.12/site-packages/airflow/example_dags/tutorial_objectstorage.py took 0.080 seconds
[2026-06-15T19:35:38.512+0000] {processor.py:161} INFO - Started process (PID=2769) to work on /home/airflow/.local/lib/python3.12/site-packages/airflow/example_dags/tutorial_objectstorage.py
[2026-06-15T19:35:38.513+0000] {processor.py:830} INFO - Processing file /home/airflow/.local/lib/python3.12/site-packages/airflow/example_dags/tutorial_objectstorage.py for tasks to queue
[2026-06-15T19:35:38.515+0000] {logging_mixin.py:188} INFO - [2026-06-15T19:35:38.515+0000] {dagbag.py:545} INFO - Filling up the DagBag from /home/airflow/.local/lib/python3.12/site-packages/airflow/example_dags/tutorial_objectstorage.py
[2026-06-15T19:35:38.526+0000] {processor.py:840} INFO - DAG(s) 'tutorial_objectstorage' retrieved from /home/airflow/.local/lib/python3.12/site-packages/airflow/example_dags/tutorial_objectstorage.py
[2026-06-15T19:35:38.556+0000] {logging_mixin.py:188} INFO - [2026-06-15T19:35:38.555+0000] {dag.py:3089} INFO - Sync 1 DAGs
[2026-06-15T19:35:38.578+0000] {logging_mixin.py:188} INFO - [2026-06-15T19:35:38.578+0000] {dag.py:3947} INFO - Setting next_dagrun for tutorial_objectstorage to None, run_after=None
[2026-06-15T19:35:38.613+0000] {processor.py:183} INFO - Processing /home/airflow/.local/lib/python3.12/site-packages/airflow/example_dags/tutorial_objectstorage.py took 0.115 seconds
[2026-06-15T19:36:08.857+0000] {processor.py:161} INFO - Started process (PID=2827) to work on /home/airflow/.local/lib/python3.12/site-packages/airflow/example_dags/tutorial_objectstorage.py
[2026-06-15T19:36:08.858+0000] {processor.py:830} INFO - Processing file /home/airflow/.local/lib/python3.12/site-packages/airflow/example_dags/tutorial_objectstorage.py for tasks to queue
[2026-06-15T19:36:08.860+0000] {logging_mixin.py:188} INFO - [2026-06-15T19:36:08.859+0000] {dagbag.py:545} INFO - Filling up the DagBag from /home/airflow/.local/lib/python3.12/site-packages/airflow/example_dags/tutorial_objectstorage.py
[2026-06-15T19:36:08.868+0000] {processor.py:840} INFO - DAG(s) 'tutorial_objectstorage' retrieved from /home/airflow/.local/lib/python3.12/site-packages/airflow/example_dags/tutorial_objectstorage.py
[2026-06-15T19:36:08.895+0000] {logging_mixin.py:188} INFO - [2026-06-15T19:36:08.895+0000] {dag.py:3089} INFO - Sync 1 DAGs
[2026-06-15T19:36:08.912+0000] {logging_mixin.py:188} INFO - [2026-06-15T19:36:08.912+0000] {dag.py:3947} INFO - Setting next_dagrun for tutorial_objectstorage to None, run_after=None
[2026-06-15T19:36:08.934+0000] {processor.py:183} INFO - Processing /home/airflow/.local/lib/python3.12/site-packages/airflow/example_dags/tutorial_objectstorage.py took 0.083 seconds
[2026-06-15T19:36:39.411+0000] {processor.py:161} INFO - Started process (PID=2885) to work on /home/airflow/.local/lib/python3.12/site-packages/airflow/example_dags/tutorial_objectstorage.py
[2026-06-15T19:36:39.412+0000] {processor.py:830} INFO - Processing file /home/airflow/.local/lib/python3.12/site-packages/airflow/example_dags/tutorial_objectstorage.py for tasks to queue
[2026-06-15T19:36:39.414+0000] {logging_mixin.py:188} INFO - [2026-06-15T19:36:39.414+0000] {dagbag.py:545} INFO - Filling up the DagBag from /home/airflow/.local/lib/python3.12/site-packages/airflow/example_dags/tutorial_objectstorage.py
[2026-06-15T19:36:39.422+0000] {processor.py:840} INFO - DAG(s) 'tutorial_objectstorage' retrieved from /home/airflow/.local/lib/python3.12/site-packages/airflow/example_dags/tutorial_objectstorage.py
[2026-06-15T19:36:39.447+0000] {logging_mixin.py:188} INFO - [2026-06-15T19:36:39.447+0000] {dag.py:3089} INFO - Sync 1 DAGs
[2026-06-15T19:36:39.465+0000] {logging_mixin.py:188} INFO - [2026-06-15T19:36:39.464+0000] {dag.py:3947} INFO - Setting next_dagrun for tutorial_objectstorage to None, run_after=None
[2026-06-15T19:36:39.487+0000] {processor.py:183} INFO - Processing /home/airflow/.local/lib/python3.12/site-packages/airflow/example_dags/tutorial_objectstorage.py took 0.083 seconds
[2026-06-15T19:37:09.694+0000] {processor.py:161} INFO - Started process (PID=2943) to work on /home/airflow/.local/lib/python3.12/site-packages/airflow/example_dags/tutorial_objectstorage.py
[2026-06-15T19:37:09.695+0000] {processor.py:830} INFO - Processing file /home/airflow/.local/lib/python3.12/site-packages/airflow/example_dags/tutorial_objectstorage.py for tasks to queue
[2026-06-15T19:37:09.697+0000] {logging_mixin.py:188} INFO - [2026-06-15T19:37:09.697+0000] {dagbag.py:545} INFO - Filling up the DagBag from /home/airflow/.local/lib/python3.12/site-packages/airflow/example_dags/tutorial_objectstorage.py
[2026-06-15T19:37:09.705+0000] {processor.py:840} INFO - DAG(s) 'tutorial_objectstorage' retrieved from /home/airflow/.local/lib/python3.12/site-packages/airflow/example_dags/tutorial_objectstorage.py
[2026-06-15T19:37:09.730+0000] {logging_mixin.py:188} INFO - [2026-06-15T19:37:09.730+0000] {dag.py:3089} INFO - Sync 1 DAGs
[2026-06-15T19:37:09.747+0000] {logging_mixin.py:188} INFO - [2026-06-15T19:37:09.747+0000] {dag.py:3947} INFO - Setting next_dagrun for tutorial_objectstorage to None, run_after=None
[2026-06-15T19:37:09.767+0000] {processor.py:183} INFO - Processing /home/airflow/.local/lib/python3.12/site-packages/airflow/example_dags/tutorial_objectstorage.py took 0.080 seconds
[2026-06-15T19:37:39.891+0000] {processor.py:161} INFO - Started process (PID=3000) to work on /home/airflow/.local/lib/python3.12/site-packages/airflow/example_dags/tutorial_objectstorage.py
[2026-06-15T19:37:39.891+0000] {processor.py:830} INFO - Processing file /home/airflow/.local/lib/python3.12/site-packages/airflow/example_dags/tutorial_objectstorage.py for tasks to queue
[2026-06-15T19:37:39.893+0000] {logging_mixin.py:188} INFO - [2026-06-15T19:37:39.893+0000] {dagbag.py:545} INFO - Filling up the DagBag from /home/airflow/.local/lib/python3.12/site-packages/airflow/example_dags/tutorial_objectstorage.py
[2026-06-15T19:37:39.902+0000] {processor.py:840} INFO - DAG(s) 'tutorial_objectstorage' retrieved from /home/airflow/.local/lib/python3.12/site-packages/airflow/example_dags/tutorial_objectstorage.py
[2026-06-15T19:37:39.926+0000] {logging_mixin.py:188} INFO - [2026-06-15T19:37:39.926+0000] {dag.py:3089} INFO - Sync 1 DAGs
[2026-06-15T19:37:39.944+0000] {logging_mixin.py:188} INFO - [2026-06-15T19:37:39.943+0000] {dag.py:3947} INFO - Setting next_dagrun for tutorial_objectstorage to None, run_after=None
[2026-06-15T19:37:39.966+0000] {processor.py:183} INFO - Processing /home/airflow/.local/lib/python3.12/site-packages/airflow/example_dags/tutorial_objectstorage.py took 0.082 seconds
[2026-06-15T19:38:10.247+0000] {processor.py:161} INFO - Started process (PID=3058) to work on /home/airflow/.local/lib/python3.12/site-packages/airflow/example_dags/tutorial_objectstorage.py
[2026-06-15T19:38:10.248+0000] {processor.py:830} INFO - Processing file /home/airflow/.local/lib/python3.12/site-packages/airflow/example_dags/tutorial_objectstorage.py for tasks to queue
[2026-06-15T19:38:10.250+0000] {logging_mixin.py:188} INFO - [2026-06-15T19:38:10.249+0000] {dagbag.py:545} INFO - Filling up the DagBag from /home/airflow/.local/lib/python3.12/site-packages/airflow/example_dags/tutorial_objectstorage.py
[2026-06-15T19:38:10.258+0000] {processor.py:840} INFO - DAG(s) 'tutorial_objectstorage' retrieved from /home/airflow/.local/lib/python3.12/site-packages/airflow/example_dags/tutorial_objectstorage.py
[2026-06-15T19:38:10.281+0000] {logging_mixin.py:188} INFO - [2026-06-15T19:38:10.281+0000] {dag.py:3089} INFO - Sync 1 DAGs
[2026-06-15T19:38:10.303+0000] {logging_mixin.py:188} INFO - [2026-06-15T19:38:10.303+0000] {dag.py:3947} INFO - Setting next_dagrun for tutorial_objectstorage to None, run_after=None
[2026-06-15T19:38:10.325+0000] {processor.py:183} INFO - Processing /home/airflow/.local/lib/python3.12/site-packages/airflow/example_dags/tutorial_objectstorage.py took 0.085 seconds
[2026-06-15T19:38:40.830+0000] {processor.py:161} INFO - Started process (PID=3116) to work on /home/airflow/.local/lib/python3.12/site-packages/airflow/example_dags/tutorial_objectstorage.py
[2026-06-15T19:38:40.831+0000] {processor.py:830} INFO - Processing file /home/airflow/.local/lib/python3.12/site-packages/airflow/example_dags/tutorial_objectstorage.py for tasks to queue
[2026-06-15T19:38:40.833+0000] {logging_mixin.py:188} INFO - [2026-06-15T19:38:40.833+0000] {dagbag.py:545} INFO - Filling up the DagBag from /home/airflow/.local/lib/python3.12/site-packages/airflow/example_dags/tutorial_objectstorage.py
[2026-06-15T19:38:40.842+0000] {processor.py:840} INFO - DAG(s) 'tutorial_objectstorage' retrieved from /home/airflow/.local/lib/python3.12/site-packages/airflow/example_dags/tutorial_objectstorage.py
[2026-06-15T19:38:40.873+0000] {logging_mixin.py:188} INFO - [2026-06-15T19:38:40.872+0000] {dag.py:3089} INFO - Sync 1 DAGs
[2026-06-15T19:38:40.893+0000] {logging_mixin.py:188} INFO - [2026-06-15T19:38:40.891+0000] {dag.py:3947} INFO - Setting next_dagrun for tutorial_objectstorage to None, run_after=None
[2026-06-15T19:38:40.914+0000] {processor.py:183} INFO - Processing /home/airflow/.local/lib/python3.12/site-packages/airflow/example_dags/tutorial_objectstorage.py took 0.091 seconds
[2026-06-15T19:39:11.365+0000] {processor.py:161} INFO - Started process (PID=3174) to work on /home/airflow/.local/lib/python3.12/site-packages/airflow/example_dags/tutorial_objectstorage.py
[2026-06-15T19:39:11.366+0000] {processor.py:830} INFO - Processing file /home/airflow/.local/lib/python3.12/site-packages/airflow/example_dags/tutorial_objectstorage.py for tasks to queue
[2026-06-15T19:39:11.368+0000] {logging_mixin.py:188} INFO - [2026-06-15T19:39:11.368+0000] {dagbag.py:545} INFO - Filling up the DagBag from /home/airflow/.local/lib/python3.12/site-packages/airflow/example_dags/tutorial_objectstorage.py
[2026-06-15T19:39:11.377+0000] {processor.py:840} INFO - DAG(s) 'tutorial_objectstorage' retrieved from /home/airflow/.local/lib/python3.12/site-packages/airflow/example_dags/tutorial_objectstorage.py
[2026-06-15T19:39:11.400+0000] {logging_mixin.py:188} INFO - [2026-06-15T19:39:11.400+0000] {dag.py:3089} INFO - Sync 1 DAGs
[2026-06-15T19:39:11.430+0000] {logging_mixin.py:188} INFO - [2026-06-15T19:39:11.430+0000] {dag.py:3947} INFO - Setting next_dagrun for tutorial_objectstorage to None, run_after=None
[2026-06-15T19:39:11.458+0000] {processor.py:183} INFO - Processing /home/airflow/.local/lib/python3.12/site-packages/airflow/example_dags/tutorial_objectstorage.py took 0.100 seconds
[2026-06-15T19:39:41.688+0000] {processor.py:161} INFO - Started process (PID=3232) to work on /home/airflow/.local/lib/python3.12/site-packages/airflow/example_dags/tutorial_objectstorage.py
[2026-06-15T19:39:41.689+0000] {processor.py:830} INFO - Processing file /home/airflow/.local/lib/python3.12/site-packages/airflow/example_dags/tutorial_objectstorage.py for tasks to queue
[2026-06-15T19:39:41.691+0000] {logging_mixin.py:188} INFO - [2026-06-15T19:39:41.691+0000] {dagbag.py:545} INFO - Filling up the DagBag from /home/airflow/.local/lib/python3.12/site-packages/airflow/example_dags/tutorial_objectstorage.py
[2026-06-15T19:39:41.700+0000] {processor.py:840} INFO - DAG(s) 'tutorial_objectstorage' retrieved from /home/airflow/.local/lib/python3.12/site-packages/airflow/example_dags/tutorial_objectstorage.py
[2026-06-15T19:39:41.724+0000] {logging_mixin.py:188} INFO - [2026-06-15T19:39:41.724+0000] {dag.py:3089} INFO - Sync 1 DAGs
[2026-06-15T19:39:41.740+0000] {logging_mixin.py:188} INFO - [2026-06-15T19:39:41.740+0000] {dag.py:3947} INFO - Setting next_dagrun for tutorial_objectstorage to None, run_after=None
[2026-06-15T19:39:41.761+0000] {processor.py:183} INFO - Processing /home/airflow/.local/lib/python3.12/site-packages/airflow/example_dags/tutorial_objectstorage.py took 0.079 seconds
[2026-06-15T19:40:12.580+0000] {processor.py:161} INFO - Started process (PID=3290) to work on /home/airflow/.local/lib/python3.12/site-packages/airflow/example_dags/tutorial_objectstorage.py
[2026-06-15T19:40:12.581+0000] {processor.py:830} INFO - Processing file /home/airflow/.local/lib/python3.12/site-packages/airflow/example_dags/tutorial_objectstorage.py for tasks to queue
[2026-06-15T19:40:12.583+0000] {logging_mixin.py:188} INFO - [2026-06-15T19:40:12.582+0000] {dagbag.py:545} INFO - Filling up the DagBag from /home/airflow/.local/lib/python3.12/site-packages/airflow/example_dags/tutorial_objectstorage.py
[2026-06-15T19:40:12.591+0000] {processor.py:840} INFO - DAG(s) 'tutorial_objectstorage' retrieved from /home/airflow/.local/lib/python3.12/site-packages/airflow/example_dags/tutorial_objectstorage.py
[2026-06-15T19:40:12.615+0000] {logging_mixin.py:188} INFO - [2026-06-15T19:40:12.615+0000] {dag.py:3089} INFO - Sync 1 DAGs
[2026-06-15T19:40:12.632+0000] {logging_mixin.py:188} INFO - [2026-06-15T19:40:12.632+0000] {dag.py:3947} INFO - Setting next_dagrun for tutorial_objectstorage to None, run_after=None
[2026-06-15T19:40:12.655+0000] {processor.py:183} INFO - Processing /home/airflow/.local/lib/python3.12/site-packages/airflow/example_dags/tutorial_objectstorage.py took 0.082 seconds
[2026-06-15T19:40:43.025+0000] {processor.py:161} INFO - Started process (PID=3348) to work on /home/airflow/.local/lib/python3.12/site-packages/airflow/example_dags/tutorial_objectstorage.py
[2026-06-15T19:40:43.026+0000] {processor.py:830} INFO - Processing file /home/airflow/.local/lib/python3.12/site-packages/airflow/example_dags/tutorial_objectstorage.py for tasks to queue
[2026-06-15T19:40:43.028+0000] {logging_mixin.py:188} INFO - [2026-06-15T19:40:43.028+0000] {dagbag.py:545} INFO - Filling up the DagBag from /home/airflow/.local/lib/python3.12/site-packages/airflow/example_dags/tutorial_objectstorage.py
[2026-06-15T19:40:43.037+0000] {processor.py:840} INFO - DAG(s) 'tutorial_objectstorage' retrieved from /home/airflow/.local/lib/python3.12/site-packages/airflow/example_dags/tutorial_objectstorage.py
[2026-06-15T19:40:43.061+0000] {logging_mixin.py:188} INFO - [2026-06-15T19:40:43.060+0000] {dag.py:3089} INFO - Sync 1 DAGs
[2026-06-15T19:40:43.078+0000] {logging_mixin.py:188} INFO - [2026-06-15T19:40:43.077+0000] {dag.py:3947} INFO - Setting next_dagrun for tutorial_objectstorage to None, run_after=None
[2026-06-15T19:40:43.098+0000] {processor.py:183} INFO - Processing /home/airflow/.local/lib/python3.12/site-packages/airflow/example_dags/tutorial_objectstorage.py took 0.080 seconds
[2026-06-15T19:41:13.266+0000] {processor.py:161} INFO - Started process (PID=3405) to work on /home/airflow/.local/lib/python3.12/site-packages/airflow/example_dags/tutorial_objectstorage.py
[2026-06-15T19:41:13.267+0000] {processor.py:830} INFO - Processing file /home/airflow/.local/lib/python3.12/site-packages/airflow/example_dags/tutorial_objectstorage.py for tasks to queue
[2026-06-15T19:41:13.269+0000] {logging_mixin.py:188} INFO - [2026-06-15T19:41:13.268+0000] {dagbag.py:545} INFO - Filling up the DagBag from /home/airflow/.local/lib/python3.12/site-packages/airflow/example_dags/tutorial_objectstorage.py
[2026-06-15T19:41:13.279+0000] {processor.py:840} INFO - DAG(s) 'tutorial_objectstorage' retrieved from /home/airflow/.local/lib/python3.12/site-packages/airflow/example_dags/tutorial_objectstorage.py
[2026-06-15T19:41:13.308+0000] {logging_mixin.py:188} INFO - [2026-06-15T19:41:13.307+0000] {dag.py:3089} INFO - Sync 1 DAGs
[2026-06-15T19:41:13.325+0000] {logging_mixin.py:188} INFO - [2026-06-15T19:41:13.325+0000] {dag.py:3947} INFO - Setting next_dagrun for tutorial_objectstorage to None, run_after=None
[2026-06-15T19:41:13.347+0000] {processor.py:183} INFO - Processing /home/airflow/.local/lib/python3.12/site-packages/airflow/example_dags/tutorial_objectstorage.py took 0.096 seconds
[2026-06-15T19:41:43.865+0000] {processor.py:161} INFO - Started process (PID=3463) to work on /home/airflow/.local/lib/python3.12/site-packages/airflow/example_dags/tutorial_objectstorage.py
[2026-06-15T19:41:43.866+0000] {processor.py:830} INFO - Processing file /home/airflow/.local/lib/python3.12/site-packages/airflow/example_dags/tutorial_objectstorage.py for tasks to queue
[2026-06-15T19:41:43.868+0000] {logging_mixin.py:188} INFO - [2026-06-15T19:41:43.868+0000] {dagbag.py:545} INFO - Filling up the DagBag from /home/airflow/.local/lib/python3.12/site-packages/airflow/example_dags/tutorial_objectstorage.py
[2026-06-15T19:41:43.876+0000] {processor.py:840} INFO - DAG(s) 'tutorial_objectstorage' retrieved from /home/airflow/.local/lib/python3.12/site-packages/airflow/example_dags/tutorial_objectstorage.py
[2026-06-15T19:41:43.902+0000] {logging_mixin.py:188} INFO - [2026-06-15T19:41:43.902+0000] {dag.py:3089} INFO - Sync 1 DAGs
[2026-06-15T19:41:43.919+0000] {logging_mixin.py:188} INFO - [2026-06-15T19:41:43.918+0000] {dag.py:3947} INFO - Setting next_dagrun for tutorial_objectstorage to None, run_after=None
[2026-06-15T19:41:43.939+0000] {processor.py:183} INFO - Processing /home/airflow/.local/lib/python3.12/site-packages/airflow/example_dags/tutorial_objectstorage.py took 0.081 seconds
[2026-06-15T19:42:14.934+0000] {processor.py:161} INFO - Started process (PID=3521) to work on /home/airflow/.local/lib/python3.12/site-packages/airflow/example_dags/tutorial_objectstorage.py
[2026-06-15T19:42:14.935+0000] {processor.py:830} INFO - Processing file /home/airflow/.local/lib/python3.12/site-packages/airflow/example_dags/tutorial_objectstorage.py for tasks to queue
[2026-06-15T19:42:14.939+0000] {logging_mixin.py:188} INFO - [2026-06-15T19:42:14.939+0000] {dagbag.py:545} INFO - Filling up the DagBag from /home/airflow/.local/lib/python3.12/site-packages/airflow/example_dags/tutorial_objectstorage.py
[2026-06-15T19:42:14.950+0000] {processor.py:840} INFO - DAG(s) 'tutorial_objectstorage' retrieved from /home/airflow/.local/lib/python3.12/site-packages/airflow/example_dags/tutorial_objectstorage.py
[2026-06-15T19:42:15.005+0000] {logging_mixin.py:188} INFO - [2026-06-15T19:42:15.004+0000] {dag.py:3089} INFO - Sync 1 DAGs
[2026-06-15T19:42:15.046+0000] {logging_mixin.py:188} INFO - [2026-06-15T19:42:15.046+0000] {dag.py:3947} INFO - Setting next_dagrun for tutorial_objectstorage to None, run_after=None
[2026-06-15T19:42:15.068+0000] {processor.py:183} INFO - Processing /home/airflow/.local/lib/python3.12/site-packages/airflow/example_dags/tutorial_objectstorage.py took 0.151 seconds
[2026-06-15T19:42:45.242+0000] {processor.py:161} INFO - Started process (PID=3579) to work on /home/airflow/.local/lib/python3.12/site-packages/airflow/example_dags/tutorial_objectstorage.py
[2026-06-15T19:42:45.243+0000] {processor.py:830} INFO - Processing file /home/airflow/.local/lib/python3.12/site-packages/airflow/example_dags/tutorial_objectstorage.py for tasks to queue
[2026-06-15T19:42:45.245+0000] {logging_mixin.py:188} INFO - [2026-06-15T19:42:45.245+0000] {dagbag.py:545} INFO - Filling up the DagBag from /home/airflow/.local/lib/python3.12/site-packages/airflow/example_dags/tutorial_objectstorage.py
[2026-06-15T19:42:45.254+0000] {processor.py:840} INFO - DAG(s) 'tutorial_objectstorage' retrieved from /home/airflow/.local/lib/python3.12/site-packages/airflow/example_dags/tutorial_objectstorage.py
[2026-06-15T19:42:45.278+0000] {logging_mixin.py:188} INFO - [2026-06-15T19:42:45.277+0000] {dag.py:3089} INFO - Sync 1 DAGs
[2026-06-15T19:42:45.294+0000] {logging_mixin.py:188} INFO - [2026-06-15T19:42:45.294+0000] {dag.py:3947} INFO - Setting next_dagrun for tutorial_objectstorage to None, run_after=None
[2026-06-15T19:42:45.314+0000] {processor.py:183} INFO - Processing /home/airflow/.local/lib/python3.12/site-packages/airflow/example_dags/tutorial_objectstorage.py took 0.079 seconds
[2026-06-15T19:43:15.556+0000] {processor.py:161} INFO - Started process (PID=3637) to work on /home/airflow/.local/lib/python3.12/site-packages/airflow/example_dags/tutorial_objectstorage.py
[2026-06-15T19:43:15.556+0000] {processor.py:830} INFO - Processing file /home/airflow/.local/lib/python3.12/site-packages/airflow/example_dags/tutorial_objectstorage.py for tasks to queue
[2026-06-15T19:43:15.558+0000] {logging_mixin.py:188} INFO - [2026-06-15T19:43:15.558+0000] {dagbag.py:545} INFO - Filling up the DagBag from /home/airflow/.local/lib/python3.12/site-packages/airflow/example_dags/tutorial_objectstorage.py
[2026-06-15T19:43:15.567+0000] {processor.py:840} INFO - DAG(s) 'tutorial_objectstorage' retrieved from /home/airflow/.local/lib/python3.12/site-packages/airflow/example_dags/tutorial_objectstorage.py
[2026-06-15T19:43:15.591+0000] {logging_mixin.py:188} INFO - [2026-06-15T19:43:15.591+0000] {dag.py:3089} INFO - Sync 1 DAGs
[2026-06-15T19:43:15.609+0000] {logging_mixin.py:188} INFO - [2026-06-15T19:43:15.609+0000] {dag.py:3947} INFO - Setting next_dagrun for tutorial_objectstorage to None, run_after=None
[2026-06-15T19:43:15.629+0000] {processor.py:183} INFO - Processing /home/airflow/.local/lib/python3.12/site-packages/airflow/example_dags/tutorial_objectstorage.py took 0.081 seconds
[2026-06-15T19:43:46.233+0000] {processor.py:161} INFO - Started process (PID=3695) to work on /home/airflow/.local/lib/python3.12/site-packages/airflow/example_dags/tutorial_objectstorage.py
[2026-06-15T19:43:46.233+0000] {processor.py:830} INFO - Processing file /home/airflow/.local/lib/python3.12/site-packages/airflow/example_dags/tutorial_objectstorage.py for tasks to queue
[2026-06-15T19:43:46.236+0000] {logging_mixin.py:188} INFO - [2026-06-15T19:43:46.235+0000] {dagbag.py:545} INFO - Filling up the DagBag from /home/airflow/.local/lib/python3.12/site-packages/airflow/example_dags/tutorial_objectstorage.py
[2026-06-15T19:43:46.244+0000] {processor.py:840} INFO - DAG(s) 'tutorial_objectstorage' retrieved from /home/airflow/.local/lib/python3.12/site-packages/airflow/example_dags/tutorial_objectstorage.py
[2026-06-15T19:43:46.268+0000] {logging_mixin.py:188} INFO - [2026-06-15T19:43:46.268+0000] {dag.py:3089} INFO - Sync 1 DAGs
[2026-06-15T19:43:46.287+0000] {logging_mixin.py:188} INFO - [2026-06-15T19:43:46.287+0000] {dag.py:3947} INFO - Setting next_dagrun for tutorial_objectstorage to None, run_after=None
[2026-06-15T19:43:46.309+0000] {processor.py:183} INFO - Processing /home/airflow/.local/lib/python3.12/site-packages/airflow/example_dags/tutorial_objectstorage.py took 0.084 seconds
