[2026-06-15T19:12:16.832+0000] {processor.py:161} INFO - Started process (PID=109) to work on /home/airflow/.local/lib/python3.12/site-packages/airflow/example_dags/tutorial_taskflow_api_virtualenv.py
[2026-06-15T19:12:16.833+0000] {processor.py:830} INFO - Processing file /home/airflow/.local/lib/python3.12/site-packages/airflow/example_dags/tutorial_taskflow_api_virtualenv.py for tasks to queue
[2026-06-15T19:12:16.841+0000] {logging_mixin.py:188} INFO - [2026-06-15T19:12:16.841+0000] {dagbag.py:545} INFO - Filling up the DagBag from /home/airflow/.local/lib/python3.12/site-packages/airflow/example_dags/tutorial_taskflow_api_virtualenv.py
[2026-06-15T19:12:16.929+0000] {processor.py:840} INFO - DAG(s) 'tutorial_taskflow_api_virtualenv' retrieved from /home/airflow/.local/lib/python3.12/site-packages/airflow/example_dags/tutorial_taskflow_api_virtualenv.py
[2026-06-15T19:12:17.636+0000] {logging_mixin.py:188} INFO - [2026-06-15T19:12:17.632+0000] {dag.py:3089} INFO - Sync 1 DAGs
[2026-06-15T19:12:17.741+0000] {logging_mixin.py:188} INFO - [2026-06-15T19:12:17.741+0000] {dag.py:3947} INFO - Setting next_dagrun for tutorial_taskflow_api_virtualenv to None, run_after=None
[2026-06-15T19:12:17.967+0000] {processor.py:183} INFO - Processing /home/airflow/.local/lib/python3.12/site-packages/airflow/example_dags/tutorial_taskflow_api_virtualenv.py took 1.254 seconds
[2026-06-15T19:12:48.325+0000] {processor.py:161} INFO - Started process (PID=167) to work on /home/airflow/.local/lib/python3.12/site-packages/airflow/example_dags/tutorial_taskflow_api_virtualenv.py
[2026-06-15T19:12:48.326+0000] {processor.py:830} INFO - Processing file /home/airflow/.local/lib/python3.12/site-packages/airflow/example_dags/tutorial_taskflow_api_virtualenv.py for tasks to queue
[2026-06-15T19:12:48.328+0000] {logging_mixin.py:188} INFO - [2026-06-15T19:12:48.328+0000] {dagbag.py:545} INFO - Filling up the DagBag from /home/airflow/.local/lib/python3.12/site-packages/airflow/example_dags/tutorial_taskflow_api_virtualenv.py
[2026-06-15T19:12:48.340+0000] {processor.py:840} INFO - DAG(s) 'tutorial_taskflow_api_virtualenv' retrieved from /home/airflow/.local/lib/python3.12/site-packages/airflow/example_dags/tutorial_taskflow_api_virtualenv.py
[2026-06-15T19:12:48.366+0000] {logging_mixin.py:188} INFO - [2026-06-15T19:12:48.366+0000] {dag.py:3089} INFO - Sync 1 DAGs
[2026-06-15T19:12:48.383+0000] {logging_mixin.py:188} INFO - [2026-06-15T19:12:48.382+0000] {dag.py:3947} INFO - Setting next_dagrun for tutorial_taskflow_api_virtualenv to None, run_after=None
[2026-06-15T19:12:48.421+0000] {processor.py:183} INFO - Processing /home/airflow/.local/lib/python3.12/site-packages/airflow/example_dags/tutorial_taskflow_api_virtualenv.py took 0.102 seconds
[2026-06-15T19:13:19.244+0000] {processor.py:161} INFO - Started process (PID=225) to work on /home/airflow/.local/lib/python3.12/site-packages/airflow/example_dags/tutorial_taskflow_api_virtualenv.py
[2026-06-15T19:13:19.245+0000] {processor.py:830} INFO - Processing file /home/airflow/.local/lib/python3.12/site-packages/airflow/example_dags/tutorial_taskflow_api_virtualenv.py for tasks to queue
[2026-06-15T19:13:19.247+0000] {logging_mixin.py:188} INFO - [2026-06-15T19:13:19.247+0000] {dagbag.py:545} INFO - Filling up the DagBag from /home/airflow/.local/lib/python3.12/site-packages/airflow/example_dags/tutorial_taskflow_api_virtualenv.py
[2026-06-15T19:13:19.269+0000] {processor.py:840} INFO - DAG(s) 'tutorial_taskflow_api_virtualenv' retrieved from /home/airflow/.local/lib/python3.12/site-packages/airflow/example_dags/tutorial_taskflow_api_virtualenv.py
[2026-06-15T19:13:19.316+0000] {logging_mixin.py:188} INFO - [2026-06-15T19:13:19.316+0000] {dag.py:3089} INFO - Sync 1 DAGs
[2026-06-15T19:13:19.333+0000] {logging_mixin.py:188} INFO - [2026-06-15T19:13:19.333+0000] {dag.py:3947} INFO - Setting next_dagrun for tutorial_taskflow_api_virtualenv to None, run_after=None
[2026-06-15T19:13:19.354+0000] {processor.py:183} INFO - Processing /home/airflow/.local/lib/python3.12/site-packages/airflow/example_dags/tutorial_taskflow_api_virtualenv.py took 0.117 seconds
[2026-06-15T19:13:50.126+0000] {processor.py:161} INFO - Started process (PID=283) to work on /home/airflow/.local/lib/python3.12/site-packages/airflow/example_dags/tutorial_taskflow_api_virtualenv.py
[2026-06-15T19:13:50.127+0000] {processor.py:830} INFO - Processing file /home/airflow/.local/lib/python3.12/site-packages/airflow/example_dags/tutorial_taskflow_api_virtualenv.py for tasks to queue
[2026-06-15T19:13:50.129+0000] {logging_mixin.py:188} INFO - [2026-06-15T19:13:50.129+0000] {dagbag.py:545} INFO - Filling up the DagBag from /home/airflow/.local/lib/python3.12/site-packages/airflow/example_dags/tutorial_taskflow_api_virtualenv.py
[2026-06-15T19:13:50.141+0000] {processor.py:840} INFO - DAG(s) 'tutorial_taskflow_api_virtualenv' retrieved from /home/airflow/.local/lib/python3.12/site-packages/airflow/example_dags/tutorial_taskflow_api_virtualenv.py
[2026-06-15T19:13:50.167+0000] {logging_mixin.py:188} INFO - [2026-06-15T19:13:50.166+0000] {dag.py:3089} INFO - Sync 1 DAGs
[2026-06-15T19:13:50.202+0000] {logging_mixin.py:188} INFO - [2026-06-15T19:13:50.202+0000] {dag.py:3947} INFO - Setting next_dagrun for tutorial_taskflow_api_virtualenv to None, run_after=None
[2026-06-15T19:13:50.225+0000] {processor.py:183} INFO - Processing /home/airflow/.local/lib/python3.12/site-packages/airflow/example_dags/tutorial_taskflow_api_virtualenv.py took 0.108 seconds
[2026-06-15T19:14:20.995+0000] {processor.py:161} INFO - Started process (PID=341) to work on /home/airflow/.local/lib/python3.12/site-packages/airflow/example_dags/tutorial_taskflow_api_virtualenv.py
[2026-06-15T19:14:20.996+0000] {processor.py:830} INFO - Processing file /home/airflow/.local/lib/python3.12/site-packages/airflow/example_dags/tutorial_taskflow_api_virtualenv.py for tasks to queue
[2026-06-15T19:14:20.998+0000] {logging_mixin.py:188} INFO - [2026-06-15T19:14:20.997+0000] {dagbag.py:545} INFO - Filling up the DagBag from /home/airflow/.local/lib/python3.12/site-packages/airflow/example_dags/tutorial_taskflow_api_virtualenv.py
[2026-06-15T19:14:21.010+0000] {processor.py:840} INFO - DAG(s) 'tutorial_taskflow_api_virtualenv' retrieved from /home/airflow/.local/lib/python3.12/site-packages/airflow/example_dags/tutorial_taskflow_api_virtualenv.py
[2026-06-15T19:14:21.048+0000] {logging_mixin.py:188} INFO - [2026-06-15T19:14:21.048+0000] {dag.py:3089} INFO - Sync 1 DAGs
[2026-06-15T19:14:21.066+0000] {logging_mixin.py:188} INFO - [2026-06-15T19:14:21.066+0000] {dag.py:3947} INFO - Setting next_dagrun for tutorial_taskflow_api_virtualenv to None, run_after=None
[2026-06-15T19:14:21.087+0000] {processor.py:183} INFO - Processing /home/airflow/.local/lib/python3.12/site-packages/airflow/example_dags/tutorial_taskflow_api_virtualenv.py took 0.102 seconds
[2026-06-15T19:14:51.418+0000] {processor.py:161} INFO - Started process (PID=399) to work on /home/airflow/.local/lib/python3.12/site-packages/airflow/example_dags/tutorial_taskflow_api_virtualenv.py
[2026-06-15T19:14:51.419+0000] {processor.py:830} INFO - Processing file /home/airflow/.local/lib/python3.12/site-packages/airflow/example_dags/tutorial_taskflow_api_virtualenv.py for tasks to queue
[2026-06-15T19:14:51.421+0000] {logging_mixin.py:188} INFO - [2026-06-15T19:14:51.421+0000] {dagbag.py:545} INFO - Filling up the DagBag from /home/airflow/.local/lib/python3.12/site-packages/airflow/example_dags/tutorial_taskflow_api_virtualenv.py
[2026-06-15T19:14:51.433+0000] {processor.py:840} INFO - DAG(s) 'tutorial_taskflow_api_virtualenv' retrieved from /home/airflow/.local/lib/python3.12/site-packages/airflow/example_dags/tutorial_taskflow_api_virtualenv.py
[2026-06-15T19:14:51.459+0000] {logging_mixin.py:188} INFO - [2026-06-15T19:14:51.459+0000] {dag.py:3089} INFO - Sync 1 DAGs
[2026-06-15T19:14:51.479+0000] {logging_mixin.py:188} INFO - [2026-06-15T19:14:51.479+0000] {dag.py:3947} INFO - Setting next_dagrun for tutorial_taskflow_api_virtualenv to None, run_after=None
[2026-06-15T19:14:51.500+0000] {processor.py:183} INFO - Processing /home/airflow/.local/lib/python3.12/site-packages/airflow/example_dags/tutorial_taskflow_api_virtualenv.py took 0.088 seconds
[2026-06-15T19:15:22.059+0000] {processor.py:161} INFO - Started process (PID=457) to work on /home/airflow/.local/lib/python3.12/site-packages/airflow/example_dags/tutorial_taskflow_api_virtualenv.py
[2026-06-15T19:15:22.060+0000] {processor.py:830} INFO - Processing file /home/airflow/.local/lib/python3.12/site-packages/airflow/example_dags/tutorial_taskflow_api_virtualenv.py for tasks to queue
[2026-06-15T19:15:22.062+0000] {logging_mixin.py:188} INFO - [2026-06-15T19:15:22.062+0000] {dagbag.py:545} INFO - Filling up the DagBag from /home/airflow/.local/lib/python3.12/site-packages/airflow/example_dags/tutorial_taskflow_api_virtualenv.py
[2026-06-15T19:15:22.074+0000] {processor.py:840} INFO - DAG(s) 'tutorial_taskflow_api_virtualenv' retrieved from /home/airflow/.local/lib/python3.12/site-packages/airflow/example_dags/tutorial_taskflow_api_virtualenv.py
[2026-06-15T19:15:22.100+0000] {logging_mixin.py:188} INFO - [2026-06-15T19:15:22.100+0000] {dag.py:3089} INFO - Sync 1 DAGs
[2026-06-15T19:15:22.119+0000] {logging_mixin.py:188} INFO - [2026-06-15T19:15:22.119+0000] {dag.py:3947} INFO - Setting next_dagrun for tutorial_taskflow_api_virtualenv to None, run_after=None
[2026-06-15T19:15:22.140+0000] {processor.py:183} INFO - Processing /home/airflow/.local/lib/python3.12/site-packages/airflow/example_dags/tutorial_taskflow_api_virtualenv.py took 0.088 seconds
[2026-06-15T19:15:52.220+0000] {processor.py:161} INFO - Started process (PID=514) to work on /home/airflow/.local/lib/python3.12/site-packages/airflow/example_dags/tutorial_taskflow_api_virtualenv.py
[2026-06-15T19:15:52.223+0000] {processor.py:830} INFO - Processing file /home/airflow/.local/lib/python3.12/site-packages/airflow/example_dags/tutorial_taskflow_api_virtualenv.py for tasks to queue
[2026-06-15T19:15:52.227+0000] {logging_mixin.py:188} INFO - [2026-06-15T19:15:52.227+0000] {dagbag.py:545} INFO - Filling up the DagBag from /home/airflow/.local/lib/python3.12/site-packages/airflow/example_dags/tutorial_taskflow_api_virtualenv.py
[2026-06-15T19:15:52.255+0000] {processor.py:840} INFO - DAG(s) 'tutorial_taskflow_api_virtualenv' retrieved from /home/airflow/.local/lib/python3.12/site-packages/airflow/example_dags/tutorial_taskflow_api_virtualenv.py
[2026-06-15T19:15:52.332+0000] {logging_mixin.py:188} INFO - [2026-06-15T19:15:52.331+0000] {dag.py:3089} INFO - Sync 1 DAGs
[2026-06-15T19:15:52.376+0000] {logging_mixin.py:188} INFO - [2026-06-15T19:15:52.376+0000] {dag.py:3947} INFO - Setting next_dagrun for tutorial_taskflow_api_virtualenv to None, run_after=None
[2026-06-15T19:15:52.427+0000] {processor.py:183} INFO - Processing /home/airflow/.local/lib/python3.12/site-packages/airflow/example_dags/tutorial_taskflow_api_virtualenv.py took 0.225 seconds
[2026-06-15T19:16:22.763+0000] {processor.py:161} INFO - Started process (PID=572) to work on /home/airflow/.local/lib/python3.12/site-packages/airflow/example_dags/tutorial_taskflow_api_virtualenv.py
[2026-06-15T19:16:22.763+0000] {processor.py:830} INFO - Processing file /home/airflow/.local/lib/python3.12/site-packages/airflow/example_dags/tutorial_taskflow_api_virtualenv.py for tasks to queue
[2026-06-15T19:16:22.765+0000] {logging_mixin.py:188} INFO - [2026-06-15T19:16:22.765+0000] {dagbag.py:545} INFO - Filling up the DagBag from /home/airflow/.local/lib/python3.12/site-packages/airflow/example_dags/tutorial_taskflow_api_virtualenv.py
[2026-06-15T19:16:22.774+0000] {processor.py:840} INFO - DAG(s) 'tutorial_taskflow_api_virtualenv' retrieved from /home/airflow/.local/lib/python3.12/site-packages/airflow/example_dags/tutorial_taskflow_api_virtualenv.py
[2026-06-15T19:16:22.791+0000] {logging_mixin.py:188} INFO - [2026-06-15T19:16:22.791+0000] {dag.py:3089} INFO - Sync 1 DAGs
[2026-06-15T19:16:22.803+0000] {logging_mixin.py:188} INFO - [2026-06-15T19:16:22.802+0000] {dag.py:3947} INFO - Setting next_dagrun for tutorial_taskflow_api_virtualenv to None, run_after=None
[2026-06-15T19:16:22.818+0000] {processor.py:183} INFO - Processing /home/airflow/.local/lib/python3.12/site-packages/airflow/example_dags/tutorial_taskflow_api_virtualenv.py took 0.061 seconds
[2026-06-15T19:16:53.239+0000] {processor.py:161} INFO - Started process (PID=629) to work on /home/airflow/.local/lib/python3.12/site-packages/airflow/example_dags/tutorial_taskflow_api_virtualenv.py
[2026-06-15T19:16:53.239+0000] {processor.py:830} INFO - Processing file /home/airflow/.local/lib/python3.12/site-packages/airflow/example_dags/tutorial_taskflow_api_virtualenv.py for tasks to queue
[2026-06-15T19:16:53.241+0000] {logging_mixin.py:188} INFO - [2026-06-15T19:16:53.241+0000] {dagbag.py:545} INFO - Filling up the DagBag from /home/airflow/.local/lib/python3.12/site-packages/airflow/example_dags/tutorial_taskflow_api_virtualenv.py
[2026-06-15T19:16:53.250+0000] {processor.py:840} INFO - DAG(s) 'tutorial_taskflow_api_virtualenv' retrieved from /home/airflow/.local/lib/python3.12/site-packages/airflow/example_dags/tutorial_taskflow_api_virtualenv.py
[2026-06-15T19:16:53.269+0000] {logging_mixin.py:188} INFO - [2026-06-15T19:16:53.269+0000] {dag.py:3089} INFO - Sync 1 DAGs
[2026-06-15T19:16:53.280+0000] {logging_mixin.py:188} INFO - [2026-06-15T19:16:53.280+0000] {dag.py:3947} INFO - Setting next_dagrun for tutorial_taskflow_api_virtualenv to None, run_after=None
[2026-06-15T19:16:53.295+0000] {processor.py:183} INFO - Processing /home/airflow/.local/lib/python3.12/site-packages/airflow/example_dags/tutorial_taskflow_api_virtualenv.py took 0.063 seconds
[2026-06-15T19:17:23.740+0000] {processor.py:161} INFO - Started process (PID=687) to work on /home/airflow/.local/lib/python3.12/site-packages/airflow/example_dags/tutorial_taskflow_api_virtualenv.py
[2026-06-15T19:17:23.741+0000] {processor.py:830} INFO - Processing file /home/airflow/.local/lib/python3.12/site-packages/airflow/example_dags/tutorial_taskflow_api_virtualenv.py for tasks to queue
[2026-06-15T19:17:23.743+0000] {logging_mixin.py:188} INFO - [2026-06-15T19:17:23.742+0000] {dagbag.py:545} INFO - Filling up the DagBag from /home/airflow/.local/lib/python3.12/site-packages/airflow/example_dags/tutorial_taskflow_api_virtualenv.py
[2026-06-15T19:17:23.751+0000] {processor.py:840} INFO - DAG(s) 'tutorial_taskflow_api_virtualenv' retrieved from /home/airflow/.local/lib/python3.12/site-packages/airflow/example_dags/tutorial_taskflow_api_virtualenv.py
[2026-06-15T19:17:23.768+0000] {logging_mixin.py:188} INFO - [2026-06-15T19:17:23.768+0000] {dag.py:3089} INFO - Sync 1 DAGs
[2026-06-15T19:17:23.780+0000] {logging_mixin.py:188} INFO - [2026-06-15T19:17:23.779+0000] {dag.py:3947} INFO - Setting next_dagrun for tutorial_taskflow_api_virtualenv to None, run_after=None
[2026-06-15T19:17:23.796+0000] {processor.py:183} INFO - Processing /home/airflow/.local/lib/python3.12/site-packages/airflow/example_dags/tutorial_taskflow_api_virtualenv.py took 0.062 seconds
[2026-06-15T19:17:54.485+0000] {processor.py:161} INFO - Started process (PID=744) to work on /home/airflow/.local/lib/python3.12/site-packages/airflow/example_dags/tutorial_taskflow_api_virtualenv.py
[2026-06-15T19:17:54.486+0000] {processor.py:830} INFO - Processing file /home/airflow/.local/lib/python3.12/site-packages/airflow/example_dags/tutorial_taskflow_api_virtualenv.py for tasks to queue
[2026-06-15T19:17:54.487+0000] {logging_mixin.py:188} INFO - [2026-06-15T19:17:54.487+0000] {dagbag.py:545} INFO - Filling up the DagBag from /home/airflow/.local/lib/python3.12/site-packages/airflow/example_dags/tutorial_taskflow_api_virtualenv.py
[2026-06-15T19:17:54.497+0000] {processor.py:840} INFO - DAG(s) 'tutorial_taskflow_api_virtualenv' retrieved from /home/airflow/.local/lib/python3.12/site-packages/airflow/example_dags/tutorial_taskflow_api_virtualenv.py
[2026-06-15T19:17:54.514+0000] {logging_mixin.py:188} INFO - [2026-06-15T19:17:54.514+0000] {dag.py:3089} INFO - Sync 1 DAGs
[2026-06-15T19:17:54.525+0000] {logging_mixin.py:188} INFO - [2026-06-15T19:17:54.525+0000] {dag.py:3947} INFO - Setting next_dagrun for tutorial_taskflow_api_virtualenv to None, run_after=None
[2026-06-15T19:17:54.540+0000] {processor.py:183} INFO - Processing /home/airflow/.local/lib/python3.12/site-packages/airflow/example_dags/tutorial_taskflow_api_virtualenv.py took 0.062 seconds
[2026-06-15T19:18:24.877+0000] {processor.py:161} INFO - Started process (PID=802) to work on /home/airflow/.local/lib/python3.12/site-packages/airflow/example_dags/tutorial_taskflow_api_virtualenv.py
[2026-06-15T19:18:24.878+0000] {processor.py:830} INFO - Processing file /home/airflow/.local/lib/python3.12/site-packages/airflow/example_dags/tutorial_taskflow_api_virtualenv.py for tasks to queue
[2026-06-15T19:18:24.879+0000] {logging_mixin.py:188} INFO - [2026-06-15T19:18:24.879+0000] {dagbag.py:545} INFO - Filling up the DagBag from /home/airflow/.local/lib/python3.12/site-packages/airflow/example_dags/tutorial_taskflow_api_virtualenv.py
[2026-06-15T19:18:24.888+0000] {processor.py:840} INFO - DAG(s) 'tutorial_taskflow_api_virtualenv' retrieved from /home/airflow/.local/lib/python3.12/site-packages/airflow/example_dags/tutorial_taskflow_api_virtualenv.py
[2026-06-15T19:18:24.905+0000] {logging_mixin.py:188} INFO - [2026-06-15T19:18:24.905+0000] {dag.py:3089} INFO - Sync 1 DAGs
[2026-06-15T19:18:24.916+0000] {logging_mixin.py:188} INFO - [2026-06-15T19:18:24.916+0000] {dag.py:3947} INFO - Setting next_dagrun for tutorial_taskflow_api_virtualenv to None, run_after=None
[2026-06-15T19:18:24.933+0000] {processor.py:183} INFO - Processing /home/airflow/.local/lib/python3.12/site-packages/airflow/example_dags/tutorial_taskflow_api_virtualenv.py took 0.061 seconds
[2026-06-15T19:18:55.432+0000] {processor.py:161} INFO - Started process (PID=860) to work on /home/airflow/.local/lib/python3.12/site-packages/airflow/example_dags/tutorial_taskflow_api_virtualenv.py
[2026-06-15T19:18:55.433+0000] {processor.py:830} INFO - Processing file /home/airflow/.local/lib/python3.12/site-packages/airflow/example_dags/tutorial_taskflow_api_virtualenv.py for tasks to queue
[2026-06-15T19:18:55.434+0000] {logging_mixin.py:188} INFO - [2026-06-15T19:18:55.434+0000] {dagbag.py:545} INFO - Filling up the DagBag from /home/airflow/.local/lib/python3.12/site-packages/airflow/example_dags/tutorial_taskflow_api_virtualenv.py
[2026-06-15T19:18:55.443+0000] {processor.py:840} INFO - DAG(s) 'tutorial_taskflow_api_virtualenv' retrieved from /home/airflow/.local/lib/python3.12/site-packages/airflow/example_dags/tutorial_taskflow_api_virtualenv.py
[2026-06-15T19:18:55.460+0000] {logging_mixin.py:188} INFO - [2026-06-15T19:18:55.460+0000] {dag.py:3089} INFO - Sync 1 DAGs
[2026-06-15T19:18:55.472+0000] {logging_mixin.py:188} INFO - [2026-06-15T19:18:55.472+0000] {dag.py:3947} INFO - Setting next_dagrun for tutorial_taskflow_api_virtualenv to None, run_after=None
[2026-06-15T19:18:55.487+0000] {processor.py:183} INFO - Processing /home/airflow/.local/lib/python3.12/site-packages/airflow/example_dags/tutorial_taskflow_api_virtualenv.py took 0.061 seconds
[2026-06-15T19:19:25.594+0000] {processor.py:161} INFO - Started process (PID=918) to work on /home/airflow/.local/lib/python3.12/site-packages/airflow/example_dags/tutorial_taskflow_api_virtualenv.py
[2026-06-15T19:19:25.599+0000] {processor.py:830} INFO - Processing file /home/airflow/.local/lib/python3.12/site-packages/airflow/example_dags/tutorial_taskflow_api_virtualenv.py for tasks to queue
[2026-06-15T19:19:25.604+0000] {logging_mixin.py:188} INFO - [2026-06-15T19:19:25.604+0000] {dagbag.py:545} INFO - Filling up the DagBag from /home/airflow/.local/lib/python3.12/site-packages/airflow/example_dags/tutorial_taskflow_api_virtualenv.py
[2026-06-15T19:19:25.633+0000] {processor.py:840} INFO - DAG(s) 'tutorial_taskflow_api_virtualenv' retrieved from /home/airflow/.local/lib/python3.12/site-packages/airflow/example_dags/tutorial_taskflow_api_virtualenv.py
[2026-06-15T19:19:25.660+0000] {logging_mixin.py:188} INFO - [2026-06-15T19:19:25.659+0000] {dag.py:3089} INFO - Sync 1 DAGs
[2026-06-15T19:19:25.677+0000] {logging_mixin.py:188} INFO - [2026-06-15T19:19:25.677+0000] {dag.py:3947} INFO - Setting next_dagrun for tutorial_taskflow_api_virtualenv to None, run_after=None
[2026-06-15T19:19:25.699+0000] {processor.py:183} INFO - Processing /home/airflow/.local/lib/python3.12/site-packages/airflow/example_dags/tutorial_taskflow_api_virtualenv.py took 0.129 seconds
[2026-06-15T19:19:56.640+0000] {processor.py:161} INFO - Started process (PID=976) to work on /home/airflow/.local/lib/python3.12/site-packages/airflow/example_dags/tutorial_taskflow_api_virtualenv.py
[2026-06-15T19:19:56.641+0000] {processor.py:830} INFO - Processing file /home/airflow/.local/lib/python3.12/site-packages/airflow/example_dags/tutorial_taskflow_api_virtualenv.py for tasks to queue
[2026-06-15T19:19:56.645+0000] {logging_mixin.py:188} INFO - [2026-06-15T19:19:56.644+0000] {dagbag.py:545} INFO - Filling up the DagBag from /home/airflow/.local/lib/python3.12/site-packages/airflow/example_dags/tutorial_taskflow_api_virtualenv.py
[2026-06-15T19:19:56.671+0000] {processor.py:840} INFO - DAG(s) 'tutorial_taskflow_api_virtualenv' retrieved from /home/airflow/.local/lib/python3.12/site-packages/airflow/example_dags/tutorial_taskflow_api_virtualenv.py
[2026-06-15T19:19:56.724+0000] {logging_mixin.py:188} INFO - [2026-06-15T19:19:56.724+0000] {dag.py:3089} INFO - Sync 1 DAGs
[2026-06-15T19:19:56.755+0000] {logging_mixin.py:188} INFO - [2026-06-15T19:19:56.754+0000] {dag.py:3947} INFO - Setting next_dagrun for tutorial_taskflow_api_virtualenv to None, run_after=None
[2026-06-15T19:19:56.810+0000] {processor.py:183} INFO - Processing /home/airflow/.local/lib/python3.12/site-packages/airflow/example_dags/tutorial_taskflow_api_virtualenv.py took 0.180 seconds
[2026-06-15T19:20:26.939+0000] {processor.py:161} INFO - Started process (PID=1034) to work on /home/airflow/.local/lib/python3.12/site-packages/airflow/example_dags/tutorial_taskflow_api_virtualenv.py
[2026-06-15T19:20:26.939+0000] {processor.py:830} INFO - Processing file /home/airflow/.local/lib/python3.12/site-packages/airflow/example_dags/tutorial_taskflow_api_virtualenv.py for tasks to queue
[2026-06-15T19:20:26.941+0000] {logging_mixin.py:188} INFO - [2026-06-15T19:20:26.941+0000] {dagbag.py:545} INFO - Filling up the DagBag from /home/airflow/.local/lib/python3.12/site-packages/airflow/example_dags/tutorial_taskflow_api_virtualenv.py
[2026-06-15T19:20:26.951+0000] {processor.py:840} INFO - DAG(s) 'tutorial_taskflow_api_virtualenv' retrieved from /home/airflow/.local/lib/python3.12/site-packages/airflow/example_dags/tutorial_taskflow_api_virtualenv.py
[2026-06-15T19:20:26.970+0000] {logging_mixin.py:188} INFO - [2026-06-15T19:20:26.970+0000] {dag.py:3089} INFO - Sync 1 DAGs
[2026-06-15T19:20:26.981+0000] {logging_mixin.py:188} INFO - [2026-06-15T19:20:26.981+0000] {dag.py:3947} INFO - Setting next_dagrun for tutorial_taskflow_api_virtualenv to None, run_after=None
[2026-06-15T19:20:26.997+0000] {processor.py:183} INFO - Processing /home/airflow/.local/lib/python3.12/site-packages/airflow/example_dags/tutorial_taskflow_api_virtualenv.py took 0.063 seconds
[2026-06-15T19:20:57.230+0000] {processor.py:161} INFO - Started process (PID=1092) to work on /home/airflow/.local/lib/python3.12/site-packages/airflow/example_dags/tutorial_taskflow_api_virtualenv.py
[2026-06-15T19:20:57.231+0000] {processor.py:830} INFO - Processing file /home/airflow/.local/lib/python3.12/site-packages/airflow/example_dags/tutorial_taskflow_api_virtualenv.py for tasks to queue
[2026-06-15T19:20:57.232+0000] {logging_mixin.py:188} INFO - [2026-06-15T19:20:57.232+0000] {dagbag.py:545} INFO - Filling up the DagBag from /home/airflow/.local/lib/python3.12/site-packages/airflow/example_dags/tutorial_taskflow_api_virtualenv.py
[2026-06-15T19:20:57.243+0000] {processor.py:840} INFO - DAG(s) 'tutorial_taskflow_api_virtualenv' retrieved from /home/airflow/.local/lib/python3.12/site-packages/airflow/example_dags/tutorial_taskflow_api_virtualenv.py
[2026-06-15T19:20:57.260+0000] {logging_mixin.py:188} INFO - [2026-06-15T19:20:57.260+0000] {dag.py:3089} INFO - Sync 1 DAGs
[2026-06-15T19:20:57.271+0000] {logging_mixin.py:188} INFO - [2026-06-15T19:20:57.271+0000] {dag.py:3947} INFO - Setting next_dagrun for tutorial_taskflow_api_virtualenv to None, run_after=None
[2026-06-15T19:20:57.286+0000] {processor.py:183} INFO - Processing /home/airflow/.local/lib/python3.12/site-packages/airflow/example_dags/tutorial_taskflow_api_virtualenv.py took 0.061 seconds
[2026-06-15T19:21:27.527+0000] {processor.py:161} INFO - Started process (PID=1150) to work on /home/airflow/.local/lib/python3.12/site-packages/airflow/example_dags/tutorial_taskflow_api_virtualenv.py
[2026-06-15T19:21:27.528+0000] {processor.py:830} INFO - Processing file /home/airflow/.local/lib/python3.12/site-packages/airflow/example_dags/tutorial_taskflow_api_virtualenv.py for tasks to queue
[2026-06-15T19:21:27.529+0000] {logging_mixin.py:188} INFO - [2026-06-15T19:21:27.529+0000] {dagbag.py:545} INFO - Filling up the DagBag from /home/airflow/.local/lib/python3.12/site-packages/airflow/example_dags/tutorial_taskflow_api_virtualenv.py
[2026-06-15T19:21:27.538+0000] {processor.py:840} INFO - DAG(s) 'tutorial_taskflow_api_virtualenv' retrieved from /home/airflow/.local/lib/python3.12/site-packages/airflow/example_dags/tutorial_taskflow_api_virtualenv.py
[2026-06-15T19:21:27.555+0000] {logging_mixin.py:188} INFO - [2026-06-15T19:21:27.554+0000] {dag.py:3089} INFO - Sync 1 DAGs
[2026-06-15T19:21:27.566+0000] {logging_mixin.py:188} INFO - [2026-06-15T19:21:27.566+0000] {dag.py:3947} INFO - Setting next_dagrun for tutorial_taskflow_api_virtualenv to None, run_after=None
[2026-06-15T19:21:27.582+0000] {processor.py:183} INFO - Processing /home/airflow/.local/lib/python3.12/site-packages/airflow/example_dags/tutorial_taskflow_api_virtualenv.py took 0.061 seconds
[2026-06-15T19:21:58.265+0000] {processor.py:161} INFO - Started process (PID=1208) to work on /home/airflow/.local/lib/python3.12/site-packages/airflow/example_dags/tutorial_taskflow_api_virtualenv.py
[2026-06-15T19:21:58.269+0000] {processor.py:830} INFO - Processing file /home/airflow/.local/lib/python3.12/site-packages/airflow/example_dags/tutorial_taskflow_api_virtualenv.py for tasks to queue
[2026-06-15T19:21:58.274+0000] {logging_mixin.py:188} INFO - [2026-06-15T19:21:58.273+0000] {dagbag.py:545} INFO - Filling up the DagBag from /home/airflow/.local/lib/python3.12/site-packages/airflow/example_dags/tutorial_taskflow_api_virtualenv.py
[2026-06-15T19:21:58.310+0000] {processor.py:840} INFO - DAG(s) 'tutorial_taskflow_api_virtualenv' retrieved from /home/airflow/.local/lib/python3.12/site-packages/airflow/example_dags/tutorial_taskflow_api_virtualenv.py
[2026-06-15T19:21:58.413+0000] {logging_mixin.py:188} INFO - [2026-06-15T19:21:58.412+0000] {dag.py:3089} INFO - Sync 1 DAGs
[2026-06-15T19:21:58.475+0000] {logging_mixin.py:188} INFO - [2026-06-15T19:21:58.472+0000] {dag.py:3947} INFO - Setting next_dagrun for tutorial_taskflow_api_virtualenv to None, run_after=None
[2026-06-15T19:21:58.547+0000] {processor.py:183} INFO - Processing /home/airflow/.local/lib/python3.12/site-packages/airflow/example_dags/tutorial_taskflow_api_virtualenv.py took 0.298 seconds
[2026-06-15T19:22:29.159+0000] {processor.py:161} INFO - Started process (PID=1266) to work on /home/airflow/.local/lib/python3.12/site-packages/airflow/example_dags/tutorial_taskflow_api_virtualenv.py
[2026-06-15T19:22:29.162+0000] {processor.py:830} INFO - Processing file /home/airflow/.local/lib/python3.12/site-packages/airflow/example_dags/tutorial_taskflow_api_virtualenv.py for tasks to queue
[2026-06-15T19:22:29.165+0000] {logging_mixin.py:188} INFO - [2026-06-15T19:22:29.165+0000] {dagbag.py:545} INFO - Filling up the DagBag from /home/airflow/.local/lib/python3.12/site-packages/airflow/example_dags/tutorial_taskflow_api_virtualenv.py
[2026-06-15T19:22:29.183+0000] {processor.py:840} INFO - DAG(s) 'tutorial_taskflow_api_virtualenv' retrieved from /home/airflow/.local/lib/python3.12/site-packages/airflow/example_dags/tutorial_taskflow_api_virtualenv.py
[2026-06-15T19:22:29.210+0000] {logging_mixin.py:188} INFO - [2026-06-15T19:22:29.209+0000] {dag.py:3089} INFO - Sync 1 DAGs
[2026-06-15T19:22:29.230+0000] {logging_mixin.py:188} INFO - [2026-06-15T19:22:29.230+0000] {dag.py:3947} INFO - Setting next_dagrun for tutorial_taskflow_api_virtualenv to None, run_after=None
[2026-06-15T19:22:29.250+0000] {processor.py:183} INFO - Processing /home/airflow/.local/lib/python3.12/site-packages/airflow/example_dags/tutorial_taskflow_api_virtualenv.py took 0.109 seconds
[2026-06-15T19:22:59.435+0000] {processor.py:161} INFO - Started process (PID=1324) to work on /home/airflow/.local/lib/python3.12/site-packages/airflow/example_dags/tutorial_taskflow_api_virtualenv.py
[2026-06-15T19:22:59.436+0000] {processor.py:830} INFO - Processing file /home/airflow/.local/lib/python3.12/site-packages/airflow/example_dags/tutorial_taskflow_api_virtualenv.py for tasks to queue
[2026-06-15T19:22:59.438+0000] {logging_mixin.py:188} INFO - [2026-06-15T19:22:59.437+0000] {dagbag.py:545} INFO - Filling up the DagBag from /home/airflow/.local/lib/python3.12/site-packages/airflow/example_dags/tutorial_taskflow_api_virtualenv.py
[2026-06-15T19:22:59.447+0000] {processor.py:840} INFO - DAG(s) 'tutorial_taskflow_api_virtualenv' retrieved from /home/airflow/.local/lib/python3.12/site-packages/airflow/example_dags/tutorial_taskflow_api_virtualenv.py
[2026-06-15T19:22:59.465+0000] {logging_mixin.py:188} INFO - [2026-06-15T19:22:59.464+0000] {dag.py:3089} INFO - Sync 1 DAGs
[2026-06-15T19:22:59.476+0000] {logging_mixin.py:188} INFO - [2026-06-15T19:22:59.476+0000] {dag.py:3947} INFO - Setting next_dagrun for tutorial_taskflow_api_virtualenv to None, run_after=None
[2026-06-15T19:22:59.493+0000] {processor.py:183} INFO - Processing /home/airflow/.local/lib/python3.12/site-packages/airflow/example_dags/tutorial_taskflow_api_virtualenv.py took 0.063 seconds
[2026-06-15T19:23:29.528+0000] {processor.py:161} INFO - Started process (PID=1382) to work on /home/airflow/.local/lib/python3.12/site-packages/airflow/example_dags/tutorial_taskflow_api_virtualenv.py
[2026-06-15T19:23:29.528+0000] {processor.py:830} INFO - Processing file /home/airflow/.local/lib/python3.12/site-packages/airflow/example_dags/tutorial_taskflow_api_virtualenv.py for tasks to queue
[2026-06-15T19:23:29.530+0000] {logging_mixin.py:188} INFO - [2026-06-15T19:23:29.530+0000] {dagbag.py:545} INFO - Filling up the DagBag from /home/airflow/.local/lib/python3.12/site-packages/airflow/example_dags/tutorial_taskflow_api_virtualenv.py
[2026-06-15T19:23:29.539+0000] {processor.py:840} INFO - DAG(s) 'tutorial_taskflow_api_virtualenv' retrieved from /home/airflow/.local/lib/python3.12/site-packages/airflow/example_dags/tutorial_taskflow_api_virtualenv.py
[2026-06-15T19:23:29.557+0000] {logging_mixin.py:188} INFO - [2026-06-15T19:23:29.556+0000] {dag.py:3089} INFO - Sync 1 DAGs
[2026-06-15T19:23:29.568+0000] {logging_mixin.py:188} INFO - [2026-06-15T19:23:29.567+0000] {dag.py:3947} INFO - Setting next_dagrun for tutorial_taskflow_api_virtualenv to None, run_after=None
[2026-06-15T19:23:29.583+0000] {processor.py:183} INFO - Processing /home/airflow/.local/lib/python3.12/site-packages/airflow/example_dags/tutorial_taskflow_api_virtualenv.py took 0.060 seconds
[2026-06-15T19:23:59.727+0000] {processor.py:161} INFO - Started process (PID=1438) to work on /home/airflow/.local/lib/python3.12/site-packages/airflow/example_dags/tutorial_taskflow_api_virtualenv.py
[2026-06-15T19:23:59.731+0000] {processor.py:830} INFO - Processing file /home/airflow/.local/lib/python3.12/site-packages/airflow/example_dags/tutorial_taskflow_api_virtualenv.py for tasks to queue
[2026-06-15T19:23:59.739+0000] {logging_mixin.py:188} INFO - [2026-06-15T19:23:59.738+0000] {dagbag.py:545} INFO - Filling up the DagBag from /home/airflow/.local/lib/python3.12/site-packages/airflow/example_dags/tutorial_taskflow_api_virtualenv.py
[2026-06-15T19:23:59.770+0000] {processor.py:840} INFO - DAG(s) 'tutorial_taskflow_api_virtualenv' retrieved from /home/airflow/.local/lib/python3.12/site-packages/airflow/example_dags/tutorial_taskflow_api_virtualenv.py
[2026-06-15T19:23:59.862+0000] {logging_mixin.py:188} INFO - [2026-06-15T19:23:59.862+0000] {dag.py:3089} INFO - Sync 1 DAGs
[2026-06-15T19:23:59.907+0000] {logging_mixin.py:188} INFO - [2026-06-15T19:23:59.907+0000] {dag.py:3947} INFO - Setting next_dagrun for tutorial_taskflow_api_virtualenv to None, run_after=None
[2026-06-15T19:23:59.959+0000] {processor.py:183} INFO - Processing /home/airflow/.local/lib/python3.12/site-packages/airflow/example_dags/tutorial_taskflow_api_virtualenv.py took 0.255 seconds
[2026-06-15T19:24:30.863+0000] {processor.py:161} INFO - Started process (PID=1496) to work on /home/airflow/.local/lib/python3.12/site-packages/airflow/example_dags/tutorial_taskflow_api_virtualenv.py
[2026-06-15T19:24:30.866+0000] {processor.py:830} INFO - Processing file /home/airflow/.local/lib/python3.12/site-packages/airflow/example_dags/tutorial_taskflow_api_virtualenv.py for tasks to queue
[2026-06-15T19:24:30.869+0000] {logging_mixin.py:188} INFO - [2026-06-15T19:24:30.868+0000] {dagbag.py:545} INFO - Filling up the DagBag from /home/airflow/.local/lib/python3.12/site-packages/airflow/example_dags/tutorial_taskflow_api_virtualenv.py
[2026-06-15T19:24:30.895+0000] {processor.py:840} INFO - DAG(s) 'tutorial_taskflow_api_virtualenv' retrieved from /home/airflow/.local/lib/python3.12/site-packages/airflow/example_dags/tutorial_taskflow_api_virtualenv.py
[2026-06-15T19:24:30.949+0000] {logging_mixin.py:188} INFO - [2026-06-15T19:24:30.949+0000] {dag.py:3089} INFO - Sync 1 DAGs
[2026-06-15T19:24:30.982+0000] {logging_mixin.py:188} INFO - [2026-06-15T19:24:30.982+0000] {dag.py:3947} INFO - Setting next_dagrun for tutorial_taskflow_api_virtualenv to None, run_after=None
[2026-06-15T19:24:31.028+0000] {processor.py:183} INFO - Processing /home/airflow/.local/lib/python3.12/site-packages/airflow/example_dags/tutorial_taskflow_api_virtualenv.py took 0.181 seconds
[2026-06-15T19:25:01.080+0000] {processor.py:161} INFO - Started process (PID=1554) to work on /home/airflow/.local/lib/python3.12/site-packages/airflow/example_dags/tutorial_taskflow_api_virtualenv.py
[2026-06-15T19:25:01.082+0000] {processor.py:830} INFO - Processing file /home/airflow/.local/lib/python3.12/site-packages/airflow/example_dags/tutorial_taskflow_api_virtualenv.py for tasks to queue
[2026-06-15T19:25:01.090+0000] {logging_mixin.py:188} INFO - [2026-06-15T19:25:01.089+0000] {dagbag.py:545} INFO - Filling up the DagBag from /home/airflow/.local/lib/python3.12/site-packages/airflow/example_dags/tutorial_taskflow_api_virtualenv.py
[2026-06-15T19:25:01.108+0000] {processor.py:840} INFO - DAG(s) 'tutorial_taskflow_api_virtualenv' retrieved from /home/airflow/.local/lib/python3.12/site-packages/airflow/example_dags/tutorial_taskflow_api_virtualenv.py
[2026-06-15T19:25:01.126+0000] {logging_mixin.py:188} INFO - [2026-06-15T19:25:01.126+0000] {dag.py:3089} INFO - Sync 1 DAGs
[2026-06-15T19:25:01.137+0000] {logging_mixin.py:188} INFO - [2026-06-15T19:25:01.137+0000] {dag.py:3947} INFO - Setting next_dagrun for tutorial_taskflow_api_virtualenv to None, run_after=None
[2026-06-15T19:25:01.152+0000] {processor.py:183} INFO - Processing /home/airflow/.local/lib/python3.12/site-packages/airflow/example_dags/tutorial_taskflow_api_virtualenv.py took 0.080 seconds
[2026-06-15T19:25:31.702+0000] {processor.py:161} INFO - Started process (PID=1611) to work on /home/airflow/.local/lib/python3.12/site-packages/airflow/example_dags/tutorial_taskflow_api_virtualenv.py
[2026-06-15T19:25:31.703+0000] {processor.py:830} INFO - Processing file /home/airflow/.local/lib/python3.12/site-packages/airflow/example_dags/tutorial_taskflow_api_virtualenv.py for tasks to queue
[2026-06-15T19:25:31.704+0000] {logging_mixin.py:188} INFO - [2026-06-15T19:25:31.704+0000] {dagbag.py:545} INFO - Filling up the DagBag from /home/airflow/.local/lib/python3.12/site-packages/airflow/example_dags/tutorial_taskflow_api_virtualenv.py
[2026-06-15T19:25:31.713+0000] {processor.py:840} INFO - DAG(s) 'tutorial_taskflow_api_virtualenv' retrieved from /home/airflow/.local/lib/python3.12/site-packages/airflow/example_dags/tutorial_taskflow_api_virtualenv.py
[2026-06-15T19:25:31.731+0000] {logging_mixin.py:188} INFO - [2026-06-15T19:25:31.730+0000] {dag.py:3089} INFO - Sync 1 DAGs
[2026-06-15T19:25:31.742+0000] {logging_mixin.py:188} INFO - [2026-06-15T19:25:31.742+0000] {dag.py:3947} INFO - Setting next_dagrun for tutorial_taskflow_api_virtualenv to None, run_after=None
[2026-06-15T19:25:31.759+0000] {processor.py:183} INFO - Processing /home/airflow/.local/lib/python3.12/site-packages/airflow/example_dags/tutorial_taskflow_api_virtualenv.py took 0.063 seconds
[2026-06-15T19:26:02.526+0000] {processor.py:161} INFO - Started process (PID=1669) to work on /home/airflow/.local/lib/python3.12/site-packages/airflow/example_dags/tutorial_taskflow_api_virtualenv.py
[2026-06-15T19:26:02.527+0000] {processor.py:830} INFO - Processing file /home/airflow/.local/lib/python3.12/site-packages/airflow/example_dags/tutorial_taskflow_api_virtualenv.py for tasks to queue
[2026-06-15T19:26:02.528+0000] {logging_mixin.py:188} INFO - [2026-06-15T19:26:02.528+0000] {dagbag.py:545} INFO - Filling up the DagBag from /home/airflow/.local/lib/python3.12/site-packages/airflow/example_dags/tutorial_taskflow_api_virtualenv.py
[2026-06-15T19:26:02.537+0000] {processor.py:840} INFO - DAG(s) 'tutorial_taskflow_api_virtualenv' retrieved from /home/airflow/.local/lib/python3.12/site-packages/airflow/example_dags/tutorial_taskflow_api_virtualenv.py
[2026-06-15T19:26:02.555+0000] {logging_mixin.py:188} INFO - [2026-06-15T19:26:02.555+0000] {dag.py:3089} INFO - Sync 1 DAGs
[2026-06-15T19:26:02.568+0000] {logging_mixin.py:188} INFO - [2026-06-15T19:26:02.568+0000] {dag.py:3947} INFO - Setting next_dagrun for tutorial_taskflow_api_virtualenv to None, run_after=None
[2026-06-15T19:26:02.584+0000] {processor.py:183} INFO - Processing /home/airflow/.local/lib/python3.12/site-packages/airflow/example_dags/tutorial_taskflow_api_virtualenv.py took 0.064 seconds
[2026-06-15T19:26:32.973+0000] {processor.py:161} INFO - Started process (PID=1727) to work on /home/airflow/.local/lib/python3.12/site-packages/airflow/example_dags/tutorial_taskflow_api_virtualenv.py
[2026-06-15T19:26:32.973+0000] {processor.py:830} INFO - Processing file /home/airflow/.local/lib/python3.12/site-packages/airflow/example_dags/tutorial_taskflow_api_virtualenv.py for tasks to queue
[2026-06-15T19:26:32.976+0000] {logging_mixin.py:188} INFO - [2026-06-15T19:26:32.975+0000] {dagbag.py:545} INFO - Filling up the DagBag from /home/airflow/.local/lib/python3.12/site-packages/airflow/example_dags/tutorial_taskflow_api_virtualenv.py
[2026-06-15T19:26:32.990+0000] {processor.py:840} INFO - DAG(s) 'tutorial_taskflow_api_virtualenv' retrieved from /home/airflow/.local/lib/python3.12/site-packages/airflow/example_dags/tutorial_taskflow_api_virtualenv.py
[2026-06-15T19:26:33.020+0000] {logging_mixin.py:188} INFO - [2026-06-15T19:26:33.019+0000] {dag.py:3089} INFO - Sync 1 DAGs
[2026-06-15T19:26:33.167+0000] {logging_mixin.py:188} INFO - [2026-06-15T19:26:33.166+0000] {dag.py:3947} INFO - Setting next_dagrun for tutorial_taskflow_api_virtualenv to None, run_after=None
[2026-06-15T19:26:33.181+0000] {processor.py:183} INFO - Processing /home/airflow/.local/lib/python3.12/site-packages/airflow/example_dags/tutorial_taskflow_api_virtualenv.py took 0.214 seconds
[2026-06-15T19:27:03.900+0000] {processor.py:161} INFO - Started process (PID=1785) to work on /home/airflow/.local/lib/python3.12/site-packages/airflow/example_dags/tutorial_taskflow_api_virtualenv.py
[2026-06-15T19:27:03.901+0000] {processor.py:830} INFO - Processing file /home/airflow/.local/lib/python3.12/site-packages/airflow/example_dags/tutorial_taskflow_api_virtualenv.py for tasks to queue
[2026-06-15T19:27:03.903+0000] {logging_mixin.py:188} INFO - [2026-06-15T19:27:03.902+0000] {dagbag.py:545} INFO - Filling up the DagBag from /home/airflow/.local/lib/python3.12/site-packages/airflow/example_dags/tutorial_taskflow_api_virtualenv.py
[2026-06-15T19:27:03.912+0000] {processor.py:840} INFO - DAG(s) 'tutorial_taskflow_api_virtualenv' retrieved from /home/airflow/.local/lib/python3.12/site-packages/airflow/example_dags/tutorial_taskflow_api_virtualenv.py
[2026-06-15T19:27:03.930+0000] {logging_mixin.py:188} INFO - [2026-06-15T19:27:03.930+0000] {dag.py:3089} INFO - Sync 1 DAGs
[2026-06-15T19:27:04.074+0000] {logging_mixin.py:188} INFO - [2026-06-15T19:27:04.074+0000] {dag.py:3947} INFO - Setting next_dagrun for tutorial_taskflow_api_virtualenv to None, run_after=None
[2026-06-15T19:27:04.089+0000] {processor.py:183} INFO - Processing /home/airflow/.local/lib/python3.12/site-packages/airflow/example_dags/tutorial_taskflow_api_virtualenv.py took 0.194 seconds
[2026-06-15T19:27:34.941+0000] {processor.py:161} INFO - Started process (PID=1843) to work on /home/airflow/.local/lib/python3.12/site-packages/airflow/example_dags/tutorial_taskflow_api_virtualenv.py
[2026-06-15T19:27:34.942+0000] {processor.py:830} INFO - Processing file /home/airflow/.local/lib/python3.12/site-packages/airflow/example_dags/tutorial_taskflow_api_virtualenv.py for tasks to queue
[2026-06-15T19:27:34.944+0000] {logging_mixin.py:188} INFO - [2026-06-15T19:27:34.944+0000] {dagbag.py:545} INFO - Filling up the DagBag from /home/airflow/.local/lib/python3.12/site-packages/airflow/example_dags/tutorial_taskflow_api_virtualenv.py
[2026-06-15T19:27:34.958+0000] {processor.py:840} INFO - DAG(s) 'tutorial_taskflow_api_virtualenv' retrieved from /home/airflow/.local/lib/python3.12/site-packages/airflow/example_dags/tutorial_taskflow_api_virtualenv.py
[2026-06-15T19:27:34.985+0000] {logging_mixin.py:188} INFO - [2026-06-15T19:27:34.985+0000] {dag.py:3089} INFO - Sync 1 DAGs
[2026-06-15T19:27:35.128+0000] {logging_mixin.py:188} INFO - [2026-06-15T19:27:35.128+0000] {dag.py:3947} INFO - Setting next_dagrun for tutorial_taskflow_api_virtualenv to None, run_after=None
[2026-06-15T19:27:35.143+0000] {processor.py:183} INFO - Processing /home/airflow/.local/lib/python3.12/site-packages/airflow/example_dags/tutorial_taskflow_api_virtualenv.py took 0.209 seconds
[2026-06-15T19:28:05.178+0000] {processor.py:161} INFO - Started process (PID=1901) to work on /home/airflow/.local/lib/python3.12/site-packages/airflow/example_dags/tutorial_taskflow_api_virtualenv.py
[2026-06-15T19:28:05.178+0000] {processor.py:830} INFO - Processing file /home/airflow/.local/lib/python3.12/site-packages/airflow/example_dags/tutorial_taskflow_api_virtualenv.py for tasks to queue
[2026-06-15T19:28:05.180+0000] {logging_mixin.py:188} INFO - [2026-06-15T19:28:05.180+0000] {dagbag.py:545} INFO - Filling up the DagBag from /home/airflow/.local/lib/python3.12/site-packages/airflow/example_dags/tutorial_taskflow_api_virtualenv.py
[2026-06-15T19:28:05.189+0000] {processor.py:840} INFO - DAG(s) 'tutorial_taskflow_api_virtualenv' retrieved from /home/airflow/.local/lib/python3.12/site-packages/airflow/example_dags/tutorial_taskflow_api_virtualenv.py
[2026-06-15T19:28:05.207+0000] {logging_mixin.py:188} INFO - [2026-06-15T19:28:05.207+0000] {dag.py:3089} INFO - Sync 1 DAGs
[2026-06-15T19:28:05.218+0000] {logging_mixin.py:188} INFO - [2026-06-15T19:28:05.218+0000] {dag.py:3947} INFO - Setting next_dagrun for tutorial_taskflow_api_virtualenv to None, run_after=None
[2026-06-15T19:28:05.235+0000] {processor.py:183} INFO - Processing /home/airflow/.local/lib/python3.12/site-packages/airflow/example_dags/tutorial_taskflow_api_virtualenv.py took 0.062 seconds
[2026-06-15T19:28:35.385+0000] {processor.py:161} INFO - Started process (PID=1959) to work on /home/airflow/.local/lib/python3.12/site-packages/airflow/example_dags/tutorial_taskflow_api_virtualenv.py
[2026-06-15T19:28:35.386+0000] {processor.py:830} INFO - Processing file /home/airflow/.local/lib/python3.12/site-packages/airflow/example_dags/tutorial_taskflow_api_virtualenv.py for tasks to queue
[2026-06-15T19:28:35.388+0000] {logging_mixin.py:188} INFO - [2026-06-15T19:28:35.387+0000] {dagbag.py:545} INFO - Filling up the DagBag from /home/airflow/.local/lib/python3.12/site-packages/airflow/example_dags/tutorial_taskflow_api_virtualenv.py
[2026-06-15T19:28:35.397+0000] {processor.py:840} INFO - DAG(s) 'tutorial_taskflow_api_virtualenv' retrieved from /home/airflow/.local/lib/python3.12/site-packages/airflow/example_dags/tutorial_taskflow_api_virtualenv.py
[2026-06-15T19:28:35.414+0000] {logging_mixin.py:188} INFO - [2026-06-15T19:28:35.414+0000] {dag.py:3089} INFO - Sync 1 DAGs
[2026-06-15T19:28:35.425+0000] {logging_mixin.py:188} INFO - [2026-06-15T19:28:35.425+0000] {dag.py:3947} INFO - Setting next_dagrun for tutorial_taskflow_api_virtualenv to None, run_after=None
[2026-06-15T19:28:35.441+0000] {processor.py:183} INFO - Processing /home/airflow/.local/lib/python3.12/site-packages/airflow/example_dags/tutorial_taskflow_api_virtualenv.py took 0.063 seconds
[2026-06-15T19:29:06.044+0000] {processor.py:161} INFO - Started process (PID=2016) to work on /home/airflow/.local/lib/python3.12/site-packages/airflow/example_dags/tutorial_taskflow_api_virtualenv.py
[2026-06-15T19:29:06.047+0000] {processor.py:830} INFO - Processing file /home/airflow/.local/lib/python3.12/site-packages/airflow/example_dags/tutorial_taskflow_api_virtualenv.py for tasks to queue
[2026-06-15T19:29:06.049+0000] {logging_mixin.py:188} INFO - [2026-06-15T19:29:06.049+0000] {dagbag.py:545} INFO - Filling up the DagBag from /home/airflow/.local/lib/python3.12/site-packages/airflow/example_dags/tutorial_taskflow_api_virtualenv.py
[2026-06-15T19:29:06.068+0000] {processor.py:840} INFO - DAG(s) 'tutorial_taskflow_api_virtualenv' retrieved from /home/airflow/.local/lib/python3.12/site-packages/airflow/example_dags/tutorial_taskflow_api_virtualenv.py
[2026-06-15T19:29:06.118+0000] {logging_mixin.py:188} INFO - [2026-06-15T19:29:06.118+0000] {dag.py:3089} INFO - Sync 1 DAGs
[2026-06-15T19:29:06.138+0000] {logging_mixin.py:188} INFO - [2026-06-15T19:29:06.138+0000] {dag.py:3947} INFO - Setting next_dagrun for tutorial_taskflow_api_virtualenv to None, run_after=None
[2026-06-15T19:29:06.173+0000] {processor.py:183} INFO - Processing /home/airflow/.local/lib/python3.12/site-packages/airflow/example_dags/tutorial_taskflow_api_virtualenv.py took 0.142 seconds
[2026-06-15T19:29:36.545+0000] {processor.py:161} INFO - Started process (PID=2080) to work on /home/airflow/.local/lib/python3.12/site-packages/airflow/example_dags/tutorial_taskflow_api_virtualenv.py
[2026-06-15T19:29:36.549+0000] {processor.py:830} INFO - Processing file /home/airflow/.local/lib/python3.12/site-packages/airflow/example_dags/tutorial_taskflow_api_virtualenv.py for tasks to queue
[2026-06-15T19:29:36.553+0000] {logging_mixin.py:188} INFO - [2026-06-15T19:29:36.553+0000] {dagbag.py:545} INFO - Filling up the DagBag from /home/airflow/.local/lib/python3.12/site-packages/airflow/example_dags/tutorial_taskflow_api_virtualenv.py
[2026-06-15T19:29:36.567+0000] {processor.py:840} INFO - DAG(s) 'tutorial_taskflow_api_virtualenv' retrieved from /home/airflow/.local/lib/python3.12/site-packages/airflow/example_dags/tutorial_taskflow_api_virtualenv.py
[2026-06-15T19:29:36.597+0000] {logging_mixin.py:188} INFO - [2026-06-15T19:29:36.596+0000] {dag.py:3089} INFO - Sync 1 DAGs
[2026-06-15T19:29:36.646+0000] {logging_mixin.py:188} INFO - [2026-06-15T19:29:36.646+0000] {dag.py:3947} INFO - Setting next_dagrun for tutorial_taskflow_api_virtualenv to None, run_after=None
[2026-06-15T19:29:36.698+0000] {processor.py:183} INFO - Processing /home/airflow/.local/lib/python3.12/site-packages/airflow/example_dags/tutorial_taskflow_api_virtualenv.py took 0.169 seconds
[2026-06-15T19:30:06.824+0000] {processor.py:161} INFO - Started process (PID=2138) to work on /home/airflow/.local/lib/python3.12/site-packages/airflow/example_dags/tutorial_taskflow_api_virtualenv.py
[2026-06-15T19:30:06.825+0000] {processor.py:830} INFO - Processing file /home/airflow/.local/lib/python3.12/site-packages/airflow/example_dags/tutorial_taskflow_api_virtualenv.py for tasks to queue
[2026-06-15T19:30:06.827+0000] {logging_mixin.py:188} INFO - [2026-06-15T19:30:06.827+0000] {dagbag.py:545} INFO - Filling up the DagBag from /home/airflow/.local/lib/python3.12/site-packages/airflow/example_dags/tutorial_taskflow_api_virtualenv.py
[2026-06-15T19:30:06.837+0000] {processor.py:840} INFO - DAG(s) 'tutorial_taskflow_api_virtualenv' retrieved from /home/airflow/.local/lib/python3.12/site-packages/airflow/example_dags/tutorial_taskflow_api_virtualenv.py
[2026-06-15T19:30:06.858+0000] {logging_mixin.py:188} INFO - [2026-06-15T19:30:06.857+0000] {dag.py:3089} INFO - Sync 1 DAGs
[2026-06-15T19:30:06.869+0000] {logging_mixin.py:188} INFO - [2026-06-15T19:30:06.869+0000] {dag.py:3947} INFO - Setting next_dagrun for tutorial_taskflow_api_virtualenv to None, run_after=None
[2026-06-15T19:30:06.886+0000] {processor.py:183} INFO - Processing /home/airflow/.local/lib/python3.12/site-packages/airflow/example_dags/tutorial_taskflow_api_virtualenv.py took 0.069 seconds
[2026-06-15T19:30:37.225+0000] {processor.py:161} INFO - Started process (PID=2196) to work on /home/airflow/.local/lib/python3.12/site-packages/airflow/example_dags/tutorial_taskflow_api_virtualenv.py
[2026-06-15T19:30:37.226+0000] {processor.py:830} INFO - Processing file /home/airflow/.local/lib/python3.12/site-packages/airflow/example_dags/tutorial_taskflow_api_virtualenv.py for tasks to queue
[2026-06-15T19:30:37.228+0000] {logging_mixin.py:188} INFO - [2026-06-15T19:30:37.227+0000] {dagbag.py:545} INFO - Filling up the DagBag from /home/airflow/.local/lib/python3.12/site-packages/airflow/example_dags/tutorial_taskflow_api_virtualenv.py
[2026-06-15T19:30:37.239+0000] {processor.py:840} INFO - DAG(s) 'tutorial_taskflow_api_virtualenv' retrieved from /home/airflow/.local/lib/python3.12/site-packages/airflow/example_dags/tutorial_taskflow_api_virtualenv.py
[2026-06-15T19:30:37.256+0000] {logging_mixin.py:188} INFO - [2026-06-15T19:30:37.256+0000] {dag.py:3089} INFO - Sync 1 DAGs
[2026-06-15T19:30:37.268+0000] {logging_mixin.py:188} INFO - [2026-06-15T19:30:37.267+0000] {dag.py:3947} INFO - Setting next_dagrun for tutorial_taskflow_api_virtualenv to None, run_after=None
[2026-06-15T19:30:37.284+0000] {processor.py:183} INFO - Processing /home/airflow/.local/lib/python3.12/site-packages/airflow/example_dags/tutorial_taskflow_api_virtualenv.py took 0.066 seconds
[2026-06-15T19:31:07.958+0000] {processor.py:161} INFO - Started process (PID=2254) to work on /home/airflow/.local/lib/python3.12/site-packages/airflow/example_dags/tutorial_taskflow_api_virtualenv.py
[2026-06-15T19:31:07.959+0000] {processor.py:830} INFO - Processing file /home/airflow/.local/lib/python3.12/site-packages/airflow/example_dags/tutorial_taskflow_api_virtualenv.py for tasks to queue
[2026-06-15T19:31:07.960+0000] {logging_mixin.py:188} INFO - [2026-06-15T19:31:07.960+0000] {dagbag.py:545} INFO - Filling up the DagBag from /home/airflow/.local/lib/python3.12/site-packages/airflow/example_dags/tutorial_taskflow_api_virtualenv.py
[2026-06-15T19:31:07.971+0000] {processor.py:840} INFO - DAG(s) 'tutorial_taskflow_api_virtualenv' retrieved from /home/airflow/.local/lib/python3.12/site-packages/airflow/example_dags/tutorial_taskflow_api_virtualenv.py
[2026-06-15T19:31:07.989+0000] {logging_mixin.py:188} INFO - [2026-06-15T19:31:07.989+0000] {dag.py:3089} INFO - Sync 1 DAGs
[2026-06-15T19:31:08.000+0000] {logging_mixin.py:188} INFO - [2026-06-15T19:31:08.000+0000] {dag.py:3947} INFO - Setting next_dagrun for tutorial_taskflow_api_virtualenv to None, run_after=None
[2026-06-15T19:31:08.015+0000] {processor.py:183} INFO - Processing /home/airflow/.local/lib/python3.12/site-packages/airflow/example_dags/tutorial_taskflow_api_virtualenv.py took 0.065 seconds
[2026-06-15T19:31:38.063+0000] {processor.py:161} INFO - Started process (PID=2312) to work on /home/airflow/.local/lib/python3.12/site-packages/airflow/example_dags/tutorial_taskflow_api_virtualenv.py
[2026-06-15T19:31:38.064+0000] {processor.py:830} INFO - Processing file /home/airflow/.local/lib/python3.12/site-packages/airflow/example_dags/tutorial_taskflow_api_virtualenv.py for tasks to queue
[2026-06-15T19:31:38.065+0000] {logging_mixin.py:188} INFO - [2026-06-15T19:31:38.065+0000] {dagbag.py:545} INFO - Filling up the DagBag from /home/airflow/.local/lib/python3.12/site-packages/airflow/example_dags/tutorial_taskflow_api_virtualenv.py
[2026-06-15T19:31:38.075+0000] {processor.py:840} INFO - DAG(s) 'tutorial_taskflow_api_virtualenv' retrieved from /home/airflow/.local/lib/python3.12/site-packages/airflow/example_dags/tutorial_taskflow_api_virtualenv.py
[2026-06-15T19:31:38.094+0000] {logging_mixin.py:188} INFO - [2026-06-15T19:31:38.093+0000] {dag.py:3089} INFO - Sync 1 DAGs
[2026-06-15T19:31:38.105+0000] {logging_mixin.py:188} INFO - [2026-06-15T19:31:38.104+0000] {dag.py:3947} INFO - Setting next_dagrun for tutorial_taskflow_api_virtualenv to None, run_after=None
[2026-06-15T19:31:38.121+0000] {processor.py:183} INFO - Processing /home/airflow/.local/lib/python3.12/site-packages/airflow/example_dags/tutorial_taskflow_api_virtualenv.py took 0.065 seconds
[2026-06-15T19:32:08.571+0000] {processor.py:161} INFO - Started process (PID=2370) to work on /home/airflow/.local/lib/python3.12/site-packages/airflow/example_dags/tutorial_taskflow_api_virtualenv.py
[2026-06-15T19:32:08.574+0000] {processor.py:830} INFO - Processing file /home/airflow/.local/lib/python3.12/site-packages/airflow/example_dags/tutorial_taskflow_api_virtualenv.py for tasks to queue
[2026-06-15T19:32:08.576+0000] {logging_mixin.py:188} INFO - [2026-06-15T19:32:08.576+0000] {dagbag.py:545} INFO - Filling up the DagBag from /home/airflow/.local/lib/python3.12/site-packages/airflow/example_dags/tutorial_taskflow_api_virtualenv.py
[2026-06-15T19:32:08.587+0000] {processor.py:840} INFO - DAG(s) 'tutorial_taskflow_api_virtualenv' retrieved from /home/airflow/.local/lib/python3.12/site-packages/airflow/example_dags/tutorial_taskflow_api_virtualenv.py
[2026-06-15T19:32:08.605+0000] {logging_mixin.py:188} INFO - [2026-06-15T19:32:08.605+0000] {dag.py:3089} INFO - Sync 1 DAGs
[2026-06-15T19:32:08.616+0000] {logging_mixin.py:188} INFO - [2026-06-15T19:32:08.616+0000] {dag.py:3947} INFO - Setting next_dagrun for tutorial_taskflow_api_virtualenv to None, run_after=None
[2026-06-15T19:32:08.633+0000] {processor.py:183} INFO - Processing /home/airflow/.local/lib/python3.12/site-packages/airflow/example_dags/tutorial_taskflow_api_virtualenv.py took 0.070 seconds
[2026-06-15T19:32:39.260+0000] {processor.py:161} INFO - Started process (PID=2427) to work on /home/airflow/.local/lib/python3.12/site-packages/airflow/example_dags/tutorial_taskflow_api_virtualenv.py
[2026-06-15T19:32:39.263+0000] {processor.py:830} INFO - Processing file /home/airflow/.local/lib/python3.12/site-packages/airflow/example_dags/tutorial_taskflow_api_virtualenv.py for tasks to queue
[2026-06-15T19:32:39.265+0000] {logging_mixin.py:188} INFO - [2026-06-15T19:32:39.264+0000] {dagbag.py:545} INFO - Filling up the DagBag from /home/airflow/.local/lib/python3.12/site-packages/airflow/example_dags/tutorial_taskflow_api_virtualenv.py
[2026-06-15T19:32:39.277+0000] {processor.py:840} INFO - DAG(s) 'tutorial_taskflow_api_virtualenv' retrieved from /home/airflow/.local/lib/python3.12/site-packages/airflow/example_dags/tutorial_taskflow_api_virtualenv.py
[2026-06-15T19:32:39.298+0000] {logging_mixin.py:188} INFO - [2026-06-15T19:32:39.298+0000] {dag.py:3089} INFO - Sync 1 DAGs
[2026-06-15T19:32:39.309+0000] {logging_mixin.py:188} INFO - [2026-06-15T19:32:39.309+0000] {dag.py:3947} INFO - Setting next_dagrun for tutorial_taskflow_api_virtualenv to None, run_after=None
[2026-06-15T19:32:39.325+0000] {processor.py:183} INFO - Processing /home/airflow/.local/lib/python3.12/site-packages/airflow/example_dags/tutorial_taskflow_api_virtualenv.py took 0.073 seconds
[2026-06-15T19:33:09.423+0000] {processor.py:161} INFO - Started process (PID=2484) to work on /home/airflow/.local/lib/python3.12/site-packages/airflow/example_dags/tutorial_taskflow_api_virtualenv.py
[2026-06-15T19:33:09.424+0000] {processor.py:830} INFO - Processing file /home/airflow/.local/lib/python3.12/site-packages/airflow/example_dags/tutorial_taskflow_api_virtualenv.py for tasks to queue
[2026-06-15T19:33:09.426+0000] {logging_mixin.py:188} INFO - [2026-06-15T19:33:09.426+0000] {dagbag.py:545} INFO - Filling up the DagBag from /home/airflow/.local/lib/python3.12/site-packages/airflow/example_dags/tutorial_taskflow_api_virtualenv.py
[2026-06-15T19:33:09.437+0000] {processor.py:840} INFO - DAG(s) 'tutorial_taskflow_api_virtualenv' retrieved from /home/airflow/.local/lib/python3.12/site-packages/airflow/example_dags/tutorial_taskflow_api_virtualenv.py
[2026-06-15T19:33:09.457+0000] {logging_mixin.py:188} INFO - [2026-06-15T19:33:09.457+0000] {dag.py:3089} INFO - Sync 1 DAGs
[2026-06-15T19:33:09.470+0000] {logging_mixin.py:188} INFO - [2026-06-15T19:33:09.469+0000] {dag.py:3947} INFO - Setting next_dagrun for tutorial_taskflow_api_virtualenv to None, run_after=None
[2026-06-15T19:33:09.485+0000] {processor.py:183} INFO - Processing /home/airflow/.local/lib/python3.12/site-packages/airflow/example_dags/tutorial_taskflow_api_virtualenv.py took 0.069 seconds
[2026-06-15T19:33:40.194+0000] {processor.py:161} INFO - Started process (PID=2542) to work on /home/airflow/.local/lib/python3.12/site-packages/airflow/example_dags/tutorial_taskflow_api_virtualenv.py
[2026-06-15T19:33:40.195+0000] {processor.py:830} INFO - Processing file /home/airflow/.local/lib/python3.12/site-packages/airflow/example_dags/tutorial_taskflow_api_virtualenv.py for tasks to queue
[2026-06-15T19:33:40.196+0000] {logging_mixin.py:188} INFO - [2026-06-15T19:33:40.196+0000] {dagbag.py:545} INFO - Filling up the DagBag from /home/airflow/.local/lib/python3.12/site-packages/airflow/example_dags/tutorial_taskflow_api_virtualenv.py
[2026-06-15T19:33:40.206+0000] {processor.py:840} INFO - DAG(s) 'tutorial_taskflow_api_virtualenv' retrieved from /home/airflow/.local/lib/python3.12/site-packages/airflow/example_dags/tutorial_taskflow_api_virtualenv.py
[2026-06-15T19:33:40.223+0000] {logging_mixin.py:188} INFO - [2026-06-15T19:33:40.223+0000] {dag.py:3089} INFO - Sync 1 DAGs
[2026-06-15T19:33:40.234+0000] {logging_mixin.py:188} INFO - [2026-06-15T19:33:40.234+0000] {dag.py:3947} INFO - Setting next_dagrun for tutorial_taskflow_api_virtualenv to None, run_after=None
[2026-06-15T19:33:40.249+0000] {processor.py:183} INFO - Processing /home/airflow/.local/lib/python3.12/site-packages/airflow/example_dags/tutorial_taskflow_api_virtualenv.py took 0.063 seconds
[2026-06-15T19:34:10.612+0000] {processor.py:161} INFO - Started process (PID=2599) to work on /home/airflow/.local/lib/python3.12/site-packages/airflow/example_dags/tutorial_taskflow_api_virtualenv.py
[2026-06-15T19:34:10.613+0000] {processor.py:830} INFO - Processing file /home/airflow/.local/lib/python3.12/site-packages/airflow/example_dags/tutorial_taskflow_api_virtualenv.py for tasks to queue
[2026-06-15T19:34:10.615+0000] {logging_mixin.py:188} INFO - [2026-06-15T19:34:10.614+0000] {dagbag.py:545} INFO - Filling up the DagBag from /home/airflow/.local/lib/python3.12/site-packages/airflow/example_dags/tutorial_taskflow_api_virtualenv.py
[2026-06-15T19:34:10.624+0000] {processor.py:840} INFO - DAG(s) 'tutorial_taskflow_api_virtualenv' retrieved from /home/airflow/.local/lib/python3.12/site-packages/airflow/example_dags/tutorial_taskflow_api_virtualenv.py
[2026-06-15T19:34:10.643+0000] {logging_mixin.py:188} INFO - [2026-06-15T19:34:10.643+0000] {dag.py:3089} INFO - Sync 1 DAGs
[2026-06-15T19:34:10.656+0000] {logging_mixin.py:188} INFO - [2026-06-15T19:34:10.656+0000] {dag.py:3947} INFO - Setting next_dagrun for tutorial_taskflow_api_virtualenv to None, run_after=None
[2026-06-15T19:34:10.671+0000] {processor.py:183} INFO - Processing /home/airflow/.local/lib/python3.12/site-packages/airflow/example_dags/tutorial_taskflow_api_virtualenv.py took 0.066 seconds
[2026-06-15T19:34:41.071+0000] {processor.py:161} INFO - Started process (PID=2657) to work on /home/airflow/.local/lib/python3.12/site-packages/airflow/example_dags/tutorial_taskflow_api_virtualenv.py
[2026-06-15T19:34:41.072+0000] {processor.py:830} INFO - Processing file /home/airflow/.local/lib/python3.12/site-packages/airflow/example_dags/tutorial_taskflow_api_virtualenv.py for tasks to queue
[2026-06-15T19:34:41.074+0000] {logging_mixin.py:188} INFO - [2026-06-15T19:34:41.074+0000] {dagbag.py:545} INFO - Filling up the DagBag from /home/airflow/.local/lib/python3.12/site-packages/airflow/example_dags/tutorial_taskflow_api_virtualenv.py
[2026-06-15T19:34:41.085+0000] {processor.py:840} INFO - DAG(s) 'tutorial_taskflow_api_virtualenv' retrieved from /home/airflow/.local/lib/python3.12/site-packages/airflow/example_dags/tutorial_taskflow_api_virtualenv.py
[2026-06-15T19:34:41.102+0000] {logging_mixin.py:188} INFO - [2026-06-15T19:34:41.101+0000] {dag.py:3089} INFO - Sync 1 DAGs
[2026-06-15T19:34:41.113+0000] {logging_mixin.py:188} INFO - [2026-06-15T19:34:41.112+0000] {dag.py:3947} INFO - Setting next_dagrun for tutorial_taskflow_api_virtualenv to None, run_after=None
[2026-06-15T19:34:41.127+0000] {processor.py:183} INFO - Processing /home/airflow/.local/lib/python3.12/site-packages/airflow/example_dags/tutorial_taskflow_api_virtualenv.py took 0.064 seconds
[2026-06-15T19:35:11.542+0000] {processor.py:161} INFO - Started process (PID=2715) to work on /home/airflow/.local/lib/python3.12/site-packages/airflow/example_dags/tutorial_taskflow_api_virtualenv.py
[2026-06-15T19:35:11.546+0000] {processor.py:830} INFO - Processing file /home/airflow/.local/lib/python3.12/site-packages/airflow/example_dags/tutorial_taskflow_api_virtualenv.py for tasks to queue
[2026-06-15T19:35:11.551+0000] {logging_mixin.py:188} INFO - [2026-06-15T19:35:11.549+0000] {dagbag.py:545} INFO - Filling up the DagBag from /home/airflow/.local/lib/python3.12/site-packages/airflow/example_dags/tutorial_taskflow_api_virtualenv.py
[2026-06-15T19:35:11.565+0000] {processor.py:840} INFO - DAG(s) 'tutorial_taskflow_api_virtualenv' retrieved from /home/airflow/.local/lib/python3.12/site-packages/airflow/example_dags/tutorial_taskflow_api_virtualenv.py
[2026-06-15T19:35:11.593+0000] {logging_mixin.py:188} INFO - [2026-06-15T19:35:11.592+0000] {dag.py:3089} INFO - Sync 1 DAGs
[2026-06-15T19:35:11.608+0000] {logging_mixin.py:188} INFO - [2026-06-15T19:35:11.608+0000] {dag.py:3947} INFO - Setting next_dagrun for tutorial_taskflow_api_virtualenv to None, run_after=None
[2026-06-15T19:35:11.629+0000] {processor.py:183} INFO - Processing /home/airflow/.local/lib/python3.12/site-packages/airflow/example_dags/tutorial_taskflow_api_virtualenv.py took 0.100 seconds
[2026-06-15T19:35:41.835+0000] {processor.py:161} INFO - Started process (PID=2773) to work on /home/airflow/.local/lib/python3.12/site-packages/airflow/example_dags/tutorial_taskflow_api_virtualenv.py
[2026-06-15T19:35:41.836+0000] {processor.py:830} INFO - Processing file /home/airflow/.local/lib/python3.12/site-packages/airflow/example_dags/tutorial_taskflow_api_virtualenv.py for tasks to queue
[2026-06-15T19:35:41.838+0000] {logging_mixin.py:188} INFO - [2026-06-15T19:35:41.837+0000] {dagbag.py:545} INFO - Filling up the DagBag from /home/airflow/.local/lib/python3.12/site-packages/airflow/example_dags/tutorial_taskflow_api_virtualenv.py
[2026-06-15T19:35:41.848+0000] {processor.py:840} INFO - DAG(s) 'tutorial_taskflow_api_virtualenv' retrieved from /home/airflow/.local/lib/python3.12/site-packages/airflow/example_dags/tutorial_taskflow_api_virtualenv.py
[2026-06-15T19:35:41.869+0000] {logging_mixin.py:188} INFO - [2026-06-15T19:35:41.868+0000] {dag.py:3089} INFO - Sync 1 DAGs
[2026-06-15T19:35:41.887+0000] {logging_mixin.py:188} INFO - [2026-06-15T19:35:41.887+0000] {dag.py:3947} INFO - Setting next_dagrun for tutorial_taskflow_api_virtualenv to None, run_after=None
[2026-06-15T19:35:41.903+0000] {processor.py:183} INFO - Processing /home/airflow/.local/lib/python3.12/site-packages/airflow/example_dags/tutorial_taskflow_api_virtualenv.py took 0.076 seconds
[2026-06-15T19:36:12.095+0000] {processor.py:161} INFO - Started process (PID=2831) to work on /home/airflow/.local/lib/python3.12/site-packages/airflow/example_dags/tutorial_taskflow_api_virtualenv.py
[2026-06-15T19:36:12.098+0000] {processor.py:830} INFO - Processing file /home/airflow/.local/lib/python3.12/site-packages/airflow/example_dags/tutorial_taskflow_api_virtualenv.py for tasks to queue
[2026-06-15T19:36:12.102+0000] {logging_mixin.py:188} INFO - [2026-06-15T19:36:12.101+0000] {dagbag.py:545} INFO - Filling up the DagBag from /home/airflow/.local/lib/python3.12/site-packages/airflow/example_dags/tutorial_taskflow_api_virtualenv.py
[2026-06-15T19:36:12.117+0000] {processor.py:840} INFO - DAG(s) 'tutorial_taskflow_api_virtualenv' retrieved from /home/airflow/.local/lib/python3.12/site-packages/airflow/example_dags/tutorial_taskflow_api_virtualenv.py
[2026-06-15T19:36:12.143+0000] {logging_mixin.py:188} INFO - [2026-06-15T19:36:12.143+0000] {dag.py:3089} INFO - Sync 1 DAGs
[2026-06-15T19:36:12.161+0000] {logging_mixin.py:188} INFO - [2026-06-15T19:36:12.161+0000] {dag.py:3947} INFO - Setting next_dagrun for tutorial_taskflow_api_virtualenv to None, run_after=None
[2026-06-15T19:36:12.183+0000] {processor.py:183} INFO - Processing /home/airflow/.local/lib/python3.12/site-packages/airflow/example_dags/tutorial_taskflow_api_virtualenv.py took 0.104 seconds
[2026-06-15T19:36:42.615+0000] {processor.py:161} INFO - Started process (PID=2889) to work on /home/airflow/.local/lib/python3.12/site-packages/airflow/example_dags/tutorial_taskflow_api_virtualenv.py
[2026-06-15T19:36:42.616+0000] {processor.py:830} INFO - Processing file /home/airflow/.local/lib/python3.12/site-packages/airflow/example_dags/tutorial_taskflow_api_virtualenv.py for tasks to queue
[2026-06-15T19:36:42.618+0000] {logging_mixin.py:188} INFO - [2026-06-15T19:36:42.617+0000] {dagbag.py:545} INFO - Filling up the DagBag from /home/airflow/.local/lib/python3.12/site-packages/airflow/example_dags/tutorial_taskflow_api_virtualenv.py
[2026-06-15T19:36:42.629+0000] {processor.py:840} INFO - DAG(s) 'tutorial_taskflow_api_virtualenv' retrieved from /home/airflow/.local/lib/python3.12/site-packages/airflow/example_dags/tutorial_taskflow_api_virtualenv.py
[2026-06-15T19:36:42.646+0000] {logging_mixin.py:188} INFO - [2026-06-15T19:36:42.646+0000] {dag.py:3089} INFO - Sync 1 DAGs
[2026-06-15T19:36:42.657+0000] {logging_mixin.py:188} INFO - [2026-06-15T19:36:42.657+0000] {dag.py:3947} INFO - Setting next_dagrun for tutorial_taskflow_api_virtualenv to None, run_after=None
[2026-06-15T19:36:42.672+0000] {processor.py:183} INFO - Processing /home/airflow/.local/lib/python3.12/site-packages/airflow/example_dags/tutorial_taskflow_api_virtualenv.py took 0.065 seconds
[2026-06-15T19:37:12.896+0000] {processor.py:161} INFO - Started process (PID=2947) to work on /home/airflow/.local/lib/python3.12/site-packages/airflow/example_dags/tutorial_taskflow_api_virtualenv.py
[2026-06-15T19:37:12.897+0000] {processor.py:830} INFO - Processing file /home/airflow/.local/lib/python3.12/site-packages/airflow/example_dags/tutorial_taskflow_api_virtualenv.py for tasks to queue
[2026-06-15T19:37:12.899+0000] {logging_mixin.py:188} INFO - [2026-06-15T19:37:12.899+0000] {dagbag.py:545} INFO - Filling up the DagBag from /home/airflow/.local/lib/python3.12/site-packages/airflow/example_dags/tutorial_taskflow_api_virtualenv.py
[2026-06-15T19:37:12.911+0000] {processor.py:840} INFO - DAG(s) 'tutorial_taskflow_api_virtualenv' retrieved from /home/airflow/.local/lib/python3.12/site-packages/airflow/example_dags/tutorial_taskflow_api_virtualenv.py
[2026-06-15T19:37:12.927+0000] {logging_mixin.py:188} INFO - [2026-06-15T19:37:12.927+0000] {dag.py:3089} INFO - Sync 1 DAGs
[2026-06-15T19:37:12.938+0000] {logging_mixin.py:188} INFO - [2026-06-15T19:37:12.938+0000] {dag.py:3947} INFO - Setting next_dagrun for tutorial_taskflow_api_virtualenv to None, run_after=None
[2026-06-15T19:37:12.953+0000] {processor.py:183} INFO - Processing /home/airflow/.local/lib/python3.12/site-packages/airflow/example_dags/tutorial_taskflow_api_virtualenv.py took 0.064 seconds
[2026-06-15T19:37:43.093+0000] {processor.py:161} INFO - Started process (PID=3004) to work on /home/airflow/.local/lib/python3.12/site-packages/airflow/example_dags/tutorial_taskflow_api_virtualenv.py
[2026-06-15T19:37:43.094+0000] {processor.py:830} INFO - Processing file /home/airflow/.local/lib/python3.12/site-packages/airflow/example_dags/tutorial_taskflow_api_virtualenv.py for tasks to queue
[2026-06-15T19:37:43.096+0000] {logging_mixin.py:188} INFO - [2026-06-15T19:37:43.095+0000] {dagbag.py:545} INFO - Filling up the DagBag from /home/airflow/.local/lib/python3.12/site-packages/airflow/example_dags/tutorial_taskflow_api_virtualenv.py
[2026-06-15T19:37:43.106+0000] {processor.py:840} INFO - DAG(s) 'tutorial_taskflow_api_virtualenv' retrieved from /home/airflow/.local/lib/python3.12/site-packages/airflow/example_dags/tutorial_taskflow_api_virtualenv.py
[2026-06-15T19:37:43.123+0000] {logging_mixin.py:188} INFO - [2026-06-15T19:37:43.123+0000] {dag.py:3089} INFO - Sync 1 DAGs
[2026-06-15T19:37:43.136+0000] {logging_mixin.py:188} INFO - [2026-06-15T19:37:43.136+0000] {dag.py:3947} INFO - Setting next_dagrun for tutorial_taskflow_api_virtualenv to None, run_after=None
[2026-06-15T19:37:43.154+0000] {processor.py:183} INFO - Processing /home/airflow/.local/lib/python3.12/site-packages/airflow/example_dags/tutorial_taskflow_api_virtualenv.py took 0.068 seconds
[2026-06-15T19:38:13.484+0000] {processor.py:161} INFO - Started process (PID=3062) to work on /home/airflow/.local/lib/python3.12/site-packages/airflow/example_dags/tutorial_taskflow_api_virtualenv.py
[2026-06-15T19:38:13.485+0000] {processor.py:830} INFO - Processing file /home/airflow/.local/lib/python3.12/site-packages/airflow/example_dags/tutorial_taskflow_api_virtualenv.py for tasks to queue
[2026-06-15T19:38:13.487+0000] {logging_mixin.py:188} INFO - [2026-06-15T19:38:13.486+0000] {dagbag.py:545} INFO - Filling up the DagBag from /home/airflow/.local/lib/python3.12/site-packages/airflow/example_dags/tutorial_taskflow_api_virtualenv.py
[2026-06-15T19:38:13.505+0000] {processor.py:840} INFO - DAG(s) 'tutorial_taskflow_api_virtualenv' retrieved from /home/airflow/.local/lib/python3.12/site-packages/airflow/example_dags/tutorial_taskflow_api_virtualenv.py
[2026-06-15T19:38:13.535+0000] {logging_mixin.py:188} INFO - [2026-06-15T19:38:13.535+0000] {dag.py:3089} INFO - Sync 1 DAGs
[2026-06-15T19:38:13.550+0000] {logging_mixin.py:188} INFO - [2026-06-15T19:38:13.549+0000] {dag.py:3947} INFO - Setting next_dagrun for tutorial_taskflow_api_virtualenv to None, run_after=None
[2026-06-15T19:38:13.564+0000] {processor.py:183} INFO - Processing /home/airflow/.local/lib/python3.12/site-packages/airflow/example_dags/tutorial_taskflow_api_virtualenv.py took 0.104 seconds
[2026-06-15T19:38:44.049+0000] {processor.py:161} INFO - Started process (PID=3120) to work on /home/airflow/.local/lib/python3.12/site-packages/airflow/example_dags/tutorial_taskflow_api_virtualenv.py
[2026-06-15T19:38:44.050+0000] {processor.py:830} INFO - Processing file /home/airflow/.local/lib/python3.12/site-packages/airflow/example_dags/tutorial_taskflow_api_virtualenv.py for tasks to queue
[2026-06-15T19:38:44.052+0000] {logging_mixin.py:188} INFO - [2026-06-15T19:38:44.052+0000] {dagbag.py:545} INFO - Filling up the DagBag from /home/airflow/.local/lib/python3.12/site-packages/airflow/example_dags/tutorial_taskflow_api_virtualenv.py
[2026-06-15T19:38:44.062+0000] {processor.py:840} INFO - DAG(s) 'tutorial_taskflow_api_virtualenv' retrieved from /home/airflow/.local/lib/python3.12/site-packages/airflow/example_dags/tutorial_taskflow_api_virtualenv.py
[2026-06-15T19:38:44.080+0000] {logging_mixin.py:188} INFO - [2026-06-15T19:38:44.080+0000] {dag.py:3089} INFO - Sync 1 DAGs
[2026-06-15T19:38:44.096+0000] {logging_mixin.py:188} INFO - [2026-06-15T19:38:44.096+0000] {dag.py:3947} INFO - Setting next_dagrun for tutorial_taskflow_api_virtualenv to None, run_after=None
[2026-06-15T19:38:44.121+0000] {processor.py:183} INFO - Processing /home/airflow/.local/lib/python3.12/site-packages/airflow/example_dags/tutorial_taskflow_api_virtualenv.py took 0.079 seconds
[2026-06-15T19:39:14.586+0000] {processor.py:161} INFO - Started process (PID=3178) to work on /home/airflow/.local/lib/python3.12/site-packages/airflow/example_dags/tutorial_taskflow_api_virtualenv.py
[2026-06-15T19:39:14.587+0000] {processor.py:830} INFO - Processing file /home/airflow/.local/lib/python3.12/site-packages/airflow/example_dags/tutorial_taskflow_api_virtualenv.py for tasks to queue
[2026-06-15T19:39:14.589+0000] {logging_mixin.py:188} INFO - [2026-06-15T19:39:14.588+0000] {dagbag.py:545} INFO - Filling up the DagBag from /home/airflow/.local/lib/python3.12/site-packages/airflow/example_dags/tutorial_taskflow_api_virtualenv.py
[2026-06-15T19:39:14.600+0000] {processor.py:840} INFO - DAG(s) 'tutorial_taskflow_api_virtualenv' retrieved from /home/airflow/.local/lib/python3.12/site-packages/airflow/example_dags/tutorial_taskflow_api_virtualenv.py
[2026-06-15T19:39:14.617+0000] {logging_mixin.py:188} INFO - [2026-06-15T19:39:14.617+0000] {dag.py:3089} INFO - Sync 1 DAGs
[2026-06-15T19:39:14.629+0000] {logging_mixin.py:188} INFO - [2026-06-15T19:39:14.629+0000] {dag.py:3947} INFO - Setting next_dagrun for tutorial_taskflow_api_virtualenv to None, run_after=None
[2026-06-15T19:39:14.644+0000] {processor.py:183} INFO - Processing /home/airflow/.local/lib/python3.12/site-packages/airflow/example_dags/tutorial_taskflow_api_virtualenv.py took 0.066 seconds
[2026-06-15T19:39:44.909+0000] {processor.py:161} INFO - Started process (PID=3236) to work on /home/airflow/.local/lib/python3.12/site-packages/airflow/example_dags/tutorial_taskflow_api_virtualenv.py
[2026-06-15T19:39:44.910+0000] {processor.py:830} INFO - Processing file /home/airflow/.local/lib/python3.12/site-packages/airflow/example_dags/tutorial_taskflow_api_virtualenv.py for tasks to queue
[2026-06-15T19:39:44.912+0000] {logging_mixin.py:188} INFO - [2026-06-15T19:39:44.912+0000] {dagbag.py:545} INFO - Filling up the DagBag from /home/airflow/.local/lib/python3.12/site-packages/airflow/example_dags/tutorial_taskflow_api_virtualenv.py
[2026-06-15T19:39:44.923+0000] {processor.py:840} INFO - DAG(s) 'tutorial_taskflow_api_virtualenv' retrieved from /home/airflow/.local/lib/python3.12/site-packages/airflow/example_dags/tutorial_taskflow_api_virtualenv.py
[2026-06-15T19:39:44.939+0000] {logging_mixin.py:188} INFO - [2026-06-15T19:39:44.939+0000] {dag.py:3089} INFO - Sync 1 DAGs
[2026-06-15T19:39:44.950+0000] {logging_mixin.py:188} INFO - [2026-06-15T19:39:44.950+0000] {dag.py:3947} INFO - Setting next_dagrun for tutorial_taskflow_api_virtualenv to None, run_after=None
[2026-06-15T19:39:44.966+0000] {processor.py:183} INFO - Processing /home/airflow/.local/lib/python3.12/site-packages/airflow/example_dags/tutorial_taskflow_api_virtualenv.py took 0.065 seconds
[2026-06-15T19:40:15.779+0000] {processor.py:161} INFO - Started process (PID=3294) to work on /home/airflow/.local/lib/python3.12/site-packages/airflow/example_dags/tutorial_taskflow_api_virtualenv.py
[2026-06-15T19:40:15.780+0000] {processor.py:830} INFO - Processing file /home/airflow/.local/lib/python3.12/site-packages/airflow/example_dags/tutorial_taskflow_api_virtualenv.py for tasks to queue
[2026-06-15T19:40:15.782+0000] {logging_mixin.py:188} INFO - [2026-06-15T19:40:15.782+0000] {dagbag.py:545} INFO - Filling up the DagBag from /home/airflow/.local/lib/python3.12/site-packages/airflow/example_dags/tutorial_taskflow_api_virtualenv.py
[2026-06-15T19:40:15.793+0000] {processor.py:840} INFO - DAG(s) 'tutorial_taskflow_api_virtualenv' retrieved from /home/airflow/.local/lib/python3.12/site-packages/airflow/example_dags/tutorial_taskflow_api_virtualenv.py
[2026-06-15T19:40:15.812+0000] {logging_mixin.py:188} INFO - [2026-06-15T19:40:15.811+0000] {dag.py:3089} INFO - Sync 1 DAGs
[2026-06-15T19:40:15.823+0000] {logging_mixin.py:188} INFO - [2026-06-15T19:40:15.822+0000] {dag.py:3947} INFO - Setting next_dagrun for tutorial_taskflow_api_virtualenv to None, run_after=None
[2026-06-15T19:40:15.838+0000] {processor.py:183} INFO - Processing /home/airflow/.local/lib/python3.12/site-packages/airflow/example_dags/tutorial_taskflow_api_virtualenv.py took 0.066 seconds
[2026-06-15T19:40:46.226+0000] {processor.py:161} INFO - Started process (PID=3352) to work on /home/airflow/.local/lib/python3.12/site-packages/airflow/example_dags/tutorial_taskflow_api_virtualenv.py
[2026-06-15T19:40:46.227+0000] {processor.py:830} INFO - Processing file /home/airflow/.local/lib/python3.12/site-packages/airflow/example_dags/tutorial_taskflow_api_virtualenv.py for tasks to queue
[2026-06-15T19:40:46.229+0000] {logging_mixin.py:188} INFO - [2026-06-15T19:40:46.228+0000] {dagbag.py:545} INFO - Filling up the DagBag from /home/airflow/.local/lib/python3.12/site-packages/airflow/example_dags/tutorial_taskflow_api_virtualenv.py
[2026-06-15T19:40:46.239+0000] {processor.py:840} INFO - DAG(s) 'tutorial_taskflow_api_virtualenv' retrieved from /home/airflow/.local/lib/python3.12/site-packages/airflow/example_dags/tutorial_taskflow_api_virtualenv.py
[2026-06-15T19:40:46.256+0000] {logging_mixin.py:188} INFO - [2026-06-15T19:40:46.256+0000] {dag.py:3089} INFO - Sync 1 DAGs
[2026-06-15T19:40:46.268+0000] {logging_mixin.py:188} INFO - [2026-06-15T19:40:46.268+0000] {dag.py:3947} INFO - Setting next_dagrun for tutorial_taskflow_api_virtualenv to None, run_after=None
[2026-06-15T19:40:46.283+0000] {processor.py:183} INFO - Processing /home/airflow/.local/lib/python3.12/site-packages/airflow/example_dags/tutorial_taskflow_api_virtualenv.py took 0.064 seconds
[2026-06-15T19:41:16.513+0000] {processor.py:161} INFO - Started process (PID=3409) to work on /home/airflow/.local/lib/python3.12/site-packages/airflow/example_dags/tutorial_taskflow_api_virtualenv.py
[2026-06-15T19:41:16.514+0000] {processor.py:830} INFO - Processing file /home/airflow/.local/lib/python3.12/site-packages/airflow/example_dags/tutorial_taskflow_api_virtualenv.py for tasks to queue
[2026-06-15T19:41:16.517+0000] {logging_mixin.py:188} INFO - [2026-06-15T19:41:16.516+0000] {dagbag.py:545} INFO - Filling up the DagBag from /home/airflow/.local/lib/python3.12/site-packages/airflow/example_dags/tutorial_taskflow_api_virtualenv.py
[2026-06-15T19:41:16.526+0000] {processor.py:840} INFO - DAG(s) 'tutorial_taskflow_api_virtualenv' retrieved from /home/airflow/.local/lib/python3.12/site-packages/airflow/example_dags/tutorial_taskflow_api_virtualenv.py
[2026-06-15T19:41:16.542+0000] {logging_mixin.py:188} INFO - [2026-06-15T19:41:16.542+0000] {dag.py:3089} INFO - Sync 1 DAGs
[2026-06-15T19:41:16.555+0000] {logging_mixin.py:188} INFO - [2026-06-15T19:41:16.555+0000] {dag.py:3947} INFO - Setting next_dagrun for tutorial_taskflow_api_virtualenv to None, run_after=None
[2026-06-15T19:41:16.571+0000] {processor.py:183} INFO - Processing /home/airflow/.local/lib/python3.12/site-packages/airflow/example_dags/tutorial_taskflow_api_virtualenv.py took 0.065 seconds
[2026-06-15T19:41:47.128+0000] {processor.py:161} INFO - Started process (PID=3467) to work on /home/airflow/.local/lib/python3.12/site-packages/airflow/example_dags/tutorial_taskflow_api_virtualenv.py
[2026-06-15T19:41:47.131+0000] {processor.py:830} INFO - Processing file /home/airflow/.local/lib/python3.12/site-packages/airflow/example_dags/tutorial_taskflow_api_virtualenv.py for tasks to queue
[2026-06-15T19:41:47.133+0000] {logging_mixin.py:188} INFO - [2026-06-15T19:41:47.132+0000] {dagbag.py:545} INFO - Filling up the DagBag from /home/airflow/.local/lib/python3.12/site-packages/airflow/example_dags/tutorial_taskflow_api_virtualenv.py
[2026-06-15T19:41:47.154+0000] {processor.py:840} INFO - DAG(s) 'tutorial_taskflow_api_virtualenv' retrieved from /home/airflow/.local/lib/python3.12/site-packages/airflow/example_dags/tutorial_taskflow_api_virtualenv.py
[2026-06-15T19:41:47.180+0000] {logging_mixin.py:188} INFO - [2026-06-15T19:41:47.179+0000] {dag.py:3089} INFO - Sync 1 DAGs
[2026-06-15T19:41:47.197+0000] {logging_mixin.py:188} INFO - [2026-06-15T19:41:47.197+0000] {dag.py:3947} INFO - Setting next_dagrun for tutorial_taskflow_api_virtualenv to None, run_after=None
[2026-06-15T19:41:47.218+0000] {processor.py:183} INFO - Processing /home/airflow/.local/lib/python3.12/site-packages/airflow/example_dags/tutorial_taskflow_api_virtualenv.py took 0.103 seconds
[2026-06-15T19:42:17.254+0000] {processor.py:161} INFO - Started process (PID=3525) to work on /home/airflow/.local/lib/python3.12/site-packages/airflow/example_dags/tutorial_taskflow_api_virtualenv.py
[2026-06-15T19:42:17.255+0000] {processor.py:830} INFO - Processing file /home/airflow/.local/lib/python3.12/site-packages/airflow/example_dags/tutorial_taskflow_api_virtualenv.py for tasks to queue
[2026-06-15T19:42:17.257+0000] {logging_mixin.py:188} INFO - [2026-06-15T19:42:17.256+0000] {dagbag.py:545} INFO - Filling up the DagBag from /home/airflow/.local/lib/python3.12/site-packages/airflow/example_dags/tutorial_taskflow_api_virtualenv.py
[2026-06-15T19:42:17.266+0000] {processor.py:840} INFO - DAG(s) 'tutorial_taskflow_api_virtualenv' retrieved from /home/airflow/.local/lib/python3.12/site-packages/airflow/example_dags/tutorial_taskflow_api_virtualenv.py
[2026-06-15T19:42:17.284+0000] {logging_mixin.py:188} INFO - [2026-06-15T19:42:17.284+0000] {dag.py:3089} INFO - Sync 1 DAGs
[2026-06-15T19:42:17.295+0000] {logging_mixin.py:188} INFO - [2026-06-15T19:42:17.295+0000] {dag.py:3947} INFO - Setting next_dagrun for tutorial_taskflow_api_virtualenv to None, run_after=None
[2026-06-15T19:42:17.311+0000] {processor.py:183} INFO - Processing /home/airflow/.local/lib/python3.12/site-packages/airflow/example_dags/tutorial_taskflow_api_virtualenv.py took 0.064 seconds
[2026-06-15T19:42:47.462+0000] {processor.py:161} INFO - Started process (PID=3583) to work on /home/airflow/.local/lib/python3.12/site-packages/airflow/example_dags/tutorial_taskflow_api_virtualenv.py
[2026-06-15T19:42:47.466+0000] {processor.py:830} INFO - Processing file /home/airflow/.local/lib/python3.12/site-packages/airflow/example_dags/tutorial_taskflow_api_virtualenv.py for tasks to queue
[2026-06-15T19:42:47.470+0000] {logging_mixin.py:188} INFO - [2026-06-15T19:42:47.470+0000] {dagbag.py:545} INFO - Filling up the DagBag from /home/airflow/.local/lib/python3.12/site-packages/airflow/example_dags/tutorial_taskflow_api_virtualenv.py
[2026-06-15T19:42:47.485+0000] {processor.py:840} INFO - DAG(s) 'tutorial_taskflow_api_virtualenv' retrieved from /home/airflow/.local/lib/python3.12/site-packages/airflow/example_dags/tutorial_taskflow_api_virtualenv.py
[2026-06-15T19:42:47.517+0000] {logging_mixin.py:188} INFO - [2026-06-15T19:42:47.516+0000] {dag.py:3089} INFO - Sync 1 DAGs
[2026-06-15T19:42:47.534+0000] {logging_mixin.py:188} INFO - [2026-06-15T19:42:47.534+0000] {dag.py:3947} INFO - Setting next_dagrun for tutorial_taskflow_api_virtualenv to None, run_after=None
[2026-06-15T19:42:47.555+0000] {processor.py:183} INFO - Processing /home/airflow/.local/lib/python3.12/site-packages/airflow/example_dags/tutorial_taskflow_api_virtualenv.py took 0.107 seconds
[2026-06-15T19:43:17.756+0000] {processor.py:161} INFO - Started process (PID=3641) to work on /home/airflow/.local/lib/python3.12/site-packages/airflow/example_dags/tutorial_taskflow_api_virtualenv.py
[2026-06-15T19:43:17.757+0000] {processor.py:830} INFO - Processing file /home/airflow/.local/lib/python3.12/site-packages/airflow/example_dags/tutorial_taskflow_api_virtualenv.py for tasks to queue
[2026-06-15T19:43:17.759+0000] {logging_mixin.py:188} INFO - [2026-06-15T19:43:17.759+0000] {dagbag.py:545} INFO - Filling up the DagBag from /home/airflow/.local/lib/python3.12/site-packages/airflow/example_dags/tutorial_taskflow_api_virtualenv.py
[2026-06-15T19:43:17.770+0000] {processor.py:840} INFO - DAG(s) 'tutorial_taskflow_api_virtualenv' retrieved from /home/airflow/.local/lib/python3.12/site-packages/airflow/example_dags/tutorial_taskflow_api_virtualenv.py
[2026-06-15T19:43:17.787+0000] {logging_mixin.py:188} INFO - [2026-06-15T19:43:17.787+0000] {dag.py:3089} INFO - Sync 1 DAGs
[2026-06-15T19:43:17.798+0000] {logging_mixin.py:188} INFO - [2026-06-15T19:43:17.798+0000] {dag.py:3947} INFO - Setting next_dagrun for tutorial_taskflow_api_virtualenv to None, run_after=None
[2026-06-15T19:43:17.815+0000] {processor.py:183} INFO - Processing /home/airflow/.local/lib/python3.12/site-packages/airflow/example_dags/tutorial_taskflow_api_virtualenv.py took 0.066 seconds
[2026-06-15T19:43:48.459+0000] {processor.py:161} INFO - Started process (PID=3699) to work on /home/airflow/.local/lib/python3.12/site-packages/airflow/example_dags/tutorial_taskflow_api_virtualenv.py
[2026-06-15T19:43:48.462+0000] {processor.py:830} INFO - Processing file /home/airflow/.local/lib/python3.12/site-packages/airflow/example_dags/tutorial_taskflow_api_virtualenv.py for tasks to queue
[2026-06-15T19:43:48.466+0000] {logging_mixin.py:188} INFO - [2026-06-15T19:43:48.466+0000] {dagbag.py:545} INFO - Filling up the DagBag from /home/airflow/.local/lib/python3.12/site-packages/airflow/example_dags/tutorial_taskflow_api_virtualenv.py
[2026-06-15T19:43:48.479+0000] {processor.py:840} INFO - DAG(s) 'tutorial_taskflow_api_virtualenv' retrieved from /home/airflow/.local/lib/python3.12/site-packages/airflow/example_dags/tutorial_taskflow_api_virtualenv.py
[2026-06-15T19:43:48.503+0000] {logging_mixin.py:188} INFO - [2026-06-15T19:43:48.503+0000] {dag.py:3089} INFO - Sync 1 DAGs
[2026-06-15T19:43:48.514+0000] {logging_mixin.py:188} INFO - [2026-06-15T19:43:48.514+0000] {dag.py:3947} INFO - Setting next_dagrun for tutorial_taskflow_api_virtualenv to None, run_after=None
[2026-06-15T19:43:48.529+0000] {processor.py:183} INFO - Processing /home/airflow/.local/lib/python3.12/site-packages/airflow/example_dags/tutorial_taskflow_api_virtualenv.py took 0.088 seconds
