[2026-06-15T19:12:21.794+0000] {processor.py:161} INFO - Started process (PID=116) to work on /home/airflow/.local/lib/python3.12/site-packages/airflow/example_dags/tutorial_dag.py
[2026-06-15T19:12:21.799+0000] {processor.py:830} INFO - Processing file /home/airflow/.local/lib/python3.12/site-packages/airflow/example_dags/tutorial_dag.py for tasks to queue
[2026-06-15T19:12:21.812+0000] {logging_mixin.py:188} INFO - [2026-06-15T19:12:21.812+0000] {dagbag.py:545} INFO - Filling up the DagBag from /home/airflow/.local/lib/python3.12/site-packages/airflow/example_dags/tutorial_dag.py
[2026-06-15T19:12:21.905+0000] {processor.py:840} INFO - DAG(s) 'tutorial_dag' retrieved from /home/airflow/.local/lib/python3.12/site-packages/airflow/example_dags/tutorial_dag.py
[2026-06-15T19:12:22.969+0000] {logging_mixin.py:188} INFO - [2026-06-15T19:12:22.969+0000] {dag.py:3089} INFO - Sync 1 DAGs
[2026-06-15T19:12:23.033+0000] {logging_mixin.py:188} INFO - [2026-06-15T19:12:23.032+0000] {dag.py:3947} INFO - Setting next_dagrun for tutorial_dag to None, run_after=None
[2026-06-15T19:12:23.265+0000] {processor.py:183} INFO - Processing /home/airflow/.local/lib/python3.12/site-packages/airflow/example_dags/tutorial_dag.py took 1.506 seconds
[2026-06-15T19:12:53.530+0000] {processor.py:161} INFO - Started process (PID=174) to work on /home/airflow/.local/lib/python3.12/site-packages/airflow/example_dags/tutorial_dag.py
[2026-06-15T19:12:53.533+0000] {processor.py:830} INFO - Processing file /home/airflow/.local/lib/python3.12/site-packages/airflow/example_dags/tutorial_dag.py for tasks to queue
[2026-06-15T19:12:53.537+0000] {logging_mixin.py:188} INFO - [2026-06-15T19:12:53.537+0000] {dagbag.py:545} INFO - Filling up the DagBag from /home/airflow/.local/lib/python3.12/site-packages/airflow/example_dags/tutorial_dag.py
[2026-06-15T19:12:53.545+0000] {processor.py:840} INFO - DAG(s) 'tutorial_dag' retrieved from /home/airflow/.local/lib/python3.12/site-packages/airflow/example_dags/tutorial_dag.py
[2026-06-15T19:12:53.603+0000] {logging_mixin.py:188} INFO - [2026-06-15T19:12:53.603+0000] {dag.py:3089} INFO - Sync 1 DAGs
[2026-06-15T19:12:53.631+0000] {logging_mixin.py:188} INFO - [2026-06-15T19:12:53.631+0000] {dag.py:3947} INFO - Setting next_dagrun for tutorial_dag to None, run_after=None
[2026-06-15T19:12:53.656+0000] {processor.py:183} INFO - Processing /home/airflow/.local/lib/python3.12/site-packages/airflow/example_dags/tutorial_dag.py took 0.140 seconds
[2026-06-15T19:13:23.854+0000] {processor.py:161} INFO - Started process (PID=232) to work on /home/airflow/.local/lib/python3.12/site-packages/airflow/example_dags/tutorial_dag.py
[2026-06-15T19:13:23.858+0000] {processor.py:830} INFO - Processing file /home/airflow/.local/lib/python3.12/site-packages/airflow/example_dags/tutorial_dag.py for tasks to queue
[2026-06-15T19:13:23.874+0000] {logging_mixin.py:188} INFO - [2026-06-15T19:13:23.871+0000] {dagbag.py:545} INFO - Filling up the DagBag from /home/airflow/.local/lib/python3.12/site-packages/airflow/example_dags/tutorial_dag.py
[2026-06-15T19:13:23.891+0000] {processor.py:840} INFO - DAG(s) 'tutorial_dag' retrieved from /home/airflow/.local/lib/python3.12/site-packages/airflow/example_dags/tutorial_dag.py
[2026-06-15T19:13:23.936+0000] {logging_mixin.py:188} INFO - [2026-06-15T19:13:23.936+0000] {dag.py:3089} INFO - Sync 1 DAGs
[2026-06-15T19:13:23.954+0000] {logging_mixin.py:188} INFO - [2026-06-15T19:13:23.954+0000] {dag.py:3947} INFO - Setting next_dagrun for tutorial_dag to None, run_after=None
[2026-06-15T19:13:23.977+0000] {processor.py:183} INFO - Processing /home/airflow/.local/lib/python3.12/site-packages/airflow/example_dags/tutorial_dag.py took 0.154 seconds
[2026-06-15T19:13:54.716+0000] {processor.py:161} INFO - Started process (PID=290) to work on /home/airflow/.local/lib/python3.12/site-packages/airflow/example_dags/tutorial_dag.py
[2026-06-15T19:13:54.721+0000] {processor.py:830} INFO - Processing file /home/airflow/.local/lib/python3.12/site-packages/airflow/example_dags/tutorial_dag.py for tasks to queue
[2026-06-15T19:13:54.726+0000] {logging_mixin.py:188} INFO - [2026-06-15T19:13:54.723+0000] {dagbag.py:545} INFO - Filling up the DagBag from /home/airflow/.local/lib/python3.12/site-packages/airflow/example_dags/tutorial_dag.py
[2026-06-15T19:13:54.732+0000] {processor.py:840} INFO - DAG(s) 'tutorial_dag' retrieved from /home/airflow/.local/lib/python3.12/site-packages/airflow/example_dags/tutorial_dag.py
[2026-06-15T19:13:54.758+0000] {logging_mixin.py:188} INFO - [2026-06-15T19:13:54.758+0000] {dag.py:3089} INFO - Sync 1 DAGs
[2026-06-15T19:13:54.775+0000] {logging_mixin.py:188} INFO - [2026-06-15T19:13:54.775+0000] {dag.py:3947} INFO - Setting next_dagrun for tutorial_dag to None, run_after=None
[2026-06-15T19:13:54.796+0000] {processor.py:183} INFO - Processing /home/airflow/.local/lib/python3.12/site-packages/airflow/example_dags/tutorial_dag.py took 0.095 seconds
[2026-06-15T19:14:25.493+0000] {processor.py:161} INFO - Started process (PID=348) to work on /home/airflow/.local/lib/python3.12/site-packages/airflow/example_dags/tutorial_dag.py
[2026-06-15T19:14:25.494+0000] {processor.py:830} INFO - Processing file /home/airflow/.local/lib/python3.12/site-packages/airflow/example_dags/tutorial_dag.py for tasks to queue
[2026-06-15T19:14:25.497+0000] {logging_mixin.py:188} INFO - [2026-06-15T19:14:25.496+0000] {dagbag.py:545} INFO - Filling up the DagBag from /home/airflow/.local/lib/python3.12/site-packages/airflow/example_dags/tutorial_dag.py
[2026-06-15T19:14:25.504+0000] {processor.py:840} INFO - DAG(s) 'tutorial_dag' retrieved from /home/airflow/.local/lib/python3.12/site-packages/airflow/example_dags/tutorial_dag.py
[2026-06-15T19:14:25.529+0000] {logging_mixin.py:188} INFO - [2026-06-15T19:14:25.529+0000] {dag.py:3089} INFO - Sync 1 DAGs
[2026-06-15T19:14:25.546+0000] {logging_mixin.py:188} INFO - [2026-06-15T19:14:25.546+0000] {dag.py:3947} INFO - Setting next_dagrun for tutorial_dag to None, run_after=None
[2026-06-15T19:14:25.568+0000] {processor.py:183} INFO - Processing /home/airflow/.local/lib/python3.12/site-packages/airflow/example_dags/tutorial_dag.py took 0.088 seconds
[2026-06-15T19:14:55.890+0000] {processor.py:161} INFO - Started process (PID=406) to work on /home/airflow/.local/lib/python3.12/site-packages/airflow/example_dags/tutorial_dag.py
[2026-06-15T19:14:55.907+0000] {processor.py:830} INFO - Processing file /home/airflow/.local/lib/python3.12/site-packages/airflow/example_dags/tutorial_dag.py for tasks to queue
[2026-06-15T19:14:55.926+0000] {logging_mixin.py:188} INFO - [2026-06-15T19:14:55.926+0000] {dagbag.py:545} INFO - Filling up the DagBag from /home/airflow/.local/lib/python3.12/site-packages/airflow/example_dags/tutorial_dag.py
[2026-06-15T19:14:55.961+0000] {processor.py:840} INFO - DAG(s) 'tutorial_dag' retrieved from /home/airflow/.local/lib/python3.12/site-packages/airflow/example_dags/tutorial_dag.py
[2026-06-15T19:14:56.000+0000] {logging_mixin.py:188} INFO - [2026-06-15T19:14:56.000+0000] {dag.py:3089} INFO - Sync 1 DAGs
[2026-06-15T19:14:56.016+0000] {logging_mixin.py:188} INFO - [2026-06-15T19:14:56.016+0000] {dag.py:3947} INFO - Setting next_dagrun for tutorial_dag to None, run_after=None
[2026-06-15T19:14:56.035+0000] {processor.py:183} INFO - Processing /home/airflow/.local/lib/python3.12/site-packages/airflow/example_dags/tutorial_dag.py took 0.165 seconds
[2026-06-15T19:15:26.559+0000] {processor.py:161} INFO - Started process (PID=464) to work on /home/airflow/.local/lib/python3.12/site-packages/airflow/example_dags/tutorial_dag.py
[2026-06-15T19:15:26.560+0000] {processor.py:830} INFO - Processing file /home/airflow/.local/lib/python3.12/site-packages/airflow/example_dags/tutorial_dag.py for tasks to queue
[2026-06-15T19:15:26.563+0000] {logging_mixin.py:188} INFO - [2026-06-15T19:15:26.563+0000] {dagbag.py:545} INFO - Filling up the DagBag from /home/airflow/.local/lib/python3.12/site-packages/airflow/example_dags/tutorial_dag.py
[2026-06-15T19:15:26.576+0000] {processor.py:840} INFO - DAG(s) 'tutorial_dag' retrieved from /home/airflow/.local/lib/python3.12/site-packages/airflow/example_dags/tutorial_dag.py
[2026-06-15T19:15:26.601+0000] {logging_mixin.py:188} INFO - [2026-06-15T19:15:26.601+0000] {dag.py:3089} INFO - Sync 1 DAGs
[2026-06-15T19:15:26.617+0000] {logging_mixin.py:188} INFO - [2026-06-15T19:15:26.617+0000] {dag.py:3947} INFO - Setting next_dagrun for tutorial_dag to None, run_after=None
[2026-06-15T19:15:26.636+0000] {processor.py:183} INFO - Processing /home/airflow/.local/lib/python3.12/site-packages/airflow/example_dags/tutorial_dag.py took 0.095 seconds
[2026-06-15T19:15:56.892+0000] {processor.py:161} INFO - Started process (PID=522) to work on /home/airflow/.local/lib/python3.12/site-packages/airflow/example_dags/tutorial_dag.py
[2026-06-15T19:15:56.895+0000] {processor.py:830} INFO - Processing file /home/airflow/.local/lib/python3.12/site-packages/airflow/example_dags/tutorial_dag.py for tasks to queue
[2026-06-15T19:15:56.897+0000] {logging_mixin.py:188} INFO - [2026-06-15T19:15:56.897+0000] {dagbag.py:545} INFO - Filling up the DagBag from /home/airflow/.local/lib/python3.12/site-packages/airflow/example_dags/tutorial_dag.py
[2026-06-15T19:15:56.907+0000] {processor.py:840} INFO - DAG(s) 'tutorial_dag' retrieved from /home/airflow/.local/lib/python3.12/site-packages/airflow/example_dags/tutorial_dag.py
[2026-06-15T19:15:56.932+0000] {logging_mixin.py:188} INFO - [2026-06-15T19:15:56.932+0000] {dag.py:3089} INFO - Sync 1 DAGs
[2026-06-15T19:15:56.949+0000] {logging_mixin.py:188} INFO - [2026-06-15T19:15:56.949+0000] {dag.py:3947} INFO - Setting next_dagrun for tutorial_dag to None, run_after=None
[2026-06-15T19:15:56.974+0000] {processor.py:183} INFO - Processing /home/airflow/.local/lib/python3.12/site-packages/airflow/example_dags/tutorial_dag.py took 0.098 seconds
[2026-06-15T19:16:27.490+0000] {processor.py:161} INFO - Started process (PID=580) to work on /home/airflow/.local/lib/python3.12/site-packages/airflow/example_dags/tutorial_dag.py
[2026-06-15T19:16:27.497+0000] {processor.py:830} INFO - Processing file /home/airflow/.local/lib/python3.12/site-packages/airflow/example_dags/tutorial_dag.py for tasks to queue
[2026-06-15T19:16:27.505+0000] {logging_mixin.py:188} INFO - [2026-06-15T19:16:27.505+0000] {dagbag.py:545} INFO - Filling up the DagBag from /home/airflow/.local/lib/python3.12/site-packages/airflow/example_dags/tutorial_dag.py
[2026-06-15T19:16:27.531+0000] {processor.py:840} INFO - DAG(s) 'tutorial_dag' retrieved from /home/airflow/.local/lib/python3.12/site-packages/airflow/example_dags/tutorial_dag.py
[2026-06-15T19:16:27.608+0000] {logging_mixin.py:188} INFO - [2026-06-15T19:16:27.608+0000] {dag.py:3089} INFO - Sync 1 DAGs
[2026-06-15T19:16:27.690+0000] {logging_mixin.py:188} INFO - [2026-06-15T19:16:27.690+0000] {dag.py:3947} INFO - Setting next_dagrun for tutorial_dag to None, run_after=None
[2026-06-15T19:16:27.923+0000] {processor.py:183} INFO - Processing /home/airflow/.local/lib/python3.12/site-packages/airflow/example_dags/tutorial_dag.py took 0.463 seconds
[2026-06-15T19:16:58.027+0000] {processor.py:161} INFO - Started process (PID=637) to work on /home/airflow/.local/lib/python3.12/site-packages/airflow/example_dags/tutorial_dag.py
[2026-06-15T19:16:58.028+0000] {processor.py:830} INFO - Processing file /home/airflow/.local/lib/python3.12/site-packages/airflow/example_dags/tutorial_dag.py for tasks to queue
[2026-06-15T19:16:58.029+0000] {logging_mixin.py:188} INFO - [2026-06-15T19:16:58.029+0000] {dagbag.py:545} INFO - Filling up the DagBag from /home/airflow/.local/lib/python3.12/site-packages/airflow/example_dags/tutorial_dag.py
[2026-06-15T19:16:58.034+0000] {processor.py:840} INFO - DAG(s) 'tutorial_dag' retrieved from /home/airflow/.local/lib/python3.12/site-packages/airflow/example_dags/tutorial_dag.py
[2026-06-15T19:16:58.052+0000] {logging_mixin.py:188} INFO - [2026-06-15T19:16:58.052+0000] {dag.py:3089} INFO - Sync 1 DAGs
[2026-06-15T19:16:58.063+0000] {logging_mixin.py:188} INFO - [2026-06-15T19:16:58.063+0000] {dag.py:3947} INFO - Setting next_dagrun for tutorial_dag to None, run_after=None
[2026-06-15T19:16:58.083+0000] {processor.py:183} INFO - Processing /home/airflow/.local/lib/python3.12/site-packages/airflow/example_dags/tutorial_dag.py took 0.061 seconds
[2026-06-15T19:17:28.282+0000] {processor.py:161} INFO - Started process (PID=695) to work on /home/airflow/.local/lib/python3.12/site-packages/airflow/example_dags/tutorial_dag.py
[2026-06-15T19:17:28.283+0000] {processor.py:830} INFO - Processing file /home/airflow/.local/lib/python3.12/site-packages/airflow/example_dags/tutorial_dag.py for tasks to queue
[2026-06-15T19:17:28.285+0000] {logging_mixin.py:188} INFO - [2026-06-15T19:17:28.284+0000] {dagbag.py:545} INFO - Filling up the DagBag from /home/airflow/.local/lib/python3.12/site-packages/airflow/example_dags/tutorial_dag.py
[2026-06-15T19:17:28.291+0000] {processor.py:840} INFO - DAG(s) 'tutorial_dag' retrieved from /home/airflow/.local/lib/python3.12/site-packages/airflow/example_dags/tutorial_dag.py
[2026-06-15T19:17:28.316+0000] {logging_mixin.py:188} INFO - [2026-06-15T19:17:28.315+0000] {dag.py:3089} INFO - Sync 1 DAGs
[2026-06-15T19:17:28.331+0000] {logging_mixin.py:188} INFO - [2026-06-15T19:17:28.331+0000] {dag.py:3947} INFO - Setting next_dagrun for tutorial_dag to None, run_after=None
[2026-06-15T19:17:28.349+0000] {processor.py:183} INFO - Processing /home/airflow/.local/lib/python3.12/site-packages/airflow/example_dags/tutorial_dag.py took 0.075 seconds
[2026-06-15T19:17:58.510+0000] {processor.py:161} INFO - Started process (PID=752) to work on /home/airflow/.local/lib/python3.12/site-packages/airflow/example_dags/tutorial_dag.py
[2026-06-15T19:17:58.511+0000] {processor.py:830} INFO - Processing file /home/airflow/.local/lib/python3.12/site-packages/airflow/example_dags/tutorial_dag.py for tasks to queue
[2026-06-15T19:17:58.513+0000] {logging_mixin.py:188} INFO - [2026-06-15T19:17:58.512+0000] {dagbag.py:545} INFO - Filling up the DagBag from /home/airflow/.local/lib/python3.12/site-packages/airflow/example_dags/tutorial_dag.py
[2026-06-15T19:17:58.519+0000] {processor.py:840} INFO - DAG(s) 'tutorial_dag' retrieved from /home/airflow/.local/lib/python3.12/site-packages/airflow/example_dags/tutorial_dag.py
[2026-06-15T19:17:58.547+0000] {logging_mixin.py:188} INFO - [2026-06-15T19:17:58.547+0000] {dag.py:3089} INFO - Sync 1 DAGs
[2026-06-15T19:17:58.573+0000] {logging_mixin.py:188} INFO - [2026-06-15T19:17:58.573+0000] {dag.py:3947} INFO - Setting next_dagrun for tutorial_dag to None, run_after=None
[2026-06-15T19:17:58.595+0000] {processor.py:183} INFO - Processing /home/airflow/.local/lib/python3.12/site-packages/airflow/example_dags/tutorial_dag.py took 0.094 seconds
[2026-06-15T19:18:28.677+0000] {processor.py:161} INFO - Started process (PID=810) to work on /home/airflow/.local/lib/python3.12/site-packages/airflow/example_dags/tutorial_dag.py
[2026-06-15T19:18:28.677+0000] {processor.py:830} INFO - Processing file /home/airflow/.local/lib/python3.12/site-packages/airflow/example_dags/tutorial_dag.py for tasks to queue
[2026-06-15T19:18:28.680+0000] {logging_mixin.py:188} INFO - [2026-06-15T19:18:28.679+0000] {dagbag.py:545} INFO - Filling up the DagBag from /home/airflow/.local/lib/python3.12/site-packages/airflow/example_dags/tutorial_dag.py
[2026-06-15T19:18:28.686+0000] {processor.py:840} INFO - DAG(s) 'tutorial_dag' retrieved from /home/airflow/.local/lib/python3.12/site-packages/airflow/example_dags/tutorial_dag.py
[2026-06-15T19:18:28.711+0000] {logging_mixin.py:188} INFO - [2026-06-15T19:18:28.710+0000] {dag.py:3089} INFO - Sync 1 DAGs
[2026-06-15T19:18:28.728+0000] {logging_mixin.py:188} INFO - [2026-06-15T19:18:28.728+0000] {dag.py:3947} INFO - Setting next_dagrun for tutorial_dag to None, run_after=None
[2026-06-15T19:18:28.759+0000] {processor.py:183} INFO - Processing /home/airflow/.local/lib/python3.12/site-packages/airflow/example_dags/tutorial_dag.py took 0.089 seconds
[2026-06-15T19:18:59.197+0000] {processor.py:161} INFO - Started process (PID=868) to work on /home/airflow/.local/lib/python3.12/site-packages/airflow/example_dags/tutorial_dag.py
[2026-06-15T19:18:59.197+0000] {processor.py:830} INFO - Processing file /home/airflow/.local/lib/python3.12/site-packages/airflow/example_dags/tutorial_dag.py for tasks to queue
[2026-06-15T19:18:59.199+0000] {logging_mixin.py:188} INFO - [2026-06-15T19:18:59.199+0000] {dagbag.py:545} INFO - Filling up the DagBag from /home/airflow/.local/lib/python3.12/site-packages/airflow/example_dags/tutorial_dag.py
[2026-06-15T19:18:59.205+0000] {processor.py:840} INFO - DAG(s) 'tutorial_dag' retrieved from /home/airflow/.local/lib/python3.12/site-packages/airflow/example_dags/tutorial_dag.py
[2026-06-15T19:18:59.231+0000] {logging_mixin.py:188} INFO - [2026-06-15T19:18:59.230+0000] {dag.py:3089} INFO - Sync 1 DAGs
[2026-06-15T19:18:59.248+0000] {logging_mixin.py:188} INFO - [2026-06-15T19:18:59.247+0000] {dag.py:3947} INFO - Setting next_dagrun for tutorial_dag to None, run_after=None
[2026-06-15T19:18:59.269+0000] {processor.py:183} INFO - Processing /home/airflow/.local/lib/python3.12/site-packages/airflow/example_dags/tutorial_dag.py took 0.079 seconds
[2026-06-15T19:19:30.199+0000] {processor.py:161} INFO - Started process (PID=926) to work on /home/airflow/.local/lib/python3.12/site-packages/airflow/example_dags/tutorial_dag.py
[2026-06-15T19:19:30.200+0000] {processor.py:830} INFO - Processing file /home/airflow/.local/lib/python3.12/site-packages/airflow/example_dags/tutorial_dag.py for tasks to queue
[2026-06-15T19:19:30.202+0000] {logging_mixin.py:188} INFO - [2026-06-15T19:19:30.201+0000] {dagbag.py:545} INFO - Filling up the DagBag from /home/airflow/.local/lib/python3.12/site-packages/airflow/example_dags/tutorial_dag.py
[2026-06-15T19:19:30.208+0000] {processor.py:840} INFO - DAG(s) 'tutorial_dag' retrieved from /home/airflow/.local/lib/python3.12/site-packages/airflow/example_dags/tutorial_dag.py
[2026-06-15T19:19:30.233+0000] {logging_mixin.py:188} INFO - [2026-06-15T19:19:30.232+0000] {dag.py:3089} INFO - Sync 1 DAGs
[2026-06-15T19:19:30.250+0000] {logging_mixin.py:188} INFO - [2026-06-15T19:19:30.250+0000] {dag.py:3947} INFO - Setting next_dagrun for tutorial_dag to None, run_after=None
[2026-06-15T19:19:30.270+0000] {processor.py:183} INFO - Processing /home/airflow/.local/lib/python3.12/site-packages/airflow/example_dags/tutorial_dag.py took 0.078 seconds
[2026-06-15T19:20:00.639+0000] {processor.py:161} INFO - Started process (PID=983) to work on /home/airflow/.local/lib/python3.12/site-packages/airflow/example_dags/tutorial_dag.py
[2026-06-15T19:20:00.644+0000] {processor.py:830} INFO - Processing file /home/airflow/.local/lib/python3.12/site-packages/airflow/example_dags/tutorial_dag.py for tasks to queue
[2026-06-15T19:20:00.650+0000] {logging_mixin.py:188} INFO - [2026-06-15T19:20:00.650+0000] {dagbag.py:545} INFO - Filling up the DagBag from /home/airflow/.local/lib/python3.12/site-packages/airflow/example_dags/tutorial_dag.py
[2026-06-15T19:20:00.697+0000] {processor.py:840} INFO - DAG(s) 'tutorial_dag' retrieved from /home/airflow/.local/lib/python3.12/site-packages/airflow/example_dags/tutorial_dag.py
[2026-06-15T19:20:00.889+0000] {logging_mixin.py:188} INFO - [2026-06-15T19:20:00.887+0000] {dag.py:3089} INFO - Sync 1 DAGs
[2026-06-15T19:20:00.917+0000] {logging_mixin.py:188} INFO - [2026-06-15T19:20:00.916+0000] {dag.py:3947} INFO - Setting next_dagrun for tutorial_dag to None, run_after=None
[2026-06-15T19:20:00.974+0000] {processor.py:183} INFO - Processing /home/airflow/.local/lib/python3.12/site-packages/airflow/example_dags/tutorial_dag.py took 0.362 seconds
[2026-06-15T19:20:31.561+0000] {processor.py:161} INFO - Started process (PID=1041) to work on /home/airflow/.local/lib/python3.12/site-packages/airflow/example_dags/tutorial_dag.py
[2026-06-15T19:20:31.562+0000] {processor.py:830} INFO - Processing file /home/airflow/.local/lib/python3.12/site-packages/airflow/example_dags/tutorial_dag.py for tasks to queue
[2026-06-15T19:20:31.564+0000] {logging_mixin.py:188} INFO - [2026-06-15T19:20:31.564+0000] {dagbag.py:545} INFO - Filling up the DagBag from /home/airflow/.local/lib/python3.12/site-packages/airflow/example_dags/tutorial_dag.py
[2026-06-15T19:20:31.571+0000] {processor.py:840} INFO - DAG(s) 'tutorial_dag' retrieved from /home/airflow/.local/lib/python3.12/site-packages/airflow/example_dags/tutorial_dag.py
[2026-06-15T19:20:31.594+0000] {logging_mixin.py:188} INFO - [2026-06-15T19:20:31.594+0000] {dag.py:3089} INFO - Sync 1 DAGs
[2026-06-15T19:20:31.611+0000] {logging_mixin.py:188} INFO - [2026-06-15T19:20:31.611+0000] {dag.py:3947} INFO - Setting next_dagrun for tutorial_dag to None, run_after=None
[2026-06-15T19:20:31.631+0000] {processor.py:183} INFO - Processing /home/airflow/.local/lib/python3.12/site-packages/airflow/example_dags/tutorial_dag.py took 0.079 seconds
[2026-06-15T19:21:02.649+0000] {processor.py:161} INFO - Started process (PID=1099) to work on /home/airflow/.local/lib/python3.12/site-packages/airflow/example_dags/tutorial_dag.py
[2026-06-15T19:21:02.649+0000] {processor.py:830} INFO - Processing file /home/airflow/.local/lib/python3.12/site-packages/airflow/example_dags/tutorial_dag.py for tasks to queue
[2026-06-15T19:21:02.651+0000] {logging_mixin.py:188} INFO - [2026-06-15T19:21:02.651+0000] {dagbag.py:545} INFO - Filling up the DagBag from /home/airflow/.local/lib/python3.12/site-packages/airflow/example_dags/tutorial_dag.py
[2026-06-15T19:21:02.656+0000] {processor.py:840} INFO - DAG(s) 'tutorial_dag' retrieved from /home/airflow/.local/lib/python3.12/site-packages/airflow/example_dags/tutorial_dag.py
[2026-06-15T19:21:02.673+0000] {logging_mixin.py:188} INFO - [2026-06-15T19:21:02.673+0000] {dag.py:3089} INFO - Sync 1 DAGs
[2026-06-15T19:21:02.684+0000] {logging_mixin.py:188} INFO - [2026-06-15T19:21:02.684+0000] {dag.py:3947} INFO - Setting next_dagrun for tutorial_dag to None, run_after=None
[2026-06-15T19:21:02.699+0000] {processor.py:183} INFO - Processing /home/airflow/.local/lib/python3.12/site-packages/airflow/example_dags/tutorial_dag.py took 0.056 seconds
[2026-06-15T19:21:32.868+0000] {processor.py:161} INFO - Started process (PID=1157) to work on /home/airflow/.local/lib/python3.12/site-packages/airflow/example_dags/tutorial_dag.py
[2026-06-15T19:21:32.870+0000] {processor.py:830} INFO - Processing file /home/airflow/.local/lib/python3.12/site-packages/airflow/example_dags/tutorial_dag.py for tasks to queue
[2026-06-15T19:21:32.872+0000] {logging_mixin.py:188} INFO - [2026-06-15T19:21:32.872+0000] {dagbag.py:545} INFO - Filling up the DagBag from /home/airflow/.local/lib/python3.12/site-packages/airflow/example_dags/tutorial_dag.py
[2026-06-15T19:21:32.879+0000] {processor.py:840} INFO - DAG(s) 'tutorial_dag' retrieved from /home/airflow/.local/lib/python3.12/site-packages/airflow/example_dags/tutorial_dag.py
[2026-06-15T19:21:32.911+0000] {logging_mixin.py:188} INFO - [2026-06-15T19:21:32.910+0000] {dag.py:3089} INFO - Sync 1 DAGs
[2026-06-15T19:21:32.930+0000] {logging_mixin.py:188} INFO - [2026-06-15T19:21:32.930+0000] {dag.py:3947} INFO - Setting next_dagrun for tutorial_dag to None, run_after=None
[2026-06-15T19:21:32.954+0000] {processor.py:183} INFO - Processing /home/airflow/.local/lib/python3.12/site-packages/airflow/example_dags/tutorial_dag.py took 0.093 seconds
[2026-06-15T19:22:04.043+0000] {processor.py:161} INFO - Started process (PID=1215) to work on /home/airflow/.local/lib/python3.12/site-packages/airflow/example_dags/tutorial_dag.py
[2026-06-15T19:22:04.044+0000] {processor.py:830} INFO - Processing file /home/airflow/.local/lib/python3.12/site-packages/airflow/example_dags/tutorial_dag.py for tasks to queue
[2026-06-15T19:22:04.048+0000] {logging_mixin.py:188} INFO - [2026-06-15T19:22:04.048+0000] {dagbag.py:545} INFO - Filling up the DagBag from /home/airflow/.local/lib/python3.12/site-packages/airflow/example_dags/tutorial_dag.py
[2026-06-15T19:22:04.060+0000] {processor.py:840} INFO - DAG(s) 'tutorial_dag' retrieved from /home/airflow/.local/lib/python3.12/site-packages/airflow/example_dags/tutorial_dag.py
[2026-06-15T19:22:04.092+0000] {logging_mixin.py:188} INFO - [2026-06-15T19:22:04.091+0000] {dag.py:3089} INFO - Sync 1 DAGs
[2026-06-15T19:22:04.109+0000] {logging_mixin.py:188} INFO - [2026-06-15T19:22:04.109+0000] {dag.py:3947} INFO - Setting next_dagrun for tutorial_dag to None, run_after=None
[2026-06-15T19:22:04.130+0000] {processor.py:183} INFO - Processing /home/airflow/.local/lib/python3.12/site-packages/airflow/example_dags/tutorial_dag.py took 0.104 seconds
[2026-06-15T19:22:34.231+0000] {processor.py:161} INFO - Started process (PID=1273) to work on /home/airflow/.local/lib/python3.12/site-packages/airflow/example_dags/tutorial_dag.py
[2026-06-15T19:22:34.237+0000] {processor.py:830} INFO - Processing file /home/airflow/.local/lib/python3.12/site-packages/airflow/example_dags/tutorial_dag.py for tasks to queue
[2026-06-15T19:22:34.243+0000] {logging_mixin.py:188} INFO - [2026-06-15T19:22:34.242+0000] {dagbag.py:545} INFO - Filling up the DagBag from /home/airflow/.local/lib/python3.12/site-packages/airflow/example_dags/tutorial_dag.py
[2026-06-15T19:22:34.254+0000] {processor.py:840} INFO - DAG(s) 'tutorial_dag' retrieved from /home/airflow/.local/lib/python3.12/site-packages/airflow/example_dags/tutorial_dag.py
[2026-06-15T19:22:34.303+0000] {logging_mixin.py:188} INFO - [2026-06-15T19:22:34.303+0000] {dag.py:3089} INFO - Sync 1 DAGs
[2026-06-15T19:22:34.336+0000] {logging_mixin.py:188} INFO - [2026-06-15T19:22:34.335+0000] {dag.py:3947} INFO - Setting next_dagrun for tutorial_dag to None, run_after=None
[2026-06-15T19:22:34.377+0000] {processor.py:183} INFO - Processing /home/airflow/.local/lib/python3.12/site-packages/airflow/example_dags/tutorial_dag.py took 0.177 seconds
[2026-06-15T19:23:04.957+0000] {processor.py:161} INFO - Started process (PID=1331) to work on /home/airflow/.local/lib/python3.12/site-packages/airflow/example_dags/tutorial_dag.py
[2026-06-15T19:23:04.958+0000] {processor.py:830} INFO - Processing file /home/airflow/.local/lib/python3.12/site-packages/airflow/example_dags/tutorial_dag.py for tasks to queue
[2026-06-15T19:23:04.959+0000] {logging_mixin.py:188} INFO - [2026-06-15T19:23:04.959+0000] {dagbag.py:545} INFO - Filling up the DagBag from /home/airflow/.local/lib/python3.12/site-packages/airflow/example_dags/tutorial_dag.py
[2026-06-15T19:23:04.964+0000] {processor.py:840} INFO - DAG(s) 'tutorial_dag' retrieved from /home/airflow/.local/lib/python3.12/site-packages/airflow/example_dags/tutorial_dag.py
[2026-06-15T19:23:04.981+0000] {logging_mixin.py:188} INFO - [2026-06-15T19:23:04.981+0000] {dag.py:3089} INFO - Sync 1 DAGs
[2026-06-15T19:23:04.992+0000] {logging_mixin.py:188} INFO - [2026-06-15T19:23:04.991+0000] {dag.py:3947} INFO - Setting next_dagrun for tutorial_dag to None, run_after=None
[2026-06-15T19:23:05.006+0000] {processor.py:183} INFO - Processing /home/airflow/.local/lib/python3.12/site-packages/airflow/example_dags/tutorial_dag.py took 0.055 seconds
[2026-06-15T19:23:35.932+0000] {processor.py:161} INFO - Started process (PID=1395) to work on /home/airflow/.local/lib/python3.12/site-packages/airflow/example_dags/tutorial_dag.py
[2026-06-15T19:23:35.933+0000] {processor.py:830} INFO - Processing file /home/airflow/.local/lib/python3.12/site-packages/airflow/example_dags/tutorial_dag.py for tasks to queue
[2026-06-15T19:23:35.935+0000] {logging_mixin.py:188} INFO - [2026-06-15T19:23:35.935+0000] {dagbag.py:545} INFO - Filling up the DagBag from /home/airflow/.local/lib/python3.12/site-packages/airflow/example_dags/tutorial_dag.py
[2026-06-15T19:23:35.941+0000] {processor.py:840} INFO - DAG(s) 'tutorial_dag' retrieved from /home/airflow/.local/lib/python3.12/site-packages/airflow/example_dags/tutorial_dag.py
[2026-06-15T19:23:35.964+0000] {logging_mixin.py:188} INFO - [2026-06-15T19:23:35.964+0000] {dag.py:3089} INFO - Sync 1 DAGs
[2026-06-15T19:23:35.981+0000] {logging_mixin.py:188} INFO - [2026-06-15T19:23:35.980+0000] {dag.py:3947} INFO - Setting next_dagrun for tutorial_dag to None, run_after=None
[2026-06-15T19:23:36.010+0000] {processor.py:183} INFO - Processing /home/airflow/.local/lib/python3.12/site-packages/airflow/example_dags/tutorial_dag.py took 0.085 seconds
[2026-06-15T19:24:06.547+0000] {processor.py:161} INFO - Started process (PID=1453) to work on /home/airflow/.local/lib/python3.12/site-packages/airflow/example_dags/tutorial_dag.py
[2026-06-15T19:24:06.548+0000] {processor.py:830} INFO - Processing file /home/airflow/.local/lib/python3.12/site-packages/airflow/example_dags/tutorial_dag.py for tasks to queue
[2026-06-15T19:24:06.550+0000] {logging_mixin.py:188} INFO - [2026-06-15T19:24:06.549+0000] {dagbag.py:545} INFO - Filling up the DagBag from /home/airflow/.local/lib/python3.12/site-packages/airflow/example_dags/tutorial_dag.py
[2026-06-15T19:24:06.556+0000] {processor.py:840} INFO - DAG(s) 'tutorial_dag' retrieved from /home/airflow/.local/lib/python3.12/site-packages/airflow/example_dags/tutorial_dag.py
[2026-06-15T19:24:06.581+0000] {logging_mixin.py:188} INFO - [2026-06-15T19:24:06.581+0000] {dag.py:3089} INFO - Sync 1 DAGs
[2026-06-15T19:24:06.598+0000] {logging_mixin.py:188} INFO - [2026-06-15T19:24:06.597+0000] {dag.py:3947} INFO - Setting next_dagrun for tutorial_dag to None, run_after=None
[2026-06-15T19:24:06.624+0000] {processor.py:183} INFO - Processing /home/airflow/.local/lib/python3.12/site-packages/airflow/example_dags/tutorial_dag.py took 0.084 seconds
[2026-06-15T19:24:36.978+0000] {processor.py:161} INFO - Started process (PID=1511) to work on /home/airflow/.local/lib/python3.12/site-packages/airflow/example_dags/tutorial_dag.py
[2026-06-15T19:24:36.979+0000] {processor.py:830} INFO - Processing file /home/airflow/.local/lib/python3.12/site-packages/airflow/example_dags/tutorial_dag.py for tasks to queue
[2026-06-15T19:24:36.981+0000] {logging_mixin.py:188} INFO - [2026-06-15T19:24:36.980+0000] {dagbag.py:545} INFO - Filling up the DagBag from /home/airflow/.local/lib/python3.12/site-packages/airflow/example_dags/tutorial_dag.py
[2026-06-15T19:24:36.987+0000] {processor.py:840} INFO - DAG(s) 'tutorial_dag' retrieved from /home/airflow/.local/lib/python3.12/site-packages/airflow/example_dags/tutorial_dag.py
[2026-06-15T19:24:37.011+0000] {logging_mixin.py:188} INFO - [2026-06-15T19:24:37.011+0000] {dag.py:3089} INFO - Sync 1 DAGs
[2026-06-15T19:24:37.028+0000] {logging_mixin.py:188} INFO - [2026-06-15T19:24:37.028+0000] {dag.py:3947} INFO - Setting next_dagrun for tutorial_dag to None, run_after=None
[2026-06-15T19:24:37.048+0000] {processor.py:183} INFO - Processing /home/airflow/.local/lib/python3.12/site-packages/airflow/example_dags/tutorial_dag.py took 0.078 seconds
[2026-06-15T19:25:07.502+0000] {processor.py:161} INFO - Started process (PID=1568) to work on /home/airflow/.local/lib/python3.12/site-packages/airflow/example_dags/tutorial_dag.py
[2026-06-15T19:25:07.504+0000] {processor.py:830} INFO - Processing file /home/airflow/.local/lib/python3.12/site-packages/airflow/example_dags/tutorial_dag.py for tasks to queue
[2026-06-15T19:25:07.511+0000] {logging_mixin.py:188} INFO - [2026-06-15T19:25:07.511+0000] {dagbag.py:545} INFO - Filling up the DagBag from /home/airflow/.local/lib/python3.12/site-packages/airflow/example_dags/tutorial_dag.py
[2026-06-15T19:25:07.538+0000] {processor.py:840} INFO - DAG(s) 'tutorial_dag' retrieved from /home/airflow/.local/lib/python3.12/site-packages/airflow/example_dags/tutorial_dag.py
[2026-06-15T19:25:07.610+0000] {logging_mixin.py:188} INFO - [2026-06-15T19:25:07.610+0000] {dag.py:3089} INFO - Sync 1 DAGs
[2026-06-15T19:25:07.680+0000] {logging_mixin.py:188} INFO - [2026-06-15T19:25:07.680+0000] {dag.py:3947} INFO - Setting next_dagrun for tutorial_dag to None, run_after=None
[2026-06-15T19:25:07.767+0000] {processor.py:183} INFO - Processing /home/airflow/.local/lib/python3.12/site-packages/airflow/example_dags/tutorial_dag.py took 0.296 seconds
[2026-06-15T19:25:38.288+0000] {processor.py:161} INFO - Started process (PID=1626) to work on /home/airflow/.local/lib/python3.12/site-packages/airflow/example_dags/tutorial_dag.py
[2026-06-15T19:25:38.289+0000] {processor.py:830} INFO - Processing file /home/airflow/.local/lib/python3.12/site-packages/airflow/example_dags/tutorial_dag.py for tasks to queue
[2026-06-15T19:25:38.290+0000] {logging_mixin.py:188} INFO - [2026-06-15T19:25:38.290+0000] {dagbag.py:545} INFO - Filling up the DagBag from /home/airflow/.local/lib/python3.12/site-packages/airflow/example_dags/tutorial_dag.py
[2026-06-15T19:25:38.295+0000] {processor.py:840} INFO - DAG(s) 'tutorial_dag' retrieved from /home/airflow/.local/lib/python3.12/site-packages/airflow/example_dags/tutorial_dag.py
[2026-06-15T19:25:38.312+0000] {logging_mixin.py:188} INFO - [2026-06-15T19:25:38.312+0000] {dag.py:3089} INFO - Sync 1 DAGs
[2026-06-15T19:25:38.323+0000] {logging_mixin.py:188} INFO - [2026-06-15T19:25:38.323+0000] {dag.py:3947} INFO - Setting next_dagrun for tutorial_dag to None, run_after=None
[2026-06-15T19:25:38.339+0000] {processor.py:183} INFO - Processing /home/airflow/.local/lib/python3.12/site-packages/airflow/example_dags/tutorial_dag.py took 0.056 seconds
[2026-06-15T19:26:08.611+0000] {processor.py:161} INFO - Started process (PID=1684) to work on /home/airflow/.local/lib/python3.12/site-packages/airflow/example_dags/tutorial_dag.py
[2026-06-15T19:26:08.612+0000] {processor.py:830} INFO - Processing file /home/airflow/.local/lib/python3.12/site-packages/airflow/example_dags/tutorial_dag.py for tasks to queue
[2026-06-15T19:26:08.614+0000] {logging_mixin.py:188} INFO - [2026-06-15T19:26:08.613+0000] {dagbag.py:545} INFO - Filling up the DagBag from /home/airflow/.local/lib/python3.12/site-packages/airflow/example_dags/tutorial_dag.py
[2026-06-15T19:26:08.618+0000] {processor.py:840} INFO - DAG(s) 'tutorial_dag' retrieved from /home/airflow/.local/lib/python3.12/site-packages/airflow/example_dags/tutorial_dag.py
[2026-06-15T19:26:08.636+0000] {logging_mixin.py:188} INFO - [2026-06-15T19:26:08.636+0000] {dag.py:3089} INFO - Sync 1 DAGs
[2026-06-15T19:26:08.647+0000] {logging_mixin.py:188} INFO - [2026-06-15T19:26:08.647+0000] {dag.py:3947} INFO - Setting next_dagrun for tutorial_dag to None, run_after=None
[2026-06-15T19:26:08.663+0000] {processor.py:183} INFO - Processing /home/airflow/.local/lib/python3.12/site-packages/airflow/example_dags/tutorial_dag.py took 0.058 seconds
[2026-06-15T19:26:39.208+0000] {processor.py:161} INFO - Started process (PID=1742) to work on /home/airflow/.local/lib/python3.12/site-packages/airflow/example_dags/tutorial_dag.py
[2026-06-15T19:26:39.209+0000] {processor.py:830} INFO - Processing file /home/airflow/.local/lib/python3.12/site-packages/airflow/example_dags/tutorial_dag.py for tasks to queue
[2026-06-15T19:26:39.211+0000] {logging_mixin.py:188} INFO - [2026-06-15T19:26:39.211+0000] {dagbag.py:545} INFO - Filling up the DagBag from /home/airflow/.local/lib/python3.12/site-packages/airflow/example_dags/tutorial_dag.py
[2026-06-15T19:26:39.218+0000] {processor.py:840} INFO - DAG(s) 'tutorial_dag' retrieved from /home/airflow/.local/lib/python3.12/site-packages/airflow/example_dags/tutorial_dag.py
[2026-06-15T19:26:39.249+0000] {logging_mixin.py:188} INFO - [2026-06-15T19:26:39.248+0000] {dag.py:3089} INFO - Sync 1 DAGs
[2026-06-15T19:26:39.264+0000] {logging_mixin.py:188} INFO - [2026-06-15T19:26:39.264+0000] {dag.py:3947} INFO - Setting next_dagrun for tutorial_dag to None, run_after=None
[2026-06-15T19:26:39.292+0000] {processor.py:183} INFO - Processing /home/airflow/.local/lib/python3.12/site-packages/airflow/example_dags/tutorial_dag.py took 0.092 seconds
[2026-06-15T19:27:10.107+0000] {processor.py:161} INFO - Started process (PID=1800) to work on /home/airflow/.local/lib/python3.12/site-packages/airflow/example_dags/tutorial_dag.py
[2026-06-15T19:27:10.112+0000] {processor.py:830} INFO - Processing file /home/airflow/.local/lib/python3.12/site-packages/airflow/example_dags/tutorial_dag.py for tasks to queue
[2026-06-15T19:27:10.115+0000] {logging_mixin.py:188} INFO - [2026-06-15T19:27:10.114+0000] {dagbag.py:545} INFO - Filling up the DagBag from /home/airflow/.local/lib/python3.12/site-packages/airflow/example_dags/tutorial_dag.py
[2026-06-15T19:27:10.125+0000] {processor.py:840} INFO - DAG(s) 'tutorial_dag' retrieved from /home/airflow/.local/lib/python3.12/site-packages/airflow/example_dags/tutorial_dag.py
[2026-06-15T19:27:10.392+0000] {logging_mixin.py:188} INFO - [2026-06-15T19:27:10.392+0000] {dag.py:3089} INFO - Sync 1 DAGs
[2026-06-15T19:27:10.407+0000] {logging_mixin.py:188} INFO - [2026-06-15T19:27:10.407+0000] {dag.py:3947} INFO - Setting next_dagrun for tutorial_dag to None, run_after=None
[2026-06-15T19:27:10.428+0000] {processor.py:183} INFO - Processing /home/airflow/.local/lib/python3.12/site-packages/airflow/example_dags/tutorial_dag.py took 0.329 seconds
[2026-06-15T19:27:40.689+0000] {processor.py:161} INFO - Started process (PID=1858) to work on /home/airflow/.local/lib/python3.12/site-packages/airflow/example_dags/tutorial_dag.py
[2026-06-15T19:27:40.690+0000] {processor.py:830} INFO - Processing file /home/airflow/.local/lib/python3.12/site-packages/airflow/example_dags/tutorial_dag.py for tasks to queue
[2026-06-15T19:27:40.695+0000] {logging_mixin.py:188} INFO - [2026-06-15T19:27:40.694+0000] {dagbag.py:545} INFO - Filling up the DagBag from /home/airflow/.local/lib/python3.12/site-packages/airflow/example_dags/tutorial_dag.py
[2026-06-15T19:27:40.705+0000] {processor.py:840} INFO - DAG(s) 'tutorial_dag' retrieved from /home/airflow/.local/lib/python3.12/site-packages/airflow/example_dags/tutorial_dag.py
[2026-06-15T19:27:40.736+0000] {logging_mixin.py:188} INFO - [2026-06-15T19:27:40.736+0000] {dag.py:3089} INFO - Sync 1 DAGs
[2026-06-15T19:27:40.938+0000] {logging_mixin.py:188} INFO - [2026-06-15T19:27:40.938+0000] {dag.py:3947} INFO - Setting next_dagrun for tutorial_dag to None, run_after=None
[2026-06-15T19:27:40.954+0000] {processor.py:183} INFO - Processing /home/airflow/.local/lib/python3.12/site-packages/airflow/example_dags/tutorial_dag.py took 0.276 seconds
[2026-06-15T19:28:11.829+0000] {processor.py:161} INFO - Started process (PID=1917) to work on /home/airflow/.local/lib/python3.12/site-packages/airflow/example_dags/tutorial_dag.py
[2026-06-15T19:28:11.829+0000] {processor.py:830} INFO - Processing file /home/airflow/.local/lib/python3.12/site-packages/airflow/example_dags/tutorial_dag.py for tasks to queue
[2026-06-15T19:28:11.832+0000] {logging_mixin.py:188} INFO - [2026-06-15T19:28:11.832+0000] {dagbag.py:545} INFO - Filling up the DagBag from /home/airflow/.local/lib/python3.12/site-packages/airflow/example_dags/tutorial_dag.py
[2026-06-15T19:28:11.838+0000] {processor.py:840} INFO - DAG(s) 'tutorial_dag' retrieved from /home/airflow/.local/lib/python3.12/site-packages/airflow/example_dags/tutorial_dag.py
[2026-06-15T19:28:11.862+0000] {logging_mixin.py:188} INFO - [2026-06-15T19:28:11.862+0000] {dag.py:3089} INFO - Sync 1 DAGs
[2026-06-15T19:28:11.880+0000] {logging_mixin.py:188} INFO - [2026-06-15T19:28:11.880+0000] {dag.py:3947} INFO - Setting next_dagrun for tutorial_dag to None, run_after=None
[2026-06-15T19:28:11.901+0000] {processor.py:183} INFO - Processing /home/airflow/.local/lib/python3.12/site-packages/airflow/example_dags/tutorial_dag.py took 0.081 seconds
[2026-06-15T19:28:42.310+0000] {processor.py:161} INFO - Started process (PID=1974) to work on /home/airflow/.local/lib/python3.12/site-packages/airflow/example_dags/tutorial_dag.py
[2026-06-15T19:28:42.311+0000] {processor.py:830} INFO - Processing file /home/airflow/.local/lib/python3.12/site-packages/airflow/example_dags/tutorial_dag.py for tasks to queue
[2026-06-15T19:28:42.314+0000] {logging_mixin.py:188} INFO - [2026-06-15T19:28:42.314+0000] {dagbag.py:545} INFO - Filling up the DagBag from /home/airflow/.local/lib/python3.12/site-packages/airflow/example_dags/tutorial_dag.py
[2026-06-15T19:28:42.324+0000] {processor.py:840} INFO - DAG(s) 'tutorial_dag' retrieved from /home/airflow/.local/lib/python3.12/site-packages/airflow/example_dags/tutorial_dag.py
[2026-06-15T19:28:42.348+0000] {logging_mixin.py:188} INFO - [2026-06-15T19:28:42.348+0000] {dag.py:3089} INFO - Sync 1 DAGs
[2026-06-15T19:28:42.365+0000] {logging_mixin.py:188} INFO - [2026-06-15T19:28:42.365+0000] {dag.py:3947} INFO - Setting next_dagrun for tutorial_dag to None, run_after=None
[2026-06-15T19:28:42.385+0000] {processor.py:183} INFO - Processing /home/airflow/.local/lib/python3.12/site-packages/airflow/example_dags/tutorial_dag.py took 0.082 seconds
[2026-06-15T19:29:12.694+0000] {processor.py:161} INFO - Started process (PID=2032) to work on /home/airflow/.local/lib/python3.12/site-packages/airflow/example_dags/tutorial_dag.py
[2026-06-15T19:29:12.697+0000] {processor.py:830} INFO - Processing file /home/airflow/.local/lib/python3.12/site-packages/airflow/example_dags/tutorial_dag.py for tasks to queue
[2026-06-15T19:29:12.699+0000] {logging_mixin.py:188} INFO - [2026-06-15T19:29:12.699+0000] {dagbag.py:545} INFO - Filling up the DagBag from /home/airflow/.local/lib/python3.12/site-packages/airflow/example_dags/tutorial_dag.py
[2026-06-15T19:29:12.707+0000] {processor.py:840} INFO - DAG(s) 'tutorial_dag' retrieved from /home/airflow/.local/lib/python3.12/site-packages/airflow/example_dags/tutorial_dag.py
[2026-06-15T19:29:12.743+0000] {logging_mixin.py:188} INFO - [2026-06-15T19:29:12.742+0000] {dag.py:3089} INFO - Sync 1 DAGs
[2026-06-15T19:29:12.759+0000] {logging_mixin.py:188} INFO - [2026-06-15T19:29:12.758+0000] {dag.py:3947} INFO - Setting next_dagrun for tutorial_dag to None, run_after=None
[2026-06-15T19:29:12.783+0000] {processor.py:183} INFO - Processing /home/airflow/.local/lib/python3.12/site-packages/airflow/example_dags/tutorial_dag.py took 0.112 seconds
[2026-06-15T19:29:42.931+0000] {processor.py:161} INFO - Started process (PID=2090) to work on /home/airflow/.local/lib/python3.12/site-packages/airflow/example_dags/tutorial_dag.py
[2026-06-15T19:29:42.932+0000] {processor.py:830} INFO - Processing file /home/airflow/.local/lib/python3.12/site-packages/airflow/example_dags/tutorial_dag.py for tasks to queue
[2026-06-15T19:29:42.934+0000] {logging_mixin.py:188} INFO - [2026-06-15T19:29:42.933+0000] {dagbag.py:545} INFO - Filling up the DagBag from /home/airflow/.local/lib/python3.12/site-packages/airflow/example_dags/tutorial_dag.py
[2026-06-15T19:29:42.940+0000] {processor.py:840} INFO - DAG(s) 'tutorial_dag' retrieved from /home/airflow/.local/lib/python3.12/site-packages/airflow/example_dags/tutorial_dag.py
[2026-06-15T19:29:42.963+0000] {logging_mixin.py:188} INFO - [2026-06-15T19:29:42.963+0000] {dag.py:3089} INFO - Sync 1 DAGs
[2026-06-15T19:29:42.980+0000] {logging_mixin.py:188} INFO - [2026-06-15T19:29:42.980+0000] {dag.py:3947} INFO - Setting next_dagrun for tutorial_dag to None, run_after=None
[2026-06-15T19:29:43.002+0000] {processor.py:183} INFO - Processing /home/airflow/.local/lib/python3.12/site-packages/airflow/example_dags/tutorial_dag.py took 0.078 seconds
[2026-06-15T19:30:13.402+0000] {processor.py:161} INFO - Started process (PID=2148) to work on /home/airflow/.local/lib/python3.12/site-packages/airflow/example_dags/tutorial_dag.py
[2026-06-15T19:30:13.403+0000] {processor.py:830} INFO - Processing file /home/airflow/.local/lib/python3.12/site-packages/airflow/example_dags/tutorial_dag.py for tasks to queue
[2026-06-15T19:30:13.408+0000] {logging_mixin.py:188} INFO - [2026-06-15T19:30:13.407+0000] {dagbag.py:545} INFO - Filling up the DagBag from /home/airflow/.local/lib/python3.12/site-packages/airflow/example_dags/tutorial_dag.py
[2026-06-15T19:30:13.418+0000] {processor.py:840} INFO - DAG(s) 'tutorial_dag' retrieved from /home/airflow/.local/lib/python3.12/site-packages/airflow/example_dags/tutorial_dag.py
[2026-06-15T19:30:13.473+0000] {logging_mixin.py:188} INFO - [2026-06-15T19:30:13.473+0000] {dag.py:3089} INFO - Sync 1 DAGs
[2026-06-15T19:30:13.506+0000] {logging_mixin.py:188} INFO - [2026-06-15T19:30:13.505+0000] {dag.py:3947} INFO - Setting next_dagrun for tutorial_dag to None, run_after=None
[2026-06-15T19:30:13.544+0000] {processor.py:183} INFO - Processing /home/airflow/.local/lib/python3.12/site-packages/airflow/example_dags/tutorial_dag.py took 0.160 seconds
[2026-06-15T19:30:43.651+0000] {processor.py:161} INFO - Started process (PID=2206) to work on /home/airflow/.local/lib/python3.12/site-packages/airflow/example_dags/tutorial_dag.py
[2026-06-15T19:30:43.652+0000] {processor.py:830} INFO - Processing file /home/airflow/.local/lib/python3.12/site-packages/airflow/example_dags/tutorial_dag.py for tasks to queue
[2026-06-15T19:30:43.654+0000] {logging_mixin.py:188} INFO - [2026-06-15T19:30:43.653+0000] {dagbag.py:545} INFO - Filling up the DagBag from /home/airflow/.local/lib/python3.12/site-packages/airflow/example_dags/tutorial_dag.py
[2026-06-15T19:30:43.661+0000] {processor.py:840} INFO - DAG(s) 'tutorial_dag' retrieved from /home/airflow/.local/lib/python3.12/site-packages/airflow/example_dags/tutorial_dag.py
[2026-06-15T19:30:43.684+0000] {logging_mixin.py:188} INFO - [2026-06-15T19:30:43.683+0000] {dag.py:3089} INFO - Sync 1 DAGs
[2026-06-15T19:30:43.699+0000] {logging_mixin.py:188} INFO - [2026-06-15T19:30:43.699+0000] {dag.py:3947} INFO - Setting next_dagrun for tutorial_dag to None, run_after=None
[2026-06-15T19:30:43.720+0000] {processor.py:183} INFO - Processing /home/airflow/.local/lib/python3.12/site-packages/airflow/example_dags/tutorial_dag.py took 0.076 seconds
[2026-06-15T19:31:14.545+0000] {processor.py:161} INFO - Started process (PID=2264) to work on /home/airflow/.local/lib/python3.12/site-packages/airflow/example_dags/tutorial_dag.py
[2026-06-15T19:31:14.549+0000] {processor.py:830} INFO - Processing file /home/airflow/.local/lib/python3.12/site-packages/airflow/example_dags/tutorial_dag.py for tasks to queue
[2026-06-15T19:31:14.551+0000] {logging_mixin.py:188} INFO - [2026-06-15T19:31:14.551+0000] {dagbag.py:545} INFO - Filling up the DagBag from /home/airflow/.local/lib/python3.12/site-packages/airflow/example_dags/tutorial_dag.py
[2026-06-15T19:31:14.565+0000] {processor.py:840} INFO - DAG(s) 'tutorial_dag' retrieved from /home/airflow/.local/lib/python3.12/site-packages/airflow/example_dags/tutorial_dag.py
[2026-06-15T19:31:14.615+0000] {logging_mixin.py:188} INFO - [2026-06-15T19:31:14.615+0000] {dag.py:3089} INFO - Sync 1 DAGs
[2026-06-15T19:31:14.650+0000] {logging_mixin.py:188} INFO - [2026-06-15T19:31:14.650+0000] {dag.py:3947} INFO - Setting next_dagrun for tutorial_dag to None, run_after=None
[2026-06-15T19:31:14.690+0000] {processor.py:183} INFO - Processing /home/airflow/.local/lib/python3.12/site-packages/airflow/example_dags/tutorial_dag.py took 0.155 seconds
[2026-06-15T19:31:44.774+0000] {processor.py:161} INFO - Started process (PID=2322) to work on /home/airflow/.local/lib/python3.12/site-packages/airflow/example_dags/tutorial_dag.py
[2026-06-15T19:31:44.774+0000] {processor.py:830} INFO - Processing file /home/airflow/.local/lib/python3.12/site-packages/airflow/example_dags/tutorial_dag.py for tasks to queue
[2026-06-15T19:31:44.776+0000] {logging_mixin.py:188} INFO - [2026-06-15T19:31:44.776+0000] {dagbag.py:545} INFO - Filling up the DagBag from /home/airflow/.local/lib/python3.12/site-packages/airflow/example_dags/tutorial_dag.py
[2026-06-15T19:31:44.783+0000] {processor.py:840} INFO - DAG(s) 'tutorial_dag' retrieved from /home/airflow/.local/lib/python3.12/site-packages/airflow/example_dags/tutorial_dag.py
[2026-06-15T19:31:44.806+0000] {logging_mixin.py:188} INFO - [2026-06-15T19:31:44.806+0000] {dag.py:3089} INFO - Sync 1 DAGs
[2026-06-15T19:31:44.822+0000] {logging_mixin.py:188} INFO - [2026-06-15T19:31:44.822+0000] {dag.py:3947} INFO - Setting next_dagrun for tutorial_dag to None, run_after=None
[2026-06-15T19:31:44.843+0000] {processor.py:183} INFO - Processing /home/airflow/.local/lib/python3.12/site-packages/airflow/example_dags/tutorial_dag.py took 0.076 seconds
[2026-06-15T19:32:15.217+0000] {processor.py:161} INFO - Started process (PID=2380) to work on /home/airflow/.local/lib/python3.12/site-packages/airflow/example_dags/tutorial_dag.py
[2026-06-15T19:32:15.218+0000] {processor.py:830} INFO - Processing file /home/airflow/.local/lib/python3.12/site-packages/airflow/example_dags/tutorial_dag.py for tasks to queue
[2026-06-15T19:32:15.220+0000] {logging_mixin.py:188} INFO - [2026-06-15T19:32:15.219+0000] {dagbag.py:545} INFO - Filling up the DagBag from /home/airflow/.local/lib/python3.12/site-packages/airflow/example_dags/tutorial_dag.py
[2026-06-15T19:32:15.227+0000] {processor.py:840} INFO - DAG(s) 'tutorial_dag' retrieved from /home/airflow/.local/lib/python3.12/site-packages/airflow/example_dags/tutorial_dag.py
[2026-06-15T19:32:15.251+0000] {logging_mixin.py:188} INFO - [2026-06-15T19:32:15.251+0000] {dag.py:3089} INFO - Sync 1 DAGs
[2026-06-15T19:32:15.270+0000] {logging_mixin.py:188} INFO - [2026-06-15T19:32:15.270+0000] {dag.py:3947} INFO - Setting next_dagrun for tutorial_dag to None, run_after=None
[2026-06-15T19:32:15.295+0000] {processor.py:183} INFO - Processing /home/airflow/.local/lib/python3.12/site-packages/airflow/example_dags/tutorial_dag.py took 0.085 seconds
[2026-06-15T19:32:45.789+0000] {processor.py:161} INFO - Started process (PID=2437) to work on /home/airflow/.local/lib/python3.12/site-packages/airflow/example_dags/tutorial_dag.py
[2026-06-15T19:32:45.790+0000] {processor.py:830} INFO - Processing file /home/airflow/.local/lib/python3.12/site-packages/airflow/example_dags/tutorial_dag.py for tasks to queue
[2026-06-15T19:32:45.792+0000] {logging_mixin.py:188} INFO - [2026-06-15T19:32:45.792+0000] {dagbag.py:545} INFO - Filling up the DagBag from /home/airflow/.local/lib/python3.12/site-packages/airflow/example_dags/tutorial_dag.py
[2026-06-15T19:32:45.798+0000] {processor.py:840} INFO - DAG(s) 'tutorial_dag' retrieved from /home/airflow/.local/lib/python3.12/site-packages/airflow/example_dags/tutorial_dag.py
[2026-06-15T19:32:45.822+0000] {logging_mixin.py:188} INFO - [2026-06-15T19:32:45.822+0000] {dag.py:3089} INFO - Sync 1 DAGs
[2026-06-15T19:32:45.841+0000] {logging_mixin.py:188} INFO - [2026-06-15T19:32:45.841+0000] {dag.py:3947} INFO - Setting next_dagrun for tutorial_dag to None, run_after=None
[2026-06-15T19:32:45.860+0000] {processor.py:183} INFO - Processing /home/airflow/.local/lib/python3.12/site-packages/airflow/example_dags/tutorial_dag.py took 0.079 seconds
[2026-06-15T19:33:16.008+0000] {processor.py:161} INFO - Started process (PID=2492) to work on /home/airflow/.local/lib/python3.12/site-packages/airflow/example_dags/tutorial_dag.py
[2026-06-15T19:33:16.009+0000] {processor.py:830} INFO - Processing file /home/airflow/.local/lib/python3.12/site-packages/airflow/example_dags/tutorial_dag.py for tasks to queue
[2026-06-15T19:33:16.011+0000] {logging_mixin.py:188} INFO - [2026-06-15T19:33:16.010+0000] {dagbag.py:545} INFO - Filling up the DagBag from /home/airflow/.local/lib/python3.12/site-packages/airflow/example_dags/tutorial_dag.py
[2026-06-15T19:33:16.017+0000] {processor.py:840} INFO - DAG(s) 'tutorial_dag' retrieved from /home/airflow/.local/lib/python3.12/site-packages/airflow/example_dags/tutorial_dag.py
[2026-06-15T19:33:16.040+0000] {logging_mixin.py:188} INFO - [2026-06-15T19:33:16.040+0000] {dag.py:3089} INFO - Sync 1 DAGs
[2026-06-15T19:33:16.058+0000] {logging_mixin.py:188} INFO - [2026-06-15T19:33:16.058+0000] {dag.py:3947} INFO - Setting next_dagrun for tutorial_dag to None, run_after=None
[2026-06-15T19:33:16.078+0000] {processor.py:183} INFO - Processing /home/airflow/.local/lib/python3.12/site-packages/airflow/example_dags/tutorial_dag.py took 0.080 seconds
[2026-06-15T19:33:46.737+0000] {processor.py:161} INFO - Started process (PID=2550) to work on /home/airflow/.local/lib/python3.12/site-packages/airflow/example_dags/tutorial_dag.py
[2026-06-15T19:33:46.737+0000] {processor.py:830} INFO - Processing file /home/airflow/.local/lib/python3.12/site-packages/airflow/example_dags/tutorial_dag.py for tasks to queue
[2026-06-15T19:33:46.739+0000] {logging_mixin.py:188} INFO - [2026-06-15T19:33:46.739+0000] {dagbag.py:545} INFO - Filling up the DagBag from /home/airflow/.local/lib/python3.12/site-packages/airflow/example_dags/tutorial_dag.py
[2026-06-15T19:33:46.746+0000] {processor.py:840} INFO - DAG(s) 'tutorial_dag' retrieved from /home/airflow/.local/lib/python3.12/site-packages/airflow/example_dags/tutorial_dag.py
[2026-06-15T19:33:46.769+0000] {logging_mixin.py:188} INFO - [2026-06-15T19:33:46.769+0000] {dag.py:3089} INFO - Sync 1 DAGs
[2026-06-15T19:33:46.785+0000] {logging_mixin.py:188} INFO - [2026-06-15T19:33:46.785+0000] {dag.py:3947} INFO - Setting next_dagrun for tutorial_dag to None, run_after=None
[2026-06-15T19:33:46.805+0000] {processor.py:183} INFO - Processing /home/airflow/.local/lib/python3.12/site-packages/airflow/example_dags/tutorial_dag.py took 0.077 seconds
[2026-06-15T19:34:17.096+0000] {processor.py:161} INFO - Started process (PID=2607) to work on /home/airflow/.local/lib/python3.12/site-packages/airflow/example_dags/tutorial_dag.py
[2026-06-15T19:34:17.096+0000] {processor.py:830} INFO - Processing file /home/airflow/.local/lib/python3.12/site-packages/airflow/example_dags/tutorial_dag.py for tasks to queue
[2026-06-15T19:34:17.098+0000] {logging_mixin.py:188} INFO - [2026-06-15T19:34:17.098+0000] {dagbag.py:545} INFO - Filling up the DagBag from /home/airflow/.local/lib/python3.12/site-packages/airflow/example_dags/tutorial_dag.py
[2026-06-15T19:34:17.105+0000] {processor.py:840} INFO - DAG(s) 'tutorial_dag' retrieved from /home/airflow/.local/lib/python3.12/site-packages/airflow/example_dags/tutorial_dag.py
[2026-06-15T19:34:17.127+0000] {logging_mixin.py:188} INFO - [2026-06-15T19:34:17.127+0000] {dag.py:3089} INFO - Sync 1 DAGs
[2026-06-15T19:34:17.143+0000] {logging_mixin.py:188} INFO - [2026-06-15T19:34:17.143+0000] {dag.py:3947} INFO - Setting next_dagrun for tutorial_dag to None, run_after=None
[2026-06-15T19:34:17.163+0000] {processor.py:183} INFO - Processing /home/airflow/.local/lib/python3.12/site-packages/airflow/example_dags/tutorial_dag.py took 0.078 seconds
[2026-06-15T19:34:47.461+0000] {processor.py:161} INFO - Started process (PID=2665) to work on /home/airflow/.local/lib/python3.12/site-packages/airflow/example_dags/tutorial_dag.py
[2026-06-15T19:34:47.461+0000] {processor.py:830} INFO - Processing file /home/airflow/.local/lib/python3.12/site-packages/airflow/example_dags/tutorial_dag.py for tasks to queue
[2026-06-15T19:34:47.464+0000] {logging_mixin.py:188} INFO - [2026-06-15T19:34:47.463+0000] {dagbag.py:545} INFO - Filling up the DagBag from /home/airflow/.local/lib/python3.12/site-packages/airflow/example_dags/tutorial_dag.py
[2026-06-15T19:34:47.470+0000] {processor.py:840} INFO - DAG(s) 'tutorial_dag' retrieved from /home/airflow/.local/lib/python3.12/site-packages/airflow/example_dags/tutorial_dag.py
[2026-06-15T19:34:47.498+0000] {logging_mixin.py:188} INFO - [2026-06-15T19:34:47.497+0000] {dag.py:3089} INFO - Sync 1 DAGs
[2026-06-15T19:34:47.514+0000] {logging_mixin.py:188} INFO - [2026-06-15T19:34:47.514+0000] {dag.py:3947} INFO - Setting next_dagrun for tutorial_dag to None, run_after=None
[2026-06-15T19:34:47.536+0000] {processor.py:183} INFO - Processing /home/airflow/.local/lib/python3.12/site-packages/airflow/example_dags/tutorial_dag.py took 0.083 seconds
[2026-06-15T19:35:18.045+0000] {processor.py:161} INFO - Started process (PID=2723) to work on /home/airflow/.local/lib/python3.12/site-packages/airflow/example_dags/tutorial_dag.py
[2026-06-15T19:35:18.046+0000] {processor.py:830} INFO - Processing file /home/airflow/.local/lib/python3.12/site-packages/airflow/example_dags/tutorial_dag.py for tasks to queue
[2026-06-15T19:35:18.048+0000] {logging_mixin.py:188} INFO - [2026-06-15T19:35:18.047+0000] {dagbag.py:545} INFO - Filling up the DagBag from /home/airflow/.local/lib/python3.12/site-packages/airflow/example_dags/tutorial_dag.py
[2026-06-15T19:35:18.054+0000] {processor.py:840} INFO - DAG(s) 'tutorial_dag' retrieved from /home/airflow/.local/lib/python3.12/site-packages/airflow/example_dags/tutorial_dag.py
[2026-06-15T19:35:18.081+0000] {logging_mixin.py:188} INFO - [2026-06-15T19:35:18.081+0000] {dag.py:3089} INFO - Sync 1 DAGs
[2026-06-15T19:35:18.100+0000] {logging_mixin.py:188} INFO - [2026-06-15T19:35:18.099+0000] {dag.py:3947} INFO - Setting next_dagrun for tutorial_dag to None, run_after=None
[2026-06-15T19:35:18.121+0000] {processor.py:183} INFO - Processing /home/airflow/.local/lib/python3.12/site-packages/airflow/example_dags/tutorial_dag.py took 0.083 seconds
[2026-06-15T19:35:48.232+0000] {processor.py:161} INFO - Started process (PID=2781) to work on /home/airflow/.local/lib/python3.12/site-packages/airflow/example_dags/tutorial_dag.py
[2026-06-15T19:35:48.233+0000] {processor.py:830} INFO - Processing file /home/airflow/.local/lib/python3.12/site-packages/airflow/example_dags/tutorial_dag.py for tasks to queue
[2026-06-15T19:35:48.235+0000] {logging_mixin.py:188} INFO - [2026-06-15T19:35:48.235+0000] {dagbag.py:545} INFO - Filling up the DagBag from /home/airflow/.local/lib/python3.12/site-packages/airflow/example_dags/tutorial_dag.py
[2026-06-15T19:35:48.242+0000] {processor.py:840} INFO - DAG(s) 'tutorial_dag' retrieved from /home/airflow/.local/lib/python3.12/site-packages/airflow/example_dags/tutorial_dag.py
[2026-06-15T19:35:48.271+0000] {logging_mixin.py:188} INFO - [2026-06-15T19:35:48.270+0000] {dag.py:3089} INFO - Sync 1 DAGs
[2026-06-15T19:35:48.287+0000] {logging_mixin.py:188} INFO - [2026-06-15T19:35:48.287+0000] {dag.py:3947} INFO - Setting next_dagrun for tutorial_dag to None, run_after=None
[2026-06-15T19:35:48.308+0000] {processor.py:183} INFO - Processing /home/airflow/.local/lib/python3.12/site-packages/airflow/example_dags/tutorial_dag.py took 0.083 seconds
[2026-06-15T19:36:18.847+0000] {processor.py:161} INFO - Started process (PID=2839) to work on /home/airflow/.local/lib/python3.12/site-packages/airflow/example_dags/tutorial_dag.py
[2026-06-15T19:36:18.848+0000] {processor.py:830} INFO - Processing file /home/airflow/.local/lib/python3.12/site-packages/airflow/example_dags/tutorial_dag.py for tasks to queue
[2026-06-15T19:36:18.850+0000] {logging_mixin.py:188} INFO - [2026-06-15T19:36:18.850+0000] {dagbag.py:545} INFO - Filling up the DagBag from /home/airflow/.local/lib/python3.12/site-packages/airflow/example_dags/tutorial_dag.py
[2026-06-15T19:36:18.856+0000] {processor.py:840} INFO - DAG(s) 'tutorial_dag' retrieved from /home/airflow/.local/lib/python3.12/site-packages/airflow/example_dags/tutorial_dag.py
[2026-06-15T19:36:18.879+0000] {logging_mixin.py:188} INFO - [2026-06-15T19:36:18.879+0000] {dag.py:3089} INFO - Sync 1 DAGs
[2026-06-15T19:36:18.896+0000] {logging_mixin.py:188} INFO - [2026-06-15T19:36:18.896+0000] {dag.py:3947} INFO - Setting next_dagrun for tutorial_dag to None, run_after=None
[2026-06-15T19:36:18.916+0000] {processor.py:183} INFO - Processing /home/airflow/.local/lib/python3.12/site-packages/airflow/example_dags/tutorial_dag.py took 0.077 seconds
[2026-06-15T19:36:49.092+0000] {processor.py:161} INFO - Started process (PID=2897) to work on /home/airflow/.local/lib/python3.12/site-packages/airflow/example_dags/tutorial_dag.py
[2026-06-15T19:36:49.093+0000] {processor.py:830} INFO - Processing file /home/airflow/.local/lib/python3.12/site-packages/airflow/example_dags/tutorial_dag.py for tasks to queue
[2026-06-15T19:36:49.097+0000] {logging_mixin.py:188} INFO - [2026-06-15T19:36:49.096+0000] {dagbag.py:545} INFO - Filling up the DagBag from /home/airflow/.local/lib/python3.12/site-packages/airflow/example_dags/tutorial_dag.py
[2026-06-15T19:36:49.110+0000] {processor.py:840} INFO - DAG(s) 'tutorial_dag' retrieved from /home/airflow/.local/lib/python3.12/site-packages/airflow/example_dags/tutorial_dag.py
[2026-06-15T19:36:49.162+0000] {logging_mixin.py:188} INFO - [2026-06-15T19:36:49.161+0000] {dag.py:3089} INFO - Sync 1 DAGs
[2026-06-15T19:36:49.216+0000] {logging_mixin.py:188} INFO - [2026-06-15T19:36:49.216+0000] {dag.py:3947} INFO - Setting next_dagrun for tutorial_dag to None, run_after=None
[2026-06-15T19:36:49.269+0000] {processor.py:183} INFO - Processing /home/airflow/.local/lib/python3.12/site-packages/airflow/example_dags/tutorial_dag.py took 0.197 seconds
[2026-06-15T19:37:19.556+0000] {processor.py:161} INFO - Started process (PID=2955) to work on /home/airflow/.local/lib/python3.12/site-packages/airflow/example_dags/tutorial_dag.py
[2026-06-15T19:37:19.557+0000] {processor.py:830} INFO - Processing file /home/airflow/.local/lib/python3.12/site-packages/airflow/example_dags/tutorial_dag.py for tasks to queue
[2026-06-15T19:37:19.559+0000] {logging_mixin.py:188} INFO - [2026-06-15T19:37:19.559+0000] {dagbag.py:545} INFO - Filling up the DagBag from /home/airflow/.local/lib/python3.12/site-packages/airflow/example_dags/tutorial_dag.py
[2026-06-15T19:37:19.566+0000] {processor.py:840} INFO - DAG(s) 'tutorial_dag' retrieved from /home/airflow/.local/lib/python3.12/site-packages/airflow/example_dags/tutorial_dag.py
[2026-06-15T19:37:19.589+0000] {logging_mixin.py:188} INFO - [2026-06-15T19:37:19.589+0000] {dag.py:3089} INFO - Sync 1 DAGs
[2026-06-15T19:37:19.605+0000] {logging_mixin.py:188} INFO - [2026-06-15T19:37:19.605+0000] {dag.py:3947} INFO - Setting next_dagrun for tutorial_dag to None, run_after=None
[2026-06-15T19:37:19.625+0000] {processor.py:183} INFO - Processing /home/airflow/.local/lib/python3.12/site-packages/airflow/example_dags/tutorial_dag.py took 0.076 seconds
[2026-06-15T19:37:50.720+0000] {processor.py:161} INFO - Started process (PID=3012) to work on /home/airflow/.local/lib/python3.12/site-packages/airflow/example_dags/tutorial_dag.py
[2026-06-15T19:37:50.727+0000] {processor.py:830} INFO - Processing file /home/airflow/.local/lib/python3.12/site-packages/airflow/example_dags/tutorial_dag.py for tasks to queue
[2026-06-15T19:37:50.732+0000] {logging_mixin.py:188} INFO - [2026-06-15T19:37:50.732+0000] {dagbag.py:545} INFO - Filling up the DagBag from /home/airflow/.local/lib/python3.12/site-packages/airflow/example_dags/tutorial_dag.py
[2026-06-15T19:37:50.753+0000] {processor.py:840} INFO - DAG(s) 'tutorial_dag' retrieved from /home/airflow/.local/lib/python3.12/site-packages/airflow/example_dags/tutorial_dag.py
[2026-06-15T19:37:50.809+0000] {logging_mixin.py:188} INFO - [2026-06-15T19:37:50.809+0000] {dag.py:3089} INFO - Sync 1 DAGs
[2026-06-15T19:37:50.840+0000] {logging_mixin.py:188} INFO - [2026-06-15T19:37:50.840+0000] {dag.py:3947} INFO - Setting next_dagrun for tutorial_dag to None, run_after=None
[2026-06-15T19:37:50.880+0000] {processor.py:183} INFO - Processing /home/airflow/.local/lib/python3.12/site-packages/airflow/example_dags/tutorial_dag.py took 0.183 seconds
[2026-06-15T19:38:20.953+0000] {processor.py:161} INFO - Started process (PID=3070) to work on /home/airflow/.local/lib/python3.12/site-packages/airflow/example_dags/tutorial_dag.py
[2026-06-15T19:38:20.954+0000] {processor.py:830} INFO - Processing file /home/airflow/.local/lib/python3.12/site-packages/airflow/example_dags/tutorial_dag.py for tasks to queue
[2026-06-15T19:38:20.955+0000] {logging_mixin.py:188} INFO - [2026-06-15T19:38:20.955+0000] {dagbag.py:545} INFO - Filling up the DagBag from /home/airflow/.local/lib/python3.12/site-packages/airflow/example_dags/tutorial_dag.py
[2026-06-15T19:38:20.960+0000] {processor.py:840} INFO - DAG(s) 'tutorial_dag' retrieved from /home/airflow/.local/lib/python3.12/site-packages/airflow/example_dags/tutorial_dag.py
[2026-06-15T19:38:20.978+0000] {logging_mixin.py:188} INFO - [2026-06-15T19:38:20.978+0000] {dag.py:3089} INFO - Sync 1 DAGs
[2026-06-15T19:38:20.989+0000] {logging_mixin.py:188} INFO - [2026-06-15T19:38:20.989+0000] {dag.py:3947} INFO - Setting next_dagrun for tutorial_dag to None, run_after=None
[2026-06-15T19:38:21.009+0000] {processor.py:183} INFO - Processing /home/airflow/.local/lib/python3.12/site-packages/airflow/example_dags/tutorial_dag.py took 0.061 seconds
[2026-06-15T19:38:51.483+0000] {processor.py:161} INFO - Started process (PID=3128) to work on /home/airflow/.local/lib/python3.12/site-packages/airflow/example_dags/tutorial_dag.py
[2026-06-15T19:38:51.484+0000] {processor.py:830} INFO - Processing file /home/airflow/.local/lib/python3.12/site-packages/airflow/example_dags/tutorial_dag.py for tasks to queue
[2026-06-15T19:38:51.486+0000] {logging_mixin.py:188} INFO - [2026-06-15T19:38:51.486+0000] {dagbag.py:545} INFO - Filling up the DagBag from /home/airflow/.local/lib/python3.12/site-packages/airflow/example_dags/tutorial_dag.py
[2026-06-15T19:38:51.492+0000] {processor.py:840} INFO - DAG(s) 'tutorial_dag' retrieved from /home/airflow/.local/lib/python3.12/site-packages/airflow/example_dags/tutorial_dag.py
[2026-06-15T19:38:51.517+0000] {logging_mixin.py:188} INFO - [2026-06-15T19:38:51.517+0000] {dag.py:3089} INFO - Sync 1 DAGs
[2026-06-15T19:38:51.534+0000] {logging_mixin.py:188} INFO - [2026-06-15T19:38:51.534+0000] {dag.py:3947} INFO - Setting next_dagrun for tutorial_dag to None, run_after=None
[2026-06-15T19:38:51.555+0000] {processor.py:183} INFO - Processing /home/airflow/.local/lib/python3.12/site-packages/airflow/example_dags/tutorial_dag.py took 0.079 seconds
[2026-06-15T19:39:22.013+0000] {processor.py:161} INFO - Started process (PID=3186) to work on /home/airflow/.local/lib/python3.12/site-packages/airflow/example_dags/tutorial_dag.py
[2026-06-15T19:39:22.014+0000] {processor.py:830} INFO - Processing file /home/airflow/.local/lib/python3.12/site-packages/airflow/example_dags/tutorial_dag.py for tasks to queue
[2026-06-15T19:39:22.016+0000] {logging_mixin.py:188} INFO - [2026-06-15T19:39:22.015+0000] {dagbag.py:545} INFO - Filling up the DagBag from /home/airflow/.local/lib/python3.12/site-packages/airflow/example_dags/tutorial_dag.py
[2026-06-15T19:39:22.028+0000] {processor.py:840} INFO - DAG(s) 'tutorial_dag' retrieved from /home/airflow/.local/lib/python3.12/site-packages/airflow/example_dags/tutorial_dag.py
[2026-06-15T19:39:22.063+0000] {logging_mixin.py:188} INFO - [2026-06-15T19:39:22.063+0000] {dag.py:3089} INFO - Sync 1 DAGs
[2026-06-15T19:39:22.080+0000] {logging_mixin.py:188} INFO - [2026-06-15T19:39:22.080+0000] {dag.py:3947} INFO - Setting next_dagrun for tutorial_dag to None, run_after=None
[2026-06-15T19:39:22.099+0000] {processor.py:183} INFO - Processing /home/airflow/.local/lib/python3.12/site-packages/airflow/example_dags/tutorial_dag.py took 0.097 seconds
[2026-06-15T19:39:52.382+0000] {processor.py:161} INFO - Started process (PID=3244) to work on /home/airflow/.local/lib/python3.12/site-packages/airflow/example_dags/tutorial_dag.py
[2026-06-15T19:39:52.383+0000] {processor.py:830} INFO - Processing file /home/airflow/.local/lib/python3.12/site-packages/airflow/example_dags/tutorial_dag.py for tasks to queue
[2026-06-15T19:39:52.385+0000] {logging_mixin.py:188} INFO - [2026-06-15T19:39:52.385+0000] {dagbag.py:545} INFO - Filling up the DagBag from /home/airflow/.local/lib/python3.12/site-packages/airflow/example_dags/tutorial_dag.py
[2026-06-15T19:39:52.391+0000] {processor.py:840} INFO - DAG(s) 'tutorial_dag' retrieved from /home/airflow/.local/lib/python3.12/site-packages/airflow/example_dags/tutorial_dag.py
[2026-06-15T19:39:52.414+0000] {logging_mixin.py:188} INFO - [2026-06-15T19:39:52.414+0000] {dag.py:3089} INFO - Sync 1 DAGs
[2026-06-15T19:39:52.431+0000] {logging_mixin.py:188} INFO - [2026-06-15T19:39:52.430+0000] {dag.py:3947} INFO - Setting next_dagrun for tutorial_dag to None, run_after=None
[2026-06-15T19:39:52.450+0000] {processor.py:183} INFO - Processing /home/airflow/.local/lib/python3.12/site-packages/airflow/example_dags/tutorial_dag.py took 0.079 seconds
[2026-06-15T19:40:23.188+0000] {processor.py:161} INFO - Started process (PID=3302) to work on /home/airflow/.local/lib/python3.12/site-packages/airflow/example_dags/tutorial_dag.py
[2026-06-15T19:40:23.189+0000] {processor.py:830} INFO - Processing file /home/airflow/.local/lib/python3.12/site-packages/airflow/example_dags/tutorial_dag.py for tasks to queue
[2026-06-15T19:40:23.191+0000] {logging_mixin.py:188} INFO - [2026-06-15T19:40:23.191+0000] {dagbag.py:545} INFO - Filling up the DagBag from /home/airflow/.local/lib/python3.12/site-packages/airflow/example_dags/tutorial_dag.py
[2026-06-15T19:40:23.198+0000] {processor.py:840} INFO - DAG(s) 'tutorial_dag' retrieved from /home/airflow/.local/lib/python3.12/site-packages/airflow/example_dags/tutorial_dag.py
[2026-06-15T19:40:23.220+0000] {logging_mixin.py:188} INFO - [2026-06-15T19:40:23.220+0000] {dag.py:3089} INFO - Sync 1 DAGs
[2026-06-15T19:40:23.238+0000] {logging_mixin.py:188} INFO - [2026-06-15T19:40:23.238+0000] {dag.py:3947} INFO - Setting next_dagrun for tutorial_dag to None, run_after=None
[2026-06-15T19:40:23.268+0000] {processor.py:183} INFO - Processing /home/airflow/.local/lib/python3.12/site-packages/airflow/example_dags/tutorial_dag.py took 0.087 seconds
[2026-06-15T19:40:53.584+0000] {processor.py:161} INFO - Started process (PID=3360) to work on /home/airflow/.local/lib/python3.12/site-packages/airflow/example_dags/tutorial_dag.py
[2026-06-15T19:40:53.585+0000] {processor.py:830} INFO - Processing file /home/airflow/.local/lib/python3.12/site-packages/airflow/example_dags/tutorial_dag.py for tasks to queue
[2026-06-15T19:40:53.587+0000] {logging_mixin.py:188} INFO - [2026-06-15T19:40:53.586+0000] {dagbag.py:545} INFO - Filling up the DagBag from /home/airflow/.local/lib/python3.12/site-packages/airflow/example_dags/tutorial_dag.py
[2026-06-15T19:40:53.593+0000] {processor.py:840} INFO - DAG(s) 'tutorial_dag' retrieved from /home/airflow/.local/lib/python3.12/site-packages/airflow/example_dags/tutorial_dag.py
[2026-06-15T19:40:53.619+0000] {logging_mixin.py:188} INFO - [2026-06-15T19:40:53.619+0000] {dag.py:3089} INFO - Sync 1 DAGs
[2026-06-15T19:40:53.636+0000] {logging_mixin.py:188} INFO - [2026-06-15T19:40:53.635+0000] {dag.py:3947} INFO - Setting next_dagrun for tutorial_dag to None, run_after=None
[2026-06-15T19:40:53.657+0000] {processor.py:183} INFO - Processing /home/airflow/.local/lib/python3.12/site-packages/airflow/example_dags/tutorial_dag.py took 0.080 seconds
[2026-06-15T19:41:23.927+0000] {processor.py:161} INFO - Started process (PID=3417) to work on /home/airflow/.local/lib/python3.12/site-packages/airflow/example_dags/tutorial_dag.py
[2026-06-15T19:41:23.928+0000] {processor.py:830} INFO - Processing file /home/airflow/.local/lib/python3.12/site-packages/airflow/example_dags/tutorial_dag.py for tasks to queue
[2026-06-15T19:41:23.930+0000] {logging_mixin.py:188} INFO - [2026-06-15T19:41:23.929+0000] {dagbag.py:545} INFO - Filling up the DagBag from /home/airflow/.local/lib/python3.12/site-packages/airflow/example_dags/tutorial_dag.py
[2026-06-15T19:41:23.936+0000] {processor.py:840} INFO - DAG(s) 'tutorial_dag' retrieved from /home/airflow/.local/lib/python3.12/site-packages/airflow/example_dags/tutorial_dag.py
[2026-06-15T19:41:23.958+0000] {logging_mixin.py:188} INFO - [2026-06-15T19:41:23.958+0000] {dag.py:3089} INFO - Sync 1 DAGs
[2026-06-15T19:41:23.974+0000] {logging_mixin.py:188} INFO - [2026-06-15T19:41:23.974+0000] {dag.py:3947} INFO - Setting next_dagrun for tutorial_dag to None, run_after=None
[2026-06-15T19:41:23.999+0000] {processor.py:183} INFO - Processing /home/airflow/.local/lib/python3.12/site-packages/airflow/example_dags/tutorial_dag.py took 0.079 seconds
[2026-06-15T19:41:54.443+0000] {processor.py:161} INFO - Started process (PID=3475) to work on /home/airflow/.local/lib/python3.12/site-packages/airflow/example_dags/tutorial_dag.py
[2026-06-15T19:41:54.444+0000] {processor.py:830} INFO - Processing file /home/airflow/.local/lib/python3.12/site-packages/airflow/example_dags/tutorial_dag.py for tasks to queue
[2026-06-15T19:41:54.446+0000] {logging_mixin.py:188} INFO - [2026-06-15T19:41:54.446+0000] {dagbag.py:545} INFO - Filling up the DagBag from /home/airflow/.local/lib/python3.12/site-packages/airflow/example_dags/tutorial_dag.py
[2026-06-15T19:41:54.452+0000] {processor.py:840} INFO - DAG(s) 'tutorial_dag' retrieved from /home/airflow/.local/lib/python3.12/site-packages/airflow/example_dags/tutorial_dag.py
[2026-06-15T19:41:54.477+0000] {logging_mixin.py:188} INFO - [2026-06-15T19:41:54.476+0000] {dag.py:3089} INFO - Sync 1 DAGs
[2026-06-15T19:41:54.493+0000] {logging_mixin.py:188} INFO - [2026-06-15T19:41:54.493+0000] {dag.py:3947} INFO - Setting next_dagrun for tutorial_dag to None, run_after=None
[2026-06-15T19:41:54.514+0000] {processor.py:183} INFO - Processing /home/airflow/.local/lib/python3.12/site-packages/airflow/example_dags/tutorial_dag.py took 0.078 seconds
[2026-06-15T19:42:24.669+0000] {processor.py:161} INFO - Started process (PID=3533) to work on /home/airflow/.local/lib/python3.12/site-packages/airflow/example_dags/tutorial_dag.py
[2026-06-15T19:42:24.670+0000] {processor.py:830} INFO - Processing file /home/airflow/.local/lib/python3.12/site-packages/airflow/example_dags/tutorial_dag.py for tasks to queue
[2026-06-15T19:42:24.672+0000] {logging_mixin.py:188} INFO - [2026-06-15T19:42:24.671+0000] {dagbag.py:545} INFO - Filling up the DagBag from /home/airflow/.local/lib/python3.12/site-packages/airflow/example_dags/tutorial_dag.py
[2026-06-15T19:42:24.677+0000] {processor.py:840} INFO - DAG(s) 'tutorial_dag' retrieved from /home/airflow/.local/lib/python3.12/site-packages/airflow/example_dags/tutorial_dag.py
[2026-06-15T19:42:24.700+0000] {logging_mixin.py:188} INFO - [2026-06-15T19:42:24.699+0000] {dag.py:3089} INFO - Sync 1 DAGs
[2026-06-15T19:42:24.720+0000] {logging_mixin.py:188} INFO - [2026-06-15T19:42:24.718+0000] {dag.py:3947} INFO - Setting next_dagrun for tutorial_dag to None, run_after=None
[2026-06-15T19:42:24.749+0000] {processor.py:183} INFO - Processing /home/airflow/.local/lib/python3.12/site-packages/airflow/example_dags/tutorial_dag.py took 0.091 seconds
[2026-06-15T19:42:55.054+0000] {processor.py:161} INFO - Started process (PID=3591) to work on /home/airflow/.local/lib/python3.12/site-packages/airflow/example_dags/tutorial_dag.py
[2026-06-15T19:42:55.055+0000] {processor.py:830} INFO - Processing file /home/airflow/.local/lib/python3.12/site-packages/airflow/example_dags/tutorial_dag.py for tasks to queue
[2026-06-15T19:42:55.057+0000] {logging_mixin.py:188} INFO - [2026-06-15T19:42:55.057+0000] {dagbag.py:545} INFO - Filling up the DagBag from /home/airflow/.local/lib/python3.12/site-packages/airflow/example_dags/tutorial_dag.py
[2026-06-15T19:42:55.063+0000] {processor.py:840} INFO - DAG(s) 'tutorial_dag' retrieved from /home/airflow/.local/lib/python3.12/site-packages/airflow/example_dags/tutorial_dag.py
[2026-06-15T19:42:55.088+0000] {logging_mixin.py:188} INFO - [2026-06-15T19:42:55.087+0000] {dag.py:3089} INFO - Sync 1 DAGs
[2026-06-15T19:42:55.107+0000] {logging_mixin.py:188} INFO - [2026-06-15T19:42:55.107+0000] {dag.py:3947} INFO - Setting next_dagrun for tutorial_dag to None, run_after=None
[2026-06-15T19:42:55.127+0000] {processor.py:183} INFO - Processing /home/airflow/.local/lib/python3.12/site-packages/airflow/example_dags/tutorial_dag.py took 0.083 seconds
[2026-06-15T19:43:25.321+0000] {processor.py:161} INFO - Started process (PID=3649) to work on /home/airflow/.local/lib/python3.12/site-packages/airflow/example_dags/tutorial_dag.py
[2026-06-15T19:43:25.326+0000] {processor.py:830} INFO - Processing file /home/airflow/.local/lib/python3.12/site-packages/airflow/example_dags/tutorial_dag.py for tasks to queue
[2026-06-15T19:43:25.331+0000] {logging_mixin.py:188} INFO - [2026-06-15T19:43:25.331+0000] {dagbag.py:545} INFO - Filling up the DagBag from /home/airflow/.local/lib/python3.12/site-packages/airflow/example_dags/tutorial_dag.py
[2026-06-15T19:43:25.350+0000] {processor.py:840} INFO - DAG(s) 'tutorial_dag' retrieved from /home/airflow/.local/lib/python3.12/site-packages/airflow/example_dags/tutorial_dag.py
[2026-06-15T19:43:25.412+0000] {logging_mixin.py:188} INFO - [2026-06-15T19:43:25.412+0000] {dag.py:3089} INFO - Sync 1 DAGs
[2026-06-15T19:43:25.469+0000] {logging_mixin.py:188} INFO - [2026-06-15T19:43:25.469+0000] {dag.py:3947} INFO - Setting next_dagrun for tutorial_dag to None, run_after=None
[2026-06-15T19:43:25.524+0000] {processor.py:183} INFO - Processing /home/airflow/.local/lib/python3.12/site-packages/airflow/example_dags/tutorial_dag.py took 0.228 seconds
[2026-06-15T19:43:55.913+0000] {processor.py:161} INFO - Started process (PID=3707) to work on /home/airflow/.local/lib/python3.12/site-packages/airflow/example_dags/tutorial_dag.py
[2026-06-15T19:43:55.914+0000] {processor.py:830} INFO - Processing file /home/airflow/.local/lib/python3.12/site-packages/airflow/example_dags/tutorial_dag.py for tasks to queue
[2026-06-15T19:43:55.916+0000] {logging_mixin.py:188} INFO - [2026-06-15T19:43:55.915+0000] {dagbag.py:545} INFO - Filling up the DagBag from /home/airflow/.local/lib/python3.12/site-packages/airflow/example_dags/tutorial_dag.py
[2026-06-15T19:43:55.921+0000] {processor.py:840} INFO - DAG(s) 'tutorial_dag' retrieved from /home/airflow/.local/lib/python3.12/site-packages/airflow/example_dags/tutorial_dag.py
[2026-06-15T19:43:55.943+0000] {logging_mixin.py:188} INFO - [2026-06-15T19:43:55.943+0000] {dag.py:3089} INFO - Sync 1 DAGs
[2026-06-15T19:43:55.959+0000] {logging_mixin.py:188} INFO - [2026-06-15T19:43:55.958+0000] {dag.py:3947} INFO - Setting next_dagrun for tutorial_dag to None, run_after=None
[2026-06-15T19:43:55.979+0000] {processor.py:183} INFO - Processing /home/airflow/.local/lib/python3.12/site-packages/airflow/example_dags/tutorial_dag.py took 0.074 seconds
