[2026-06-17T01:57:38.424+0000] {local_task_job_runner.py:120} INFO - ::group::Pre task execution logs
[2026-06-17T01:57:38.543+0000] {taskinstance.py:2076} INFO - Dependencies all met for dep_context=non-requeueable deps ti=<TaskInstance: example_bash_operator.also_run_this scheduled__2026-06-16T00:00:00+00:00 [queued]>
[2026-06-17T01:57:38.643+0000] {taskinstance.py:2076} INFO - Dependencies all met for dep_context=requeueable deps ti=<TaskInstance: example_bash_operator.also_run_this scheduled__2026-06-16T00:00:00+00:00 [queued]>
[2026-06-17T01:57:38.645+0000] {taskinstance.py:2306} INFO - Starting attempt 1 of 1
[2026-06-17T01:57:38.768+0000] {taskinstance.py:2330} INFO - Executing <Task(BashOperator): also_run_this> on 2026-06-16 00:00:00+00:00
[2026-06-17T01:57:38.835+0000] {warnings.py:112} WARNING - /home/***/.local/lib/python3.12/site-packages/***/task/task_runner/standard_task_runner.py:62: DeprecationWarning: This process (pid=66) is multi-threaded, use of fork() may lead to deadlocks in the child.
  pid = os.fork()

[2026-06-17T01:57:38.849+0000] {standard_task_runner.py:64} INFO - Started process 80 to run task
[2026-06-17T01:57:38.850+0000] {standard_task_runner.py:90} INFO - Running: ['***', 'tasks', 'run', 'example_bash_operator', 'also_run_this', 'scheduled__2026-06-16T00:00:00+00:00', '--job-id', '31', '--raw', '--subdir', '/home/***/.local/lib/python3.12/site-packages/***/example_dags/example_bash_operator.py', '--cfg-path', '/tmp/tmpfod0uyj0']
[2026-06-17T01:57:38.869+0000] {standard_task_runner.py:91} INFO - Job 31: Subtask also_run_this
[2026-06-17T01:57:39.172+0000] {task_command.py:426} INFO - Running <TaskInstance: example_bash_operator.also_run_this scheduled__2026-06-16T00:00:00+00:00 [running]> on host b23cd512edf1
[2026-06-17T01:57:39.982+0000] {taskinstance.py:2648} INFO - Exporting env vars: AIRFLOW_CTX_DAG_OWNER='***' AIRFLOW_CTX_DAG_ID='example_bash_operator' AIRFLOW_CTX_TASK_ID='also_run_this' AIRFLOW_CTX_EXECUTION_DATE='2026-06-16T00:00:00+00:00' AIRFLOW_CTX_TRY_NUMBER='1' AIRFLOW_CTX_DAG_RUN_ID='scheduled__2026-06-16T00:00:00+00:00'
[2026-06-17T01:57:39.999+0000] {taskinstance.py:430} INFO - ::endgroup::
[2026-06-17T01:57:40.004+0000] {subprocess.py:63} INFO - Tmp dir root location: /tmp
[2026-06-17T01:57:40.011+0000] {subprocess.py:75} INFO - Running command: ['/usr/bin/bash', '-c', 'echo "ti_key=example_bash_operator__also_run_this__20260616"']
[2026-06-17T01:57:40.175+0000] {subprocess.py:86} INFO - Output:
[2026-06-17T01:57:40.186+0000] {subprocess.py:93} INFO - ti_key=example_bash_operator__also_run_this__20260616
[2026-06-17T01:57:40.190+0000] {subprocess.py:97} INFO - Command exited with return code 0
[2026-06-17T01:57:40.192+0000] {taskinstance.py:441} INFO - ::group::Post task execution logs
[2026-06-17T01:57:40.323+0000] {taskinstance.py:1206} INFO - Marking task as SUCCESS. dag_id=example_bash_operator, task_id=also_run_this, run_id=scheduled__2026-06-16T00:00:00+00:00, execution_date=20260616T000000, start_date=20260617T015738, end_date=20260617T015740
[2026-06-17T01:57:40.455+0000] {local_task_job_runner.py:243} INFO - Task exited with return code 0
[2026-06-17T01:57:40.668+0000] {taskinstance.py:3503} INFO - 0 downstream tasks scheduled from follow-on schedule check
[2026-06-17T01:57:40.680+0000] {local_task_job_runner.py:222} INFO - ::endgroup::
